2024-05-29 09:11:15,504 - elsapy.elsclient - INFO - Module loaded.
2024-05-29 09:11:15,506 - elsapy.elsentity - INFO - Module loaded.
2024-05-29 09:11:15,507 - elsapy.utils - INFO - Module loaded.
2024-05-29 09:11:15,507 - elsapy.elsprofile - INFO - Module loaded.
2024-05-29 09:11:15,508 - elsapy.elsdoc - INFO - Module loaded.
2024-05-29 09:11:15,509 - elsapy.elssearch - INFO - Module loaded.
2024-05-29 11:17:00,817 - elsapy.elsclient - INFO - Module loaded.
2024-05-29 11:17:00,819 - elsapy.elsentity - INFO - Module loaded.
2024-05-29 11:17:00,820 - elsapy.utils - INFO - Module loaded.
2024-05-29 11:17:00,820 - elsapy.elsprofile - INFO - Module loaded.
2024-05-29 11:17:00,821 - elsapy.elsdoc - INFO - Module loaded.
2024-05-29 11:17:00,823 - elsapy.elssearch - INFO - Module loaded.
2024-05-29 11:36:01,478 - elsapy.elsclient - INFO - Module loaded.
2024-05-29 11:36:01,480 - elsapy.elsentity - INFO - Module loaded.
2024-05-29 11:36:01,480 - elsapy.utils - INFO - Module loaded.
2024-05-29 11:36:01,481 - elsapy.elsprofile - INFO - Module loaded.
2024-05-29 11:36:01,482 - elsapy.elsdoc - INFO - Module loaded.
2024-05-29 11:36:01,483 - elsapy.elssearch - INFO - Module loaded.
2024-05-29 13:50:24,041 - elsapy.elsclient - INFO - Module loaded.
2024-05-29 13:50:24,043 - elsapy.elsentity - INFO - Module loaded.
2024-05-29 13:50:24,044 - elsapy.utils - INFO - Module loaded.
2024-05-29 13:50:24,045 - elsapy.elsprofile - INFO - Module loaded.
2024-05-29 13:50:24,046 - elsapy.elsdoc - INFO - Module loaded.
2024-05-29 13:50:24,047 - elsapy.elssearch - INFO - Module loaded.
2024-05-29 16:15:25,631 - elsapy.elsclient - INFO - Module loaded.
2024-05-29 16:15:25,633 - elsapy.elsentity - INFO - Module loaded.
2024-05-29 16:15:25,634 - elsapy.utils - INFO - Module loaded.
2024-05-29 16:15:25,634 - elsapy.elsprofile - INFO - Module loaded.
2024-05-29 16:15:25,635 - elsapy.elsdoc - INFO - Module loaded.
2024-05-29 16:15:25,637 - elsapy.elssearch - INFO - Module loaded.
2024-05-29 16:28:49,448 - elsapy.elsclient - INFO - Module loaded.
2024-05-29 16:28:49,449 - elsapy.elsentity - INFO - Module loaded.
2024-05-29 16:28:49,450 - elsapy.utils - INFO - Module loaded.
2024-05-29 16:28:49,451 - elsapy.elsprofile - INFO - Module loaded.
2024-05-29 16:28:49,452 - elsapy.elsdoc - INFO - Module loaded.
2024-05-29 16:28:49,453 - elsapy.elssearch - INFO - Module loaded.
2024-05-29 17:08:44,320 - elsapy.elsclient - INFO - Module loaded.
2024-05-29 17:08:44,322 - elsapy.elsentity - INFO - Module loaded.
2024-05-29 17:08:44,323 - elsapy.utils - INFO - Module loaded.
2024-05-29 17:08:44,323 - elsapy.elsprofile - INFO - Module loaded.
2024-05-29 17:08:44,324 - elsapy.elsdoc - INFO - Module loaded.
2024-05-29 17:08:44,325 - elsapy.elssearch - INFO - Module loaded.
2024-05-29 17:28:43,642 - elsapy.elsclient - INFO - Module loaded.
2024-05-29 17:28:43,643 - elsapy.elsentity - INFO - Module loaded.
2024-05-29 17:28:43,644 - elsapy.utils - INFO - Module loaded.
2024-05-29 17:28:43,645 - elsapy.elsprofile - INFO - Module loaded.
2024-05-29 17:28:43,646 - elsapy.elsdoc - INFO - Module loaded.
2024-05-29 17:28:43,647 - elsapy.elssearch - INFO - Module loaded.
2024-05-29 18:26:02,792 - elsapy.elsclient - INFO - Module loaded.
2024-05-29 18:26:02,794 - elsapy.elsentity - INFO - Module loaded.
2024-05-29 18:26:02,795 - elsapy.utils - INFO - Module loaded.
2024-05-29 18:26:02,795 - elsapy.elsprofile - INFO - Module loaded.
2024-05-29 18:26:02,796 - elsapy.elsdoc - INFO - Module loaded.
2024-05-29 18:26:02,797 - elsapy.elssearch - INFO - Module loaded.
2024-05-29 18:26:58,353 - elsapy.elsclient - INFO - Module loaded.
2024-05-29 18:26:58,355 - elsapy.elsentity - INFO - Module loaded.
2024-05-29 18:26:58,355 - elsapy.utils - INFO - Module loaded.
2024-05-29 18:26:58,355 - elsapy.elsprofile - INFO - Module loaded.
2024-05-29 18:26:58,356 - elsapy.elsdoc - INFO - Module loaded.
2024-05-29 18:26:58,357 - elsapy.elssearch - INFO - Module loaded.
2024-05-29 22:21:49,788 - elsapy.elsclient - INFO - Module loaded.
2024-05-29 22:21:49,789 - elsapy.elsentity - INFO - Module loaded.
2024-05-29 22:21:49,790 - elsapy.utils - INFO - Module loaded.
2024-05-29 22:21:49,790 - elsapy.elsprofile - INFO - Module loaded.
2024-05-29 22:21:49,790 - elsapy.elsdoc - INFO - Module loaded.
2024-05-29 22:21:49,791 - elsapy.elssearch - INFO - Module loaded.
2024-05-29 22:22:00,367 - elsapy.elsclient - INFO - Module loaded.
2024-05-29 22:22:00,368 - elsapy.elsentity - INFO - Module loaded.
2024-05-29 22:22:00,368 - elsapy.utils - INFO - Module loaded.
2024-05-29 22:22:00,369 - elsapy.elsprofile - INFO - Module loaded.
2024-05-29 22:22:00,369 - elsapy.elsdoc - INFO - Module loaded.
2024-05-29 22:22:00,370 - elsapy.elssearch - INFO - Module loaded.
