2024-08-09 10:14:29,143 - elsapy.elsclient - INFO - Module loaded.
2024-08-09 10:14:29,145 - elsapy.elsentity - INFO - Module loaded.
2024-08-09 10:14:29,146 - elsapy.utils - INFO - Module loaded.
2024-08-09 10:14:29,147 - elsapy.elsprofile - INFO - Module loaded.
2024-08-09 10:14:29,148 - elsapy.elsdoc - INFO - Module loaded.
2024-08-09 10:14:29,149 - elsapy.elssearch - INFO - Module loaded.
2024-08-09 10:16:02,500 - elsapy.elsclient - INFO - Module loaded.
2024-08-09 10:16:02,502 - elsapy.elsentity - INFO - Module loaded.
2024-08-09 10:16:02,503 - elsapy.utils - INFO - Module loaded.
2024-08-09 10:16:02,504 - elsapy.elsprofile - INFO - Module loaded.
2024-08-09 10:16:02,505 - elsapy.elsdoc - INFO - Module loaded.
2024-08-09 10:16:02,507 - elsapy.elssearch - INFO - Module loaded.
2024-08-09 10:26:48,482 - elsapy.elsclient - INFO - Module loaded.
2024-08-09 10:26:48,483 - elsapy.elsentity - INFO - Module loaded.
2024-08-09 10:26:48,484 - elsapy.utils - INFO - Module loaded.
2024-08-09 10:26:48,485 - elsapy.elsprofile - INFO - Module loaded.
2024-08-09 10:26:48,486 - elsapy.elsdoc - INFO - Module loaded.
2024-08-09 10:26:48,487 - elsapy.elssearch - INFO - Module loaded.
2024-08-09 12:30:36,379 - elsapy.elsclient - INFO - Module loaded.
2024-08-09 12:30:36,380 - elsapy.elsentity - INFO - Module loaded.
2024-08-09 12:30:36,381 - elsapy.utils - INFO - Module loaded.
2024-08-09 12:30:36,382 - elsapy.elsprofile - INFO - Module loaded.
2024-08-09 12:30:36,383 - elsapy.elsdoc - INFO - Module loaded.
2024-08-09 12:30:36,384 - elsapy.elssearch - INFO - Module loaded.
2024-08-09 13:39:11,721 - elsapy.elsclient - INFO - Module loaded.
2024-08-09 13:39:11,723 - elsapy.elsentity - INFO - Module loaded.
2024-08-09 13:39:11,724 - elsapy.utils - INFO - Module loaded.
2024-08-09 13:39:11,724 - elsapy.elsprofile - INFO - Module loaded.
2024-08-09 13:39:11,725 - elsapy.elsdoc - INFO - Module loaded.
2024-08-09 13:39:11,726 - elsapy.elssearch - INFO - Module loaded.
2024-08-09 14:23:54,433 - elsapy.elsclient - INFO - Module loaded.
2024-08-09 14:23:54,435 - elsapy.elsentity - INFO - Module loaded.
2024-08-09 14:23:54,436 - elsapy.utils - INFO - Module loaded.
2024-08-09 14:23:54,436 - elsapy.elsprofile - INFO - Module loaded.
2024-08-09 14:23:54,437 - elsapy.elsdoc - INFO - Module loaded.
2024-08-09 14:23:54,438 - elsapy.elssearch - INFO - Module loaded.
