2024-09-12 08:26:50,702 - elsapy.elsclient - INFO - Module loaded.
2024-09-12 08:26:50,703 - elsapy.elsentity - INFO - Module loaded.
2024-09-12 08:26:50,704 - elsapy.utils - INFO - Module loaded.
2024-09-12 08:26:50,704 - elsapy.elsprofile - INFO - Module loaded.
2024-09-12 08:26:50,705 - elsapy.elsdoc - INFO - Module loaded.
2024-09-12 08:26:50,706 - elsapy.elssearch - INFO - Module loaded.
2024-09-12 08:28:18,595 - elsapy.elsclient - INFO - Module loaded.
2024-09-12 08:28:18,597 - elsapy.elsentity - INFO - Module loaded.
2024-09-12 08:28:18,597 - elsapy.utils - INFO - Module loaded.
2024-09-12 08:28:18,598 - elsapy.elsprofile - INFO - Module loaded.
2024-09-12 08:28:18,598 - elsapy.elsdoc - INFO - Module loaded.
2024-09-12 08:28:18,600 - elsapy.elssearch - INFO - Module loaded.
2024-09-12 08:29:27,562 - elsapy.elsclient - INFO - Module loaded.
2024-09-12 08:29:27,563 - elsapy.elsentity - INFO - Module loaded.
2024-09-12 08:29:27,564 - elsapy.utils - INFO - Module loaded.
2024-09-12 08:29:27,564 - elsapy.elsprofile - INFO - Module loaded.
2024-09-12 08:29:27,565 - elsapy.elsdoc - INFO - Module loaded.
2024-09-12 08:29:27,566 - elsapy.elssearch - INFO - Module loaded.
2024-09-12 08:30:03,453 - elsapy.elsclient - INFO - Module loaded.
2024-09-12 08:30:03,455 - elsapy.elsentity - INFO - Module loaded.
2024-09-12 08:30:03,455 - elsapy.utils - INFO - Module loaded.
2024-09-12 08:30:03,456 - elsapy.elsprofile - INFO - Module loaded.
2024-09-12 08:30:03,456 - elsapy.elsdoc - INFO - Module loaded.
2024-09-12 08:30:03,457 - elsapy.elssearch - INFO - Module loaded.
2024-09-12 08:30:46,852 - elsapy.elsclient - INFO - Module loaded.
2024-09-12 08:30:46,853 - elsapy.elsentity - INFO - Module loaded.
2024-09-12 08:30:46,854 - elsapy.utils - INFO - Module loaded.
2024-09-12 08:30:46,854 - elsapy.elsprofile - INFO - Module loaded.
2024-09-12 08:30:46,855 - elsapy.elsdoc - INFO - Module loaded.
2024-09-12 08:30:46,856 - elsapy.elssearch - INFO - Module loaded.
2024-09-12 08:31:25,261 - elsapy.elsclient - INFO - Module loaded.
2024-09-12 08:31:25,262 - elsapy.elsentity - INFO - Module loaded.
2024-09-12 08:31:25,263 - elsapy.utils - INFO - Module loaded.
2024-09-12 08:31:25,263 - elsapy.elsprofile - INFO - Module loaded.
2024-09-12 08:31:25,264 - elsapy.elsdoc - INFO - Module loaded.
2024-09-12 08:31:25,265 - elsapy.elssearch - INFO - Module loaded.
2024-09-12 08:32:02,640 - elsapy.elsclient - INFO - Module loaded.
2024-09-12 08:32:02,641 - elsapy.elsentity - INFO - Module loaded.
2024-09-12 08:32:02,641 - elsapy.utils - INFO - Module loaded.
2024-09-12 08:32:02,642 - elsapy.elsprofile - INFO - Module loaded.
2024-09-12 08:32:02,643 - elsapy.elsdoc - INFO - Module loaded.
2024-09-12 08:32:02,643 - elsapy.elssearch - INFO - Module loaded.
2024-09-12 08:34:06,122 - elsapy.elsclient - INFO - Module loaded.
2024-09-12 08:34:06,123 - elsapy.elsentity - INFO - Module loaded.
2024-09-12 08:34:06,124 - elsapy.utils - INFO - Module loaded.
2024-09-12 08:34:06,124 - elsapy.elsprofile - INFO - Module loaded.
2024-09-12 08:34:06,125 - elsapy.elsdoc - INFO - Module loaded.
2024-09-12 08:34:06,126 - elsapy.elssearch - INFO - Module loaded.
2024-09-12 08:35:10,013 - elsapy.elsclient - INFO - Module loaded.
2024-09-12 08:35:10,014 - elsapy.elsentity - INFO - Module loaded.
2024-09-12 08:35:10,015 - elsapy.utils - INFO - Module loaded.
2024-09-12 08:35:10,015 - elsapy.elsprofile - INFO - Module loaded.
2024-09-12 08:35:10,016 - elsapy.elsdoc - INFO - Module loaded.
2024-09-12 08:35:10,017 - elsapy.elssearch - INFO - Module loaded.
2024-09-12 08:36:20,490 - elsapy.elsclient - INFO - Module loaded.
2024-09-12 08:36:20,491 - elsapy.elsentity - INFO - Module loaded.
2024-09-12 08:36:20,492 - elsapy.utils - INFO - Module loaded.
2024-09-12 08:36:20,492 - elsapy.elsprofile - INFO - Module loaded.
2024-09-12 08:36:20,493 - elsapy.elsdoc - INFO - Module loaded.
2024-09-12 08:36:20,494 - elsapy.elssearch - INFO - Module loaded.
2024-09-12 08:45:38,240 - elsapy.elsclient - INFO - Module loaded.
2024-09-12 08:45:38,241 - elsapy.elsentity - INFO - Module loaded.
2024-09-12 08:45:38,242 - elsapy.utils - INFO - Module loaded.
2024-09-12 08:45:38,242 - elsapy.elsprofile - INFO - Module loaded.
2024-09-12 08:45:38,243 - elsapy.elsdoc - INFO - Module loaded.
2024-09-12 08:45:38,243 - elsapy.elssearch - INFO - Module loaded.
2024-09-12 08:46:05,464 - elsapy.elsclient - INFO - Module loaded.
2024-09-12 08:46:05,465 - elsapy.elsentity - INFO - Module loaded.
2024-09-12 08:46:05,465 - elsapy.utils - INFO - Module loaded.
2024-09-12 08:46:05,466 - elsapy.elsprofile - INFO - Module loaded.
2024-09-12 08:46:05,466 - elsapy.elsdoc - INFO - Module loaded.
2024-09-12 08:46:05,467 - elsapy.elssearch - INFO - Module loaded.
2024-09-12 08:48:11,874 - elsapy.elsclient - INFO - Module loaded.
2024-09-12 08:48:11,875 - elsapy.elsentity - INFO - Module loaded.
2024-09-12 08:48:11,876 - elsapy.utils - INFO - Module loaded.
2024-09-12 08:48:11,876 - elsapy.elsprofile - INFO - Module loaded.
2024-09-12 08:48:11,877 - elsapy.elsdoc - INFO - Module loaded.
2024-09-12 08:48:11,878 - elsapy.elssearch - INFO - Module loaded.
2024-09-12 08:49:37,716 - elsapy.elsclient - INFO - Module loaded.
2024-09-12 08:49:37,717 - elsapy.elsentity - INFO - Module loaded.
2024-09-12 08:49:37,717 - elsapy.utils - INFO - Module loaded.
2024-09-12 08:49:37,718 - elsapy.elsprofile - INFO - Module loaded.
2024-09-12 08:49:37,719 - elsapy.elsdoc - INFO - Module loaded.
2024-09-12 08:49:37,719 - elsapy.elssearch - INFO - Module loaded.
2024-09-12 08:53:09,713 - elsapy.elsclient - INFO - Module loaded.
2024-09-12 08:53:09,715 - elsapy.elsentity - INFO - Module loaded.
2024-09-12 08:53:09,715 - elsapy.utils - INFO - Module loaded.
2024-09-12 08:53:09,716 - elsapy.elsprofile - INFO - Module loaded.
2024-09-12 08:53:09,716 - elsapy.elsdoc - INFO - Module loaded.
2024-09-12 08:53:09,717 - elsapy.elssearch - INFO - Module loaded.
2024-09-12 08:53:31,286 - elsapy.elsclient - INFO - Module loaded.
2024-09-12 08:53:31,287 - elsapy.elsentity - INFO - Module loaded.
2024-09-12 08:53:31,288 - elsapy.utils - INFO - Module loaded.
2024-09-12 08:53:31,288 - elsapy.elsprofile - INFO - Module loaded.
2024-09-12 08:53:31,289 - elsapy.elsdoc - INFO - Module loaded.
2024-09-12 08:53:31,289 - elsapy.elssearch - INFO - Module loaded.
2024-09-12 09:02:44,241 - elsapy.elsclient - INFO - Module loaded.
2024-09-12 09:02:44,242 - elsapy.elsentity - INFO - Module loaded.
2024-09-12 09:02:44,242 - elsapy.utils - INFO - Module loaded.
2024-09-12 09:02:44,243 - elsapy.elsprofile - INFO - Module loaded.
2024-09-12 09:02:44,243 - elsapy.elsdoc - INFO - Module loaded.
2024-09-12 09:02:44,244 - elsapy.elssearch - INFO - Module loaded.
2024-09-12 09:17:07,314 - elsapy.elsclient - INFO - Module loaded.
2024-09-12 09:17:07,315 - elsapy.elsentity - INFO - Module loaded.
2024-09-12 09:17:07,316 - elsapy.utils - INFO - Module loaded.
2024-09-12 09:17:07,316 - elsapy.elsprofile - INFO - Module loaded.
2024-09-12 09:17:07,317 - elsapy.elsdoc - INFO - Module loaded.
2024-09-12 09:17:07,318 - elsapy.elssearch - INFO - Module loaded.
2024-09-12 09:18:30,306 - elsapy.elsclient - INFO - Module loaded.
2024-09-12 09:18:30,307 - elsapy.elsentity - INFO - Module loaded.
2024-09-12 09:18:30,308 - elsapy.utils - INFO - Module loaded.
2024-09-12 09:18:30,308 - elsapy.elsprofile - INFO - Module loaded.
2024-09-12 09:18:30,309 - elsapy.elsdoc - INFO - Module loaded.
2024-09-12 09:18:30,310 - elsapy.elssearch - INFO - Module loaded.
2024-09-12 11:25:46,303 - elsapy.elsclient - INFO - Module loaded.
2024-09-12 11:25:46,305 - elsapy.elsentity - INFO - Module loaded.
2024-09-12 11:25:46,305 - elsapy.utils - INFO - Module loaded.
2024-09-12 11:25:46,306 - elsapy.elsprofile - INFO - Module loaded.
2024-09-12 11:25:46,306 - elsapy.elsdoc - INFO - Module loaded.
2024-09-12 11:25:46,307 - elsapy.elssearch - INFO - Module loaded.
2024-09-12 11:28:06,137 - elsapy.elsclient - INFO - Module loaded.
2024-09-12 11:28:06,138 - elsapy.elsentity - INFO - Module loaded.
2024-09-12 11:28:06,139 - elsapy.utils - INFO - Module loaded.
2024-09-12 11:28:06,139 - elsapy.elsprofile - INFO - Module loaded.
2024-09-12 11:28:06,140 - elsapy.elsdoc - INFO - Module loaded.
2024-09-12 11:28:06,140 - elsapy.elssearch - INFO - Module loaded.
2024-09-12 11:28:31,686 - elsapy.elsclient - INFO - Module loaded.
2024-09-12 11:28:31,687 - elsapy.elsentity - INFO - Module loaded.
2024-09-12 11:28:31,688 - elsapy.utils - INFO - Module loaded.
2024-09-12 11:28:31,688 - elsapy.elsprofile - INFO - Module loaded.
2024-09-12 11:28:31,689 - elsapy.elsdoc - INFO - Module loaded.
2024-09-12 11:28:31,689 - elsapy.elssearch - INFO - Module loaded.
2024-09-12 11:30:02,067 - elsapy.elsclient - INFO - Module loaded.
2024-09-12 11:30:02,068 - elsapy.elsentity - INFO - Module loaded.
2024-09-12 11:30:02,069 - elsapy.utils - INFO - Module loaded.
2024-09-12 11:30:02,069 - elsapy.elsprofile - INFO - Module loaded.
2024-09-12 11:30:02,070 - elsapy.elsdoc - INFO - Module loaded.
2024-09-12 11:30:02,071 - elsapy.elssearch - INFO - Module loaded.
2024-09-12 11:30:42,445 - elsapy.elsclient - INFO - Module loaded.
2024-09-12 11:30:42,446 - elsapy.elsentity - INFO - Module loaded.
2024-09-12 11:30:42,447 - elsapy.utils - INFO - Module loaded.
2024-09-12 11:30:42,447 - elsapy.elsprofile - INFO - Module loaded.
2024-09-12 11:30:42,448 - elsapy.elsdoc - INFO - Module loaded.
2024-09-12 11:30:42,449 - elsapy.elssearch - INFO - Module loaded.
2024-09-12 11:33:04,831 - elsapy.elsclient - INFO - Module loaded.
2024-09-12 11:33:04,832 - elsapy.elsentity - INFO - Module loaded.
2024-09-12 11:33:04,833 - elsapy.utils - INFO - Module loaded.
2024-09-12 11:33:04,833 - elsapy.elsprofile - INFO - Module loaded.
2024-09-12 11:33:04,834 - elsapy.elsdoc - INFO - Module loaded.
2024-09-12 11:33:04,834 - elsapy.elssearch - INFO - Module loaded.
2024-09-12 11:35:49,830 - elsapy.elsclient - INFO - Module loaded.
2024-09-12 11:35:49,831 - elsapy.elsentity - INFO - Module loaded.
2024-09-12 11:35:49,832 - elsapy.utils - INFO - Module loaded.
2024-09-12 11:35:49,832 - elsapy.elsprofile - INFO - Module loaded.
2024-09-12 11:35:49,833 - elsapy.elsdoc - INFO - Module loaded.
2024-09-12 11:35:49,833 - elsapy.elssearch - INFO - Module loaded.
2024-09-12 11:43:23,042 - elsapy.elsclient - INFO - Module loaded.
2024-09-12 11:43:23,043 - elsapy.elsentity - INFO - Module loaded.
2024-09-12 11:43:23,044 - elsapy.utils - INFO - Module loaded.
2024-09-12 11:43:23,044 - elsapy.elsprofile - INFO - Module loaded.
2024-09-12 11:43:23,045 - elsapy.elsdoc - INFO - Module loaded.
2024-09-12 11:43:23,046 - elsapy.elssearch - INFO - Module loaded.
2024-09-12 11:44:29,390 - elsapy.elsclient - INFO - Module loaded.
2024-09-12 11:44:29,391 - elsapy.elsentity - INFO - Module loaded.
2024-09-12 11:44:29,392 - elsapy.utils - INFO - Module loaded.
2024-09-12 11:44:29,392 - elsapy.elsprofile - INFO - Module loaded.
2024-09-12 11:44:29,393 - elsapy.elsdoc - INFO - Module loaded.
2024-09-12 11:44:29,394 - elsapy.elssearch - INFO - Module loaded.
2024-09-12 12:11:58,989 - elsapy.elsclient - INFO - Module loaded.
2024-09-12 12:11:58,991 - elsapy.elsentity - INFO - Module loaded.
2024-09-12 12:11:58,991 - elsapy.utils - INFO - Module loaded.
2024-09-12 12:11:58,992 - elsapy.elsprofile - INFO - Module loaded.
2024-09-12 12:11:58,992 - elsapy.elsdoc - INFO - Module loaded.
2024-09-12 12:11:58,993 - elsapy.elssearch - INFO - Module loaded.
2024-09-12 12:12:34,444 - elsapy.elsclient - INFO - Module loaded.
2024-09-12 12:12:34,446 - elsapy.elsentity - INFO - Module loaded.
2024-09-12 12:12:34,446 - elsapy.utils - INFO - Module loaded.
2024-09-12 12:12:34,447 - elsapy.elsprofile - INFO - Module loaded.
2024-09-12 12:12:34,447 - elsapy.elsdoc - INFO - Module loaded.
2024-09-12 12:12:34,448 - elsapy.elssearch - INFO - Module loaded.
2024-09-12 12:13:08,464 - elsapy.elsclient - INFO - Module loaded.
2024-09-12 12:13:08,465 - elsapy.elsentity - INFO - Module loaded.
2024-09-12 12:13:08,466 - elsapy.utils - INFO - Module loaded.
2024-09-12 12:13:08,466 - elsapy.elsprofile - INFO - Module loaded.
2024-09-12 12:13:08,467 - elsapy.elsdoc - INFO - Module loaded.
2024-09-12 12:13:08,467 - elsapy.elssearch - INFO - Module loaded.
2024-09-12 12:21:46,395 - elsapy.elsclient - INFO - Module loaded.
2024-09-12 12:21:46,396 - elsapy.elsentity - INFO - Module loaded.
2024-09-12 12:21:46,397 - elsapy.utils - INFO - Module loaded.
2024-09-12 12:21:46,397 - elsapy.elsprofile - INFO - Module loaded.
2024-09-12 12:21:46,398 - elsapy.elsdoc - INFO - Module loaded.
2024-09-12 12:21:46,399 - elsapy.elssearch - INFO - Module loaded.
2024-09-12 12:25:21,575 - elsapy.elsclient - INFO - Module loaded.
2024-09-12 12:25:21,576 - elsapy.elsentity - INFO - Module loaded.
2024-09-12 12:25:21,577 - elsapy.utils - INFO - Module loaded.
2024-09-12 12:25:21,577 - elsapy.elsprofile - INFO - Module loaded.
2024-09-12 12:25:21,578 - elsapy.elsdoc - INFO - Module loaded.
2024-09-12 12:25:21,579 - elsapy.elssearch - INFO - Module loaded.
2024-09-12 12:36:56,091 - elsapy.elsclient - INFO - Module loaded.
2024-09-12 12:36:56,092 - elsapy.elsentity - INFO - Module loaded.
2024-09-12 12:36:56,093 - elsapy.utils - INFO - Module loaded.
2024-09-12 12:36:56,093 - elsapy.elsprofile - INFO - Module loaded.
2024-09-12 12:36:56,094 - elsapy.elsdoc - INFO - Module loaded.
2024-09-12 12:36:56,095 - elsapy.elssearch - INFO - Module loaded.
2024-09-12 12:38:43,461 - elsapy.elsclient - INFO - Module loaded.
2024-09-12 12:38:43,463 - elsapy.elsentity - INFO - Module loaded.
2024-09-12 12:38:43,463 - elsapy.utils - INFO - Module loaded.
2024-09-12 12:38:43,464 - elsapy.elsprofile - INFO - Module loaded.
2024-09-12 12:38:43,464 - elsapy.elsdoc - INFO - Module loaded.
2024-09-12 12:38:43,465 - elsapy.elssearch - INFO - Module loaded.
2024-09-12 13:01:33,607 - elsapy.elsclient - INFO - Module loaded.
2024-09-12 13:01:33,608 - elsapy.elsentity - INFO - Module loaded.
2024-09-12 13:01:33,609 - elsapy.utils - INFO - Module loaded.
2024-09-12 13:01:33,609 - elsapy.elsprofile - INFO - Module loaded.
2024-09-12 13:01:33,610 - elsapy.elsdoc - INFO - Module loaded.
2024-09-12 13:01:33,611 - elsapy.elssearch - INFO - Module loaded.
2024-09-12 13:03:30,420 - elsapy.elsclient - INFO - Module loaded.
2024-09-12 13:03:30,421 - elsapy.elsentity - INFO - Module loaded.
2024-09-12 13:03:30,422 - elsapy.utils - INFO - Module loaded.
2024-09-12 13:03:30,423 - elsapy.elsprofile - INFO - Module loaded.
2024-09-12 13:03:30,423 - elsapy.elsdoc - INFO - Module loaded.
2024-09-12 13:03:30,424 - elsapy.elssearch - INFO - Module loaded.
2024-09-12 13:04:35,307 - elsapy.elsclient - INFO - Module loaded.
2024-09-12 13:04:35,308 - elsapy.elsentity - INFO - Module loaded.
2024-09-12 13:04:35,308 - elsapy.utils - INFO - Module loaded.
2024-09-12 13:04:35,309 - elsapy.elsprofile - INFO - Module loaded.
2024-09-12 13:04:35,309 - elsapy.elsdoc - INFO - Module loaded.
2024-09-12 13:04:35,310 - elsapy.elssearch - INFO - Module loaded.
2024-09-12 13:04:58,104 - elsapy.elsclient - INFO - Module loaded.
2024-09-12 13:04:58,105 - elsapy.elsentity - INFO - Module loaded.
2024-09-12 13:04:58,106 - elsapy.utils - INFO - Module loaded.
2024-09-12 13:04:58,106 - elsapy.elsprofile - INFO - Module loaded.
2024-09-12 13:04:58,107 - elsapy.elsdoc - INFO - Module loaded.
2024-09-12 13:04:58,108 - elsapy.elssearch - INFO - Module loaded.
2024-09-12 13:05:41,805 - elsapy.elsclient - INFO - Module loaded.
2024-09-12 13:05:41,806 - elsapy.elsentity - INFO - Module loaded.
2024-09-12 13:05:41,807 - elsapy.utils - INFO - Module loaded.
2024-09-12 13:05:41,807 - elsapy.elsprofile - INFO - Module loaded.
2024-09-12 13:05:41,808 - elsapy.elsdoc - INFO - Module loaded.
2024-09-12 13:05:41,809 - elsapy.elssearch - INFO - Module loaded.
2024-09-12 13:07:52,784 - elsapy.elsclient - INFO - Module loaded.
2024-09-12 13:07:52,785 - elsapy.elsentity - INFO - Module loaded.
2024-09-12 13:07:52,785 - elsapy.utils - INFO - Module loaded.
2024-09-12 13:07:52,786 - elsapy.elsprofile - INFO - Module loaded.
2024-09-12 13:07:52,786 - elsapy.elsdoc - INFO - Module loaded.
2024-09-12 13:07:52,787 - elsapy.elssearch - INFO - Module loaded.
2024-09-12 13:08:41,772 - elsapy.elsclient - INFO - Module loaded.
2024-09-12 13:08:41,773 - elsapy.elsentity - INFO - Module loaded.
2024-09-12 13:08:41,774 - elsapy.utils - INFO - Module loaded.
2024-09-12 13:08:41,774 - elsapy.elsprofile - INFO - Module loaded.
2024-09-12 13:08:41,775 - elsapy.elsdoc - INFO - Module loaded.
2024-09-12 13:08:41,776 - elsapy.elssearch - INFO - Module loaded.
2024-09-12 13:09:07,975 - elsapy.elsclient - INFO - Module loaded.
2024-09-12 13:09:07,976 - elsapy.elsentity - INFO - Module loaded.
2024-09-12 13:09:07,976 - elsapy.utils - INFO - Module loaded.
2024-09-12 13:09:07,977 - elsapy.elsprofile - INFO - Module loaded.
2024-09-12 13:09:07,977 - elsapy.elsdoc - INFO - Module loaded.
2024-09-12 13:09:07,978 - elsapy.elssearch - INFO - Module loaded.
2024-09-12 13:09:57,307 - elsapy.elsclient - INFO - Module loaded.
2024-09-12 13:09:57,308 - elsapy.elsentity - INFO - Module loaded.
2024-09-12 13:09:57,309 - elsapy.utils - INFO - Module loaded.
2024-09-12 13:09:57,309 - elsapy.elsprofile - INFO - Module loaded.
2024-09-12 13:09:57,310 - elsapy.elsdoc - INFO - Module loaded.
2024-09-12 13:09:57,310 - elsapy.elssearch - INFO - Module loaded.
2024-09-12 13:10:43,584 - elsapy.elsclient - INFO - Module loaded.
2024-09-12 13:10:43,585 - elsapy.elsentity - INFO - Module loaded.
2024-09-12 13:10:43,586 - elsapy.utils - INFO - Module loaded.
2024-09-12 13:10:43,586 - elsapy.elsprofile - INFO - Module loaded.
2024-09-12 13:10:43,587 - elsapy.elsdoc - INFO - Module loaded.
2024-09-12 13:10:43,588 - elsapy.elssearch - INFO - Module loaded.
2024-09-12 13:13:27,373 - elsapy.elsclient - INFO - Module loaded.
2024-09-12 13:13:27,374 - elsapy.elsentity - INFO - Module loaded.
2024-09-12 13:13:27,375 - elsapy.utils - INFO - Module loaded.
2024-09-12 13:13:27,375 - elsapy.elsprofile - INFO - Module loaded.
2024-09-12 13:13:27,376 - elsapy.elsdoc - INFO - Module loaded.
2024-09-12 13:13:27,377 - elsapy.elssearch - INFO - Module loaded.
2024-09-12 13:13:42,983 - elsapy.elsclient - INFO - Module loaded.
2024-09-12 13:13:42,984 - elsapy.elsentity - INFO - Module loaded.
2024-09-12 13:13:42,985 - elsapy.utils - INFO - Module loaded.
2024-09-12 13:13:42,985 - elsapy.elsprofile - INFO - Module loaded.
2024-09-12 13:13:42,986 - elsapy.elsdoc - INFO - Module loaded.
2024-09-12 13:13:42,987 - elsapy.elssearch - INFO - Module loaded.
2024-09-12 13:17:53,090 - elsapy.elsclient - INFO - Module loaded.
2024-09-12 13:17:53,091 - elsapy.elsentity - INFO - Module loaded.
2024-09-12 13:17:53,092 - elsapy.utils - INFO - Module loaded.
2024-09-12 13:17:53,092 - elsapy.elsprofile - INFO - Module loaded.
2024-09-12 13:17:53,093 - elsapy.elsdoc - INFO - Module loaded.
2024-09-12 13:17:53,094 - elsapy.elssearch - INFO - Module loaded.
2024-09-12 13:58:52,375 - elsapy.elsclient - INFO - Module loaded.
2024-09-12 13:58:52,376 - elsapy.elsentity - INFO - Module loaded.
2024-09-12 13:58:52,377 - elsapy.utils - INFO - Module loaded.
2024-09-12 13:58:52,377 - elsapy.elsprofile - INFO - Module loaded.
2024-09-12 13:58:52,378 - elsapy.elsdoc - INFO - Module loaded.
2024-09-12 13:58:52,378 - elsapy.elssearch - INFO - Module loaded.
2024-09-12 14:08:56,189 - elsapy.elsclient - INFO - Module loaded.
2024-09-12 14:08:56,190 - elsapy.elsentity - INFO - Module loaded.
2024-09-12 14:08:56,190 - elsapy.utils - INFO - Module loaded.
2024-09-12 14:08:56,191 - elsapy.elsprofile - INFO - Module loaded.
2024-09-12 14:08:56,191 - elsapy.elsdoc - INFO - Module loaded.
2024-09-12 14:08:56,192 - elsapy.elssearch - INFO - Module loaded.
2024-09-12 14:09:51,000 - elsapy.elsclient - INFO - Module loaded.
2024-09-12 14:09:51,001 - elsapy.elsentity - INFO - Module loaded.
2024-09-12 14:09:51,002 - elsapy.utils - INFO - Module loaded.
2024-09-12 14:09:51,002 - elsapy.elsprofile - INFO - Module loaded.
2024-09-12 14:09:51,003 - elsapy.elsdoc - INFO - Module loaded.
2024-09-12 14:09:51,003 - elsapy.elssearch - INFO - Module loaded.
2024-09-12 14:12:51,478 - elsapy.elsclient - INFO - Module loaded.
2024-09-12 14:12:51,479 - elsapy.elsentity - INFO - Module loaded.
2024-09-12 14:12:51,480 - elsapy.utils - INFO - Module loaded.
2024-09-12 14:12:51,480 - elsapy.elsprofile - INFO - Module loaded.
2024-09-12 14:12:51,481 - elsapy.elsdoc - INFO - Module loaded.
2024-09-12 14:12:51,481 - elsapy.elssearch - INFO - Module loaded.
2024-09-12 14:15:37,546 - elsapy.elsclient - INFO - Module loaded.
2024-09-12 14:15:37,547 - elsapy.elsentity - INFO - Module loaded.
2024-09-12 14:15:37,548 - elsapy.utils - INFO - Module loaded.
2024-09-12 14:15:37,548 - elsapy.elsprofile - INFO - Module loaded.
2024-09-12 14:15:37,549 - elsapy.elsdoc - INFO - Module loaded.
2024-09-12 14:15:37,549 - elsapy.elssearch - INFO - Module loaded.
2024-09-12 14:16:41,853 - elsapy.elsclient - INFO - Module loaded.
2024-09-12 14:16:41,854 - elsapy.elsentity - INFO - Module loaded.
2024-09-12 14:16:41,855 - elsapy.utils - INFO - Module loaded.
2024-09-12 14:16:41,855 - elsapy.elsprofile - INFO - Module loaded.
2024-09-12 14:16:41,856 - elsapy.elsdoc - INFO - Module loaded.
2024-09-12 14:16:41,856 - elsapy.elssearch - INFO - Module loaded.
2024-09-12 14:19:14,724 - elsapy.elsclient - INFO - Module loaded.
2024-09-12 14:19:14,725 - elsapy.elsentity - INFO - Module loaded.
2024-09-12 14:19:14,725 - elsapy.utils - INFO - Module loaded.
2024-09-12 14:19:14,726 - elsapy.elsprofile - INFO - Module loaded.
2024-09-12 14:19:14,726 - elsapy.elsdoc - INFO - Module loaded.
2024-09-12 14:19:14,727 - elsapy.elssearch - INFO - Module loaded.
2024-09-12 14:23:52,452 - elsapy.elsclient - INFO - Module loaded.
2024-09-12 14:23:52,453 - elsapy.elsentity - INFO - Module loaded.
2024-09-12 14:23:52,454 - elsapy.utils - INFO - Module loaded.
2024-09-12 14:23:52,454 - elsapy.elsprofile - INFO - Module loaded.
2024-09-12 14:23:52,455 - elsapy.elsdoc - INFO - Module loaded.
2024-09-12 14:23:52,456 - elsapy.elssearch - INFO - Module loaded.
2024-09-12 14:24:09,325 - elsapy.elsclient - INFO - Module loaded.
2024-09-12 14:24:09,326 - elsapy.elsentity - INFO - Module loaded.
2024-09-12 14:24:09,326 - elsapy.utils - INFO - Module loaded.
2024-09-12 14:24:09,327 - elsapy.elsprofile - INFO - Module loaded.
2024-09-12 14:24:09,327 - elsapy.elsdoc - INFO - Module loaded.
2024-09-12 14:24:09,328 - elsapy.elssearch - INFO - Module loaded.
2024-09-12 14:28:56,617 - elsapy.elsclient - INFO - Module loaded.
2024-09-12 14:28:56,619 - elsapy.elsentity - INFO - Module loaded.
2024-09-12 14:28:56,620 - elsapy.utils - INFO - Module loaded.
2024-09-12 14:28:56,620 - elsapy.elsprofile - INFO - Module loaded.
2024-09-12 14:28:56,621 - elsapy.elsdoc - INFO - Module loaded.
2024-09-12 14:28:56,622 - elsapy.elssearch - INFO - Module loaded.
2024-09-12 15:03:27,825 - elsapy.elsclient - INFO - Module loaded.
2024-09-12 15:03:27,827 - elsapy.elsentity - INFO - Module loaded.
2024-09-12 15:03:27,828 - elsapy.utils - INFO - Module loaded.
2024-09-12 15:03:27,829 - elsapy.elsprofile - INFO - Module loaded.
2024-09-12 15:03:27,830 - elsapy.elsdoc - INFO - Module loaded.
2024-09-12 15:03:27,831 - elsapy.elssearch - INFO - Module loaded.
2024-09-12 17:18:44,491 - elsapy.elsclient - INFO - Module loaded.
2024-09-12 17:18:44,493 - elsapy.elsentity - INFO - Module loaded.
2024-09-12 17:18:44,494 - elsapy.utils - INFO - Module loaded.
2024-09-12 17:18:44,494 - elsapy.elsprofile - INFO - Module loaded.
2024-09-12 17:18:44,495 - elsapy.elsdoc - INFO - Module loaded.
2024-09-12 17:18:44,496 - elsapy.elssearch - INFO - Module loaded.
2024-09-12 17:27:05,087 - elsapy.elsclient - INFO - Module loaded.
2024-09-12 17:27:05,089 - elsapy.elsentity - INFO - Module loaded.
2024-09-12 17:27:05,090 - elsapy.utils - INFO - Module loaded.
2024-09-12 17:27:05,090 - elsapy.elsprofile - INFO - Module loaded.
2024-09-12 17:27:05,091 - elsapy.elsdoc - INFO - Module loaded.
2024-09-12 17:27:05,092 - elsapy.elssearch - INFO - Module loaded.
2024-09-12 23:36:19,164 - elsapy.elsclient - INFO - Module loaded.
2024-09-12 23:36:19,167 - elsapy.elsentity - INFO - Module loaded.
2024-09-12 23:36:19,168 - elsapy.utils - INFO - Module loaded.
2024-09-12 23:36:19,168 - elsapy.elsprofile - INFO - Module loaded.
2024-09-12 23:36:19,169 - elsapy.elsdoc - INFO - Module loaded.
2024-09-12 23:36:19,169 - elsapy.elssearch - INFO - Module loaded.
2024-09-12 23:36:46,332 - elsapy.elsclient - INFO - Module loaded.
2024-09-12 23:36:46,333 - elsapy.elsentity - INFO - Module loaded.
2024-09-12 23:36:46,334 - elsapy.utils - INFO - Module loaded.
2024-09-12 23:36:46,334 - elsapy.elsprofile - INFO - Module loaded.
2024-09-12 23:36:46,336 - elsapy.elsdoc - INFO - Module loaded.
2024-09-12 23:36:46,336 - elsapy.elssearch - INFO - Module loaded.
2024-09-12 23:37:54,242 - elsapy.elsclient - INFO - Module loaded.
2024-09-12 23:37:54,243 - elsapy.elsentity - INFO - Module loaded.
2024-09-12 23:37:54,244 - elsapy.utils - INFO - Module loaded.
2024-09-12 23:37:54,244 - elsapy.elsprofile - INFO - Module loaded.
2024-09-12 23:37:54,245 - elsapy.elsdoc - INFO - Module loaded.
2024-09-12 23:37:54,246 - elsapy.elssearch - INFO - Module loaded.
2024-09-12 23:39:37,111 - elsapy.elsclient - INFO - Module loaded.
2024-09-12 23:39:37,112 - elsapy.elsentity - INFO - Module loaded.
2024-09-12 23:39:37,113 - elsapy.utils - INFO - Module loaded.
2024-09-12 23:39:37,113 - elsapy.elsprofile - INFO - Module loaded.
2024-09-12 23:39:37,114 - elsapy.elsdoc - INFO - Module loaded.
2024-09-12 23:39:37,115 - elsapy.elssearch - INFO - Module loaded.
2024-09-12 23:42:40,289 - elsapy.elsclient - INFO - Module loaded.
2024-09-12 23:42:40,290 - elsapy.elsentity - INFO - Module loaded.
2024-09-12 23:42:40,291 - elsapy.utils - INFO - Module loaded.
2024-09-12 23:42:40,292 - elsapy.elsprofile - INFO - Module loaded.
2024-09-12 23:42:40,293 - elsapy.elsdoc - INFO - Module loaded.
2024-09-12 23:42:40,294 - elsapy.elssearch - INFO - Module loaded.
2024-09-12 23:48:02,570 - elsapy.elsclient - INFO - Module loaded.
2024-09-12 23:48:02,572 - elsapy.elsentity - INFO - Module loaded.
2024-09-12 23:48:02,572 - elsapy.utils - INFO - Module loaded.
2024-09-12 23:48:02,573 - elsapy.elsprofile - INFO - Module loaded.
2024-09-12 23:48:02,574 - elsapy.elsdoc - INFO - Module loaded.
2024-09-12 23:48:02,574 - elsapy.elssearch - INFO - Module loaded.
