2024-09-28 00:06:52,347 - elsapy.elsclient - INFO - Module loaded.
2024-09-28 00:06:52,348 - elsapy.elsentity - INFO - Module loaded.
2024-09-28 00:06:52,349 - elsapy.utils - INFO - Module loaded.
2024-09-28 00:06:52,349 - elsapy.elsprofile - INFO - Module loaded.
2024-09-28 00:06:52,350 - elsapy.elsdoc - INFO - Module loaded.
2024-09-28 00:06:52,350 - elsapy.elssearch - INFO - Module loaded.
2024-09-28 00:17:36,547 - elsapy.elsclient - INFO - Module loaded.
2024-09-28 00:17:36,548 - elsapy.elsentity - INFO - Module loaded.
2024-09-28 00:17:36,549 - elsapy.utils - INFO - Module loaded.
2024-09-28 00:17:36,550 - elsapy.elsprofile - INFO - Module loaded.
2024-09-28 00:17:36,551 - elsapy.elsdoc - INFO - Module loaded.
2024-09-28 00:17:36,552 - elsapy.elssearch - INFO - Module loaded.
2024-09-28 00:21:00,942 - elsapy.elsclient - INFO - Module loaded.
2024-09-28 00:21:00,944 - elsapy.elsentity - INFO - Module loaded.
2024-09-28 00:21:00,944 - elsapy.utils - INFO - Module loaded.
2024-09-28 00:21:00,945 - elsapy.elsprofile - INFO - Module loaded.
2024-09-28 00:21:00,945 - elsapy.elsdoc - INFO - Module loaded.
2024-09-28 00:21:00,946 - elsapy.elssearch - INFO - Module loaded.
2024-09-28 00:22:08,789 - elsapy.elsclient - INFO - Module loaded.
2024-09-28 00:22:08,791 - elsapy.elsentity - INFO - Module loaded.
2024-09-28 00:22:08,791 - elsapy.utils - INFO - Module loaded.
2024-09-28 00:22:08,792 - elsapy.elsprofile - INFO - Module loaded.
2024-09-28 00:22:08,792 - elsapy.elsdoc - INFO - Module loaded.
2024-09-28 00:22:08,793 - elsapy.elssearch - INFO - Module loaded.
2024-09-28 00:24:22,088 - elsapy.elsclient - INFO - Module loaded.
2024-09-28 00:24:22,090 - elsapy.elsentity - INFO - Module loaded.
2024-09-28 00:24:22,090 - elsapy.utils - INFO - Module loaded.
2024-09-28 00:24:22,091 - elsapy.elsprofile - INFO - Module loaded.
2024-09-28 00:24:22,091 - elsapy.elsdoc - INFO - Module loaded.
2024-09-28 00:24:22,092 - elsapy.elssearch - INFO - Module loaded.
2024-09-28 00:25:54,896 - elsapy.elsclient - INFO - Module loaded.
2024-09-28 00:25:54,897 - elsapy.elsentity - INFO - Module loaded.
2024-09-28 00:25:54,898 - elsapy.utils - INFO - Module loaded.
2024-09-28 00:25:54,898 - elsapy.elsprofile - INFO - Module loaded.
2024-09-28 00:25:54,899 - elsapy.elsdoc - INFO - Module loaded.
2024-09-28 00:25:54,900 - elsapy.elssearch - INFO - Module loaded.
2024-09-28 00:28:15,946 - elsapy.elsclient - INFO - Module loaded.
2024-09-28 00:28:15,947 - elsapy.elsentity - INFO - Module loaded.
2024-09-28 00:28:15,948 - elsapy.utils - INFO - Module loaded.
2024-09-28 00:28:15,948 - elsapy.elsprofile - INFO - Module loaded.
2024-09-28 00:28:15,949 - elsapy.elsdoc - INFO - Module loaded.
2024-09-28 00:28:15,949 - elsapy.elssearch - INFO - Module loaded.
2024-09-28 00:29:25,465 - elsapy.elsclient - INFO - Module loaded.
2024-09-28 00:29:25,467 - elsapy.elsentity - INFO - Module loaded.
2024-09-28 00:29:25,468 - elsapy.utils - INFO - Module loaded.
2024-09-28 00:29:25,469 - elsapy.elsprofile - INFO - Module loaded.
2024-09-28 00:29:25,469 - elsapy.elsdoc - INFO - Module loaded.
2024-09-28 00:29:25,470 - elsapy.elssearch - INFO - Module loaded.
2024-09-28 00:30:09,850 - elsapy.elsclient - INFO - Module loaded.
2024-09-28 00:30:09,851 - elsapy.elsentity - INFO - Module loaded.
2024-09-28 00:30:09,852 - elsapy.utils - INFO - Module loaded.
2024-09-28 00:30:09,852 - elsapy.elsprofile - INFO - Module loaded.
2024-09-28 00:30:09,853 - elsapy.elsdoc - INFO - Module loaded.
2024-09-28 00:30:09,854 - elsapy.elssearch - INFO - Module loaded.
2024-09-28 00:30:51,872 - elsapy.elsclient - INFO - Module loaded.
2024-09-28 00:30:51,873 - elsapy.elsentity - INFO - Module loaded.
2024-09-28 00:30:51,874 - elsapy.utils - INFO - Module loaded.
2024-09-28 00:30:51,874 - elsapy.elsprofile - INFO - Module loaded.
2024-09-28 00:30:51,875 - elsapy.elsdoc - INFO - Module loaded.
2024-09-28 00:30:51,876 - elsapy.elssearch - INFO - Module loaded.
2024-09-28 00:31:22,484 - elsapy.elsclient - INFO - Module loaded.
2024-09-28 00:31:22,485 - elsapy.elsentity - INFO - Module loaded.
2024-09-28 00:31:22,486 - elsapy.utils - INFO - Module loaded.
2024-09-28 00:31:22,486 - elsapy.elsprofile - INFO - Module loaded.
2024-09-28 00:31:22,487 - elsapy.elsdoc - INFO - Module loaded.
2024-09-28 00:31:22,488 - elsapy.elssearch - INFO - Module loaded.
2024-09-28 00:36:33,401 - elsapy.elsclient - INFO - Module loaded.
2024-09-28 00:36:33,402 - elsapy.elsentity - INFO - Module loaded.
2024-09-28 00:36:33,403 - elsapy.utils - INFO - Module loaded.
2024-09-28 00:36:33,403 - elsapy.elsprofile - INFO - Module loaded.
2024-09-28 00:36:33,404 - elsapy.elsdoc - INFO - Module loaded.
2024-09-28 00:36:33,404 - elsapy.elssearch - INFO - Module loaded.
2024-09-28 00:37:22,587 - elsapy.elsclient - INFO - Module loaded.
2024-09-28 00:37:22,588 - elsapy.elsentity - INFO - Module loaded.
2024-09-28 00:37:22,589 - elsapy.utils - INFO - Module loaded.
2024-09-28 00:37:22,589 - elsapy.elsprofile - INFO - Module loaded.
2024-09-28 00:37:22,590 - elsapy.elsdoc - INFO - Module loaded.
2024-09-28 00:37:22,591 - elsapy.elssearch - INFO - Module loaded.
2024-09-28 00:41:22,493 - elsapy.elsclient - INFO - Module loaded.
2024-09-28 00:41:22,494 - elsapy.elsentity - INFO - Module loaded.
2024-09-28 00:41:22,495 - elsapy.utils - INFO - Module loaded.
2024-09-28 00:41:22,495 - elsapy.elsprofile - INFO - Module loaded.
2024-09-28 00:41:22,496 - elsapy.elsdoc - INFO - Module loaded.
2024-09-28 00:41:22,497 - elsapy.elssearch - INFO - Module loaded.
2024-09-28 00:42:08,408 - elsapy.elsclient - INFO - Module loaded.
2024-09-28 00:42:08,409 - elsapy.elsentity - INFO - Module loaded.
2024-09-28 00:42:08,409 - elsapy.utils - INFO - Module loaded.
2024-09-28 00:42:08,410 - elsapy.elsprofile - INFO - Module loaded.
2024-09-28 00:42:08,410 - elsapy.elsdoc - INFO - Module loaded.
2024-09-28 00:42:08,411 - elsapy.elssearch - INFO - Module loaded.
2024-09-28 00:42:40,732 - elsapy.elsclient - INFO - Module loaded.
2024-09-28 00:42:40,734 - elsapy.elsentity - INFO - Module loaded.
2024-09-28 00:42:40,734 - elsapy.utils - INFO - Module loaded.
2024-09-28 00:42:40,735 - elsapy.elsprofile - INFO - Module loaded.
2024-09-28 00:42:40,735 - elsapy.elsdoc - INFO - Module loaded.
2024-09-28 00:42:40,736 - elsapy.elssearch - INFO - Module loaded.
2024-09-28 00:43:55,937 - elsapy.elsclient - INFO - Module loaded.
2024-09-28 00:43:55,939 - elsapy.elsentity - INFO - Module loaded.
2024-09-28 00:43:55,939 - elsapy.utils - INFO - Module loaded.
2024-09-28 00:43:55,940 - elsapy.elsprofile - INFO - Module loaded.
2024-09-28 00:43:55,940 - elsapy.elsdoc - INFO - Module loaded.
2024-09-28 00:43:55,941 - elsapy.elssearch - INFO - Module loaded.
2024-09-28 00:48:40,015 - elsapy.elsclient - INFO - Module loaded.
2024-09-28 00:48:40,016 - elsapy.elsentity - INFO - Module loaded.
2024-09-28 00:48:40,017 - elsapy.utils - INFO - Module loaded.
2024-09-28 00:48:40,017 - elsapy.elsprofile - INFO - Module loaded.
2024-09-28 00:48:40,018 - elsapy.elsdoc - INFO - Module loaded.
2024-09-28 00:48:40,018 - elsapy.elssearch - INFO - Module loaded.
2024-09-28 01:34:33,974 - elsapy.elsclient - INFO - Module loaded.
2024-09-28 01:34:33,976 - elsapy.elsentity - INFO - Module loaded.
2024-09-28 01:34:33,976 - elsapy.utils - INFO - Module loaded.
2024-09-28 01:34:33,977 - elsapy.elsprofile - INFO - Module loaded.
2024-09-28 01:34:33,978 - elsapy.elsdoc - INFO - Module loaded.
2024-09-28 01:34:33,978 - elsapy.elssearch - INFO - Module loaded.
2024-09-28 01:35:23,320 - elsapy.elsclient - INFO - Module loaded.
2024-09-28 01:35:23,321 - elsapy.elsentity - INFO - Module loaded.
2024-09-28 01:35:23,321 - elsapy.utils - INFO - Module loaded.
2024-09-28 01:35:23,322 - elsapy.elsprofile - INFO - Module loaded.
2024-09-28 01:35:23,323 - elsapy.elsdoc - INFO - Module loaded.
2024-09-28 01:35:23,323 - elsapy.elssearch - INFO - Module loaded.
2024-09-28 01:36:15,893 - elsapy.elsclient - INFO - Module loaded.
2024-09-28 01:36:15,894 - elsapy.elsentity - INFO - Module loaded.
2024-09-28 01:36:15,895 - elsapy.utils - INFO - Module loaded.
2024-09-28 01:36:15,895 - elsapy.elsprofile - INFO - Module loaded.
2024-09-28 01:36:15,896 - elsapy.elsdoc - INFO - Module loaded.
2024-09-28 01:36:15,897 - elsapy.elssearch - INFO - Module loaded.
2024-09-28 10:50:54,894 - elsapy.elsclient - INFO - Module loaded.
2024-09-28 10:50:54,895 - elsapy.elsentity - INFO - Module loaded.
2024-09-28 10:50:54,896 - elsapy.utils - INFO - Module loaded.
2024-09-28 10:50:54,896 - elsapy.elsprofile - INFO - Module loaded.
2024-09-28 10:50:54,897 - elsapy.elsdoc - INFO - Module loaded.
2024-09-28 10:50:54,898 - elsapy.elssearch - INFO - Module loaded.
2024-09-28 10:52:41,401 - elsapy.elsclient - INFO - Module loaded.
2024-09-28 10:52:41,403 - elsapy.elsentity - INFO - Module loaded.
2024-09-28 10:52:41,404 - elsapy.utils - INFO - Module loaded.
2024-09-28 10:52:41,405 - elsapy.elsprofile - INFO - Module loaded.
2024-09-28 10:52:41,406 - elsapy.elsdoc - INFO - Module loaded.
2024-09-28 10:52:41,407 - elsapy.elssearch - INFO - Module loaded.
2024-09-28 11:01:01,210 - elsapy.elsclient - INFO - Module loaded.
2024-09-28 11:01:01,211 - elsapy.elsentity - INFO - Module loaded.
2024-09-28 11:01:01,212 - elsapy.utils - INFO - Module loaded.
2024-09-28 11:01:01,212 - elsapy.elsprofile - INFO - Module loaded.
2024-09-28 11:01:01,213 - elsapy.elsdoc - INFO - Module loaded.
2024-09-28 11:01:01,214 - elsapy.elssearch - INFO - Module loaded.
2024-09-28 16:16:45,907 - elsapy.elsclient - INFO - Module loaded.
2024-09-28 16:16:45,908 - elsapy.elsentity - INFO - Module loaded.
2024-09-28 16:16:45,909 - elsapy.utils - INFO - Module loaded.
2024-09-28 16:16:45,909 - elsapy.elsprofile - INFO - Module loaded.
2024-09-28 16:16:45,910 - elsapy.elsdoc - INFO - Module loaded.
2024-09-28 16:16:45,911 - elsapy.elssearch - INFO - Module loaded.
2024-09-28 16:34:56,048 - elsapy.elsclient - INFO - Module loaded.
2024-09-28 16:34:56,049 - elsapy.elsentity - INFO - Module loaded.
2024-09-28 16:34:56,050 - elsapy.utils - INFO - Module loaded.
2024-09-28 16:34:56,050 - elsapy.elsprofile - INFO - Module loaded.
2024-09-28 16:34:56,051 - elsapy.elsdoc - INFO - Module loaded.
2024-09-28 16:34:56,052 - elsapy.elssearch - INFO - Module loaded.
2024-09-28 17:17:34,293 - elsapy.elsclient - INFO - Module loaded.
2024-09-28 17:17:34,295 - elsapy.elsentity - INFO - Module loaded.
2024-09-28 17:17:34,295 - elsapy.utils - INFO - Module loaded.
2024-09-28 17:17:34,296 - elsapy.elsprofile - INFO - Module loaded.
2024-09-28 17:17:34,296 - elsapy.elsdoc - INFO - Module loaded.
2024-09-28 17:17:34,297 - elsapy.elssearch - INFO - Module loaded.
2024-09-28 17:18:20,071 - elsapy.elsclient - INFO - Module loaded.
2024-09-28 17:18:20,072 - elsapy.elsentity - INFO - Module loaded.
2024-09-28 17:18:20,073 - elsapy.utils - INFO - Module loaded.
2024-09-28 17:18:20,073 - elsapy.elsprofile - INFO - Module loaded.
2024-09-28 17:18:20,074 - elsapy.elsdoc - INFO - Module loaded.
2024-09-28 17:18:20,075 - elsapy.elssearch - INFO - Module loaded.
2024-09-28 17:35:48,526 - elsapy.elsclient - INFO - Module loaded.
2024-09-28 17:35:48,528 - elsapy.elsentity - INFO - Module loaded.
2024-09-28 17:35:48,528 - elsapy.utils - INFO - Module loaded.
2024-09-28 17:35:48,529 - elsapy.elsprofile - INFO - Module loaded.
2024-09-28 17:35:48,529 - elsapy.elsdoc - INFO - Module loaded.
2024-09-28 17:35:48,530 - elsapy.elssearch - INFO - Module loaded.
2024-09-28 17:38:08,155 - elsapy.elsclient - INFO - Module loaded.
2024-09-28 17:38:08,156 - elsapy.elsentity - INFO - Module loaded.
2024-09-28 17:38:08,157 - elsapy.utils - INFO - Module loaded.
2024-09-28 17:38:08,157 - elsapy.elsprofile - INFO - Module loaded.
2024-09-28 17:38:08,158 - elsapy.elsdoc - INFO - Module loaded.
2024-09-28 17:38:08,158 - elsapy.elssearch - INFO - Module loaded.
2024-09-28 17:45:01,567 - elsapy.elsclient - INFO - Module loaded.
2024-09-28 17:45:01,568 - elsapy.elsentity - INFO - Module loaded.
2024-09-28 17:45:01,569 - elsapy.utils - INFO - Module loaded.
2024-09-28 17:45:01,569 - elsapy.elsprofile - INFO - Module loaded.
2024-09-28 17:45:01,570 - elsapy.elsdoc - INFO - Module loaded.
2024-09-28 17:45:01,571 - elsapy.elssearch - INFO - Module loaded.
2024-09-28 18:10:47,480 - elsapy.elsclient - INFO - Module loaded.
2024-09-28 18:10:47,481 - elsapy.elsentity - INFO - Module loaded.
2024-09-28 18:10:47,482 - elsapy.utils - INFO - Module loaded.
2024-09-28 18:10:47,482 - elsapy.elsprofile - INFO - Module loaded.
2024-09-28 18:10:47,483 - elsapy.elsdoc - INFO - Module loaded.
2024-09-28 18:10:47,484 - elsapy.elssearch - INFO - Module loaded.
2024-09-28 18:11:26,313 - elsapy.elsclient - INFO - Module loaded.
2024-09-28 18:11:26,314 - elsapy.elsentity - INFO - Module loaded.
2024-09-28 18:11:26,315 - elsapy.utils - INFO - Module loaded.
2024-09-28 18:11:26,315 - elsapy.elsprofile - INFO - Module loaded.
2024-09-28 18:11:26,316 - elsapy.elsdoc - INFO - Module loaded.
2024-09-28 18:11:26,317 - elsapy.elssearch - INFO - Module loaded.
2024-09-28 18:20:10,831 - elsapy.elsclient - INFO - Module loaded.
2024-09-28 18:20:10,832 - elsapy.elsentity - INFO - Module loaded.
2024-09-28 18:20:10,833 - elsapy.utils - INFO - Module loaded.
2024-09-28 18:20:10,833 - elsapy.elsprofile - INFO - Module loaded.
2024-09-28 18:20:10,834 - elsapy.elsdoc - INFO - Module loaded.
2024-09-28 18:20:10,834 - elsapy.elssearch - INFO - Module loaded.
2024-09-28 18:21:10,262 - elsapy.elsclient - INFO - Module loaded.
2024-09-28 18:21:10,264 - elsapy.elsentity - INFO - Module loaded.
2024-09-28 18:21:10,264 - elsapy.utils - INFO - Module loaded.
2024-09-28 18:21:10,265 - elsapy.elsprofile - INFO - Module loaded.
2024-09-28 18:21:10,265 - elsapy.elsdoc - INFO - Module loaded.
2024-09-28 18:21:10,266 - elsapy.elssearch - INFO - Module loaded.
2024-09-28 18:31:21,589 - elsapy.elsclient - INFO - Module loaded.
2024-09-28 18:31:21,590 - elsapy.elsentity - INFO - Module loaded.
2024-09-28 18:31:21,591 - elsapy.utils - INFO - Module loaded.
2024-09-28 18:31:21,591 - elsapy.elsprofile - INFO - Module loaded.
2024-09-28 18:31:21,592 - elsapy.elsdoc - INFO - Module loaded.
2024-09-28 18:31:21,592 - elsapy.elssearch - INFO - Module loaded.
2024-09-28 18:32:53,781 - elsapy.elsclient - INFO - Module loaded.
2024-09-28 18:32:53,783 - elsapy.elsentity - INFO - Module loaded.
2024-09-28 18:32:53,783 - elsapy.utils - INFO - Module loaded.
2024-09-28 18:32:53,784 - elsapy.elsprofile - INFO - Module loaded.
2024-09-28 18:32:53,784 - elsapy.elsdoc - INFO - Module loaded.
2024-09-28 18:32:53,784 - elsapy.elssearch - INFO - Module loaded.
2024-09-28 18:42:01,186 - elsapy.elsclient - INFO - Module loaded.
2024-09-28 18:42:01,188 - elsapy.elsentity - INFO - Module loaded.
2024-09-28 18:42:01,189 - elsapy.utils - INFO - Module loaded.
2024-09-28 18:42:01,189 - elsapy.elsprofile - INFO - Module loaded.
2024-09-28 18:42:01,190 - elsapy.elsdoc - INFO - Module loaded.
2024-09-28 18:42:01,190 - elsapy.elssearch - INFO - Module loaded.
2024-09-28 18:42:30,447 - elsapy.elsclient - INFO - Module loaded.
2024-09-28 18:42:30,448 - elsapy.elsentity - INFO - Module loaded.
2024-09-28 18:42:30,450 - elsapy.utils - INFO - Module loaded.
2024-09-28 18:42:30,450 - elsapy.elsprofile - INFO - Module loaded.
2024-09-28 18:42:30,451 - elsapy.elsdoc - INFO - Module loaded.
2024-09-28 18:42:30,451 - elsapy.elssearch - INFO - Module loaded.
2024-09-28 19:01:40,819 - elsapy.elsclient - INFO - Module loaded.
2024-09-28 19:01:40,820 - elsapy.elsentity - INFO - Module loaded.
2024-09-28 19:01:40,820 - elsapy.utils - INFO - Module loaded.
2024-09-28 19:01:40,821 - elsapy.elsprofile - INFO - Module loaded.
2024-09-28 19:01:40,822 - elsapy.elsdoc - INFO - Module loaded.
2024-09-28 19:01:40,822 - elsapy.elssearch - INFO - Module loaded.
2024-09-28 19:02:08,359 - elsapy.elsclient - INFO - Module loaded.
2024-09-28 19:02:08,360 - elsapy.elsentity - INFO - Module loaded.
2024-09-28 19:02:08,361 - elsapy.utils - INFO - Module loaded.
2024-09-28 19:02:08,361 - elsapy.elsprofile - INFO - Module loaded.
2024-09-28 19:02:08,362 - elsapy.elsdoc - INFO - Module loaded.
2024-09-28 19:02:08,363 - elsapy.elssearch - INFO - Module loaded.
2024-09-28 19:10:26,897 - elsapy.elsclient - INFO - Module loaded.
2024-09-28 19:10:26,899 - elsapy.elsentity - INFO - Module loaded.
2024-09-28 19:10:26,900 - elsapy.utils - INFO - Module loaded.
2024-09-28 19:10:26,900 - elsapy.elsprofile - INFO - Module loaded.
2024-09-28 19:10:26,901 - elsapy.elsdoc - INFO - Module loaded.
2024-09-28 19:10:26,902 - elsapy.elssearch - INFO - Module loaded.
2024-09-28 19:11:25,220 - elsapy.elsclient - INFO - Module loaded.
2024-09-28 19:11:25,222 - elsapy.elsentity - INFO - Module loaded.
2024-09-28 19:11:25,222 - elsapy.utils - INFO - Module loaded.
2024-09-28 19:11:25,223 - elsapy.elsprofile - INFO - Module loaded.
2024-09-28 19:11:25,223 - elsapy.elsdoc - INFO - Module loaded.
2024-09-28 19:11:25,224 - elsapy.elssearch - INFO - Module loaded.
2024-09-28 19:18:37,468 - elsapy.elsclient - INFO - Module loaded.
2024-09-28 19:18:37,469 - elsapy.elsentity - INFO - Module loaded.
2024-09-28 19:18:37,470 - elsapy.utils - INFO - Module loaded.
2024-09-28 19:18:37,470 - elsapy.elsprofile - INFO - Module loaded.
2024-09-28 19:18:37,471 - elsapy.elsdoc - INFO - Module loaded.
2024-09-28 19:18:37,471 - elsapy.elssearch - INFO - Module loaded.
2024-09-28 19:19:27,412 - elsapy.elsclient - INFO - Module loaded.
2024-09-28 19:19:27,413 - elsapy.elsentity - INFO - Module loaded.
2024-09-28 19:19:27,413 - elsapy.utils - INFO - Module loaded.
2024-09-28 19:19:27,413 - elsapy.elsprofile - INFO - Module loaded.
2024-09-28 19:19:27,414 - elsapy.elsdoc - INFO - Module loaded.
2024-09-28 19:19:27,415 - elsapy.elssearch - INFO - Module loaded.
2024-09-28 19:20:46,287 - elsapy.elsclient - INFO - Module loaded.
2024-09-28 19:20:46,288 - elsapy.elsentity - INFO - Module loaded.
2024-09-28 19:20:46,289 - elsapy.utils - INFO - Module loaded.
2024-09-28 19:20:46,289 - elsapy.elsprofile - INFO - Module loaded.
2024-09-28 19:20:46,290 - elsapy.elsdoc - INFO - Module loaded.
2024-09-28 19:20:46,291 - elsapy.elssearch - INFO - Module loaded.
2024-09-28 19:22:43,688 - elsapy.elsclient - INFO - Module loaded.
2024-09-28 19:22:43,690 - elsapy.elsentity - INFO - Module loaded.
2024-09-28 19:22:43,690 - elsapy.utils - INFO - Module loaded.
2024-09-28 19:22:43,691 - elsapy.elsprofile - INFO - Module loaded.
2024-09-28 19:22:43,692 - elsapy.elsdoc - INFO - Module loaded.
2024-09-28 19:22:43,692 - elsapy.elssearch - INFO - Module loaded.
2024-09-28 19:30:20,840 - elsapy.elsclient - INFO - Module loaded.
2024-09-28 19:30:20,841 - elsapy.elsentity - INFO - Module loaded.
2024-09-28 19:30:20,842 - elsapy.utils - INFO - Module loaded.
2024-09-28 19:30:20,842 - elsapy.elsprofile - INFO - Module loaded.
2024-09-28 19:30:20,843 - elsapy.elsdoc - INFO - Module loaded.
2024-09-28 19:30:20,844 - elsapy.elssearch - INFO - Module loaded.
2024-09-28 19:33:39,770 - elsapy.elsclient - INFO - Module loaded.
2024-09-28 19:33:39,771 - elsapy.elsentity - INFO - Module loaded.
2024-09-28 19:33:39,772 - elsapy.utils - INFO - Module loaded.
2024-09-28 19:33:39,772 - elsapy.elsprofile - INFO - Module loaded.
2024-09-28 19:33:39,773 - elsapy.elsdoc - INFO - Module loaded.
2024-09-28 19:33:39,774 - elsapy.elssearch - INFO - Module loaded.
2024-09-28 19:34:07,227 - elsapy.elsclient - INFO - Module loaded.
2024-09-28 19:34:07,229 - elsapy.elsentity - INFO - Module loaded.
2024-09-28 19:34:07,229 - elsapy.utils - INFO - Module loaded.
2024-09-28 19:34:07,230 - elsapy.elsprofile - INFO - Module loaded.
2024-09-28 19:34:07,231 - elsapy.elsdoc - INFO - Module loaded.
2024-09-28 19:34:07,231 - elsapy.elssearch - INFO - Module loaded.
2024-09-28 19:34:58,545 - elsapy.elsclient - INFO - Module loaded.
2024-09-28 19:34:58,546 - elsapy.elsentity - INFO - Module loaded.
2024-09-28 19:34:58,546 - elsapy.utils - INFO - Module loaded.
2024-09-28 19:34:58,548 - elsapy.elsprofile - INFO - Module loaded.
2024-09-28 19:34:58,548 - elsapy.elsdoc - INFO - Module loaded.
2024-09-28 19:34:58,549 - elsapy.elssearch - INFO - Module loaded.
2024-09-28 19:36:47,668 - elsapy.elsclient - INFO - Module loaded.
2024-09-28 19:36:47,669 - elsapy.elsentity - INFO - Module loaded.
2024-09-28 19:36:47,670 - elsapy.utils - INFO - Module loaded.
2024-09-28 19:36:47,670 - elsapy.elsprofile - INFO - Module loaded.
2024-09-28 19:36:47,671 - elsapy.elsdoc - INFO - Module loaded.
2024-09-28 19:36:47,672 - elsapy.elssearch - INFO - Module loaded.
2024-09-28 19:37:44,682 - elsapy.elsclient - INFO - Module loaded.
2024-09-28 19:37:44,683 - elsapy.elsentity - INFO - Module loaded.
2024-09-28 19:37:44,683 - elsapy.utils - INFO - Module loaded.
2024-09-28 19:37:44,684 - elsapy.elsprofile - INFO - Module loaded.
2024-09-28 19:37:44,685 - elsapy.elsdoc - INFO - Module loaded.
2024-09-28 19:37:44,685 - elsapy.elssearch - INFO - Module loaded.
2024-09-28 19:38:52,218 - elsapy.elsclient - INFO - Module loaded.
2024-09-28 19:38:52,221 - elsapy.elsentity - INFO - Module loaded.
2024-09-28 19:38:52,222 - elsapy.utils - INFO - Module loaded.
2024-09-28 19:38:52,222 - elsapy.elsprofile - INFO - Module loaded.
2024-09-28 19:38:52,223 - elsapy.elsdoc - INFO - Module loaded.
2024-09-28 19:38:52,224 - elsapy.elssearch - INFO - Module loaded.
2024-09-28 19:39:16,783 - elsapy.elsclient - INFO - Module loaded.
2024-09-28 19:39:16,785 - elsapy.elsentity - INFO - Module loaded.
2024-09-28 19:39:16,786 - elsapy.utils - INFO - Module loaded.
2024-09-28 19:39:16,786 - elsapy.elsprofile - INFO - Module loaded.
2024-09-28 19:39:16,787 - elsapy.elsdoc - INFO - Module loaded.
2024-09-28 19:39:16,787 - elsapy.elssearch - INFO - Module loaded.
2024-09-28 19:42:55,560 - elsapy.elsclient - INFO - Module loaded.
2024-09-28 19:42:55,561 - elsapy.elsentity - INFO - Module loaded.
2024-09-28 19:42:55,562 - elsapy.utils - INFO - Module loaded.
2024-09-28 19:42:55,562 - elsapy.elsprofile - INFO - Module loaded.
2024-09-28 19:42:55,563 - elsapy.elsdoc - INFO - Module loaded.
2024-09-28 19:42:55,564 - elsapy.elssearch - INFO - Module loaded.
2024-09-28 20:17:29,727 - elsapy.elsclient - INFO - Module loaded.
2024-09-28 20:17:29,729 - elsapy.elsentity - INFO - Module loaded.
2024-09-28 20:17:29,729 - elsapy.utils - INFO - Module loaded.
2024-09-28 20:17:29,730 - elsapy.elsprofile - INFO - Module loaded.
2024-09-28 20:17:29,731 - elsapy.elsdoc - INFO - Module loaded.
2024-09-28 20:17:29,731 - elsapy.elssearch - INFO - Module loaded.
2024-09-28 20:19:49,697 - elsapy.elsclient - INFO - Module loaded.
2024-09-28 20:19:49,699 - elsapy.elsentity - INFO - Module loaded.
2024-09-28 20:19:49,699 - elsapy.utils - INFO - Module loaded.
2024-09-28 20:19:49,700 - elsapy.elsprofile - INFO - Module loaded.
2024-09-28 20:19:49,700 - elsapy.elsdoc - INFO - Module loaded.
2024-09-28 20:19:49,701 - elsapy.elssearch - INFO - Module loaded.
2024-09-28 20:20:41,255 - elsapy.elsclient - INFO - Module loaded.
2024-09-28 20:20:41,256 - elsapy.elsentity - INFO - Module loaded.
2024-09-28 20:20:41,257 - elsapy.utils - INFO - Module loaded.
2024-09-28 20:20:41,257 - elsapy.elsprofile - INFO - Module loaded.
2024-09-28 20:20:41,258 - elsapy.elsdoc - INFO - Module loaded.
2024-09-28 20:20:41,259 - elsapy.elssearch - INFO - Module loaded.
2024-09-28 20:21:19,504 - elsapy.elsclient - INFO - Module loaded.
2024-09-28 20:21:19,505 - elsapy.elsentity - INFO - Module loaded.
2024-09-28 20:21:19,506 - elsapy.utils - INFO - Module loaded.
2024-09-28 20:21:19,506 - elsapy.elsprofile - INFO - Module loaded.
2024-09-28 20:21:19,507 - elsapy.elsdoc - INFO - Module loaded.
2024-09-28 20:21:19,507 - elsapy.elssearch - INFO - Module loaded.
2024-09-28 20:30:13,433 - elsapy.elsclient - INFO - Module loaded.
2024-09-28 20:30:13,434 - elsapy.elsentity - INFO - Module loaded.
2024-09-28 20:30:13,435 - elsapy.utils - INFO - Module loaded.
2024-09-28 20:30:13,435 - elsapy.elsprofile - INFO - Module loaded.
2024-09-28 20:30:13,436 - elsapy.elsdoc - INFO - Module loaded.
2024-09-28 20:30:13,436 - elsapy.elssearch - INFO - Module loaded.
2024-09-28 20:31:13,009 - elsapy.elsclient - INFO - Module loaded.
2024-09-28 20:31:13,010 - elsapy.elsentity - INFO - Module loaded.
2024-09-28 20:31:13,010 - elsapy.utils - INFO - Module loaded.
2024-09-28 20:31:13,011 - elsapy.elsprofile - INFO - Module loaded.
2024-09-28 20:31:13,012 - elsapy.elsdoc - INFO - Module loaded.
2024-09-28 20:31:13,012 - elsapy.elssearch - INFO - Module loaded.
2024-09-28 20:31:51,458 - elsapy.elsclient - INFO - Module loaded.
2024-09-28 20:31:51,459 - elsapy.elsentity - INFO - Module loaded.
2024-09-28 20:31:51,459 - elsapy.utils - INFO - Module loaded.
2024-09-28 20:31:51,460 - elsapy.elsprofile - INFO - Module loaded.
2024-09-28 20:31:51,461 - elsapy.elsdoc - INFO - Module loaded.
2024-09-28 20:31:51,462 - elsapy.elssearch - INFO - Module loaded.
2024-09-28 20:32:53,855 - elsapy.elsclient - INFO - Module loaded.
2024-09-28 20:32:53,856 - elsapy.elsentity - INFO - Module loaded.
2024-09-28 20:32:53,856 - elsapy.utils - INFO - Module loaded.
2024-09-28 20:32:53,857 - elsapy.elsprofile - INFO - Module loaded.
2024-09-28 20:32:53,857 - elsapy.elsdoc - INFO - Module loaded.
2024-09-28 20:32:53,858 - elsapy.elssearch - INFO - Module loaded.
2024-09-28 20:34:32,358 - elsapy.elsclient - INFO - Module loaded.
2024-09-28 20:34:32,360 - elsapy.elsentity - INFO - Module loaded.
2024-09-28 20:34:32,360 - elsapy.utils - INFO - Module loaded.
2024-09-28 20:34:32,361 - elsapy.elsprofile - INFO - Module loaded.
2024-09-28 20:34:32,361 - elsapy.elsdoc - INFO - Module loaded.
2024-09-28 20:34:32,362 - elsapy.elssearch - INFO - Module loaded.
2024-09-28 20:37:23,547 - elsapy.elsclient - INFO - Module loaded.
2024-09-28 20:37:23,548 - elsapy.elsentity - INFO - Module loaded.
2024-09-28 20:37:23,548 - elsapy.utils - INFO - Module loaded.
2024-09-28 20:37:23,549 - elsapy.elsprofile - INFO - Module loaded.
2024-09-28 20:37:23,549 - elsapy.elsdoc - INFO - Module loaded.
2024-09-28 20:37:23,550 - elsapy.elssearch - INFO - Module loaded.
2024-09-28 20:39:57,081 - elsapy.elsclient - INFO - Module loaded.
2024-09-28 20:39:57,082 - elsapy.elsentity - INFO - Module loaded.
2024-09-28 20:39:57,083 - elsapy.utils - INFO - Module loaded.
2024-09-28 20:39:57,083 - elsapy.elsprofile - INFO - Module loaded.
2024-09-28 20:39:57,084 - elsapy.elsdoc - INFO - Module loaded.
2024-09-28 20:39:57,084 - elsapy.elssearch - INFO - Module loaded.
2024-09-28 20:41:49,820 - elsapy.elsclient - INFO - Module loaded.
2024-09-28 20:41:49,821 - elsapy.elsentity - INFO - Module loaded.
2024-09-28 20:41:49,822 - elsapy.utils - INFO - Module loaded.
2024-09-28 20:41:49,822 - elsapy.elsprofile - INFO - Module loaded.
2024-09-28 20:41:49,822 - elsapy.elsdoc - INFO - Module loaded.
2024-09-28 20:41:49,823 - elsapy.elssearch - INFO - Module loaded.
2024-09-28 20:50:45,842 - elsapy.elsclient - INFO - Module loaded.
2024-09-28 20:50:45,843 - elsapy.elsentity - INFO - Module loaded.
2024-09-28 20:50:45,844 - elsapy.utils - INFO - Module loaded.
2024-09-28 20:50:45,844 - elsapy.elsprofile - INFO - Module loaded.
2024-09-28 20:50:45,845 - elsapy.elsdoc - INFO - Module loaded.
2024-09-28 20:50:45,845 - elsapy.elssearch - INFO - Module loaded.
2024-09-28 20:51:13,316 - elsapy.elsclient - INFO - Module loaded.
2024-09-28 20:51:13,318 - elsapy.elsentity - INFO - Module loaded.
2024-09-28 20:51:13,318 - elsapy.utils - INFO - Module loaded.
2024-09-28 20:51:13,319 - elsapy.elsprofile - INFO - Module loaded.
2024-09-28 20:51:13,319 - elsapy.elsdoc - INFO - Module loaded.
2024-09-28 20:51:13,320 - elsapy.elssearch - INFO - Module loaded.
2024-09-28 20:56:32,462 - elsapy.elsclient - INFO - Module loaded.
2024-09-28 20:56:32,463 - elsapy.elsentity - INFO - Module loaded.
2024-09-28 20:56:32,463 - elsapy.utils - INFO - Module loaded.
2024-09-28 20:56:32,464 - elsapy.elsprofile - INFO - Module loaded.
2024-09-28 20:56:32,465 - elsapy.elsdoc - INFO - Module loaded.
2024-09-28 20:56:32,465 - elsapy.elssearch - INFO - Module loaded.
2024-09-28 20:57:54,761 - elsapy.elsclient - INFO - Module loaded.
2024-09-28 20:57:54,762 - elsapy.elsentity - INFO - Module loaded.
2024-09-28 20:57:54,763 - elsapy.utils - INFO - Module loaded.
2024-09-28 20:57:54,763 - elsapy.elsprofile - INFO - Module loaded.
2024-09-28 20:57:54,764 - elsapy.elsdoc - INFO - Module loaded.
2024-09-28 20:57:54,765 - elsapy.elssearch - INFO - Module loaded.
