2024-08-02 07:15:56,344 - elsapy.elsclient - INFO - Module loaded.
2024-08-02 07:15:56,345 - elsapy.elsentity - INFO - Module loaded.
2024-08-02 07:15:56,346 - elsapy.utils - INFO - Module loaded.
2024-08-02 07:15:56,346 - elsapy.elsprofile - INFO - Module loaded.
2024-08-02 07:15:56,347 - elsapy.elsdoc - INFO - Module loaded.
2024-08-02 07:15:56,347 - elsapy.elssearch - INFO - Module loaded.
2024-08-02 07:21:40,663 - elsapy.elsclient - INFO - Module loaded.
2024-08-02 07:21:40,664 - elsapy.elsentity - INFO - Module loaded.
2024-08-02 07:21:40,665 - elsapy.utils - INFO - Module loaded.
2024-08-02 07:21:40,665 - elsapy.elsprofile - INFO - Module loaded.
2024-08-02 07:21:40,666 - elsapy.elsdoc - INFO - Module loaded.
2024-08-02 07:21:40,668 - elsapy.elssearch - INFO - Module loaded.
2024-08-02 07:53:15,358 - elsapy.elsclient - INFO - Module loaded.
2024-08-02 07:53:15,359 - elsapy.elsentity - INFO - Module loaded.
2024-08-02 07:53:15,360 - elsapy.utils - INFO - Module loaded.
2024-08-02 07:53:15,360 - elsapy.elsprofile - INFO - Module loaded.
2024-08-02 07:53:15,361 - elsapy.elsdoc - INFO - Module loaded.
2024-08-02 07:53:15,361 - elsapy.elssearch - INFO - Module loaded.
2024-08-02 10:35:37,923 - elsapy.elsclient - INFO - Module loaded.
2024-08-02 10:35:37,924 - elsapy.elsentity - INFO - Module loaded.
2024-08-02 10:35:37,925 - elsapy.utils - INFO - Module loaded.
2024-08-02 10:35:37,925 - elsapy.elsprofile - INFO - Module loaded.
2024-08-02 10:35:37,926 - elsapy.elsdoc - INFO - Module loaded.
2024-08-02 10:35:37,927 - elsapy.elssearch - INFO - Module loaded.
2024-08-02 11:54:51,519 - elsapy.elsclient - INFO - Module loaded.
2024-08-02 11:54:51,520 - elsapy.elsentity - INFO - Module loaded.
2024-08-02 11:54:51,521 - elsapy.utils - INFO - Module loaded.
2024-08-02 11:54:51,521 - elsapy.elsprofile - INFO - Module loaded.
2024-08-02 11:54:51,522 - elsapy.elsdoc - INFO - Module loaded.
2024-08-02 11:54:51,522 - elsapy.elssearch - INFO - Module loaded.
2024-08-02 13:10:25,083 - elsapy.elsclient - INFO - Module loaded.
2024-08-02 13:10:25,084 - elsapy.elsentity - INFO - Module loaded.
2024-08-02 13:10:25,085 - elsapy.utils - INFO - Module loaded.
2024-08-02 13:10:25,085 - elsapy.elsprofile - INFO - Module loaded.
2024-08-02 13:10:25,086 - elsapy.elsdoc - INFO - Module loaded.
2024-08-02 13:10:25,087 - elsapy.elssearch - INFO - Module loaded.
2024-08-02 13:14:22,010 - elsapy.elsclient - INFO - Module loaded.
2024-08-02 13:14:22,011 - elsapy.elsentity - INFO - Module loaded.
2024-08-02 13:14:22,012 - elsapy.utils - INFO - Module loaded.
2024-08-02 13:14:22,012 - elsapy.elsprofile - INFO - Module loaded.
2024-08-02 13:14:22,013 - elsapy.elsdoc - INFO - Module loaded.
2024-08-02 13:14:22,013 - elsapy.elssearch - INFO - Module loaded.
2024-08-02 13:38:49,944 - elsapy.elsclient - INFO - Module loaded.
2024-08-02 13:38:49,945 - elsapy.elsentity - INFO - Module loaded.
2024-08-02 13:38:49,945 - elsapy.utils - INFO - Module loaded.
2024-08-02 13:38:49,946 - elsapy.elsprofile - INFO - Module loaded.
2024-08-02 13:38:49,946 - elsapy.elsdoc - INFO - Module loaded.
2024-08-02 13:38:49,947 - elsapy.elssearch - INFO - Module loaded.
2024-08-02 14:08:39,463 - elsapy.elsclient - INFO - Module loaded.
2024-08-02 14:08:39,464 - elsapy.elsentity - INFO - Module loaded.
2024-08-02 14:08:39,465 - elsapy.utils - INFO - Module loaded.
2024-08-02 14:08:39,465 - elsapy.elsprofile - INFO - Module loaded.
2024-08-02 14:08:39,466 - elsapy.elsdoc - INFO - Module loaded.
2024-08-02 14:08:39,466 - elsapy.elssearch - INFO - Module loaded.
2024-08-02 14:55:25,582 - elsapy.elsclient - INFO - Module loaded.
2024-08-02 14:55:25,584 - elsapy.elsentity - INFO - Module loaded.
2024-08-02 14:55:25,584 - elsapy.utils - INFO - Module loaded.
2024-08-02 14:55:25,585 - elsapy.elsprofile - INFO - Module loaded.
2024-08-02 14:55:25,586 - elsapy.elsdoc - INFO - Module loaded.
2024-08-02 14:55:25,587 - elsapy.elssearch - INFO - Module loaded.
2024-08-02 14:56:56,998 - elsapy.elsclient - INFO - Module loaded.
2024-08-02 14:56:56,999 - elsapy.elsentity - INFO - Module loaded.
2024-08-02 14:56:57,000 - elsapy.utils - INFO - Module loaded.
2024-08-02 14:56:57,000 - elsapy.elsprofile - INFO - Module loaded.
2024-08-02 14:56:57,001 - elsapy.elsdoc - INFO - Module loaded.
2024-08-02 14:56:57,002 - elsapy.elssearch - INFO - Module loaded.
2024-08-02 16:03:47,472 - elsapy.elsclient - INFO - Module loaded.
2024-08-02 16:03:47,473 - elsapy.elsentity - INFO - Module loaded.
2024-08-02 16:03:47,473 - elsapy.utils - INFO - Module loaded.
2024-08-02 16:03:47,474 - elsapy.elsprofile - INFO - Module loaded.
2024-08-02 16:03:47,474 - elsapy.elsdoc - INFO - Module loaded.
2024-08-02 16:03:47,475 - elsapy.elssearch - INFO - Module loaded.
2024-08-02 16:08:55,180 - elsapy.elsclient - INFO - Module loaded.
2024-08-02 16:08:55,181 - elsapy.elsentity - INFO - Module loaded.
2024-08-02 16:08:55,181 - elsapy.utils - INFO - Module loaded.
2024-08-02 16:08:55,182 - elsapy.elsprofile - INFO - Module loaded.
2024-08-02 16:08:55,182 - elsapy.elsdoc - INFO - Module loaded.
2024-08-02 16:08:55,183 - elsapy.elssearch - INFO - Module loaded.
2024-08-02 16:11:17,779 - elsapy.elsclient - INFO - Module loaded.
2024-08-02 16:11:17,780 - elsapy.elsentity - INFO - Module loaded.
2024-08-02 16:11:17,780 - elsapy.utils - INFO - Module loaded.
2024-08-02 16:11:17,781 - elsapy.elsprofile - INFO - Module loaded.
2024-08-02 16:11:17,781 - elsapy.elsdoc - INFO - Module loaded.
2024-08-02 16:11:17,782 - elsapy.elssearch - INFO - Module loaded.
2024-08-02 17:00:21,529 - elsapy.elsclient - INFO - Module loaded.
2024-08-02 17:00:21,531 - elsapy.elsentity - INFO - Module loaded.
2024-08-02 17:00:21,531 - elsapy.utils - INFO - Module loaded.
2024-08-02 17:00:21,531 - elsapy.elsprofile - INFO - Module loaded.
2024-08-02 17:00:21,532 - elsapy.elsdoc - INFO - Module loaded.
2024-08-02 17:00:21,533 - elsapy.elssearch - INFO - Module loaded.
2024-08-02 20:39:28,176 - elsapy.elsclient - INFO - Module loaded.
2024-08-02 20:39:28,177 - elsapy.elsentity - INFO - Module loaded.
2024-08-02 20:39:28,177 - elsapy.utils - INFO - Module loaded.
2024-08-02 20:39:28,178 - elsapy.elsprofile - INFO - Module loaded.
2024-08-02 20:39:28,178 - elsapy.elsdoc - INFO - Module loaded.
2024-08-02 20:39:28,179 - elsapy.elssearch - INFO - Module loaded.
2024-08-02 20:43:00,014 - elsapy.elsclient - INFO - Module loaded.
2024-08-02 20:43:00,015 - elsapy.elsentity - INFO - Module loaded.
2024-08-02 20:43:00,016 - elsapy.utils - INFO - Module loaded.
2024-08-02 20:43:00,016 - elsapy.elsprofile - INFO - Module loaded.
2024-08-02 20:43:00,017 - elsapy.elsdoc - INFO - Module loaded.
2024-08-02 20:43:00,017 - elsapy.elssearch - INFO - Module loaded.
2024-08-02 23:24:53,343 - elsapy.elsclient - INFO - Module loaded.
2024-08-02 23:24:53,344 - elsapy.elsentity - INFO - Module loaded.
2024-08-02 23:24:53,345 - elsapy.utils - INFO - Module loaded.
2024-08-02 23:24:53,345 - elsapy.elsprofile - INFO - Module loaded.
2024-08-02 23:24:53,346 - elsapy.elsdoc - INFO - Module loaded.
2024-08-02 23:24:53,347 - elsapy.elssearch - INFO - Module loaded.
