2024-05-28 06:56:21,145 - elsapy.elsclient - INFO - Module loaded.
2024-05-28 06:56:21,146 - elsapy.elsentity - INFO - Module loaded.
2024-05-28 06:56:21,147 - elsapy.utils - INFO - Module loaded.
2024-05-28 06:56:21,148 - elsapy.elsprofile - INFO - Module loaded.
2024-05-28 06:56:21,149 - elsapy.elsdoc - INFO - Module loaded.
2024-05-28 06:56:21,150 - elsapy.elssearch - INFO - Module loaded.
2024-05-28 10:59:30,104 - elsapy.elsclient - INFO - Module loaded.
2024-05-28 10:59:30,106 - elsapy.elsentity - INFO - Module loaded.
2024-05-28 10:59:30,107 - elsapy.utils - INFO - Module loaded.
2024-05-28 10:59:30,107 - elsapy.elsprofile - INFO - Module loaded.
2024-05-28 10:59:30,108 - elsapy.elsdoc - INFO - Module loaded.
2024-05-28 10:59:30,110 - elsapy.elssearch - INFO - Module loaded.
2024-05-28 11:01:48,948 - elsapy.elsclient - INFO - Module loaded.
2024-05-28 11:01:48,950 - elsapy.elsentity - INFO - Module loaded.
2024-05-28 11:01:48,951 - elsapy.utils - INFO - Module loaded.
2024-05-28 11:01:48,951 - elsapy.elsprofile - INFO - Module loaded.
2024-05-28 11:01:48,952 - elsapy.elsdoc - INFO - Module loaded.
2024-05-28 11:01:48,953 - elsapy.elssearch - INFO - Module loaded.
2024-05-28 11:47:40,363 - elsapy.elsclient - INFO - Module loaded.
2024-05-28 11:47:40,365 - elsapy.elsentity - INFO - Module loaded.
2024-05-28 11:47:40,366 - elsapy.utils - INFO - Module loaded.
2024-05-28 11:47:40,366 - elsapy.elsprofile - INFO - Module loaded.
2024-05-28 11:47:40,367 - elsapy.elsdoc - INFO - Module loaded.
2024-05-28 11:47:40,368 - elsapy.elssearch - INFO - Module loaded.
2024-05-28 12:57:51,047 - elsapy.elsclient - INFO - Module loaded.
2024-05-28 12:57:51,048 - elsapy.elsentity - INFO - Module loaded.
2024-05-28 12:57:51,049 - elsapy.utils - INFO - Module loaded.
2024-05-28 12:57:51,050 - elsapy.elsprofile - INFO - Module loaded.
2024-05-28 12:57:51,051 - elsapy.elsdoc - INFO - Module loaded.
2024-05-28 12:57:51,052 - elsapy.elssearch - INFO - Module loaded.
2024-05-28 13:28:29,523 - elsapy.elsclient - INFO - Module loaded.
2024-05-28 13:28:29,524 - elsapy.elsentity - INFO - Module loaded.
2024-05-28 13:28:29,525 - elsapy.utils - INFO - Module loaded.
2024-05-28 13:28:29,526 - elsapy.elsprofile - INFO - Module loaded.
2024-05-28 13:28:29,527 - elsapy.elsdoc - INFO - Module loaded.
2024-05-28 13:28:29,528 - elsapy.elssearch - INFO - Module loaded.
2024-05-28 17:38:41,910 - elsapy.elsclient - INFO - Module loaded.
2024-05-28 17:38:41,912 - elsapy.elsentity - INFO - Module loaded.
2024-05-28 17:38:41,913 - elsapy.utils - INFO - Module loaded.
2024-05-28 17:38:41,913 - elsapy.elsprofile - INFO - Module loaded.
2024-05-28 17:38:41,914 - elsapy.elsdoc - INFO - Module loaded.
2024-05-28 17:38:41,915 - elsapy.elssearch - INFO - Module loaded.
2024-05-28 17:43:01,287 - elsapy.elsclient - INFO - Module loaded.
2024-05-28 17:43:01,289 - elsapy.elsentity - INFO - Module loaded.
2024-05-28 17:43:01,290 - elsapy.utils - INFO - Module loaded.
2024-05-28 17:43:01,290 - elsapy.elsprofile - INFO - Module loaded.
2024-05-28 17:43:01,291 - elsapy.elsdoc - INFO - Module loaded.
2024-05-28 17:43:01,292 - elsapy.elssearch - INFO - Module loaded.
2024-05-28 21:51:27,991 - elsapy.elsclient - INFO - Module loaded.
2024-05-28 21:51:27,993 - elsapy.elsentity - INFO - Module loaded.
2024-05-28 21:51:28,218 - elsapy.utils - INFO - Module loaded.
2024-05-28 21:51:28,219 - elsapy.elsprofile - INFO - Module loaded.
2024-05-28 21:51:28,220 - elsapy.elsdoc - INFO - Module loaded.
2024-05-28 21:51:28,221 - elsapy.elssearch - INFO - Module loaded.
2024-05-28 22:13:30,852 - elsapy.elsclient - INFO - Module loaded.
2024-05-28 22:13:30,854 - elsapy.elsentity - INFO - Module loaded.
2024-05-28 22:13:30,855 - elsapy.utils - INFO - Module loaded.
2024-05-28 22:13:30,856 - elsapy.elsprofile - INFO - Module loaded.
2024-05-28 22:13:30,856 - elsapy.elsdoc - INFO - Module loaded.
2024-05-28 22:13:30,857 - elsapy.elssearch - INFO - Module loaded.
