2024-05-12 06:24:29,742 - elsapy.elsclient - INFO - Module loaded.
2024-05-12 06:24:29,864 - elsapy.elsentity - INFO - Module loaded.
2024-05-12 06:24:29,866 - elsapy.utils - INFO - Module loaded.
2024-05-12 06:24:29,866 - elsapy.elsprofile - INFO - Module loaded.
2024-05-12 06:24:29,867 - elsapy.elsdoc - INFO - Module loaded.
2024-05-12 06:24:29,868 - elsapy.elssearch - INFO - Module loaded.
2024-05-12 07:14:26,040 - elsapy.elsclient - INFO - Module loaded.
2024-05-12 07:14:26,042 - elsapy.elsentity - INFO - Module loaded.
2024-05-12 07:14:26,043 - elsapy.utils - INFO - Module loaded.
2024-05-12 07:14:26,043 - elsapy.elsprofile - INFO - Module loaded.
2024-05-12 07:14:26,044 - elsapy.elsdoc - INFO - Module loaded.
2024-05-12 07:14:26,045 - elsapy.elssearch - INFO - Module loaded.
2024-05-12 07:43:41,346 - elsapy.elsclient - INFO - Module loaded.
2024-05-12 07:43:41,364 - elsapy.elsentity - INFO - Module loaded.
2024-05-12 07:43:41,369 - elsapy.utils - INFO - Module loaded.
2024-05-12 07:43:41,369 - elsapy.elsprofile - INFO - Module loaded.
2024-05-12 07:43:41,374 - elsapy.elsdoc - INFO - Module loaded.
2024-05-12 07:43:41,378 - elsapy.elssearch - INFO - Module loaded.
2024-05-12 11:18:05,737 - elsapy.elsclient - INFO - Module loaded.
2024-05-12 11:18:05,738 - elsapy.elsentity - INFO - Module loaded.
2024-05-12 11:18:05,739 - elsapy.utils - INFO - Module loaded.
2024-05-12 11:18:05,740 - elsapy.elsprofile - INFO - Module loaded.
2024-05-12 11:18:05,740 - elsapy.elsdoc - INFO - Module loaded.
2024-05-12 11:18:05,741 - elsapy.elssearch - INFO - Module loaded.
2024-05-12 11:18:40,825 - elsapy.elsclient - INFO - Module loaded.
2024-05-12 11:18:40,826 - elsapy.elsentity - INFO - Module loaded.
2024-05-12 11:18:40,826 - elsapy.utils - INFO - Module loaded.
2024-05-12 11:18:40,827 - elsapy.elsprofile - INFO - Module loaded.
2024-05-12 11:18:40,827 - elsapy.elsdoc - INFO - Module loaded.
2024-05-12 11:18:40,828 - elsapy.elssearch - INFO - Module loaded.
2024-05-12 14:30:50,273 - elsapy.elsclient - INFO - Module loaded.
2024-05-12 14:30:50,274 - elsapy.elsentity - INFO - Module loaded.
2024-05-12 14:30:50,275 - elsapy.utils - INFO - Module loaded.
2024-05-12 14:30:50,275 - elsapy.elsprofile - INFO - Module loaded.
2024-05-12 14:30:50,276 - elsapy.elsdoc - INFO - Module loaded.
2024-05-12 14:30:50,277 - elsapy.elssearch - INFO - Module loaded.
2024-05-12 14:36:29,627 - elsapy.elsclient - INFO - Module loaded.
2024-05-12 14:36:29,628 - elsapy.elsentity - INFO - Module loaded.
2024-05-12 14:36:29,629 - elsapy.utils - INFO - Module loaded.
2024-05-12 14:36:29,629 - elsapy.elsprofile - INFO - Module loaded.
2024-05-12 14:36:29,630 - elsapy.elsdoc - INFO - Module loaded.
2024-05-12 14:36:29,630 - elsapy.elssearch - INFO - Module loaded.
2024-05-12 21:52:16,506 - elsapy.elsclient - INFO - Module loaded.
2024-05-12 21:52:16,508 - elsapy.elsentity - INFO - Module loaded.
2024-05-12 21:52:16,508 - elsapy.utils - INFO - Module loaded.
2024-05-12 21:52:16,509 - elsapy.elsprofile - INFO - Module loaded.
2024-05-12 21:52:16,509 - elsapy.elsdoc - INFO - Module loaded.
2024-05-12 21:52:16,510 - elsapy.elssearch - INFO - Module loaded.
