2024-08-17 18:12:02,770 - elsapy.elsclient - INFO - Module loaded.
2024-08-17 18:12:02,772 - elsapy.elsentity - INFO - Module loaded.
2024-08-17 18:12:02,773 - elsapy.utils - INFO - Module loaded.
2024-08-17 18:12:02,773 - elsapy.elsprofile - INFO - Module loaded.
2024-08-17 18:12:02,774 - elsapy.elsdoc - INFO - Module loaded.
2024-08-17 18:12:02,775 - elsapy.elssearch - INFO - Module loaded.
2024-08-17 18:12:20,049 - elsapy.elsclient - INFO - Module loaded.
2024-08-17 18:12:20,050 - elsapy.elsentity - INFO - Module loaded.
2024-08-17 18:12:20,050 - elsapy.utils - INFO - Module loaded.
2024-08-17 18:12:20,051 - elsapy.elsprofile - INFO - Module loaded.
2024-08-17 18:12:20,051 - elsapy.elsdoc - INFO - Module loaded.
2024-08-17 18:12:20,054 - elsapy.elssearch - INFO - Module loaded.
2024-08-17 18:36:35,557 - elsapy.elsclient - INFO - Module loaded.
2024-08-17 18:36:35,558 - elsapy.elsentity - INFO - Module loaded.
2024-08-17 18:36:35,559 - elsapy.utils - INFO - Module loaded.
2024-08-17 18:36:35,559 - elsapy.elsprofile - INFO - Module loaded.
2024-08-17 18:36:35,560 - elsapy.elsdoc - INFO - Module loaded.
2024-08-17 18:36:35,561 - elsapy.elssearch - INFO - Module loaded.
2024-08-17 18:36:55,815 - elsapy.elsclient - INFO - Module loaded.
2024-08-17 18:36:55,816 - elsapy.elsentity - INFO - Module loaded.
2024-08-17 18:36:55,816 - elsapy.utils - INFO - Module loaded.
2024-08-17 18:36:55,817 - elsapy.elsprofile - INFO - Module loaded.
2024-08-17 18:36:55,817 - elsapy.elsdoc - INFO - Module loaded.
2024-08-17 18:36:55,818 - elsapy.elssearch - INFO - Module loaded.
2024-08-17 18:38:30,960 - elsapy.elsclient - INFO - Module loaded.
2024-08-17 18:38:30,961 - elsapy.elsentity - INFO - Module loaded.
2024-08-17 18:38:30,961 - elsapy.utils - INFO - Module loaded.
2024-08-17 18:38:30,962 - elsapy.elsprofile - INFO - Module loaded.
2024-08-17 18:38:30,962 - elsapy.elsdoc - INFO - Module loaded.
2024-08-17 18:38:30,963 - elsapy.elssearch - INFO - Module loaded.
2024-08-17 18:42:53,693 - elsapy.elsclient - INFO - Module loaded.
2024-08-17 18:42:53,694 - elsapy.elsentity - INFO - Module loaded.
2024-08-17 18:42:53,694 - elsapy.utils - INFO - Module loaded.
2024-08-17 18:42:53,695 - elsapy.elsprofile - INFO - Module loaded.
2024-08-17 18:42:53,695 - elsapy.elsdoc - INFO - Module loaded.
2024-08-17 18:42:53,696 - elsapy.elssearch - INFO - Module loaded.
2024-08-17 18:43:06,624 - elsapy.elsclient - INFO - Module loaded.
2024-08-17 18:43:06,625 - elsapy.elsentity - INFO - Module loaded.
2024-08-17 18:43:06,626 - elsapy.utils - INFO - Module loaded.
2024-08-17 18:43:06,626 - elsapy.elsprofile - INFO - Module loaded.
2024-08-17 18:43:06,627 - elsapy.elsdoc - INFO - Module loaded.
2024-08-17 18:43:06,627 - elsapy.elssearch - INFO - Module loaded.
2024-08-17 18:43:42,169 - elsapy.elsclient - INFO - Module loaded.
2024-08-17 18:43:42,170 - elsapy.elsentity - INFO - Module loaded.
2024-08-17 18:43:42,170 - elsapy.utils - INFO - Module loaded.
2024-08-17 18:43:42,171 - elsapy.elsprofile - INFO - Module loaded.
2024-08-17 18:43:42,171 - elsapy.elsdoc - INFO - Module loaded.
2024-08-17 18:43:42,172 - elsapy.elssearch - INFO - Module loaded.
2024-08-17 18:44:18,319 - elsapy.elsclient - INFO - Module loaded.
2024-08-17 18:44:18,320 - elsapy.elsentity - INFO - Module loaded.
2024-08-17 18:44:18,320 - elsapy.utils - INFO - Module loaded.
2024-08-17 18:44:18,321 - elsapy.elsprofile - INFO - Module loaded.
2024-08-17 18:44:18,321 - elsapy.elsdoc - INFO - Module loaded.
2024-08-17 18:44:18,322 - elsapy.elssearch - INFO - Module loaded.
2024-08-17 18:44:56,218 - elsapy.elsclient - INFO - Module loaded.
2024-08-17 18:44:56,219 - elsapy.elsentity - INFO - Module loaded.
2024-08-17 18:44:56,220 - elsapy.utils - INFO - Module loaded.
2024-08-17 18:44:56,220 - elsapy.elsprofile - INFO - Module loaded.
2024-08-17 18:44:56,221 - elsapy.elsdoc - INFO - Module loaded.
2024-08-17 18:44:56,221 - elsapy.elssearch - INFO - Module loaded.
2024-08-17 18:47:37,053 - elsapy.elsclient - INFO - Module loaded.
2024-08-17 18:47:37,054 - elsapy.elsentity - INFO - Module loaded.
2024-08-17 18:47:37,055 - elsapy.utils - INFO - Module loaded.
2024-08-17 18:47:37,055 - elsapy.elsprofile - INFO - Module loaded.
2024-08-17 18:47:37,056 - elsapy.elsdoc - INFO - Module loaded.
2024-08-17 18:47:37,057 - elsapy.elssearch - INFO - Module loaded.
2024-08-17 18:47:46,456 - elsapy.elsclient - INFO - Module loaded.
2024-08-17 18:47:46,457 - elsapy.elsentity - INFO - Module loaded.
2024-08-17 18:47:46,458 - elsapy.utils - INFO - Module loaded.
2024-08-17 18:47:46,458 - elsapy.elsprofile - INFO - Module loaded.
2024-08-17 18:47:46,459 - elsapy.elsdoc - INFO - Module loaded.
2024-08-17 18:47:46,460 - elsapy.elssearch - INFO - Module loaded.
2024-08-17 18:57:14,645 - elsapy.elsclient - INFO - Module loaded.
2024-08-17 18:57:14,646 - elsapy.elsentity - INFO - Module loaded.
2024-08-17 18:57:14,647 - elsapy.utils - INFO - Module loaded.
2024-08-17 18:57:14,647 - elsapy.elsprofile - INFO - Module loaded.
2024-08-17 18:57:14,648 - elsapy.elsdoc - INFO - Module loaded.
2024-08-17 18:57:14,649 - elsapy.elssearch - INFO - Module loaded.
2024-08-17 19:52:27,225 - elsapy.elsclient - INFO - Module loaded.
2024-08-17 19:52:27,226 - elsapy.elsentity - INFO - Module loaded.
2024-08-17 19:52:27,227 - elsapy.utils - INFO - Module loaded.
2024-08-17 19:52:27,227 - elsapy.elsprofile - INFO - Module loaded.
2024-08-17 19:52:27,228 - elsapy.elsdoc - INFO - Module loaded.
2024-08-17 19:52:27,229 - elsapy.elssearch - INFO - Module loaded.
2024-08-17 20:08:42,775 - elsapy.elsclient - INFO - Module loaded.
2024-08-17 20:08:42,776 - elsapy.elsentity - INFO - Module loaded.
2024-08-17 20:08:42,776 - elsapy.utils - INFO - Module loaded.
2024-08-17 20:08:42,777 - elsapy.elsprofile - INFO - Module loaded.
2024-08-17 20:08:42,777 - elsapy.elsdoc - INFO - Module loaded.
2024-08-17 20:08:42,778 - elsapy.elssearch - INFO - Module loaded.
2024-08-17 20:09:24,337 - elsapy.elsclient - INFO - Module loaded.
2024-08-17 20:09:24,338 - elsapy.elsentity - INFO - Module loaded.
2024-08-17 20:09:24,339 - elsapy.utils - INFO - Module loaded.
2024-08-17 20:09:24,339 - elsapy.elsprofile - INFO - Module loaded.
2024-08-17 20:09:24,340 - elsapy.elsdoc - INFO - Module loaded.
2024-08-17 20:09:24,341 - elsapy.elssearch - INFO - Module loaded.
2024-08-17 20:09:59,371 - elsapy.elsclient - INFO - Module loaded.
2024-08-17 20:09:59,372 - elsapy.elsentity - INFO - Module loaded.
2024-08-17 20:09:59,373 - elsapy.utils - INFO - Module loaded.
2024-08-17 20:09:59,373 - elsapy.elsprofile - INFO - Module loaded.
2024-08-17 20:09:59,374 - elsapy.elsdoc - INFO - Module loaded.
2024-08-17 20:09:59,375 - elsapy.elssearch - INFO - Module loaded.
2024-08-17 20:20:18,977 - elsapy.elsclient - INFO - Module loaded.
2024-08-17 20:20:18,978 - elsapy.elsentity - INFO - Module loaded.
2024-08-17 20:20:18,979 - elsapy.utils - INFO - Module loaded.
2024-08-17 20:20:18,979 - elsapy.elsprofile - INFO - Module loaded.
2024-08-17 20:20:18,980 - elsapy.elsdoc - INFO - Module loaded.
2024-08-17 20:20:18,980 - elsapy.elssearch - INFO - Module loaded.
2024-08-17 20:26:09,854 - elsapy.elsclient - INFO - Module loaded.
2024-08-17 20:26:09,855 - elsapy.elsentity - INFO - Module loaded.
2024-08-17 20:26:09,855 - elsapy.utils - INFO - Module loaded.
2024-08-17 20:26:09,856 - elsapy.elsprofile - INFO - Module loaded.
2024-08-17 20:26:09,856 - elsapy.elsdoc - INFO - Module loaded.
2024-08-17 20:26:09,857 - elsapy.elssearch - INFO - Module loaded.
2024-08-17 20:28:35,420 - elsapy.elsclient - INFO - Module loaded.
2024-08-17 20:28:35,421 - elsapy.elsentity - INFO - Module loaded.
2024-08-17 20:28:35,422 - elsapy.utils - INFO - Module loaded.
2024-08-17 20:28:35,422 - elsapy.elsprofile - INFO - Module loaded.
2024-08-17 20:28:35,423 - elsapy.elsdoc - INFO - Module loaded.
2024-08-17 20:28:35,424 - elsapy.elssearch - INFO - Module loaded.
2024-08-17 21:30:00,592 - elsapy.elsclient - INFO - Module loaded.
2024-08-17 21:30:00,593 - elsapy.elsentity - INFO - Module loaded.
2024-08-17 21:30:00,594 - elsapy.utils - INFO - Module loaded.
2024-08-17 21:30:00,594 - elsapy.elsprofile - INFO - Module loaded.
2024-08-17 21:30:00,595 - elsapy.elsdoc - INFO - Module loaded.
2024-08-17 21:30:00,596 - elsapy.elssearch - INFO - Module loaded.
2024-08-17 21:41:45,616 - elsapy.elsclient - INFO - Module loaded.
2024-08-17 21:41:45,617 - elsapy.elsentity - INFO - Module loaded.
2024-08-17 21:41:45,618 - elsapy.utils - INFO - Module loaded.
2024-08-17 21:41:45,618 - elsapy.elsprofile - INFO - Module loaded.
2024-08-17 21:41:45,619 - elsapy.elsdoc - INFO - Module loaded.
2024-08-17 21:41:45,620 - elsapy.elssearch - INFO - Module loaded.
2024-08-17 21:42:25,071 - elsapy.elsclient - INFO - Module loaded.
2024-08-17 21:42:25,072 - elsapy.elsentity - INFO - Module loaded.
2024-08-17 21:42:25,073 - elsapy.utils - INFO - Module loaded.
2024-08-17 21:42:25,073 - elsapy.elsprofile - INFO - Module loaded.
2024-08-17 21:42:25,074 - elsapy.elsdoc - INFO - Module loaded.
2024-08-17 21:42:25,075 - elsapy.elssearch - INFO - Module loaded.
2024-08-17 21:42:40,925 - elsapy.elsclient - INFO - Module loaded.
2024-08-17 21:42:40,926 - elsapy.elsentity - INFO - Module loaded.
2024-08-17 21:42:40,926 - elsapy.utils - INFO - Module loaded.
2024-08-17 21:42:40,927 - elsapy.elsprofile - INFO - Module loaded.
2024-08-17 21:42:40,927 - elsapy.elsdoc - INFO - Module loaded.
2024-08-17 21:42:40,928 - elsapy.elssearch - INFO - Module loaded.
2024-08-17 21:44:23,631 - elsapy.elsclient - INFO - Module loaded.
2024-08-17 21:44:23,632 - elsapy.elsentity - INFO - Module loaded.
2024-08-17 21:44:23,632 - elsapy.utils - INFO - Module loaded.
2024-08-17 21:44:23,633 - elsapy.elsprofile - INFO - Module loaded.
2024-08-17 21:44:23,633 - elsapy.elsdoc - INFO - Module loaded.
2024-08-17 21:44:23,634 - elsapy.elssearch - INFO - Module loaded.
2024-08-17 21:45:49,917 - elsapy.elsclient - INFO - Module loaded.
2024-08-17 21:45:49,918 - elsapy.elsentity - INFO - Module loaded.
2024-08-17 21:45:49,918 - elsapy.utils - INFO - Module loaded.
2024-08-17 21:45:49,919 - elsapy.elsprofile - INFO - Module loaded.
2024-08-17 21:45:49,919 - elsapy.elsdoc - INFO - Module loaded.
2024-08-17 21:45:49,920 - elsapy.elssearch - INFO - Module loaded.
2024-08-17 21:47:52,418 - elsapy.elsclient - INFO - Module loaded.
2024-08-17 21:47:52,419 - elsapy.elsentity - INFO - Module loaded.
2024-08-17 21:47:52,420 - elsapy.utils - INFO - Module loaded.
2024-08-17 21:47:52,420 - elsapy.elsprofile - INFO - Module loaded.
2024-08-17 21:47:52,421 - elsapy.elsdoc - INFO - Module loaded.
2024-08-17 21:47:52,421 - elsapy.elssearch - INFO - Module loaded.
2024-08-17 21:49:48,734 - elsapy.elsclient - INFO - Module loaded.
2024-08-17 21:49:48,735 - elsapy.elsentity - INFO - Module loaded.
2024-08-17 21:49:48,736 - elsapy.utils - INFO - Module loaded.
2024-08-17 21:49:48,736 - elsapy.elsprofile - INFO - Module loaded.
2024-08-17 21:49:48,737 - elsapy.elsdoc - INFO - Module loaded.
2024-08-17 21:49:48,738 - elsapy.elssearch - INFO - Module loaded.
2024-08-17 21:56:16,411 - elsapy.elsclient - INFO - Module loaded.
2024-08-17 21:56:16,412 - elsapy.elsentity - INFO - Module loaded.
2024-08-17 21:56:16,413 - elsapy.utils - INFO - Module loaded.
2024-08-17 21:56:16,413 - elsapy.elsprofile - INFO - Module loaded.
2024-08-17 21:56:16,414 - elsapy.elsdoc - INFO - Module loaded.
2024-08-17 21:56:16,414 - elsapy.elssearch - INFO - Module loaded.
2024-08-17 22:01:32,729 - elsapy.elsclient - INFO - Module loaded.
2024-08-17 22:01:32,730 - elsapy.elsentity - INFO - Module loaded.
2024-08-17 22:01:32,731 - elsapy.utils - INFO - Module loaded.
2024-08-17 22:01:32,731 - elsapy.elsprofile - INFO - Module loaded.
2024-08-17 22:01:32,731 - elsapy.elsdoc - INFO - Module loaded.
2024-08-17 22:01:32,732 - elsapy.elssearch - INFO - Module loaded.
2024-08-17 22:06:14,910 - elsapy.elsclient - INFO - Module loaded.
2024-08-17 22:06:14,911 - elsapy.elsentity - INFO - Module loaded.
2024-08-17 22:06:14,912 - elsapy.utils - INFO - Module loaded.
2024-08-17 22:06:14,912 - elsapy.elsprofile - INFO - Module loaded.
2024-08-17 22:06:14,913 - elsapy.elsdoc - INFO - Module loaded.
2024-08-17 22:06:14,913 - elsapy.elssearch - INFO - Module loaded.
2024-08-17 22:09:14,497 - elsapy.elsclient - INFO - Module loaded.
2024-08-17 22:09:14,498 - elsapy.elsentity - INFO - Module loaded.
2024-08-17 22:09:14,499 - elsapy.utils - INFO - Module loaded.
2024-08-17 22:09:14,499 - elsapy.elsprofile - INFO - Module loaded.
2024-08-17 22:09:14,500 - elsapy.elsdoc - INFO - Module loaded.
2024-08-17 22:09:14,501 - elsapy.elssearch - INFO - Module loaded.
2024-08-17 22:11:57,260 - elsapy.elsclient - INFO - Module loaded.
2024-08-17 22:11:57,261 - elsapy.elsentity - INFO - Module loaded.
2024-08-17 22:11:57,261 - elsapy.utils - INFO - Module loaded.
2024-08-17 22:11:57,262 - elsapy.elsprofile - INFO - Module loaded.
2024-08-17 22:11:57,262 - elsapy.elsdoc - INFO - Module loaded.
2024-08-17 22:11:57,263 - elsapy.elssearch - INFO - Module loaded.
2024-08-17 22:42:37,897 - elsapy.elsclient - INFO - Module loaded.
2024-08-17 22:42:37,898 - elsapy.elsentity - INFO - Module loaded.
2024-08-17 22:42:37,898 - elsapy.utils - INFO - Module loaded.
2024-08-17 22:42:37,899 - elsapy.elsprofile - INFO - Module loaded.
2024-08-17 22:42:37,899 - elsapy.elsdoc - INFO - Module loaded.
2024-08-17 22:42:37,900 - elsapy.elssearch - INFO - Module loaded.
2024-08-17 22:45:13,903 - elsapy.elsclient - INFO - Module loaded.
2024-08-17 22:45:13,904 - elsapy.elsentity - INFO - Module loaded.
2024-08-17 22:45:13,905 - elsapy.utils - INFO - Module loaded.
2024-08-17 22:45:13,905 - elsapy.elsprofile - INFO - Module loaded.
2024-08-17 22:45:13,906 - elsapy.elsdoc - INFO - Module loaded.
2024-08-17 22:45:13,907 - elsapy.elssearch - INFO - Module loaded.
2024-08-17 22:50:26,658 - elsapy.elsclient - INFO - Module loaded.
2024-08-17 22:50:26,659 - elsapy.elsentity - INFO - Module loaded.
2024-08-17 22:50:26,659 - elsapy.utils - INFO - Module loaded.
2024-08-17 22:50:26,660 - elsapy.elsprofile - INFO - Module loaded.
2024-08-17 22:50:26,660 - elsapy.elsdoc - INFO - Module loaded.
2024-08-17 22:50:26,661 - elsapy.elssearch - INFO - Module loaded.
2024-08-17 22:53:27,190 - elsapy.elsclient - INFO - Module loaded.
2024-08-17 22:53:27,191 - elsapy.elsentity - INFO - Module loaded.
2024-08-17 22:53:27,192 - elsapy.utils - INFO - Module loaded.
2024-08-17 22:53:27,192 - elsapy.elsprofile - INFO - Module loaded.
2024-08-17 22:53:27,193 - elsapy.elsdoc - INFO - Module loaded.
2024-08-17 22:53:27,193 - elsapy.elssearch - INFO - Module loaded.
2024-08-17 22:55:12,544 - elsapy.elsclient - INFO - Module loaded.
2024-08-17 22:55:12,549 - elsapy.elsentity - INFO - Module loaded.
2024-08-17 22:55:12,549 - elsapy.utils - INFO - Module loaded.
2024-08-17 22:55:12,549 - elsapy.elsprofile - INFO - Module loaded.
2024-08-17 22:55:12,551 - elsapy.elsdoc - INFO - Module loaded.
2024-08-17 22:55:12,551 - elsapy.elssearch - INFO - Module loaded.
2024-08-17 22:59:07,323 - elsapy.elsclient - INFO - Module loaded.
2024-08-17 22:59:07,324 - elsapy.elsentity - INFO - Module loaded.
2024-08-17 22:59:07,325 - elsapy.utils - INFO - Module loaded.
2024-08-17 22:59:07,325 - elsapy.elsprofile - INFO - Module loaded.
2024-08-17 22:59:07,326 - elsapy.elsdoc - INFO - Module loaded.
2024-08-17 22:59:07,326 - elsapy.elssearch - INFO - Module loaded.
2024-08-17 23:36:15,580 - elsapy.elsclient - INFO - Module loaded.
2024-08-17 23:36:15,581 - elsapy.elsentity - INFO - Module loaded.
2024-08-17 23:36:15,581 - elsapy.utils - INFO - Module loaded.
2024-08-17 23:36:15,582 - elsapy.elsprofile - INFO - Module loaded.
2024-08-17 23:36:15,582 - elsapy.elsdoc - INFO - Module loaded.
2024-08-17 23:36:15,583 - elsapy.elssearch - INFO - Module loaded.
2024-08-17 23:36:57,531 - elsapy.elsclient - INFO - Module loaded.
2024-08-17 23:36:57,532 - elsapy.elsentity - INFO - Module loaded.
2024-08-17 23:36:57,533 - elsapy.utils - INFO - Module loaded.
2024-08-17 23:36:57,533 - elsapy.elsprofile - INFO - Module loaded.
2024-08-17 23:36:57,534 - elsapy.elsdoc - INFO - Module loaded.
2024-08-17 23:36:57,535 - elsapy.elssearch - INFO - Module loaded.
2024-08-17 23:57:50,278 - elsapy.elsclient - INFO - Module loaded.
2024-08-17 23:57:50,280 - elsapy.elsentity - INFO - Module loaded.
2024-08-17 23:57:50,281 - elsapy.utils - INFO - Module loaded.
2024-08-17 23:57:50,281 - elsapy.elsprofile - INFO - Module loaded.
2024-08-17 23:57:50,282 - elsapy.elsdoc - INFO - Module loaded.
2024-08-17 23:57:50,283 - elsapy.elssearch - INFO - Module loaded.
