2024-05-27 07:46:21,569 - elsapy.elsclient - INFO - Module loaded.
2024-05-27 07:46:21,571 - elsapy.elsentity - INFO - Module loaded.
2024-05-27 07:46:21,572 - elsapy.utils - INFO - Module loaded.
2024-05-27 07:46:21,572 - elsapy.elsprofile - INFO - Module loaded.
2024-05-27 07:46:21,573 - elsapy.elsdoc - INFO - Module loaded.
2024-05-27 07:46:21,574 - elsapy.elssearch - INFO - Module loaded.
2024-05-27 07:53:32,750 - elsapy.elsclient - INFO - Module loaded.
2024-05-27 07:53:32,752 - elsapy.elsentity - INFO - Module loaded.
2024-05-27 07:53:32,753 - elsapy.utils - INFO - Module loaded.
2024-05-27 07:53:32,754 - elsapy.elsprofile - INFO - Module loaded.
2024-05-27 07:53:32,755 - elsapy.elsdoc - INFO - Module loaded.
2024-05-27 07:53:32,757 - elsapy.elssearch - INFO - Module loaded.
2024-05-27 08:01:11,678 - elsapy.elsclient - INFO - Module loaded.
2024-05-27 08:01:11,681 - elsapy.elsentity - INFO - Module loaded.
2024-05-27 08:01:11,681 - elsapy.utils - INFO - Module loaded.
2024-05-27 08:01:11,682 - elsapy.elsprofile - INFO - Module loaded.
2024-05-27 08:01:11,683 - elsapy.elsdoc - INFO - Module loaded.
2024-05-27 08:01:11,684 - elsapy.elssearch - INFO - Module loaded.
2024-05-27 08:26:02,811 - elsapy.elsclient - INFO - Module loaded.
2024-05-27 08:26:02,892 - elsapy.elsentity - INFO - Module loaded.
2024-05-27 08:26:02,893 - elsapy.utils - INFO - Module loaded.
2024-05-27 08:26:02,893 - elsapy.elsprofile - INFO - Module loaded.
2024-05-27 08:26:02,894 - elsapy.elsdoc - INFO - Module loaded.
2024-05-27 08:26:02,895 - elsapy.elssearch - INFO - Module loaded.
2024-05-27 08:26:39,214 - elsapy.elsclient - INFO - Module loaded.
2024-05-27 08:26:39,216 - elsapy.elsentity - INFO - Module loaded.
2024-05-27 08:26:39,216 - elsapy.utils - INFO - Module loaded.
2024-05-27 08:26:39,217 - elsapy.elsprofile - INFO - Module loaded.
2024-05-27 08:26:39,218 - elsapy.elsdoc - INFO - Module loaded.
2024-05-27 08:26:39,219 - elsapy.elssearch - INFO - Module loaded.
2024-05-27 10:49:14,911 - elsapy.elsclient - INFO - Module loaded.
2024-05-27 10:49:14,913 - elsapy.elsentity - INFO - Module loaded.
2024-05-27 10:49:14,914 - elsapy.utils - INFO - Module loaded.
2024-05-27 10:49:14,914 - elsapy.elsprofile - INFO - Module loaded.
2024-05-27 10:49:14,915 - elsapy.elsdoc - INFO - Module loaded.
2024-05-27 10:49:14,916 - elsapy.elssearch - INFO - Module loaded.
2024-05-27 11:00:18,512 - elsapy.elsclient - INFO - Module loaded.
2024-05-27 11:00:18,513 - elsapy.elsentity - INFO - Module loaded.
2024-05-27 11:00:18,514 - elsapy.utils - INFO - Module loaded.
2024-05-27 11:00:18,515 - elsapy.elsprofile - INFO - Module loaded.
2024-05-27 11:00:18,516 - elsapy.elsdoc - INFO - Module loaded.
2024-05-27 11:00:18,517 - elsapy.elssearch - INFO - Module loaded.
2024-05-27 11:33:31,280 - elsapy.elsclient - INFO - Module loaded.
2024-05-27 11:33:31,282 - elsapy.elsentity - INFO - Module loaded.
2024-05-27 11:33:31,283 - elsapy.utils - INFO - Module loaded.
2024-05-27 11:33:31,283 - elsapy.elsprofile - INFO - Module loaded.
2024-05-27 11:33:31,512 - elsapy.elsdoc - INFO - Module loaded.
2024-05-27 11:33:31,514 - elsapy.elssearch - INFO - Module loaded.
2024-05-27 11:34:23,628 - elsapy.elsclient - INFO - Module loaded.
2024-05-27 11:34:23,629 - elsapy.elsentity - INFO - Module loaded.
2024-05-27 11:34:23,630 - elsapy.utils - INFO - Module loaded.
2024-05-27 11:34:23,631 - elsapy.elsprofile - INFO - Module loaded.
2024-05-27 11:34:23,632 - elsapy.elsdoc - INFO - Module loaded.
2024-05-27 11:34:23,633 - elsapy.elssearch - INFO - Module loaded.
2024-05-27 12:03:40,914 - elsapy.elsclient - INFO - Module loaded.
2024-05-27 12:03:40,923 - elsapy.elsentity - INFO - Module loaded.
2024-05-27 12:03:40,928 - elsapy.utils - INFO - Module loaded.
2024-05-27 12:03:40,928 - elsapy.elsprofile - INFO - Module loaded.
2024-05-27 12:03:40,934 - elsapy.elsdoc - INFO - Module loaded.
2024-05-27 12:03:40,937 - elsapy.elssearch - INFO - Module loaded.
2024-05-27 12:07:48,491 - elsapy.elsclient - INFO - Module loaded.
2024-05-27 12:07:48,492 - elsapy.elsentity - INFO - Module loaded.
2024-05-27 12:07:48,493 - elsapy.utils - INFO - Module loaded.
2024-05-27 12:07:48,493 - elsapy.elsprofile - INFO - Module loaded.
2024-05-27 12:07:48,494 - elsapy.elsdoc - INFO - Module loaded.
2024-05-27 12:07:48,494 - elsapy.elssearch - INFO - Module loaded.
2024-05-27 12:08:03,178 - elsapy.elsclient - INFO - Module loaded.
2024-05-27 12:08:03,180 - elsapy.elsentity - INFO - Module loaded.
2024-05-27 12:08:03,180 - elsapy.utils - INFO - Module loaded.
2024-05-27 12:08:03,180 - elsapy.elsprofile - INFO - Module loaded.
2024-05-27 12:08:03,181 - elsapy.elsdoc - INFO - Module loaded.
2024-05-27 12:08:03,182 - elsapy.elssearch - INFO - Module loaded.
2024-05-27 12:17:22,456 - elsapy.elsclient - INFO - Module loaded.
2024-05-27 12:17:22,457 - elsapy.elsentity - INFO - Module loaded.
2024-05-27 12:17:22,458 - elsapy.utils - INFO - Module loaded.
2024-05-27 12:17:22,458 - elsapy.elsprofile - INFO - Module loaded.
2024-05-27 12:17:22,459 - elsapy.elsdoc - INFO - Module loaded.
2024-05-27 12:17:22,460 - elsapy.elssearch - INFO - Module loaded.
2024-05-27 12:20:23,615 - elsapy.elsclient - INFO - Module loaded.
2024-05-27 12:20:23,616 - elsapy.elsentity - INFO - Module loaded.
2024-05-27 12:20:23,616 - elsapy.utils - INFO - Module loaded.
2024-05-27 12:20:23,617 - elsapy.elsprofile - INFO - Module loaded.
2024-05-27 12:20:23,617 - elsapy.elsdoc - INFO - Module loaded.
2024-05-27 12:20:23,618 - elsapy.elssearch - INFO - Module loaded.
2024-05-27 12:24:13,601 - elsapy.elsclient - INFO - Module loaded.
2024-05-27 12:24:13,602 - elsapy.elsentity - INFO - Module loaded.
2024-05-27 12:24:13,603 - elsapy.utils - INFO - Module loaded.
2024-05-27 12:24:13,603 - elsapy.elsprofile - INFO - Module loaded.
2024-05-27 12:24:13,604 - elsapy.elsdoc - INFO - Module loaded.
2024-05-27 12:24:13,605 - elsapy.elssearch - INFO - Module loaded.
2024-05-27 12:27:39,473 - elsapy.elsclient - INFO - Module loaded.
2024-05-27 12:27:39,474 - elsapy.elsentity - INFO - Module loaded.
2024-05-27 12:27:39,474 - elsapy.utils - INFO - Module loaded.
2024-05-27 12:27:39,475 - elsapy.elsprofile - INFO - Module loaded.
2024-05-27 12:27:39,475 - elsapy.elsdoc - INFO - Module loaded.
2024-05-27 12:27:39,476 - elsapy.elssearch - INFO - Module loaded.
2024-05-27 12:27:55,320 - elsapy.elsclient - INFO - Module loaded.
2024-05-27 12:27:55,321 - elsapy.elsentity - INFO - Module loaded.
2024-05-27 12:27:55,321 - elsapy.utils - INFO - Module loaded.
2024-05-27 12:27:55,322 - elsapy.elsprofile - INFO - Module loaded.
2024-05-27 12:27:55,322 - elsapy.elsdoc - INFO - Module loaded.
2024-05-27 12:27:55,323 - elsapy.elssearch - INFO - Module loaded.
2024-05-27 12:32:06,167 - elsapy.elsclient - INFO - Module loaded.
2024-05-27 12:32:06,168 - elsapy.elsentity - INFO - Module loaded.
2024-05-27 12:32:06,169 - elsapy.utils - INFO - Module loaded.
2024-05-27 12:32:06,169 - elsapy.elsprofile - INFO - Module loaded.
2024-05-27 12:32:06,170 - elsapy.elsdoc - INFO - Module loaded.
2024-05-27 12:32:06,171 - elsapy.elssearch - INFO - Module loaded.
2024-05-27 12:34:05,197 - elsapy.elsclient - INFO - Module loaded.
2024-05-27 12:34:05,198 - elsapy.elsentity - INFO - Module loaded.
2024-05-27 12:34:05,199 - elsapy.utils - INFO - Module loaded.
2024-05-27 12:34:05,199 - elsapy.elsprofile - INFO - Module loaded.
2024-05-27 12:34:05,200 - elsapy.elsdoc - INFO - Module loaded.
2024-05-27 12:34:05,201 - elsapy.elssearch - INFO - Module loaded.
2024-05-27 12:37:36,967 - elsapy.elsclient - INFO - Module loaded.
2024-05-27 12:37:36,968 - elsapy.elsentity - INFO - Module loaded.
2024-05-27 12:37:36,968 - elsapy.utils - INFO - Module loaded.
2024-05-27 12:37:36,969 - elsapy.elsprofile - INFO - Module loaded.
2024-05-27 12:37:36,969 - elsapy.elsdoc - INFO - Module loaded.
2024-05-27 12:37:36,970 - elsapy.elssearch - INFO - Module loaded.
2024-05-27 12:44:42,497 - elsapy.elsclient - INFO - Module loaded.
2024-05-27 12:44:42,498 - elsapy.elsentity - INFO - Module loaded.
2024-05-27 12:44:42,499 - elsapy.utils - INFO - Module loaded.
2024-05-27 12:44:42,499 - elsapy.elsprofile - INFO - Module loaded.
2024-05-27 12:44:42,500 - elsapy.elsdoc - INFO - Module loaded.
2024-05-27 12:44:42,500 - elsapy.elssearch - INFO - Module loaded.
2024-05-27 12:51:45,096 - elsapy.elsclient - INFO - Module loaded.
2024-05-27 12:51:45,098 - elsapy.elsentity - INFO - Module loaded.
2024-05-27 12:51:45,098 - elsapy.utils - INFO - Module loaded.
2024-05-27 12:51:45,099 - elsapy.elsprofile - INFO - Module loaded.
2024-05-27 12:51:45,099 - elsapy.elsdoc - INFO - Module loaded.
2024-05-27 12:51:45,100 - elsapy.elssearch - INFO - Module loaded.
2024-05-27 12:59:18,031 - elsapy.elsclient - INFO - Module loaded.
2024-05-27 12:59:18,032 - elsapy.elsentity - INFO - Module loaded.
2024-05-27 12:59:18,032 - elsapy.utils - INFO - Module loaded.
2024-05-27 12:59:18,033 - elsapy.elsprofile - INFO - Module loaded.
2024-05-27 12:59:18,033 - elsapy.elsdoc - INFO - Module loaded.
2024-05-27 12:59:18,034 - elsapy.elssearch - INFO - Module loaded.
2024-05-27 13:02:05,305 - elsapy.elsclient - INFO - Module loaded.
2024-05-27 13:02:05,306 - elsapy.elsentity - INFO - Module loaded.
2024-05-27 13:02:05,307 - elsapy.utils - INFO - Module loaded.
2024-05-27 13:02:05,307 - elsapy.elsprofile - INFO - Module loaded.
2024-05-27 13:02:05,308 - elsapy.elsdoc - INFO - Module loaded.
2024-05-27 13:02:05,308 - elsapy.elssearch - INFO - Module loaded.
2024-05-27 15:15:36,516 - elsapy.elsclient - INFO - Module loaded.
2024-05-27 15:15:36,517 - elsapy.elsentity - INFO - Module loaded.
2024-05-27 15:15:36,518 - elsapy.utils - INFO - Module loaded.
2024-05-27 15:15:36,518 - elsapy.elsprofile - INFO - Module loaded.
2024-05-27 15:15:36,519 - elsapy.elsdoc - INFO - Module loaded.
2024-05-27 15:15:36,520 - elsapy.elssearch - INFO - Module loaded.
2024-05-27 15:20:17,194 - elsapy.elsclient - INFO - Module loaded.
2024-05-27 15:20:17,195 - elsapy.elsentity - INFO - Module loaded.
2024-05-27 15:20:17,196 - elsapy.utils - INFO - Module loaded.
2024-05-27 15:20:17,196 - elsapy.elsprofile - INFO - Module loaded.
2024-05-27 15:20:17,197 - elsapy.elsdoc - INFO - Module loaded.
2024-05-27 15:20:17,198 - elsapy.elssearch - INFO - Module loaded.
2024-05-27 16:38:30,304 - elsapy.elsclient - INFO - Module loaded.
2024-05-27 16:38:30,305 - elsapy.elsentity - INFO - Module loaded.
2024-05-27 16:38:30,306 - elsapy.utils - INFO - Module loaded.
2024-05-27 16:38:30,306 - elsapy.elsprofile - INFO - Module loaded.
2024-05-27 16:38:30,307 - elsapy.elsdoc - INFO - Module loaded.
2024-05-27 16:38:30,308 - elsapy.elssearch - INFO - Module loaded.
2024-05-27 18:16:45,005 - elsapy.elsclient - INFO - Module loaded.
2024-05-27 18:16:45,006 - elsapy.elsentity - INFO - Module loaded.
2024-05-27 18:16:45,007 - elsapy.utils - INFO - Module loaded.
2024-05-27 18:16:45,007 - elsapy.elsprofile - INFO - Module loaded.
2024-05-27 18:16:45,008 - elsapy.elsdoc - INFO - Module loaded.
2024-05-27 18:16:45,009 - elsapy.elssearch - INFO - Module loaded.
2024-05-27 23:44:57,382 - elsapy.elsclient - INFO - Module loaded.
2024-05-27 23:44:57,383 - elsapy.elsentity - INFO - Module loaded.
2024-05-27 23:44:57,384 - elsapy.utils - INFO - Module loaded.
2024-05-27 23:44:57,385 - elsapy.elsprofile - INFO - Module loaded.
2024-05-27 23:44:57,386 - elsapy.elsdoc - INFO - Module loaded.
2024-05-27 23:44:57,387 - elsapy.elssearch - INFO - Module loaded.
