2024-07-16 21:38:38,539 - elsapy.elsclient - INFO - Module loaded.
2024-07-16 21:38:38,540 - elsapy.elsentity - INFO - Module loaded.
2024-07-16 21:38:38,541 - elsapy.utils - INFO - Module loaded.
2024-07-16 21:38:38,542 - elsapy.elsprofile - INFO - Module loaded.
2024-07-16 21:38:38,542 - elsapy.elsdoc - INFO - Module loaded.
2024-07-16 21:38:38,543 - elsapy.elssearch - INFO - Module loaded.
2024-07-16 21:57:34,760 - elsapy.elsclient - INFO - Module loaded.
2024-07-16 21:57:34,761 - elsapy.elsentity - INFO - Module loaded.
2024-07-16 21:57:34,762 - elsapy.utils - INFO - Module loaded.
2024-07-16 21:57:34,762 - elsapy.elsprofile - INFO - Module loaded.
2024-07-16 21:57:34,763 - elsapy.elsdoc - INFO - Module loaded.
2024-07-16 21:57:34,765 - elsapy.elssearch - INFO - Module loaded.
2024-07-16 22:12:41,518 - elsapy.elsclient - INFO - Module loaded.
2024-07-16 22:12:41,519 - elsapy.elsentity - INFO - Module loaded.
2024-07-16 22:12:41,520 - elsapy.utils - INFO - Module loaded.
2024-07-16 22:12:41,520 - elsapy.elsprofile - INFO - Module loaded.
2024-07-16 22:12:41,521 - elsapy.elsdoc - INFO - Module loaded.
2024-07-16 22:12:41,522 - elsapy.elssearch - INFO - Module loaded.
2024-07-16 22:30:05,380 - elsapy.elsclient - INFO - Module loaded.
2024-07-16 22:30:05,381 - elsapy.elsentity - INFO - Module loaded.
2024-07-16 22:30:05,381 - elsapy.utils - INFO - Module loaded.
2024-07-16 22:30:05,382 - elsapy.elsprofile - INFO - Module loaded.
2024-07-16 22:30:05,382 - elsapy.elsdoc - INFO - Module loaded.
2024-07-16 22:30:05,383 - elsapy.elssearch - INFO - Module loaded.
2024-07-16 22:43:01,591 - elsapy.elsclient - INFO - Module loaded.
2024-07-16 22:43:01,592 - elsapy.elsentity - INFO - Module loaded.
2024-07-16 22:43:01,593 - elsapy.utils - INFO - Module loaded.
2024-07-16 22:43:01,593 - elsapy.elsprofile - INFO - Module loaded.
2024-07-16 22:43:01,594 - elsapy.elsdoc - INFO - Module loaded.
2024-07-16 22:43:01,595 - elsapy.elssearch - INFO - Module loaded.
