2024-05-31 12:34:58,388 - elsapy.elsclient - INFO - Module loaded.
2024-05-31 12:34:58,389 - elsapy.elsentity - INFO - Module loaded.
2024-05-31 12:34:58,390 - elsapy.utils - INFO - Module loaded.
2024-05-31 12:34:58,390 - elsapy.elsprofile - INFO - Module loaded.
2024-05-31 12:34:58,391 - elsapy.elsdoc - INFO - Module loaded.
2024-05-31 12:34:58,391 - elsapy.elssearch - INFO - Module loaded.
2024-05-31 12:36:37,127 - elsapy.elsclient - INFO - Module loaded.
2024-05-31 12:36:37,128 - elsapy.elsentity - INFO - Module loaded.
2024-05-31 12:36:37,129 - elsapy.utils - INFO - Module loaded.
2024-05-31 12:36:37,129 - elsapy.elsprofile - INFO - Module loaded.
2024-05-31 12:36:37,129 - elsapy.elsdoc - INFO - Module loaded.
2024-05-31 12:36:37,130 - elsapy.elssearch - INFO - Module loaded.
2024-05-31 12:36:50,155 - elsapy.elsclient - INFO - Module loaded.
2024-05-31 12:36:50,156 - elsapy.elsentity - INFO - Module loaded.
2024-05-31 12:36:50,157 - elsapy.utils - INFO - Module loaded.
2024-05-31 12:36:50,157 - elsapy.elsprofile - INFO - Module loaded.
2024-05-31 12:36:50,158 - elsapy.elsdoc - INFO - Module loaded.
2024-05-31 12:36:50,159 - elsapy.elssearch - INFO - Module loaded.
2024-05-31 12:37:16,380 - elsapy.elsclient - INFO - Module loaded.
2024-05-31 12:37:16,381 - elsapy.elsentity - INFO - Module loaded.
2024-05-31 12:37:16,381 - elsapy.utils - INFO - Module loaded.
2024-05-31 12:37:16,382 - elsapy.elsprofile - INFO - Module loaded.
2024-05-31 12:37:16,382 - elsapy.elsdoc - INFO - Module loaded.
2024-05-31 12:37:16,383 - elsapy.elssearch - INFO - Module loaded.
2024-05-31 12:38:04,894 - elsapy.elsclient - INFO - Module loaded.
2024-05-31 12:38:04,895 - elsapy.elsentity - INFO - Module loaded.
2024-05-31 12:38:04,896 - elsapy.utils - INFO - Module loaded.
2024-05-31 12:38:04,896 - elsapy.elsprofile - INFO - Module loaded.
2024-05-31 12:38:04,897 - elsapy.elsdoc - INFO - Module loaded.
2024-05-31 12:38:04,898 - elsapy.elssearch - INFO - Module loaded.
2024-05-31 12:38:32,744 - elsapy.elsclient - INFO - Module loaded.
2024-05-31 12:38:32,745 - elsapy.elsentity - INFO - Module loaded.
2024-05-31 12:38:32,746 - elsapy.utils - INFO - Module loaded.
2024-05-31 12:38:32,746 - elsapy.elsprofile - INFO - Module loaded.
2024-05-31 12:38:32,747 - elsapy.elsdoc - INFO - Module loaded.
2024-05-31 12:38:32,747 - elsapy.elssearch - INFO - Module loaded.
2024-05-31 12:41:45,139 - elsapy.elsclient - INFO - Module loaded.
2024-05-31 12:41:45,140 - elsapy.elsentity - INFO - Module loaded.
2024-05-31 12:41:45,141 - elsapy.utils - INFO - Module loaded.
2024-05-31 12:41:45,141 - elsapy.elsprofile - INFO - Module loaded.
2024-05-31 12:41:45,142 - elsapy.elsdoc - INFO - Module loaded.
2024-05-31 12:41:45,142 - elsapy.elssearch - INFO - Module loaded.
2024-05-31 12:44:25,522 - elsapy.elsclient - INFO - Module loaded.
2024-05-31 12:44:25,523 - elsapy.elsentity - INFO - Module loaded.
2024-05-31 12:44:25,524 - elsapy.utils - INFO - Module loaded.
2024-05-31 12:44:25,524 - elsapy.elsprofile - INFO - Module loaded.
2024-05-31 12:44:25,525 - elsapy.elsdoc - INFO - Module loaded.
2024-05-31 12:44:25,526 - elsapy.elssearch - INFO - Module loaded.
2024-05-31 12:54:23,339 - elsapy.elsclient - INFO - Module loaded.
2024-05-31 12:54:23,340 - elsapy.elsentity - INFO - Module loaded.
2024-05-31 12:54:23,341 - elsapy.utils - INFO - Module loaded.
2024-05-31 12:54:23,341 - elsapy.elsprofile - INFO - Module loaded.
2024-05-31 12:54:23,342 - elsapy.elsdoc - INFO - Module loaded.
2024-05-31 12:54:23,342 - elsapy.elssearch - INFO - Module loaded.
2024-05-31 13:17:36,459 - elsapy.elsclient - INFO - Module loaded.
2024-05-31 13:17:36,460 - elsapy.elsentity - INFO - Module loaded.
2024-05-31 13:17:36,461 - elsapy.utils - INFO - Module loaded.
2024-05-31 13:17:36,461 - elsapy.elsprofile - INFO - Module loaded.
2024-05-31 13:17:36,462 - elsapy.elsdoc - INFO - Module loaded.
2024-05-31 13:17:36,463 - elsapy.elssearch - INFO - Module loaded.
2024-05-31 14:21:50,937 - elsapy.elsclient - INFO - Module loaded.
2024-05-31 14:21:50,938 - elsapy.elsentity - INFO - Module loaded.
2024-05-31 14:21:50,938 - elsapy.utils - INFO - Module loaded.
2024-05-31 14:21:50,939 - elsapy.elsprofile - INFO - Module loaded.
2024-05-31 14:21:50,939 - elsapy.elsdoc - INFO - Module loaded.
2024-05-31 14:21:50,940 - elsapy.elssearch - INFO - Module loaded.
2024-05-31 14:23:25,491 - elsapy.elsclient - INFO - Module loaded.
2024-05-31 14:23:25,492 - elsapy.elsentity - INFO - Module loaded.
2024-05-31 14:23:25,493 - elsapy.utils - INFO - Module loaded.
2024-05-31 14:23:25,493 - elsapy.elsprofile - INFO - Module loaded.
2024-05-31 14:23:25,494 - elsapy.elsdoc - INFO - Module loaded.
2024-05-31 14:23:25,494 - elsapy.elssearch - INFO - Module loaded.
2024-05-31 14:30:03,451 - elsapy.elsclient - INFO - Module loaded.
2024-05-31 14:30:03,452 - elsapy.elsentity - INFO - Module loaded.
2024-05-31 14:30:03,453 - elsapy.utils - INFO - Module loaded.
2024-05-31 14:30:03,453 - elsapy.elsprofile - INFO - Module loaded.
2024-05-31 14:30:03,454 - elsapy.elsdoc - INFO - Module loaded.
2024-05-31 14:30:03,455 - elsapy.elssearch - INFO - Module loaded.
2024-05-31 14:31:28,769 - elsapy.elsclient - INFO - Module loaded.
2024-05-31 14:31:28,771 - elsapy.elsentity - INFO - Module loaded.
2024-05-31 14:31:28,771 - elsapy.utils - INFO - Module loaded.
2024-05-31 14:31:28,771 - elsapy.elsprofile - INFO - Module loaded.
2024-05-31 14:31:28,772 - elsapy.elsdoc - INFO - Module loaded.
2024-05-31 14:31:28,773 - elsapy.elssearch - INFO - Module loaded.
2024-05-31 14:46:31,335 - elsapy.elsclient - INFO - Module loaded.
2024-05-31 14:46:31,336 - elsapy.elsentity - INFO - Module loaded.
2024-05-31 14:46:31,337 - elsapy.utils - INFO - Module loaded.
2024-05-31 14:46:31,337 - elsapy.elsprofile - INFO - Module loaded.
2024-05-31 14:46:31,338 - elsapy.elsdoc - INFO - Module loaded.
2024-05-31 14:46:31,339 - elsapy.elssearch - INFO - Module loaded.
2024-05-31 14:48:24,565 - elsapy.elsclient - INFO - Module loaded.
2024-05-31 14:48:24,566 - elsapy.elsentity - INFO - Module loaded.
2024-05-31 14:48:24,567 - elsapy.utils - INFO - Module loaded.
2024-05-31 14:48:24,567 - elsapy.elsprofile - INFO - Module loaded.
2024-05-31 14:48:24,568 - elsapy.elsdoc - INFO - Module loaded.
2024-05-31 14:48:24,569 - elsapy.elssearch - INFO - Module loaded.
2024-05-31 14:48:56,346 - elsapy.elsclient - INFO - Module loaded.
2024-05-31 14:48:56,348 - elsapy.elsentity - INFO - Module loaded.
2024-05-31 14:48:56,349 - elsapy.utils - INFO - Module loaded.
2024-05-31 14:48:56,349 - elsapy.elsprofile - INFO - Module loaded.
2024-05-31 14:48:56,350 - elsapy.elsdoc - INFO - Module loaded.
2024-05-31 14:48:56,351 - elsapy.elssearch - INFO - Module loaded.
2024-05-31 14:58:13,423 - elsapy.elsclient - INFO - Module loaded.
2024-05-31 14:58:13,424 - elsapy.elsentity - INFO - Module loaded.
2024-05-31 14:58:13,425 - elsapy.utils - INFO - Module loaded.
2024-05-31 14:58:13,425 - elsapy.elsprofile - INFO - Module loaded.
2024-05-31 14:58:13,426 - elsapy.elsdoc - INFO - Module loaded.
2024-05-31 14:58:13,427 - elsapy.elssearch - INFO - Module loaded.
2024-05-31 15:04:30,170 - elsapy.elsclient - INFO - Module loaded.
2024-05-31 15:04:30,171 - elsapy.elsentity - INFO - Module loaded.
2024-05-31 15:04:30,171 - elsapy.utils - INFO - Module loaded.
2024-05-31 15:04:30,172 - elsapy.elsprofile - INFO - Module loaded.
2024-05-31 15:04:30,172 - elsapy.elsdoc - INFO - Module loaded.
2024-05-31 15:04:30,173 - elsapy.elssearch - INFO - Module loaded.
2024-05-31 15:06:45,092 - elsapy.elsclient - INFO - Module loaded.
2024-05-31 15:06:45,093 - elsapy.elsentity - INFO - Module loaded.
2024-05-31 15:06:45,093 - elsapy.utils - INFO - Module loaded.
2024-05-31 15:06:45,094 - elsapy.elsprofile - INFO - Module loaded.
2024-05-31 15:06:45,094 - elsapy.elsdoc - INFO - Module loaded.
2024-05-31 15:06:45,095 - elsapy.elssearch - INFO - Module loaded.
2024-05-31 15:08:56,542 - elsapy.elsclient - INFO - Module loaded.
2024-05-31 15:08:56,543 - elsapy.elsentity - INFO - Module loaded.
2024-05-31 15:08:56,544 - elsapy.utils - INFO - Module loaded.
2024-05-31 15:08:56,544 - elsapy.elsprofile - INFO - Module loaded.
2024-05-31 15:08:56,545 - elsapy.elsdoc - INFO - Module loaded.
2024-05-31 15:08:56,546 - elsapy.elssearch - INFO - Module loaded.
2024-05-31 17:02:58,210 - elsapy.elsclient - INFO - Module loaded.
2024-05-31 17:02:58,211 - elsapy.elsentity - INFO - Module loaded.
2024-05-31 17:02:58,212 - elsapy.utils - INFO - Module loaded.
2024-05-31 17:02:58,212 - elsapy.elsprofile - INFO - Module loaded.
2024-05-31 17:02:58,213 - elsapy.elsdoc - INFO - Module loaded.
2024-05-31 17:02:58,214 - elsapy.elssearch - INFO - Module loaded.
2024-05-31 17:03:35,422 - elsapy.elsclient - INFO - Module loaded.
2024-05-31 17:03:35,423 - elsapy.elsentity - INFO - Module loaded.
2024-05-31 17:03:35,424 - elsapy.utils - INFO - Module loaded.
2024-05-31 17:03:35,424 - elsapy.elsprofile - INFO - Module loaded.
2024-05-31 17:03:35,425 - elsapy.elsdoc - INFO - Module loaded.
2024-05-31 17:03:35,426 - elsapy.elssearch - INFO - Module loaded.
2024-05-31 17:06:33,390 - elsapy.elsclient - INFO - Module loaded.
2024-05-31 17:06:33,391 - elsapy.elsentity - INFO - Module loaded.
2024-05-31 17:06:33,392 - elsapy.utils - INFO - Module loaded.
2024-05-31 17:06:33,392 - elsapy.elsprofile - INFO - Module loaded.
2024-05-31 17:06:33,393 - elsapy.elsdoc - INFO - Module loaded.
2024-05-31 17:06:33,393 - elsapy.elssearch - INFO - Module loaded.
2024-05-31 17:12:51,273 - elsapy.elsclient - INFO - Module loaded.
2024-05-31 17:12:51,274 - elsapy.elsentity - INFO - Module loaded.
2024-05-31 17:12:51,275 - elsapy.utils - INFO - Module loaded.
2024-05-31 17:12:51,275 - elsapy.elsprofile - INFO - Module loaded.
2024-05-31 17:12:51,276 - elsapy.elsdoc - INFO - Module loaded.
2024-05-31 17:12:51,277 - elsapy.elssearch - INFO - Module loaded.
2024-05-31 17:14:40,316 - elsapy.elsclient - INFO - Module loaded.
2024-05-31 17:14:40,317 - elsapy.elsentity - INFO - Module loaded.
2024-05-31 17:14:40,318 - elsapy.utils - INFO - Module loaded.
2024-05-31 17:14:40,318 - elsapy.elsprofile - INFO - Module loaded.
2024-05-31 17:14:40,319 - elsapy.elsdoc - INFO - Module loaded.
2024-05-31 17:14:40,319 - elsapy.elssearch - INFO - Module loaded.
2024-05-31 17:16:15,552 - elsapy.elsclient - INFO - Module loaded.
2024-05-31 17:16:15,553 - elsapy.elsentity - INFO - Module loaded.
2024-05-31 17:16:15,554 - elsapy.utils - INFO - Module loaded.
2024-05-31 17:16:15,554 - elsapy.elsprofile - INFO - Module loaded.
2024-05-31 17:16:15,555 - elsapy.elsdoc - INFO - Module loaded.
2024-05-31 17:16:15,556 - elsapy.elssearch - INFO - Module loaded.
2024-05-31 17:16:44,306 - elsapy.elsclient - INFO - Module loaded.
2024-05-31 17:16:44,307 - elsapy.elsentity - INFO - Module loaded.
2024-05-31 17:16:44,308 - elsapy.utils - INFO - Module loaded.
2024-05-31 17:16:44,308 - elsapy.elsprofile - INFO - Module loaded.
2024-05-31 17:16:44,309 - elsapy.elsdoc - INFO - Module loaded.
2024-05-31 17:16:44,309 - elsapy.elssearch - INFO - Module loaded.
2024-05-31 17:17:24,594 - elsapy.elsclient - INFO - Module loaded.
2024-05-31 17:17:24,595 - elsapy.elsentity - INFO - Module loaded.
2024-05-31 17:17:24,595 - elsapy.utils - INFO - Module loaded.
2024-05-31 17:17:24,596 - elsapy.elsprofile - INFO - Module loaded.
2024-05-31 17:17:24,596 - elsapy.elsdoc - INFO - Module loaded.
2024-05-31 17:17:24,597 - elsapy.elssearch - INFO - Module loaded.
2024-05-31 17:31:16,477 - elsapy.elsclient - INFO - Module loaded.
2024-05-31 17:31:16,478 - elsapy.elsentity - INFO - Module loaded.
2024-05-31 17:31:16,479 - elsapy.utils - INFO - Module loaded.
2024-05-31 17:31:16,479 - elsapy.elsprofile - INFO - Module loaded.
2024-05-31 17:31:16,480 - elsapy.elsdoc - INFO - Module loaded.
2024-05-31 17:31:16,480 - elsapy.elssearch - INFO - Module loaded.
2024-05-31 17:34:32,144 - elsapy.elsclient - INFO - Module loaded.
2024-05-31 17:34:32,145 - elsapy.elsentity - INFO - Module loaded.
2024-05-31 17:34:32,146 - elsapy.utils - INFO - Module loaded.
2024-05-31 17:34:32,146 - elsapy.elsprofile - INFO - Module loaded.
2024-05-31 17:34:32,147 - elsapy.elsdoc - INFO - Module loaded.
2024-05-31 17:34:32,148 - elsapy.elssearch - INFO - Module loaded.
2024-05-31 17:40:35,894 - elsapy.elsclient - INFO - Module loaded.
2024-05-31 17:40:35,895 - elsapy.elsentity - INFO - Module loaded.
2024-05-31 17:40:35,896 - elsapy.utils - INFO - Module loaded.
2024-05-31 17:40:35,896 - elsapy.elsprofile - INFO - Module loaded.
2024-05-31 17:40:35,897 - elsapy.elsdoc - INFO - Module loaded.
2024-05-31 17:40:35,897 - elsapy.elssearch - INFO - Module loaded.
2024-05-31 17:42:23,509 - elsapy.elsclient - INFO - Module loaded.
2024-05-31 17:42:23,510 - elsapy.elsentity - INFO - Module loaded.
2024-05-31 17:42:23,510 - elsapy.utils - INFO - Module loaded.
2024-05-31 17:42:23,511 - elsapy.elsprofile - INFO - Module loaded.
2024-05-31 17:42:23,511 - elsapy.elsdoc - INFO - Module loaded.
2024-05-31 17:42:23,512 - elsapy.elssearch - INFO - Module loaded.
2024-05-31 17:47:07,853 - elsapy.elsclient - INFO - Module loaded.
2024-05-31 17:47:07,854 - elsapy.elsentity - INFO - Module loaded.
2024-05-31 17:47:07,855 - elsapy.utils - INFO - Module loaded.
2024-05-31 17:47:07,855 - elsapy.elsprofile - INFO - Module loaded.
2024-05-31 17:47:07,856 - elsapy.elsdoc - INFO - Module loaded.
2024-05-31 17:47:07,857 - elsapy.elssearch - INFO - Module loaded.
2024-05-31 17:49:32,564 - elsapy.elsclient - INFO - Module loaded.
2024-05-31 17:49:32,565 - elsapy.elsentity - INFO - Module loaded.
2024-05-31 17:49:32,565 - elsapy.utils - INFO - Module loaded.
2024-05-31 17:49:32,566 - elsapy.elsprofile - INFO - Module loaded.
2024-05-31 17:49:32,566 - elsapy.elsdoc - INFO - Module loaded.
2024-05-31 17:49:32,567 - elsapy.elssearch - INFO - Module loaded.
2024-05-31 17:54:21,593 - elsapy.elsclient - INFO - Module loaded.
2024-05-31 17:54:21,594 - elsapy.elsentity - INFO - Module loaded.
2024-05-31 17:54:21,595 - elsapy.utils - INFO - Module loaded.
2024-05-31 17:54:21,596 - elsapy.elsprofile - INFO - Module loaded.
2024-05-31 17:54:21,596 - elsapy.elsdoc - INFO - Module loaded.
2024-05-31 17:54:21,597 - elsapy.elssearch - INFO - Module loaded.
2024-05-31 17:55:46,797 - elsapy.elsclient - INFO - Module loaded.
2024-05-31 17:55:46,798 - elsapy.elsentity - INFO - Module loaded.
2024-05-31 17:55:46,799 - elsapy.utils - INFO - Module loaded.
2024-05-31 17:55:46,799 - elsapy.elsprofile - INFO - Module loaded.
2024-05-31 17:55:46,800 - elsapy.elsdoc - INFO - Module loaded.
2024-05-31 17:55:46,801 - elsapy.elssearch - INFO - Module loaded.
