2024-07-26 08:04:07,856 - elsapy.elsclient - INFO - Module loaded.
2024-07-26 08:04:07,858 - elsapy.elsentity - INFO - Module loaded.
2024-07-26 08:04:07,858 - elsapy.utils - INFO - Module loaded.
2024-07-26 08:04:07,859 - elsapy.elsprofile - INFO - Module loaded.
2024-07-26 08:04:07,859 - elsapy.elsdoc - INFO - Module loaded.
2024-07-26 08:04:07,860 - elsapy.elssearch - INFO - Module loaded.
2024-07-26 08:23:22,254 - elsapy.elsclient - INFO - Module loaded.
2024-07-26 08:23:22,255 - elsapy.elsentity - INFO - Module loaded.
2024-07-26 08:23:22,256 - elsapy.utils - INFO - Module loaded.
2024-07-26 08:23:22,256 - elsapy.elsprofile - INFO - Module loaded.
2024-07-26 08:23:22,257 - elsapy.elsdoc - INFO - Module loaded.
2024-07-26 08:23:22,259 - elsapy.elssearch - INFO - Module loaded.
2024-07-26 08:49:56,516 - elsapy.elsclient - INFO - Module loaded.
2024-07-26 08:49:56,517 - elsapy.elsentity - INFO - Module loaded.
2024-07-26 08:49:56,518 - elsapy.utils - INFO - Module loaded.
2024-07-26 08:49:56,518 - elsapy.elsprofile - INFO - Module loaded.
2024-07-26 08:49:56,519 - elsapy.elsdoc - INFO - Module loaded.
2024-07-26 08:49:56,520 - elsapy.elssearch - INFO - Module loaded.
2024-07-26 08:55:35,808 - elsapy.elsclient - INFO - Module loaded.
2024-07-26 08:55:35,809 - elsapy.elsentity - INFO - Module loaded.
2024-07-26 08:55:35,810 - elsapy.utils - INFO - Module loaded.
2024-07-26 08:55:35,810 - elsapy.elsprofile - INFO - Module loaded.
2024-07-26 08:55:35,811 - elsapy.elsdoc - INFO - Module loaded.
2024-07-26 08:55:35,811 - elsapy.elssearch - INFO - Module loaded.
2024-07-26 09:05:23,484 - elsapy.elsclient - INFO - Module loaded.
2024-07-26 09:05:23,485 - elsapy.elsentity - INFO - Module loaded.
2024-07-26 09:05:23,485 - elsapy.utils - INFO - Module loaded.
2024-07-26 09:05:23,486 - elsapy.elsprofile - INFO - Module loaded.
2024-07-26 09:05:23,486 - elsapy.elsdoc - INFO - Module loaded.
2024-07-26 09:05:23,487 - elsapy.elssearch - INFO - Module loaded.
2024-07-26 09:20:27,922 - elsapy.elsclient - INFO - Module loaded.
2024-07-26 09:20:27,923 - elsapy.elsentity - INFO - Module loaded.
2024-07-26 09:20:27,924 - elsapy.utils - INFO - Module loaded.
2024-07-26 09:20:27,924 - elsapy.elsprofile - INFO - Module loaded.
2024-07-26 09:20:27,925 - elsapy.elsdoc - INFO - Module loaded.
2024-07-26 09:20:27,926 - elsapy.elssearch - INFO - Module loaded.
2024-07-26 12:19:04,099 - elsapy.elsclient - INFO - Module loaded.
2024-07-26 12:19:04,100 - elsapy.elsentity - INFO - Module loaded.
2024-07-26 12:19:04,101 - elsapy.utils - INFO - Module loaded.
2024-07-26 12:19:04,101 - elsapy.elsprofile - INFO - Module loaded.
2024-07-26 12:19:04,102 - elsapy.elsdoc - INFO - Module loaded.
2024-07-26 12:19:04,102 - elsapy.elssearch - INFO - Module loaded.
2024-07-26 12:42:57,863 - elsapy.elsclient - INFO - Module loaded.
2024-07-26 12:42:57,865 - elsapy.elsentity - INFO - Module loaded.
2024-07-26 12:42:57,865 - elsapy.utils - INFO - Module loaded.
2024-07-26 12:42:57,866 - elsapy.elsprofile - INFO - Module loaded.
2024-07-26 12:42:57,866 - elsapy.elsdoc - INFO - Module loaded.
2024-07-26 12:42:57,867 - elsapy.elssearch - INFO - Module loaded.
2024-07-26 13:05:25,871 - elsapy.elsclient - INFO - Module loaded.
2024-07-26 13:05:25,872 - elsapy.elsentity - INFO - Module loaded.
2024-07-26 13:05:25,873 - elsapy.utils - INFO - Module loaded.
2024-07-26 13:05:25,873 - elsapy.elsprofile - INFO - Module loaded.
2024-07-26 13:05:25,874 - elsapy.elsdoc - INFO - Module loaded.
2024-07-26 13:05:25,874 - elsapy.elssearch - INFO - Module loaded.
2024-07-26 13:16:33,248 - elsapy.elsclient - INFO - Module loaded.
2024-07-26 13:16:33,249 - elsapy.elsentity - INFO - Module loaded.
2024-07-26 13:16:33,250 - elsapy.utils - INFO - Module loaded.
2024-07-26 13:16:33,250 - elsapy.elsprofile - INFO - Module loaded.
2024-07-26 13:16:33,251 - elsapy.elsdoc - INFO - Module loaded.
2024-07-26 13:16:33,252 - elsapy.elssearch - INFO - Module loaded.
2024-07-26 13:51:07,517 - elsapy.elsclient - INFO - Module loaded.
2024-07-26 13:51:07,518 - elsapy.elsentity - INFO - Module loaded.
2024-07-26 13:51:07,518 - elsapy.utils - INFO - Module loaded.
2024-07-26 13:51:07,519 - elsapy.elsprofile - INFO - Module loaded.
2024-07-26 13:51:07,520 - elsapy.elsdoc - INFO - Module loaded.
2024-07-26 13:51:07,520 - elsapy.elssearch - INFO - Module loaded.
2024-07-26 14:15:01,034 - elsapy.elsclient - INFO - Module loaded.
2024-07-26 14:15:01,035 - elsapy.elsentity - INFO - Module loaded.
2024-07-26 14:15:01,036 - elsapy.utils - INFO - Module loaded.
2024-07-26 14:15:01,036 - elsapy.elsprofile - INFO - Module loaded.
2024-07-26 14:15:01,037 - elsapy.elsdoc - INFO - Module loaded.
2024-07-26 14:15:01,037 - elsapy.elssearch - INFO - Module loaded.
2024-07-26 14:19:45,672 - elsapy.elsclient - INFO - Module loaded.
2024-07-26 14:19:45,673 - elsapy.elsentity - INFO - Module loaded.
2024-07-26 14:19:45,674 - elsapy.utils - INFO - Module loaded.
2024-07-26 14:19:45,674 - elsapy.elsprofile - INFO - Module loaded.
2024-07-26 14:19:45,675 - elsapy.elsdoc - INFO - Module loaded.
2024-07-26 14:19:45,676 - elsapy.elssearch - INFO - Module loaded.
2024-07-26 16:43:19,792 - elsapy.elsclient - INFO - Module loaded.
2024-07-26 16:43:19,793 - elsapy.elsentity - INFO - Module loaded.
2024-07-26 16:43:19,793 - elsapy.utils - INFO - Module loaded.
2024-07-26 16:43:19,794 - elsapy.elsprofile - INFO - Module loaded.
2024-07-26 16:43:19,794 - elsapy.elsdoc - INFO - Module loaded.
2024-07-26 16:43:19,795 - elsapy.elssearch - INFO - Module loaded.
2024-07-26 16:44:12,301 - elsapy.elsclient - INFO - Module loaded.
2024-07-26 16:44:12,303 - elsapy.elsentity - INFO - Module loaded.
2024-07-26 16:44:12,304 - elsapy.utils - INFO - Module loaded.
2024-07-26 16:44:12,304 - elsapy.elsprofile - INFO - Module loaded.
2024-07-26 16:44:12,305 - elsapy.elsdoc - INFO - Module loaded.
2024-07-26 16:44:12,305 - elsapy.elssearch - INFO - Module loaded.
2024-07-26 16:51:45,804 - elsapy.elsclient - INFO - Module loaded.
2024-07-26 16:51:45,805 - elsapy.elsentity - INFO - Module loaded.
2024-07-26 16:51:45,806 - elsapy.utils - INFO - Module loaded.
2024-07-26 16:51:45,806 - elsapy.elsprofile - INFO - Module loaded.
2024-07-26 16:51:45,807 - elsapy.elsdoc - INFO - Module loaded.
2024-07-26 16:51:45,807 - elsapy.elssearch - INFO - Module loaded.
2024-07-26 17:01:53,643 - elsapy.elsclient - INFO - Module loaded.
2024-07-26 17:01:53,644 - elsapy.elsentity - INFO - Module loaded.
2024-07-26 17:01:53,644 - elsapy.utils - INFO - Module loaded.
2024-07-26 17:01:53,645 - elsapy.elsprofile - INFO - Module loaded.
2024-07-26 17:01:53,645 - elsapy.elsdoc - INFO - Module loaded.
2024-07-26 17:01:53,646 - elsapy.elssearch - INFO - Module loaded.
2024-07-26 17:02:36,850 - elsapy.elsclient - INFO - Module loaded.
2024-07-26 17:02:36,851 - elsapy.elsentity - INFO - Module loaded.
2024-07-26 17:02:36,852 - elsapy.utils - INFO - Module loaded.
2024-07-26 17:02:36,852 - elsapy.elsprofile - INFO - Module loaded.
2024-07-26 17:02:36,853 - elsapy.elsdoc - INFO - Module loaded.
2024-07-26 17:02:36,853 - elsapy.elssearch - INFO - Module loaded.
2024-07-26 17:09:29,662 - elsapy.elsclient - INFO - Module loaded.
2024-07-26 17:09:29,663 - elsapy.elsentity - INFO - Module loaded.
2024-07-26 17:09:29,663 - elsapy.utils - INFO - Module loaded.
2024-07-26 17:09:29,664 - elsapy.elsprofile - INFO - Module loaded.
2024-07-26 17:09:29,664 - elsapy.elsdoc - INFO - Module loaded.
2024-07-26 17:09:29,665 - elsapy.elssearch - INFO - Module loaded.
2024-07-26 18:10:49,816 - elsapy.elsclient - INFO - Module loaded.
2024-07-26 18:10:49,817 - elsapy.elsentity - INFO - Module loaded.
2024-07-26 18:10:49,818 - elsapy.utils - INFO - Module loaded.
2024-07-26 18:10:49,818 - elsapy.elsprofile - INFO - Module loaded.
2024-07-26 18:10:49,819 - elsapy.elsdoc - INFO - Module loaded.
2024-07-26 18:10:49,819 - elsapy.elssearch - INFO - Module loaded.
2024-07-26 18:12:17,835 - elsapy.elsclient - INFO - Module loaded.
2024-07-26 18:12:17,836 - elsapy.elsentity - INFO - Module loaded.
2024-07-26 18:12:17,837 - elsapy.utils - INFO - Module loaded.
2024-07-26 18:12:17,837 - elsapy.elsprofile - INFO - Module loaded.
2024-07-26 18:12:17,838 - elsapy.elsdoc - INFO - Module loaded.
2024-07-26 18:12:17,839 - elsapy.elssearch - INFO - Module loaded.
2024-07-26 18:13:01,697 - elsapy.elsclient - INFO - Module loaded.
2024-07-26 18:13:01,698 - elsapy.elsentity - INFO - Module loaded.
2024-07-26 18:13:01,698 - elsapy.utils - INFO - Module loaded.
2024-07-26 18:13:01,699 - elsapy.elsprofile - INFO - Module loaded.
2024-07-26 18:13:01,699 - elsapy.elsdoc - INFO - Module loaded.
2024-07-26 18:13:01,700 - elsapy.elssearch - INFO - Module loaded.
2024-07-26 18:22:38,619 - elsapy.elsclient - INFO - Module loaded.
2024-07-26 18:22:38,621 - elsapy.elsentity - INFO - Module loaded.
2024-07-26 18:22:38,621 - elsapy.utils - INFO - Module loaded.
2024-07-26 18:22:38,621 - elsapy.elsprofile - INFO - Module loaded.
2024-07-26 18:22:38,622 - elsapy.elsdoc - INFO - Module loaded.
2024-07-26 18:22:38,623 - elsapy.elssearch - INFO - Module loaded.
2024-07-26 18:33:37,663 - elsapy.elsclient - INFO - Module loaded.
2024-07-26 18:33:37,665 - elsapy.elsentity - INFO - Module loaded.
2024-07-26 18:33:37,665 - elsapy.utils - INFO - Module loaded.
2024-07-26 18:33:37,665 - elsapy.elsprofile - INFO - Module loaded.
2024-07-26 18:33:37,666 - elsapy.elsdoc - INFO - Module loaded.
2024-07-26 18:33:37,667 - elsapy.elssearch - INFO - Module loaded.
2024-07-26 18:38:21,967 - elsapy.elsclient - INFO - Module loaded.
2024-07-26 18:38:21,968 - elsapy.elsentity - INFO - Module loaded.
2024-07-26 18:38:21,968 - elsapy.utils - INFO - Module loaded.
2024-07-26 18:38:21,969 - elsapy.elsprofile - INFO - Module loaded.
2024-07-26 18:38:21,969 - elsapy.elsdoc - INFO - Module loaded.
2024-07-26 18:38:21,970 - elsapy.elssearch - INFO - Module loaded.
2024-07-26 18:45:28,610 - elsapy.elsclient - INFO - Module loaded.
2024-07-26 18:45:28,611 - elsapy.elsentity - INFO - Module loaded.
2024-07-26 18:45:28,611 - elsapy.utils - INFO - Module loaded.
2024-07-26 18:45:28,612 - elsapy.elsprofile - INFO - Module loaded.
2024-07-26 18:45:28,612 - elsapy.elsdoc - INFO - Module loaded.
2024-07-26 18:45:28,613 - elsapy.elssearch - INFO - Module loaded.
2024-07-26 18:46:57,566 - elsapy.elsclient - INFO - Module loaded.
2024-07-26 18:46:57,567 - elsapy.elsentity - INFO - Module loaded.
2024-07-26 18:46:57,568 - elsapy.utils - INFO - Module loaded.
2024-07-26 18:46:57,568 - elsapy.elsprofile - INFO - Module loaded.
2024-07-26 18:46:57,569 - elsapy.elsdoc - INFO - Module loaded.
2024-07-26 18:46:57,569 - elsapy.elssearch - INFO - Module loaded.
2024-07-26 18:47:45,366 - elsapy.elsclient - INFO - Module loaded.
2024-07-26 18:47:45,367 - elsapy.elsentity - INFO - Module loaded.
2024-07-26 18:47:45,368 - elsapy.utils - INFO - Module loaded.
2024-07-26 18:47:45,368 - elsapy.elsprofile - INFO - Module loaded.
2024-07-26 18:47:45,369 - elsapy.elsdoc - INFO - Module loaded.
2024-07-26 18:47:45,369 - elsapy.elssearch - INFO - Module loaded.
2024-07-26 18:48:54,994 - elsapy.elsclient - INFO - Module loaded.
2024-07-26 18:48:54,995 - elsapy.elsentity - INFO - Module loaded.
2024-07-26 18:48:54,996 - elsapy.utils - INFO - Module loaded.
2024-07-26 18:48:54,996 - elsapy.elsprofile - INFO - Module loaded.
2024-07-26 18:48:54,997 - elsapy.elsdoc - INFO - Module loaded.
2024-07-26 18:48:54,998 - elsapy.elssearch - INFO - Module loaded.
2024-07-26 18:50:47,160 - elsapy.elsclient - INFO - Module loaded.
2024-07-26 18:50:47,161 - elsapy.elsentity - INFO - Module loaded.
2024-07-26 18:50:47,162 - elsapy.utils - INFO - Module loaded.
2024-07-26 18:50:47,162 - elsapy.elsprofile - INFO - Module loaded.
2024-07-26 18:50:47,163 - elsapy.elsdoc - INFO - Module loaded.
2024-07-26 18:50:47,163 - elsapy.elssearch - INFO - Module loaded.
2024-07-26 18:51:03,928 - elsapy.elsclient - INFO - Module loaded.
2024-07-26 18:51:03,929 - elsapy.elsentity - INFO - Module loaded.
2024-07-26 18:51:03,929 - elsapy.utils - INFO - Module loaded.
2024-07-26 18:51:03,930 - elsapy.elsprofile - INFO - Module loaded.
2024-07-26 18:51:03,930 - elsapy.elsdoc - INFO - Module loaded.
2024-07-26 18:51:03,931 - elsapy.elssearch - INFO - Module loaded.
2024-07-26 18:51:27,675 - elsapy.elsclient - INFO - Module loaded.
2024-07-26 18:51:27,676 - elsapy.elsentity - INFO - Module loaded.
2024-07-26 18:51:27,677 - elsapy.utils - INFO - Module loaded.
2024-07-26 18:51:27,677 - elsapy.elsprofile - INFO - Module loaded.
2024-07-26 18:51:27,678 - elsapy.elsdoc - INFO - Module loaded.
2024-07-26 18:51:27,679 - elsapy.elssearch - INFO - Module loaded.
2024-07-26 18:53:23,741 - elsapy.elsclient - INFO - Module loaded.
2024-07-26 18:53:23,742 - elsapy.elsentity - INFO - Module loaded.
2024-07-26 18:53:23,742 - elsapy.utils - INFO - Module loaded.
2024-07-26 18:53:23,743 - elsapy.elsprofile - INFO - Module loaded.
2024-07-26 18:53:23,743 - elsapy.elsdoc - INFO - Module loaded.
2024-07-26 18:53:23,744 - elsapy.elssearch - INFO - Module loaded.
2024-07-26 18:54:58,197 - elsapy.elsclient - INFO - Module loaded.
2024-07-26 18:54:58,198 - elsapy.elsentity - INFO - Module loaded.
2024-07-26 18:54:58,199 - elsapy.utils - INFO - Module loaded.
2024-07-26 18:54:58,199 - elsapy.elsprofile - INFO - Module loaded.
2024-07-26 18:54:58,200 - elsapy.elsdoc - INFO - Module loaded.
2024-07-26 18:54:58,200 - elsapy.elssearch - INFO - Module loaded.
2024-07-26 19:27:06,528 - elsapy.elsclient - INFO - Module loaded.
2024-07-26 19:27:06,529 - elsapy.elsentity - INFO - Module loaded.
2024-07-26 19:27:06,530 - elsapy.utils - INFO - Module loaded.
2024-07-26 19:27:06,530 - elsapy.elsprofile - INFO - Module loaded.
2024-07-26 19:27:06,531 - elsapy.elsdoc - INFO - Module loaded.
2024-07-26 19:27:06,531 - elsapy.elssearch - INFO - Module loaded.
2024-07-26 19:28:31,626 - elsapy.elsclient - INFO - Module loaded.
2024-07-26 19:28:31,628 - elsapy.elsentity - INFO - Module loaded.
2024-07-26 19:28:31,628 - elsapy.utils - INFO - Module loaded.
2024-07-26 19:28:31,628 - elsapy.elsprofile - INFO - Module loaded.
2024-07-26 19:28:31,629 - elsapy.elsdoc - INFO - Module loaded.
2024-07-26 19:28:31,630 - elsapy.elssearch - INFO - Module loaded.
2024-07-26 19:31:28,525 - elsapy.elsclient - INFO - Module loaded.
2024-07-26 19:31:28,526 - elsapy.elsentity - INFO - Module loaded.
2024-07-26 19:31:28,527 - elsapy.utils - INFO - Module loaded.
2024-07-26 19:31:28,527 - elsapy.elsprofile - INFO - Module loaded.
2024-07-26 19:31:28,528 - elsapy.elsdoc - INFO - Module loaded.
2024-07-26 19:31:28,529 - elsapy.elssearch - INFO - Module loaded.
2024-07-26 19:38:55,353 - elsapy.elsclient - INFO - Module loaded.
2024-07-26 19:38:55,355 - elsapy.elsentity - INFO - Module loaded.
2024-07-26 19:38:55,355 - elsapy.utils - INFO - Module loaded.
2024-07-26 19:38:55,355 - elsapy.elsprofile - INFO - Module loaded.
2024-07-26 19:38:55,356 - elsapy.elsdoc - INFO - Module loaded.
2024-07-26 19:38:55,357 - elsapy.elssearch - INFO - Module loaded.
2024-07-26 19:39:41,898 - elsapy.elsclient - INFO - Module loaded.
2024-07-26 19:39:41,900 - elsapy.elsentity - INFO - Module loaded.
2024-07-26 19:39:41,900 - elsapy.utils - INFO - Module loaded.
2024-07-26 19:39:41,901 - elsapy.elsprofile - INFO - Module loaded.
2024-07-26 19:39:41,901 - elsapy.elsdoc - INFO - Module loaded.
2024-07-26 19:39:41,902 - elsapy.elssearch - INFO - Module loaded.
2024-07-26 19:40:28,227 - elsapy.elsclient - INFO - Module loaded.
2024-07-26 19:40:28,229 - elsapy.elsentity - INFO - Module loaded.
2024-07-26 19:40:28,229 - elsapy.utils - INFO - Module loaded.
2024-07-26 19:40:28,229 - elsapy.elsprofile - INFO - Module loaded.
2024-07-26 19:40:28,230 - elsapy.elsdoc - INFO - Module loaded.
2024-07-26 19:40:28,231 - elsapy.elssearch - INFO - Module loaded.
2024-07-26 19:41:32,601 - elsapy.elsclient - INFO - Module loaded.
2024-07-26 19:41:32,602 - elsapy.elsentity - INFO - Module loaded.
2024-07-26 19:41:32,603 - elsapy.utils - INFO - Module loaded.
2024-07-26 19:41:32,603 - elsapy.elsprofile - INFO - Module loaded.
2024-07-26 19:41:32,604 - elsapy.elsdoc - INFO - Module loaded.
2024-07-26 19:41:32,604 - elsapy.elssearch - INFO - Module loaded.
2024-07-26 20:01:12,621 - elsapy.elsclient - INFO - Module loaded.
2024-07-26 20:01:12,623 - elsapy.elsentity - INFO - Module loaded.
2024-07-26 20:01:12,623 - elsapy.utils - INFO - Module loaded.
2024-07-26 20:01:12,624 - elsapy.elsprofile - INFO - Module loaded.
2024-07-26 20:01:12,624 - elsapy.elsdoc - INFO - Module loaded.
2024-07-26 20:01:12,625 - elsapy.elssearch - INFO - Module loaded.
2024-07-26 20:41:44,014 - elsapy.elsclient - INFO - Module loaded.
2024-07-26 20:41:44,015 - elsapy.elsentity - INFO - Module loaded.
2024-07-26 20:41:44,016 - elsapy.utils - INFO - Module loaded.
2024-07-26 20:41:44,016 - elsapy.elsprofile - INFO - Module loaded.
2024-07-26 20:41:44,017 - elsapy.elsdoc - INFO - Module loaded.
2024-07-26 20:41:44,018 - elsapy.elssearch - INFO - Module loaded.
2024-07-26 20:51:27,947 - elsapy.elsclient - INFO - Module loaded.
2024-07-26 20:51:27,948 - elsapy.elsentity - INFO - Module loaded.
2024-07-26 20:51:27,948 - elsapy.utils - INFO - Module loaded.
2024-07-26 20:51:27,949 - elsapy.elsprofile - INFO - Module loaded.
2024-07-26 20:51:27,949 - elsapy.elsdoc - INFO - Module loaded.
2024-07-26 20:51:27,950 - elsapy.elssearch - INFO - Module loaded.
2024-07-26 20:52:54,682 - elsapy.elsclient - INFO - Module loaded.
2024-07-26 20:52:54,683 - elsapy.elsentity - INFO - Module loaded.
2024-07-26 20:52:54,684 - elsapy.utils - INFO - Module loaded.
2024-07-26 20:52:54,684 - elsapy.elsprofile - INFO - Module loaded.
2024-07-26 20:52:54,685 - elsapy.elsdoc - INFO - Module loaded.
2024-07-26 20:52:54,685 - elsapy.elssearch - INFO - Module loaded.
2024-07-26 20:53:56,373 - elsapy.elsclient - INFO - Module loaded.
2024-07-26 20:53:56,374 - elsapy.elsentity - INFO - Module loaded.
2024-07-26 20:53:56,375 - elsapy.utils - INFO - Module loaded.
2024-07-26 20:53:56,375 - elsapy.elsprofile - INFO - Module loaded.
2024-07-26 20:53:56,376 - elsapy.elsdoc - INFO - Module loaded.
2024-07-26 20:53:56,376 - elsapy.elssearch - INFO - Module loaded.
2024-07-26 20:54:56,459 - elsapy.elsclient - INFO - Module loaded.
2024-07-26 20:54:56,460 - elsapy.elsentity - INFO - Module loaded.
2024-07-26 20:54:56,461 - elsapy.utils - INFO - Module loaded.
2024-07-26 20:54:56,461 - elsapy.elsprofile - INFO - Module loaded.
2024-07-26 20:54:56,462 - elsapy.elsdoc - INFO - Module loaded.
2024-07-26 20:54:56,463 - elsapy.elssearch - INFO - Module loaded.
2024-07-26 20:55:55,282 - elsapy.elsclient - INFO - Module loaded.
2024-07-26 20:55:55,283 - elsapy.elsentity - INFO - Module loaded.
2024-07-26 20:55:55,284 - elsapy.utils - INFO - Module loaded.
2024-07-26 20:55:55,284 - elsapy.elsprofile - INFO - Module loaded.
2024-07-26 20:55:55,285 - elsapy.elsdoc - INFO - Module loaded.
2024-07-26 20:55:55,285 - elsapy.elssearch - INFO - Module loaded.
2024-07-26 20:57:09,877 - elsapy.elsclient - INFO - Module loaded.
2024-07-26 20:57:09,878 - elsapy.elsentity - INFO - Module loaded.
2024-07-26 20:57:09,879 - elsapy.utils - INFO - Module loaded.
2024-07-26 20:57:09,879 - elsapy.elsprofile - INFO - Module loaded.
2024-07-26 20:57:09,880 - elsapy.elsdoc - INFO - Module loaded.
2024-07-26 20:57:09,880 - elsapy.elssearch - INFO - Module loaded.
2024-07-26 20:58:12,538 - elsapy.elsclient - INFO - Module loaded.
2024-07-26 20:58:12,539 - elsapy.elsentity - INFO - Module loaded.
2024-07-26 20:58:12,540 - elsapy.utils - INFO - Module loaded.
2024-07-26 20:58:12,540 - elsapy.elsprofile - INFO - Module loaded.
2024-07-26 20:58:12,541 - elsapy.elsdoc - INFO - Module loaded.
2024-07-26 20:58:12,541 - elsapy.elssearch - INFO - Module loaded.
2024-07-26 21:02:55,958 - elsapy.elsclient - INFO - Module loaded.
2024-07-26 21:02:55,959 - elsapy.elsentity - INFO - Module loaded.
2024-07-26 21:02:55,960 - elsapy.utils - INFO - Module loaded.
2024-07-26 21:02:55,960 - elsapy.elsprofile - INFO - Module loaded.
2024-07-26 21:02:55,961 - elsapy.elsdoc - INFO - Module loaded.
2024-07-26 21:02:55,961 - elsapy.elssearch - INFO - Module loaded.
2024-07-26 21:10:03,516 - elsapy.elsclient - INFO - Module loaded.
2024-07-26 21:10:03,517 - elsapy.elsentity - INFO - Module loaded.
2024-07-26 21:10:03,518 - elsapy.utils - INFO - Module loaded.
2024-07-26 21:10:03,518 - elsapy.elsprofile - INFO - Module loaded.
2024-07-26 21:10:03,519 - elsapy.elsdoc - INFO - Module loaded.
2024-07-26 21:10:03,519 - elsapy.elssearch - INFO - Module loaded.
2024-07-26 22:34:48,337 - elsapy.elsclient - INFO - Module loaded.
2024-07-26 22:34:48,338 - elsapy.elsentity - INFO - Module loaded.
2024-07-26 22:34:48,339 - elsapy.utils - INFO - Module loaded.
2024-07-26 22:34:48,339 - elsapy.elsprofile - INFO - Module loaded.
2024-07-26 22:34:48,340 - elsapy.elsdoc - INFO - Module loaded.
2024-07-26 22:34:48,340 - elsapy.elssearch - INFO - Module loaded.
2024-07-26 22:35:33,950 - elsapy.elsclient - INFO - Module loaded.
2024-07-26 22:35:33,951 - elsapy.elsentity - INFO - Module loaded.
2024-07-26 22:35:33,952 - elsapy.utils - INFO - Module loaded.
2024-07-26 22:35:33,952 - elsapy.elsprofile - INFO - Module loaded.
2024-07-26 22:35:33,953 - elsapy.elsdoc - INFO - Module loaded.
2024-07-26 22:35:33,953 - elsapy.elssearch - INFO - Module loaded.
2024-07-26 22:40:43,659 - elsapy.elsclient - INFO - Module loaded.
2024-07-26 22:40:43,660 - elsapy.elsentity - INFO - Module loaded.
2024-07-26 22:40:43,661 - elsapy.utils - INFO - Module loaded.
2024-07-26 22:40:43,661 - elsapy.elsprofile - INFO - Module loaded.
2024-07-26 22:40:43,662 - elsapy.elsdoc - INFO - Module loaded.
2024-07-26 22:40:43,663 - elsapy.elssearch - INFO - Module loaded.
2024-07-26 22:48:36,257 - elsapy.elsclient - INFO - Module loaded.
2024-07-26 22:48:36,259 - elsapy.elsentity - INFO - Module loaded.
2024-07-26 22:48:36,259 - elsapy.utils - INFO - Module loaded.
2024-07-26 22:48:36,259 - elsapy.elsprofile - INFO - Module loaded.
2024-07-26 22:48:36,260 - elsapy.elsdoc - INFO - Module loaded.
2024-07-26 22:48:36,261 - elsapy.elssearch - INFO - Module loaded.
2024-07-26 22:50:43,301 - elsapy.elsclient - INFO - Module loaded.
2024-07-26 22:50:43,302 - elsapy.elsentity - INFO - Module loaded.
2024-07-26 22:50:43,303 - elsapy.utils - INFO - Module loaded.
2024-07-26 22:50:43,303 - elsapy.elsprofile - INFO - Module loaded.
2024-07-26 22:50:43,304 - elsapy.elsdoc - INFO - Module loaded.
2024-07-26 22:50:43,305 - elsapy.elssearch - INFO - Module loaded.
2024-07-26 22:53:17,860 - elsapy.elsclient - INFO - Module loaded.
2024-07-26 22:53:17,861 - elsapy.elsentity - INFO - Module loaded.
2024-07-26 22:53:17,862 - elsapy.utils - INFO - Module loaded.
2024-07-26 22:53:17,862 - elsapy.elsprofile - INFO - Module loaded.
2024-07-26 22:53:17,863 - elsapy.elsdoc - INFO - Module loaded.
2024-07-26 22:53:17,863 - elsapy.elssearch - INFO - Module loaded.
2024-07-26 22:57:58,852 - elsapy.elsclient - INFO - Module loaded.
2024-07-26 22:57:58,853 - elsapy.elsentity - INFO - Module loaded.
2024-07-26 22:57:58,854 - elsapy.utils - INFO - Module loaded.
2024-07-26 22:57:58,854 - elsapy.elsprofile - INFO - Module loaded.
2024-07-26 22:57:58,855 - elsapy.elsdoc - INFO - Module loaded.
2024-07-26 22:57:58,856 - elsapy.elssearch - INFO - Module loaded.
