2024-05-11 10:53:24,847 - elsapy.elsclient - INFO - Module loaded.
2024-05-11 10:53:24,849 - elsapy.elsentity - INFO - Module loaded.
2024-05-11 10:53:24,850 - elsapy.utils - INFO - Module loaded.
2024-05-11 10:53:24,851 - elsapy.elsprofile - INFO - Module loaded.
2024-05-11 10:53:24,852 - elsapy.elsdoc - INFO - Module loaded.
2024-05-11 10:53:24,853 - elsapy.elssearch - INFO - Module loaded.
2024-05-11 10:55:25,152 - elsapy.elsclient - INFO - Module loaded.
2024-05-11 10:55:25,154 - elsapy.elsentity - INFO - Module loaded.
2024-05-11 10:55:25,155 - elsapy.utils - INFO - Module loaded.
2024-05-11 10:55:25,155 - elsapy.elsprofile - INFO - Module loaded.
2024-05-11 10:55:25,156 - elsapy.elsdoc - INFO - Module loaded.
2024-05-11 10:55:25,159 - elsapy.elssearch - INFO - Module loaded.
2024-05-11 10:56:35,403 - elsapy.elsclient - INFO - Module loaded.
2024-05-11 10:56:35,405 - elsapy.elsentity - INFO - Module loaded.
2024-05-11 10:56:35,406 - elsapy.utils - INFO - Module loaded.
2024-05-11 10:56:35,406 - elsapy.elsprofile - INFO - Module loaded.
2024-05-11 10:56:35,407 - elsapy.elsdoc - INFO - Module loaded.
2024-05-11 10:56:35,409 - elsapy.elssearch - INFO - Module loaded.
2024-05-11 11:00:51,310 - elsapy.elsclient - INFO - Module loaded.
2024-05-11 11:00:51,312 - elsapy.elsentity - INFO - Module loaded.
2024-05-11 11:00:51,312 - elsapy.utils - INFO - Module loaded.
2024-05-11 11:00:51,313 - elsapy.elsprofile - INFO - Module loaded.
2024-05-11 11:00:51,314 - elsapy.elsdoc - INFO - Module loaded.
2024-05-11 11:00:51,315 - elsapy.elssearch - INFO - Module loaded.
2024-05-11 11:01:49,489 - elsapy.elsclient - INFO - Module loaded.
2024-05-11 11:01:49,490 - elsapy.elsentity - INFO - Module loaded.
2024-05-11 11:01:49,491 - elsapy.utils - INFO - Module loaded.
2024-05-11 11:01:49,492 - elsapy.elsprofile - INFO - Module loaded.
2024-05-11 11:01:49,493 - elsapy.elsdoc - INFO - Module loaded.
2024-05-11 11:01:49,494 - elsapy.elssearch - INFO - Module loaded.
2024-05-11 13:16:58,535 - elsapy.elsclient - INFO - Module loaded.
2024-05-11 13:16:58,537 - elsapy.elsentity - INFO - Module loaded.
2024-05-11 13:16:58,538 - elsapy.utils - INFO - Module loaded.
2024-05-11 13:16:58,539 - elsapy.elsprofile - INFO - Module loaded.
2024-05-11 13:16:58,540 - elsapy.elsdoc - INFO - Module loaded.
2024-05-11 13:16:58,541 - elsapy.elssearch - INFO - Module loaded.
2024-05-11 13:21:14,949 - elsapy.elsclient - INFO - Module loaded.
2024-05-11 13:21:14,951 - elsapy.elsentity - INFO - Module loaded.
2024-05-11 13:21:14,955 - elsapy.utils - INFO - Module loaded.
2024-05-11 13:21:14,956 - elsapy.elsprofile - INFO - Module loaded.
2024-05-11 13:21:14,957 - elsapy.elsdoc - INFO - Module loaded.
2024-05-11 13:21:14,958 - elsapy.elssearch - INFO - Module loaded.
2024-05-11 13:25:59,925 - elsapy.elsclient - INFO - Module loaded.
2024-05-11 13:25:59,926 - elsapy.elsentity - INFO - Module loaded.
2024-05-11 13:25:59,927 - elsapy.utils - INFO - Module loaded.
2024-05-11 13:25:59,928 - elsapy.elsprofile - INFO - Module loaded.
2024-05-11 13:25:59,929 - elsapy.elsdoc - INFO - Module loaded.
2024-05-11 13:25:59,930 - elsapy.elssearch - INFO - Module loaded.
2024-05-11 13:29:10,589 - elsapy.elsclient - INFO - Module loaded.
2024-05-11 13:29:10,591 - elsapy.elsentity - INFO - Module loaded.
2024-05-11 13:29:10,592 - elsapy.utils - INFO - Module loaded.
2024-05-11 13:29:10,592 - elsapy.elsprofile - INFO - Module loaded.
2024-05-11 13:29:10,593 - elsapy.elsdoc - INFO - Module loaded.
2024-05-11 13:29:10,594 - elsapy.elssearch - INFO - Module loaded.
2024-05-11 13:44:20,543 - elsapy.elsclient - INFO - Module loaded.
2024-05-11 13:44:20,544 - elsapy.elsentity - INFO - Module loaded.
2024-05-11 13:44:20,545 - elsapy.utils - INFO - Module loaded.
2024-05-11 13:44:20,546 - elsapy.elsprofile - INFO - Module loaded.
2024-05-11 13:44:20,547 - elsapy.elsdoc - INFO - Module loaded.
2024-05-11 13:44:20,548 - elsapy.elssearch - INFO - Module loaded.
2024-05-11 14:49:42,962 - elsapy.elsclient - INFO - Module loaded.
2024-05-11 14:49:42,964 - elsapy.elsentity - INFO - Module loaded.
2024-05-11 14:49:42,965 - elsapy.utils - INFO - Module loaded.
2024-05-11 14:49:42,965 - elsapy.elsprofile - INFO - Module loaded.
2024-05-11 14:49:42,966 - elsapy.elsdoc - INFO - Module loaded.
2024-05-11 14:49:42,967 - elsapy.elssearch - INFO - Module loaded.
2024-05-11 14:58:53,767 - elsapy.elsclient - INFO - Module loaded.
2024-05-11 14:58:53,769 - elsapy.elsentity - INFO - Module loaded.
2024-05-11 14:58:53,770 - elsapy.utils - INFO - Module loaded.
2024-05-11 14:58:53,770 - elsapy.elsprofile - INFO - Module loaded.
2024-05-11 14:58:53,771 - elsapy.elsdoc - INFO - Module loaded.
2024-05-11 14:58:53,772 - elsapy.elssearch - INFO - Module loaded.
2024-05-11 15:00:10,720 - elsapy.elsclient - INFO - Module loaded.
2024-05-11 15:00:10,721 - elsapy.elsentity - INFO - Module loaded.
2024-05-11 15:00:10,722 - elsapy.utils - INFO - Module loaded.
2024-05-11 15:00:10,723 - elsapy.elsprofile - INFO - Module loaded.
2024-05-11 15:00:10,724 - elsapy.elsdoc - INFO - Module loaded.
2024-05-11 15:00:10,725 - elsapy.elssearch - INFO - Module loaded.
2024-05-11 20:10:39,950 - elsapy.elsclient - INFO - Module loaded.
2024-05-11 20:10:39,952 - elsapy.elsentity - INFO - Module loaded.
2024-05-11 20:10:39,953 - elsapy.utils - INFO - Module loaded.
2024-05-11 20:10:39,953 - elsapy.elsprofile - INFO - Module loaded.
2024-05-11 20:10:39,954 - elsapy.elsdoc - INFO - Module loaded.
2024-05-11 20:10:39,957 - elsapy.elssearch - INFO - Module loaded.
2024-05-11 20:21:01,271 - elsapy.elsclient - INFO - Module loaded.
2024-05-11 20:21:01,273 - elsapy.elsentity - INFO - Module loaded.
2024-05-11 20:21:01,273 - elsapy.utils - INFO - Module loaded.
2024-05-11 20:21:01,273 - elsapy.elsprofile - INFO - Module loaded.
2024-05-11 20:21:01,275 - elsapy.elsdoc - INFO - Module loaded.
2024-05-11 20:21:01,359 - elsapy.elssearch - INFO - Module loaded.
2024-05-11 20:26:37,524 - elsapy.elsclient - INFO - Module loaded.
2024-05-11 20:26:37,526 - elsapy.elsentity - INFO - Module loaded.
2024-05-11 20:26:37,527 - elsapy.utils - INFO - Module loaded.
2024-05-11 20:26:37,527 - elsapy.elsprofile - INFO - Module loaded.
2024-05-11 20:26:37,528 - elsapy.elsdoc - INFO - Module loaded.
2024-05-11 20:26:37,879 - elsapy.elssearch - INFO - Module loaded.
