2024-09-03 17:49:55,911 - elsapy.elsclient - INFO - Module loaded.
2024-09-03 17:49:55,912 - elsapy.elsentity - INFO - Module loaded.
2024-09-03 17:49:55,913 - elsapy.utils - INFO - Module loaded.
2024-09-03 17:49:55,913 - elsapy.elsprofile - INFO - Module loaded.
2024-09-03 17:49:55,914 - elsapy.elsdoc - INFO - Module loaded.
2024-09-03 17:49:55,915 - elsapy.elssearch - INFO - Module loaded.
2024-09-03 17:52:46,819 - elsapy.elsclient - INFO - Module loaded.
2024-09-03 17:52:46,820 - elsapy.elsentity - INFO - Module loaded.
2024-09-03 17:52:46,820 - elsapy.utils - INFO - Module loaded.
2024-09-03 17:52:46,821 - elsapy.elsprofile - INFO - Module loaded.
2024-09-03 17:52:46,821 - elsapy.elsdoc - INFO - Module loaded.
2024-09-03 17:52:46,823 - elsapy.elssearch - INFO - Module loaded.
2024-09-03 17:58:00,713 - elsapy.elsclient - INFO - Module loaded.
2024-09-03 17:58:00,714 - elsapy.elsentity - INFO - Module loaded.
2024-09-03 17:58:00,715 - elsapy.utils - INFO - Module loaded.
2024-09-03 17:58:00,715 - elsapy.elsprofile - INFO - Module loaded.
2024-09-03 17:58:00,716 - elsapy.elsdoc - INFO - Module loaded.
2024-09-03 17:58:00,717 - elsapy.elssearch - INFO - Module loaded.
2024-09-03 18:01:23,560 - elsapy.elsclient - INFO - Module loaded.
2024-09-03 18:01:23,561 - elsapy.elsentity - INFO - Module loaded.
2024-09-03 18:01:23,562 - elsapy.utils - INFO - Module loaded.
2024-09-03 18:01:23,562 - elsapy.elsprofile - INFO - Module loaded.
2024-09-03 18:01:23,563 - elsapy.elsdoc - INFO - Module loaded.
2024-09-03 18:01:23,564 - elsapy.elssearch - INFO - Module loaded.
2024-09-03 18:02:44,986 - elsapy.elsclient - INFO - Module loaded.
2024-09-03 18:02:44,987 - elsapy.elsentity - INFO - Module loaded.
2024-09-03 18:02:44,987 - elsapy.utils - INFO - Module loaded.
2024-09-03 18:02:44,988 - elsapy.elsprofile - INFO - Module loaded.
2024-09-03 18:02:44,988 - elsapy.elsdoc - INFO - Module loaded.
2024-09-03 18:02:44,989 - elsapy.elssearch - INFO - Module loaded.
2024-09-03 18:04:21,106 - elsapy.elsclient - INFO - Module loaded.
2024-09-03 18:04:21,107 - elsapy.elsentity - INFO - Module loaded.
2024-09-03 18:04:21,107 - elsapy.utils - INFO - Module loaded.
2024-09-03 18:04:21,108 - elsapy.elsprofile - INFO - Module loaded.
2024-09-03 18:04:21,108 - elsapy.elsdoc - INFO - Module loaded.
2024-09-03 18:04:21,109 - elsapy.elssearch - INFO - Module loaded.
2024-09-03 18:05:10,235 - elsapy.elsclient - INFO - Module loaded.
2024-09-03 18:05:10,236 - elsapy.elsentity - INFO - Module loaded.
2024-09-03 18:05:10,237 - elsapy.utils - INFO - Module loaded.
2024-09-03 18:05:10,237 - elsapy.elsprofile - INFO - Module loaded.
2024-09-03 18:05:10,238 - elsapy.elsdoc - INFO - Module loaded.
2024-09-03 18:05:10,238 - elsapy.elssearch - INFO - Module loaded.
2024-09-03 18:09:09,838 - elsapy.elsclient - INFO - Module loaded.
2024-09-03 18:09:09,839 - elsapy.elsentity - INFO - Module loaded.
2024-09-03 18:09:09,840 - elsapy.utils - INFO - Module loaded.
2024-09-03 18:09:09,840 - elsapy.elsprofile - INFO - Module loaded.
2024-09-03 18:09:09,841 - elsapy.elsdoc - INFO - Module loaded.
2024-09-03 18:09:09,841 - elsapy.elssearch - INFO - Module loaded.
2024-09-03 18:11:38,331 - elsapy.elsclient - INFO - Module loaded.
2024-09-03 18:11:38,332 - elsapy.elsentity - INFO - Module loaded.
2024-09-03 18:11:38,333 - elsapy.utils - INFO - Module loaded.
2024-09-03 18:11:38,333 - elsapy.elsprofile - INFO - Module loaded.
2024-09-03 18:11:38,334 - elsapy.elsdoc - INFO - Module loaded.
2024-09-03 18:11:38,335 - elsapy.elssearch - INFO - Module loaded.
2024-09-03 18:15:21,922 - elsapy.elsclient - INFO - Module loaded.
2024-09-03 18:15:21,923 - elsapy.elsentity - INFO - Module loaded.
2024-09-03 18:15:21,924 - elsapy.utils - INFO - Module loaded.
2024-09-03 18:15:21,924 - elsapy.elsprofile - INFO - Module loaded.
2024-09-03 18:15:21,925 - elsapy.elsdoc - INFO - Module loaded.
2024-09-03 18:15:21,925 - elsapy.elssearch - INFO - Module loaded.
2024-09-03 18:18:52,615 - elsapy.elsclient - INFO - Module loaded.
2024-09-03 18:18:52,616 - elsapy.elsentity - INFO - Module loaded.
2024-09-03 18:18:52,617 - elsapy.utils - INFO - Module loaded.
2024-09-03 18:18:52,617 - elsapy.elsprofile - INFO - Module loaded.
2024-09-03 18:18:52,618 - elsapy.elsdoc - INFO - Module loaded.
2024-09-03 18:18:52,618 - elsapy.elssearch - INFO - Module loaded.
