2024-07-10 16:39:24,322 - elsapy.elsclient - INFO - Module loaded.
2024-07-10 16:39:24,324 - elsapy.elsentity - INFO - Module loaded.
2024-07-10 16:39:24,325 - elsapy.utils - INFO - Module loaded.
2024-07-10 16:39:24,326 - elsapy.elsprofile - INFO - Module loaded.
2024-07-10 16:39:24,326 - elsapy.elsdoc - INFO - Module loaded.
2024-07-10 16:39:24,328 - elsapy.elssearch - INFO - Module loaded.
2024-07-10 16:40:17,226 - elsapy.elsclient - INFO - Module loaded.
2024-07-10 16:40:17,227 - elsapy.elsentity - INFO - Module loaded.
2024-07-10 16:40:17,228 - elsapy.utils - INFO - Module loaded.
2024-07-10 16:40:17,228 - elsapy.elsprofile - INFO - Module loaded.
2024-07-10 16:40:17,229 - elsapy.elsdoc - INFO - Module loaded.
2024-07-10 16:40:17,231 - elsapy.elssearch - INFO - Module loaded.
2024-07-10 16:40:45,232 - elsapy.elsclient - INFO - Module loaded.
2024-07-10 16:40:45,233 - elsapy.elsentity - INFO - Module loaded.
2024-07-10 16:40:45,234 - elsapy.utils - INFO - Module loaded.
2024-07-10 16:40:45,234 - elsapy.elsprofile - INFO - Module loaded.
2024-07-10 16:40:45,235 - elsapy.elsdoc - INFO - Module loaded.
2024-07-10 16:40:45,236 - elsapy.elssearch - INFO - Module loaded.
2024-07-10 16:43:07,025 - elsapy.elsclient - INFO - Module loaded.
2024-07-10 16:43:07,026 - elsapy.elsentity - INFO - Module loaded.
2024-07-10 16:43:07,027 - elsapy.utils - INFO - Module loaded.
2024-07-10 16:43:07,027 - elsapy.elsprofile - INFO - Module loaded.
2024-07-10 16:43:07,027 - elsapy.elsdoc - INFO - Module loaded.
2024-07-10 16:43:07,028 - elsapy.elssearch - INFO - Module loaded.
2024-07-10 16:45:04,754 - elsapy.elsclient - INFO - Module loaded.
2024-07-10 16:45:04,755 - elsapy.elsentity - INFO - Module loaded.
2024-07-10 16:45:04,756 - elsapy.utils - INFO - Module loaded.
2024-07-10 16:45:04,756 - elsapy.elsprofile - INFO - Module loaded.
2024-07-10 16:45:04,757 - elsapy.elsdoc - INFO - Module loaded.
2024-07-10 16:45:04,758 - elsapy.elssearch - INFO - Module loaded.
2024-07-10 16:48:03,286 - elsapy.elsclient - INFO - Module loaded.
2024-07-10 16:48:03,287 - elsapy.elsentity - INFO - Module loaded.
2024-07-10 16:48:03,287 - elsapy.utils - INFO - Module loaded.
2024-07-10 16:48:03,288 - elsapy.elsprofile - INFO - Module loaded.
2024-07-10 16:48:03,288 - elsapy.elsdoc - INFO - Module loaded.
2024-07-10 16:48:03,288 - elsapy.elssearch - INFO - Module loaded.
2024-07-10 16:50:56,993 - elsapy.elsclient - INFO - Module loaded.
2024-07-10 16:50:56,994 - elsapy.elsentity - INFO - Module loaded.
2024-07-10 16:50:56,995 - elsapy.utils - INFO - Module loaded.
2024-07-10 16:50:56,995 - elsapy.elsprofile - INFO - Module loaded.
2024-07-10 16:50:56,996 - elsapy.elsdoc - INFO - Module loaded.
2024-07-10 16:50:56,996 - elsapy.elssearch - INFO - Module loaded.
2024-07-10 16:51:09,150 - elsapy.elsclient - INFO - Module loaded.
2024-07-10 16:51:09,151 - elsapy.elsentity - INFO - Module loaded.
2024-07-10 16:51:09,152 - elsapy.utils - INFO - Module loaded.
2024-07-10 16:51:09,152 - elsapy.elsprofile - INFO - Module loaded.
2024-07-10 16:51:09,153 - elsapy.elsdoc - INFO - Module loaded.
2024-07-10 16:51:09,154 - elsapy.elssearch - INFO - Module loaded.
2024-07-10 16:52:12,303 - elsapy.elsclient - INFO - Module loaded.
2024-07-10 16:52:12,304 - elsapy.elsentity - INFO - Module loaded.
2024-07-10 16:52:12,305 - elsapy.utils - INFO - Module loaded.
2024-07-10 16:52:12,305 - elsapy.elsprofile - INFO - Module loaded.
2024-07-10 16:52:12,306 - elsapy.elsdoc - INFO - Module loaded.
2024-07-10 16:52:12,306 - elsapy.elssearch - INFO - Module loaded.
2024-07-10 16:52:54,856 - elsapy.elsclient - INFO - Module loaded.
2024-07-10 16:52:54,858 - elsapy.elsentity - INFO - Module loaded.
2024-07-10 16:52:54,858 - elsapy.utils - INFO - Module loaded.
2024-07-10 16:52:54,858 - elsapy.elsprofile - INFO - Module loaded.
2024-07-10 16:52:54,859 - elsapy.elsdoc - INFO - Module loaded.
2024-07-10 16:52:54,860 - elsapy.elssearch - INFO - Module loaded.
2024-07-10 17:03:51,999 - elsapy.elsclient - INFO - Module loaded.
2024-07-10 17:03:52,000 - elsapy.elsentity - INFO - Module loaded.
2024-07-10 17:03:52,000 - elsapy.utils - INFO - Module loaded.
2024-07-10 17:03:52,001 - elsapy.elsprofile - INFO - Module loaded.
2024-07-10 17:03:52,001 - elsapy.elsdoc - INFO - Module loaded.
2024-07-10 17:03:52,002 - elsapy.elssearch - INFO - Module loaded.
2024-07-10 17:04:05,350 - elsapy.elsclient - INFO - Module loaded.
2024-07-10 17:04:05,351 - elsapy.elsentity - INFO - Module loaded.
2024-07-10 17:04:05,352 - elsapy.utils - INFO - Module loaded.
2024-07-10 17:04:05,352 - elsapy.elsprofile - INFO - Module loaded.
2024-07-10 17:04:05,353 - elsapy.elsdoc - INFO - Module loaded.
2024-07-10 17:04:05,353 - elsapy.elssearch - INFO - Module loaded.
2024-07-10 17:04:35,051 - elsapy.elsclient - INFO - Module loaded.
2024-07-10 17:04:35,052 - elsapy.elsentity - INFO - Module loaded.
2024-07-10 17:04:35,053 - elsapy.utils - INFO - Module loaded.
2024-07-10 17:04:35,053 - elsapy.elsprofile - INFO - Module loaded.
2024-07-10 17:04:35,054 - elsapy.elsdoc - INFO - Module loaded.
2024-07-10 17:04:35,055 - elsapy.elssearch - INFO - Module loaded.
2024-07-10 17:13:38,590 - elsapy.elsclient - INFO - Module loaded.
2024-07-10 17:13:38,591 - elsapy.elsentity - INFO - Module loaded.
2024-07-10 17:13:38,592 - elsapy.utils - INFO - Module loaded.
2024-07-10 17:13:38,592 - elsapy.elsprofile - INFO - Module loaded.
2024-07-10 17:13:38,593 - elsapy.elsdoc - INFO - Module loaded.
2024-07-10 17:13:38,594 - elsapy.elssearch - INFO - Module loaded.
2024-07-10 17:14:16,527 - elsapy.elsclient - INFO - Module loaded.
2024-07-10 17:14:16,528 - elsapy.elsentity - INFO - Module loaded.
2024-07-10 17:14:16,529 - elsapy.utils - INFO - Module loaded.
2024-07-10 17:14:16,529 - elsapy.elsprofile - INFO - Module loaded.
2024-07-10 17:14:16,530 - elsapy.elsdoc - INFO - Module loaded.
2024-07-10 17:14:16,530 - elsapy.elssearch - INFO - Module loaded.
2024-07-10 17:15:10,235 - elsapy.elsclient - INFO - Module loaded.
2024-07-10 17:15:10,236 - elsapy.elsentity - INFO - Module loaded.
2024-07-10 17:15:10,237 - elsapy.utils - INFO - Module loaded.
2024-07-10 17:15:10,237 - elsapy.elsprofile - INFO - Module loaded.
2024-07-10 17:15:10,237 - elsapy.elsdoc - INFO - Module loaded.
2024-07-10 17:15:10,238 - elsapy.elssearch - INFO - Module loaded.
2024-07-10 17:15:20,215 - elsapy.elsclient - INFO - Module loaded.
2024-07-10 17:15:20,216 - elsapy.elsentity - INFO - Module loaded.
2024-07-10 17:15:20,217 - elsapy.utils - INFO - Module loaded.
2024-07-10 17:15:20,217 - elsapy.elsprofile - INFO - Module loaded.
2024-07-10 17:15:20,218 - elsapy.elsdoc - INFO - Module loaded.
2024-07-10 17:15:20,219 - elsapy.elssearch - INFO - Module loaded.
2024-07-10 17:15:43,597 - elsapy.elsclient - INFO - Module loaded.
2024-07-10 17:15:43,598 - elsapy.elsentity - INFO - Module loaded.
2024-07-10 17:15:43,599 - elsapy.utils - INFO - Module loaded.
2024-07-10 17:15:43,599 - elsapy.elsprofile - INFO - Module loaded.
2024-07-10 17:15:43,600 - elsapy.elsdoc - INFO - Module loaded.
2024-07-10 17:15:43,600 - elsapy.elssearch - INFO - Module loaded.
2024-07-10 17:16:15,652 - elsapy.elsclient - INFO - Module loaded.
2024-07-10 17:16:15,653 - elsapy.elsentity - INFO - Module loaded.
2024-07-10 17:16:15,653 - elsapy.utils - INFO - Module loaded.
2024-07-10 17:16:15,654 - elsapy.elsprofile - INFO - Module loaded.
2024-07-10 17:16:15,654 - elsapy.elsdoc - INFO - Module loaded.
2024-07-10 17:16:15,655 - elsapy.elssearch - INFO - Module loaded.
2024-07-10 17:16:38,305 - elsapy.elsclient - INFO - Module loaded.
2024-07-10 17:16:38,306 - elsapy.elsentity - INFO - Module loaded.
2024-07-10 17:16:38,307 - elsapy.utils - INFO - Module loaded.
2024-07-10 17:16:38,307 - elsapy.elsprofile - INFO - Module loaded.
2024-07-10 17:16:38,308 - elsapy.elsdoc - INFO - Module loaded.
2024-07-10 17:16:38,308 - elsapy.elssearch - INFO - Module loaded.
2024-07-10 17:17:04,849 - elsapy.elsclient - INFO - Module loaded.
2024-07-10 17:17:04,850 - elsapy.elsentity - INFO - Module loaded.
2024-07-10 17:17:04,851 - elsapy.utils - INFO - Module loaded.
2024-07-10 17:17:04,851 - elsapy.elsprofile - INFO - Module loaded.
2024-07-10 17:17:04,852 - elsapy.elsdoc - INFO - Module loaded.
2024-07-10 17:17:04,853 - elsapy.elssearch - INFO - Module loaded.
2024-07-10 17:18:08,276 - elsapy.elsclient - INFO - Module loaded.
2024-07-10 17:18:08,277 - elsapy.elsentity - INFO - Module loaded.
2024-07-10 17:18:08,278 - elsapy.utils - INFO - Module loaded.
2024-07-10 17:18:08,278 - elsapy.elsprofile - INFO - Module loaded.
2024-07-10 17:18:08,279 - elsapy.elsdoc - INFO - Module loaded.
2024-07-10 17:18:08,280 - elsapy.elssearch - INFO - Module loaded.
2024-07-10 17:25:16,951 - elsapy.elsclient - INFO - Module loaded.
2024-07-10 17:25:16,952 - elsapy.elsentity - INFO - Module loaded.
2024-07-10 17:25:16,953 - elsapy.utils - INFO - Module loaded.
2024-07-10 17:25:16,953 - elsapy.elsprofile - INFO - Module loaded.
2024-07-10 17:25:16,954 - elsapy.elsdoc - INFO - Module loaded.
2024-07-10 17:25:16,955 - elsapy.elssearch - INFO - Module loaded.
2024-07-10 17:25:31,751 - elsapy.elsclient - INFO - Module loaded.
2024-07-10 17:25:31,752 - elsapy.elsentity - INFO - Module loaded.
2024-07-10 17:25:31,753 - elsapy.utils - INFO - Module loaded.
2024-07-10 17:25:31,753 - elsapy.elsprofile - INFO - Module loaded.
2024-07-10 17:25:31,754 - elsapy.elsdoc - INFO - Module loaded.
2024-07-10 17:25:31,755 - elsapy.elssearch - INFO - Module loaded.
2024-07-10 17:25:47,807 - elsapy.elsclient - INFO - Module loaded.
2024-07-10 17:25:47,808 - elsapy.elsentity - INFO - Module loaded.
2024-07-10 17:25:47,808 - elsapy.utils - INFO - Module loaded.
2024-07-10 17:25:47,809 - elsapy.elsprofile - INFO - Module loaded.
2024-07-10 17:25:47,809 - elsapy.elsdoc - INFO - Module loaded.
2024-07-10 17:25:47,810 - elsapy.elssearch - INFO - Module loaded.
2024-07-10 17:29:19,136 - elsapy.elsclient - INFO - Module loaded.
2024-07-10 17:29:19,137 - elsapy.elsentity - INFO - Module loaded.
2024-07-10 17:29:19,137 - elsapy.utils - INFO - Module loaded.
2024-07-10 17:29:19,138 - elsapy.elsprofile - INFO - Module loaded.
2024-07-10 17:29:19,138 - elsapy.elsdoc - INFO - Module loaded.
2024-07-10 17:29:19,139 - elsapy.elssearch - INFO - Module loaded.
2024-07-10 18:00:01,096 - elsapy.elsclient - INFO - Module loaded.
2024-07-10 18:00:01,097 - elsapy.elsentity - INFO - Module loaded.
2024-07-10 18:00:01,098 - elsapy.utils - INFO - Module loaded.
2024-07-10 18:00:01,098 - elsapy.elsprofile - INFO - Module loaded.
2024-07-10 18:00:01,099 - elsapy.elsdoc - INFO - Module loaded.
2024-07-10 18:00:01,099 - elsapy.elssearch - INFO - Module loaded.
