2024-05-30 09:02:54,046 - elsapy.elsclient - INFO - Module loaded.
2024-05-30 09:02:54,048 - elsapy.elsentity - INFO - Module loaded.
2024-05-30 09:02:54,048 - elsapy.utils - INFO - Module loaded.
2024-05-30 09:02:54,049 - elsapy.elsprofile - INFO - Module loaded.
2024-05-30 09:02:54,049 - elsapy.elsdoc - INFO - Module loaded.
2024-05-30 09:02:54,050 - elsapy.elssearch - INFO - Module loaded.
2024-05-30 09:28:36,565 - elsapy.elsclient - INFO - Module loaded.
2024-05-30 09:28:36,565 - elsapy.elsentity - INFO - Module loaded.
2024-05-30 09:28:36,567 - elsapy.utils - INFO - Module loaded.
2024-05-30 09:28:36,567 - elsapy.elsprofile - INFO - Module loaded.
2024-05-30 09:28:36,568 - elsapy.elsdoc - INFO - Module loaded.
2024-05-30 09:28:36,568 - elsapy.elssearch - INFO - Module loaded.
2024-05-30 10:52:24,086 - elsapy.elsclient - INFO - Module loaded.
2024-05-30 10:52:24,087 - elsapy.elsentity - INFO - Module loaded.
2024-05-30 10:52:24,088 - elsapy.utils - INFO - Module loaded.
2024-05-30 10:52:24,088 - elsapy.elsprofile - INFO - Module loaded.
2024-05-30 10:52:24,089 - elsapy.elsdoc - INFO - Module loaded.
2024-05-30 10:52:24,089 - elsapy.elssearch - INFO - Module loaded.
2024-05-30 12:48:06,890 - elsapy.elsclient - INFO - Module loaded.
2024-05-30 12:48:06,891 - elsapy.elsentity - INFO - Module loaded.
2024-05-30 12:48:06,892 - elsapy.utils - INFO - Module loaded.
2024-05-30 12:48:06,892 - elsapy.elsprofile - INFO - Module loaded.
2024-05-30 12:48:06,893 - elsapy.elsdoc - INFO - Module loaded.
2024-05-30 12:48:06,893 - elsapy.elssearch - INFO - Module loaded.
2024-05-30 13:37:11,082 - elsapy.elsclient - INFO - Module loaded.
2024-05-30 13:37:11,083 - elsapy.elsentity - INFO - Module loaded.
2024-05-30 13:37:11,084 - elsapy.utils - INFO - Module loaded.
2024-05-30 13:37:11,084 - elsapy.elsprofile - INFO - Module loaded.
2024-05-30 13:37:11,085 - elsapy.elsdoc - INFO - Module loaded.
2024-05-30 13:37:11,085 - elsapy.elssearch - INFO - Module loaded.
2024-05-30 13:37:36,816 - elsapy.elsclient - INFO - Module loaded.
2024-05-30 13:37:36,817 - elsapy.elsentity - INFO - Module loaded.
2024-05-30 13:37:36,818 - elsapy.utils - INFO - Module loaded.
2024-05-30 13:37:36,818 - elsapy.elsprofile - INFO - Module loaded.
2024-05-30 13:37:36,819 - elsapy.elsdoc - INFO - Module loaded.
2024-05-30 13:37:36,820 - elsapy.elssearch - INFO - Module loaded.
2024-05-30 14:17:16,339 - elsapy.elsclient - INFO - Module loaded.
2024-05-30 14:17:16,340 - elsapy.elsentity - INFO - Module loaded.
2024-05-30 14:17:16,341 - elsapy.utils - INFO - Module loaded.
2024-05-30 14:17:16,341 - elsapy.elsprofile - INFO - Module loaded.
2024-05-30 14:17:16,342 - elsapy.elsdoc - INFO - Module loaded.
2024-05-30 14:17:16,342 - elsapy.elssearch - INFO - Module loaded.
2024-05-30 14:17:45,764 - elsapy.elsclient - INFO - Module loaded.
2024-05-30 14:17:45,765 - elsapy.elsentity - INFO - Module loaded.
2024-05-30 14:17:45,766 - elsapy.utils - INFO - Module loaded.
2024-05-30 14:17:45,766 - elsapy.elsprofile - INFO - Module loaded.
2024-05-30 14:17:45,767 - elsapy.elsdoc - INFO - Module loaded.
2024-05-30 14:17:45,767 - elsapy.elssearch - INFO - Module loaded.
2024-05-30 14:23:28,475 - elsapy.elsclient - INFO - Module loaded.
2024-05-30 14:23:28,476 - elsapy.elsentity - INFO - Module loaded.
2024-05-30 14:23:28,477 - elsapy.utils - INFO - Module loaded.
2024-05-30 14:23:28,477 - elsapy.elsprofile - INFO - Module loaded.
2024-05-30 14:23:28,478 - elsapy.elsdoc - INFO - Module loaded.
2024-05-30 14:23:28,479 - elsapy.elssearch - INFO - Module loaded.
2024-05-30 17:29:47,198 - elsapy.elsclient - INFO - Module loaded.
2024-05-30 17:29:47,199 - elsapy.elsentity - INFO - Module loaded.
2024-05-30 17:29:47,200 - elsapy.utils - INFO - Module loaded.
2024-05-30 17:29:47,200 - elsapy.elsprofile - INFO - Module loaded.
2024-05-30 17:29:47,201 - elsapy.elsdoc - INFO - Module loaded.
2024-05-30 17:29:47,202 - elsapy.elssearch - INFO - Module loaded.
2024-05-30 18:55:36,122 - elsapy.elsclient - INFO - Module loaded.
2024-05-30 18:55:36,123 - elsapy.elsentity - INFO - Module loaded.
2024-05-30 18:55:36,124 - elsapy.utils - INFO - Module loaded.
2024-05-30 18:55:36,124 - elsapy.elsprofile - INFO - Module loaded.
2024-05-30 18:55:36,125 - elsapy.elsdoc - INFO - Module loaded.
2024-05-30 18:55:36,126 - elsapy.elssearch - INFO - Module loaded.
2024-05-30 18:59:27,930 - elsapy.elsclient - INFO - Module loaded.
2024-05-30 18:59:27,931 - elsapy.elsentity - INFO - Module loaded.
2024-05-30 18:59:27,931 - elsapy.utils - INFO - Module loaded.
2024-05-30 18:59:27,932 - elsapy.elsprofile - INFO - Module loaded.
2024-05-30 18:59:27,932 - elsapy.elsdoc - INFO - Module loaded.
2024-05-30 18:59:27,933 - elsapy.elssearch - INFO - Module loaded.
2024-05-30 20:51:36,580 - elsapy.elsclient - INFO - Module loaded.
2024-05-30 20:51:36,582 - elsapy.elsentity - INFO - Module loaded.
2024-05-30 20:51:36,582 - elsapy.utils - INFO - Module loaded.
2024-05-30 20:51:36,582 - elsapy.elsprofile - INFO - Module loaded.
2024-05-30 20:51:36,583 - elsapy.elsdoc - INFO - Module loaded.
2024-05-30 20:51:36,584 - elsapy.elssearch - INFO - Module loaded.
