2024-07-17 07:49:08,044 - elsapy.elsclient - INFO - Module loaded.
2024-07-17 07:49:08,045 - elsapy.elsentity - INFO - Module loaded.
2024-07-17 07:49:08,046 - elsapy.utils - INFO - Module loaded.
2024-07-17 07:49:08,046 - elsapy.elsprofile - INFO - Module loaded.
2024-07-17 07:49:08,047 - elsapy.elsdoc - INFO - Module loaded.
2024-07-17 07:49:08,048 - elsapy.elssearch - INFO - Module loaded.
2024-07-17 07:55:59,399 - elsapy.elsclient - INFO - Module loaded.
2024-07-17 07:55:59,400 - elsapy.elsentity - INFO - Module loaded.
2024-07-17 07:55:59,401 - elsapy.utils - INFO - Module loaded.
2024-07-17 07:55:59,402 - elsapy.elsprofile - INFO - Module loaded.
2024-07-17 07:55:59,402 - elsapy.elsdoc - INFO - Module loaded.
2024-07-17 07:55:59,404 - elsapy.elssearch - INFO - Module loaded.
2024-07-17 08:03:46,551 - elsapy.elsclient - INFO - Module loaded.
2024-07-17 08:03:46,552 - elsapy.elsentity - INFO - Module loaded.
2024-07-17 08:03:46,553 - elsapy.utils - INFO - Module loaded.
2024-07-17 08:03:46,553 - elsapy.elsprofile - INFO - Module loaded.
2024-07-17 08:03:46,554 - elsapy.elsdoc - INFO - Module loaded.
2024-07-17 08:03:46,554 - elsapy.elssearch - INFO - Module loaded.
2024-07-17 09:35:22,762 - elsapy.elsclient - INFO - Module loaded.
2024-07-17 09:35:22,763 - elsapy.elsentity - INFO - Module loaded.
2024-07-17 09:35:22,763 - elsapy.utils - INFO - Module loaded.
2024-07-17 09:35:22,764 - elsapy.elsprofile - INFO - Module loaded.
2024-07-17 09:35:22,764 - elsapy.elsdoc - INFO - Module loaded.
2024-07-17 09:35:22,765 - elsapy.elssearch - INFO - Module loaded.
2024-07-17 09:37:16,465 - elsapy.elsclient - INFO - Module loaded.
2024-07-17 09:37:16,466 - elsapy.elsentity - INFO - Module loaded.
2024-07-17 09:37:16,467 - elsapy.utils - INFO - Module loaded.
2024-07-17 09:37:16,467 - elsapy.elsprofile - INFO - Module loaded.
2024-07-17 09:37:16,468 - elsapy.elsdoc - INFO - Module loaded.
2024-07-17 09:37:16,468 - elsapy.elssearch - INFO - Module loaded.
2024-07-17 22:11:35,679 - elsapy.elsclient - INFO - Module loaded.
2024-07-17 22:11:35,680 - elsapy.elsentity - INFO - Module loaded.
2024-07-17 22:11:35,681 - elsapy.utils - INFO - Module loaded.
2024-07-17 22:11:35,681 - elsapy.elsprofile - INFO - Module loaded.
2024-07-17 22:11:35,682 - elsapy.elsdoc - INFO - Module loaded.
2024-07-17 22:11:35,683 - elsapy.elssearch - INFO - Module loaded.
2024-07-17 22:22:52,891 - elsapy.elsclient - INFO - Module loaded.
2024-07-17 22:22:52,893 - elsapy.elsentity - INFO - Module loaded.
2024-07-17 22:22:52,894 - elsapy.utils - INFO - Module loaded.
2024-07-17 22:22:52,894 - elsapy.elsprofile - INFO - Module loaded.
2024-07-17 22:22:52,895 - elsapy.elsdoc - INFO - Module loaded.
2024-07-17 22:22:52,896 - elsapy.elssearch - INFO - Module loaded.
2024-07-17 22:25:38,039 - elsapy.elsclient - INFO - Module loaded.
2024-07-17 22:25:38,040 - elsapy.elsentity - INFO - Module loaded.
2024-07-17 22:25:38,041 - elsapy.utils - INFO - Module loaded.
2024-07-17 22:25:38,042 - elsapy.elsprofile - INFO - Module loaded.
2024-07-17 22:25:38,043 - elsapy.elsdoc - INFO - Module loaded.
2024-07-17 22:25:38,043 - elsapy.elssearch - INFO - Module loaded.
2024-07-17 22:30:21,630 - elsapy.elsclient - INFO - Module loaded.
2024-07-17 22:30:21,632 - elsapy.elsentity - INFO - Module loaded.
2024-07-17 22:30:21,632 - elsapy.utils - INFO - Module loaded.
2024-07-17 22:30:21,633 - elsapy.elsprofile - INFO - Module loaded.
2024-07-17 22:30:21,634 - elsapy.elsdoc - INFO - Module loaded.
2024-07-17 22:30:21,635 - elsapy.elssearch - INFO - Module loaded.
2024-07-17 22:36:49,833 - elsapy.elsclient - INFO - Module loaded.
2024-07-17 22:36:49,835 - elsapy.elsentity - INFO - Module loaded.
2024-07-17 22:36:49,835 - elsapy.utils - INFO - Module loaded.
2024-07-17 22:36:49,836 - elsapy.elsprofile - INFO - Module loaded.
2024-07-17 22:36:49,837 - elsapy.elsdoc - INFO - Module loaded.
2024-07-17 22:36:49,838 - elsapy.elssearch - INFO - Module loaded.
2024-07-17 22:42:27,938 - elsapy.elsclient - INFO - Module loaded.
2024-07-17 22:42:27,940 - elsapy.elsentity - INFO - Module loaded.
2024-07-17 22:42:27,940 - elsapy.utils - INFO - Module loaded.
2024-07-17 22:42:27,941 - elsapy.elsprofile - INFO - Module loaded.
2024-07-17 22:42:27,942 - elsapy.elsdoc - INFO - Module loaded.
2024-07-17 22:42:27,943 - elsapy.elssearch - INFO - Module loaded.
