2024-05-22 13:29:10,908 - elsapy.elsclient - INFO - Module loaded.
2024-05-22 13:29:10,909 - elsapy.elsentity - INFO - Module loaded.
2024-05-22 13:29:10,910 - elsapy.utils - INFO - Module loaded.
2024-05-22 13:29:10,910 - elsapy.elsprofile - INFO - Module loaded.
2024-05-22 13:29:10,912 - elsapy.elsdoc - INFO - Module loaded.
2024-05-22 13:29:10,913 - elsapy.elssearch - INFO - Module loaded.
2024-05-22 13:36:24,728 - elsapy.elsclient - INFO - Module loaded.
2024-05-22 13:36:24,729 - elsapy.elsentity - INFO - Module loaded.
2024-05-22 13:36:24,730 - elsapy.utils - INFO - Module loaded.
2024-05-22 13:36:24,730 - elsapy.elsprofile - INFO - Module loaded.
2024-05-22 13:36:24,731 - elsapy.elsdoc - INFO - Module loaded.
2024-05-22 13:36:24,732 - elsapy.elssearch - INFO - Module loaded.
2024-05-22 13:37:06,025 - elsapy.elsclient - INFO - Module loaded.
2024-05-22 13:37:06,026 - elsapy.elsentity - INFO - Module loaded.
2024-05-22 13:37:06,026 - elsapy.utils - INFO - Module loaded.
2024-05-22 13:37:06,027 - elsapy.elsprofile - INFO - Module loaded.
2024-05-22 13:37:06,027 - elsapy.elsdoc - INFO - Module loaded.
2024-05-22 13:37:06,028 - elsapy.elssearch - INFO - Module loaded.
2024-05-22 13:37:36,443 - elsapy.elsclient - INFO - Module loaded.
2024-05-22 13:37:36,444 - elsapy.elsentity - INFO - Module loaded.
2024-05-22 13:37:36,445 - elsapy.utils - INFO - Module loaded.
2024-05-22 13:37:36,445 - elsapy.elsprofile - INFO - Module loaded.
2024-05-22 13:37:36,446 - elsapy.elsdoc - INFO - Module loaded.
2024-05-22 13:37:36,446 - elsapy.elssearch - INFO - Module loaded.
2024-05-22 13:37:55,542 - elsapy.elsclient - INFO - Module loaded.
2024-05-22 13:37:55,543 - elsapy.elsentity - INFO - Module loaded.
2024-05-22 13:37:55,543 - elsapy.utils - INFO - Module loaded.
2024-05-22 13:37:55,544 - elsapy.elsprofile - INFO - Module loaded.
2024-05-22 13:37:55,544 - elsapy.elsdoc - INFO - Module loaded.
2024-05-22 13:37:55,545 - elsapy.elssearch - INFO - Module loaded.
2024-05-22 13:38:24,047 - elsapy.elsclient - INFO - Module loaded.
2024-05-22 13:38:24,048 - elsapy.elsentity - INFO - Module loaded.
2024-05-22 13:38:24,049 - elsapy.utils - INFO - Module loaded.
2024-05-22 13:38:24,049 - elsapy.elsprofile - INFO - Module loaded.
2024-05-22 13:38:24,050 - elsapy.elsdoc - INFO - Module loaded.
2024-05-22 13:38:24,050 - elsapy.elssearch - INFO - Module loaded.
2024-05-22 13:41:28,715 - elsapy.elsclient - INFO - Module loaded.
2024-05-22 13:41:28,716 - elsapy.elsentity - INFO - Module loaded.
2024-05-22 13:41:28,717 - elsapy.utils - INFO - Module loaded.
2024-05-22 13:41:28,717 - elsapy.elsprofile - INFO - Module loaded.
2024-05-22 13:41:28,718 - elsapy.elsdoc - INFO - Module loaded.
2024-05-22 13:41:28,719 - elsapy.elssearch - INFO - Module loaded.
2024-05-22 13:41:43,396 - elsapy.elsclient - INFO - Module loaded.
2024-05-22 13:41:43,397 - elsapy.elsentity - INFO - Module loaded.
2024-05-22 13:41:43,398 - elsapy.utils - INFO - Module loaded.
2024-05-22 13:41:43,398 - elsapy.elsprofile - INFO - Module loaded.
2024-05-22 13:41:43,398 - elsapy.elsdoc - INFO - Module loaded.
2024-05-22 13:41:43,399 - elsapy.elssearch - INFO - Module loaded.
2024-05-22 13:42:01,815 - elsapy.elsclient - INFO - Module loaded.
2024-05-22 13:42:01,817 - elsapy.elsentity - INFO - Module loaded.
2024-05-22 13:42:01,817 - elsapy.utils - INFO - Module loaded.
2024-05-22 13:42:01,817 - elsapy.elsprofile - INFO - Module loaded.
2024-05-22 13:42:01,818 - elsapy.elsdoc - INFO - Module loaded.
2024-05-22 13:42:01,819 - elsapy.elssearch - INFO - Module loaded.
2024-05-22 13:42:53,600 - elsapy.elsclient - INFO - Module loaded.
2024-05-22 13:42:53,601 - elsapy.elsentity - INFO - Module loaded.
2024-05-22 13:42:53,602 - elsapy.utils - INFO - Module loaded.
2024-05-22 13:42:53,602 - elsapy.elsprofile - INFO - Module loaded.
2024-05-22 13:42:53,603 - elsapy.elsdoc - INFO - Module loaded.
2024-05-22 13:42:53,603 - elsapy.elssearch - INFO - Module loaded.
2024-05-22 13:44:04,614 - elsapy.elsclient - INFO - Module loaded.
2024-05-22 13:44:04,616 - elsapy.elsentity - INFO - Module loaded.
2024-05-22 13:44:04,616 - elsapy.utils - INFO - Module loaded.
2024-05-22 13:44:04,616 - elsapy.elsprofile - INFO - Module loaded.
2024-05-22 13:44:04,617 - elsapy.elsdoc - INFO - Module loaded.
2024-05-22 13:44:04,618 - elsapy.elssearch - INFO - Module loaded.
2024-05-22 13:45:55,389 - elsapy.elsclient - INFO - Module loaded.
2024-05-22 13:45:55,390 - elsapy.elsentity - INFO - Module loaded.
2024-05-22 13:45:55,391 - elsapy.utils - INFO - Module loaded.
2024-05-22 13:45:55,391 - elsapy.elsprofile - INFO - Module loaded.
2024-05-22 13:45:55,392 - elsapy.elsdoc - INFO - Module loaded.
2024-05-22 13:45:55,393 - elsapy.elssearch - INFO - Module loaded.
2024-05-22 13:50:27,745 - elsapy.elsclient - INFO - Module loaded.
2024-05-22 13:50:27,746 - elsapy.elsentity - INFO - Module loaded.
2024-05-22 13:50:27,747 - elsapy.utils - INFO - Module loaded.
2024-05-22 13:50:27,747 - elsapy.elsprofile - INFO - Module loaded.
2024-05-22 13:50:27,748 - elsapy.elsdoc - INFO - Module loaded.
2024-05-22 13:50:27,748 - elsapy.elssearch - INFO - Module loaded.
2024-05-22 13:51:27,378 - elsapy.elsclient - INFO - Module loaded.
2024-05-22 13:51:27,379 - elsapy.elsentity - INFO - Module loaded.
2024-05-22 13:51:27,379 - elsapy.utils - INFO - Module loaded.
2024-05-22 13:51:27,379 - elsapy.elsprofile - INFO - Module loaded.
2024-05-22 13:51:27,380 - elsapy.elsdoc - INFO - Module loaded.
2024-05-22 13:51:27,381 - elsapy.elssearch - INFO - Module loaded.
2024-05-22 13:54:10,107 - elsapy.elsclient - INFO - Module loaded.
2024-05-22 13:54:10,108 - elsapy.elsentity - INFO - Module loaded.
2024-05-22 13:54:10,109 - elsapy.utils - INFO - Module loaded.
2024-05-22 13:54:10,109 - elsapy.elsprofile - INFO - Module loaded.
2024-05-22 13:54:10,109 - elsapy.elsdoc - INFO - Module loaded.
2024-05-22 13:54:10,110 - elsapy.elssearch - INFO - Module loaded.
2024-05-22 13:56:26,584 - elsapy.elsclient - INFO - Module loaded.
2024-05-22 13:56:26,585 - elsapy.elsentity - INFO - Module loaded.
2024-05-22 13:56:26,586 - elsapy.utils - INFO - Module loaded.
2024-05-22 13:56:26,586 - elsapy.elsprofile - INFO - Module loaded.
2024-05-22 13:56:26,587 - elsapy.elsdoc - INFO - Module loaded.
2024-05-22 13:56:26,588 - elsapy.elssearch - INFO - Module loaded.
2024-05-22 13:59:02,072 - elsapy.elsclient - INFO - Module loaded.
2024-05-22 13:59:02,073 - elsapy.elsentity - INFO - Module loaded.
2024-05-22 13:59:02,074 - elsapy.utils - INFO - Module loaded.
2024-05-22 13:59:02,074 - elsapy.elsprofile - INFO - Module loaded.
2024-05-22 13:59:02,075 - elsapy.elsdoc - INFO - Module loaded.
2024-05-22 13:59:02,075 - elsapy.elssearch - INFO - Module loaded.
2024-05-22 14:01:41,772 - elsapy.elsclient - INFO - Module loaded.
2024-05-22 14:01:41,773 - elsapy.elsentity - INFO - Module loaded.
2024-05-22 14:01:41,774 - elsapy.utils - INFO - Module loaded.
2024-05-22 14:01:41,774 - elsapy.elsprofile - INFO - Module loaded.
2024-05-22 14:01:41,775 - elsapy.elsdoc - INFO - Module loaded.
2024-05-22 14:01:41,775 - elsapy.elssearch - INFO - Module loaded.
2024-05-22 14:32:14,817 - elsapy.elsclient - INFO - Module loaded.
2024-05-22 14:32:14,818 - elsapy.elsentity - INFO - Module loaded.
2024-05-22 14:32:14,819 - elsapy.utils - INFO - Module loaded.
2024-05-22 14:32:14,819 - elsapy.elsprofile - INFO - Module loaded.
2024-05-22 14:32:14,820 - elsapy.elsdoc - INFO - Module loaded.
2024-05-22 14:32:14,821 - elsapy.elssearch - INFO - Module loaded.
2024-05-22 14:39:27,302 - elsapy.elsclient - INFO - Module loaded.
2024-05-22 14:39:27,303 - elsapy.elsentity - INFO - Module loaded.
2024-05-22 14:39:27,304 - elsapy.utils - INFO - Module loaded.
2024-05-22 14:39:27,304 - elsapy.elsprofile - INFO - Module loaded.
2024-05-22 14:39:27,305 - elsapy.elsdoc - INFO - Module loaded.
2024-05-22 14:39:27,305 - elsapy.elssearch - INFO - Module loaded.
2024-05-22 14:41:29,353 - elsapy.elsclient - INFO - Module loaded.
2024-05-22 14:41:29,355 - elsapy.elsentity - INFO - Module loaded.
2024-05-22 14:41:29,356 - elsapy.utils - INFO - Module loaded.
2024-05-22 14:41:29,356 - elsapy.elsprofile - INFO - Module loaded.
2024-05-22 14:41:29,357 - elsapy.elsdoc - INFO - Module loaded.
2024-05-22 14:41:29,357 - elsapy.elssearch - INFO - Module loaded.
2024-05-22 14:44:08,030 - elsapy.elsclient - INFO - Module loaded.
2024-05-22 14:44:08,031 - elsapy.elsentity - INFO - Module loaded.
2024-05-22 14:44:08,032 - elsapy.utils - INFO - Module loaded.
2024-05-22 14:44:08,032 - elsapy.elsprofile - INFO - Module loaded.
2024-05-22 14:44:08,032 - elsapy.elsdoc - INFO - Module loaded.
2024-05-22 14:44:08,034 - elsapy.elssearch - INFO - Module loaded.
2024-05-22 14:48:48,824 - elsapy.elsclient - INFO - Module loaded.
2024-05-22 14:48:48,825 - elsapy.elsentity - INFO - Module loaded.
2024-05-22 14:48:48,825 - elsapy.utils - INFO - Module loaded.
2024-05-22 14:48:48,826 - elsapy.elsprofile - INFO - Module loaded.
2024-05-22 14:48:48,826 - elsapy.elsdoc - INFO - Module loaded.
2024-05-22 14:48:48,827 - elsapy.elssearch - INFO - Module loaded.
2024-05-22 14:49:28,748 - elsapy.elsclient - INFO - Module loaded.
2024-05-22 14:49:28,749 - elsapy.elsentity - INFO - Module loaded.
2024-05-22 14:49:28,750 - elsapy.utils - INFO - Module loaded.
2024-05-22 14:49:28,750 - elsapy.elsprofile - INFO - Module loaded.
2024-05-22 14:49:28,751 - elsapy.elsdoc - INFO - Module loaded.
2024-05-22 14:49:28,752 - elsapy.elssearch - INFO - Module loaded.
2024-05-22 14:50:32,665 - elsapy.elsclient - INFO - Module loaded.
2024-05-22 14:50:32,666 - elsapy.elsentity - INFO - Module loaded.
2024-05-22 14:50:32,667 - elsapy.utils - INFO - Module loaded.
2024-05-22 14:50:32,667 - elsapy.elsprofile - INFO - Module loaded.
2024-05-22 14:50:32,668 - elsapy.elsdoc - INFO - Module loaded.
2024-05-22 14:50:32,669 - elsapy.elssearch - INFO - Module loaded.
2024-05-22 14:54:39,806 - elsapy.elsclient - INFO - Module loaded.
2024-05-22 14:54:39,807 - elsapy.elsentity - INFO - Module loaded.
2024-05-22 14:54:39,808 - elsapy.utils - INFO - Module loaded.
2024-05-22 14:54:39,808 - elsapy.elsprofile - INFO - Module loaded.
2024-05-22 14:54:39,809 - elsapy.elsdoc - INFO - Module loaded.
2024-05-22 14:54:39,810 - elsapy.elssearch - INFO - Module loaded.
2024-05-22 15:00:55,154 - elsapy.elsclient - INFO - Module loaded.
2024-05-22 15:00:55,155 - elsapy.elsentity - INFO - Module loaded.
2024-05-22 15:00:55,156 - elsapy.utils - INFO - Module loaded.
2024-05-22 15:00:55,156 - elsapy.elsprofile - INFO - Module loaded.
2024-05-22 15:00:55,157 - elsapy.elsdoc - INFO - Module loaded.
2024-05-22 15:00:55,157 - elsapy.elssearch - INFO - Module loaded.
2024-05-22 15:05:17,139 - elsapy.elsclient - INFO - Module loaded.
2024-05-22 15:05:17,140 - elsapy.elsentity - INFO - Module loaded.
2024-05-22 15:05:17,141 - elsapy.utils - INFO - Module loaded.
2024-05-22 15:05:17,141 - elsapy.elsprofile - INFO - Module loaded.
2024-05-22 15:05:17,142 - elsapy.elsdoc - INFO - Module loaded.
2024-05-22 15:05:17,143 - elsapy.elssearch - INFO - Module loaded.
2024-05-22 15:07:30,274 - elsapy.elsclient - INFO - Module loaded.
2024-05-22 15:07:30,275 - elsapy.elsentity - INFO - Module loaded.
2024-05-22 15:07:30,276 - elsapy.utils - INFO - Module loaded.
2024-05-22 15:07:30,276 - elsapy.elsprofile - INFO - Module loaded.
2024-05-22 15:07:30,277 - elsapy.elsdoc - INFO - Module loaded.
2024-05-22 15:07:30,278 - elsapy.elssearch - INFO - Module loaded.
2024-05-22 15:12:21,577 - elsapy.elsclient - INFO - Module loaded.
2024-05-22 15:12:21,578 - elsapy.elsentity - INFO - Module loaded.
2024-05-22 15:12:21,579 - elsapy.utils - INFO - Module loaded.
2024-05-22 15:12:21,579 - elsapy.elsprofile - INFO - Module loaded.
2024-05-22 15:12:21,580 - elsapy.elsdoc - INFO - Module loaded.
2024-05-22 15:12:21,581 - elsapy.elssearch - INFO - Module loaded.
2024-05-22 15:14:00,215 - elsapy.elsclient - INFO - Module loaded.
2024-05-22 15:14:00,216 - elsapy.elsentity - INFO - Module loaded.
2024-05-22 15:14:00,217 - elsapy.utils - INFO - Module loaded.
2024-05-22 15:14:00,217 - elsapy.elsprofile - INFO - Module loaded.
2024-05-22 15:14:00,218 - elsapy.elsdoc - INFO - Module loaded.
2024-05-22 15:14:00,218 - elsapy.elssearch - INFO - Module loaded.
2024-05-22 15:14:44,447 - elsapy.elsclient - INFO - Module loaded.
2024-05-22 15:14:44,448 - elsapy.elsentity - INFO - Module loaded.
2024-05-22 15:14:44,448 - elsapy.utils - INFO - Module loaded.
2024-05-22 15:14:44,449 - elsapy.elsprofile - INFO - Module loaded.
2024-05-22 15:14:44,449 - elsapy.elsdoc - INFO - Module loaded.
2024-05-22 15:14:44,450 - elsapy.elssearch - INFO - Module loaded.
2024-05-22 15:15:05,426 - elsapy.elsclient - INFO - Module loaded.
2024-05-22 15:15:05,427 - elsapy.elsentity - INFO - Module loaded.
2024-05-22 15:15:05,428 - elsapy.utils - INFO - Module loaded.
2024-05-22 15:15:05,428 - elsapy.elsprofile - INFO - Module loaded.
2024-05-22 15:15:05,429 - elsapy.elsdoc - INFO - Module loaded.
2024-05-22 15:15:05,429 - elsapy.elssearch - INFO - Module loaded.
2024-05-22 15:19:19,519 - elsapy.elsclient - INFO - Module loaded.
2024-05-22 15:19:19,520 - elsapy.elsentity - INFO - Module loaded.
2024-05-22 15:19:19,520 - elsapy.utils - INFO - Module loaded.
2024-05-22 15:19:19,521 - elsapy.elsprofile - INFO - Module loaded.
2024-05-22 15:19:19,521 - elsapy.elsdoc - INFO - Module loaded.
2024-05-22 15:19:19,522 - elsapy.elssearch - INFO - Module loaded.
2024-05-22 15:50:13,615 - elsapy.elsclient - INFO - Module loaded.
2024-05-22 15:50:13,616 - elsapy.elsentity - INFO - Module loaded.
2024-05-22 15:50:13,617 - elsapy.utils - INFO - Module loaded.
2024-05-22 15:50:13,617 - elsapy.elsprofile - INFO - Module loaded.
2024-05-22 15:50:13,618 - elsapy.elsdoc - INFO - Module loaded.
2024-05-22 15:50:13,619 - elsapy.elssearch - INFO - Module loaded.
2024-05-22 15:50:46,494 - elsapy.elsclient - INFO - Module loaded.
2024-05-22 15:50:46,495 - elsapy.elsentity - INFO - Module loaded.
2024-05-22 15:50:46,496 - elsapy.utils - INFO - Module loaded.
2024-05-22 15:50:46,496 - elsapy.elsprofile - INFO - Module loaded.
2024-05-22 15:50:46,497 - elsapy.elsdoc - INFO - Module loaded.
2024-05-22 15:50:46,498 - elsapy.elssearch - INFO - Module loaded.
2024-05-22 15:51:14,256 - elsapy.elsclient - INFO - Module loaded.
2024-05-22 15:51:14,257 - elsapy.elsentity - INFO - Module loaded.
2024-05-22 15:51:14,257 - elsapy.utils - INFO - Module loaded.
2024-05-22 15:51:14,258 - elsapy.elsprofile - INFO - Module loaded.
2024-05-22 15:51:14,258 - elsapy.elsdoc - INFO - Module loaded.
2024-05-22 15:51:14,259 - elsapy.elssearch - INFO - Module loaded.
2024-05-22 15:53:34,333 - elsapy.elsclient - INFO - Module loaded.
2024-05-22 15:53:34,334 - elsapy.elsentity - INFO - Module loaded.
2024-05-22 15:53:34,335 - elsapy.utils - INFO - Module loaded.
2024-05-22 15:53:34,335 - elsapy.elsprofile - INFO - Module loaded.
2024-05-22 15:53:34,336 - elsapy.elsdoc - INFO - Module loaded.
2024-05-22 15:53:34,337 - elsapy.elssearch - INFO - Module loaded.
2024-05-22 15:55:44,513 - elsapy.elsclient - INFO - Module loaded.
2024-05-22 15:55:44,514 - elsapy.elsentity - INFO - Module loaded.
2024-05-22 15:55:44,515 - elsapy.utils - INFO - Module loaded.
2024-05-22 15:55:44,515 - elsapy.elsprofile - INFO - Module loaded.
2024-05-22 15:55:44,516 - elsapy.elsdoc - INFO - Module loaded.
2024-05-22 15:55:44,517 - elsapy.elssearch - INFO - Module loaded.
2024-05-22 15:56:49,256 - elsapy.elsclient - INFO - Module loaded.
2024-05-22 15:56:49,257 - elsapy.elsentity - INFO - Module loaded.
2024-05-22 15:56:49,258 - elsapy.utils - INFO - Module loaded.
2024-05-22 15:56:49,258 - elsapy.elsprofile - INFO - Module loaded.
2024-05-22 15:56:49,258 - elsapy.elsdoc - INFO - Module loaded.
2024-05-22 15:56:49,259 - elsapy.elssearch - INFO - Module loaded.
2024-05-22 15:58:53,932 - elsapy.elsclient - INFO - Module loaded.
2024-05-22 15:58:53,933 - elsapy.elsentity - INFO - Module loaded.
2024-05-22 15:58:53,933 - elsapy.utils - INFO - Module loaded.
2024-05-22 15:58:53,934 - elsapy.elsprofile - INFO - Module loaded.
2024-05-22 15:58:53,935 - elsapy.elsdoc - INFO - Module loaded.
2024-05-22 15:58:53,936 - elsapy.elssearch - INFO - Module loaded.
2024-05-22 16:00:00,713 - elsapy.elsclient - INFO - Module loaded.
2024-05-22 16:00:00,714 - elsapy.elsentity - INFO - Module loaded.
2024-05-22 16:00:00,715 - elsapy.utils - INFO - Module loaded.
2024-05-22 16:00:00,715 - elsapy.elsprofile - INFO - Module loaded.
2024-05-22 16:00:00,716 - elsapy.elsdoc - INFO - Module loaded.
2024-05-22 16:00:00,717 - elsapy.elssearch - INFO - Module loaded.
2024-05-22 16:00:47,098 - elsapy.elsclient - INFO - Module loaded.
2024-05-22 16:00:47,099 - elsapy.elsentity - INFO - Module loaded.
2024-05-22 16:00:47,100 - elsapy.utils - INFO - Module loaded.
2024-05-22 16:00:47,100 - elsapy.elsprofile - INFO - Module loaded.
2024-05-22 16:00:47,101 - elsapy.elsdoc - INFO - Module loaded.
2024-05-22 16:00:47,101 - elsapy.elssearch - INFO - Module loaded.
2024-05-22 16:03:32,252 - elsapy.elsclient - INFO - Module loaded.
2024-05-22 16:03:32,253 - elsapy.elsentity - INFO - Module loaded.
2024-05-22 16:03:32,253 - elsapy.utils - INFO - Module loaded.
2024-05-22 16:03:32,254 - elsapy.elsprofile - INFO - Module loaded.
2024-05-22 16:03:32,255 - elsapy.elsdoc - INFO - Module loaded.
2024-05-22 16:03:32,255 - elsapy.elssearch - INFO - Module loaded.
2024-05-22 16:04:11,372 - elsapy.elsclient - INFO - Module loaded.
2024-05-22 16:04:11,373 - elsapy.elsentity - INFO - Module loaded.
2024-05-22 16:04:11,374 - elsapy.utils - INFO - Module loaded.
2024-05-22 16:04:11,374 - elsapy.elsprofile - INFO - Module loaded.
2024-05-22 16:04:11,375 - elsapy.elsdoc - INFO - Module loaded.
2024-05-22 16:04:11,376 - elsapy.elssearch - INFO - Module loaded.
2024-05-22 16:14:37,543 - elsapy.elsclient - INFO - Module loaded.
2024-05-22 16:14:37,544 - elsapy.elsentity - INFO - Module loaded.
2024-05-22 16:14:37,545 - elsapy.utils - INFO - Module loaded.
2024-05-22 16:14:37,546 - elsapy.elsprofile - INFO - Module loaded.
2024-05-22 16:14:37,546 - elsapy.elsdoc - INFO - Module loaded.
2024-05-22 16:14:37,547 - elsapy.elssearch - INFO - Module loaded.
2024-05-22 16:14:50,195 - elsapy.elsclient - INFO - Module loaded.
2024-05-22 16:14:50,196 - elsapy.elsentity - INFO - Module loaded.
2024-05-22 16:14:50,197 - elsapy.utils - INFO - Module loaded.
2024-05-22 16:14:50,197 - elsapy.elsprofile - INFO - Module loaded.
2024-05-22 16:14:50,198 - elsapy.elsdoc - INFO - Module loaded.
2024-05-22 16:14:50,198 - elsapy.elssearch - INFO - Module loaded.
2024-05-22 16:16:46,797 - elsapy.elsclient - INFO - Module loaded.
2024-05-22 16:16:46,798 - elsapy.elsentity - INFO - Module loaded.
2024-05-22 16:16:46,802 - elsapy.utils - INFO - Module loaded.
2024-05-22 16:16:46,802 - elsapy.elsprofile - INFO - Module loaded.
2024-05-22 16:16:46,802 - elsapy.elsdoc - INFO - Module loaded.
2024-05-22 16:16:46,803 - elsapy.elssearch - INFO - Module loaded.
2024-05-22 16:38:09,175 - elsapy.elsclient - INFO - Module loaded.
2024-05-22 16:38:09,175 - elsapy.elsentity - INFO - Module loaded.
2024-05-22 16:38:09,176 - elsapy.utils - INFO - Module loaded.
2024-05-22 16:38:09,176 - elsapy.elsprofile - INFO - Module loaded.
2024-05-22 16:38:09,177 - elsapy.elsdoc - INFO - Module loaded.
2024-05-22 16:38:09,178 - elsapy.elssearch - INFO - Module loaded.
2024-05-22 16:38:28,578 - elsapy.elsclient - INFO - Module loaded.
2024-05-22 16:38:28,579 - elsapy.elsentity - INFO - Module loaded.
2024-05-22 16:38:28,580 - elsapy.utils - INFO - Module loaded.
2024-05-22 16:38:28,580 - elsapy.elsprofile - INFO - Module loaded.
2024-05-22 16:38:28,581 - elsapy.elsdoc - INFO - Module loaded.
2024-05-22 16:38:28,582 - elsapy.elssearch - INFO - Module loaded.
2024-05-22 16:39:14,413 - elsapy.elsclient - INFO - Module loaded.
2024-05-22 16:39:14,414 - elsapy.elsentity - INFO - Module loaded.
2024-05-22 16:39:14,415 - elsapy.utils - INFO - Module loaded.
2024-05-22 16:39:14,415 - elsapy.elsprofile - INFO - Module loaded.
2024-05-22 16:39:14,416 - elsapy.elsdoc - INFO - Module loaded.
2024-05-22 16:39:14,417 - elsapy.elssearch - INFO - Module loaded.
2024-05-22 16:40:51,822 - elsapy.elsclient - INFO - Module loaded.
2024-05-22 16:40:51,823 - elsapy.elsentity - INFO - Module loaded.
2024-05-22 16:40:51,823 - elsapy.utils - INFO - Module loaded.
2024-05-22 16:40:51,824 - elsapy.elsprofile - INFO - Module loaded.
2024-05-22 16:40:51,824 - elsapy.elsdoc - INFO - Module loaded.
2024-05-22 16:40:51,825 - elsapy.elssearch - INFO - Module loaded.
2024-05-22 16:44:46,501 - elsapy.elsclient - INFO - Module loaded.
2024-05-22 16:44:46,501 - elsapy.elsentity - INFO - Module loaded.
2024-05-22 16:44:46,502 - elsapy.utils - INFO - Module loaded.
2024-05-22 16:44:46,502 - elsapy.elsprofile - INFO - Module loaded.
2024-05-22 16:44:46,503 - elsapy.elsdoc - INFO - Module loaded.
2024-05-22 16:44:46,504 - elsapy.elssearch - INFO - Module loaded.
2024-05-22 16:53:28,735 - elsapy.elsclient - INFO - Module loaded.
2024-05-22 16:53:28,736 - elsapy.elsentity - INFO - Module loaded.
2024-05-22 16:53:28,737 - elsapy.utils - INFO - Module loaded.
2024-05-22 16:53:28,737 - elsapy.elsprofile - INFO - Module loaded.
2024-05-22 16:53:28,738 - elsapy.elsdoc - INFO - Module loaded.
2024-05-22 16:53:28,739 - elsapy.elssearch - INFO - Module loaded.
2024-05-22 16:54:57,153 - elsapy.elsclient - INFO - Module loaded.
2024-05-22 16:54:57,154 - elsapy.elsentity - INFO - Module loaded.
2024-05-22 16:54:57,155 - elsapy.utils - INFO - Module loaded.
2024-05-22 16:54:57,155 - elsapy.elsprofile - INFO - Module loaded.
2024-05-22 16:54:57,156 - elsapy.elsdoc - INFO - Module loaded.
2024-05-22 16:54:57,156 - elsapy.elssearch - INFO - Module loaded.
