2024-09-13 11:07:25,629 - elsapy.elsclient - INFO - Module loaded.
2024-09-13 11:07:25,633 - elsapy.elsentity - INFO - Module loaded.
2024-09-13 11:07:25,636 - elsapy.utils - INFO - Module loaded.
2024-09-13 11:07:25,636 - elsapy.elsprofile - INFO - Module loaded.
2024-09-13 11:07:25,637 - elsapy.elsdoc - INFO - Module loaded.
2024-09-13 11:07:25,641 - elsapy.elssearch - INFO - Module loaded.
2024-09-13 11:32:47,624 - elsapy.elsclient - INFO - Module loaded.
2024-09-13 11:32:47,626 - elsapy.elsentity - INFO - Module loaded.
2024-09-13 11:32:47,627 - elsapy.utils - INFO - Module loaded.
2024-09-13 11:32:47,628 - elsapy.elsprofile - INFO - Module loaded.
2024-09-13 11:32:47,629 - elsapy.elsdoc - INFO - Module loaded.
2024-09-13 11:32:47,630 - elsapy.elssearch - INFO - Module loaded.
2024-09-13 12:03:23,891 - elsapy.elsclient - INFO - Module loaded.
2024-09-13 12:03:23,893 - elsapy.elsentity - INFO - Module loaded.
2024-09-13 12:03:23,893 - elsapy.utils - INFO - Module loaded.
2024-09-13 12:03:23,894 - elsapy.elsprofile - INFO - Module loaded.
2024-09-13 12:03:23,894 - elsapy.elsdoc - INFO - Module loaded.
2024-09-13 12:03:23,895 - elsapy.elssearch - INFO - Module loaded.
2024-09-13 12:05:38,178 - elsapy.elsclient - INFO - Module loaded.
2024-09-13 12:05:38,180 - elsapy.elsentity - INFO - Module loaded.
2024-09-13 12:05:38,180 - elsapy.utils - INFO - Module loaded.
2024-09-13 12:05:38,180 - elsapy.elsprofile - INFO - Module loaded.
2024-09-13 12:05:38,182 - elsapy.elsdoc - INFO - Module loaded.
2024-09-13 12:05:38,183 - elsapy.elssearch - INFO - Module loaded.
2024-09-13 12:34:46,428 - elsapy.elsclient - INFO - Module loaded.
2024-09-13 12:34:46,429 - elsapy.elsentity - INFO - Module loaded.
2024-09-13 12:34:46,430 - elsapy.utils - INFO - Module loaded.
2024-09-13 12:34:46,430 - elsapy.elsprofile - INFO - Module loaded.
2024-09-13 12:34:46,431 - elsapy.elsdoc - INFO - Module loaded.
2024-09-13 12:34:46,432 - elsapy.elssearch - INFO - Module loaded.
2024-09-13 12:35:45,440 - elsapy.elsclient - INFO - Module loaded.
2024-09-13 12:35:45,441 - elsapy.elsentity - INFO - Module loaded.
2024-09-13 12:35:45,442 - elsapy.utils - INFO - Module loaded.
2024-09-13 12:35:45,442 - elsapy.elsprofile - INFO - Module loaded.
2024-09-13 12:35:45,443 - elsapy.elsdoc - INFO - Module loaded.
2024-09-13 12:35:45,444 - elsapy.elssearch - INFO - Module loaded.
2024-09-13 12:36:42,039 - elsapy.elsclient - INFO - Module loaded.
2024-09-13 12:36:42,040 - elsapy.elsentity - INFO - Module loaded.
2024-09-13 12:36:42,041 - elsapy.utils - INFO - Module loaded.
2024-09-13 12:36:42,041 - elsapy.elsprofile - INFO - Module loaded.
2024-09-13 12:36:42,042 - elsapy.elsdoc - INFO - Module loaded.
2024-09-13 12:36:42,043 - elsapy.elssearch - INFO - Module loaded.
2024-09-13 12:37:42,919 - elsapy.elsclient - INFO - Module loaded.
2024-09-13 12:37:42,921 - elsapy.elsentity - INFO - Module loaded.
2024-09-13 12:37:42,921 - elsapy.utils - INFO - Module loaded.
2024-09-13 12:37:42,922 - elsapy.elsprofile - INFO - Module loaded.
2024-09-13 12:37:42,922 - elsapy.elsdoc - INFO - Module loaded.
2024-09-13 12:37:42,923 - elsapy.elssearch - INFO - Module loaded.
2024-09-13 12:39:13,860 - elsapy.elsclient - INFO - Module loaded.
2024-09-13 12:39:13,862 - elsapy.elsentity - INFO - Module loaded.
2024-09-13 12:39:13,863 - elsapy.utils - INFO - Module loaded.
2024-09-13 12:39:13,863 - elsapy.elsprofile - INFO - Module loaded.
2024-09-13 12:39:13,864 - elsapy.elsdoc - INFO - Module loaded.
2024-09-13 12:39:13,865 - elsapy.elssearch - INFO - Module loaded.
2024-09-13 12:40:13,417 - elsapy.elsclient - INFO - Module loaded.
2024-09-13 12:40:13,418 - elsapy.elsentity - INFO - Module loaded.
2024-09-13 12:40:13,419 - elsapy.utils - INFO - Module loaded.
2024-09-13 12:40:13,420 - elsapy.elsprofile - INFO - Module loaded.
2024-09-13 12:40:13,420 - elsapy.elsdoc - INFO - Module loaded.
2024-09-13 12:40:13,421 - elsapy.elssearch - INFO - Module loaded.
2024-09-13 13:43:02,256 - elsapy.elsclient - INFO - Module loaded.
2024-09-13 13:43:02,258 - elsapy.elsentity - INFO - Module loaded.
2024-09-13 13:43:02,259 - elsapy.utils - INFO - Module loaded.
2024-09-13 13:43:02,259 - elsapy.elsprofile - INFO - Module loaded.
2024-09-13 13:43:02,260 - elsapy.elsdoc - INFO - Module loaded.
2024-09-13 13:43:02,261 - elsapy.elssearch - INFO - Module loaded.
2024-09-13 13:43:29,893 - elsapy.elsclient - INFO - Module loaded.
2024-09-13 13:43:29,894 - elsapy.elsentity - INFO - Module loaded.
2024-09-13 13:43:29,895 - elsapy.utils - INFO - Module loaded.
2024-09-13 13:43:29,895 - elsapy.elsprofile - INFO - Module loaded.
2024-09-13 13:43:29,896 - elsapy.elsdoc - INFO - Module loaded.
2024-09-13 13:43:29,897 - elsapy.elssearch - INFO - Module loaded.
2024-09-13 13:45:15,676 - elsapy.elsclient - INFO - Module loaded.
2024-09-13 13:45:15,677 - elsapy.elsentity - INFO - Module loaded.
2024-09-13 13:45:15,678 - elsapy.utils - INFO - Module loaded.
2024-09-13 13:45:15,678 - elsapy.elsprofile - INFO - Module loaded.
2024-09-13 13:45:15,679 - elsapy.elsdoc - INFO - Module loaded.
2024-09-13 13:45:15,680 - elsapy.elssearch - INFO - Module loaded.
2024-09-13 17:00:49,310 - elsapy.elsclient - INFO - Module loaded.
2024-09-13 17:00:49,311 - elsapy.elsentity - INFO - Module loaded.
2024-09-13 17:00:49,312 - elsapy.utils - INFO - Module loaded.
2024-09-13 17:00:49,312 - elsapy.elsprofile - INFO - Module loaded.
2024-09-13 17:00:49,313 - elsapy.elsdoc - INFO - Module loaded.
2024-09-13 17:00:49,313 - elsapy.elssearch - INFO - Module loaded.
2024-09-13 17:45:07,201 - elsapy.elsclient - INFO - Module loaded.
2024-09-13 17:45:07,203 - elsapy.elsentity - INFO - Module loaded.
2024-09-13 17:45:07,203 - elsapy.utils - INFO - Module loaded.
2024-09-13 17:45:07,204 - elsapy.elsprofile - INFO - Module loaded.
2024-09-13 17:45:07,204 - elsapy.elsdoc - INFO - Module loaded.
2024-09-13 17:45:07,205 - elsapy.elssearch - INFO - Module loaded.
2024-09-13 17:45:47,814 - elsapy.elsclient - INFO - Module loaded.
2024-09-13 17:45:47,815 - elsapy.elsentity - INFO - Module loaded.
2024-09-13 17:45:47,816 - elsapy.utils - INFO - Module loaded.
2024-09-13 17:45:47,816 - elsapy.elsprofile - INFO - Module loaded.
2024-09-13 17:45:47,817 - elsapy.elsdoc - INFO - Module loaded.
2024-09-13 17:45:47,818 - elsapy.elssearch - INFO - Module loaded.
2024-09-13 17:51:12,197 - elsapy.elsclient - INFO - Module loaded.
2024-09-13 17:51:12,199 - elsapy.elsentity - INFO - Module loaded.
2024-09-13 17:51:12,200 - elsapy.utils - INFO - Module loaded.
2024-09-13 17:51:12,200 - elsapy.elsprofile - INFO - Module loaded.
2024-09-13 17:51:12,201 - elsapy.elsdoc - INFO - Module loaded.
2024-09-13 17:51:12,201 - elsapy.elssearch - INFO - Module loaded.
2024-09-13 19:01:07,880 - elsapy.elsclient - INFO - Module loaded.
2024-09-13 19:01:07,882 - elsapy.elsentity - INFO - Module loaded.
2024-09-13 19:01:07,882 - elsapy.utils - INFO - Module loaded.
2024-09-13 19:01:07,883 - elsapy.elsprofile - INFO - Module loaded.
2024-09-13 19:01:07,884 - elsapy.elsdoc - INFO - Module loaded.
2024-09-13 19:01:07,884 - elsapy.elssearch - INFO - Module loaded.
2024-09-13 19:03:47,374 - elsapy.elsclient - INFO - Module loaded.
2024-09-13 19:03:47,375 - elsapy.elsentity - INFO - Module loaded.
2024-09-13 19:03:47,376 - elsapy.utils - INFO - Module loaded.
2024-09-13 19:03:47,376 - elsapy.elsprofile - INFO - Module loaded.
2024-09-13 19:03:47,377 - elsapy.elsdoc - INFO - Module loaded.
2024-09-13 19:03:47,378 - elsapy.elssearch - INFO - Module loaded.
2024-09-13 19:04:56,888 - elsapy.elsclient - INFO - Module loaded.
2024-09-13 19:04:56,889 - elsapy.elsentity - INFO - Module loaded.
2024-09-13 19:04:56,890 - elsapy.utils - INFO - Module loaded.
2024-09-13 19:04:56,890 - elsapy.elsprofile - INFO - Module loaded.
2024-09-13 19:04:56,891 - elsapy.elsdoc - INFO - Module loaded.
2024-09-13 19:04:56,892 - elsapy.elssearch - INFO - Module loaded.
2024-09-13 19:18:40,652 - elsapy.elsclient - INFO - Module loaded.
2024-09-13 19:18:40,654 - elsapy.elsentity - INFO - Module loaded.
2024-09-13 19:18:40,654 - elsapy.utils - INFO - Module loaded.
2024-09-13 19:18:40,655 - elsapy.elsprofile - INFO - Module loaded.
2024-09-13 19:18:40,655 - elsapy.elsdoc - INFO - Module loaded.
2024-09-13 19:18:40,656 - elsapy.elssearch - INFO - Module loaded.
2024-09-13 20:31:32,027 - elsapy.elsclient - INFO - Module loaded.
2024-09-13 20:31:32,028 - elsapy.elsentity - INFO - Module loaded.
2024-09-13 20:31:32,029 - elsapy.utils - INFO - Module loaded.
2024-09-13 20:31:32,029 - elsapy.elsprofile - INFO - Module loaded.
2024-09-13 20:31:32,030 - elsapy.elsdoc - INFO - Module loaded.
2024-09-13 20:31:32,031 - elsapy.elssearch - INFO - Module loaded.
2024-09-13 20:31:52,711 - elsapy.elsclient - INFO - Module loaded.
2024-09-13 20:31:52,712 - elsapy.elsentity - INFO - Module loaded.
2024-09-13 20:31:52,713 - elsapy.utils - INFO - Module loaded.
2024-09-13 20:31:52,714 - elsapy.elsprofile - INFO - Module loaded.
2024-09-13 20:31:52,714 - elsapy.elsdoc - INFO - Module loaded.
2024-09-13 20:31:52,715 - elsapy.elssearch - INFO - Module loaded.
2024-09-13 20:33:25,599 - elsapy.elsclient - INFO - Module loaded.
2024-09-13 20:33:25,601 - elsapy.elsentity - INFO - Module loaded.
2024-09-13 20:33:25,601 - elsapy.utils - INFO - Module loaded.
2024-09-13 20:33:25,602 - elsapy.elsprofile - INFO - Module loaded.
2024-09-13 20:33:25,603 - elsapy.elsdoc - INFO - Module loaded.
2024-09-13 20:33:25,603 - elsapy.elssearch - INFO - Module loaded.
2024-09-13 20:34:26,011 - elsapy.elsclient - INFO - Module loaded.
2024-09-13 20:34:26,012 - elsapy.elsentity - INFO - Module loaded.
2024-09-13 20:34:26,013 - elsapy.utils - INFO - Module loaded.
2024-09-13 20:34:26,013 - elsapy.elsprofile - INFO - Module loaded.
2024-09-13 20:34:26,014 - elsapy.elsdoc - INFO - Module loaded.
2024-09-13 20:34:26,015 - elsapy.elssearch - INFO - Module loaded.
2024-09-13 20:50:14,066 - elsapy.elsclient - INFO - Module loaded.
2024-09-13 20:50:14,067 - elsapy.elsentity - INFO - Module loaded.
2024-09-13 20:50:14,068 - elsapy.utils - INFO - Module loaded.
2024-09-13 20:50:14,068 - elsapy.elsprofile - INFO - Module loaded.
2024-09-13 20:50:14,069 - elsapy.elsdoc - INFO - Module loaded.
2024-09-13 20:50:14,070 - elsapy.elssearch - INFO - Module loaded.
2024-09-13 20:51:57,240 - elsapy.elsclient - INFO - Module loaded.
2024-09-13 20:51:57,242 - elsapy.elsentity - INFO - Module loaded.
2024-09-13 20:51:57,243 - elsapy.utils - INFO - Module loaded.
2024-09-13 20:51:57,243 - elsapy.elsprofile - INFO - Module loaded.
2024-09-13 20:51:57,244 - elsapy.elsdoc - INFO - Module loaded.
2024-09-13 20:51:57,244 - elsapy.elssearch - INFO - Module loaded.
2024-09-13 21:02:04,147 - elsapy.elsclient - INFO - Module loaded.
2024-09-13 21:02:04,148 - elsapy.elsentity - INFO - Module loaded.
2024-09-13 21:02:04,149 - elsapy.utils - INFO - Module loaded.
2024-09-13 21:02:04,149 - elsapy.elsprofile - INFO - Module loaded.
2024-09-13 21:02:04,150 - elsapy.elsdoc - INFO - Module loaded.
2024-09-13 21:02:04,150 - elsapy.elssearch - INFO - Module loaded.
2024-09-13 21:05:50,514 - elsapy.elsclient - INFO - Module loaded.
2024-09-13 21:05:50,516 - elsapy.elsentity - INFO - Module loaded.
2024-09-13 21:05:50,516 - elsapy.utils - INFO - Module loaded.
2024-09-13 21:05:50,517 - elsapy.elsprofile - INFO - Module loaded.
2024-09-13 21:05:50,518 - elsapy.elsdoc - INFO - Module loaded.
2024-09-13 21:05:50,518 - elsapy.elssearch - INFO - Module loaded.
2024-09-13 21:07:03,569 - elsapy.elsclient - INFO - Module loaded.
2024-09-13 21:07:03,570 - elsapy.elsentity - INFO - Module loaded.
2024-09-13 21:07:03,571 - elsapy.utils - INFO - Module loaded.
2024-09-13 21:07:03,571 - elsapy.elsprofile - INFO - Module loaded.
2024-09-13 21:07:03,572 - elsapy.elsdoc - INFO - Module loaded.
2024-09-13 21:07:03,573 - elsapy.elssearch - INFO - Module loaded.
2024-09-13 21:08:07,155 - elsapy.elsclient - INFO - Module loaded.
2024-09-13 21:08:07,157 - elsapy.elsentity - INFO - Module loaded.
2024-09-13 21:08:07,157 - elsapy.utils - INFO - Module loaded.
2024-09-13 21:08:07,158 - elsapy.elsprofile - INFO - Module loaded.
2024-09-13 21:08:07,158 - elsapy.elsdoc - INFO - Module loaded.
2024-09-13 21:08:07,159 - elsapy.elssearch - INFO - Module loaded.
2024-09-13 21:19:14,446 - elsapy.elsclient - INFO - Module loaded.
2024-09-13 21:19:14,447 - elsapy.elsentity - INFO - Module loaded.
2024-09-13 21:19:14,448 - elsapy.utils - INFO - Module loaded.
2024-09-13 21:19:14,448 - elsapy.elsprofile - INFO - Module loaded.
2024-09-13 21:19:14,449 - elsapy.elsdoc - INFO - Module loaded.
2024-09-13 21:19:14,450 - elsapy.elssearch - INFO - Module loaded.
2024-09-13 21:21:24,682 - elsapy.elsclient - INFO - Module loaded.
2024-09-13 21:21:24,683 - elsapy.elsentity - INFO - Module loaded.
2024-09-13 21:21:24,684 - elsapy.utils - INFO - Module loaded.
2024-09-13 21:21:24,685 - elsapy.elsprofile - INFO - Module loaded.
2024-09-13 21:21:24,685 - elsapy.elsdoc - INFO - Module loaded.
2024-09-13 21:21:24,686 - elsapy.elssearch - INFO - Module loaded.
2024-09-13 21:23:31,498 - elsapy.elsclient - INFO - Module loaded.
2024-09-13 21:23:31,499 - elsapy.elsentity - INFO - Module loaded.
2024-09-13 21:23:31,500 - elsapy.utils - INFO - Module loaded.
2024-09-13 21:23:31,500 - elsapy.elsprofile - INFO - Module loaded.
2024-09-13 21:23:31,501 - elsapy.elsdoc - INFO - Module loaded.
2024-09-13 21:23:31,502 - elsapy.elssearch - INFO - Module loaded.
2024-09-13 21:23:59,749 - elsapy.elsclient - INFO - Module loaded.
2024-09-13 21:23:59,751 - elsapy.elsentity - INFO - Module loaded.
2024-09-13 21:23:59,751 - elsapy.utils - INFO - Module loaded.
2024-09-13 21:23:59,752 - elsapy.elsprofile - INFO - Module loaded.
2024-09-13 21:23:59,752 - elsapy.elsdoc - INFO - Module loaded.
2024-09-13 21:23:59,753 - elsapy.elssearch - INFO - Module loaded.
2024-09-13 21:48:51,196 - elsapy.elsclient - INFO - Module loaded.
2024-09-13 21:48:51,197 - elsapy.elsentity - INFO - Module loaded.
2024-09-13 21:48:51,198 - elsapy.utils - INFO - Module loaded.
2024-09-13 21:48:51,198 - elsapy.elsprofile - INFO - Module loaded.
2024-09-13 21:48:51,199 - elsapy.elsdoc - INFO - Module loaded.
2024-09-13 21:48:51,200 - elsapy.elssearch - INFO - Module loaded.
2024-09-13 21:53:38,014 - elsapy.elsclient - INFO - Module loaded.
2024-09-13 21:53:38,015 - elsapy.elsentity - INFO - Module loaded.
2024-09-13 21:53:38,016 - elsapy.utils - INFO - Module loaded.
2024-09-13 21:53:38,016 - elsapy.elsprofile - INFO - Module loaded.
2024-09-13 21:53:38,017 - elsapy.elsdoc - INFO - Module loaded.
2024-09-13 21:53:38,018 - elsapy.elssearch - INFO - Module loaded.
2024-09-13 21:55:15,073 - elsapy.elsclient - INFO - Module loaded.
2024-09-13 21:55:15,075 - elsapy.elsentity - INFO - Module loaded.
2024-09-13 21:55:15,076 - elsapy.utils - INFO - Module loaded.
2024-09-13 21:55:15,076 - elsapy.elsprofile - INFO - Module loaded.
2024-09-13 21:55:15,077 - elsapy.elsdoc - INFO - Module loaded.
2024-09-13 21:55:15,077 - elsapy.elssearch - INFO - Module loaded.
2024-09-13 22:02:52,241 - elsapy.elsclient - INFO - Module loaded.
2024-09-13 22:02:52,242 - elsapy.elsentity - INFO - Module loaded.
2024-09-13 22:02:52,243 - elsapy.utils - INFO - Module loaded.
2024-09-13 22:02:52,243 - elsapy.elsprofile - INFO - Module loaded.
2024-09-13 22:02:52,244 - elsapy.elsdoc - INFO - Module loaded.
2024-09-13 22:02:52,244 - elsapy.elssearch - INFO - Module loaded.
2024-09-13 22:03:36,855 - elsapy.elsclient - INFO - Module loaded.
2024-09-13 22:03:36,856 - elsapy.elsentity - INFO - Module loaded.
2024-09-13 22:03:36,857 - elsapy.utils - INFO - Module loaded.
2024-09-13 22:03:36,858 - elsapy.elsprofile - INFO - Module loaded.
2024-09-13 22:03:36,858 - elsapy.elsdoc - INFO - Module loaded.
2024-09-13 22:03:36,859 - elsapy.elssearch - INFO - Module loaded.
2024-09-13 22:13:15,073 - elsapy.elsclient - INFO - Module loaded.
2024-09-13 22:13:15,075 - elsapy.elsentity - INFO - Module loaded.
2024-09-13 22:13:15,076 - elsapy.utils - INFO - Module loaded.
2024-09-13 22:13:15,076 - elsapy.elsprofile - INFO - Module loaded.
2024-09-13 22:13:15,077 - elsapy.elsdoc - INFO - Module loaded.
2024-09-13 22:13:15,077 - elsapy.elssearch - INFO - Module loaded.
2024-09-13 22:13:56,956 - elsapy.elsclient - INFO - Module loaded.
2024-09-13 22:13:56,957 - elsapy.elsentity - INFO - Module loaded.
2024-09-13 22:13:56,958 - elsapy.utils - INFO - Module loaded.
2024-09-13 22:13:56,958 - elsapy.elsprofile - INFO - Module loaded.
2024-09-13 22:13:56,959 - elsapy.elsdoc - INFO - Module loaded.
2024-09-13 22:13:56,960 - elsapy.elssearch - INFO - Module loaded.
2024-09-13 22:17:38,659 - elsapy.elsclient - INFO - Module loaded.
2024-09-13 22:17:38,660 - elsapy.elsentity - INFO - Module loaded.
2024-09-13 22:17:38,661 - elsapy.utils - INFO - Module loaded.
2024-09-13 22:17:38,661 - elsapy.elsprofile - INFO - Module loaded.
2024-09-13 22:17:38,662 - elsapy.elsdoc - INFO - Module loaded.
2024-09-13 22:17:38,663 - elsapy.elssearch - INFO - Module loaded.
2024-09-13 22:18:34,597 - elsapy.elsclient - INFO - Module loaded.
2024-09-13 22:18:34,598 - elsapy.elsentity - INFO - Module loaded.
2024-09-13 22:18:34,599 - elsapy.utils - INFO - Module loaded.
2024-09-13 22:18:34,599 - elsapy.elsprofile - INFO - Module loaded.
2024-09-13 22:18:34,600 - elsapy.elsdoc - INFO - Module loaded.
2024-09-13 22:18:34,601 - elsapy.elssearch - INFO - Module loaded.
2024-09-13 22:30:46,582 - elsapy.elsclient - INFO - Module loaded.
2024-09-13 22:30:46,583 - elsapy.elsentity - INFO - Module loaded.
2024-09-13 22:30:46,584 - elsapy.utils - INFO - Module loaded.
2024-09-13 22:30:46,584 - elsapy.elsprofile - INFO - Module loaded.
2024-09-13 22:30:46,585 - elsapy.elsdoc - INFO - Module loaded.
2024-09-13 22:30:46,585 - elsapy.elssearch - INFO - Module loaded.
2024-09-13 22:32:03,512 - elsapy.elsclient - INFO - Module loaded.
2024-09-13 22:32:03,513 - elsapy.elsentity - INFO - Module loaded.
2024-09-13 22:32:03,514 - elsapy.utils - INFO - Module loaded.
2024-09-13 22:32:03,514 - elsapy.elsprofile - INFO - Module loaded.
2024-09-13 22:32:03,515 - elsapy.elsdoc - INFO - Module loaded.
2024-09-13 22:32:03,516 - elsapy.elssearch - INFO - Module loaded.
2024-09-13 22:34:14,312 - elsapy.elsclient - INFO - Module loaded.
2024-09-13 22:34:14,313 - elsapy.elsentity - INFO - Module loaded.
2024-09-13 22:34:14,314 - elsapy.utils - INFO - Module loaded.
2024-09-13 22:34:14,314 - elsapy.elsprofile - INFO - Module loaded.
2024-09-13 22:34:14,315 - elsapy.elsdoc - INFO - Module loaded.
2024-09-13 22:34:14,315 - elsapy.elssearch - INFO - Module loaded.
2024-09-13 22:35:38,006 - elsapy.elsclient - INFO - Module loaded.
2024-09-13 22:35:38,008 - elsapy.elsentity - INFO - Module loaded.
2024-09-13 22:35:38,008 - elsapy.utils - INFO - Module loaded.
2024-09-13 22:35:38,009 - elsapy.elsprofile - INFO - Module loaded.
2024-09-13 22:35:38,009 - elsapy.elsdoc - INFO - Module loaded.
2024-09-13 22:35:38,010 - elsapy.elssearch - INFO - Module loaded.
2024-09-13 22:40:37,118 - elsapy.elsclient - INFO - Module loaded.
2024-09-13 22:40:37,119 - elsapy.elsentity - INFO - Module loaded.
2024-09-13 22:40:37,120 - elsapy.utils - INFO - Module loaded.
2024-09-13 22:40:37,120 - elsapy.elsprofile - INFO - Module loaded.
2024-09-13 22:40:37,121 - elsapy.elsdoc - INFO - Module loaded.
2024-09-13 22:40:37,122 - elsapy.elssearch - INFO - Module loaded.
2024-09-13 22:43:02,930 - elsapy.elsclient - INFO - Module loaded.
2024-09-13 22:43:02,932 - elsapy.elsentity - INFO - Module loaded.
2024-09-13 22:43:02,932 - elsapy.utils - INFO - Module loaded.
2024-09-13 22:43:02,933 - elsapy.elsprofile - INFO - Module loaded.
2024-09-13 22:43:02,933 - elsapy.elsdoc - INFO - Module loaded.
2024-09-13 22:43:02,934 - elsapy.elssearch - INFO - Module loaded.
2024-09-13 22:56:11,600 - elsapy.elsclient - INFO - Module loaded.
2024-09-13 22:56:11,601 - elsapy.elsentity - INFO - Module loaded.
2024-09-13 22:56:11,602 - elsapy.utils - INFO - Module loaded.
2024-09-13 22:56:11,602 - elsapy.elsprofile - INFO - Module loaded.
2024-09-13 22:56:11,603 - elsapy.elsdoc - INFO - Module loaded.
2024-09-13 22:56:11,604 - elsapy.elssearch - INFO - Module loaded.
2024-09-13 22:57:55,193 - elsapy.elsclient - INFO - Module loaded.
2024-09-13 22:57:55,195 - elsapy.elsentity - INFO - Module loaded.
2024-09-13 22:57:55,195 - elsapy.utils - INFO - Module loaded.
2024-09-13 22:57:55,195 - elsapy.elsprofile - INFO - Module loaded.
2024-09-13 22:57:55,196 - elsapy.elsdoc - INFO - Module loaded.
2024-09-13 22:57:55,197 - elsapy.elssearch - INFO - Module loaded.
2024-09-13 22:59:51,716 - elsapy.elsclient - INFO - Module loaded.
2024-09-13 22:59:51,717 - elsapy.elsentity - INFO - Module loaded.
2024-09-13 22:59:51,718 - elsapy.utils - INFO - Module loaded.
2024-09-13 22:59:51,718 - elsapy.elsprofile - INFO - Module loaded.
2024-09-13 22:59:51,719 - elsapy.elsdoc - INFO - Module loaded.
2024-09-13 22:59:51,720 - elsapy.elssearch - INFO - Module loaded.
2024-09-13 23:00:37,603 - elsapy.elsclient - INFO - Module loaded.
2024-09-13 23:00:37,604 - elsapy.elsentity - INFO - Module loaded.
2024-09-13 23:00:37,605 - elsapy.utils - INFO - Module loaded.
2024-09-13 23:00:37,605 - elsapy.elsprofile - INFO - Module loaded.
2024-09-13 23:00:37,606 - elsapy.elsdoc - INFO - Module loaded.
2024-09-13 23:00:37,607 - elsapy.elssearch - INFO - Module loaded.
2024-09-13 23:02:58,657 - elsapy.elsclient - INFO - Module loaded.
2024-09-13 23:02:58,658 - elsapy.elsentity - INFO - Module loaded.
2024-09-13 23:02:58,659 - elsapy.utils - INFO - Module loaded.
2024-09-13 23:02:58,659 - elsapy.elsprofile - INFO - Module loaded.
2024-09-13 23:02:58,660 - elsapy.elsdoc - INFO - Module loaded.
2024-09-13 23:02:58,661 - elsapy.elssearch - INFO - Module loaded.
2024-09-13 23:05:32,383 - elsapy.elsclient - INFO - Module loaded.
2024-09-13 23:05:32,384 - elsapy.elsentity - INFO - Module loaded.
2024-09-13 23:05:32,385 - elsapy.utils - INFO - Module loaded.
2024-09-13 23:05:32,385 - elsapy.elsprofile - INFO - Module loaded.
2024-09-13 23:05:32,386 - elsapy.elsdoc - INFO - Module loaded.
2024-09-13 23:05:32,387 - elsapy.elssearch - INFO - Module loaded.
2024-09-13 23:07:24,870 - elsapy.elsclient - INFO - Module loaded.
2024-09-13 23:07:24,871 - elsapy.elsentity - INFO - Module loaded.
2024-09-13 23:07:24,872 - elsapy.utils - INFO - Module loaded.
2024-09-13 23:07:24,872 - elsapy.elsprofile - INFO - Module loaded.
2024-09-13 23:07:24,873 - elsapy.elsdoc - INFO - Module loaded.
2024-09-13 23:07:24,874 - elsapy.elssearch - INFO - Module loaded.
