2024-07-21 08:27:24,991 - elsapy.elsclient - INFO - Module loaded.
2024-07-21 08:27:24,992 - elsapy.elsentity - INFO - Module loaded.
2024-07-21 08:27:24,993 - elsapy.utils - INFO - Module loaded.
2024-07-21 08:27:24,993 - elsapy.elsprofile - INFO - Module loaded.
2024-07-21 08:27:24,994 - elsapy.elsdoc - INFO - Module loaded.
2024-07-21 08:27:24,995 - elsapy.elssearch - INFO - Module loaded.
2024-07-21 11:53:15,145 - elsapy.elsclient - INFO - Module loaded.
2024-07-21 11:53:15,146 - elsapy.elsentity - INFO - Module loaded.
2024-07-21 11:53:15,146 - elsapy.utils - INFO - Module loaded.
2024-07-21 11:53:15,147 - elsapy.elsprofile - INFO - Module loaded.
2024-07-21 11:53:15,147 - elsapy.elsdoc - INFO - Module loaded.
2024-07-21 11:53:15,150 - elsapy.elssearch - INFO - Module loaded.
2024-07-21 11:54:41,289 - elsapy.elsclient - INFO - Module loaded.
2024-07-21 11:54:41,290 - elsapy.elsentity - INFO - Module loaded.
2024-07-21 11:54:41,291 - elsapy.utils - INFO - Module loaded.
2024-07-21 11:54:41,291 - elsapy.elsprofile - INFO - Module loaded.
2024-07-21 11:54:41,292 - elsapy.elsdoc - INFO - Module loaded.
2024-07-21 11:54:41,293 - elsapy.elssearch - INFO - Module loaded.
2024-07-21 11:57:25,653 - elsapy.elsclient - INFO - Module loaded.
2024-07-21 11:57:25,654 - elsapy.elsentity - INFO - Module loaded.
2024-07-21 11:57:25,655 - elsapy.utils - INFO - Module loaded.
2024-07-21 11:57:25,655 - elsapy.elsprofile - INFO - Module loaded.
2024-07-21 11:57:25,656 - elsapy.elsdoc - INFO - Module loaded.
2024-07-21 11:57:25,656 - elsapy.elssearch - INFO - Module loaded.
2024-07-21 11:57:59,796 - elsapy.elsclient - INFO - Module loaded.
2024-07-21 11:57:59,797 - elsapy.elsentity - INFO - Module loaded.
2024-07-21 11:57:59,798 - elsapy.utils - INFO - Module loaded.
2024-07-21 11:57:59,798 - elsapy.elsprofile - INFO - Module loaded.
2024-07-21 11:57:59,799 - elsapy.elsdoc - INFO - Module loaded.
2024-07-21 11:57:59,800 - elsapy.elssearch - INFO - Module loaded.
2024-07-21 11:58:38,458 - elsapy.elsclient - INFO - Module loaded.
2024-07-21 11:58:38,460 - elsapy.elsentity - INFO - Module loaded.
2024-07-21 11:58:38,460 - elsapy.utils - INFO - Module loaded.
2024-07-21 11:58:38,460 - elsapy.elsprofile - INFO - Module loaded.
2024-07-21 11:58:38,461 - elsapy.elsdoc - INFO - Module loaded.
2024-07-21 11:58:38,462 - elsapy.elssearch - INFO - Module loaded.
2024-07-21 12:00:51,024 - elsapy.elsclient - INFO - Module loaded.
2024-07-21 12:00:51,025 - elsapy.elsentity - INFO - Module loaded.
2024-07-21 12:00:51,026 - elsapy.utils - INFO - Module loaded.
2024-07-21 12:00:51,026 - elsapy.elsprofile - INFO - Module loaded.
2024-07-21 12:00:51,027 - elsapy.elsdoc - INFO - Module loaded.
2024-07-21 12:00:51,028 - elsapy.elssearch - INFO - Module loaded.
2024-07-21 13:57:26,007 - elsapy.elsclient - INFO - Module loaded.
2024-07-21 13:57:26,008 - elsapy.elsentity - INFO - Module loaded.
2024-07-21 13:57:26,008 - elsapy.utils - INFO - Module loaded.
2024-07-21 13:57:26,009 - elsapy.elsprofile - INFO - Module loaded.
2024-07-21 13:57:26,009 - elsapy.elsdoc - INFO - Module loaded.
2024-07-21 13:57:26,010 - elsapy.elssearch - INFO - Module loaded.
2024-07-21 20:17:35,460 - elsapy.elsclient - INFO - Module loaded.
2024-07-21 20:17:35,461 - elsapy.elsentity - INFO - Module loaded.
2024-07-21 20:17:35,462 - elsapy.utils - INFO - Module loaded.
2024-07-21 20:17:35,462 - elsapy.elsprofile - INFO - Module loaded.
2024-07-21 20:17:35,463 - elsapy.elsdoc - INFO - Module loaded.
2024-07-21 20:17:35,464 - elsapy.elssearch - INFO - Module loaded.
