2024-09-05 00:10:34,137 - elsapy.elsclient - INFO - Module loaded.
2024-09-05 00:10:34,138 - elsapy.elsentity - INFO - Module loaded.
2024-09-05 00:10:34,139 - elsapy.utils - INFO - Module loaded.
2024-09-05 00:10:34,139 - elsapy.elsprofile - INFO - Module loaded.
2024-09-05 00:10:34,140 - elsapy.elsdoc - INFO - Module loaded.
2024-09-05 00:10:34,141 - elsapy.elssearch - INFO - Module loaded.
2024-09-05 00:11:42,705 - elsapy.elsclient - INFO - Module loaded.
2024-09-05 00:11:42,706 - elsapy.elsentity - INFO - Module loaded.
2024-09-05 00:11:42,707 - elsapy.utils - INFO - Module loaded.
2024-09-05 00:11:42,707 - elsapy.elsprofile - INFO - Module loaded.
2024-09-05 00:11:42,708 - elsapy.elsdoc - INFO - Module loaded.
2024-09-05 00:11:42,710 - elsapy.elssearch - INFO - Module loaded.
2024-09-05 00:14:22,751 - elsapy.elsclient - INFO - Module loaded.
2024-09-05 00:14:22,752 - elsapy.elsentity - INFO - Module loaded.
2024-09-05 00:14:22,752 - elsapy.utils - INFO - Module loaded.
2024-09-05 00:14:22,753 - elsapy.elsprofile - INFO - Module loaded.
2024-09-05 00:14:22,753 - elsapy.elsdoc - INFO - Module loaded.
2024-09-05 00:14:22,754 - elsapy.elssearch - INFO - Module loaded.
2024-09-05 00:15:24,747 - elsapy.elsclient - INFO - Module loaded.
2024-09-05 00:15:24,748 - elsapy.elsentity - INFO - Module loaded.
2024-09-05 00:15:24,749 - elsapy.utils - INFO - Module loaded.
2024-09-05 00:15:24,749 - elsapy.elsprofile - INFO - Module loaded.
2024-09-05 00:15:24,750 - elsapy.elsdoc - INFO - Module loaded.
2024-09-05 00:15:24,750 - elsapy.elssearch - INFO - Module loaded.
2024-09-05 00:16:11,701 - elsapy.elsclient - INFO - Module loaded.
2024-09-05 00:16:11,702 - elsapy.elsentity - INFO - Module loaded.
2024-09-05 00:16:11,703 - elsapy.utils - INFO - Module loaded.
2024-09-05 00:16:11,703 - elsapy.elsprofile - INFO - Module loaded.
2024-09-05 00:16:11,704 - elsapy.elsdoc - INFO - Module loaded.
2024-09-05 00:16:11,705 - elsapy.elssearch - INFO - Module loaded.
2024-09-05 00:17:40,028 - elsapy.elsclient - INFO - Module loaded.
2024-09-05 00:17:40,029 - elsapy.elsentity - INFO - Module loaded.
2024-09-05 00:17:40,030 - elsapy.utils - INFO - Module loaded.
2024-09-05 00:17:40,030 - elsapy.elsprofile - INFO - Module loaded.
2024-09-05 00:17:40,031 - elsapy.elsdoc - INFO - Module loaded.
2024-09-05 00:17:40,032 - elsapy.elssearch - INFO - Module loaded.
2024-09-05 00:18:04,191 - elsapy.elsclient - INFO - Module loaded.
2024-09-05 00:18:04,193 - elsapy.elsentity - INFO - Module loaded.
2024-09-05 00:18:04,193 - elsapy.utils - INFO - Module loaded.
2024-09-05 00:18:04,194 - elsapy.elsprofile - INFO - Module loaded.
2024-09-05 00:18:04,194 - elsapy.elsdoc - INFO - Module loaded.
2024-09-05 00:18:04,195 - elsapy.elssearch - INFO - Module loaded.
