2024-09-30 09:52:58,884 - elsapy.elsclient - INFO - Module loaded.
2024-09-30 09:52:58,886 - elsapy.elsentity - INFO - Module loaded.
2024-09-30 09:52:58,887 - elsapy.utils - INFO - Module loaded.
2024-09-30 09:52:58,888 - elsapy.elsprofile - INFO - Module loaded.
2024-09-30 09:52:58,889 - elsapy.elsdoc - INFO - Module loaded.
2024-09-30 09:52:58,890 - elsapy.elssearch - INFO - Module loaded.
2024-09-30 10:03:00,481 - elsapy.elsclient - INFO - Module loaded.
2024-09-30 10:03:00,483 - elsapy.elsentity - INFO - Module loaded.
2024-09-30 10:03:00,483 - elsapy.utils - INFO - Module loaded.
2024-09-30 10:03:00,485 - elsapy.elsprofile - INFO - Module loaded.
2024-09-30 10:03:00,486 - elsapy.elsdoc - INFO - Module loaded.
2024-09-30 10:03:00,486 - elsapy.elssearch - INFO - Module loaded.
2024-09-30 10:08:28,640 - elsapy.elsclient - INFO - Module loaded.
2024-09-30 10:08:28,641 - elsapy.elsentity - INFO - Module loaded.
2024-09-30 10:08:28,642 - elsapy.utils - INFO - Module loaded.
2024-09-30 10:08:28,642 - elsapy.elsprofile - INFO - Module loaded.
2024-09-30 10:08:28,643 - elsapy.elsdoc - INFO - Module loaded.
2024-09-30 10:08:28,644 - elsapy.elssearch - INFO - Module loaded.
2024-09-30 10:13:51,843 - elsapy.elsclient - INFO - Module loaded.
2024-09-30 10:13:51,844 - elsapy.elsentity - INFO - Module loaded.
2024-09-30 10:13:51,844 - elsapy.utils - INFO - Module loaded.
2024-09-30 10:13:51,845 - elsapy.elsprofile - INFO - Module loaded.
2024-09-30 10:13:51,846 - elsapy.elsdoc - INFO - Module loaded.
2024-09-30 10:13:51,846 - elsapy.elssearch - INFO - Module loaded.
2024-09-30 12:03:09,993 - elsapy.elsclient - INFO - Module loaded.
2024-09-30 12:03:09,994 - elsapy.elsentity - INFO - Module loaded.
2024-09-30 12:03:09,995 - elsapy.utils - INFO - Module loaded.
2024-09-30 12:03:09,995 - elsapy.elsprofile - INFO - Module loaded.
2024-09-30 12:03:09,996 - elsapy.elsdoc - INFO - Module loaded.
2024-09-30 12:03:09,997 - elsapy.elssearch - INFO - Module loaded.
2024-09-30 12:04:39,730 - elsapy.elsclient - INFO - Module loaded.
2024-09-30 12:04:39,731 - elsapy.elsentity - INFO - Module loaded.
2024-09-30 12:04:39,732 - elsapy.utils - INFO - Module loaded.
2024-09-30 12:04:39,732 - elsapy.elsprofile - INFO - Module loaded.
2024-09-30 12:04:39,733 - elsapy.elsdoc - INFO - Module loaded.
2024-09-30 12:04:39,734 - elsapy.elssearch - INFO - Module loaded.
2024-09-30 12:05:24,046 - elsapy.elsclient - INFO - Module loaded.
2024-09-30 12:05:24,047 - elsapy.elsentity - INFO - Module loaded.
2024-09-30 12:05:24,047 - elsapy.utils - INFO - Module loaded.
2024-09-30 12:05:24,048 - elsapy.elsprofile - INFO - Module loaded.
2024-09-30 12:05:24,048 - elsapy.elsdoc - INFO - Module loaded.
2024-09-30 12:05:24,049 - elsapy.elssearch - INFO - Module loaded.
2024-09-30 12:06:31,660 - elsapy.elsclient - INFO - Module loaded.
2024-09-30 12:06:31,661 - elsapy.elsentity - INFO - Module loaded.
2024-09-30 12:06:31,661 - elsapy.utils - INFO - Module loaded.
2024-09-30 12:06:31,662 - elsapy.elsprofile - INFO - Module loaded.
2024-09-30 12:06:31,663 - elsapy.elsdoc - INFO - Module loaded.
2024-09-30 12:06:31,663 - elsapy.elssearch - INFO - Module loaded.
2024-09-30 12:22:28,022 - elsapy.elsclient - INFO - Module loaded.
2024-09-30 12:22:28,023 - elsapy.elsentity - INFO - Module loaded.
2024-09-30 12:22:28,024 - elsapy.utils - INFO - Module loaded.
2024-09-30 12:22:28,024 - elsapy.elsprofile - INFO - Module loaded.
2024-09-30 12:22:28,025 - elsapy.elsdoc - INFO - Module loaded.
2024-09-30 12:22:28,026 - elsapy.elssearch - INFO - Module loaded.
2024-09-30 12:23:13,827 - elsapy.elsclient - INFO - Module loaded.
2024-09-30 12:23:13,828 - elsapy.elsentity - INFO - Module loaded.
2024-09-30 12:23:13,829 - elsapy.utils - INFO - Module loaded.
2024-09-30 12:23:13,829 - elsapy.elsprofile - INFO - Module loaded.
2024-09-30 12:23:13,830 - elsapy.elsdoc - INFO - Module loaded.
2024-09-30 12:23:13,831 - elsapy.elssearch - INFO - Module loaded.
2024-09-30 12:34:43,594 - elsapy.elsclient - INFO - Module loaded.
2024-09-30 12:34:43,595 - elsapy.elsentity - INFO - Module loaded.
2024-09-30 12:34:43,596 - elsapy.utils - INFO - Module loaded.
2024-09-30 12:34:43,596 - elsapy.elsprofile - INFO - Module loaded.
2024-09-30 12:34:43,597 - elsapy.elsdoc - INFO - Module loaded.
2024-09-30 12:34:43,597 - elsapy.elssearch - INFO - Module loaded.
2024-09-30 12:36:27,038 - elsapy.elsclient - INFO - Module loaded.
2024-09-30 12:36:27,040 - elsapy.elsentity - INFO - Module loaded.
2024-09-30 12:36:27,040 - elsapy.utils - INFO - Module loaded.
2024-09-30 12:36:27,041 - elsapy.elsprofile - INFO - Module loaded.
2024-09-30 12:36:27,041 - elsapy.elsdoc - INFO - Module loaded.
2024-09-30 12:36:27,042 - elsapy.elssearch - INFO - Module loaded.
2024-09-30 12:42:39,107 - elsapy.elsclient - INFO - Module loaded.
2024-09-30 12:42:39,108 - elsapy.elsentity - INFO - Module loaded.
2024-09-30 12:42:39,109 - elsapy.utils - INFO - Module loaded.
2024-09-30 12:42:39,109 - elsapy.elsprofile - INFO - Module loaded.
2024-09-30 12:42:39,110 - elsapy.elsdoc - INFO - Module loaded.
2024-09-30 12:42:39,111 - elsapy.elssearch - INFO - Module loaded.
2024-09-30 12:44:50,631 - elsapy.elsclient - INFO - Module loaded.
2024-09-30 12:44:50,632 - elsapy.elsentity - INFO - Module loaded.
2024-09-30 12:44:50,633 - elsapy.utils - INFO - Module loaded.
2024-09-30 12:44:50,633 - elsapy.elsprofile - INFO - Module loaded.
2024-09-30 12:44:50,634 - elsapy.elsdoc - INFO - Module loaded.
2024-09-30 12:44:50,635 - elsapy.elssearch - INFO - Module loaded.
2024-09-30 12:51:39,170 - elsapy.elsclient - INFO - Module loaded.
2024-09-30 12:51:39,171 - elsapy.elsentity - INFO - Module loaded.
2024-09-30 12:51:39,172 - elsapy.utils - INFO - Module loaded.
2024-09-30 12:51:39,172 - elsapy.elsprofile - INFO - Module loaded.
2024-09-30 12:51:39,173 - elsapy.elsdoc - INFO - Module loaded.
2024-09-30 12:51:39,174 - elsapy.elssearch - INFO - Module loaded.
2024-09-30 12:55:44,730 - elsapy.elsclient - INFO - Module loaded.
2024-09-30 12:55:44,731 - elsapy.elsentity - INFO - Module loaded.
2024-09-30 12:55:44,732 - elsapy.utils - INFO - Module loaded.
2024-09-30 12:55:44,732 - elsapy.elsprofile - INFO - Module loaded.
2024-09-30 12:55:44,733 - elsapy.elsdoc - INFO - Module loaded.
2024-09-30 12:55:44,734 - elsapy.elssearch - INFO - Module loaded.
2024-09-30 12:58:56,676 - elsapy.elsclient - INFO - Module loaded.
2024-09-30 12:58:56,677 - elsapy.elsentity - INFO - Module loaded.
2024-09-30 12:58:56,678 - elsapy.utils - INFO - Module loaded.
2024-09-30 12:58:56,678 - elsapy.elsprofile - INFO - Module loaded.
2024-09-30 12:58:56,679 - elsapy.elsdoc - INFO - Module loaded.
2024-09-30 12:58:56,680 - elsapy.elssearch - INFO - Module loaded.
2024-09-30 13:02:01,686 - elsapy.elsclient - INFO - Module loaded.
2024-09-30 13:02:01,686 - elsapy.elsentity - INFO - Module loaded.
2024-09-30 13:02:01,687 - elsapy.utils - INFO - Module loaded.
2024-09-30 13:02:01,687 - elsapy.elsprofile - INFO - Module loaded.
2024-09-30 13:02:01,688 - elsapy.elsdoc - INFO - Module loaded.
2024-09-30 13:02:01,689 - elsapy.elssearch - INFO - Module loaded.
2024-09-30 13:06:34,669 - elsapy.elsclient - INFO - Module loaded.
2024-09-30 13:06:34,670 - elsapy.elsentity - INFO - Module loaded.
2024-09-30 13:06:34,671 - elsapy.utils - INFO - Module loaded.
2024-09-30 13:06:34,671 - elsapy.elsprofile - INFO - Module loaded.
2024-09-30 13:06:34,672 - elsapy.elsdoc - INFO - Module loaded.
2024-09-30 13:06:34,672 - elsapy.elssearch - INFO - Module loaded.
2024-09-30 15:16:56,483 - elsapy.elsclient - INFO - Module loaded.
2024-09-30 15:16:56,486 - elsapy.elsentity - INFO - Module loaded.
2024-09-30 15:16:56,486 - elsapy.utils - INFO - Module loaded.
2024-09-30 15:16:56,487 - elsapy.elsprofile - INFO - Module loaded.
2024-09-30 15:16:56,487 - elsapy.elsdoc - INFO - Module loaded.
2024-09-30 15:16:56,488 - elsapy.elssearch - INFO - Module loaded.
2024-09-30 15:22:03,353 - elsapy.elsclient - INFO - Module loaded.
2024-09-30 15:22:03,354 - elsapy.elsentity - INFO - Module loaded.
2024-09-30 15:22:03,355 - elsapy.utils - INFO - Module loaded.
2024-09-30 15:22:03,355 - elsapy.elsprofile - INFO - Module loaded.
2024-09-30 15:22:03,356 - elsapy.elsdoc - INFO - Module loaded.
2024-09-30 15:22:03,356 - elsapy.elssearch - INFO - Module loaded.
2024-09-30 15:30:01,157 - elsapy.elsclient - INFO - Module loaded.
2024-09-30 15:30:01,159 - elsapy.elsentity - INFO - Module loaded.
2024-09-30 15:30:01,159 - elsapy.utils - INFO - Module loaded.
2024-09-30 15:30:01,160 - elsapy.elsprofile - INFO - Module loaded.
2024-09-30 15:30:01,160 - elsapy.elsdoc - INFO - Module loaded.
2024-09-30 15:30:01,161 - elsapy.elssearch - INFO - Module loaded.
2024-09-30 15:42:28,113 - elsapy.elsclient - INFO - Module loaded.
2024-09-30 15:42:28,115 - elsapy.elsentity - INFO - Module loaded.
2024-09-30 15:42:28,115 - elsapy.utils - INFO - Module loaded.
2024-09-30 15:42:28,116 - elsapy.elsprofile - INFO - Module loaded.
2024-09-30 15:42:28,117 - elsapy.elsdoc - INFO - Module loaded.
2024-09-30 15:42:28,117 - elsapy.elssearch - INFO - Module loaded.
2024-09-30 16:42:19,701 - elsapy.elsclient - INFO - Module loaded.
2024-09-30 16:42:19,703 - elsapy.elsentity - INFO - Module loaded.
2024-09-30 16:42:19,704 - elsapy.utils - INFO - Module loaded.
2024-09-30 16:42:19,704 - elsapy.elsprofile - INFO - Module loaded.
2024-09-30 16:42:19,705 - elsapy.elsdoc - INFO - Module loaded.
2024-09-30 16:42:19,706 - elsapy.elssearch - INFO - Module loaded.
2024-09-30 16:47:07,757 - elsapy.elsclient - INFO - Module loaded.
2024-09-30 16:47:07,758 - elsapy.elsentity - INFO - Module loaded.
2024-09-30 16:47:07,759 - elsapy.utils - INFO - Module loaded.
2024-09-30 16:47:07,759 - elsapy.elsprofile - INFO - Module loaded.
2024-09-30 16:47:07,760 - elsapy.elsdoc - INFO - Module loaded.
2024-09-30 16:47:07,761 - elsapy.elssearch - INFO - Module loaded.
2024-09-30 19:12:10,927 - elsapy.elsclient - INFO - Module loaded.
2024-09-30 19:12:10,928 - elsapy.elsentity - INFO - Module loaded.
2024-09-30 19:12:10,928 - elsapy.utils - INFO - Module loaded.
2024-09-30 19:12:10,928 - elsapy.elsprofile - INFO - Module loaded.
2024-09-30 19:12:10,929 - elsapy.elsdoc - INFO - Module loaded.
2024-09-30 19:12:10,930 - elsapy.elssearch - INFO - Module loaded.
2024-09-30 19:13:09,171 - elsapy.elsclient - INFO - Module loaded.
2024-09-30 19:13:09,172 - elsapy.elsentity - INFO - Module loaded.
2024-09-30 19:13:09,173 - elsapy.utils - INFO - Module loaded.
2024-09-30 19:13:09,173 - elsapy.elsprofile - INFO - Module loaded.
2024-09-30 19:13:09,174 - elsapy.elsdoc - INFO - Module loaded.
2024-09-30 19:13:09,175 - elsapy.elssearch - INFO - Module loaded.
2024-09-30 19:18:38,768 - elsapy.elsclient - INFO - Module loaded.
2024-09-30 19:18:38,769 - elsapy.elsentity - INFO - Module loaded.
2024-09-30 19:18:38,770 - elsapy.utils - INFO - Module loaded.
2024-09-30 19:18:38,771 - elsapy.elsprofile - INFO - Module loaded.
2024-09-30 19:18:38,771 - elsapy.elsdoc - INFO - Module loaded.
2024-09-30 19:18:38,772 - elsapy.elssearch - INFO - Module loaded.
2024-09-30 19:19:58,452 - elsapy.elsclient - INFO - Module loaded.
2024-09-30 19:19:58,453 - elsapy.elsentity - INFO - Module loaded.
2024-09-30 19:19:58,454 - elsapy.utils - INFO - Module loaded.
2024-09-30 19:19:58,454 - elsapy.elsprofile - INFO - Module loaded.
2024-09-30 19:19:58,455 - elsapy.elsdoc - INFO - Module loaded.
2024-09-30 19:19:58,456 - elsapy.elssearch - INFO - Module loaded.
2024-09-30 19:21:14,959 - elsapy.elsclient - INFO - Module loaded.
2024-09-30 19:21:14,960 - elsapy.elsentity - INFO - Module loaded.
2024-09-30 19:21:14,961 - elsapy.utils - INFO - Module loaded.
2024-09-30 19:21:14,961 - elsapy.elsprofile - INFO - Module loaded.
2024-09-30 19:21:14,962 - elsapy.elsdoc - INFO - Module loaded.
2024-09-30 19:21:14,963 - elsapy.elssearch - INFO - Module loaded.
2024-09-30 19:27:46,167 - elsapy.elsclient - INFO - Module loaded.
2024-09-30 19:27:46,168 - elsapy.elsentity - INFO - Module loaded.
2024-09-30 19:27:46,169 - elsapy.utils - INFO - Module loaded.
2024-09-30 19:27:46,169 - elsapy.elsprofile - INFO - Module loaded.
2024-09-30 19:27:46,171 - elsapy.elsdoc - INFO - Module loaded.
2024-09-30 19:27:46,171 - elsapy.elssearch - INFO - Module loaded.
2024-09-30 19:33:53,207 - elsapy.elsclient - INFO - Module loaded.
2024-09-30 19:33:53,208 - elsapy.elsentity - INFO - Module loaded.
2024-09-30 19:33:53,209 - elsapy.utils - INFO - Module loaded.
2024-09-30 19:33:53,209 - elsapy.elsprofile - INFO - Module loaded.
2024-09-30 19:33:53,210 - elsapy.elsdoc - INFO - Module loaded.
2024-09-30 19:33:53,211 - elsapy.elssearch - INFO - Module loaded.
2024-09-30 19:39:56,666 - elsapy.elsclient - INFO - Module loaded.
2024-09-30 19:39:56,668 - elsapy.elsentity - INFO - Module loaded.
2024-09-30 19:39:56,668 - elsapy.utils - INFO - Module loaded.
2024-09-30 19:39:56,669 - elsapy.elsprofile - INFO - Module loaded.
2024-09-30 19:39:56,669 - elsapy.elsdoc - INFO - Module loaded.
2024-09-30 19:39:56,670 - elsapy.elssearch - INFO - Module loaded.
2024-09-30 19:42:59,903 - elsapy.elsclient - INFO - Module loaded.
2024-09-30 19:42:59,904 - elsapy.elsentity - INFO - Module loaded.
2024-09-30 19:42:59,905 - elsapy.utils - INFO - Module loaded.
2024-09-30 19:42:59,905 - elsapy.elsprofile - INFO - Module loaded.
2024-09-30 19:42:59,907 - elsapy.elsdoc - INFO - Module loaded.
2024-09-30 19:42:59,907 - elsapy.elssearch - INFO - Module loaded.
2024-09-30 19:58:44,096 - elsapy.elsclient - INFO - Module loaded.
2024-09-30 19:58:44,097 - elsapy.elsentity - INFO - Module loaded.
2024-09-30 19:58:44,098 - elsapy.utils - INFO - Module loaded.
2024-09-30 19:58:44,098 - elsapy.elsprofile - INFO - Module loaded.
2024-09-30 19:58:44,099 - elsapy.elsdoc - INFO - Module loaded.
2024-09-30 19:58:44,100 - elsapy.elssearch - INFO - Module loaded.
2024-09-30 20:02:10,598 - elsapy.elsclient - INFO - Module loaded.
2024-09-30 20:02:10,599 - elsapy.elsentity - INFO - Module loaded.
2024-09-30 20:02:10,600 - elsapy.utils - INFO - Module loaded.
2024-09-30 20:02:10,600 - elsapy.elsprofile - INFO - Module loaded.
2024-09-30 20:02:10,601 - elsapy.elsdoc - INFO - Module loaded.
2024-09-30 20:02:10,601 - elsapy.elssearch - INFO - Module loaded.
2024-09-30 20:11:21,925 - elsapy.elsclient - INFO - Module loaded.
2024-09-30 20:11:21,926 - elsapy.elsentity - INFO - Module loaded.
2024-09-30 20:11:21,927 - elsapy.utils - INFO - Module loaded.
2024-09-30 20:11:21,927 - elsapy.elsprofile - INFO - Module loaded.
2024-09-30 20:11:21,928 - elsapy.elsdoc - INFO - Module loaded.
2024-09-30 20:11:21,929 - elsapy.elssearch - INFO - Module loaded.
2024-09-30 20:14:04,665 - elsapy.elsclient - INFO - Module loaded.
2024-09-30 20:14:04,667 - elsapy.elsentity - INFO - Module loaded.
2024-09-30 20:14:04,668 - elsapy.utils - INFO - Module loaded.
2024-09-30 20:14:04,668 - elsapy.elsprofile - INFO - Module loaded.
2024-09-30 20:14:04,669 - elsapy.elsdoc - INFO - Module loaded.
2024-09-30 20:14:04,670 - elsapy.elssearch - INFO - Module loaded.
2024-09-30 20:17:17,234 - elsapy.elsclient - INFO - Module loaded.
2024-09-30 20:17:17,235 - elsapy.elsentity - INFO - Module loaded.
2024-09-30 20:17:17,236 - elsapy.utils - INFO - Module loaded.
2024-09-30 20:17:17,236 - elsapy.elsprofile - INFO - Module loaded.
2024-09-30 20:17:17,237 - elsapy.elsdoc - INFO - Module loaded.
2024-09-30 20:17:17,238 - elsapy.elssearch - INFO - Module loaded.
2024-09-30 20:21:08,275 - elsapy.elsclient - INFO - Module loaded.
2024-09-30 20:21:08,277 - elsapy.elsentity - INFO - Module loaded.
2024-09-30 20:21:08,278 - elsapy.utils - INFO - Module loaded.
2024-09-30 20:21:08,278 - elsapy.elsprofile - INFO - Module loaded.
2024-09-30 20:21:08,279 - elsapy.elsdoc - INFO - Module loaded.
2024-09-30 20:21:08,280 - elsapy.elssearch - INFO - Module loaded.
2024-09-30 20:21:35,719 - elsapy.elsclient - INFO - Module loaded.
2024-09-30 20:21:35,720 - elsapy.elsentity - INFO - Module loaded.
2024-09-30 20:21:35,721 - elsapy.utils - INFO - Module loaded.
2024-09-30 20:21:35,721 - elsapy.elsprofile - INFO - Module loaded.
2024-09-30 20:21:35,722 - elsapy.elsdoc - INFO - Module loaded.
2024-09-30 20:21:35,723 - elsapy.elssearch - INFO - Module loaded.
2024-09-30 20:23:20,517 - elsapy.elsclient - INFO - Module loaded.
2024-09-30 20:23:20,519 - elsapy.elsentity - INFO - Module loaded.
2024-09-30 20:23:20,519 - elsapy.utils - INFO - Module loaded.
2024-09-30 20:23:20,520 - elsapy.elsprofile - INFO - Module loaded.
2024-09-30 20:23:20,520 - elsapy.elsdoc - INFO - Module loaded.
2024-09-30 20:23:20,521 - elsapy.elssearch - INFO - Module loaded.
2024-09-30 20:28:30,848 - elsapy.elsclient - INFO - Module loaded.
2024-09-30 20:28:30,850 - elsapy.elsentity - INFO - Module loaded.
2024-09-30 20:28:30,850 - elsapy.utils - INFO - Module loaded.
2024-09-30 20:28:30,851 - elsapy.elsprofile - INFO - Module loaded.
2024-09-30 20:28:30,851 - elsapy.elsdoc - INFO - Module loaded.
2024-09-30 20:28:30,852 - elsapy.elssearch - INFO - Module loaded.
2024-09-30 20:35:30,530 - elsapy.elsclient - INFO - Module loaded.
2024-09-30 20:35:30,531 - elsapy.elsentity - INFO - Module loaded.
2024-09-30 20:35:30,532 - elsapy.utils - INFO - Module loaded.
2024-09-30 20:35:30,533 - elsapy.elsprofile - INFO - Module loaded.
2024-09-30 20:35:30,534 - elsapy.elsdoc - INFO - Module loaded.
2024-09-30 20:35:30,535 - elsapy.elssearch - INFO - Module loaded.
2024-09-30 20:38:10,672 - elsapy.elsclient - INFO - Module loaded.
2024-09-30 20:38:10,673 - elsapy.elsentity - INFO - Module loaded.
2024-09-30 20:38:10,674 - elsapy.utils - INFO - Module loaded.
2024-09-30 20:38:10,674 - elsapy.elsprofile - INFO - Module loaded.
2024-09-30 20:38:10,674 - elsapy.elsdoc - INFO - Module loaded.
2024-09-30 20:38:10,675 - elsapy.elssearch - INFO - Module loaded.
2024-09-30 20:40:25,330 - elsapy.elsclient - INFO - Module loaded.
2024-09-30 20:40:25,332 - elsapy.elsentity - INFO - Module loaded.
2024-09-30 20:40:25,332 - elsapy.utils - INFO - Module loaded.
2024-09-30 20:40:25,333 - elsapy.elsprofile - INFO - Module loaded.
2024-09-30 20:40:25,333 - elsapy.elsdoc - INFO - Module loaded.
2024-09-30 20:40:25,334 - elsapy.elssearch - INFO - Module loaded.
2024-09-30 20:47:49,139 - elsapy.elsclient - INFO - Module loaded.
2024-09-30 20:47:49,140 - elsapy.elsentity - INFO - Module loaded.
2024-09-30 20:47:49,141 - elsapy.utils - INFO - Module loaded.
2024-09-30 20:47:49,141 - elsapy.elsprofile - INFO - Module loaded.
2024-09-30 20:47:49,142 - elsapy.elsdoc - INFO - Module loaded.
2024-09-30 20:47:49,143 - elsapy.elssearch - INFO - Module loaded.
