2024-08-08 11:01:12,485 - elsapy.elsclient - INFO - Module loaded.
2024-08-08 11:01:12,489 - elsapy.elsentity - INFO - Module loaded.
2024-08-08 11:01:12,490 - elsapy.utils - INFO - Module loaded.
2024-08-08 11:01:12,491 - elsapy.elsprofile - INFO - Module loaded.
2024-08-08 11:01:12,492 - elsapy.elsdoc - INFO - Module loaded.
2024-08-08 11:01:12,493 - elsapy.elssearch - INFO - Module loaded.
2024-08-08 11:11:43,747 - elsapy.elsclient - INFO - Module loaded.
2024-08-08 11:11:43,751 - elsapy.elsentity - INFO - Module loaded.
2024-08-08 11:11:43,752 - elsapy.utils - INFO - Module loaded.
2024-08-08 11:11:43,752 - elsapy.elsprofile - INFO - Module loaded.
2024-08-08 11:11:43,753 - elsapy.elsdoc - INFO - Module loaded.
2024-08-08 11:11:43,756 - elsapy.elssearch - INFO - Module loaded.
2024-08-08 11:46:07,537 - elsapy.elsclient - INFO - Module loaded.
2024-08-08 11:46:07,538 - elsapy.elsentity - INFO - Module loaded.
2024-08-08 11:46:07,539 - elsapy.utils - INFO - Module loaded.
2024-08-08 11:46:07,540 - elsapy.elsprofile - INFO - Module loaded.
2024-08-08 11:46:07,541 - elsapy.elsdoc - INFO - Module loaded.
2024-08-08 11:46:07,542 - elsapy.elssearch - INFO - Module loaded.
2024-08-08 12:55:22,486 - elsapy.elsclient - INFO - Module loaded.
2024-08-08 12:55:22,488 - elsapy.elsentity - INFO - Module loaded.
2024-08-08 12:55:22,699 - elsapy.utils - INFO - Module loaded.
2024-08-08 12:55:22,700 - elsapy.elsprofile - INFO - Module loaded.
2024-08-08 12:55:22,701 - elsapy.elsdoc - INFO - Module loaded.
2024-08-08 12:55:22,702 - elsapy.elssearch - INFO - Module loaded.
2024-08-08 13:44:23,832 - elsapy.elsclient - INFO - Module loaded.
2024-08-08 13:44:23,833 - elsapy.elsentity - INFO - Module loaded.
2024-08-08 13:44:23,834 - elsapy.utils - INFO - Module loaded.
2024-08-08 13:44:23,835 - elsapy.elsprofile - INFO - Module loaded.
2024-08-08 13:44:23,836 - elsapy.elsdoc - INFO - Module loaded.
2024-08-08 13:44:23,837 - elsapy.elssearch - INFO - Module loaded.
2024-08-08 14:31:14,444 - elsapy.elsclient - INFO - Module loaded.
2024-08-08 14:31:14,446 - elsapy.elsentity - INFO - Module loaded.
2024-08-08 14:31:14,447 - elsapy.utils - INFO - Module loaded.
2024-08-08 14:31:14,447 - elsapy.elsprofile - INFO - Module loaded.
2024-08-08 14:31:14,448 - elsapy.elsdoc - INFO - Module loaded.
2024-08-08 14:31:14,449 - elsapy.elssearch - INFO - Module loaded.
2024-08-08 15:14:04,722 - elsapy.elsclient - INFO - Module loaded.
2024-08-08 15:14:04,723 - elsapy.elsentity - INFO - Module loaded.
2024-08-08 15:14:04,724 - elsapy.utils - INFO - Module loaded.
2024-08-08 15:14:04,724 - elsapy.elsprofile - INFO - Module loaded.
2024-08-08 15:14:04,725 - elsapy.elsdoc - INFO - Module loaded.
2024-08-08 15:14:04,725 - elsapy.elssearch - INFO - Module loaded.
2024-08-08 15:29:51,082 - elsapy.elsclient - INFO - Module loaded.
2024-08-08 15:29:51,083 - elsapy.elsentity - INFO - Module loaded.
2024-08-08 15:29:51,084 - elsapy.utils - INFO - Module loaded.
2024-08-08 15:29:51,084 - elsapy.elsprofile - INFO - Module loaded.
2024-08-08 15:29:51,085 - elsapy.elsdoc - INFO - Module loaded.
2024-08-08 15:29:51,086 - elsapy.elssearch - INFO - Module loaded.
2024-08-08 15:35:19,646 - elsapy.elsclient - INFO - Module loaded.
2024-08-08 15:35:19,647 - elsapy.elsentity - INFO - Module loaded.
2024-08-08 15:35:19,648 - elsapy.utils - INFO - Module loaded.
2024-08-08 15:35:19,648 - elsapy.elsprofile - INFO - Module loaded.
2024-08-08 15:35:19,649 - elsapy.elsdoc - INFO - Module loaded.
2024-08-08 15:35:19,650 - elsapy.elssearch - INFO - Module loaded.
2024-08-08 15:35:39,506 - elsapy.elsclient - INFO - Module loaded.
2024-08-08 15:35:39,507 - elsapy.elsentity - INFO - Module loaded.
2024-08-08 15:35:39,508 - elsapy.utils - INFO - Module loaded.
2024-08-08 15:35:39,508 - elsapy.elsprofile - INFO - Module loaded.
2024-08-08 15:35:39,509 - elsapy.elsdoc - INFO - Module loaded.
2024-08-08 15:35:39,510 - elsapy.elssearch - INFO - Module loaded.
2024-08-08 15:36:11,477 - elsapy.elsclient - INFO - Module loaded.
2024-08-08 15:36:11,478 - elsapy.elsentity - INFO - Module loaded.
2024-08-08 15:36:11,478 - elsapy.utils - INFO - Module loaded.
2024-08-08 15:36:11,479 - elsapy.elsprofile - INFO - Module loaded.
2024-08-08 15:36:11,479 - elsapy.elsdoc - INFO - Module loaded.
2024-08-08 15:36:11,480 - elsapy.elssearch - INFO - Module loaded.
2024-08-08 15:36:25,248 - elsapy.elsclient - INFO - Module loaded.
2024-08-08 15:36:25,249 - elsapy.elsentity - INFO - Module loaded.
2024-08-08 15:36:25,249 - elsapy.utils - INFO - Module loaded.
2024-08-08 15:36:25,250 - elsapy.elsprofile - INFO - Module loaded.
2024-08-08 15:36:25,250 - elsapy.elsdoc - INFO - Module loaded.
2024-08-08 15:36:25,251 - elsapy.elssearch - INFO - Module loaded.
2024-08-08 15:41:53,169 - elsapy.elsclient - INFO - Module loaded.
2024-08-08 15:41:53,170 - elsapy.elsentity - INFO - Module loaded.
2024-08-08 15:41:53,171 - elsapy.utils - INFO - Module loaded.
2024-08-08 15:41:53,171 - elsapy.elsprofile - INFO - Module loaded.
2024-08-08 15:41:53,172 - elsapy.elsdoc - INFO - Module loaded.
2024-08-08 15:41:53,173 - elsapy.elssearch - INFO - Module loaded.
2024-08-08 15:46:13,532 - elsapy.elsclient - INFO - Module loaded.
2024-08-08 15:46:13,533 - elsapy.elsentity - INFO - Module loaded.
2024-08-08 15:46:13,533 - elsapy.utils - INFO - Module loaded.
2024-08-08 15:46:13,533 - elsapy.elsprofile - INFO - Module loaded.
2024-08-08 15:46:13,534 - elsapy.elsdoc - INFO - Module loaded.
2024-08-08 15:46:13,535 - elsapy.elssearch - INFO - Module loaded.
2024-08-08 15:56:06,258 - elsapy.elsclient - INFO - Module loaded.
2024-08-08 15:56:06,259 - elsapy.elsentity - INFO - Module loaded.
2024-08-08 15:56:06,260 - elsapy.utils - INFO - Module loaded.
2024-08-08 15:56:06,260 - elsapy.elsprofile - INFO - Module loaded.
2024-08-08 15:56:06,261 - elsapy.elsdoc - INFO - Module loaded.
2024-08-08 15:56:06,262 - elsapy.elssearch - INFO - Module loaded.
2024-08-08 15:58:21,583 - elsapy.elsclient - INFO - Module loaded.
2024-08-08 15:58:21,585 - elsapy.elsentity - INFO - Module loaded.
2024-08-08 15:58:21,586 - elsapy.utils - INFO - Module loaded.
2024-08-08 15:58:21,586 - elsapy.elsprofile - INFO - Module loaded.
2024-08-08 15:58:21,587 - elsapy.elsdoc - INFO - Module loaded.
2024-08-08 15:58:21,589 - elsapy.elssearch - INFO - Module loaded.
2024-08-08 15:58:53,230 - elsapy.elsclient - INFO - Module loaded.
2024-08-08 15:58:53,232 - elsapy.elsentity - INFO - Module loaded.
2024-08-08 15:58:53,232 - elsapy.utils - INFO - Module loaded.
2024-08-08 15:58:53,233 - elsapy.elsprofile - INFO - Module loaded.
2024-08-08 15:58:53,233 - elsapy.elsdoc - INFO - Module loaded.
2024-08-08 15:58:53,234 - elsapy.elssearch - INFO - Module loaded.
2024-08-08 15:59:26,508 - elsapy.elsclient - INFO - Module loaded.
2024-08-08 15:59:26,510 - elsapy.elsentity - INFO - Module loaded.
2024-08-08 15:59:26,510 - elsapy.utils - INFO - Module loaded.
2024-08-08 15:59:26,511 - elsapy.elsprofile - INFO - Module loaded.
2024-08-08 15:59:26,511 - elsapy.elsdoc - INFO - Module loaded.
2024-08-08 15:59:26,512 - elsapy.elssearch - INFO - Module loaded.
2024-08-08 16:20:13,774 - elsapy.elsclient - INFO - Module loaded.
2024-08-08 16:20:13,775 - elsapy.elsentity - INFO - Module loaded.
2024-08-08 16:20:13,776 - elsapy.utils - INFO - Module loaded.
2024-08-08 16:20:13,776 - elsapy.elsprofile - INFO - Module loaded.
2024-08-08 16:20:13,777 - elsapy.elsdoc - INFO - Module loaded.
2024-08-08 16:20:13,777 - elsapy.elssearch - INFO - Module loaded.
2024-08-08 16:20:41,201 - elsapy.elsclient - INFO - Module loaded.
2024-08-08 16:20:41,202 - elsapy.elsentity - INFO - Module loaded.
2024-08-08 16:20:41,203 - elsapy.utils - INFO - Module loaded.
2024-08-08 16:20:41,203 - elsapy.elsprofile - INFO - Module loaded.
2024-08-08 16:20:41,204 - elsapy.elsdoc - INFO - Module loaded.
2024-08-08 16:20:41,204 - elsapy.elssearch - INFO - Module loaded.
2024-08-08 17:45:46,239 - elsapy.elsclient - INFO - Module loaded.
2024-08-08 17:45:46,240 - elsapy.elsentity - INFO - Module loaded.
2024-08-08 17:45:46,241 - elsapy.utils - INFO - Module loaded.
2024-08-08 17:45:46,241 - elsapy.elsprofile - INFO - Module loaded.
2024-08-08 17:45:46,242 - elsapy.elsdoc - INFO - Module loaded.
2024-08-08 17:45:46,242 - elsapy.elssearch - INFO - Module loaded.
2024-08-08 17:46:06,885 - elsapy.elsclient - INFO - Module loaded.
2024-08-08 17:46:06,886 - elsapy.elsentity - INFO - Module loaded.
2024-08-08 17:46:06,886 - elsapy.utils - INFO - Module loaded.
2024-08-08 17:46:06,887 - elsapy.elsprofile - INFO - Module loaded.
2024-08-08 17:46:06,887 - elsapy.elsdoc - INFO - Module loaded.
2024-08-08 17:46:06,888 - elsapy.elssearch - INFO - Module loaded.
2024-08-08 17:49:06,181 - elsapy.elsclient - INFO - Module loaded.
2024-08-08 17:49:06,182 - elsapy.elsentity - INFO - Module loaded.
2024-08-08 17:49:06,183 - elsapy.utils - INFO - Module loaded.
2024-08-08 17:49:06,183 - elsapy.elsprofile - INFO - Module loaded.
2024-08-08 17:49:06,184 - elsapy.elsdoc - INFO - Module loaded.
2024-08-08 17:49:06,185 - elsapy.elssearch - INFO - Module loaded.
2024-08-08 20:12:25,036 - elsapy.elsclient - INFO - Module loaded.
2024-08-08 20:12:25,037 - elsapy.elsentity - INFO - Module loaded.
2024-08-08 20:12:25,038 - elsapy.utils - INFO - Module loaded.
2024-08-08 20:12:25,038 - elsapy.elsprofile - INFO - Module loaded.
2024-08-08 20:12:25,039 - elsapy.elsdoc - INFO - Module loaded.
2024-08-08 20:12:25,040 - elsapy.elssearch - INFO - Module loaded.
2024-08-08 20:13:36,679 - elsapy.elsclient - INFO - Module loaded.
2024-08-08 20:13:36,680 - elsapy.elsentity - INFO - Module loaded.
2024-08-08 20:13:36,680 - elsapy.utils - INFO - Module loaded.
2024-08-08 20:13:36,681 - elsapy.elsprofile - INFO - Module loaded.
2024-08-08 20:13:36,681 - elsapy.elsdoc - INFO - Module loaded.
2024-08-08 20:13:36,682 - elsapy.elssearch - INFO - Module loaded.
2024-08-08 20:15:18,697 - elsapy.elsclient - INFO - Module loaded.
2024-08-08 20:15:18,698 - elsapy.elsentity - INFO - Module loaded.
2024-08-08 20:15:18,699 - elsapy.utils - INFO - Module loaded.
2024-08-08 20:15:18,699 - elsapy.elsprofile - INFO - Module loaded.
2024-08-08 20:15:18,700 - elsapy.elsdoc - INFO - Module loaded.
2024-08-08 20:15:18,700 - elsapy.elssearch - INFO - Module loaded.
2024-08-08 22:07:31,597 - elsapy.elsclient - INFO - Module loaded.
2024-08-08 22:07:31,598 - elsapy.elsentity - INFO - Module loaded.
2024-08-08 22:07:31,599 - elsapy.utils - INFO - Module loaded.
2024-08-08 22:07:31,599 - elsapy.elsprofile - INFO - Module loaded.
2024-08-08 22:07:31,600 - elsapy.elsdoc - INFO - Module loaded.
2024-08-08 22:07:31,601 - elsapy.elssearch - INFO - Module loaded.
2024-08-08 22:17:19,640 - elsapy.elsclient - INFO - Module loaded.
2024-08-08 22:17:19,642 - elsapy.elsentity - INFO - Module loaded.
2024-08-08 22:17:19,643 - elsapy.utils - INFO - Module loaded.
2024-08-08 22:17:19,643 - elsapy.elsprofile - INFO - Module loaded.
2024-08-08 22:17:19,644 - elsapy.elsdoc - INFO - Module loaded.
2024-08-08 22:17:19,645 - elsapy.elssearch - INFO - Module loaded.
2024-08-08 22:17:40,659 - elsapy.elsclient - INFO - Module loaded.
2024-08-08 22:17:40,660 - elsapy.elsentity - INFO - Module loaded.
2024-08-08 22:17:40,660 - elsapy.utils - INFO - Module loaded.
2024-08-08 22:17:40,661 - elsapy.elsprofile - INFO - Module loaded.
2024-08-08 22:17:40,661 - elsapy.elsdoc - INFO - Module loaded.
2024-08-08 22:17:40,662 - elsapy.elssearch - INFO - Module loaded.
2024-08-08 22:22:55,723 - elsapy.elsclient - INFO - Module loaded.
2024-08-08 22:22:55,724 - elsapy.elsentity - INFO - Module loaded.
2024-08-08 22:22:55,724 - elsapy.utils - INFO - Module loaded.
2024-08-08 22:22:55,725 - elsapy.elsprofile - INFO - Module loaded.
2024-08-08 22:22:55,725 - elsapy.elsdoc - INFO - Module loaded.
2024-08-08 22:22:55,726 - elsapy.elssearch - INFO - Module loaded.
2024-08-08 22:28:52,988 - elsapy.elsclient - INFO - Module loaded.
2024-08-08 22:28:52,989 - elsapy.elsentity - INFO - Module loaded.
2024-08-08 22:28:52,990 - elsapy.utils - INFO - Module loaded.
2024-08-08 22:28:52,990 - elsapy.elsprofile - INFO - Module loaded.
2024-08-08 22:28:52,991 - elsapy.elsdoc - INFO - Module loaded.
2024-08-08 22:28:52,991 - elsapy.elssearch - INFO - Module loaded.
2024-08-08 22:42:56,169 - elsapy.elsclient - INFO - Module loaded.
2024-08-08 22:42:56,170 - elsapy.elsentity - INFO - Module loaded.
2024-08-08 22:42:56,171 - elsapy.utils - INFO - Module loaded.
2024-08-08 22:42:56,171 - elsapy.elsprofile - INFO - Module loaded.
2024-08-08 22:42:56,172 - elsapy.elsdoc - INFO - Module loaded.
2024-08-08 22:42:56,172 - elsapy.elssearch - INFO - Module loaded.
2024-08-08 22:43:25,657 - elsapy.elsclient - INFO - Module loaded.
2024-08-08 22:43:25,658 - elsapy.elsentity - INFO - Module loaded.
2024-08-08 22:43:25,659 - elsapy.utils - INFO - Module loaded.
2024-08-08 22:43:25,659 - elsapy.elsprofile - INFO - Module loaded.
2024-08-08 22:43:25,659 - elsapy.elsdoc - INFO - Module loaded.
2024-08-08 22:43:25,660 - elsapy.elssearch - INFO - Module loaded.
2024-08-08 22:43:46,970 - elsapy.elsclient - INFO - Module loaded.
2024-08-08 22:43:46,971 - elsapy.elsentity - INFO - Module loaded.
2024-08-08 22:43:46,972 - elsapy.utils - INFO - Module loaded.
2024-08-08 22:43:46,972 - elsapy.elsprofile - INFO - Module loaded.
2024-08-08 22:43:46,973 - elsapy.elsdoc - INFO - Module loaded.
2024-08-08 22:43:46,973 - elsapy.elssearch - INFO - Module loaded.
