2024-08-29 00:09:05,395 - elsapy.elsclient - INFO - Module loaded.
2024-08-29 00:09:05,397 - elsapy.elsentity - INFO - Module loaded.
2024-08-29 00:09:05,397 - elsapy.utils - INFO - Module loaded.
2024-08-29 00:09:05,398 - elsapy.elsprofile - INFO - Module loaded.
2024-08-29 00:09:05,398 - elsapy.elsdoc - INFO - Module loaded.
2024-08-29 00:09:05,399 - elsapy.elssearch - INFO - Module loaded.
2024-08-29 00:09:34,417 - elsapy.elsclient - INFO - Module loaded.
2024-08-29 00:09:34,418 - elsapy.elsentity - INFO - Module loaded.
2024-08-29 00:09:34,419 - elsapy.utils - INFO - Module loaded.
2024-08-29 00:09:34,419 - elsapy.elsprofile - INFO - Module loaded.
2024-08-29 00:09:34,420 - elsapy.elsdoc - INFO - Module loaded.
2024-08-29 00:09:34,423 - elsapy.elssearch - INFO - Module loaded.
2024-08-29 00:10:19,297 - elsapy.elsclient - INFO - Module loaded.
2024-08-29 00:10:19,298 - elsapy.elsentity - INFO - Module loaded.
2024-08-29 00:10:19,299 - elsapy.utils - INFO - Module loaded.
2024-08-29 00:10:19,299 - elsapy.elsprofile - INFO - Module loaded.
2024-08-29 00:10:19,300 - elsapy.elsdoc - INFO - Module loaded.
2024-08-29 00:10:19,300 - elsapy.elssearch - INFO - Module loaded.
2024-08-29 00:11:21,995 - elsapy.elsclient - INFO - Module loaded.
2024-08-29 00:11:21,996 - elsapy.elsentity - INFO - Module loaded.
2024-08-29 00:11:21,996 - elsapy.utils - INFO - Module loaded.
2024-08-29 00:11:21,997 - elsapy.elsprofile - INFO - Module loaded.
2024-08-29 00:11:21,997 - elsapy.elsdoc - INFO - Module loaded.
2024-08-29 00:11:21,998 - elsapy.elssearch - INFO - Module loaded.
2024-08-29 00:12:00,387 - elsapy.elsclient - INFO - Module loaded.
2024-08-29 00:12:00,388 - elsapy.elsentity - INFO - Module loaded.
2024-08-29 00:12:00,389 - elsapy.utils - INFO - Module loaded.
2024-08-29 00:12:00,389 - elsapy.elsprofile - INFO - Module loaded.
2024-08-29 00:12:00,390 - elsapy.elsdoc - INFO - Module loaded.
2024-08-29 00:12:00,391 - elsapy.elssearch - INFO - Module loaded.
2024-08-29 00:13:08,958 - elsapy.elsclient - INFO - Module loaded.
2024-08-29 00:13:08,960 - elsapy.elsentity - INFO - Module loaded.
2024-08-29 00:13:08,960 - elsapy.utils - INFO - Module loaded.
2024-08-29 00:13:08,961 - elsapy.elsprofile - INFO - Module loaded.
2024-08-29 00:13:08,961 - elsapy.elsdoc - INFO - Module loaded.
2024-08-29 00:13:08,962 - elsapy.elssearch - INFO - Module loaded.
2024-08-29 00:14:39,477 - elsapy.elsclient - INFO - Module loaded.
2024-08-29 00:14:39,478 - elsapy.elsentity - INFO - Module loaded.
2024-08-29 00:14:39,478 - elsapy.utils - INFO - Module loaded.
2024-08-29 00:14:39,479 - elsapy.elsprofile - INFO - Module loaded.
2024-08-29 00:14:39,480 - elsapy.elsdoc - INFO - Module loaded.
2024-08-29 00:14:39,480 - elsapy.elssearch - INFO - Module loaded.
2024-08-29 12:34:28,422 - elsapy.elsclient - INFO - Module loaded.
2024-08-29 12:34:28,423 - elsapy.elsentity - INFO - Module loaded.
2024-08-29 12:34:28,424 - elsapy.utils - INFO - Module loaded.
2024-08-29 12:34:28,424 - elsapy.elsprofile - INFO - Module loaded.
2024-08-29 12:34:28,425 - elsapy.elsdoc - INFO - Module loaded.
2024-08-29 12:34:28,426 - elsapy.elssearch - INFO - Module loaded.
2024-08-29 12:35:12,660 - elsapy.elsclient - INFO - Module loaded.
2024-08-29 12:35:12,661 - elsapy.elsentity - INFO - Module loaded.
2024-08-29 12:35:12,662 - elsapy.utils - INFO - Module loaded.
2024-08-29 12:35:12,662 - elsapy.elsprofile - INFO - Module loaded.
2024-08-29 12:35:12,663 - elsapy.elsdoc - INFO - Module loaded.
2024-08-29 12:35:12,663 - elsapy.elssearch - INFO - Module loaded.
2024-08-29 12:56:57,063 - elsapy.elsclient - INFO - Module loaded.
2024-08-29 12:56:57,064 - elsapy.elsentity - INFO - Module loaded.
2024-08-29 12:56:57,065 - elsapy.utils - INFO - Module loaded.
2024-08-29 12:56:57,065 - elsapy.elsprofile - INFO - Module loaded.
2024-08-29 12:56:57,066 - elsapy.elsdoc - INFO - Module loaded.
2024-08-29 12:56:57,067 - elsapy.elssearch - INFO - Module loaded.
2024-08-29 13:12:30,818 - elsapy.elsclient - INFO - Module loaded.
2024-08-29 13:12:30,819 - elsapy.elsentity - INFO - Module loaded.
2024-08-29 13:12:30,819 - elsapy.utils - INFO - Module loaded.
2024-08-29 13:12:30,820 - elsapy.elsprofile - INFO - Module loaded.
2024-08-29 13:12:30,820 - elsapy.elsdoc - INFO - Module loaded.
2024-08-29 13:12:30,821 - elsapy.elssearch - INFO - Module loaded.
2024-08-29 13:20:56,680 - elsapy.elsclient - INFO - Module loaded.
2024-08-29 13:20:56,681 - elsapy.elsentity - INFO - Module loaded.
2024-08-29 13:20:56,681 - elsapy.utils - INFO - Module loaded.
2024-08-29 13:20:56,681 - elsapy.elsprofile - INFO - Module loaded.
2024-08-29 13:20:56,682 - elsapy.elsdoc - INFO - Module loaded.
2024-08-29 13:20:56,683 - elsapy.elssearch - INFO - Module loaded.
2024-08-29 15:56:41,214 - elsapy.elsclient - INFO - Module loaded.
2024-08-29 15:56:41,215 - elsapy.elsentity - INFO - Module loaded.
2024-08-29 15:56:41,216 - elsapy.utils - INFO - Module loaded.
2024-08-29 15:56:41,216 - elsapy.elsprofile - INFO - Module loaded.
2024-08-29 15:56:41,217 - elsapy.elsdoc - INFO - Module loaded.
2024-08-29 15:56:41,218 - elsapy.elssearch - INFO - Module loaded.
2024-08-29 17:06:01,054 - elsapy.elsclient - INFO - Module loaded.
2024-08-29 17:06:01,056 - elsapy.elsentity - INFO - Module loaded.
2024-08-29 17:06:01,056 - elsapy.utils - INFO - Module loaded.
2024-08-29 17:06:01,057 - elsapy.elsprofile - INFO - Module loaded.
2024-08-29 17:06:01,057 - elsapy.elsdoc - INFO - Module loaded.
2024-08-29 17:06:01,058 - elsapy.elssearch - INFO - Module loaded.
2024-08-29 17:14:04,828 - elsapy.elsclient - INFO - Module loaded.
2024-08-29 17:14:04,829 - elsapy.elsentity - INFO - Module loaded.
2024-08-29 17:14:04,830 - elsapy.utils - INFO - Module loaded.
2024-08-29 17:14:04,830 - elsapy.elsprofile - INFO - Module loaded.
2024-08-29 17:14:04,831 - elsapy.elsdoc - INFO - Module loaded.
2024-08-29 17:14:04,831 - elsapy.elssearch - INFO - Module loaded.
2024-08-29 17:28:58,806 - elsapy.elsclient - INFO - Module loaded.
2024-08-29 17:28:58,807 - elsapy.elsentity - INFO - Module loaded.
2024-08-29 17:28:58,808 - elsapy.utils - INFO - Module loaded.
2024-08-29 17:28:58,808 - elsapy.elsprofile - INFO - Module loaded.
2024-08-29 17:28:58,809 - elsapy.elsdoc - INFO - Module loaded.
2024-08-29 17:28:58,810 - elsapy.elssearch - INFO - Module loaded.
2024-08-29 17:55:46,770 - elsapy.elsclient - INFO - Module loaded.
2024-08-29 17:55:46,771 - elsapy.elsentity - INFO - Module loaded.
2024-08-29 17:55:46,771 - elsapy.utils - INFO - Module loaded.
2024-08-29 17:55:46,772 - elsapy.elsprofile - INFO - Module loaded.
2024-08-29 17:55:46,772 - elsapy.elsdoc - INFO - Module loaded.
2024-08-29 17:55:46,773 - elsapy.elssearch - INFO - Module loaded.
2024-08-29 19:51:36,919 - elsapy.elsclient - INFO - Module loaded.
2024-08-29 19:51:36,921 - elsapy.elsentity - INFO - Module loaded.
2024-08-29 19:51:36,922 - elsapy.utils - INFO - Module loaded.
2024-08-29 19:51:36,922 - elsapy.elsprofile - INFO - Module loaded.
2024-08-29 19:51:36,923 - elsapy.elsdoc - INFO - Module loaded.
2024-08-29 19:51:36,923 - elsapy.elssearch - INFO - Module loaded.
2024-08-29 20:04:01,738 - elsapy.elsclient - INFO - Module loaded.
2024-08-29 20:04:01,739 - elsapy.elsentity - INFO - Module loaded.
2024-08-29 20:04:01,740 - elsapy.utils - INFO - Module loaded.
2024-08-29 20:04:01,740 - elsapy.elsprofile - INFO - Module loaded.
2024-08-29 20:04:01,741 - elsapy.elsdoc - INFO - Module loaded.
2024-08-29 20:04:01,742 - elsapy.elssearch - INFO - Module loaded.
2024-08-29 20:24:55,946 - elsapy.elsclient - INFO - Module loaded.
2024-08-29 20:24:55,947 - elsapy.elsentity - INFO - Module loaded.
2024-08-29 20:24:55,948 - elsapy.utils - INFO - Module loaded.
2024-08-29 20:24:55,948 - elsapy.elsprofile - INFO - Module loaded.
2024-08-29 20:24:55,949 - elsapy.elsdoc - INFO - Module loaded.
2024-08-29 20:24:55,950 - elsapy.elssearch - INFO - Module loaded.
2024-08-29 20:27:05,058 - elsapy.elsclient - INFO - Module loaded.
2024-08-29 20:27:05,059 - elsapy.elsentity - INFO - Module loaded.
2024-08-29 20:27:05,060 - elsapy.utils - INFO - Module loaded.
2024-08-29 20:27:05,060 - elsapy.elsprofile - INFO - Module loaded.
2024-08-29 20:27:05,061 - elsapy.elsdoc - INFO - Module loaded.
2024-08-29 20:27:05,061 - elsapy.elssearch - INFO - Module loaded.
2024-08-29 20:29:40,858 - elsapy.elsclient - INFO - Module loaded.
2024-08-29 20:29:40,859 - elsapy.elsentity - INFO - Module loaded.
2024-08-29 20:29:40,859 - elsapy.utils - INFO - Module loaded.
2024-08-29 20:29:40,860 - elsapy.elsprofile - INFO - Module loaded.
2024-08-29 20:29:40,860 - elsapy.elsdoc - INFO - Module loaded.
2024-08-29 20:29:40,861 - elsapy.elssearch - INFO - Module loaded.
2024-08-29 20:31:40,630 - elsapy.elsclient - INFO - Module loaded.
2024-08-29 20:31:40,631 - elsapy.elsentity - INFO - Module loaded.
2024-08-29 20:31:40,631 - elsapy.utils - INFO - Module loaded.
2024-08-29 20:31:40,632 - elsapy.elsprofile - INFO - Module loaded.
2024-08-29 20:31:40,632 - elsapy.elsdoc - INFO - Module loaded.
2024-08-29 20:31:40,633 - elsapy.elssearch - INFO - Module loaded.
2024-08-29 22:24:17,165 - elsapy.elsclient - INFO - Module loaded.
2024-08-29 22:24:17,167 - elsapy.elsentity - INFO - Module loaded.
2024-08-29 22:24:17,167 - elsapy.utils - INFO - Module loaded.
2024-08-29 22:24:17,167 - elsapy.elsprofile - INFO - Module loaded.
2024-08-29 22:24:17,168 - elsapy.elsdoc - INFO - Module loaded.
2024-08-29 22:24:17,169 - elsapy.elssearch - INFO - Module loaded.
2024-08-29 22:27:17,726 - elsapy.elsclient - INFO - Module loaded.
2024-08-29 22:27:17,727 - elsapy.elsentity - INFO - Module loaded.
2024-08-29 22:27:17,727 - elsapy.utils - INFO - Module loaded.
2024-08-29 22:27:17,728 - elsapy.elsprofile - INFO - Module loaded.
2024-08-29 22:27:17,728 - elsapy.elsdoc - INFO - Module loaded.
2024-08-29 22:27:17,729 - elsapy.elssearch - INFO - Module loaded.
2024-08-29 22:28:18,347 - elsapy.elsclient - INFO - Module loaded.
2024-08-29 22:28:18,348 - elsapy.elsentity - INFO - Module loaded.
2024-08-29 22:28:18,349 - elsapy.utils - INFO - Module loaded.
2024-08-29 22:28:18,349 - elsapy.elsprofile - INFO - Module loaded.
2024-08-29 22:28:18,350 - elsapy.elsdoc - INFO - Module loaded.
2024-08-29 22:28:18,350 - elsapy.elssearch - INFO - Module loaded.
2024-08-29 22:37:58,930 - elsapy.elsclient - INFO - Module loaded.
2024-08-29 22:37:58,931 - elsapy.elsentity - INFO - Module loaded.
2024-08-29 22:37:58,932 - elsapy.utils - INFO - Module loaded.
2024-08-29 22:37:58,932 - elsapy.elsprofile - INFO - Module loaded.
2024-08-29 22:37:58,933 - elsapy.elsdoc - INFO - Module loaded.
2024-08-29 22:37:58,933 - elsapy.elssearch - INFO - Module loaded.
2024-08-29 22:39:31,313 - elsapy.elsclient - INFO - Module loaded.
2024-08-29 22:39:31,315 - elsapy.elsentity - INFO - Module loaded.
2024-08-29 22:39:31,315 - elsapy.utils - INFO - Module loaded.
2024-08-29 22:39:31,315 - elsapy.elsprofile - INFO - Module loaded.
2024-08-29 22:39:31,316 - elsapy.elsdoc - INFO - Module loaded.
2024-08-29 22:39:31,317 - elsapy.elssearch - INFO - Module loaded.
2024-08-29 22:44:44,059 - elsapy.elsclient - INFO - Module loaded.
2024-08-29 22:44:44,060 - elsapy.elsentity - INFO - Module loaded.
2024-08-29 22:44:44,060 - elsapy.utils - INFO - Module loaded.
2024-08-29 22:44:44,061 - elsapy.elsprofile - INFO - Module loaded.
2024-08-29 22:44:44,061 - elsapy.elsdoc - INFO - Module loaded.
2024-08-29 22:44:44,062 - elsapy.elssearch - INFO - Module loaded.
