2024-07-30 06:18:10,852 - elsapy.elsclient - INFO - Module loaded.
2024-07-30 06:18:10,853 - elsapy.elsentity - INFO - Module loaded.
2024-07-30 06:18:10,854 - elsapy.utils - INFO - Module loaded.
2024-07-30 06:18:10,854 - elsapy.elsprofile - INFO - Module loaded.
2024-07-30 06:18:10,855 - elsapy.elsdoc - INFO - Module loaded.
2024-07-30 06:18:10,856 - elsapy.elssearch - INFO - Module loaded.
2024-07-30 06:57:38,490 - elsapy.elsclient - INFO - Module loaded.
2024-07-30 06:57:38,491 - elsapy.elsentity - INFO - Module loaded.
2024-07-30 06:57:38,492 - elsapy.utils - INFO - Module loaded.
2024-07-30 06:57:38,492 - elsapy.elsprofile - INFO - Module loaded.
2024-07-30 06:57:38,493 - elsapy.elsdoc - INFO - Module loaded.
2024-07-30 06:57:38,495 - elsapy.elssearch - INFO - Module loaded.
2024-07-30 07:02:25,771 - elsapy.elsclient - INFO - Module loaded.
2024-07-30 07:02:25,772 - elsapy.elsentity - INFO - Module loaded.
2024-07-30 07:02:25,772 - elsapy.utils - INFO - Module loaded.
2024-07-30 07:02:25,773 - elsapy.elsprofile - INFO - Module loaded.
2024-07-30 07:02:25,773 - elsapy.elsdoc - INFO - Module loaded.
2024-07-30 07:02:25,774 - elsapy.elssearch - INFO - Module loaded.
2024-07-30 07:38:05,517 - elsapy.elsclient - INFO - Module loaded.
2024-07-30 07:38:05,518 - elsapy.elsentity - INFO - Module loaded.
2024-07-30 07:38:05,519 - elsapy.utils - INFO - Module loaded.
2024-07-30 07:38:05,519 - elsapy.elsprofile - INFO - Module loaded.
2024-07-30 07:38:05,520 - elsapy.elsdoc - INFO - Module loaded.
2024-07-30 07:38:05,520 - elsapy.elssearch - INFO - Module loaded.
2024-07-30 07:41:52,204 - elsapy.elsclient - INFO - Module loaded.
2024-07-30 07:41:52,205 - elsapy.elsentity - INFO - Module loaded.
2024-07-30 07:41:52,206 - elsapy.utils - INFO - Module loaded.
2024-07-30 07:41:52,206 - elsapy.elsprofile - INFO - Module loaded.
2024-07-30 07:41:52,207 - elsapy.elsdoc - INFO - Module loaded.
2024-07-30 07:41:52,207 - elsapy.elssearch - INFO - Module loaded.
2024-07-30 07:44:06,364 - elsapy.elsclient - INFO - Module loaded.
2024-07-30 07:44:06,365 - elsapy.elsentity - INFO - Module loaded.
2024-07-30 07:44:06,365 - elsapy.utils - INFO - Module loaded.
2024-07-30 07:44:06,366 - elsapy.elsprofile - INFO - Module loaded.
2024-07-30 07:44:06,366 - elsapy.elsdoc - INFO - Module loaded.
2024-07-30 07:44:06,367 - elsapy.elssearch - INFO - Module loaded.
2024-07-30 07:46:48,782 - elsapy.elsclient - INFO - Module loaded.
2024-07-30 07:46:48,783 - elsapy.elsentity - INFO - Module loaded.
2024-07-30 07:46:48,783 - elsapy.utils - INFO - Module loaded.
2024-07-30 07:46:48,784 - elsapy.elsprofile - INFO - Module loaded.
2024-07-30 07:46:48,784 - elsapy.elsdoc - INFO - Module loaded.
2024-07-30 07:46:48,785 - elsapy.elssearch - INFO - Module loaded.
2024-07-30 07:53:55,963 - elsapy.elsclient - INFO - Module loaded.
2024-07-30 07:53:55,964 - elsapy.elsentity - INFO - Module loaded.
2024-07-30 07:53:55,965 - elsapy.utils - INFO - Module loaded.
2024-07-30 07:53:55,965 - elsapy.elsprofile - INFO - Module loaded.
2024-07-30 07:53:55,966 - elsapy.elsdoc - INFO - Module loaded.
2024-07-30 07:53:55,967 - elsapy.elssearch - INFO - Module loaded.
2024-07-30 07:55:40,473 - elsapy.elsclient - INFO - Module loaded.
2024-07-30 07:55:40,474 - elsapy.elsentity - INFO - Module loaded.
2024-07-30 07:55:40,475 - elsapy.utils - INFO - Module loaded.
2024-07-30 07:55:40,475 - elsapy.elsprofile - INFO - Module loaded.
2024-07-30 07:55:40,476 - elsapy.elsdoc - INFO - Module loaded.
2024-07-30 07:55:40,477 - elsapy.elssearch - INFO - Module loaded.
2024-07-30 07:58:15,818 - elsapy.elsclient - INFO - Module loaded.
2024-07-30 07:58:15,819 - elsapy.elsentity - INFO - Module loaded.
2024-07-30 07:58:15,820 - elsapy.utils - INFO - Module loaded.
2024-07-30 07:58:15,820 - elsapy.elsprofile - INFO - Module loaded.
2024-07-30 07:58:15,821 - elsapy.elsdoc - INFO - Module loaded.
2024-07-30 07:58:15,821 - elsapy.elssearch - INFO - Module loaded.
2024-07-30 08:47:24,725 - elsapy.elsclient - INFO - Module loaded.
2024-07-30 08:47:24,726 - elsapy.elsentity - INFO - Module loaded.
2024-07-30 08:47:24,727 - elsapy.utils - INFO - Module loaded.
2024-07-30 08:47:24,727 - elsapy.elsprofile - INFO - Module loaded.
2024-07-30 08:47:24,728 - elsapy.elsdoc - INFO - Module loaded.
2024-07-30 08:47:24,728 - elsapy.elssearch - INFO - Module loaded.
2024-07-30 08:52:53,570 - elsapy.elsclient - INFO - Module loaded.
2024-07-30 08:52:53,571 - elsapy.elsentity - INFO - Module loaded.
2024-07-30 08:52:53,572 - elsapy.utils - INFO - Module loaded.
2024-07-30 08:52:53,572 - elsapy.elsprofile - INFO - Module loaded.
2024-07-30 08:52:53,573 - elsapy.elsdoc - INFO - Module loaded.
2024-07-30 08:52:53,573 - elsapy.elssearch - INFO - Module loaded.
2024-07-30 08:53:15,166 - elsapy.elsclient - INFO - Module loaded.
2024-07-30 08:53:15,167 - elsapy.elsentity - INFO - Module loaded.
2024-07-30 08:53:15,168 - elsapy.utils - INFO - Module loaded.
2024-07-30 08:53:15,168 - elsapy.elsprofile - INFO - Module loaded.
2024-07-30 08:53:15,169 - elsapy.elsdoc - INFO - Module loaded.
2024-07-30 08:53:15,170 - elsapy.elssearch - INFO - Module loaded.
2024-07-30 08:53:45,772 - elsapy.elsclient - INFO - Module loaded.
2024-07-30 08:53:45,773 - elsapy.elsentity - INFO - Module loaded.
2024-07-30 08:53:45,774 - elsapy.utils - INFO - Module loaded.
2024-07-30 08:53:45,774 - elsapy.elsprofile - INFO - Module loaded.
2024-07-30 08:53:45,775 - elsapy.elsdoc - INFO - Module loaded.
2024-07-30 08:53:45,775 - elsapy.elssearch - INFO - Module loaded.
2024-07-30 08:56:28,209 - elsapy.elsclient - INFO - Module loaded.
2024-07-30 08:56:28,210 - elsapy.elsentity - INFO - Module loaded.
2024-07-30 08:56:28,211 - elsapy.utils - INFO - Module loaded.
2024-07-30 08:56:28,211 - elsapy.elsprofile - INFO - Module loaded.
2024-07-30 08:56:28,212 - elsapy.elsdoc - INFO - Module loaded.
2024-07-30 08:56:28,213 - elsapy.elssearch - INFO - Module loaded.
2024-07-30 09:08:46,400 - elsapy.elsclient - INFO - Module loaded.
2024-07-30 09:08:46,401 - elsapy.elsentity - INFO - Module loaded.
2024-07-30 09:08:46,402 - elsapy.utils - INFO - Module loaded.
2024-07-30 09:08:46,402 - elsapy.elsprofile - INFO - Module loaded.
2024-07-30 09:08:46,403 - elsapy.elsdoc - INFO - Module loaded.
2024-07-30 09:08:46,403 - elsapy.elssearch - INFO - Module loaded.
2024-07-30 09:26:46,588 - elsapy.elsclient - INFO - Module loaded.
2024-07-30 09:26:46,590 - elsapy.elsentity - INFO - Module loaded.
2024-07-30 09:26:46,590 - elsapy.utils - INFO - Module loaded.
2024-07-30 09:26:46,591 - elsapy.elsprofile - INFO - Module loaded.
2024-07-30 09:26:46,591 - elsapy.elsdoc - INFO - Module loaded.
2024-07-30 09:26:46,592 - elsapy.elssearch - INFO - Module loaded.
2024-07-30 10:22:08,221 - elsapy.elsclient - INFO - Module loaded.
2024-07-30 10:22:08,222 - elsapy.elsentity - INFO - Module loaded.
2024-07-30 10:22:08,223 - elsapy.utils - INFO - Module loaded.
2024-07-30 10:22:08,223 - elsapy.elsprofile - INFO - Module loaded.
2024-07-30 10:22:08,224 - elsapy.elsdoc - INFO - Module loaded.
2024-07-30 10:22:08,224 - elsapy.elssearch - INFO - Module loaded.
2024-07-30 10:22:50,924 - elsapy.elsclient - INFO - Module loaded.
2024-07-30 10:22:50,925 - elsapy.elsentity - INFO - Module loaded.
2024-07-30 10:22:50,926 - elsapy.utils - INFO - Module loaded.
2024-07-30 10:22:50,926 - elsapy.elsprofile - INFO - Module loaded.
2024-07-30 10:22:50,927 - elsapy.elsdoc - INFO - Module loaded.
2024-07-30 10:22:50,927 - elsapy.elssearch - INFO - Module loaded.
2024-07-30 10:32:17,414 - elsapy.elsclient - INFO - Module loaded.
2024-07-30 10:32:17,415 - elsapy.elsentity - INFO - Module loaded.
2024-07-30 10:32:17,416 - elsapy.utils - INFO - Module loaded.
2024-07-30 10:32:17,416 - elsapy.elsprofile - INFO - Module loaded.
2024-07-30 10:32:17,417 - elsapy.elsdoc - INFO - Module loaded.
2024-07-30 10:32:17,417 - elsapy.elssearch - INFO - Module loaded.
2024-07-30 15:22:11,172 - elsapy.elsclient - INFO - Module loaded.
2024-07-30 15:22:11,173 - elsapy.elsentity - INFO - Module loaded.
2024-07-30 15:22:11,174 - elsapy.utils - INFO - Module loaded.
2024-07-30 15:22:11,174 - elsapy.elsprofile - INFO - Module loaded.
2024-07-30 15:22:11,175 - elsapy.elsdoc - INFO - Module loaded.
2024-07-30 15:22:11,176 - elsapy.elssearch - INFO - Module loaded.
2024-07-30 17:14:31,822 - elsapy.elsclient - INFO - Module loaded.
2024-07-30 17:14:31,823 - elsapy.elsentity - INFO - Module loaded.
2024-07-30 17:14:31,824 - elsapy.utils - INFO - Module loaded.
2024-07-30 17:14:31,824 - elsapy.elsprofile - INFO - Module loaded.
2024-07-30 17:14:31,825 - elsapy.elsdoc - INFO - Module loaded.
2024-07-30 17:14:31,826 - elsapy.elssearch - INFO - Module loaded.
2024-07-30 23:29:41,350 - elsapy.elsclient - INFO - Module loaded.
2024-07-30 23:29:41,351 - elsapy.elsentity - INFO - Module loaded.
2024-07-30 23:29:41,352 - elsapy.utils - INFO - Module loaded.
2024-07-30 23:29:41,352 - elsapy.elsprofile - INFO - Module loaded.
2024-07-30 23:29:41,353 - elsapy.elsdoc - INFO - Module loaded.
2024-07-30 23:29:41,354 - elsapy.elssearch - INFO - Module loaded.
2024-07-30 23:37:27,966 - elsapy.elsclient - INFO - Module loaded.
2024-07-30 23:37:27,968 - elsapy.elsentity - INFO - Module loaded.
2024-07-30 23:37:27,968 - elsapy.utils - INFO - Module loaded.
2024-07-30 23:37:27,969 - elsapy.elsprofile - INFO - Module loaded.
2024-07-30 23:37:27,969 - elsapy.elsdoc - INFO - Module loaded.
2024-07-30 23:37:27,970 - elsapy.elssearch - INFO - Module loaded.
2024-07-30 23:38:22,159 - elsapy.elsclient - INFO - Module loaded.
2024-07-30 23:38:22,160 - elsapy.elsentity - INFO - Module loaded.
2024-07-30 23:38:22,161 - elsapy.utils - INFO - Module loaded.
2024-07-30 23:38:22,161 - elsapy.elsprofile - INFO - Module loaded.
2024-07-30 23:38:22,162 - elsapy.elsdoc - INFO - Module loaded.
2024-07-30 23:38:22,163 - elsapy.elssearch - INFO - Module loaded.
2024-07-30 23:42:44,374 - elsapy.elsclient - INFO - Module loaded.
2024-07-30 23:42:44,375 - elsapy.elsentity - INFO - Module loaded.
2024-07-30 23:42:44,375 - elsapy.utils - INFO - Module loaded.
2024-07-30 23:42:44,376 - elsapy.elsprofile - INFO - Module loaded.
2024-07-30 23:42:44,376 - elsapy.elsdoc - INFO - Module loaded.
2024-07-30 23:42:44,377 - elsapy.elssearch - INFO - Module loaded.
