2024-10-03 09:01:29,272 - elsapy.elsclient - INFO - Module loaded.
2024-10-03 09:01:29,273 - elsapy.elsentity - INFO - Module loaded.
2024-10-03 09:01:29,274 - elsapy.utils - INFO - Module loaded.
2024-10-03 09:01:29,275 - elsapy.elsprofile - INFO - Module loaded.
2024-10-03 09:01:29,275 - elsapy.elsdoc - INFO - Module loaded.
2024-10-03 09:01:29,276 - elsapy.elssearch - INFO - Module loaded.
2024-10-03 09:02:47,293 - elsapy.elsclient - INFO - Module loaded.
2024-10-03 09:02:47,294 - elsapy.elsentity - INFO - Module loaded.
2024-10-03 09:02:47,295 - elsapy.utils - INFO - Module loaded.
2024-10-03 09:02:47,297 - elsapy.elsprofile - INFO - Module loaded.
2024-10-03 09:02:47,297 - elsapy.elsdoc - INFO - Module loaded.
2024-10-03 09:02:47,298 - elsapy.elssearch - INFO - Module loaded.
2024-10-03 09:04:28,381 - elsapy.elsclient - INFO - Module loaded.
2024-10-03 09:04:28,381 - elsapy.elsentity - INFO - Module loaded.
2024-10-03 09:04:28,382 - elsapy.utils - INFO - Module loaded.
2024-10-03 09:04:28,383 - elsapy.elsprofile - INFO - Module loaded.
2024-10-03 09:04:28,383 - elsapy.elsdoc - INFO - Module loaded.
2024-10-03 09:04:28,384 - elsapy.elssearch - INFO - Module loaded.
2024-10-03 09:05:07,971 - elsapy.elsclient - INFO - Module loaded.
2024-10-03 09:05:07,973 - elsapy.elsentity - INFO - Module loaded.
2024-10-03 09:05:07,974 - elsapy.utils - INFO - Module loaded.
2024-10-03 09:05:07,974 - elsapy.elsprofile - INFO - Module loaded.
2024-10-03 09:05:07,975 - elsapy.elsdoc - INFO - Module loaded.
2024-10-03 09:05:07,975 - elsapy.elssearch - INFO - Module loaded.
2024-10-03 09:05:53,570 - elsapy.elsclient - INFO - Module loaded.
2024-10-03 09:05:53,571 - elsapy.elsentity - INFO - Module loaded.
2024-10-03 09:05:53,572 - elsapy.utils - INFO - Module loaded.
2024-10-03 09:05:53,572 - elsapy.elsprofile - INFO - Module loaded.
2024-10-03 09:05:53,573 - elsapy.elsdoc - INFO - Module loaded.
2024-10-03 09:05:53,573 - elsapy.elssearch - INFO - Module loaded.
2024-10-03 09:07:13,861 - elsapy.elsclient - INFO - Module loaded.
2024-10-03 09:07:13,862 - elsapy.elsentity - INFO - Module loaded.
2024-10-03 09:07:13,863 - elsapy.utils - INFO - Module loaded.
2024-10-03 09:07:13,863 - elsapy.elsprofile - INFO - Module loaded.
2024-10-03 09:07:13,864 - elsapy.elsdoc - INFO - Module loaded.
2024-10-03 09:07:13,865 - elsapy.elssearch - INFO - Module loaded.
2024-10-03 09:08:42,972 - elsapy.elsclient - INFO - Module loaded.
2024-10-03 09:08:42,973 - elsapy.elsentity - INFO - Module loaded.
2024-10-03 09:08:42,974 - elsapy.utils - INFO - Module loaded.
2024-10-03 09:08:42,974 - elsapy.elsprofile - INFO - Module loaded.
2024-10-03 09:08:42,975 - elsapy.elsdoc - INFO - Module loaded.
2024-10-03 09:08:42,976 - elsapy.elssearch - INFO - Module loaded.
2024-10-03 09:09:18,951 - elsapy.elsclient - INFO - Module loaded.
2024-10-03 09:09:18,952 - elsapy.elsentity - INFO - Module loaded.
2024-10-03 09:09:18,953 - elsapy.utils - INFO - Module loaded.
2024-10-03 09:09:18,953 - elsapy.elsprofile - INFO - Module loaded.
2024-10-03 09:09:18,954 - elsapy.elsdoc - INFO - Module loaded.
2024-10-03 09:09:18,955 - elsapy.elssearch - INFO - Module loaded.
2024-10-03 09:10:06,178 - elsapy.elsclient - INFO - Module loaded.
2024-10-03 09:10:06,179 - elsapy.elsentity - INFO - Module loaded.
2024-10-03 09:10:06,180 - elsapy.utils - INFO - Module loaded.
2024-10-03 09:10:06,180 - elsapy.elsprofile - INFO - Module loaded.
2024-10-03 09:10:06,181 - elsapy.elsdoc - INFO - Module loaded.
2024-10-03 09:10:06,181 - elsapy.elssearch - INFO - Module loaded.
2024-10-03 09:11:07,110 - elsapy.elsclient - INFO - Module loaded.
2024-10-03 09:11:07,111 - elsapy.elsentity - INFO - Module loaded.
2024-10-03 09:11:07,112 - elsapy.utils - INFO - Module loaded.
2024-10-03 09:11:07,112 - elsapy.elsprofile - INFO - Module loaded.
2024-10-03 09:11:07,113 - elsapy.elsdoc - INFO - Module loaded.
2024-10-03 09:11:07,113 - elsapy.elssearch - INFO - Module loaded.
2024-10-03 09:11:56,917 - elsapy.elsclient - INFO - Module loaded.
2024-10-03 09:11:56,918 - elsapy.elsentity - INFO - Module loaded.
2024-10-03 09:11:56,919 - elsapy.utils - INFO - Module loaded.
2024-10-03 09:11:56,919 - elsapy.elsprofile - INFO - Module loaded.
2024-10-03 09:11:56,920 - elsapy.elsdoc - INFO - Module loaded.
2024-10-03 09:11:56,921 - elsapy.elssearch - INFO - Module loaded.
2024-10-03 09:12:48,694 - elsapy.elsclient - INFO - Module loaded.
2024-10-03 09:12:48,696 - elsapy.elsentity - INFO - Module loaded.
2024-10-03 09:12:48,697 - elsapy.utils - INFO - Module loaded.
2024-10-03 09:12:48,698 - elsapy.elsprofile - INFO - Module loaded.
2024-10-03 09:12:48,698 - elsapy.elsdoc - INFO - Module loaded.
2024-10-03 09:12:48,699 - elsapy.elssearch - INFO - Module loaded.
2024-10-03 09:13:27,245 - elsapy.elsclient - INFO - Module loaded.
2024-10-03 09:13:27,246 - elsapy.elsentity - INFO - Module loaded.
2024-10-03 09:13:27,247 - elsapy.utils - INFO - Module loaded.
2024-10-03 09:13:27,247 - elsapy.elsprofile - INFO - Module loaded.
2024-10-03 09:13:27,248 - elsapy.elsdoc - INFO - Module loaded.
2024-10-03 09:13:27,249 - elsapy.elssearch - INFO - Module loaded.
2024-10-03 09:14:17,820 - elsapy.elsclient - INFO - Module loaded.
2024-10-03 09:14:17,821 - elsapy.elsentity - INFO - Module loaded.
2024-10-03 09:14:17,822 - elsapy.utils - INFO - Module loaded.
2024-10-03 09:14:17,822 - elsapy.elsprofile - INFO - Module loaded.
2024-10-03 09:14:17,823 - elsapy.elsdoc - INFO - Module loaded.
2024-10-03 09:14:17,824 - elsapy.elssearch - INFO - Module loaded.
2024-10-03 09:15:33,835 - elsapy.elsclient - INFO - Module loaded.
2024-10-03 09:15:33,841 - elsapy.elsentity - INFO - Module loaded.
2024-10-03 09:15:33,842 - elsapy.utils - INFO - Module loaded.
2024-10-03 09:15:33,843 - elsapy.elsprofile - INFO - Module loaded.
2024-10-03 09:15:33,843 - elsapy.elsdoc - INFO - Module loaded.
2024-10-03 09:15:33,844 - elsapy.elssearch - INFO - Module loaded.
2024-10-03 09:21:44,507 - elsapy.elsclient - INFO - Module loaded.
2024-10-03 09:21:44,508 - elsapy.elsentity - INFO - Module loaded.
2024-10-03 09:21:44,509 - elsapy.utils - INFO - Module loaded.
2024-10-03 09:21:44,510 - elsapy.elsprofile - INFO - Module loaded.
2024-10-03 09:21:44,510 - elsapy.elsdoc - INFO - Module loaded.
2024-10-03 09:21:44,511 - elsapy.elssearch - INFO - Module loaded.
2024-10-03 09:23:12,950 - elsapy.elsclient - INFO - Module loaded.
2024-10-03 09:23:12,952 - elsapy.elsentity - INFO - Module loaded.
2024-10-03 09:23:12,952 - elsapy.utils - INFO - Module loaded.
2024-10-03 09:23:12,953 - elsapy.elsprofile - INFO - Module loaded.
2024-10-03 09:23:12,953 - elsapy.elsdoc - INFO - Module loaded.
2024-10-03 09:23:12,954 - elsapy.elssearch - INFO - Module loaded.
2024-10-03 09:23:41,357 - elsapy.elsclient - INFO - Module loaded.
2024-10-03 09:23:41,359 - elsapy.elsentity - INFO - Module loaded.
2024-10-03 09:23:41,359 - elsapy.utils - INFO - Module loaded.
2024-10-03 09:23:41,360 - elsapy.elsprofile - INFO - Module loaded.
2024-10-03 09:23:41,361 - elsapy.elsdoc - INFO - Module loaded.
2024-10-03 09:23:41,361 - elsapy.elssearch - INFO - Module loaded.
2024-10-03 09:24:12,260 - elsapy.elsclient - INFO - Module loaded.
2024-10-03 09:24:12,261 - elsapy.elsentity - INFO - Module loaded.
2024-10-03 09:24:12,262 - elsapy.utils - INFO - Module loaded.
2024-10-03 09:24:12,262 - elsapy.elsprofile - INFO - Module loaded.
2024-10-03 09:24:12,263 - elsapy.elsdoc - INFO - Module loaded.
2024-10-03 09:24:12,264 - elsapy.elssearch - INFO - Module loaded.
2024-10-03 09:26:33,308 - elsapy.elsclient - INFO - Module loaded.
2024-10-03 09:26:33,310 - elsapy.elsentity - INFO - Module loaded.
2024-10-03 09:26:33,310 - elsapy.utils - INFO - Module loaded.
2024-10-03 09:26:33,311 - elsapy.elsprofile - INFO - Module loaded.
2024-10-03 09:26:33,311 - elsapy.elsdoc - INFO - Module loaded.
2024-10-03 09:26:33,312 - elsapy.elssearch - INFO - Module loaded.
2024-10-03 09:27:20,385 - elsapy.elsclient - INFO - Module loaded.
2024-10-03 09:27:20,386 - elsapy.elsentity - INFO - Module loaded.
2024-10-03 09:27:20,387 - elsapy.utils - INFO - Module loaded.
2024-10-03 09:27:20,388 - elsapy.elsprofile - INFO - Module loaded.
2024-10-03 09:27:20,388 - elsapy.elsdoc - INFO - Module loaded.
2024-10-03 09:27:20,389 - elsapy.elssearch - INFO - Module loaded.
2024-10-03 09:27:43,987 - elsapy.elsclient - INFO - Module loaded.
2024-10-03 09:27:43,988 - elsapy.elsentity - INFO - Module loaded.
2024-10-03 09:27:43,989 - elsapy.utils - INFO - Module loaded.
2024-10-03 09:27:43,989 - elsapy.elsprofile - INFO - Module loaded.
2024-10-03 09:27:43,990 - elsapy.elsdoc - INFO - Module loaded.
2024-10-03 09:27:43,991 - elsapy.elssearch - INFO - Module loaded.
2024-10-03 09:28:05,059 - elsapy.elsclient - INFO - Module loaded.
2024-10-03 09:28:05,060 - elsapy.elsentity - INFO - Module loaded.
2024-10-03 09:28:05,061 - elsapy.utils - INFO - Module loaded.
2024-10-03 09:28:05,061 - elsapy.elsprofile - INFO - Module loaded.
2024-10-03 09:28:05,062 - elsapy.elsdoc - INFO - Module loaded.
2024-10-03 09:28:05,062 - elsapy.elssearch - INFO - Module loaded.
2024-10-03 09:31:19,229 - elsapy.elsclient - INFO - Module loaded.
2024-10-03 09:31:19,230 - elsapy.elsentity - INFO - Module loaded.
2024-10-03 09:31:19,231 - elsapy.utils - INFO - Module loaded.
2024-10-03 09:31:19,231 - elsapy.elsprofile - INFO - Module loaded.
2024-10-03 09:31:19,232 - elsapy.elsdoc - INFO - Module loaded.
2024-10-03 09:31:19,233 - elsapy.elssearch - INFO - Module loaded.
2024-10-03 09:32:49,387 - elsapy.elsclient - INFO - Module loaded.
2024-10-03 09:32:49,388 - elsapy.elsentity - INFO - Module loaded.
2024-10-03 09:32:49,389 - elsapy.utils - INFO - Module loaded.
2024-10-03 09:32:49,389 - elsapy.elsprofile - INFO - Module loaded.
2024-10-03 09:32:49,390 - elsapy.elsdoc - INFO - Module loaded.
2024-10-03 09:32:49,391 - elsapy.elssearch - INFO - Module loaded.
2024-10-03 09:33:27,920 - elsapy.elsclient - INFO - Module loaded.
2024-10-03 09:33:27,921 - elsapy.elsentity - INFO - Module loaded.
2024-10-03 09:33:27,922 - elsapy.utils - INFO - Module loaded.
2024-10-03 09:33:27,922 - elsapy.elsprofile - INFO - Module loaded.
2024-10-03 09:33:27,923 - elsapy.elsdoc - INFO - Module loaded.
2024-10-03 09:33:27,923 - elsapy.elssearch - INFO - Module loaded.
2024-10-03 09:36:02,925 - elsapy.elsclient - INFO - Module loaded.
2024-10-03 09:36:02,926 - elsapy.elsentity - INFO - Module loaded.
2024-10-03 09:36:02,927 - elsapy.utils - INFO - Module loaded.
2024-10-03 09:36:02,928 - elsapy.elsprofile - INFO - Module loaded.
2024-10-03 09:36:02,928 - elsapy.elsdoc - INFO - Module loaded.
2024-10-03 09:36:02,929 - elsapy.elssearch - INFO - Module loaded.
2024-10-03 09:36:50,581 - elsapy.elsclient - INFO - Module loaded.
2024-10-03 09:36:50,582 - elsapy.elsentity - INFO - Module loaded.
2024-10-03 09:36:50,583 - elsapy.utils - INFO - Module loaded.
2024-10-03 09:36:50,584 - elsapy.elsprofile - INFO - Module loaded.
2024-10-03 09:36:50,585 - elsapy.elsdoc - INFO - Module loaded.
2024-10-03 09:36:50,586 - elsapy.elssearch - INFO - Module loaded.
2024-10-03 09:46:20,600 - elsapy.elsclient - INFO - Module loaded.
2024-10-03 09:46:20,601 - elsapy.elsentity - INFO - Module loaded.
2024-10-03 09:46:20,602 - elsapy.utils - INFO - Module loaded.
2024-10-03 09:46:20,602 - elsapy.elsprofile - INFO - Module loaded.
2024-10-03 09:46:20,603 - elsapy.elsdoc - INFO - Module loaded.
2024-10-03 09:46:20,604 - elsapy.elssearch - INFO - Module loaded.
2024-10-03 09:47:55,176 - elsapy.elsclient - INFO - Module loaded.
2024-10-03 09:47:55,177 - elsapy.elsentity - INFO - Module loaded.
2024-10-03 09:47:55,178 - elsapy.utils - INFO - Module loaded.
2024-10-03 09:47:55,178 - elsapy.elsprofile - INFO - Module loaded.
2024-10-03 09:47:55,180 - elsapy.elsdoc - INFO - Module loaded.
2024-10-03 09:47:55,180 - elsapy.elssearch - INFO - Module loaded.
2024-10-03 09:50:01,077 - elsapy.elsclient - INFO - Module loaded.
2024-10-03 09:50:01,079 - elsapy.elsentity - INFO - Module loaded.
2024-10-03 09:50:01,079 - elsapy.utils - INFO - Module loaded.
2024-10-03 09:50:01,080 - elsapy.elsprofile - INFO - Module loaded.
2024-10-03 09:50:01,080 - elsapy.elsdoc - INFO - Module loaded.
2024-10-03 09:50:01,081 - elsapy.elssearch - INFO - Module loaded.
2024-10-03 09:50:51,251 - elsapy.elsclient - INFO - Module loaded.
2024-10-03 09:50:51,252 - elsapy.elsentity - INFO - Module loaded.
2024-10-03 09:50:51,253 - elsapy.utils - INFO - Module loaded.
2024-10-03 09:50:51,253 - elsapy.elsprofile - INFO - Module loaded.
2024-10-03 09:50:51,254 - elsapy.elsdoc - INFO - Module loaded.
2024-10-03 09:50:51,255 - elsapy.elssearch - INFO - Module loaded.
2024-10-03 09:52:02,722 - elsapy.elsclient - INFO - Module loaded.
2024-10-03 09:52:02,723 - elsapy.elsentity - INFO - Module loaded.
2024-10-03 09:52:02,723 - elsapy.utils - INFO - Module loaded.
2024-10-03 09:52:02,724 - elsapy.elsprofile - INFO - Module loaded.
2024-10-03 09:52:02,725 - elsapy.elsdoc - INFO - Module loaded.
2024-10-03 09:52:02,725 - elsapy.elssearch - INFO - Module loaded.
2024-10-03 09:53:02,967 - elsapy.elsclient - INFO - Module loaded.
2024-10-03 09:53:02,968 - elsapy.elsentity - INFO - Module loaded.
2024-10-03 09:53:02,969 - elsapy.utils - INFO - Module loaded.
2024-10-03 09:53:02,969 - elsapy.elsprofile - INFO - Module loaded.
2024-10-03 09:53:02,970 - elsapy.elsdoc - INFO - Module loaded.
2024-10-03 09:53:02,971 - elsapy.elssearch - INFO - Module loaded.
2024-10-03 09:56:00,705 - elsapy.elsclient - INFO - Module loaded.
2024-10-03 09:56:00,706 - elsapy.elsentity - INFO - Module loaded.
2024-10-03 09:56:00,707 - elsapy.utils - INFO - Module loaded.
2024-10-03 09:56:00,707 - elsapy.elsprofile - INFO - Module loaded.
2024-10-03 09:56:00,708 - elsapy.elsdoc - INFO - Module loaded.
2024-10-03 09:56:00,709 - elsapy.elssearch - INFO - Module loaded.
2024-10-03 10:03:46,219 - elsapy.elsclient - INFO - Module loaded.
2024-10-03 10:03:46,221 - elsapy.elsentity - INFO - Module loaded.
2024-10-03 10:03:46,221 - elsapy.utils - INFO - Module loaded.
2024-10-03 10:03:46,222 - elsapy.elsprofile - INFO - Module loaded.
2024-10-03 10:03:46,222 - elsapy.elsdoc - INFO - Module loaded.
2024-10-03 10:03:46,223 - elsapy.elssearch - INFO - Module loaded.
2024-10-03 10:04:57,263 - elsapy.elsclient - INFO - Module loaded.
2024-10-03 10:04:57,265 - elsapy.elsentity - INFO - Module loaded.
2024-10-03 10:04:57,265 - elsapy.utils - INFO - Module loaded.
2024-10-03 10:04:57,266 - elsapy.elsprofile - INFO - Module loaded.
2024-10-03 10:04:57,266 - elsapy.elsdoc - INFO - Module loaded.
2024-10-03 10:04:57,267 - elsapy.elssearch - INFO - Module loaded.
2024-10-03 10:05:34,809 - elsapy.elsclient - INFO - Module loaded.
2024-10-03 10:05:34,811 - elsapy.elsentity - INFO - Module loaded.
2024-10-03 10:05:34,811 - elsapy.utils - INFO - Module loaded.
2024-10-03 10:05:34,812 - elsapy.elsprofile - INFO - Module loaded.
2024-10-03 10:05:34,812 - elsapy.elsdoc - INFO - Module loaded.
2024-10-03 10:05:34,813 - elsapy.elssearch - INFO - Module loaded.
2024-10-03 10:07:22,129 - elsapy.elsclient - INFO - Module loaded.
2024-10-03 10:07:22,130 - elsapy.elsentity - INFO - Module loaded.
2024-10-03 10:07:22,131 - elsapy.utils - INFO - Module loaded.
2024-10-03 10:07:22,131 - elsapy.elsprofile - INFO - Module loaded.
2024-10-03 10:07:22,132 - elsapy.elsdoc - INFO - Module loaded.
2024-10-03 10:07:22,133 - elsapy.elssearch - INFO - Module loaded.
2024-10-03 10:47:41,305 - elsapy.elsclient - INFO - Module loaded.
2024-10-03 10:47:41,307 - elsapy.elsentity - INFO - Module loaded.
2024-10-03 10:47:41,307 - elsapy.utils - INFO - Module loaded.
2024-10-03 10:47:41,308 - elsapy.elsprofile - INFO - Module loaded.
2024-10-03 10:47:41,308 - elsapy.elsdoc - INFO - Module loaded.
2024-10-03 10:47:41,309 - elsapy.elssearch - INFO - Module loaded.
2024-10-03 10:50:14,949 - elsapy.elsclient - INFO - Module loaded.
2024-10-03 10:50:14,950 - elsapy.elsentity - INFO - Module loaded.
2024-10-03 10:50:14,951 - elsapy.utils - INFO - Module loaded.
2024-10-03 10:50:14,952 - elsapy.elsprofile - INFO - Module loaded.
2024-10-03 10:50:14,953 - elsapy.elsdoc - INFO - Module loaded.
2024-10-03 10:50:14,953 - elsapy.elssearch - INFO - Module loaded.
2024-10-03 10:56:48,145 - elsapy.elsclient - INFO - Module loaded.
2024-10-03 10:56:48,147 - elsapy.elsentity - INFO - Module loaded.
2024-10-03 10:56:48,147 - elsapy.utils - INFO - Module loaded.
2024-10-03 10:56:48,148 - elsapy.elsprofile - INFO - Module loaded.
2024-10-03 10:56:48,148 - elsapy.elsdoc - INFO - Module loaded.
2024-10-03 10:56:48,149 - elsapy.elssearch - INFO - Module loaded.
2024-10-03 10:59:15,969 - elsapy.elsclient - INFO - Module loaded.
2024-10-03 10:59:15,970 - elsapy.elsentity - INFO - Module loaded.
2024-10-03 10:59:15,971 - elsapy.utils - INFO - Module loaded.
2024-10-03 10:59:15,971 - elsapy.elsprofile - INFO - Module loaded.
2024-10-03 10:59:15,972 - elsapy.elsdoc - INFO - Module loaded.
2024-10-03 10:59:15,973 - elsapy.elssearch - INFO - Module loaded.
2024-10-03 10:59:54,162 - elsapy.elsclient - INFO - Module loaded.
2024-10-03 10:59:54,163 - elsapy.elsentity - INFO - Module loaded.
2024-10-03 10:59:54,164 - elsapy.utils - INFO - Module loaded.
2024-10-03 10:59:54,164 - elsapy.elsprofile - INFO - Module loaded.
2024-10-03 10:59:54,165 - elsapy.elsdoc - INFO - Module loaded.
2024-10-03 10:59:54,166 - elsapy.elssearch - INFO - Module loaded.
2024-10-03 11:02:35,337 - elsapy.elsclient - INFO - Module loaded.
2024-10-03 11:02:35,338 - elsapy.elsentity - INFO - Module loaded.
2024-10-03 11:02:35,339 - elsapy.utils - INFO - Module loaded.
2024-10-03 11:02:35,339 - elsapy.elsprofile - INFO - Module loaded.
2024-10-03 11:02:35,339 - elsapy.elsdoc - INFO - Module loaded.
2024-10-03 11:02:35,340 - elsapy.elssearch - INFO - Module loaded.
2024-10-03 11:03:10,076 - elsapy.elsclient - INFO - Module loaded.
2024-10-03 11:03:10,077 - elsapy.elsentity - INFO - Module loaded.
2024-10-03 11:03:10,078 - elsapy.utils - INFO - Module loaded.
2024-10-03 11:03:10,078 - elsapy.elsprofile - INFO - Module loaded.
2024-10-03 11:03:10,078 - elsapy.elsdoc - INFO - Module loaded.
2024-10-03 11:03:10,080 - elsapy.elssearch - INFO - Module loaded.
2024-10-03 11:04:19,752 - elsapy.elsclient - INFO - Module loaded.
2024-10-03 11:04:19,753 - elsapy.elsentity - INFO - Module loaded.
2024-10-03 11:04:19,754 - elsapy.utils - INFO - Module loaded.
2024-10-03 11:04:19,754 - elsapy.elsprofile - INFO - Module loaded.
2024-10-03 11:04:19,755 - elsapy.elsdoc - INFO - Module loaded.
2024-10-03 11:04:19,756 - elsapy.elssearch - INFO - Module loaded.
2024-10-03 11:05:31,534 - elsapy.elsclient - INFO - Module loaded.
2024-10-03 11:05:31,536 - elsapy.elsentity - INFO - Module loaded.
2024-10-03 11:05:31,536 - elsapy.utils - INFO - Module loaded.
2024-10-03 11:05:31,537 - elsapy.elsprofile - INFO - Module loaded.
2024-10-03 11:05:31,537 - elsapy.elsdoc - INFO - Module loaded.
2024-10-03 11:05:31,538 - elsapy.elssearch - INFO - Module loaded.
2024-10-03 11:06:03,275 - elsapy.elsclient - INFO - Module loaded.
2024-10-03 11:06:03,276 - elsapy.elsentity - INFO - Module loaded.
2024-10-03 11:06:03,277 - elsapy.utils - INFO - Module loaded.
2024-10-03 11:06:03,277 - elsapy.elsprofile - INFO - Module loaded.
2024-10-03 11:06:03,278 - elsapy.elsdoc - INFO - Module loaded.
2024-10-03 11:06:03,279 - elsapy.elssearch - INFO - Module loaded.
2024-10-03 11:17:17,371 - elsapy.elsclient - INFO - Module loaded.
2024-10-03 11:17:17,373 - elsapy.elsentity - INFO - Module loaded.
2024-10-03 11:17:17,373 - elsapy.utils - INFO - Module loaded.
2024-10-03 11:17:17,373 - elsapy.elsprofile - INFO - Module loaded.
2024-10-03 11:17:17,374 - elsapy.elsdoc - INFO - Module loaded.
2024-10-03 11:17:17,375 - elsapy.elssearch - INFO - Module loaded.
2024-10-03 11:19:50,403 - elsapy.elsclient - INFO - Module loaded.
2024-10-03 11:19:50,404 - elsapy.elsentity - INFO - Module loaded.
2024-10-03 11:19:50,405 - elsapy.utils - INFO - Module loaded.
2024-10-03 11:19:50,405 - elsapy.elsprofile - INFO - Module loaded.
2024-10-03 11:19:50,406 - elsapy.elsdoc - INFO - Module loaded.
2024-10-03 11:19:50,407 - elsapy.elssearch - INFO - Module loaded.
2024-10-03 11:25:18,748 - elsapy.elsclient - INFO - Module loaded.
2024-10-03 11:25:18,749 - elsapy.elsentity - INFO - Module loaded.
2024-10-03 11:25:18,750 - elsapy.utils - INFO - Module loaded.
2024-10-03 11:25:18,750 - elsapy.elsprofile - INFO - Module loaded.
2024-10-03 11:25:18,751 - elsapy.elsdoc - INFO - Module loaded.
2024-10-03 11:25:18,752 - elsapy.elssearch - INFO - Module loaded.
2024-10-03 11:30:50,698 - elsapy.elsclient - INFO - Module loaded.
2024-10-03 11:30:50,699 - elsapy.elsentity - INFO - Module loaded.
2024-10-03 11:30:50,699 - elsapy.utils - INFO - Module loaded.
2024-10-03 11:30:50,700 - elsapy.elsprofile - INFO - Module loaded.
2024-10-03 11:30:50,700 - elsapy.elsdoc - INFO - Module loaded.
2024-10-03 11:30:50,702 - elsapy.elssearch - INFO - Module loaded.
2024-10-03 11:31:13,645 - elsapy.elsclient - INFO - Module loaded.
2024-10-03 11:31:13,646 - elsapy.elsentity - INFO - Module loaded.
2024-10-03 11:31:13,647 - elsapy.utils - INFO - Module loaded.
2024-10-03 11:31:13,647 - elsapy.elsprofile - INFO - Module loaded.
2024-10-03 11:31:13,648 - elsapy.elsdoc - INFO - Module loaded.
2024-10-03 11:31:13,648 - elsapy.elssearch - INFO - Module loaded.
2024-10-03 11:37:33,199 - elsapy.elsclient - INFO - Module loaded.
2024-10-03 11:37:33,200 - elsapy.elsentity - INFO - Module loaded.
2024-10-03 11:37:33,202 - elsapy.utils - INFO - Module loaded.
2024-10-03 11:37:33,202 - elsapy.elsprofile - INFO - Module loaded.
2024-10-03 11:37:33,203 - elsapy.elsdoc - INFO - Module loaded.
2024-10-03 11:37:33,204 - elsapy.elssearch - INFO - Module loaded.
2024-10-03 11:37:47,302 - elsapy.elsclient - INFO - Module loaded.
2024-10-03 11:37:47,303 - elsapy.elsentity - INFO - Module loaded.
2024-10-03 11:37:47,304 - elsapy.utils - INFO - Module loaded.
2024-10-03 11:37:47,304 - elsapy.elsprofile - INFO - Module loaded.
2024-10-03 11:37:47,305 - elsapy.elsdoc - INFO - Module loaded.
2024-10-03 11:37:47,306 - elsapy.elssearch - INFO - Module loaded.
2024-10-03 12:03:14,315 - elsapy.elsclient - INFO - Module loaded.
2024-10-03 12:03:14,317 - elsapy.elsentity - INFO - Module loaded.
2024-10-03 12:03:14,317 - elsapy.utils - INFO - Module loaded.
2024-10-03 12:03:14,318 - elsapy.elsprofile - INFO - Module loaded.
2024-10-03 12:03:14,319 - elsapy.elsdoc - INFO - Module loaded.
2024-10-03 12:03:14,319 - elsapy.elssearch - INFO - Module loaded.
2024-10-03 12:04:16,116 - elsapy.elsclient - INFO - Module loaded.
2024-10-03 12:04:16,117 - elsapy.elsentity - INFO - Module loaded.
2024-10-03 12:04:16,118 - elsapy.utils - INFO - Module loaded.
2024-10-03 12:04:16,119 - elsapy.elsprofile - INFO - Module loaded.
2024-10-03 12:04:16,119 - elsapy.elsdoc - INFO - Module loaded.
2024-10-03 12:04:16,120 - elsapy.elssearch - INFO - Module loaded.
2024-10-03 12:12:43,795 - elsapy.elsclient - INFO - Module loaded.
2024-10-03 12:12:43,797 - elsapy.elsentity - INFO - Module loaded.
2024-10-03 12:12:43,798 - elsapy.utils - INFO - Module loaded.
2024-10-03 12:12:43,799 - elsapy.elsprofile - INFO - Module loaded.
2024-10-03 12:12:43,800 - elsapy.elsdoc - INFO - Module loaded.
2024-10-03 12:12:43,801 - elsapy.elssearch - INFO - Module loaded.
2024-10-03 12:13:48,645 - elsapy.elsclient - INFO - Module loaded.
2024-10-03 12:13:48,646 - elsapy.elsentity - INFO - Module loaded.
2024-10-03 12:13:48,647 - elsapy.utils - INFO - Module loaded.
2024-10-03 12:13:48,647 - elsapy.elsprofile - INFO - Module loaded.
2024-10-03 12:13:48,648 - elsapy.elsdoc - INFO - Module loaded.
2024-10-03 12:13:48,649 - elsapy.elssearch - INFO - Module loaded.
2024-10-03 12:15:37,844 - elsapy.elsclient - INFO - Module loaded.
2024-10-03 12:15:37,846 - elsapy.elsentity - INFO - Module loaded.
2024-10-03 12:15:37,847 - elsapy.utils - INFO - Module loaded.
2024-10-03 12:15:37,847 - elsapy.elsprofile - INFO - Module loaded.
2024-10-03 12:15:37,848 - elsapy.elsdoc - INFO - Module loaded.
2024-10-03 12:15:37,849 - elsapy.elssearch - INFO - Module loaded.
2024-10-03 12:16:34,792 - elsapy.elsclient - INFO - Module loaded.
2024-10-03 12:16:34,793 - elsapy.elsentity - INFO - Module loaded.
2024-10-03 12:16:34,794 - elsapy.utils - INFO - Module loaded.
2024-10-03 12:16:34,794 - elsapy.elsprofile - INFO - Module loaded.
2024-10-03 12:16:34,795 - elsapy.elsdoc - INFO - Module loaded.
2024-10-03 12:16:34,796 - elsapy.elssearch - INFO - Module loaded.
2024-10-03 12:26:33,050 - elsapy.elsclient - INFO - Module loaded.
2024-10-03 12:26:33,051 - elsapy.elsentity - INFO - Module loaded.
2024-10-03 12:26:33,052 - elsapy.utils - INFO - Module loaded.
2024-10-03 12:26:33,052 - elsapy.elsprofile - INFO - Module loaded.
2024-10-03 12:26:33,053 - elsapy.elsdoc - INFO - Module loaded.
2024-10-03 12:26:33,054 - elsapy.elssearch - INFO - Module loaded.
2024-10-03 12:36:18,575 - elsapy.elsclient - INFO - Module loaded.
2024-10-03 12:36:18,577 - elsapy.elsentity - INFO - Module loaded.
2024-10-03 12:36:18,577 - elsapy.utils - INFO - Module loaded.
2024-10-03 12:36:18,578 - elsapy.elsprofile - INFO - Module loaded.
2024-10-03 12:36:18,579 - elsapy.elsdoc - INFO - Module loaded.
2024-10-03 12:36:18,579 - elsapy.elssearch - INFO - Module loaded.
2024-10-03 13:05:03,234 - elsapy.elsclient - INFO - Module loaded.
2024-10-03 13:05:03,235 - elsapy.elsentity - INFO - Module loaded.
2024-10-03 13:05:03,236 - elsapy.utils - INFO - Module loaded.
2024-10-03 13:05:03,236 - elsapy.elsprofile - INFO - Module loaded.
2024-10-03 13:05:03,238 - elsapy.elsdoc - INFO - Module loaded.
2024-10-03 13:05:03,239 - elsapy.elssearch - INFO - Module loaded.
2024-10-03 13:24:48,541 - elsapy.elsclient - INFO - Module loaded.
2024-10-03 13:24:48,542 - elsapy.elsentity - INFO - Module loaded.
2024-10-03 13:24:48,543 - elsapy.utils - INFO - Module loaded.
2024-10-03 13:24:48,544 - elsapy.elsprofile - INFO - Module loaded.
2024-10-03 13:24:48,544 - elsapy.elsdoc - INFO - Module loaded.
2024-10-03 13:24:48,545 - elsapy.elssearch - INFO - Module loaded.
2024-10-03 13:32:20,327 - elsapy.elsclient - INFO - Module loaded.
2024-10-03 13:32:20,328 - elsapy.elsentity - INFO - Module loaded.
2024-10-03 13:32:20,328 - elsapy.utils - INFO - Module loaded.
2024-10-03 13:32:20,329 - elsapy.elsprofile - INFO - Module loaded.
2024-10-03 13:32:20,330 - elsapy.elsdoc - INFO - Module loaded.
2024-10-03 13:32:20,330 - elsapy.elssearch - INFO - Module loaded.
2024-10-03 13:41:51,596 - elsapy.elsclient - INFO - Module loaded.
2024-10-03 13:41:51,598 - elsapy.elsentity - INFO - Module loaded.
2024-10-03 13:41:51,598 - elsapy.utils - INFO - Module loaded.
2024-10-03 13:41:51,599 - elsapy.elsprofile - INFO - Module loaded.
2024-10-03 13:41:51,600 - elsapy.elsdoc - INFO - Module loaded.
2024-10-03 13:41:51,600 - elsapy.elssearch - INFO - Module loaded.
2024-10-03 13:52:53,215 - elsapy.elsclient - INFO - Module loaded.
2024-10-03 13:52:53,218 - elsapy.elsentity - INFO - Module loaded.
2024-10-03 13:52:53,219 - elsapy.utils - INFO - Module loaded.
2024-10-03 13:52:53,219 - elsapy.elsprofile - INFO - Module loaded.
2024-10-03 13:52:53,220 - elsapy.elsdoc - INFO - Module loaded.
2024-10-03 13:52:53,220 - elsapy.elssearch - INFO - Module loaded.
2024-10-03 13:56:29,359 - elsapy.elsclient - INFO - Module loaded.
2024-10-03 13:56:29,360 - elsapy.elsentity - INFO - Module loaded.
2024-10-03 13:56:29,361 - elsapy.utils - INFO - Module loaded.
2024-10-03 13:56:29,361 - elsapy.elsprofile - INFO - Module loaded.
2024-10-03 13:56:29,362 - elsapy.elsdoc - INFO - Module loaded.
2024-10-03 13:56:29,363 - elsapy.elssearch - INFO - Module loaded.
2024-10-03 14:00:44,227 - elsapy.elsclient - INFO - Module loaded.
2024-10-03 14:00:44,229 - elsapy.elsentity - INFO - Module loaded.
2024-10-03 14:00:44,229 - elsapy.utils - INFO - Module loaded.
2024-10-03 14:00:44,230 - elsapy.elsprofile - INFO - Module loaded.
2024-10-03 14:00:44,231 - elsapy.elsdoc - INFO - Module loaded.
2024-10-03 14:00:44,232 - elsapy.elssearch - INFO - Module loaded.
2024-10-03 14:12:00,556 - elsapy.elsclient - INFO - Module loaded.
2024-10-03 14:12:00,557 - elsapy.elsentity - INFO - Module loaded.
2024-10-03 14:12:00,558 - elsapy.utils - INFO - Module loaded.
2024-10-03 14:12:00,558 - elsapy.elsprofile - INFO - Module loaded.
2024-10-03 14:12:00,559 - elsapy.elsdoc - INFO - Module loaded.
2024-10-03 14:12:00,560 - elsapy.elssearch - INFO - Module loaded.
2024-10-03 18:21:21,760 - elsapy.elsclient - INFO - Module loaded.
2024-10-03 18:21:21,762 - elsapy.elsentity - INFO - Module loaded.
2024-10-03 18:21:21,762 - elsapy.utils - INFO - Module loaded.
2024-10-03 18:21:21,763 - elsapy.elsprofile - INFO - Module loaded.
2024-10-03 18:21:21,763 - elsapy.elsdoc - INFO - Module loaded.
2024-10-03 18:21:21,764 - elsapy.elssearch - INFO - Module loaded.
2024-10-03 18:21:54,227 - elsapy.elsclient - INFO - Module loaded.
2024-10-03 18:21:54,228 - elsapy.elsentity - INFO - Module loaded.
2024-10-03 18:21:54,229 - elsapy.utils - INFO - Module loaded.
2024-10-03 18:21:54,229 - elsapy.elsprofile - INFO - Module loaded.
2024-10-03 18:21:54,230 - elsapy.elsdoc - INFO - Module loaded.
2024-10-03 18:21:54,231 - elsapy.elssearch - INFO - Module loaded.
2024-10-03 18:23:39,154 - elsapy.elsclient - INFO - Module loaded.
2024-10-03 18:23:39,156 - elsapy.elsentity - INFO - Module loaded.
2024-10-03 18:23:39,157 - elsapy.utils - INFO - Module loaded.
2024-10-03 18:23:39,157 - elsapy.elsprofile - INFO - Module loaded.
2024-10-03 18:23:39,158 - elsapy.elsdoc - INFO - Module loaded.
2024-10-03 18:23:39,159 - elsapy.elssearch - INFO - Module loaded.
