2024-08-22 08:12:10,155 - elsapy.elsclient - INFO - Module loaded.
2024-08-22 08:12:10,156 - elsapy.elsentity - INFO - Module loaded.
2024-08-22 08:12:10,157 - elsapy.utils - INFO - Module loaded.
2024-08-22 08:12:10,157 - elsapy.elsprofile - INFO - Module loaded.
2024-08-22 08:12:10,158 - elsapy.elsdoc - INFO - Module loaded.
2024-08-22 08:12:10,159 - elsapy.elssearch - INFO - Module loaded.
2024-08-22 08:20:47,985 - elsapy.elsclient - INFO - Module loaded.
2024-08-22 08:20:47,986 - elsapy.elsentity - INFO - Module loaded.
2024-08-22 08:20:47,986 - elsapy.utils - INFO - Module loaded.
2024-08-22 08:20:47,987 - elsapy.elsprofile - INFO - Module loaded.
2024-08-22 08:20:47,987 - elsapy.elsdoc - INFO - Module loaded.
2024-08-22 08:20:47,989 - elsapy.elssearch - INFO - Module loaded.
2024-08-22 08:21:49,882 - elsapy.elsclient - INFO - Module loaded.
2024-08-22 08:21:49,883 - elsapy.elsentity - INFO - Module loaded.
2024-08-22 08:21:49,884 - elsapy.utils - INFO - Module loaded.
2024-08-22 08:21:49,884 - elsapy.elsprofile - INFO - Module loaded.
2024-08-22 08:21:49,885 - elsapy.elsdoc - INFO - Module loaded.
2024-08-22 08:21:49,885 - elsapy.elssearch - INFO - Module loaded.
2024-08-22 08:22:44,330 - elsapy.elsclient - INFO - Module loaded.
2024-08-22 08:22:44,331 - elsapy.elsentity - INFO - Module loaded.
2024-08-22 08:22:44,332 - elsapy.utils - INFO - Module loaded.
2024-08-22 08:22:44,332 - elsapy.elsprofile - INFO - Module loaded.
2024-08-22 08:22:44,333 - elsapy.elsdoc - INFO - Module loaded.
2024-08-22 08:22:44,333 - elsapy.elssearch - INFO - Module loaded.
2024-08-22 08:23:20,426 - elsapy.elsclient - INFO - Module loaded.
2024-08-22 08:23:20,427 - elsapy.elsentity - INFO - Module loaded.
2024-08-22 08:23:20,428 - elsapy.utils - INFO - Module loaded.
2024-08-22 08:23:20,428 - elsapy.elsprofile - INFO - Module loaded.
2024-08-22 08:23:20,429 - elsapy.elsdoc - INFO - Module loaded.
2024-08-22 08:23:20,429 - elsapy.elssearch - INFO - Module loaded.
2024-08-22 08:23:59,136 - elsapy.elsclient - INFO - Module loaded.
2024-08-22 08:23:59,137 - elsapy.elsentity - INFO - Module loaded.
2024-08-22 08:23:59,138 - elsapy.utils - INFO - Module loaded.
2024-08-22 08:23:59,138 - elsapy.elsprofile - INFO - Module loaded.
2024-08-22 08:23:59,139 - elsapy.elsdoc - INFO - Module loaded.
2024-08-22 08:23:59,139 - elsapy.elssearch - INFO - Module loaded.
2024-08-22 08:24:41,291 - elsapy.elsclient - INFO - Module loaded.
2024-08-22 08:24:41,292 - elsapy.elsentity - INFO - Module loaded.
2024-08-22 08:24:41,293 - elsapy.utils - INFO - Module loaded.
2024-08-22 08:24:41,293 - elsapy.elsprofile - INFO - Module loaded.
2024-08-22 08:24:41,294 - elsapy.elsdoc - INFO - Module loaded.
2024-08-22 08:24:41,295 - elsapy.elssearch - INFO - Module loaded.
2024-08-22 08:27:04,759 - elsapy.elsclient - INFO - Module loaded.
2024-08-22 08:27:04,760 - elsapy.elsentity - INFO - Module loaded.
2024-08-22 08:27:04,761 - elsapy.utils - INFO - Module loaded.
2024-08-22 08:27:04,761 - elsapy.elsprofile - INFO - Module loaded.
2024-08-22 08:27:04,762 - elsapy.elsdoc - INFO - Module loaded.
2024-08-22 08:27:04,763 - elsapy.elssearch - INFO - Module loaded.
2024-08-22 08:27:50,789 - elsapy.elsclient - INFO - Module loaded.
2024-08-22 08:27:50,791 - elsapy.elsentity - INFO - Module loaded.
2024-08-22 08:27:50,791 - elsapy.utils - INFO - Module loaded.
2024-08-22 08:27:50,791 - elsapy.elsprofile - INFO - Module loaded.
2024-08-22 08:27:50,792 - elsapy.elsdoc - INFO - Module loaded.
2024-08-22 08:27:50,793 - elsapy.elssearch - INFO - Module loaded.
2024-08-22 08:29:33,423 - elsapy.elsclient - INFO - Module loaded.
2024-08-22 08:29:33,424 - elsapy.elsentity - INFO - Module loaded.
2024-08-22 08:29:33,424 - elsapy.utils - INFO - Module loaded.
2024-08-22 08:29:33,425 - elsapy.elsprofile - INFO - Module loaded.
2024-08-22 08:29:33,425 - elsapy.elsdoc - INFO - Module loaded.
2024-08-22 08:29:33,426 - elsapy.elssearch - INFO - Module loaded.
2024-08-22 08:30:10,451 - elsapy.elsclient - INFO - Module loaded.
2024-08-22 08:30:10,452 - elsapy.elsentity - INFO - Module loaded.
2024-08-22 08:30:10,453 - elsapy.utils - INFO - Module loaded.
2024-08-22 08:30:10,453 - elsapy.elsprofile - INFO - Module loaded.
2024-08-22 08:30:10,454 - elsapy.elsdoc - INFO - Module loaded.
2024-08-22 08:30:10,454 - elsapy.elssearch - INFO - Module loaded.
2024-08-22 08:30:34,864 - elsapy.elsclient - INFO - Module loaded.
2024-08-22 08:30:34,865 - elsapy.elsentity - INFO - Module loaded.
2024-08-22 08:30:34,865 - elsapy.utils - INFO - Module loaded.
2024-08-22 08:30:34,866 - elsapy.elsprofile - INFO - Module loaded.
2024-08-22 08:30:34,866 - elsapy.elsdoc - INFO - Module loaded.
2024-08-22 08:30:34,867 - elsapy.elssearch - INFO - Module loaded.
2024-08-22 08:33:48,809 - elsapy.elsclient - INFO - Module loaded.
2024-08-22 08:33:48,811 - elsapy.elsentity - INFO - Module loaded.
2024-08-22 08:33:48,811 - elsapy.utils - INFO - Module loaded.
2024-08-22 08:33:48,812 - elsapy.elsprofile - INFO - Module loaded.
2024-08-22 08:33:48,812 - elsapy.elsdoc - INFO - Module loaded.
2024-08-22 08:33:48,813 - elsapy.elssearch - INFO - Module loaded.
2024-08-22 08:40:01,079 - elsapy.elsclient - INFO - Module loaded.
2024-08-22 08:40:01,080 - elsapy.elsentity - INFO - Module loaded.
2024-08-22 08:40:01,081 - elsapy.utils - INFO - Module loaded.
2024-08-22 08:40:01,081 - elsapy.elsprofile - INFO - Module loaded.
2024-08-22 08:40:01,082 - elsapy.elsdoc - INFO - Module loaded.
2024-08-22 08:40:01,082 - elsapy.elssearch - INFO - Module loaded.
2024-08-22 08:44:13,616 - elsapy.elsclient - INFO - Module loaded.
2024-08-22 08:44:13,617 - elsapy.elsentity - INFO - Module loaded.
2024-08-22 08:44:13,618 - elsapy.utils - INFO - Module loaded.
2024-08-22 08:44:13,618 - elsapy.elsprofile - INFO - Module loaded.
2024-08-22 08:44:13,619 - elsapy.elsdoc - INFO - Module loaded.
2024-08-22 08:44:13,620 - elsapy.elssearch - INFO - Module loaded.
2024-08-22 08:45:19,141 - elsapy.elsclient - INFO - Module loaded.
2024-08-22 08:45:19,143 - elsapy.elsentity - INFO - Module loaded.
2024-08-22 08:45:19,143 - elsapy.utils - INFO - Module loaded.
2024-08-22 08:45:19,144 - elsapy.elsprofile - INFO - Module loaded.
2024-08-22 08:45:19,144 - elsapy.elsdoc - INFO - Module loaded.
2024-08-22 08:45:19,145 - elsapy.elssearch - INFO - Module loaded.
2024-08-22 08:53:06,019 - elsapy.elsclient - INFO - Module loaded.
2024-08-22 08:53:06,020 - elsapy.elsentity - INFO - Module loaded.
2024-08-22 08:53:06,021 - elsapy.utils - INFO - Module loaded.
2024-08-22 08:53:06,021 - elsapy.elsprofile - INFO - Module loaded.
2024-08-22 08:53:06,022 - elsapy.elsdoc - INFO - Module loaded.
2024-08-22 08:53:06,022 - elsapy.elssearch - INFO - Module loaded.
2024-08-22 08:57:52,027 - elsapy.elsclient - INFO - Module loaded.
2024-08-22 08:57:52,028 - elsapy.elsentity - INFO - Module loaded.
2024-08-22 08:57:52,028 - elsapy.utils - INFO - Module loaded.
2024-08-22 08:57:52,029 - elsapy.elsprofile - INFO - Module loaded.
2024-08-22 08:57:52,029 - elsapy.elsdoc - INFO - Module loaded.
2024-08-22 08:57:52,030 - elsapy.elssearch - INFO - Module loaded.
2024-08-22 09:20:13,533 - elsapy.elsclient - INFO - Module loaded.
2024-08-22 09:20:13,534 - elsapy.elsentity - INFO - Module loaded.
2024-08-22 09:20:13,535 - elsapy.utils - INFO - Module loaded.
2024-08-22 09:20:13,535 - elsapy.elsprofile - INFO - Module loaded.
2024-08-22 09:20:13,536 - elsapy.elsdoc - INFO - Module loaded.
2024-08-22 09:20:13,536 - elsapy.elssearch - INFO - Module loaded.
2024-08-22 09:23:06,882 - elsapy.elsclient - INFO - Module loaded.
2024-08-22 09:23:06,883 - elsapy.elsentity - INFO - Module loaded.
2024-08-22 09:23:06,884 - elsapy.utils - INFO - Module loaded.
2024-08-22 09:23:06,884 - elsapy.elsprofile - INFO - Module loaded.
2024-08-22 09:23:06,885 - elsapy.elsdoc - INFO - Module loaded.
2024-08-22 09:23:06,885 - elsapy.elssearch - INFO - Module loaded.
2024-08-22 09:24:15,866 - elsapy.elsclient - INFO - Module loaded.
2024-08-22 09:24:15,868 - elsapy.elsentity - INFO - Module loaded.
2024-08-22 09:24:15,868 - elsapy.utils - INFO - Module loaded.
2024-08-22 09:24:15,869 - elsapy.elsprofile - INFO - Module loaded.
2024-08-22 09:24:15,869 - elsapy.elsdoc - INFO - Module loaded.
2024-08-22 09:24:15,870 - elsapy.elssearch - INFO - Module loaded.
2024-08-22 09:31:44,052 - elsapy.elsclient - INFO - Module loaded.
2024-08-22 09:31:44,053 - elsapy.elsentity - INFO - Module loaded.
2024-08-22 09:31:44,053 - elsapy.utils - INFO - Module loaded.
2024-08-22 09:31:44,054 - elsapy.elsprofile - INFO - Module loaded.
2024-08-22 09:31:44,054 - elsapy.elsdoc - INFO - Module loaded.
2024-08-22 09:31:44,055 - elsapy.elssearch - INFO - Module loaded.
2024-08-22 09:32:49,301 - elsapy.elsclient - INFO - Module loaded.
2024-08-22 09:32:49,302 - elsapy.elsentity - INFO - Module loaded.
2024-08-22 09:32:49,302 - elsapy.utils - INFO - Module loaded.
2024-08-22 09:32:49,303 - elsapy.elsprofile - INFO - Module loaded.
2024-08-22 09:32:49,303 - elsapy.elsdoc - INFO - Module loaded.
2024-08-22 09:32:49,304 - elsapy.elssearch - INFO - Module loaded.
2024-08-22 09:33:28,563 - elsapy.elsclient - INFO - Module loaded.
2024-08-22 09:33:28,564 - elsapy.elsentity - INFO - Module loaded.
2024-08-22 09:33:28,565 - elsapy.utils - INFO - Module loaded.
2024-08-22 09:33:28,565 - elsapy.elsprofile - INFO - Module loaded.
2024-08-22 09:33:28,566 - elsapy.elsdoc - INFO - Module loaded.
2024-08-22 09:33:28,567 - elsapy.elssearch - INFO - Module loaded.
2024-08-22 09:34:08,618 - elsapy.elsclient - INFO - Module loaded.
2024-08-22 09:34:08,619 - elsapy.elsentity - INFO - Module loaded.
2024-08-22 09:34:08,620 - elsapy.utils - INFO - Module loaded.
2024-08-22 09:34:08,620 - elsapy.elsprofile - INFO - Module loaded.
2024-08-22 09:34:08,621 - elsapy.elsdoc - INFO - Module loaded.
2024-08-22 09:34:08,621 - elsapy.elssearch - INFO - Module loaded.
2024-08-22 09:36:08,087 - elsapy.elsclient - INFO - Module loaded.
2024-08-22 09:36:08,088 - elsapy.elsentity - INFO - Module loaded.
2024-08-22 09:36:08,088 - elsapy.utils - INFO - Module loaded.
2024-08-22 09:36:08,089 - elsapy.elsprofile - INFO - Module loaded.
2024-08-22 09:36:08,089 - elsapy.elsdoc - INFO - Module loaded.
2024-08-22 09:36:08,090 - elsapy.elssearch - INFO - Module loaded.
2024-08-22 09:37:39,948 - elsapy.elsclient - INFO - Module loaded.
2024-08-22 09:37:39,949 - elsapy.elsentity - INFO - Module loaded.
2024-08-22 09:37:39,949 - elsapy.utils - INFO - Module loaded.
2024-08-22 09:37:39,950 - elsapy.elsprofile - INFO - Module loaded.
2024-08-22 09:37:39,950 - elsapy.elsdoc - INFO - Module loaded.
2024-08-22 09:37:39,951 - elsapy.elssearch - INFO - Module loaded.
2024-08-22 09:40:53,040 - elsapy.elsclient - INFO - Module loaded.
2024-08-22 09:40:53,041 - elsapy.elsentity - INFO - Module loaded.
2024-08-22 09:40:53,042 - elsapy.utils - INFO - Module loaded.
2024-08-22 09:40:53,042 - elsapy.elsprofile - INFO - Module loaded.
2024-08-22 09:40:53,043 - elsapy.elsdoc - INFO - Module loaded.
2024-08-22 09:40:53,044 - elsapy.elssearch - INFO - Module loaded.
2024-08-22 09:41:26,288 - elsapy.elsclient - INFO - Module loaded.
2024-08-22 09:41:26,289 - elsapy.elsentity - INFO - Module loaded.
2024-08-22 09:41:26,290 - elsapy.utils - INFO - Module loaded.
2024-08-22 09:41:26,290 - elsapy.elsprofile - INFO - Module loaded.
2024-08-22 09:41:26,291 - elsapy.elsdoc - INFO - Module loaded.
2024-08-22 09:41:26,291 - elsapy.elssearch - INFO - Module loaded.
2024-08-22 09:42:09,593 - elsapy.elsclient - INFO - Module loaded.
2024-08-22 09:42:09,594 - elsapy.elsentity - INFO - Module loaded.
2024-08-22 09:42:09,595 - elsapy.utils - INFO - Module loaded.
2024-08-22 09:42:09,595 - elsapy.elsprofile - INFO - Module loaded.
2024-08-22 09:42:09,596 - elsapy.elsdoc - INFO - Module loaded.
2024-08-22 09:42:09,596 - elsapy.elssearch - INFO - Module loaded.
2024-08-22 09:43:00,235 - elsapy.elsclient - INFO - Module loaded.
2024-08-22 09:43:00,236 - elsapy.elsentity - INFO - Module loaded.
2024-08-22 09:43:00,237 - elsapy.utils - INFO - Module loaded.
2024-08-22 09:43:00,237 - elsapy.elsprofile - INFO - Module loaded.
2024-08-22 09:43:00,238 - elsapy.elsdoc - INFO - Module loaded.
2024-08-22 09:43:00,238 - elsapy.elssearch - INFO - Module loaded.
2024-08-22 09:43:20,558 - elsapy.elsclient - INFO - Module loaded.
2024-08-22 09:43:20,559 - elsapy.elsentity - INFO - Module loaded.
2024-08-22 09:43:20,560 - elsapy.utils - INFO - Module loaded.
2024-08-22 09:43:20,560 - elsapy.elsprofile - INFO - Module loaded.
2024-08-22 09:43:20,561 - elsapy.elsdoc - INFO - Module loaded.
2024-08-22 09:43:20,561 - elsapy.elssearch - INFO - Module loaded.
2024-08-22 09:43:45,677 - elsapy.elsclient - INFO - Module loaded.
2024-08-22 09:43:45,678 - elsapy.elsentity - INFO - Module loaded.
2024-08-22 09:43:45,679 - elsapy.utils - INFO - Module loaded.
2024-08-22 09:43:45,679 - elsapy.elsprofile - INFO - Module loaded.
2024-08-22 09:43:45,680 - elsapy.elsdoc - INFO - Module loaded.
2024-08-22 09:43:45,680 - elsapy.elssearch - INFO - Module loaded.
2024-08-22 09:44:40,871 - elsapy.elsclient - INFO - Module loaded.
2024-08-22 09:44:40,872 - elsapy.elsentity - INFO - Module loaded.
2024-08-22 09:44:40,873 - elsapy.utils - INFO - Module loaded.
2024-08-22 09:44:40,873 - elsapy.elsprofile - INFO - Module loaded.
2024-08-22 09:44:40,874 - elsapy.elsdoc - INFO - Module loaded.
2024-08-22 09:44:40,875 - elsapy.elssearch - INFO - Module loaded.
2024-08-22 09:46:14,876 - elsapy.elsclient - INFO - Module loaded.
2024-08-22 09:46:14,877 - elsapy.elsentity - INFO - Module loaded.
2024-08-22 09:46:14,877 - elsapy.utils - INFO - Module loaded.
2024-08-22 09:46:14,878 - elsapy.elsprofile - INFO - Module loaded.
2024-08-22 09:46:14,878 - elsapy.elsdoc - INFO - Module loaded.
2024-08-22 09:46:14,879 - elsapy.elssearch - INFO - Module loaded.
2024-08-22 09:46:38,006 - elsapy.elsclient - INFO - Module loaded.
2024-08-22 09:46:38,007 - elsapy.elsentity - INFO - Module loaded.
2024-08-22 09:46:38,008 - elsapy.utils - INFO - Module loaded.
2024-08-22 09:46:38,008 - elsapy.elsprofile - INFO - Module loaded.
2024-08-22 09:46:38,009 - elsapy.elsdoc - INFO - Module loaded.
2024-08-22 09:46:38,009 - elsapy.elssearch - INFO - Module loaded.
2024-08-22 09:59:42,317 - elsapy.elsclient - INFO - Module loaded.
2024-08-22 09:59:42,319 - elsapy.elsentity - INFO - Module loaded.
2024-08-22 09:59:42,319 - elsapy.utils - INFO - Module loaded.
2024-08-22 09:59:42,320 - elsapy.elsprofile - INFO - Module loaded.
2024-08-22 09:59:42,320 - elsapy.elsdoc - INFO - Module loaded.
2024-08-22 09:59:42,321 - elsapy.elssearch - INFO - Module loaded.
2024-08-22 10:02:00,108 - elsapy.elsclient - INFO - Module loaded.
2024-08-22 10:02:00,109 - elsapy.elsentity - INFO - Module loaded.
2024-08-22 10:02:00,110 - elsapy.utils - INFO - Module loaded.
2024-08-22 10:02:00,110 - elsapy.elsprofile - INFO - Module loaded.
2024-08-22 10:02:00,111 - elsapy.elsdoc - INFO - Module loaded.
2024-08-22 10:02:00,112 - elsapy.elssearch - INFO - Module loaded.
2024-08-22 10:02:46,176 - elsapy.elsclient - INFO - Module loaded.
2024-08-22 10:02:46,177 - elsapy.elsentity - INFO - Module loaded.
2024-08-22 10:02:46,178 - elsapy.utils - INFO - Module loaded.
2024-08-22 10:02:46,178 - elsapy.elsprofile - INFO - Module loaded.
2024-08-22 10:02:46,179 - elsapy.elsdoc - INFO - Module loaded.
2024-08-22 10:02:46,179 - elsapy.elssearch - INFO - Module loaded.
2024-08-22 10:20:46,159 - elsapy.elsclient - INFO - Module loaded.
2024-08-22 10:20:46,160 - elsapy.elsentity - INFO - Module loaded.
2024-08-22 10:20:46,161 - elsapy.utils - INFO - Module loaded.
2024-08-22 10:20:46,161 - elsapy.elsprofile - INFO - Module loaded.
2024-08-22 10:20:46,162 - elsapy.elsdoc - INFO - Module loaded.
2024-08-22 10:20:46,162 - elsapy.elssearch - INFO - Module loaded.
2024-08-22 10:21:09,466 - elsapy.elsclient - INFO - Module loaded.
2024-08-22 10:21:09,467 - elsapy.elsentity - INFO - Module loaded.
2024-08-22 10:21:09,468 - elsapy.utils - INFO - Module loaded.
2024-08-22 10:21:09,468 - elsapy.elsprofile - INFO - Module loaded.
2024-08-22 10:21:09,469 - elsapy.elsdoc - INFO - Module loaded.
2024-08-22 10:21:09,469 - elsapy.elssearch - INFO - Module loaded.
2024-08-22 10:21:42,919 - elsapy.elsclient - INFO - Module loaded.
2024-08-22 10:21:42,920 - elsapy.elsentity - INFO - Module loaded.
2024-08-22 10:21:42,920 - elsapy.utils - INFO - Module loaded.
2024-08-22 10:21:42,921 - elsapy.elsprofile - INFO - Module loaded.
2024-08-22 10:21:42,921 - elsapy.elsdoc - INFO - Module loaded.
2024-08-22 10:21:42,922 - elsapy.elssearch - INFO - Module loaded.
2024-08-22 10:23:18,072 - elsapy.elsclient - INFO - Module loaded.
2024-08-22 10:23:18,073 - elsapy.elsentity - INFO - Module loaded.
2024-08-22 10:23:18,074 - elsapy.utils - INFO - Module loaded.
2024-08-22 10:23:18,074 - elsapy.elsprofile - INFO - Module loaded.
2024-08-22 10:23:18,075 - elsapy.elsdoc - INFO - Module loaded.
2024-08-22 10:23:18,076 - elsapy.elssearch - INFO - Module loaded.
2024-08-22 10:26:10,726 - elsapy.elsclient - INFO - Module loaded.
2024-08-22 10:26:10,727 - elsapy.elsentity - INFO - Module loaded.
2024-08-22 10:26:10,728 - elsapy.utils - INFO - Module loaded.
2024-08-22 10:26:10,728 - elsapy.elsprofile - INFO - Module loaded.
2024-08-22 10:26:10,729 - elsapy.elsdoc - INFO - Module loaded.
2024-08-22 10:26:10,730 - elsapy.elssearch - INFO - Module loaded.
2024-08-22 10:31:29,268 - elsapy.elsclient - INFO - Module loaded.
2024-08-22 10:31:29,269 - elsapy.elsentity - INFO - Module loaded.
2024-08-22 10:31:29,270 - elsapy.utils - INFO - Module loaded.
2024-08-22 10:31:29,270 - elsapy.elsprofile - INFO - Module loaded.
2024-08-22 10:31:29,271 - elsapy.elsdoc - INFO - Module loaded.
2024-08-22 10:31:29,272 - elsapy.elssearch - INFO - Module loaded.
2024-08-22 10:32:48,912 - elsapy.elsclient - INFO - Module loaded.
2024-08-22 10:32:48,913 - elsapy.elsentity - INFO - Module loaded.
2024-08-22 10:32:48,913 - elsapy.utils - INFO - Module loaded.
2024-08-22 10:32:48,914 - elsapy.elsprofile - INFO - Module loaded.
2024-08-22 10:32:48,914 - elsapy.elsdoc - INFO - Module loaded.
2024-08-22 10:32:48,915 - elsapy.elssearch - INFO - Module loaded.
2024-08-22 10:34:41,209 - elsapy.elsclient - INFO - Module loaded.
2024-08-22 10:34:41,210 - elsapy.elsentity - INFO - Module loaded.
2024-08-22 10:34:41,210 - elsapy.utils - INFO - Module loaded.
2024-08-22 10:34:41,211 - elsapy.elsprofile - INFO - Module loaded.
2024-08-22 10:34:41,211 - elsapy.elsdoc - INFO - Module loaded.
2024-08-22 10:34:41,212 - elsapy.elssearch - INFO - Module loaded.
2024-08-22 10:35:21,087 - elsapy.elsclient - INFO - Module loaded.
2024-08-22 10:35:21,088 - elsapy.elsentity - INFO - Module loaded.
2024-08-22 10:35:21,089 - elsapy.utils - INFO - Module loaded.
2024-08-22 10:35:21,089 - elsapy.elsprofile - INFO - Module loaded.
2024-08-22 10:35:21,090 - elsapy.elsdoc - INFO - Module loaded.
2024-08-22 10:35:21,090 - elsapy.elssearch - INFO - Module loaded.
2024-08-22 10:35:45,738 - elsapy.elsclient - INFO - Module loaded.
2024-08-22 10:35:45,740 - elsapy.elsentity - INFO - Module loaded.
2024-08-22 10:35:45,740 - elsapy.utils - INFO - Module loaded.
2024-08-22 10:35:45,741 - elsapy.elsprofile - INFO - Module loaded.
2024-08-22 10:35:45,741 - elsapy.elsdoc - INFO - Module loaded.
2024-08-22 10:35:45,742 - elsapy.elssearch - INFO - Module loaded.
2024-08-22 10:37:50,991 - elsapy.elsclient - INFO - Module loaded.
2024-08-22 10:37:50,992 - elsapy.elsentity - INFO - Module loaded.
2024-08-22 10:37:50,992 - elsapy.utils - INFO - Module loaded.
2024-08-22 10:37:50,993 - elsapy.elsprofile - INFO - Module loaded.
2024-08-22 10:37:50,993 - elsapy.elsdoc - INFO - Module loaded.
2024-08-22 10:37:50,994 - elsapy.elssearch - INFO - Module loaded.
2024-08-22 10:38:15,140 - elsapy.elsclient - INFO - Module loaded.
2024-08-22 10:38:15,141 - elsapy.elsentity - INFO - Module loaded.
2024-08-22 10:38:15,142 - elsapy.utils - INFO - Module loaded.
2024-08-22 10:38:15,142 - elsapy.elsprofile - INFO - Module loaded.
2024-08-22 10:38:15,143 - elsapy.elsdoc - INFO - Module loaded.
2024-08-22 10:38:15,143 - elsapy.elssearch - INFO - Module loaded.
2024-08-22 10:38:55,731 - elsapy.elsclient - INFO - Module loaded.
2024-08-22 10:38:55,732 - elsapy.elsentity - INFO - Module loaded.
2024-08-22 10:38:55,733 - elsapy.utils - INFO - Module loaded.
2024-08-22 10:38:55,733 - elsapy.elsprofile - INFO - Module loaded.
2024-08-22 10:38:55,734 - elsapy.elsdoc - INFO - Module loaded.
2024-08-22 10:38:55,734 - elsapy.elssearch - INFO - Module loaded.
2024-08-22 10:47:11,502 - elsapy.elsclient - INFO - Module loaded.
2024-08-22 10:47:11,503 - elsapy.elsentity - INFO - Module loaded.
2024-08-22 10:47:11,504 - elsapy.utils - INFO - Module loaded.
2024-08-22 10:47:11,504 - elsapy.elsprofile - INFO - Module loaded.
2024-08-22 10:47:11,505 - elsapy.elsdoc - INFO - Module loaded.
2024-08-22 10:47:11,506 - elsapy.elssearch - INFO - Module loaded.
2024-08-22 10:49:55,806 - elsapy.elsclient - INFO - Module loaded.
2024-08-22 10:49:55,807 - elsapy.elsentity - INFO - Module loaded.
2024-08-22 10:49:55,807 - elsapy.utils - INFO - Module loaded.
2024-08-22 10:49:55,808 - elsapy.elsprofile - INFO - Module loaded.
2024-08-22 10:49:55,808 - elsapy.elsdoc - INFO - Module loaded.
2024-08-22 10:49:55,809 - elsapy.elssearch - INFO - Module loaded.
2024-08-22 10:50:50,204 - elsapy.elsclient - INFO - Module loaded.
2024-08-22 10:50:50,205 - elsapy.elsentity - INFO - Module loaded.
2024-08-22 10:50:50,206 - elsapy.utils - INFO - Module loaded.
2024-08-22 10:50:50,206 - elsapy.elsprofile - INFO - Module loaded.
2024-08-22 10:50:50,207 - elsapy.elsdoc - INFO - Module loaded.
2024-08-22 10:50:50,207 - elsapy.elssearch - INFO - Module loaded.
2024-08-22 10:52:06,801 - elsapy.elsclient - INFO - Module loaded.
2024-08-22 10:52:06,802 - elsapy.elsentity - INFO - Module loaded.
2024-08-22 10:52:06,803 - elsapy.utils - INFO - Module loaded.
2024-08-22 10:52:06,803 - elsapy.elsprofile - INFO - Module loaded.
2024-08-22 10:52:06,804 - elsapy.elsdoc - INFO - Module loaded.
2024-08-22 10:52:06,805 - elsapy.elssearch - INFO - Module loaded.
2024-08-22 10:53:05,059 - elsapy.elsclient - INFO - Module loaded.
2024-08-22 10:53:05,061 - elsapy.elsentity - INFO - Module loaded.
2024-08-22 10:53:05,061 - elsapy.utils - INFO - Module loaded.
2024-08-22 10:53:05,061 - elsapy.elsprofile - INFO - Module loaded.
2024-08-22 10:53:05,062 - elsapy.elsdoc - INFO - Module loaded.
2024-08-22 10:53:05,063 - elsapy.elssearch - INFO - Module loaded.
2024-08-22 10:53:49,829 - elsapy.elsclient - INFO - Module loaded.
2024-08-22 10:53:49,830 - elsapy.elsentity - INFO - Module loaded.
2024-08-22 10:53:49,831 - elsapy.utils - INFO - Module loaded.
2024-08-22 10:53:49,831 - elsapy.elsprofile - INFO - Module loaded.
2024-08-22 10:53:49,832 - elsapy.elsdoc - INFO - Module loaded.
2024-08-22 10:53:49,833 - elsapy.elssearch - INFO - Module loaded.
2024-08-22 10:54:20,115 - elsapy.elsclient - INFO - Module loaded.
2024-08-22 10:54:20,117 - elsapy.elsentity - INFO - Module loaded.
2024-08-22 10:54:20,117 - elsapy.utils - INFO - Module loaded.
2024-08-22 10:54:20,118 - elsapy.elsprofile - INFO - Module loaded.
2024-08-22 10:54:20,118 - elsapy.elsdoc - INFO - Module loaded.
2024-08-22 10:54:20,119 - elsapy.elssearch - INFO - Module loaded.
2024-08-22 10:54:39,683 - elsapy.elsclient - INFO - Module loaded.
2024-08-22 10:54:39,684 - elsapy.elsentity - INFO - Module loaded.
2024-08-22 10:54:39,685 - elsapy.utils - INFO - Module loaded.
2024-08-22 10:54:39,685 - elsapy.elsprofile - INFO - Module loaded.
2024-08-22 10:54:39,686 - elsapy.elsdoc - INFO - Module loaded.
2024-08-22 10:54:39,686 - elsapy.elssearch - INFO - Module loaded.
2024-08-22 10:55:04,648 - elsapy.elsclient - INFO - Module loaded.
2024-08-22 10:55:04,649 - elsapy.elsentity - INFO - Module loaded.
2024-08-22 10:55:04,650 - elsapy.utils - INFO - Module loaded.
2024-08-22 10:55:04,650 - elsapy.elsprofile - INFO - Module loaded.
2024-08-22 10:55:04,651 - elsapy.elsdoc - INFO - Module loaded.
2024-08-22 10:55:04,652 - elsapy.elssearch - INFO - Module loaded.
2024-08-22 10:59:13,003 - elsapy.elsclient - INFO - Module loaded.
2024-08-22 10:59:13,004 - elsapy.elsentity - INFO - Module loaded.
2024-08-22 10:59:13,004 - elsapy.utils - INFO - Module loaded.
2024-08-22 10:59:13,005 - elsapy.elsprofile - INFO - Module loaded.
2024-08-22 10:59:13,005 - elsapy.elsdoc - INFO - Module loaded.
2024-08-22 10:59:13,006 - elsapy.elssearch - INFO - Module loaded.
2024-08-22 10:59:46,327 - elsapy.elsclient - INFO - Module loaded.
2024-08-22 10:59:46,328 - elsapy.elsentity - INFO - Module loaded.
2024-08-22 10:59:46,329 - elsapy.utils - INFO - Module loaded.
2024-08-22 10:59:46,329 - elsapy.elsprofile - INFO - Module loaded.
2024-08-22 10:59:46,330 - elsapy.elsdoc - INFO - Module loaded.
2024-08-22 10:59:46,331 - elsapy.elssearch - INFO - Module loaded.
2024-08-22 11:00:28,283 - elsapy.elsclient - INFO - Module loaded.
2024-08-22 11:00:28,284 - elsapy.elsentity - INFO - Module loaded.
2024-08-22 11:00:28,285 - elsapy.utils - INFO - Module loaded.
2024-08-22 11:00:28,285 - elsapy.elsprofile - INFO - Module loaded.
2024-08-22 11:00:28,286 - elsapy.elsdoc - INFO - Module loaded.
2024-08-22 11:00:28,286 - elsapy.elssearch - INFO - Module loaded.
2024-08-22 11:01:07,638 - elsapy.elsclient - INFO - Module loaded.
2024-08-22 11:01:07,639 - elsapy.elsentity - INFO - Module loaded.
2024-08-22 11:01:07,640 - elsapy.utils - INFO - Module loaded.
2024-08-22 11:01:07,640 - elsapy.elsprofile - INFO - Module loaded.
2024-08-22 11:01:07,641 - elsapy.elsdoc - INFO - Module loaded.
2024-08-22 11:01:07,642 - elsapy.elssearch - INFO - Module loaded.
2024-08-22 11:09:21,188 - elsapy.elsclient - INFO - Module loaded.
2024-08-22 11:09:21,190 - elsapy.elsentity - INFO - Module loaded.
2024-08-22 11:09:21,190 - elsapy.utils - INFO - Module loaded.
2024-08-22 11:09:21,191 - elsapy.elsprofile - INFO - Module loaded.
2024-08-22 11:09:21,191 - elsapy.elsdoc - INFO - Module loaded.
2024-08-22 11:09:21,192 - elsapy.elssearch - INFO - Module loaded.
2024-08-22 11:17:40,749 - elsapy.elsclient - INFO - Module loaded.
2024-08-22 11:17:40,750 - elsapy.elsentity - INFO - Module loaded.
2024-08-22 11:17:40,751 - elsapy.utils - INFO - Module loaded.
2024-08-22 11:17:40,751 - elsapy.elsprofile - INFO - Module loaded.
2024-08-22 11:17:40,752 - elsapy.elsdoc - INFO - Module loaded.
2024-08-22 11:17:40,753 - elsapy.elssearch - INFO - Module loaded.
2024-08-22 11:17:52,685 - elsapy.elsclient - INFO - Module loaded.
2024-08-22 11:17:52,686 - elsapy.elsentity - INFO - Module loaded.
2024-08-22 11:17:52,687 - elsapy.utils - INFO - Module loaded.
2024-08-22 11:17:52,687 - elsapy.elsprofile - INFO - Module loaded.
2024-08-22 11:17:52,688 - elsapy.elsdoc - INFO - Module loaded.
2024-08-22 11:17:52,688 - elsapy.elssearch - INFO - Module loaded.
2024-08-22 11:19:51,260 - elsapy.elsclient - INFO - Module loaded.
2024-08-22 11:19:51,261 - elsapy.elsentity - INFO - Module loaded.
2024-08-22 11:19:51,261 - elsapy.utils - INFO - Module loaded.
2024-08-22 11:19:51,262 - elsapy.elsprofile - INFO - Module loaded.
2024-08-22 11:19:51,262 - elsapy.elsdoc - INFO - Module loaded.
2024-08-22 11:19:51,263 - elsapy.elssearch - INFO - Module loaded.
2024-08-22 11:20:42,353 - elsapy.elsclient - INFO - Module loaded.
2024-08-22 11:20:42,354 - elsapy.elsentity - INFO - Module loaded.
2024-08-22 11:20:42,355 - elsapy.utils - INFO - Module loaded.
2024-08-22 11:20:42,355 - elsapy.elsprofile - INFO - Module loaded.
2024-08-22 11:20:42,356 - elsapy.elsdoc - INFO - Module loaded.
2024-08-22 11:20:42,356 - elsapy.elssearch - INFO - Module loaded.
2024-08-22 11:22:46,136 - elsapy.elsclient - INFO - Module loaded.
2024-08-22 11:22:46,137 - elsapy.elsentity - INFO - Module loaded.
2024-08-22 11:22:46,137 - elsapy.utils - INFO - Module loaded.
2024-08-22 11:22:46,138 - elsapy.elsprofile - INFO - Module loaded.
2024-08-22 11:22:46,138 - elsapy.elsdoc - INFO - Module loaded.
2024-08-22 11:22:46,139 - elsapy.elssearch - INFO - Module loaded.
2024-08-22 11:26:21,582 - elsapy.elsclient - INFO - Module loaded.
2024-08-22 11:26:21,583 - elsapy.elsentity - INFO - Module loaded.
2024-08-22 11:26:21,584 - elsapy.utils - INFO - Module loaded.
2024-08-22 11:26:21,584 - elsapy.elsprofile - INFO - Module loaded.
2024-08-22 11:26:21,585 - elsapy.elsdoc - INFO - Module loaded.
2024-08-22 11:26:21,586 - elsapy.elssearch - INFO - Module loaded.
2024-08-22 11:27:09,200 - elsapy.elsclient - INFO - Module loaded.
2024-08-22 11:27:09,201 - elsapy.elsentity - INFO - Module loaded.
2024-08-22 11:27:09,202 - elsapy.utils - INFO - Module loaded.
2024-08-22 11:27:09,202 - elsapy.elsprofile - INFO - Module loaded.
2024-08-22 11:27:09,203 - elsapy.elsdoc - INFO - Module loaded.
2024-08-22 11:27:09,204 - elsapy.elssearch - INFO - Module loaded.
2024-08-22 11:39:21,691 - elsapy.elsclient - INFO - Module loaded.
2024-08-22 11:39:21,692 - elsapy.elsentity - INFO - Module loaded.
2024-08-22 11:39:21,693 - elsapy.utils - INFO - Module loaded.
2024-08-22 11:39:21,693 - elsapy.elsprofile - INFO - Module loaded.
2024-08-22 11:39:21,694 - elsapy.elsdoc - INFO - Module loaded.
2024-08-22 11:39:21,694 - elsapy.elssearch - INFO - Module loaded.
2024-08-22 11:40:43,575 - elsapy.elsclient - INFO - Module loaded.
2024-08-22 11:40:43,576 - elsapy.elsentity - INFO - Module loaded.
2024-08-22 11:40:43,577 - elsapy.utils - INFO - Module loaded.
2024-08-22 11:40:43,577 - elsapy.elsprofile - INFO - Module loaded.
2024-08-22 11:40:43,578 - elsapy.elsdoc - INFO - Module loaded.
2024-08-22 11:40:43,578 - elsapy.elssearch - INFO - Module loaded.
2024-08-22 11:41:11,126 - elsapy.elsclient - INFO - Module loaded.
2024-08-22 11:41:11,127 - elsapy.elsentity - INFO - Module loaded.
2024-08-22 11:41:11,128 - elsapy.utils - INFO - Module loaded.
2024-08-22 11:41:11,128 - elsapy.elsprofile - INFO - Module loaded.
2024-08-22 11:41:11,129 - elsapy.elsdoc - INFO - Module loaded.
2024-08-22 11:41:11,130 - elsapy.elssearch - INFO - Module loaded.
2024-08-22 11:41:52,278 - elsapy.elsclient - INFO - Module loaded.
2024-08-22 11:41:52,279 - elsapy.elsentity - INFO - Module loaded.
2024-08-22 11:41:52,280 - elsapy.utils - INFO - Module loaded.
2024-08-22 11:41:52,280 - elsapy.elsprofile - INFO - Module loaded.
2024-08-22 11:41:52,281 - elsapy.elsdoc - INFO - Module loaded.
2024-08-22 11:41:52,281 - elsapy.elssearch - INFO - Module loaded.
2024-08-22 11:42:35,411 - elsapy.elsclient - INFO - Module loaded.
2024-08-22 11:42:35,412 - elsapy.elsentity - INFO - Module loaded.
2024-08-22 11:42:35,413 - elsapy.utils - INFO - Module loaded.
2024-08-22 11:42:35,413 - elsapy.elsprofile - INFO - Module loaded.
2024-08-22 11:42:35,414 - elsapy.elsdoc - INFO - Module loaded.
2024-08-22 11:42:35,415 - elsapy.elssearch - INFO - Module loaded.
2024-08-22 11:42:51,172 - elsapy.elsclient - INFO - Module loaded.
2024-08-22 11:42:51,174 - elsapy.elsentity - INFO - Module loaded.
2024-08-22 11:42:51,174 - elsapy.utils - INFO - Module loaded.
2024-08-22 11:42:51,174 - elsapy.elsprofile - INFO - Module loaded.
2024-08-22 11:42:51,175 - elsapy.elsdoc - INFO - Module loaded.
2024-08-22 11:42:51,176 - elsapy.elssearch - INFO - Module loaded.
2024-08-22 11:43:38,079 - elsapy.elsclient - INFO - Module loaded.
2024-08-22 11:43:38,080 - elsapy.elsentity - INFO - Module loaded.
2024-08-22 11:43:38,080 - elsapy.utils - INFO - Module loaded.
2024-08-22 11:43:38,081 - elsapy.elsprofile - INFO - Module loaded.
2024-08-22 11:43:38,081 - elsapy.elsdoc - INFO - Module loaded.
2024-08-22 11:43:38,082 - elsapy.elssearch - INFO - Module loaded.
2024-08-22 11:47:03,674 - elsapy.elsclient - INFO - Module loaded.
2024-08-22 11:47:03,676 - elsapy.elsentity - INFO - Module loaded.
2024-08-22 11:47:03,676 - elsapy.utils - INFO - Module loaded.
2024-08-22 11:47:03,676 - elsapy.elsprofile - INFO - Module loaded.
2024-08-22 11:47:03,677 - elsapy.elsdoc - INFO - Module loaded.
2024-08-22 11:47:03,678 - elsapy.elssearch - INFO - Module loaded.
2024-08-22 11:47:36,045 - elsapy.elsclient - INFO - Module loaded.
2024-08-22 11:47:36,046 - elsapy.elsentity - INFO - Module loaded.
2024-08-22 11:47:36,047 - elsapy.utils - INFO - Module loaded.
2024-08-22 11:47:36,047 - elsapy.elsprofile - INFO - Module loaded.
2024-08-22 11:47:36,048 - elsapy.elsdoc - INFO - Module loaded.
2024-08-22 11:47:36,048 - elsapy.elssearch - INFO - Module loaded.
2024-08-22 11:48:35,344 - elsapy.elsclient - INFO - Module loaded.
2024-08-22 11:48:35,345 - elsapy.elsentity - INFO - Module loaded.
2024-08-22 11:48:35,345 - elsapy.utils - INFO - Module loaded.
2024-08-22 11:48:35,346 - elsapy.elsprofile - INFO - Module loaded.
2024-08-22 11:48:35,346 - elsapy.elsdoc - INFO - Module loaded.
2024-08-22 11:48:35,347 - elsapy.elssearch - INFO - Module loaded.
2024-08-22 11:49:29,809 - elsapy.elsclient - INFO - Module loaded.
2024-08-22 11:49:29,810 - elsapy.elsentity - INFO - Module loaded.
2024-08-22 11:49:29,811 - elsapy.utils - INFO - Module loaded.
2024-08-22 11:49:29,811 - elsapy.elsprofile - INFO - Module loaded.
2024-08-22 11:49:29,812 - elsapy.elsdoc - INFO - Module loaded.
2024-08-22 11:49:29,812 - elsapy.elssearch - INFO - Module loaded.
2024-08-22 11:56:41,839 - elsapy.elsclient - INFO - Module loaded.
2024-08-22 11:56:41,841 - elsapy.elsentity - INFO - Module loaded.
2024-08-22 11:56:41,841 - elsapy.utils - INFO - Module loaded.
2024-08-22 11:56:41,841 - elsapy.elsprofile - INFO - Module loaded.
2024-08-22 11:56:41,842 - elsapy.elsdoc - INFO - Module loaded.
2024-08-22 11:56:41,843 - elsapy.elssearch - INFO - Module loaded.
2024-08-22 11:57:32,311 - elsapy.elsclient - INFO - Module loaded.
2024-08-22 11:57:32,312 - elsapy.elsentity - INFO - Module loaded.
2024-08-22 11:57:32,313 - elsapy.utils - INFO - Module loaded.
2024-08-22 11:57:32,313 - elsapy.elsprofile - INFO - Module loaded.
2024-08-22 11:57:32,314 - elsapy.elsdoc - INFO - Module loaded.
2024-08-22 11:57:32,314 - elsapy.elssearch - INFO - Module loaded.
2024-08-22 12:08:01,774 - elsapy.elsclient - INFO - Module loaded.
2024-08-22 12:08:01,776 - elsapy.elsentity - INFO - Module loaded.
2024-08-22 12:08:01,776 - elsapy.utils - INFO - Module loaded.
2024-08-22 12:08:01,776 - elsapy.elsprofile - INFO - Module loaded.
2024-08-22 12:08:01,778 - elsapy.elsdoc - INFO - Module loaded.
2024-08-22 12:08:01,779 - elsapy.elssearch - INFO - Module loaded.
2024-08-22 12:08:10,917 - elsapy.elsclient - INFO - Module loaded.
2024-08-22 12:08:10,918 - elsapy.elsentity - INFO - Module loaded.
2024-08-22 12:08:10,919 - elsapy.utils - INFO - Module loaded.
2024-08-22 12:08:10,919 - elsapy.elsprofile - INFO - Module loaded.
2024-08-22 12:08:10,920 - elsapy.elsdoc - INFO - Module loaded.
2024-08-22 12:08:10,921 - elsapy.elssearch - INFO - Module loaded.
2024-08-22 12:08:22,025 - elsapy.elsclient - INFO - Module loaded.
2024-08-22 12:08:22,026 - elsapy.elsentity - INFO - Module loaded.
2024-08-22 12:08:22,027 - elsapy.utils - INFO - Module loaded.
2024-08-22 12:08:22,027 - elsapy.elsprofile - INFO - Module loaded.
2024-08-22 12:08:22,028 - elsapy.elsdoc - INFO - Module loaded.
2024-08-22 12:08:22,029 - elsapy.elssearch - INFO - Module loaded.
2024-08-22 12:11:05,665 - elsapy.elsclient - INFO - Module loaded.
2024-08-22 12:11:05,666 - elsapy.elsentity - INFO - Module loaded.
2024-08-22 12:11:05,667 - elsapy.utils - INFO - Module loaded.
2024-08-22 12:11:05,667 - elsapy.elsprofile - INFO - Module loaded.
2024-08-22 12:11:05,668 - elsapy.elsdoc - INFO - Module loaded.
2024-08-22 12:11:05,668 - elsapy.elssearch - INFO - Module loaded.
2024-08-22 12:12:13,302 - elsapy.elsclient - INFO - Module loaded.
2024-08-22 12:12:13,303 - elsapy.elsentity - INFO - Module loaded.
2024-08-22 12:12:13,304 - elsapy.utils - INFO - Module loaded.
2024-08-22 12:12:13,304 - elsapy.elsprofile - INFO - Module loaded.
2024-08-22 12:12:13,305 - elsapy.elsdoc - INFO - Module loaded.
2024-08-22 12:12:13,306 - elsapy.elssearch - INFO - Module loaded.
2024-08-22 12:13:42,949 - elsapy.elsclient - INFO - Module loaded.
2024-08-22 12:13:42,951 - elsapy.elsentity - INFO - Module loaded.
2024-08-22 12:13:42,951 - elsapy.utils - INFO - Module loaded.
2024-08-22 12:13:42,951 - elsapy.elsprofile - INFO - Module loaded.
2024-08-22 12:13:42,952 - elsapy.elsdoc - INFO - Module loaded.
2024-08-22 12:13:42,953 - elsapy.elssearch - INFO - Module loaded.
2024-08-22 12:21:19,512 - elsapy.elsclient - INFO - Module loaded.
2024-08-22 12:21:19,513 - elsapy.elsentity - INFO - Module loaded.
2024-08-22 12:21:19,514 - elsapy.utils - INFO - Module loaded.
2024-08-22 12:21:19,514 - elsapy.elsprofile - INFO - Module loaded.
2024-08-22 12:21:19,515 - elsapy.elsdoc - INFO - Module loaded.
2024-08-22 12:21:19,515 - elsapy.elssearch - INFO - Module loaded.
2024-08-22 12:24:45,572 - elsapy.elsclient - INFO - Module loaded.
2024-08-22 12:24:45,573 - elsapy.elsentity - INFO - Module loaded.
2024-08-22 12:24:45,573 - elsapy.utils - INFO - Module loaded.
2024-08-22 12:24:45,574 - elsapy.elsprofile - INFO - Module loaded.
2024-08-22 12:24:45,574 - elsapy.elsdoc - INFO - Module loaded.
2024-08-22 12:24:45,575 - elsapy.elssearch - INFO - Module loaded.
2024-08-22 12:29:09,599 - elsapy.elsclient - INFO - Module loaded.
2024-08-22 12:29:09,600 - elsapy.elsentity - INFO - Module loaded.
2024-08-22 12:29:09,601 - elsapy.utils - INFO - Module loaded.
2024-08-22 12:29:09,601 - elsapy.elsprofile - INFO - Module loaded.
2024-08-22 12:29:09,602 - elsapy.elsdoc - INFO - Module loaded.
2024-08-22 12:29:09,603 - elsapy.elssearch - INFO - Module loaded.
2024-08-22 12:31:09,514 - elsapy.elsclient - INFO - Module loaded.
2024-08-22 12:31:09,515 - elsapy.elsentity - INFO - Module loaded.
2024-08-22 12:31:09,516 - elsapy.utils - INFO - Module loaded.
2024-08-22 12:31:09,516 - elsapy.elsprofile - INFO - Module loaded.
2024-08-22 12:31:09,517 - elsapy.elsdoc - INFO - Module loaded.
2024-08-22 12:31:09,517 - elsapy.elssearch - INFO - Module loaded.
2024-08-22 12:32:53,394 - elsapy.elsclient - INFO - Module loaded.
2024-08-22 12:32:53,395 - elsapy.elsentity - INFO - Module loaded.
2024-08-22 12:32:53,396 - elsapy.utils - INFO - Module loaded.
2024-08-22 12:32:53,396 - elsapy.elsprofile - INFO - Module loaded.
2024-08-22 12:32:53,397 - elsapy.elsdoc - INFO - Module loaded.
2024-08-22 12:32:53,398 - elsapy.elssearch - INFO - Module loaded.
2024-08-22 12:35:05,327 - elsapy.elsclient - INFO - Module loaded.
2024-08-22 12:35:05,328 - elsapy.elsentity - INFO - Module loaded.
2024-08-22 12:35:05,329 - elsapy.utils - INFO - Module loaded.
2024-08-22 12:35:05,329 - elsapy.elsprofile - INFO - Module loaded.
2024-08-22 12:35:05,330 - elsapy.elsdoc - INFO - Module loaded.
2024-08-22 12:35:05,330 - elsapy.elssearch - INFO - Module loaded.
2024-08-22 12:35:24,572 - elsapy.elsclient - INFO - Module loaded.
2024-08-22 12:35:24,573 - elsapy.elsentity - INFO - Module loaded.
2024-08-22 12:35:24,574 - elsapy.utils - INFO - Module loaded.
2024-08-22 12:35:24,574 - elsapy.elsprofile - INFO - Module loaded.
2024-08-22 12:35:24,575 - elsapy.elsdoc - INFO - Module loaded.
2024-08-22 12:35:24,576 - elsapy.elssearch - INFO - Module loaded.
2024-08-22 12:36:38,446 - elsapy.elsclient - INFO - Module loaded.
2024-08-22 12:36:38,447 - elsapy.elsentity - INFO - Module loaded.
2024-08-22 12:36:38,448 - elsapy.utils - INFO - Module loaded.
2024-08-22 12:36:38,448 - elsapy.elsprofile - INFO - Module loaded.
2024-08-22 12:36:38,449 - elsapy.elsdoc - INFO - Module loaded.
2024-08-22 12:36:38,449 - elsapy.elssearch - INFO - Module loaded.
2024-08-22 12:40:40,855 - elsapy.elsclient - INFO - Module loaded.
2024-08-22 12:40:40,856 - elsapy.elsentity - INFO - Module loaded.
2024-08-22 12:40:40,857 - elsapy.utils - INFO - Module loaded.
2024-08-22 12:40:40,857 - elsapy.elsprofile - INFO - Module loaded.
2024-08-22 12:40:40,858 - elsapy.elsdoc - INFO - Module loaded.
2024-08-22 12:40:40,858 - elsapy.elssearch - INFO - Module loaded.
2024-08-22 12:41:07,322 - elsapy.elsclient - INFO - Module loaded.
2024-08-22 12:41:07,323 - elsapy.elsentity - INFO - Module loaded.
2024-08-22 12:41:07,324 - elsapy.utils - INFO - Module loaded.
2024-08-22 12:41:07,324 - elsapy.elsprofile - INFO - Module loaded.
2024-08-22 12:41:07,325 - elsapy.elsdoc - INFO - Module loaded.
2024-08-22 12:41:07,326 - elsapy.elssearch - INFO - Module loaded.
2024-08-22 12:41:41,350 - elsapy.elsclient - INFO - Module loaded.
2024-08-22 12:41:41,351 - elsapy.elsentity - INFO - Module loaded.
2024-08-22 12:41:41,352 - elsapy.utils - INFO - Module loaded.
2024-08-22 12:41:41,352 - elsapy.elsprofile - INFO - Module loaded.
2024-08-22 12:41:41,353 - elsapy.elsdoc - INFO - Module loaded.
2024-08-22 12:41:41,354 - elsapy.elssearch - INFO - Module loaded.
2024-08-22 12:42:00,446 - elsapy.elsclient - INFO - Module loaded.
2024-08-22 12:42:00,447 - elsapy.elsentity - INFO - Module loaded.
2024-08-22 12:42:00,448 - elsapy.utils - INFO - Module loaded.
2024-08-22 12:42:00,448 - elsapy.elsprofile - INFO - Module loaded.
2024-08-22 12:42:00,449 - elsapy.elsdoc - INFO - Module loaded.
2024-08-22 12:42:00,449 - elsapy.elssearch - INFO - Module loaded.
2024-08-22 12:42:41,311 - elsapy.elsclient - INFO - Module loaded.
2024-08-22 12:42:41,312 - elsapy.elsentity - INFO - Module loaded.
2024-08-22 12:42:41,313 - elsapy.utils - INFO - Module loaded.
2024-08-22 12:42:41,313 - elsapy.elsprofile - INFO - Module loaded.
2024-08-22 12:42:41,314 - elsapy.elsdoc - INFO - Module loaded.
2024-08-22 12:42:41,314 - elsapy.elssearch - INFO - Module loaded.
2024-08-22 12:44:21,574 - elsapy.elsclient - INFO - Module loaded.
2024-08-22 12:44:21,575 - elsapy.elsentity - INFO - Module loaded.
2024-08-22 12:44:21,576 - elsapy.utils - INFO - Module loaded.
2024-08-22 12:44:21,576 - elsapy.elsprofile - INFO - Module loaded.
2024-08-22 12:44:21,577 - elsapy.elsdoc - INFO - Module loaded.
2024-08-22 12:44:21,578 - elsapy.elssearch - INFO - Module loaded.
2024-08-22 12:45:20,777 - elsapy.elsclient - INFO - Module loaded.
2024-08-22 12:45:20,778 - elsapy.elsentity - INFO - Module loaded.
2024-08-22 12:45:20,779 - elsapy.utils - INFO - Module loaded.
2024-08-22 12:45:20,779 - elsapy.elsprofile - INFO - Module loaded.
2024-08-22 12:45:20,780 - elsapy.elsdoc - INFO - Module loaded.
2024-08-22 12:45:20,780 - elsapy.elssearch - INFO - Module loaded.
2024-08-22 12:59:38,647 - elsapy.elsclient - INFO - Module loaded.
2024-08-22 12:59:38,648 - elsapy.elsentity - INFO - Module loaded.
2024-08-22 12:59:38,648 - elsapy.utils - INFO - Module loaded.
2024-08-22 12:59:38,649 - elsapy.elsprofile - INFO - Module loaded.
2024-08-22 12:59:38,649 - elsapy.elsdoc - INFO - Module loaded.
2024-08-22 12:59:38,650 - elsapy.elssearch - INFO - Module loaded.
2024-08-22 13:00:19,001 - elsapy.elsclient - INFO - Module loaded.
2024-08-22 13:00:19,002 - elsapy.elsentity - INFO - Module loaded.
2024-08-22 13:00:19,003 - elsapy.utils - INFO - Module loaded.
2024-08-22 13:00:19,003 - elsapy.elsprofile - INFO - Module loaded.
2024-08-22 13:00:19,004 - elsapy.elsdoc - INFO - Module loaded.
2024-08-22 13:00:19,004 - elsapy.elssearch - INFO - Module loaded.
2024-08-22 13:00:44,656 - elsapy.elsclient - INFO - Module loaded.
2024-08-22 13:00:44,657 - elsapy.elsentity - INFO - Module loaded.
2024-08-22 13:00:44,657 - elsapy.utils - INFO - Module loaded.
2024-08-22 13:00:44,658 - elsapy.elsprofile - INFO - Module loaded.
2024-08-22 13:00:44,658 - elsapy.elsdoc - INFO - Module loaded.
2024-08-22 13:00:44,659 - elsapy.elssearch - INFO - Module loaded.
2024-08-22 13:01:59,553 - elsapy.elsclient - INFO - Module loaded.
2024-08-22 13:01:59,554 - elsapy.elsentity - INFO - Module loaded.
2024-08-22 13:01:59,555 - elsapy.utils - INFO - Module loaded.
2024-08-22 13:01:59,555 - elsapy.elsprofile - INFO - Module loaded.
2024-08-22 13:01:59,556 - elsapy.elsdoc - INFO - Module loaded.
2024-08-22 13:01:59,557 - elsapy.elssearch - INFO - Module loaded.
2024-08-22 13:03:00,033 - elsapy.elsclient - INFO - Module loaded.
2024-08-22 13:03:00,034 - elsapy.elsentity - INFO - Module loaded.
2024-08-22 13:03:00,035 - elsapy.utils - INFO - Module loaded.
2024-08-22 13:03:00,035 - elsapy.elsprofile - INFO - Module loaded.
2024-08-22 13:03:00,036 - elsapy.elsdoc - INFO - Module loaded.
2024-08-22 13:03:00,036 - elsapy.elssearch - INFO - Module loaded.
2024-08-22 13:03:29,023 - elsapy.elsclient - INFO - Module loaded.
2024-08-22 13:03:29,024 - elsapy.elsentity - INFO - Module loaded.
2024-08-22 13:03:29,025 - elsapy.utils - INFO - Module loaded.
2024-08-22 13:03:29,025 - elsapy.elsprofile - INFO - Module loaded.
2024-08-22 13:03:29,026 - elsapy.elsdoc - INFO - Module loaded.
2024-08-22 13:03:29,026 - elsapy.elssearch - INFO - Module loaded.
2024-08-22 13:03:40,928 - elsapy.elsclient - INFO - Module loaded.
2024-08-22 13:03:40,929 - elsapy.elsentity - INFO - Module loaded.
2024-08-22 13:03:40,930 - elsapy.utils - INFO - Module loaded.
2024-08-22 13:03:40,930 - elsapy.elsprofile - INFO - Module loaded.
2024-08-22 13:03:40,931 - elsapy.elsdoc - INFO - Module loaded.
2024-08-22 13:03:40,932 - elsapy.elssearch - INFO - Module loaded.
2024-08-22 13:04:45,214 - elsapy.elsclient - INFO - Module loaded.
2024-08-22 13:04:45,215 - elsapy.elsentity - INFO - Module loaded.
2024-08-22 13:04:45,216 - elsapy.utils - INFO - Module loaded.
2024-08-22 13:04:45,216 - elsapy.elsprofile - INFO - Module loaded.
2024-08-22 13:04:45,217 - elsapy.elsdoc - INFO - Module loaded.
2024-08-22 13:04:45,217 - elsapy.elssearch - INFO - Module loaded.
2024-08-22 13:05:22,680 - elsapy.elsclient - INFO - Module loaded.
2024-08-22 13:05:22,681 - elsapy.elsentity - INFO - Module loaded.
2024-08-22 13:05:22,682 - elsapy.utils - INFO - Module loaded.
2024-08-22 13:05:22,682 - elsapy.elsprofile - INFO - Module loaded.
2024-08-22 13:05:22,683 - elsapy.elsdoc - INFO - Module loaded.
2024-08-22 13:05:22,683 - elsapy.elssearch - INFO - Module loaded.
2024-08-22 13:05:36,720 - elsapy.elsclient - INFO - Module loaded.
2024-08-22 13:05:36,721 - elsapy.elsentity - INFO - Module loaded.
2024-08-22 13:05:36,721 - elsapy.utils - INFO - Module loaded.
2024-08-22 13:05:36,722 - elsapy.elsprofile - INFO - Module loaded.
2024-08-22 13:05:36,722 - elsapy.elsdoc - INFO - Module loaded.
2024-08-22 13:05:36,723 - elsapy.elssearch - INFO - Module loaded.
2024-08-22 13:06:19,208 - elsapy.elsclient - INFO - Module loaded.
2024-08-22 13:06:19,209 - elsapy.elsentity - INFO - Module loaded.
2024-08-22 13:06:19,210 - elsapy.utils - INFO - Module loaded.
2024-08-22 13:06:19,210 - elsapy.elsprofile - INFO - Module loaded.
2024-08-22 13:06:19,211 - elsapy.elsdoc - INFO - Module loaded.
2024-08-22 13:06:19,211 - elsapy.elssearch - INFO - Module loaded.
2024-08-22 13:38:09,775 - elsapy.elsclient - INFO - Module loaded.
2024-08-22 13:38:09,776 - elsapy.elsentity - INFO - Module loaded.
2024-08-22 13:38:09,777 - elsapy.utils - INFO - Module loaded.
2024-08-22 13:38:09,777 - elsapy.elsprofile - INFO - Module loaded.
2024-08-22 13:38:09,778 - elsapy.elsdoc - INFO - Module loaded.
2024-08-22 13:38:09,779 - elsapy.elssearch - INFO - Module loaded.
2024-08-22 13:40:38,382 - elsapy.elsclient - INFO - Module loaded.
2024-08-22 13:40:38,383 - elsapy.elsentity - INFO - Module loaded.
2024-08-22 13:40:38,383 - elsapy.utils - INFO - Module loaded.
2024-08-22 13:40:38,384 - elsapy.elsprofile - INFO - Module loaded.
2024-08-22 13:40:38,384 - elsapy.elsdoc - INFO - Module loaded.
2024-08-22 13:40:38,385 - elsapy.elssearch - INFO - Module loaded.
2024-08-22 13:41:40,520 - elsapy.elsclient - INFO - Module loaded.
2024-08-22 13:41:40,521 - elsapy.elsentity - INFO - Module loaded.
2024-08-22 13:41:40,522 - elsapy.utils - INFO - Module loaded.
2024-08-22 13:41:40,522 - elsapy.elsprofile - INFO - Module loaded.
2024-08-22 13:41:40,523 - elsapy.elsdoc - INFO - Module loaded.
2024-08-22 13:41:40,524 - elsapy.elssearch - INFO - Module loaded.
2024-08-22 13:45:06,036 - elsapy.elsclient - INFO - Module loaded.
2024-08-22 13:45:06,037 - elsapy.elsentity - INFO - Module loaded.
2024-08-22 13:45:06,038 - elsapy.utils - INFO - Module loaded.
2024-08-22 13:45:06,038 - elsapy.elsprofile - INFO - Module loaded.
2024-08-22 13:45:06,039 - elsapy.elsdoc - INFO - Module loaded.
2024-08-22 13:45:06,039 - elsapy.elssearch - INFO - Module loaded.
2024-08-22 13:56:55,818 - elsapy.elsclient - INFO - Module loaded.
2024-08-22 13:56:55,820 - elsapy.elsentity - INFO - Module loaded.
2024-08-22 13:56:55,820 - elsapy.utils - INFO - Module loaded.
2024-08-22 13:56:55,820 - elsapy.elsprofile - INFO - Module loaded.
2024-08-22 13:56:55,821 - elsapy.elsdoc - INFO - Module loaded.
2024-08-22 13:56:55,822 - elsapy.elssearch - INFO - Module loaded.
2024-08-22 13:59:30,416 - elsapy.elsclient - INFO - Module loaded.
2024-08-22 13:59:30,417 - elsapy.elsentity - INFO - Module loaded.
2024-08-22 13:59:30,418 - elsapy.utils - INFO - Module loaded.
2024-08-22 13:59:30,418 - elsapy.elsprofile - INFO - Module loaded.
2024-08-22 13:59:30,419 - elsapy.elsdoc - INFO - Module loaded.
2024-08-22 13:59:30,420 - elsapy.elssearch - INFO - Module loaded.
2024-08-22 15:01:11,698 - elsapy.elsclient - INFO - Module loaded.
2024-08-22 15:01:11,700 - elsapy.elsentity - INFO - Module loaded.
2024-08-22 15:01:11,700 - elsapy.utils - INFO - Module loaded.
2024-08-22 15:01:11,700 - elsapy.elsprofile - INFO - Module loaded.
2024-08-22 15:01:11,701 - elsapy.elsdoc - INFO - Module loaded.
2024-08-22 15:01:11,702 - elsapy.elssearch - INFO - Module loaded.
2024-08-22 15:02:12,723 - elsapy.elsclient - INFO - Module loaded.
2024-08-22 15:02:12,724 - elsapy.elsentity - INFO - Module loaded.
2024-08-22 15:02:12,724 - elsapy.utils - INFO - Module loaded.
2024-08-22 15:02:12,725 - elsapy.elsprofile - INFO - Module loaded.
2024-08-22 15:02:12,725 - elsapy.elsdoc - INFO - Module loaded.
2024-08-22 15:02:12,726 - elsapy.elssearch - INFO - Module loaded.
2024-08-22 15:10:20,960 - elsapy.elsclient - INFO - Module loaded.
2024-08-22 15:10:20,961 - elsapy.elsentity - INFO - Module loaded.
2024-08-22 15:10:20,962 - elsapy.utils - INFO - Module loaded.
2024-08-22 15:10:20,962 - elsapy.elsprofile - INFO - Module loaded.
2024-08-22 15:10:20,963 - elsapy.elsdoc - INFO - Module loaded.
2024-08-22 15:10:20,964 - elsapy.elssearch - INFO - Module loaded.
2024-08-22 15:14:51,104 - elsapy.elsclient - INFO - Module loaded.
2024-08-22 15:14:51,105 - elsapy.elsentity - INFO - Module loaded.
2024-08-22 15:14:51,106 - elsapy.utils - INFO - Module loaded.
2024-08-22 15:14:51,106 - elsapy.elsprofile - INFO - Module loaded.
2024-08-22 15:14:51,107 - elsapy.elsdoc - INFO - Module loaded.
2024-08-22 15:14:51,107 - elsapy.elssearch - INFO - Module loaded.
2024-08-22 15:17:38,095 - elsapy.elsclient - INFO - Module loaded.
2024-08-22 15:17:38,096 - elsapy.elsentity - INFO - Module loaded.
2024-08-22 15:17:38,097 - elsapy.utils - INFO - Module loaded.
2024-08-22 15:17:38,097 - elsapy.elsprofile - INFO - Module loaded.
2024-08-22 15:17:38,098 - elsapy.elsdoc - INFO - Module loaded.
2024-08-22 15:17:38,098 - elsapy.elssearch - INFO - Module loaded.
2024-08-22 15:37:56,679 - elsapy.elsclient - INFO - Module loaded.
2024-08-22 15:37:56,680 - elsapy.elsentity - INFO - Module loaded.
2024-08-22 15:37:56,681 - elsapy.utils - INFO - Module loaded.
2024-08-22 15:37:56,681 - elsapy.elsprofile - INFO - Module loaded.
2024-08-22 15:37:56,682 - elsapy.elsdoc - INFO - Module loaded.
2024-08-22 15:37:56,683 - elsapy.elssearch - INFO - Module loaded.
2024-08-22 15:38:49,086 - elsapy.elsclient - INFO - Module loaded.
2024-08-22 15:38:49,087 - elsapy.elsentity - INFO - Module loaded.
2024-08-22 15:38:49,088 - elsapy.utils - INFO - Module loaded.
2024-08-22 15:38:49,088 - elsapy.elsprofile - INFO - Module loaded.
2024-08-22 15:38:49,089 - elsapy.elsdoc - INFO - Module loaded.
2024-08-22 15:38:49,089 - elsapy.elssearch - INFO - Module loaded.
2024-08-22 15:44:40,320 - elsapy.elsclient - INFO - Module loaded.
2024-08-22 15:44:40,321 - elsapy.elsentity - INFO - Module loaded.
2024-08-22 15:44:40,322 - elsapy.utils - INFO - Module loaded.
2024-08-22 15:44:40,322 - elsapy.elsprofile - INFO - Module loaded.
2024-08-22 15:44:40,323 - elsapy.elsdoc - INFO - Module loaded.
2024-08-22 15:44:40,323 - elsapy.elssearch - INFO - Module loaded.
2024-08-22 15:47:14,543 - elsapy.elsclient - INFO - Module loaded.
2024-08-22 15:47:14,544 - elsapy.elsentity - INFO - Module loaded.
2024-08-22 15:47:14,544 - elsapy.utils - INFO - Module loaded.
2024-08-22 15:47:14,545 - elsapy.elsprofile - INFO - Module loaded.
2024-08-22 15:47:14,545 - elsapy.elsdoc - INFO - Module loaded.
2024-08-22 15:47:14,546 - elsapy.elssearch - INFO - Module loaded.
2024-08-22 15:49:34,105 - elsapy.elsclient - INFO - Module loaded.
2024-08-22 15:49:34,106 - elsapy.elsentity - INFO - Module loaded.
2024-08-22 15:49:34,107 - elsapy.utils - INFO - Module loaded.
2024-08-22 15:49:34,107 - elsapy.elsprofile - INFO - Module loaded.
2024-08-22 15:49:34,108 - elsapy.elsdoc - INFO - Module loaded.
2024-08-22 15:49:34,108 - elsapy.elssearch - INFO - Module loaded.
2024-08-22 15:55:27,617 - elsapy.elsclient - INFO - Module loaded.
2024-08-22 15:55:27,618 - elsapy.elsentity - INFO - Module loaded.
2024-08-22 15:55:27,619 - elsapy.utils - INFO - Module loaded.
2024-08-22 15:55:27,619 - elsapy.elsprofile - INFO - Module loaded.
2024-08-22 15:55:27,620 - elsapy.elsdoc - INFO - Module loaded.
2024-08-22 15:55:27,621 - elsapy.elssearch - INFO - Module loaded.
2024-08-22 16:00:35,843 - elsapy.elsclient - INFO - Module loaded.
2024-08-22 16:00:35,844 - elsapy.elsentity - INFO - Module loaded.
2024-08-22 16:00:35,844 - elsapy.utils - INFO - Module loaded.
2024-08-22 16:00:35,845 - elsapy.elsprofile - INFO - Module loaded.
2024-08-22 16:00:35,845 - elsapy.elsdoc - INFO - Module loaded.
2024-08-22 16:00:35,846 - elsapy.elssearch - INFO - Module loaded.
2024-08-22 16:18:56,653 - elsapy.elsclient - INFO - Module loaded.
2024-08-22 16:18:56,654 - elsapy.elsentity - INFO - Module loaded.
2024-08-22 16:18:56,654 - elsapy.utils - INFO - Module loaded.
2024-08-22 16:18:56,655 - elsapy.elsprofile - INFO - Module loaded.
2024-08-22 16:18:56,655 - elsapy.elsdoc - INFO - Module loaded.
2024-08-22 16:18:56,656 - elsapy.elssearch - INFO - Module loaded.
2024-08-22 16:20:23,943 - elsapy.elsclient - INFO - Module loaded.
2024-08-22 16:20:23,944 - elsapy.elsentity - INFO - Module loaded.
2024-08-22 16:20:23,945 - elsapy.utils - INFO - Module loaded.
2024-08-22 16:20:23,945 - elsapy.elsprofile - INFO - Module loaded.
2024-08-22 16:20:23,946 - elsapy.elsdoc - INFO - Module loaded.
2024-08-22 16:20:23,946 - elsapy.elssearch - INFO - Module loaded.
2024-08-22 16:22:45,311 - elsapy.elsclient - INFO - Module loaded.
2024-08-22 16:22:45,312 - elsapy.elsentity - INFO - Module loaded.
2024-08-22 16:22:45,313 - elsapy.utils - INFO - Module loaded.
2024-08-22 16:22:45,313 - elsapy.elsprofile - INFO - Module loaded.
2024-08-22 16:22:45,314 - elsapy.elsdoc - INFO - Module loaded.
2024-08-22 16:22:45,315 - elsapy.elssearch - INFO - Module loaded.
2024-08-22 16:23:51,116 - elsapy.elsclient - INFO - Module loaded.
2024-08-22 16:23:51,117 - elsapy.elsentity - INFO - Module loaded.
2024-08-22 16:23:51,118 - elsapy.utils - INFO - Module loaded.
2024-08-22 16:23:51,118 - elsapy.elsprofile - INFO - Module loaded.
2024-08-22 16:23:51,119 - elsapy.elsdoc - INFO - Module loaded.
2024-08-22 16:23:51,120 - elsapy.elssearch - INFO - Module loaded.
2024-08-22 16:26:15,172 - elsapy.elsclient - INFO - Module loaded.
2024-08-22 16:26:15,173 - elsapy.elsentity - INFO - Module loaded.
2024-08-22 16:26:15,173 - elsapy.utils - INFO - Module loaded.
2024-08-22 16:26:15,174 - elsapy.elsprofile - INFO - Module loaded.
2024-08-22 16:26:15,174 - elsapy.elsdoc - INFO - Module loaded.
2024-08-22 16:26:15,175 - elsapy.elssearch - INFO - Module loaded.
2024-08-22 16:30:42,447 - elsapy.elsclient - INFO - Module loaded.
2024-08-22 16:30:42,448 - elsapy.elsentity - INFO - Module loaded.
2024-08-22 16:30:42,448 - elsapy.utils - INFO - Module loaded.
2024-08-22 16:30:42,449 - elsapy.elsprofile - INFO - Module loaded.
2024-08-22 16:30:42,449 - elsapy.elsdoc - INFO - Module loaded.
2024-08-22 16:30:42,450 - elsapy.elssearch - INFO - Module loaded.
2024-08-22 16:33:18,385 - elsapy.elsclient - INFO - Module loaded.
2024-08-22 16:33:18,386 - elsapy.elsentity - INFO - Module loaded.
2024-08-22 16:33:18,387 - elsapy.utils - INFO - Module loaded.
2024-08-22 16:33:18,387 - elsapy.elsprofile - INFO - Module loaded.
2024-08-22 16:33:18,388 - elsapy.elsdoc - INFO - Module loaded.
2024-08-22 16:33:18,389 - elsapy.elssearch - INFO - Module loaded.
2024-08-22 16:35:16,413 - elsapy.elsclient - INFO - Module loaded.
2024-08-22 16:35:16,414 - elsapy.elsentity - INFO - Module loaded.
2024-08-22 16:35:16,414 - elsapy.utils - INFO - Module loaded.
2024-08-22 16:35:16,415 - elsapy.elsprofile - INFO - Module loaded.
2024-08-22 16:35:16,415 - elsapy.elsdoc - INFO - Module loaded.
2024-08-22 16:35:16,416 - elsapy.elssearch - INFO - Module loaded.
2024-08-22 16:44:39,730 - elsapy.elsclient - INFO - Module loaded.
2024-08-22 16:44:39,731 - elsapy.elsentity - INFO - Module loaded.
2024-08-22 16:44:39,732 - elsapy.utils - INFO - Module loaded.
2024-08-22 16:44:39,732 - elsapy.elsprofile - INFO - Module loaded.
2024-08-22 16:44:39,733 - elsapy.elsdoc - INFO - Module loaded.
2024-08-22 16:44:39,734 - elsapy.elssearch - INFO - Module loaded.
2024-08-22 16:45:37,266 - elsapy.elsclient - INFO - Module loaded.
2024-08-22 16:45:37,267 - elsapy.elsentity - INFO - Module loaded.
2024-08-22 16:45:37,268 - elsapy.utils - INFO - Module loaded.
2024-08-22 16:45:37,268 - elsapy.elsprofile - INFO - Module loaded.
2024-08-22 16:45:37,269 - elsapy.elsdoc - INFO - Module loaded.
2024-08-22 16:45:37,269 - elsapy.elssearch - INFO - Module loaded.
2024-08-22 17:45:07,858 - elsapy.elsclient - INFO - Module loaded.
2024-08-22 17:45:07,859 - elsapy.elsentity - INFO - Module loaded.
2024-08-22 17:45:07,859 - elsapy.utils - INFO - Module loaded.
2024-08-22 17:45:07,860 - elsapy.elsprofile - INFO - Module loaded.
2024-08-22 17:45:07,860 - elsapy.elsdoc - INFO - Module loaded.
2024-08-22 17:45:07,861 - elsapy.elssearch - INFO - Module loaded.
2024-08-22 17:46:09,741 - elsapy.elsclient - INFO - Module loaded.
2024-08-22 17:46:09,742 - elsapy.elsentity - INFO - Module loaded.
2024-08-22 17:46:09,743 - elsapy.utils - INFO - Module loaded.
2024-08-22 17:46:09,743 - elsapy.elsprofile - INFO - Module loaded.
2024-08-22 17:46:09,744 - elsapy.elsdoc - INFO - Module loaded.
2024-08-22 17:46:09,745 - elsapy.elssearch - INFO - Module loaded.
2024-08-22 17:46:53,848 - elsapy.elsclient - INFO - Module loaded.
2024-08-22 17:46:53,850 - elsapy.elsentity - INFO - Module loaded.
2024-08-22 17:46:53,850 - elsapy.utils - INFO - Module loaded.
2024-08-22 17:46:53,850 - elsapy.elsprofile - INFO - Module loaded.
2024-08-22 17:46:53,851 - elsapy.elsdoc - INFO - Module loaded.
2024-08-22 17:46:53,852 - elsapy.elssearch - INFO - Module loaded.
2024-08-22 17:47:17,712 - elsapy.elsclient - INFO - Module loaded.
2024-08-22 17:47:17,713 - elsapy.elsentity - INFO - Module loaded.
2024-08-22 17:47:17,714 - elsapy.utils - INFO - Module loaded.
2024-08-22 17:47:17,714 - elsapy.elsprofile - INFO - Module loaded.
2024-08-22 17:47:17,715 - elsapy.elsdoc - INFO - Module loaded.
2024-08-22 17:47:17,716 - elsapy.elssearch - INFO - Module loaded.
2024-08-22 17:48:23,335 - elsapy.elsclient - INFO - Module loaded.
2024-08-22 17:48:23,336 - elsapy.elsentity - INFO - Module loaded.
2024-08-22 17:48:23,337 - elsapy.utils - INFO - Module loaded.
2024-08-22 17:48:23,337 - elsapy.elsprofile - INFO - Module loaded.
2024-08-22 17:48:23,338 - elsapy.elsdoc - INFO - Module loaded.
2024-08-22 17:48:23,338 - elsapy.elssearch - INFO - Module loaded.
2024-08-22 17:49:12,745 - elsapy.elsclient - INFO - Module loaded.
2024-08-22 17:49:12,746 - elsapy.elsentity - INFO - Module loaded.
2024-08-22 17:49:12,747 - elsapy.utils - INFO - Module loaded.
2024-08-22 17:49:12,747 - elsapy.elsprofile - INFO - Module loaded.
2024-08-22 17:49:12,750 - elsapy.elsdoc - INFO - Module loaded.
2024-08-22 17:49:12,753 - elsapy.elssearch - INFO - Module loaded.
2024-08-22 17:49:20,281 - elsapy.elsclient - INFO - Module loaded.
2024-08-22 17:49:20,282 - elsapy.elsentity - INFO - Module loaded.
2024-08-22 17:49:20,283 - elsapy.utils - INFO - Module loaded.
2024-08-22 17:49:20,283 - elsapy.elsprofile - INFO - Module loaded.
2024-08-22 17:49:20,284 - elsapy.elsdoc - INFO - Module loaded.
2024-08-22 17:49:20,284 - elsapy.elssearch - INFO - Module loaded.
2024-08-22 17:49:40,514 - elsapy.elsclient - INFO - Module loaded.
2024-08-22 17:49:40,516 - elsapy.elsentity - INFO - Module loaded.
2024-08-22 17:49:40,516 - elsapy.utils - INFO - Module loaded.
2024-08-22 17:49:40,516 - elsapy.elsprofile - INFO - Module loaded.
2024-08-22 17:49:40,517 - elsapy.elsdoc - INFO - Module loaded.
2024-08-22 17:49:40,518 - elsapy.elssearch - INFO - Module loaded.
2024-08-22 17:50:13,239 - elsapy.elsclient - INFO - Module loaded.
2024-08-22 17:50:13,241 - elsapy.elsentity - INFO - Module loaded.
2024-08-22 17:50:13,241 - elsapy.utils - INFO - Module loaded.
2024-08-22 17:50:13,241 - elsapy.elsprofile - INFO - Module loaded.
2024-08-22 17:50:13,242 - elsapy.elsdoc - INFO - Module loaded.
2024-08-22 17:50:13,243 - elsapy.elssearch - INFO - Module loaded.
2024-08-22 17:51:20,452 - elsapy.elsclient - INFO - Module loaded.
2024-08-22 17:51:20,453 - elsapy.elsentity - INFO - Module loaded.
2024-08-22 17:51:20,454 - elsapy.utils - INFO - Module loaded.
2024-08-22 17:51:20,454 - elsapy.elsprofile - INFO - Module loaded.
2024-08-22 17:51:20,455 - elsapy.elsdoc - INFO - Module loaded.
2024-08-22 17:51:20,455 - elsapy.elssearch - INFO - Module loaded.
2024-08-22 17:52:17,653 - elsapy.elsclient - INFO - Module loaded.
2024-08-22 17:52:17,654 - elsapy.elsentity - INFO - Module loaded.
2024-08-22 17:52:17,655 - elsapy.utils - INFO - Module loaded.
2024-08-22 17:52:17,655 - elsapy.elsprofile - INFO - Module loaded.
2024-08-22 17:52:17,656 - elsapy.elsdoc - INFO - Module loaded.
2024-08-22 17:52:17,657 - elsapy.elssearch - INFO - Module loaded.
2024-08-22 17:52:38,275 - elsapy.elsclient - INFO - Module loaded.
2024-08-22 17:52:38,276 - elsapy.elsentity - INFO - Module loaded.
2024-08-22 17:52:38,277 - elsapy.utils - INFO - Module loaded.
2024-08-22 17:52:38,277 - elsapy.elsprofile - INFO - Module loaded.
2024-08-22 17:52:38,278 - elsapy.elsdoc - INFO - Module loaded.
2024-08-22 17:52:38,279 - elsapy.elssearch - INFO - Module loaded.
2024-08-22 17:52:58,311 - elsapy.elsclient - INFO - Module loaded.
2024-08-22 17:52:58,312 - elsapy.elsentity - INFO - Module loaded.
2024-08-22 17:52:58,313 - elsapy.utils - INFO - Module loaded.
2024-08-22 17:52:58,313 - elsapy.elsprofile - INFO - Module loaded.
2024-08-22 17:52:58,314 - elsapy.elsdoc - INFO - Module loaded.
2024-08-22 17:52:58,315 - elsapy.elssearch - INFO - Module loaded.
2024-08-22 17:53:21,622 - elsapy.elsclient - INFO - Module loaded.
2024-08-22 17:53:21,623 - elsapy.elsentity - INFO - Module loaded.
2024-08-22 17:53:21,624 - elsapy.utils - INFO - Module loaded.
2024-08-22 17:53:21,624 - elsapy.elsprofile - INFO - Module loaded.
2024-08-22 17:53:21,625 - elsapy.elsdoc - INFO - Module loaded.
2024-08-22 17:53:21,626 - elsapy.elssearch - INFO - Module loaded.
2024-08-22 17:54:19,479 - elsapy.elsclient - INFO - Module loaded.
2024-08-22 17:54:19,480 - elsapy.elsentity - INFO - Module loaded.
2024-08-22 17:54:19,480 - elsapy.utils - INFO - Module loaded.
2024-08-22 17:54:19,481 - elsapy.elsprofile - INFO - Module loaded.
2024-08-22 17:54:19,481 - elsapy.elsdoc - INFO - Module loaded.
2024-08-22 17:54:19,482 - elsapy.elssearch - INFO - Module loaded.
2024-08-22 17:54:41,663 - elsapy.elsclient - INFO - Module loaded.
2024-08-22 17:54:41,664 - elsapy.elsentity - INFO - Module loaded.
2024-08-22 17:54:41,665 - elsapy.utils - INFO - Module loaded.
2024-08-22 17:54:41,665 - elsapy.elsprofile - INFO - Module loaded.
2024-08-22 17:54:41,666 - elsapy.elsdoc - INFO - Module loaded.
2024-08-22 17:54:41,666 - elsapy.elssearch - INFO - Module loaded.
2024-08-22 17:55:25,593 - elsapy.elsclient - INFO - Module loaded.
2024-08-22 17:55:25,594 - elsapy.elsentity - INFO - Module loaded.
2024-08-22 17:55:25,595 - elsapy.utils - INFO - Module loaded.
2024-08-22 17:55:25,595 - elsapy.elsprofile - INFO - Module loaded.
2024-08-22 17:55:25,596 - elsapy.elsdoc - INFO - Module loaded.
2024-08-22 17:55:25,597 - elsapy.elssearch - INFO - Module loaded.
2024-08-22 17:55:51,154 - elsapy.elsclient - INFO - Module loaded.
2024-08-22 17:55:51,155 - elsapy.elsentity - INFO - Module loaded.
2024-08-22 17:55:51,155 - elsapy.utils - INFO - Module loaded.
2024-08-22 17:55:51,156 - elsapy.elsprofile - INFO - Module loaded.
2024-08-22 17:55:51,156 - elsapy.elsdoc - INFO - Module loaded.
2024-08-22 17:55:51,157 - elsapy.elssearch - INFO - Module loaded.
2024-08-22 17:56:33,761 - elsapy.elsclient - INFO - Module loaded.
2024-08-22 17:56:33,762 - elsapy.elsentity - INFO - Module loaded.
2024-08-22 17:56:33,763 - elsapy.utils - INFO - Module loaded.
2024-08-22 17:56:33,763 - elsapy.elsprofile - INFO - Module loaded.
2024-08-22 17:56:33,764 - elsapy.elsdoc - INFO - Module loaded.
2024-08-22 17:56:33,764 - elsapy.elssearch - INFO - Module loaded.
2024-08-22 17:56:53,332 - elsapy.elsclient - INFO - Module loaded.
2024-08-22 17:56:53,333 - elsapy.elsentity - INFO - Module loaded.
2024-08-22 17:56:53,334 - elsapy.utils - INFO - Module loaded.
2024-08-22 17:56:53,334 - elsapy.elsprofile - INFO - Module loaded.
2024-08-22 17:56:53,335 - elsapy.elsdoc - INFO - Module loaded.
2024-08-22 17:56:53,336 - elsapy.elssearch - INFO - Module loaded.
2024-08-22 17:57:19,870 - elsapy.elsclient - INFO - Module loaded.
2024-08-22 17:57:19,871 - elsapy.elsentity - INFO - Module loaded.
2024-08-22 17:57:19,871 - elsapy.utils - INFO - Module loaded.
2024-08-22 17:57:19,872 - elsapy.elsprofile - INFO - Module loaded.
2024-08-22 17:57:19,872 - elsapy.elsdoc - INFO - Module loaded.
2024-08-22 17:57:19,873 - elsapy.elssearch - INFO - Module loaded.
2024-08-22 17:57:48,986 - elsapy.elsclient - INFO - Module loaded.
2024-08-22 17:57:48,987 - elsapy.elsentity - INFO - Module loaded.
2024-08-22 17:57:48,988 - elsapy.utils - INFO - Module loaded.
2024-08-22 17:57:48,988 - elsapy.elsprofile - INFO - Module loaded.
2024-08-22 17:57:48,989 - elsapy.elsdoc - INFO - Module loaded.
2024-08-22 17:57:48,990 - elsapy.elssearch - INFO - Module loaded.
2024-08-22 17:58:22,747 - elsapy.elsclient - INFO - Module loaded.
2024-08-22 17:58:22,748 - elsapy.elsentity - INFO - Module loaded.
2024-08-22 17:58:22,748 - elsapy.utils - INFO - Module loaded.
2024-08-22 17:58:22,749 - elsapy.elsprofile - INFO - Module loaded.
2024-08-22 17:58:22,749 - elsapy.elsdoc - INFO - Module loaded.
2024-08-22 17:58:22,750 - elsapy.elssearch - INFO - Module loaded.
2024-08-22 17:58:40,312 - elsapy.elsclient - INFO - Module loaded.
2024-08-22 17:58:40,313 - elsapy.elsentity - INFO - Module loaded.
2024-08-22 17:58:40,314 - elsapy.utils - INFO - Module loaded.
2024-08-22 17:58:40,314 - elsapy.elsprofile - INFO - Module loaded.
2024-08-22 17:58:40,315 - elsapy.elsdoc - INFO - Module loaded.
2024-08-22 17:58:40,316 - elsapy.elssearch - INFO - Module loaded.
2024-08-22 17:58:53,383 - elsapy.elsclient - INFO - Module loaded.
2024-08-22 17:58:53,384 - elsapy.elsentity - INFO - Module loaded.
2024-08-22 17:58:53,385 - elsapy.utils - INFO - Module loaded.
2024-08-22 17:58:53,385 - elsapy.elsprofile - INFO - Module loaded.
2024-08-22 17:58:53,386 - elsapy.elsdoc - INFO - Module loaded.
2024-08-22 17:58:53,386 - elsapy.elssearch - INFO - Module loaded.
2024-08-22 18:02:57,483 - elsapy.elsclient - INFO - Module loaded.
2024-08-22 18:02:57,484 - elsapy.elsentity - INFO - Module loaded.
2024-08-22 18:02:57,485 - elsapy.utils - INFO - Module loaded.
2024-08-22 18:02:57,485 - elsapy.elsprofile - INFO - Module loaded.
2024-08-22 18:02:57,486 - elsapy.elsdoc - INFO - Module loaded.
2024-08-22 18:02:57,486 - elsapy.elssearch - INFO - Module loaded.
2024-08-22 18:03:12,397 - elsapy.elsclient - INFO - Module loaded.
2024-08-22 18:03:12,398 - elsapy.elsentity - INFO - Module loaded.
2024-08-22 18:03:12,399 - elsapy.utils - INFO - Module loaded.
2024-08-22 18:03:12,399 - elsapy.elsprofile - INFO - Module loaded.
2024-08-22 18:03:12,400 - elsapy.elsdoc - INFO - Module loaded.
2024-08-22 18:03:12,401 - elsapy.elssearch - INFO - Module loaded.
2024-08-22 18:03:49,167 - elsapy.elsclient - INFO - Module loaded.
2024-08-22 18:03:49,168 - elsapy.elsentity - INFO - Module loaded.
2024-08-22 18:03:49,168 - elsapy.utils - INFO - Module loaded.
2024-08-22 18:03:49,169 - elsapy.elsprofile - INFO - Module loaded.
2024-08-22 18:03:49,169 - elsapy.elsdoc - INFO - Module loaded.
2024-08-22 18:03:49,170 - elsapy.elssearch - INFO - Module loaded.
2024-08-22 18:05:28,447 - elsapy.elsclient - INFO - Module loaded.
2024-08-22 18:05:28,448 - elsapy.elsentity - INFO - Module loaded.
2024-08-22 18:05:28,449 - elsapy.utils - INFO - Module loaded.
2024-08-22 18:05:28,449 - elsapy.elsprofile - INFO - Module loaded.
2024-08-22 18:05:28,450 - elsapy.elsdoc - INFO - Module loaded.
2024-08-22 18:05:28,451 - elsapy.elssearch - INFO - Module loaded.
2024-08-22 18:06:17,331 - elsapy.elsclient - INFO - Module loaded.
2024-08-22 18:06:17,332 - elsapy.elsentity - INFO - Module loaded.
2024-08-22 18:06:17,333 - elsapy.utils - INFO - Module loaded.
2024-08-22 18:06:17,333 - elsapy.elsprofile - INFO - Module loaded.
2024-08-22 18:06:17,334 - elsapy.elsdoc - INFO - Module loaded.
2024-08-22 18:06:17,335 - elsapy.elssearch - INFO - Module loaded.
2024-08-22 18:06:39,274 - elsapy.elsclient - INFO - Module loaded.
2024-08-22 18:06:39,275 - elsapy.elsentity - INFO - Module loaded.
2024-08-22 18:06:39,276 - elsapy.utils - INFO - Module loaded.
2024-08-22 18:06:39,276 - elsapy.elsprofile - INFO - Module loaded.
2024-08-22 18:06:39,277 - elsapy.elsdoc - INFO - Module loaded.
2024-08-22 18:06:39,278 - elsapy.elssearch - INFO - Module loaded.
2024-08-22 18:06:57,532 - elsapy.elsclient - INFO - Module loaded.
2024-08-22 18:06:57,533 - elsapy.elsentity - INFO - Module loaded.
2024-08-22 18:06:57,534 - elsapy.utils - INFO - Module loaded.
2024-08-22 18:06:57,534 - elsapy.elsprofile - INFO - Module loaded.
2024-08-22 18:06:57,535 - elsapy.elsdoc - INFO - Module loaded.
2024-08-22 18:06:57,536 - elsapy.elssearch - INFO - Module loaded.
2024-08-22 18:07:33,612 - elsapy.elsclient - INFO - Module loaded.
2024-08-22 18:07:33,613 - elsapy.elsentity - INFO - Module loaded.
2024-08-22 18:07:33,614 - elsapy.utils - INFO - Module loaded.
2024-08-22 18:07:33,614 - elsapy.elsprofile - INFO - Module loaded.
2024-08-22 18:07:33,615 - elsapy.elsdoc - INFO - Module loaded.
2024-08-22 18:07:33,615 - elsapy.elssearch - INFO - Module loaded.
2024-08-22 18:07:42,838 - elsapy.elsclient - INFO - Module loaded.
2024-08-22 18:07:42,839 - elsapy.elsentity - INFO - Module loaded.
2024-08-22 18:07:42,840 - elsapy.utils - INFO - Module loaded.
2024-08-22 18:07:42,840 - elsapy.elsprofile - INFO - Module loaded.
2024-08-22 18:07:42,841 - elsapy.elsdoc - INFO - Module loaded.
2024-08-22 18:07:42,842 - elsapy.elssearch - INFO - Module loaded.
2024-08-22 18:08:30,093 - elsapy.elsclient - INFO - Module loaded.
2024-08-22 18:08:30,094 - elsapy.elsentity - INFO - Module loaded.
2024-08-22 18:08:30,095 - elsapy.utils - INFO - Module loaded.
2024-08-22 18:08:30,095 - elsapy.elsprofile - INFO - Module loaded.
2024-08-22 18:08:30,096 - elsapy.elsdoc - INFO - Module loaded.
2024-08-22 18:08:30,096 - elsapy.elssearch - INFO - Module loaded.
2024-08-22 18:21:18,507 - elsapy.elsclient - INFO - Module loaded.
2024-08-22 18:21:18,508 - elsapy.elsentity - INFO - Module loaded.
2024-08-22 18:21:18,508 - elsapy.utils - INFO - Module loaded.
2024-08-22 18:21:18,509 - elsapy.elsprofile - INFO - Module loaded.
2024-08-22 18:21:18,509 - elsapy.elsdoc - INFO - Module loaded.
2024-08-22 18:21:18,510 - elsapy.elssearch - INFO - Module loaded.
2024-08-22 19:52:07,876 - elsapy.elsclient - INFO - Module loaded.
2024-08-22 19:52:07,877 - elsapy.elsentity - INFO - Module loaded.
2024-08-22 19:52:07,878 - elsapy.utils - INFO - Module loaded.
2024-08-22 19:52:07,878 - elsapy.elsprofile - INFO - Module loaded.
2024-08-22 19:52:07,879 - elsapy.elsdoc - INFO - Module loaded.
2024-08-22 19:52:07,880 - elsapy.elssearch - INFO - Module loaded.
2024-08-22 19:56:51,975 - elsapy.elsclient - INFO - Module loaded.
2024-08-22 19:56:51,976 - elsapy.elsentity - INFO - Module loaded.
2024-08-22 19:56:51,976 - elsapy.utils - INFO - Module loaded.
2024-08-22 19:56:51,977 - elsapy.elsprofile - INFO - Module loaded.
2024-08-22 19:56:51,977 - elsapy.elsdoc - INFO - Module loaded.
2024-08-22 19:56:51,978 - elsapy.elssearch - INFO - Module loaded.
2024-08-22 19:57:39,127 - elsapy.elsclient - INFO - Module loaded.
2024-08-22 19:57:39,129 - elsapy.elsentity - INFO - Module loaded.
2024-08-22 19:57:39,129 - elsapy.utils - INFO - Module loaded.
2024-08-22 19:57:39,129 - elsapy.elsprofile - INFO - Module loaded.
2024-08-22 19:57:39,130 - elsapy.elsdoc - INFO - Module loaded.
2024-08-22 19:57:39,131 - elsapy.elssearch - INFO - Module loaded.
2024-08-22 19:58:30,413 - elsapy.elsclient - INFO - Module loaded.
2024-08-22 19:58:30,415 - elsapy.elsentity - INFO - Module loaded.
2024-08-22 19:58:30,415 - elsapy.utils - INFO - Module loaded.
2024-08-22 19:58:30,416 - elsapy.elsprofile - INFO - Module loaded.
2024-08-22 19:58:30,416 - elsapy.elsdoc - INFO - Module loaded.
2024-08-22 19:58:30,417 - elsapy.elssearch - INFO - Module loaded.
2024-08-22 19:59:25,473 - elsapy.elsclient - INFO - Module loaded.
2024-08-22 19:59:25,474 - elsapy.elsentity - INFO - Module loaded.
2024-08-22 19:59:25,474 - elsapy.utils - INFO - Module loaded.
2024-08-22 19:59:25,475 - elsapy.elsprofile - INFO - Module loaded.
2024-08-22 19:59:25,475 - elsapy.elsdoc - INFO - Module loaded.
2024-08-22 19:59:25,476 - elsapy.elssearch - INFO - Module loaded.
2024-08-22 20:01:28,987 - elsapy.elsclient - INFO - Module loaded.
2024-08-22 20:01:28,988 - elsapy.elsentity - INFO - Module loaded.
2024-08-22 20:01:28,988 - elsapy.utils - INFO - Module loaded.
2024-08-22 20:01:28,989 - elsapy.elsprofile - INFO - Module loaded.
2024-08-22 20:01:28,989 - elsapy.elsdoc - INFO - Module loaded.
2024-08-22 20:01:28,990 - elsapy.elssearch - INFO - Module loaded.
2024-08-22 20:02:56,593 - elsapy.elsclient - INFO - Module loaded.
2024-08-22 20:02:56,594 - elsapy.elsentity - INFO - Module loaded.
2024-08-22 20:02:56,594 - elsapy.utils - INFO - Module loaded.
2024-08-22 20:02:56,595 - elsapy.elsprofile - INFO - Module loaded.
2024-08-22 20:02:56,595 - elsapy.elsdoc - INFO - Module loaded.
2024-08-22 20:02:56,596 - elsapy.elssearch - INFO - Module loaded.
2024-08-22 20:03:55,980 - elsapy.elsclient - INFO - Module loaded.
2024-08-22 20:03:55,981 - elsapy.elsentity - INFO - Module loaded.
2024-08-22 20:03:55,981 - elsapy.utils - INFO - Module loaded.
2024-08-22 20:03:55,982 - elsapy.elsprofile - INFO - Module loaded.
2024-08-22 20:03:55,982 - elsapy.elsdoc - INFO - Module loaded.
2024-08-22 20:03:55,983 - elsapy.elssearch - INFO - Module loaded.
2024-08-22 20:05:18,882 - elsapy.elsclient - INFO - Module loaded.
2024-08-22 20:05:18,883 - elsapy.elsentity - INFO - Module loaded.
2024-08-22 20:05:18,884 - elsapy.utils - INFO - Module loaded.
2024-08-22 20:05:18,884 - elsapy.elsprofile - INFO - Module loaded.
2024-08-22 20:05:18,885 - elsapy.elsdoc - INFO - Module loaded.
2024-08-22 20:05:18,886 - elsapy.elssearch - INFO - Module loaded.
2024-08-22 20:05:40,859 - elsapy.elsclient - INFO - Module loaded.
2024-08-22 20:05:40,860 - elsapy.elsentity - INFO - Module loaded.
2024-08-22 20:05:40,861 - elsapy.utils - INFO - Module loaded.
2024-08-22 20:05:40,861 - elsapy.elsprofile - INFO - Module loaded.
2024-08-22 20:05:40,862 - elsapy.elsdoc - INFO - Module loaded.
2024-08-22 20:05:40,863 - elsapy.elssearch - INFO - Module loaded.
2024-08-22 20:06:06,586 - elsapy.elsclient - INFO - Module loaded.
2024-08-22 20:06:06,588 - elsapy.elsentity - INFO - Module loaded.
2024-08-22 20:06:06,588 - elsapy.utils - INFO - Module loaded.
2024-08-22 20:06:06,589 - elsapy.elsprofile - INFO - Module loaded.
2024-08-22 20:06:06,589 - elsapy.elsdoc - INFO - Module loaded.
2024-08-22 20:06:06,590 - elsapy.elssearch - INFO - Module loaded.
2024-08-22 20:06:22,480 - elsapy.elsclient - INFO - Module loaded.
2024-08-22 20:06:22,481 - elsapy.elsentity - INFO - Module loaded.
2024-08-22 20:06:22,482 - elsapy.utils - INFO - Module loaded.
2024-08-22 20:06:22,482 - elsapy.elsprofile - INFO - Module loaded.
2024-08-22 20:06:22,483 - elsapy.elsdoc - INFO - Module loaded.
2024-08-22 20:06:22,484 - elsapy.elssearch - INFO - Module loaded.
2024-08-22 20:07:02,084 - elsapy.elsclient - INFO - Module loaded.
2024-08-22 20:07:02,085 - elsapy.elsentity - INFO - Module loaded.
2024-08-22 20:07:02,086 - elsapy.utils - INFO - Module loaded.
2024-08-22 20:07:02,086 - elsapy.elsprofile - INFO - Module loaded.
2024-08-22 20:07:02,087 - elsapy.elsdoc - INFO - Module loaded.
2024-08-22 20:07:02,088 - elsapy.elssearch - INFO - Module loaded.
2024-08-22 20:07:36,672 - elsapy.elsclient - INFO - Module loaded.
2024-08-22 20:07:36,673 - elsapy.elsentity - INFO - Module loaded.
2024-08-22 20:07:36,673 - elsapy.utils - INFO - Module loaded.
2024-08-22 20:07:36,674 - elsapy.elsprofile - INFO - Module loaded.
2024-08-22 20:07:36,674 - elsapy.elsdoc - INFO - Module loaded.
2024-08-22 20:07:36,675 - elsapy.elssearch - INFO - Module loaded.
2024-08-22 20:10:05,629 - elsapy.elsclient - INFO - Module loaded.
2024-08-22 20:10:05,630 - elsapy.elsentity - INFO - Module loaded.
2024-08-22 20:10:05,631 - elsapy.utils - INFO - Module loaded.
2024-08-22 20:10:05,631 - elsapy.elsprofile - INFO - Module loaded.
2024-08-22 20:10:05,632 - elsapy.elsdoc - INFO - Module loaded.
2024-08-22 20:10:05,633 - elsapy.elssearch - INFO - Module loaded.
2024-08-22 20:10:56,978 - elsapy.elsclient - INFO - Module loaded.
2024-08-22 20:10:56,979 - elsapy.elsentity - INFO - Module loaded.
2024-08-22 20:10:56,979 - elsapy.utils - INFO - Module loaded.
2024-08-22 20:10:56,980 - elsapy.elsprofile - INFO - Module loaded.
2024-08-22 20:10:56,980 - elsapy.elsdoc - INFO - Module loaded.
2024-08-22 20:10:56,981 - elsapy.elssearch - INFO - Module loaded.
2024-08-22 20:11:27,814 - elsapy.elsclient - INFO - Module loaded.
2024-08-22 20:11:27,815 - elsapy.elsentity - INFO - Module loaded.
2024-08-22 20:11:27,815 - elsapy.utils - INFO - Module loaded.
2024-08-22 20:11:27,816 - elsapy.elsprofile - INFO - Module loaded.
2024-08-22 20:11:27,816 - elsapy.elsdoc - INFO - Module loaded.
2024-08-22 20:11:27,817 - elsapy.elssearch - INFO - Module loaded.
2024-08-22 20:11:37,952 - elsapy.elsclient - INFO - Module loaded.
2024-08-22 20:11:37,953 - elsapy.elsentity - INFO - Module loaded.
2024-08-22 20:11:37,953 - elsapy.utils - INFO - Module loaded.
2024-08-22 20:11:37,954 - elsapy.elsprofile - INFO - Module loaded.
2024-08-22 20:11:37,954 - elsapy.elsdoc - INFO - Module loaded.
2024-08-22 20:11:37,955 - elsapy.elssearch - INFO - Module loaded.
2024-08-22 20:11:51,496 - elsapy.elsclient - INFO - Module loaded.
2024-08-22 20:11:51,497 - elsapy.elsentity - INFO - Module loaded.
2024-08-22 20:11:51,498 - elsapy.utils - INFO - Module loaded.
2024-08-22 20:11:51,498 - elsapy.elsprofile - INFO - Module loaded.
2024-08-22 20:11:51,498 - elsapy.elsdoc - INFO - Module loaded.
2024-08-22 20:11:51,499 - elsapy.elssearch - INFO - Module loaded.
2024-08-22 20:12:24,445 - elsapy.elsclient - INFO - Module loaded.
2024-08-22 20:12:24,446 - elsapy.elsentity - INFO - Module loaded.
2024-08-22 20:12:24,446 - elsapy.utils - INFO - Module loaded.
2024-08-22 20:12:24,447 - elsapy.elsprofile - INFO - Module loaded.
2024-08-22 20:12:24,447 - elsapy.elsdoc - INFO - Module loaded.
2024-08-22 20:12:24,448 - elsapy.elssearch - INFO - Module loaded.
2024-08-22 20:12:38,846 - elsapy.elsclient - INFO - Module loaded.
2024-08-22 20:12:38,847 - elsapy.elsentity - INFO - Module loaded.
2024-08-22 20:12:38,848 - elsapy.utils - INFO - Module loaded.
2024-08-22 20:12:38,848 - elsapy.elsprofile - INFO - Module loaded.
2024-08-22 20:12:38,849 - elsapy.elsdoc - INFO - Module loaded.
2024-08-22 20:12:38,849 - elsapy.elssearch - INFO - Module loaded.
2024-08-22 20:13:05,360 - elsapy.elsclient - INFO - Module loaded.
2024-08-22 20:13:05,361 - elsapy.elsentity - INFO - Module loaded.
2024-08-22 20:13:05,361 - elsapy.utils - INFO - Module loaded.
2024-08-22 20:13:05,362 - elsapy.elsprofile - INFO - Module loaded.
2024-08-22 20:13:05,362 - elsapy.elsdoc - INFO - Module loaded.
2024-08-22 20:13:05,363 - elsapy.elssearch - INFO - Module loaded.
2024-08-22 20:13:38,138 - elsapy.elsclient - INFO - Module loaded.
2024-08-22 20:13:38,139 - elsapy.elsentity - INFO - Module loaded.
2024-08-22 20:13:38,139 - elsapy.utils - INFO - Module loaded.
2024-08-22 20:13:38,140 - elsapy.elsprofile - INFO - Module loaded.
2024-08-22 20:13:38,140 - elsapy.elsdoc - INFO - Module loaded.
2024-08-22 20:13:38,141 - elsapy.elssearch - INFO - Module loaded.
2024-08-22 20:13:59,935 - elsapy.elsclient - INFO - Module loaded.
2024-08-22 20:13:59,936 - elsapy.elsentity - INFO - Module loaded.
2024-08-22 20:13:59,937 - elsapy.utils - INFO - Module loaded.
2024-08-22 20:13:59,937 - elsapy.elsprofile - INFO - Module loaded.
2024-08-22 20:13:59,938 - elsapy.elsdoc - INFO - Module loaded.
2024-08-22 20:13:59,938 - elsapy.elssearch - INFO - Module loaded.
2024-08-22 20:15:16,336 - elsapy.elsclient - INFO - Module loaded.
2024-08-22 20:15:16,338 - elsapy.elsentity - INFO - Module loaded.
2024-08-22 20:15:16,338 - elsapy.utils - INFO - Module loaded.
2024-08-22 20:15:16,338 - elsapy.elsprofile - INFO - Module loaded.
2024-08-22 20:15:16,339 - elsapy.elsdoc - INFO - Module loaded.
2024-08-22 20:15:16,340 - elsapy.elssearch - INFO - Module loaded.
2024-08-22 20:16:10,158 - elsapy.elsclient - INFO - Module loaded.
2024-08-22 20:16:10,159 - elsapy.elsentity - INFO - Module loaded.
2024-08-22 20:16:10,159 - elsapy.utils - INFO - Module loaded.
2024-08-22 20:16:10,160 - elsapy.elsprofile - INFO - Module loaded.
2024-08-22 20:16:10,160 - elsapy.elsdoc - INFO - Module loaded.
2024-08-22 20:16:10,161 - elsapy.elssearch - INFO - Module loaded.
2024-08-22 20:16:27,695 - elsapy.elsclient - INFO - Module loaded.
2024-08-22 20:16:27,697 - elsapy.elsentity - INFO - Module loaded.
2024-08-22 20:16:27,697 - elsapy.utils - INFO - Module loaded.
2024-08-22 20:16:27,698 - elsapy.elsprofile - INFO - Module loaded.
2024-08-22 20:16:27,698 - elsapy.elsdoc - INFO - Module loaded.
2024-08-22 20:16:27,699 - elsapy.elssearch - INFO - Module loaded.
2024-08-22 20:17:27,885 - elsapy.elsclient - INFO - Module loaded.
2024-08-22 20:17:27,886 - elsapy.elsentity - INFO - Module loaded.
2024-08-22 20:17:27,887 - elsapy.utils - INFO - Module loaded.
2024-08-22 20:17:27,887 - elsapy.elsprofile - INFO - Module loaded.
2024-08-22 20:17:27,888 - elsapy.elsdoc - INFO - Module loaded.
2024-08-22 20:17:27,889 - elsapy.elssearch - INFO - Module loaded.
2024-08-22 20:18:04,832 - elsapy.elsclient - INFO - Module loaded.
2024-08-22 20:18:04,833 - elsapy.elsentity - INFO - Module loaded.
2024-08-22 20:18:04,833 - elsapy.utils - INFO - Module loaded.
2024-08-22 20:18:04,834 - elsapy.elsprofile - INFO - Module loaded.
2024-08-22 20:18:04,834 - elsapy.elsdoc - INFO - Module loaded.
2024-08-22 20:18:04,835 - elsapy.elssearch - INFO - Module loaded.
2024-08-22 20:18:22,869 - elsapy.elsclient - INFO - Module loaded.
2024-08-22 20:18:22,870 - elsapy.elsentity - INFO - Module loaded.
2024-08-22 20:18:22,871 - elsapy.utils - INFO - Module loaded.
2024-08-22 20:18:22,871 - elsapy.elsprofile - INFO - Module loaded.
2024-08-22 20:18:22,872 - elsapy.elsdoc - INFO - Module loaded.
2024-08-22 20:18:22,872 - elsapy.elssearch - INFO - Module loaded.
2024-08-22 20:19:28,750 - elsapy.elsclient - INFO - Module loaded.
2024-08-22 20:19:28,751 - elsapy.elsentity - INFO - Module loaded.
2024-08-22 20:19:28,751 - elsapy.utils - INFO - Module loaded.
2024-08-22 20:19:28,752 - elsapy.elsprofile - INFO - Module loaded.
2024-08-22 20:19:28,752 - elsapy.elsdoc - INFO - Module loaded.
2024-08-22 20:19:28,753 - elsapy.elssearch - INFO - Module loaded.
2024-08-22 20:19:41,664 - elsapy.elsclient - INFO - Module loaded.
2024-08-22 20:19:41,666 - elsapy.elsentity - INFO - Module loaded.
2024-08-22 20:19:41,666 - elsapy.utils - INFO - Module loaded.
2024-08-22 20:19:41,667 - elsapy.elsprofile - INFO - Module loaded.
2024-08-22 20:19:41,667 - elsapy.elsdoc - INFO - Module loaded.
2024-08-22 20:19:41,668 - elsapy.elssearch - INFO - Module loaded.
2024-08-22 20:21:05,929 - elsapy.elsclient - INFO - Module loaded.
2024-08-22 20:21:05,930 - elsapy.elsentity - INFO - Module loaded.
2024-08-22 20:21:05,931 - elsapy.utils - INFO - Module loaded.
2024-08-22 20:21:05,931 - elsapy.elsprofile - INFO - Module loaded.
2024-08-22 20:21:05,932 - elsapy.elsdoc - INFO - Module loaded.
2024-08-22 20:21:05,932 - elsapy.elssearch - INFO - Module loaded.
2024-08-22 20:21:46,966 - elsapy.elsclient - INFO - Module loaded.
2024-08-22 20:21:46,967 - elsapy.elsentity - INFO - Module loaded.
2024-08-22 20:21:46,968 - elsapy.utils - INFO - Module loaded.
2024-08-22 20:21:46,968 - elsapy.elsprofile - INFO - Module loaded.
2024-08-22 20:21:46,969 - elsapy.elsdoc - INFO - Module loaded.
2024-08-22 20:21:46,969 - elsapy.elssearch - INFO - Module loaded.
2024-08-22 20:22:02,590 - elsapy.elsclient - INFO - Module loaded.
2024-08-22 20:22:02,591 - elsapy.elsentity - INFO - Module loaded.
2024-08-22 20:22:02,592 - elsapy.utils - INFO - Module loaded.
2024-08-22 20:22:02,592 - elsapy.elsprofile - INFO - Module loaded.
2024-08-22 20:22:02,593 - elsapy.elsdoc - INFO - Module loaded.
2024-08-22 20:22:02,594 - elsapy.elssearch - INFO - Module loaded.
2024-08-22 20:23:17,494 - elsapy.elsclient - INFO - Module loaded.
2024-08-22 20:23:17,495 - elsapy.elsentity - INFO - Module loaded.
2024-08-22 20:23:17,495 - elsapy.utils - INFO - Module loaded.
2024-08-22 20:23:17,496 - elsapy.elsprofile - INFO - Module loaded.
2024-08-22 20:23:17,496 - elsapy.elsdoc - INFO - Module loaded.
2024-08-22 20:23:17,497 - elsapy.elssearch - INFO - Module loaded.
2024-08-22 20:24:21,379 - elsapy.elsclient - INFO - Module loaded.
2024-08-22 20:24:21,380 - elsapy.elsentity - INFO - Module loaded.
2024-08-22 20:24:21,380 - elsapy.utils - INFO - Module loaded.
2024-08-22 20:24:21,381 - elsapy.elsprofile - INFO - Module loaded.
2024-08-22 20:24:21,381 - elsapy.elsdoc - INFO - Module loaded.
2024-08-22 20:24:21,382 - elsapy.elssearch - INFO - Module loaded.
2024-08-22 20:27:24,133 - elsapy.elsclient - INFO - Module loaded.
2024-08-22 20:27:24,134 - elsapy.elsentity - INFO - Module loaded.
2024-08-22 20:27:24,134 - elsapy.utils - INFO - Module loaded.
2024-08-22 20:27:24,135 - elsapy.elsprofile - INFO - Module loaded.
2024-08-22 20:27:24,135 - elsapy.elsdoc - INFO - Module loaded.
2024-08-22 20:27:24,136 - elsapy.elssearch - INFO - Module loaded.
2024-08-22 20:28:43,690 - elsapy.elsclient - INFO - Module loaded.
2024-08-22 20:28:43,691 - elsapy.elsentity - INFO - Module loaded.
2024-08-22 20:28:43,692 - elsapy.utils - INFO - Module loaded.
2024-08-22 20:28:43,692 - elsapy.elsprofile - INFO - Module loaded.
2024-08-22 20:28:43,693 - elsapy.elsdoc - INFO - Module loaded.
2024-08-22 20:28:43,693 - elsapy.elssearch - INFO - Module loaded.
2024-08-22 20:31:32,368 - elsapy.elsclient - INFO - Module loaded.
2024-08-22 20:31:32,369 - elsapy.elsentity - INFO - Module loaded.
2024-08-22 20:31:32,370 - elsapy.utils - INFO - Module loaded.
2024-08-22 20:31:32,370 - elsapy.elsprofile - INFO - Module loaded.
2024-08-22 20:31:32,371 - elsapy.elsdoc - INFO - Module loaded.
2024-08-22 20:31:32,371 - elsapy.elssearch - INFO - Module loaded.
2024-08-22 20:37:28,510 - elsapy.elsclient - INFO - Module loaded.
2024-08-22 20:37:28,511 - elsapy.elsentity - INFO - Module loaded.
2024-08-22 20:37:28,512 - elsapy.utils - INFO - Module loaded.
2024-08-22 20:37:28,512 - elsapy.elsprofile - INFO - Module loaded.
2024-08-22 20:37:28,513 - elsapy.elsdoc - INFO - Module loaded.
2024-08-22 20:37:28,513 - elsapy.elssearch - INFO - Module loaded.
2024-08-22 20:38:00,510 - elsapy.elsclient - INFO - Module loaded.
2024-08-22 20:38:00,511 - elsapy.elsentity - INFO - Module loaded.
2024-08-22 20:38:00,512 - elsapy.utils - INFO - Module loaded.
2024-08-22 20:38:00,512 - elsapy.elsprofile - INFO - Module loaded.
2024-08-22 20:38:00,513 - elsapy.elsdoc - INFO - Module loaded.
2024-08-22 20:38:00,513 - elsapy.elssearch - INFO - Module loaded.
2024-08-22 20:38:38,224 - elsapy.elsclient - INFO - Module loaded.
2024-08-22 20:38:38,225 - elsapy.elsentity - INFO - Module loaded.
2024-08-22 20:38:38,226 - elsapy.utils - INFO - Module loaded.
2024-08-22 20:38:38,226 - elsapy.elsprofile - INFO - Module loaded.
2024-08-22 20:38:38,227 - elsapy.elsdoc - INFO - Module loaded.
2024-08-22 20:38:38,227 - elsapy.elssearch - INFO - Module loaded.
2024-08-22 20:42:24,516 - elsapy.elsclient - INFO - Module loaded.
2024-08-22 20:42:24,517 - elsapy.elsentity - INFO - Module loaded.
2024-08-22 20:42:24,517 - elsapy.utils - INFO - Module loaded.
2024-08-22 20:42:24,518 - elsapy.elsprofile - INFO - Module loaded.
2024-08-22 20:42:24,518 - elsapy.elsdoc - INFO - Module loaded.
2024-08-22 20:42:24,519 - elsapy.elssearch - INFO - Module loaded.
2024-08-22 20:42:45,920 - elsapy.elsclient - INFO - Module loaded.
2024-08-22 20:42:45,921 - elsapy.elsentity - INFO - Module loaded.
2024-08-22 20:42:45,921 - elsapy.utils - INFO - Module loaded.
2024-08-22 20:42:45,922 - elsapy.elsprofile - INFO - Module loaded.
2024-08-22 20:42:45,922 - elsapy.elsdoc - INFO - Module loaded.
2024-08-22 20:42:45,923 - elsapy.elssearch - INFO - Module loaded.
2024-08-22 20:43:19,496 - elsapy.elsclient - INFO - Module loaded.
2024-08-22 20:43:19,497 - elsapy.elsentity - INFO - Module loaded.
2024-08-22 20:43:19,498 - elsapy.utils - INFO - Module loaded.
2024-08-22 20:43:19,498 - elsapy.elsprofile - INFO - Module loaded.
2024-08-22 20:43:19,499 - elsapy.elsdoc - INFO - Module loaded.
2024-08-22 20:43:19,500 - elsapy.elssearch - INFO - Module loaded.
2024-08-22 20:44:17,468 - elsapy.elsclient - INFO - Module loaded.
2024-08-22 20:44:17,469 - elsapy.elsentity - INFO - Module loaded.
2024-08-22 20:44:17,470 - elsapy.utils - INFO - Module loaded.
2024-08-22 20:44:17,470 - elsapy.elsprofile - INFO - Module loaded.
2024-08-22 20:44:17,471 - elsapy.elsdoc - INFO - Module loaded.
2024-08-22 20:44:17,472 - elsapy.elssearch - INFO - Module loaded.
2024-08-22 22:04:56,223 - elsapy.elsclient - INFO - Module loaded.
2024-08-22 22:04:56,224 - elsapy.elsentity - INFO - Module loaded.
2024-08-22 22:04:56,224 - elsapy.utils - INFO - Module loaded.
2024-08-22 22:04:56,225 - elsapy.elsprofile - INFO - Module loaded.
2024-08-22 22:04:56,225 - elsapy.elsdoc - INFO - Module loaded.
2024-08-22 22:04:56,226 - elsapy.elssearch - INFO - Module loaded.
2024-08-22 22:10:32,499 - elsapy.elsclient - INFO - Module loaded.
2024-08-22 22:10:32,500 - elsapy.elsentity - INFO - Module loaded.
2024-08-22 22:10:32,500 - elsapy.utils - INFO - Module loaded.
2024-08-22 22:10:32,500 - elsapy.elsprofile - INFO - Module loaded.
2024-08-22 22:10:32,502 - elsapy.elsdoc - INFO - Module loaded.
2024-08-22 22:10:32,502 - elsapy.elssearch - INFO - Module loaded.
2024-08-22 22:13:21,834 - elsapy.elsclient - INFO - Module loaded.
2024-08-22 22:13:21,835 - elsapy.elsentity - INFO - Module loaded.
2024-08-22 22:13:21,835 - elsapy.utils - INFO - Module loaded.
2024-08-22 22:13:21,836 - elsapy.elsprofile - INFO - Module loaded.
2024-08-22 22:13:21,836 - elsapy.elsdoc - INFO - Module loaded.
2024-08-22 22:13:21,837 - elsapy.elssearch - INFO - Module loaded.
2024-08-22 22:16:39,582 - elsapy.elsclient - INFO - Module loaded.
2024-08-22 22:16:39,583 - elsapy.elsentity - INFO - Module loaded.
2024-08-22 22:16:39,584 - elsapy.utils - INFO - Module loaded.
2024-08-22 22:16:39,584 - elsapy.elsprofile - INFO - Module loaded.
2024-08-22 22:16:39,585 - elsapy.elsdoc - INFO - Module loaded.
2024-08-22 22:16:39,586 - elsapy.elssearch - INFO - Module loaded.
2024-08-22 22:17:54,718 - elsapy.elsclient - INFO - Module loaded.
2024-08-22 22:17:54,719 - elsapy.elsentity - INFO - Module loaded.
2024-08-22 22:17:54,720 - elsapy.utils - INFO - Module loaded.
2024-08-22 22:17:54,720 - elsapy.elsprofile - INFO - Module loaded.
2024-08-22 22:17:54,721 - elsapy.elsdoc - INFO - Module loaded.
2024-08-22 22:17:54,722 - elsapy.elssearch - INFO - Module loaded.
2024-08-22 22:21:05,856 - elsapy.elsclient - INFO - Module loaded.
2024-08-22 22:21:05,857 - elsapy.elsentity - INFO - Module loaded.
2024-08-22 22:21:05,857 - elsapy.utils - INFO - Module loaded.
2024-08-22 22:21:05,858 - elsapy.elsprofile - INFO - Module loaded.
2024-08-22 22:21:05,858 - elsapy.elsdoc - INFO - Module loaded.
2024-08-22 22:21:05,859 - elsapy.elssearch - INFO - Module loaded.
2024-08-22 22:21:26,091 - elsapy.elsclient - INFO - Module loaded.
2024-08-22 22:21:26,092 - elsapy.elsentity - INFO - Module loaded.
2024-08-22 22:21:26,093 - elsapy.utils - INFO - Module loaded.
2024-08-22 22:21:26,093 - elsapy.elsprofile - INFO - Module loaded.
2024-08-22 22:21:26,094 - elsapy.elsdoc - INFO - Module loaded.
2024-08-22 22:21:26,095 - elsapy.elssearch - INFO - Module loaded.
2024-08-22 22:24:19,978 - elsapy.elsclient - INFO - Module loaded.
2024-08-22 22:24:19,979 - elsapy.elsentity - INFO - Module loaded.
2024-08-22 22:24:19,979 - elsapy.utils - INFO - Module loaded.
2024-08-22 22:24:19,980 - elsapy.elsprofile - INFO - Module loaded.
2024-08-22 22:24:19,981 - elsapy.elsdoc - INFO - Module loaded.
2024-08-22 22:24:19,981 - elsapy.elssearch - INFO - Module loaded.
2024-08-22 22:24:42,506 - elsapy.elsclient - INFO - Module loaded.
2024-08-22 22:24:42,507 - elsapy.elsentity - INFO - Module loaded.
2024-08-22 22:24:42,507 - elsapy.utils - INFO - Module loaded.
2024-08-22 22:24:42,508 - elsapy.elsprofile - INFO - Module loaded.
2024-08-22 22:24:42,508 - elsapy.elsdoc - INFO - Module loaded.
2024-08-22 22:24:42,509 - elsapy.elssearch - INFO - Module loaded.
2024-08-22 22:25:34,736 - elsapy.elsclient - INFO - Module loaded.
2024-08-22 22:25:34,737 - elsapy.elsentity - INFO - Module loaded.
2024-08-22 22:25:34,737 - elsapy.utils - INFO - Module loaded.
2024-08-22 22:25:34,738 - elsapy.elsprofile - INFO - Module loaded.
2024-08-22 22:25:34,738 - elsapy.elsdoc - INFO - Module loaded.
2024-08-22 22:25:34,739 - elsapy.elssearch - INFO - Module loaded.
2024-08-22 22:29:43,260 - elsapy.elsclient - INFO - Module loaded.
2024-08-22 22:29:43,261 - elsapy.elsentity - INFO - Module loaded.
2024-08-22 22:29:43,262 - elsapy.utils - INFO - Module loaded.
2024-08-22 22:29:43,262 - elsapy.elsprofile - INFO - Module loaded.
2024-08-22 22:29:43,263 - elsapy.elsdoc - INFO - Module loaded.
2024-08-22 22:29:43,263 - elsapy.elssearch - INFO - Module loaded.
2024-08-22 22:33:20,594 - elsapy.elsclient - INFO - Module loaded.
2024-08-22 22:33:20,595 - elsapy.elsentity - INFO - Module loaded.
2024-08-22 22:33:20,596 - elsapy.utils - INFO - Module loaded.
2024-08-22 22:33:20,596 - elsapy.elsprofile - INFO - Module loaded.
2024-08-22 22:33:20,597 - elsapy.elsdoc - INFO - Module loaded.
2024-08-22 22:33:20,598 - elsapy.elssearch - INFO - Module loaded.
2024-08-22 22:39:00,692 - elsapy.elsclient - INFO - Module loaded.
2024-08-22 22:39:00,693 - elsapy.elsentity - INFO - Module loaded.
2024-08-22 22:39:00,694 - elsapy.utils - INFO - Module loaded.
2024-08-22 22:39:00,694 - elsapy.elsprofile - INFO - Module loaded.
2024-08-22 22:39:00,695 - elsapy.elsdoc - INFO - Module loaded.
2024-08-22 22:39:00,695 - elsapy.elssearch - INFO - Module loaded.
2024-08-22 22:41:48,430 - elsapy.elsclient - INFO - Module loaded.
2024-08-22 22:41:48,431 - elsapy.elsentity - INFO - Module loaded.
2024-08-22 22:41:48,432 - elsapy.utils - INFO - Module loaded.
2024-08-22 22:41:48,432 - elsapy.elsprofile - INFO - Module loaded.
2024-08-22 22:41:48,433 - elsapy.elsdoc - INFO - Module loaded.
2024-08-22 22:41:48,433 - elsapy.elssearch - INFO - Module loaded.
2024-08-22 22:44:08,160 - elsapy.elsclient - INFO - Module loaded.
2024-08-22 22:44:08,161 - elsapy.elsentity - INFO - Module loaded.
2024-08-22 22:44:08,162 - elsapy.utils - INFO - Module loaded.
2024-08-22 22:44:08,162 - elsapy.elsprofile - INFO - Module loaded.
2024-08-22 22:44:08,163 - elsapy.elsdoc - INFO - Module loaded.
2024-08-22 22:44:08,163 - elsapy.elssearch - INFO - Module loaded.
2024-08-22 22:51:29,227 - elsapy.elsclient - INFO - Module loaded.
2024-08-22 22:51:29,228 - elsapy.elsentity - INFO - Module loaded.
2024-08-22 22:51:29,229 - elsapy.utils - INFO - Module loaded.
2024-08-22 22:51:29,229 - elsapy.elsprofile - INFO - Module loaded.
2024-08-22 22:51:29,230 - elsapy.elsdoc - INFO - Module loaded.
2024-08-22 22:51:29,230 - elsapy.elssearch - INFO - Module loaded.
2024-08-22 22:54:36,994 - elsapy.elsclient - INFO - Module loaded.
2024-08-22 22:54:36,995 - elsapy.elsentity - INFO - Module loaded.
2024-08-22 22:54:36,995 - elsapy.utils - INFO - Module loaded.
2024-08-22 22:54:36,996 - elsapy.elsprofile - INFO - Module loaded.
2024-08-22 22:54:36,996 - elsapy.elsdoc - INFO - Module loaded.
2024-08-22 22:54:36,997 - elsapy.elssearch - INFO - Module loaded.
2024-08-22 22:58:15,946 - elsapy.elsclient - INFO - Module loaded.
2024-08-22 22:58:15,948 - elsapy.elsentity - INFO - Module loaded.
2024-08-22 22:58:15,948 - elsapy.utils - INFO - Module loaded.
2024-08-22 22:58:15,948 - elsapy.elsprofile - INFO - Module loaded.
2024-08-22 22:58:15,949 - elsapy.elsdoc - INFO - Module loaded.
2024-08-22 22:58:15,950 - elsapy.elssearch - INFO - Module loaded.
2024-08-22 23:02:01,286 - elsapy.elsclient - INFO - Module loaded.
2024-08-22 23:02:01,288 - elsapy.elsentity - INFO - Module loaded.
2024-08-22 23:02:01,288 - elsapy.utils - INFO - Module loaded.
2024-08-22 23:02:01,289 - elsapy.elsprofile - INFO - Module loaded.
2024-08-22 23:02:01,289 - elsapy.elsdoc - INFO - Module loaded.
2024-08-22 23:02:01,290 - elsapy.elssearch - INFO - Module loaded.
2024-08-22 23:05:55,739 - elsapy.elsclient - INFO - Module loaded.
2024-08-22 23:05:55,740 - elsapy.elsentity - INFO - Module loaded.
2024-08-22 23:05:55,740 - elsapy.utils - INFO - Module loaded.
2024-08-22 23:05:55,741 - elsapy.elsprofile - INFO - Module loaded.
2024-08-22 23:05:55,741 - elsapy.elsdoc - INFO - Module loaded.
2024-08-22 23:05:55,742 - elsapy.elssearch - INFO - Module loaded.
2024-08-22 23:06:05,246 - elsapy.elsclient - INFO - Module loaded.
2024-08-22 23:06:05,247 - elsapy.elsentity - INFO - Module loaded.
2024-08-22 23:06:05,248 - elsapy.utils - INFO - Module loaded.
2024-08-22 23:06:05,248 - elsapy.elsprofile - INFO - Module loaded.
2024-08-22 23:06:05,249 - elsapy.elsdoc - INFO - Module loaded.
2024-08-22 23:06:05,249 - elsapy.elssearch - INFO - Module loaded.
