2024-09-06 07:45:39,920 - elsapy.elsclient - INFO - Module loaded.
2024-09-06 07:45:39,921 - elsapy.elsentity - INFO - Module loaded.
2024-09-06 07:45:39,922 - elsapy.utils - INFO - Module loaded.
2024-09-06 07:45:39,922 - elsapy.elsprofile - INFO - Module loaded.
2024-09-06 07:45:39,923 - elsapy.elsdoc - INFO - Module loaded.
2024-09-06 07:45:39,924 - elsapy.elssearch - INFO - Module loaded.
2024-09-06 07:46:46,087 - elsapy.elsclient - INFO - Module loaded.
2024-09-06 07:46:46,089 - elsapy.elsentity - INFO - Module loaded.
2024-09-06 07:46:46,089 - elsapy.utils - INFO - Module loaded.
2024-09-06 07:46:46,090 - elsapy.elsprofile - INFO - Module loaded.
2024-09-06 07:46:46,090 - elsapy.elsdoc - INFO - Module loaded.
2024-09-06 07:46:46,093 - elsapy.elssearch - INFO - Module loaded.
2024-09-06 07:48:10,628 - elsapy.elsclient - INFO - Module loaded.
2024-09-06 07:48:10,629 - elsapy.elsentity - INFO - Module loaded.
2024-09-06 07:48:10,630 - elsapy.utils - INFO - Module loaded.
2024-09-06 07:48:10,630 - elsapy.elsprofile - INFO - Module loaded.
2024-09-06 07:48:10,631 - elsapy.elsdoc - INFO - Module loaded.
2024-09-06 07:48:10,631 - elsapy.elssearch - INFO - Module loaded.
2024-09-06 07:51:46,561 - elsapy.elsclient - INFO - Module loaded.
2024-09-06 07:51:46,562 - elsapy.elsentity - INFO - Module loaded.
2024-09-06 07:51:46,563 - elsapy.utils - INFO - Module loaded.
2024-09-06 07:51:46,563 - elsapy.elsprofile - INFO - Module loaded.
2024-09-06 07:51:46,564 - elsapy.elsdoc - INFO - Module loaded.
2024-09-06 07:51:46,564 - elsapy.elssearch - INFO - Module loaded.
2024-09-06 08:28:30,161 - elsapy.elsclient - INFO - Module loaded.
2024-09-06 08:28:30,162 - elsapy.elsentity - INFO - Module loaded.
2024-09-06 08:28:30,163 - elsapy.utils - INFO - Module loaded.
2024-09-06 08:28:30,163 - elsapy.elsprofile - INFO - Module loaded.
2024-09-06 08:28:30,164 - elsapy.elsdoc - INFO - Module loaded.
2024-09-06 08:28:30,165 - elsapy.elssearch - INFO - Module loaded.
2024-09-06 08:29:26,165 - elsapy.elsclient - INFO - Module loaded.
2024-09-06 08:29:26,166 - elsapy.elsentity - INFO - Module loaded.
2024-09-06 08:29:26,167 - elsapy.utils - INFO - Module loaded.
2024-09-06 08:29:26,167 - elsapy.elsprofile - INFO - Module loaded.
2024-09-06 08:29:26,168 - elsapy.elsdoc - INFO - Module loaded.
2024-09-06 08:29:26,168 - elsapy.elssearch - INFO - Module loaded.
2024-09-06 08:31:37,243 - elsapy.elsclient - INFO - Module loaded.
2024-09-06 08:31:37,244 - elsapy.elsentity - INFO - Module loaded.
2024-09-06 08:31:37,245 - elsapy.utils - INFO - Module loaded.
2024-09-06 08:31:37,245 - elsapy.elsprofile - INFO - Module loaded.
2024-09-06 08:31:37,246 - elsapy.elsdoc - INFO - Module loaded.
2024-09-06 08:31:37,247 - elsapy.elssearch - INFO - Module loaded.
2024-09-06 08:32:34,321 - elsapy.elsclient - INFO - Module loaded.
2024-09-06 08:32:34,322 - elsapy.elsentity - INFO - Module loaded.
2024-09-06 08:32:34,323 - elsapy.utils - INFO - Module loaded.
2024-09-06 08:32:34,323 - elsapy.elsprofile - INFO - Module loaded.
2024-09-06 08:32:34,324 - elsapy.elsdoc - INFO - Module loaded.
2024-09-06 08:32:34,324 - elsapy.elssearch - INFO - Module loaded.
2024-09-06 08:35:24,709 - elsapy.elsclient - INFO - Module loaded.
2024-09-06 08:35:24,710 - elsapy.elsentity - INFO - Module loaded.
2024-09-06 08:35:24,711 - elsapy.utils - INFO - Module loaded.
2024-09-06 08:35:24,711 - elsapy.elsprofile - INFO - Module loaded.
2024-09-06 08:35:24,712 - elsapy.elsdoc - INFO - Module loaded.
2024-09-06 08:35:24,712 - elsapy.elssearch - INFO - Module loaded.
2024-09-06 08:37:09,361 - elsapy.elsclient - INFO - Module loaded.
2024-09-06 08:37:09,363 - elsapy.elsentity - INFO - Module loaded.
2024-09-06 08:37:09,363 - elsapy.utils - INFO - Module loaded.
2024-09-06 08:37:09,363 - elsapy.elsprofile - INFO - Module loaded.
2024-09-06 08:37:09,364 - elsapy.elsdoc - INFO - Module loaded.
2024-09-06 08:37:09,365 - elsapy.elssearch - INFO - Module loaded.
2024-09-06 08:38:11,585 - elsapy.elsclient - INFO - Module loaded.
2024-09-06 08:38:11,586 - elsapy.elsentity - INFO - Module loaded.
2024-09-06 08:38:11,587 - elsapy.utils - INFO - Module loaded.
2024-09-06 08:38:11,587 - elsapy.elsprofile - INFO - Module loaded.
2024-09-06 08:38:11,588 - elsapy.elsdoc - INFO - Module loaded.
2024-09-06 08:38:11,588 - elsapy.elssearch - INFO - Module loaded.
2024-09-06 08:38:39,684 - elsapy.elsclient - INFO - Module loaded.
2024-09-06 08:38:39,686 - elsapy.elsentity - INFO - Module loaded.
2024-09-06 08:38:39,686 - elsapy.utils - INFO - Module loaded.
2024-09-06 08:38:39,687 - elsapy.elsprofile - INFO - Module loaded.
2024-09-06 08:38:39,687 - elsapy.elsdoc - INFO - Module loaded.
2024-09-06 08:38:39,688 - elsapy.elssearch - INFO - Module loaded.
2024-09-06 08:40:27,934 - elsapy.elsclient - INFO - Module loaded.
2024-09-06 08:40:27,935 - elsapy.elsentity - INFO - Module loaded.
2024-09-06 08:40:27,936 - elsapy.utils - INFO - Module loaded.
2024-09-06 08:40:27,936 - elsapy.elsprofile - INFO - Module loaded.
2024-09-06 08:40:27,937 - elsapy.elsdoc - INFO - Module loaded.
2024-09-06 08:40:27,937 - elsapy.elssearch - INFO - Module loaded.
2024-09-06 08:41:44,501 - elsapy.elsclient - INFO - Module loaded.
2024-09-06 08:41:44,502 - elsapy.elsentity - INFO - Module loaded.
2024-09-06 08:41:44,503 - elsapy.utils - INFO - Module loaded.
2024-09-06 08:41:44,503 - elsapy.elsprofile - INFO - Module loaded.
2024-09-06 08:41:44,504 - elsapy.elsdoc - INFO - Module loaded.
2024-09-06 08:41:44,505 - elsapy.elssearch - INFO - Module loaded.
2024-09-06 09:32:30,464 - elsapy.elsclient - INFO - Module loaded.
2024-09-06 09:32:30,465 - elsapy.elsentity - INFO - Module loaded.
2024-09-06 09:32:30,466 - elsapy.utils - INFO - Module loaded.
2024-09-06 09:32:30,466 - elsapy.elsprofile - INFO - Module loaded.
2024-09-06 09:32:30,467 - elsapy.elsdoc - INFO - Module loaded.
2024-09-06 09:32:30,467 - elsapy.elssearch - INFO - Module loaded.
2024-09-06 09:51:34,484 - elsapy.elsclient - INFO - Module loaded.
2024-09-06 09:51:34,485 - elsapy.elsentity - INFO - Module loaded.
2024-09-06 09:51:34,486 - elsapy.utils - INFO - Module loaded.
2024-09-06 09:51:34,486 - elsapy.elsprofile - INFO - Module loaded.
2024-09-06 09:51:34,487 - elsapy.elsdoc - INFO - Module loaded.
2024-09-06 09:51:34,488 - elsapy.elssearch - INFO - Module loaded.
2024-09-06 09:52:11,787 - elsapy.elsclient - INFO - Module loaded.
2024-09-06 09:52:11,788 - elsapy.elsentity - INFO - Module loaded.
2024-09-06 09:52:11,788 - elsapy.utils - INFO - Module loaded.
2024-09-06 09:52:11,789 - elsapy.elsprofile - INFO - Module loaded.
2024-09-06 09:52:11,789 - elsapy.elsdoc - INFO - Module loaded.
2024-09-06 09:52:11,790 - elsapy.elssearch - INFO - Module loaded.
2024-09-06 09:52:31,288 - elsapy.elsclient - INFO - Module loaded.
2024-09-06 09:52:31,289 - elsapy.elsentity - INFO - Module loaded.
2024-09-06 09:52:31,290 - elsapy.utils - INFO - Module loaded.
2024-09-06 09:52:31,290 - elsapy.elsprofile - INFO - Module loaded.
2024-09-06 09:52:31,291 - elsapy.elsdoc - INFO - Module loaded.
2024-09-06 09:52:31,291 - elsapy.elssearch - INFO - Module loaded.
2024-09-06 09:54:30,169 - elsapy.elsclient - INFO - Module loaded.
2024-09-06 09:54:30,171 - elsapy.elsentity - INFO - Module loaded.
2024-09-06 09:54:30,171 - elsapy.utils - INFO - Module loaded.
2024-09-06 09:54:30,171 - elsapy.elsprofile - INFO - Module loaded.
2024-09-06 09:54:30,172 - elsapy.elsdoc - INFO - Module loaded.
2024-09-06 09:54:30,173 - elsapy.elssearch - INFO - Module loaded.
2024-09-06 09:54:45,987 - elsapy.elsclient - INFO - Module loaded.
2024-09-06 09:54:45,988 - elsapy.elsentity - INFO - Module loaded.
2024-09-06 09:54:45,988 - elsapy.utils - INFO - Module loaded.
2024-09-06 09:54:45,989 - elsapy.elsprofile - INFO - Module loaded.
2024-09-06 09:54:45,989 - elsapy.elsdoc - INFO - Module loaded.
2024-09-06 09:54:45,990 - elsapy.elssearch - INFO - Module loaded.
2024-09-06 09:55:46,174 - elsapy.elsclient - INFO - Module loaded.
2024-09-06 09:55:46,175 - elsapy.elsentity - INFO - Module loaded.
2024-09-06 09:55:46,176 - elsapy.utils - INFO - Module loaded.
2024-09-06 09:55:46,176 - elsapy.elsprofile - INFO - Module loaded.
2024-09-06 09:55:46,177 - elsapy.elsdoc - INFO - Module loaded.
2024-09-06 09:55:46,178 - elsapy.elssearch - INFO - Module loaded.
2024-09-06 10:02:51,771 - elsapy.elsclient - INFO - Module loaded.
2024-09-06 10:02:51,772 - elsapy.elsentity - INFO - Module loaded.
2024-09-06 10:02:51,773 - elsapy.utils - INFO - Module loaded.
2024-09-06 10:02:51,773 - elsapy.elsprofile - INFO - Module loaded.
2024-09-06 10:02:51,774 - elsapy.elsdoc - INFO - Module loaded.
2024-09-06 10:02:51,774 - elsapy.elssearch - INFO - Module loaded.
2024-09-06 10:03:11,024 - elsapy.elsclient - INFO - Module loaded.
2024-09-06 10:03:11,025 - elsapy.elsentity - INFO - Module loaded.
2024-09-06 10:03:11,026 - elsapy.utils - INFO - Module loaded.
2024-09-06 10:03:11,026 - elsapy.elsprofile - INFO - Module loaded.
2024-09-06 10:03:11,027 - elsapy.elsdoc - INFO - Module loaded.
2024-09-06 10:03:11,028 - elsapy.elssearch - INFO - Module loaded.
2024-09-06 10:03:39,019 - elsapy.elsclient - INFO - Module loaded.
2024-09-06 10:03:39,020 - elsapy.elsentity - INFO - Module loaded.
2024-09-06 10:03:39,021 - elsapy.utils - INFO - Module loaded.
2024-09-06 10:03:39,021 - elsapy.elsprofile - INFO - Module loaded.
2024-09-06 10:03:39,021 - elsapy.elsdoc - INFO - Module loaded.
2024-09-06 10:03:39,022 - elsapy.elssearch - INFO - Module loaded.
2024-09-06 10:08:20,476 - elsapy.elsclient - INFO - Module loaded.
2024-09-06 10:08:20,477 - elsapy.elsentity - INFO - Module loaded.
2024-09-06 10:08:20,477 - elsapy.utils - INFO - Module loaded.
2024-09-06 10:08:20,478 - elsapy.elsprofile - INFO - Module loaded.
2024-09-06 10:08:20,478 - elsapy.elsdoc - INFO - Module loaded.
2024-09-06 10:08:20,479 - elsapy.elssearch - INFO - Module loaded.
2024-09-06 10:09:04,094 - elsapy.elsclient - INFO - Module loaded.
2024-09-06 10:09:04,095 - elsapy.elsentity - INFO - Module loaded.
2024-09-06 10:09:04,096 - elsapy.utils - INFO - Module loaded.
2024-09-06 10:09:04,096 - elsapy.elsprofile - INFO - Module loaded.
2024-09-06 10:09:04,097 - elsapy.elsdoc - INFO - Module loaded.
2024-09-06 10:09:04,097 - elsapy.elssearch - INFO - Module loaded.
2024-09-06 10:12:40,603 - elsapy.elsclient - INFO - Module loaded.
2024-09-06 10:12:40,605 - elsapy.elsentity - INFO - Module loaded.
2024-09-06 10:12:40,605 - elsapy.utils - INFO - Module loaded.
2024-09-06 10:12:40,606 - elsapy.elsprofile - INFO - Module loaded.
2024-09-06 10:12:40,607 - elsapy.elsdoc - INFO - Module loaded.
2024-09-06 10:12:40,607 - elsapy.elssearch - INFO - Module loaded.
2024-09-06 10:14:50,298 - elsapy.elsclient - INFO - Module loaded.
2024-09-06 10:14:50,299 - elsapy.elsentity - INFO - Module loaded.
2024-09-06 10:14:50,300 - elsapy.utils - INFO - Module loaded.
2024-09-06 10:14:50,300 - elsapy.elsprofile - INFO - Module loaded.
2024-09-06 10:14:50,301 - elsapy.elsdoc - INFO - Module loaded.
2024-09-06 10:14:50,302 - elsapy.elssearch - INFO - Module loaded.
2024-09-06 10:21:07,666 - elsapy.elsclient - INFO - Module loaded.
2024-09-06 10:21:07,667 - elsapy.elsentity - INFO - Module loaded.
2024-09-06 10:21:07,668 - elsapy.utils - INFO - Module loaded.
2024-09-06 10:21:07,668 - elsapy.elsprofile - INFO - Module loaded.
2024-09-06 10:21:07,669 - elsapy.elsdoc - INFO - Module loaded.
2024-09-06 10:21:07,670 - elsapy.elssearch - INFO - Module loaded.
2024-09-06 10:26:34,952 - elsapy.elsclient - INFO - Module loaded.
2024-09-06 10:26:34,953 - elsapy.elsentity - INFO - Module loaded.
2024-09-06 10:26:34,953 - elsapy.utils - INFO - Module loaded.
2024-09-06 10:26:34,954 - elsapy.elsprofile - INFO - Module loaded.
2024-09-06 10:26:34,955 - elsapy.elsdoc - INFO - Module loaded.
2024-09-06 10:26:34,955 - elsapy.elssearch - INFO - Module loaded.
2024-09-06 10:35:36,525 - elsapy.elsclient - INFO - Module loaded.
2024-09-06 10:35:36,527 - elsapy.elsentity - INFO - Module loaded.
2024-09-06 10:35:36,527 - elsapy.utils - INFO - Module loaded.
2024-09-06 10:35:36,528 - elsapy.elsprofile - INFO - Module loaded.
2024-09-06 10:35:36,528 - elsapy.elsdoc - INFO - Module loaded.
2024-09-06 10:35:36,529 - elsapy.elssearch - INFO - Module loaded.
2024-09-06 10:44:59,006 - elsapy.elsclient - INFO - Module loaded.
2024-09-06 10:44:59,007 - elsapy.elsentity - INFO - Module loaded.
2024-09-06 10:44:59,008 - elsapy.utils - INFO - Module loaded.
2024-09-06 10:44:59,008 - elsapy.elsprofile - INFO - Module loaded.
2024-09-06 10:44:59,009 - elsapy.elsdoc - INFO - Module loaded.
2024-09-06 10:44:59,010 - elsapy.elssearch - INFO - Module loaded.
2024-09-06 10:46:59,096 - elsapy.elsclient - INFO - Module loaded.
2024-09-06 10:46:59,098 - elsapy.elsentity - INFO - Module loaded.
2024-09-06 10:46:59,098 - elsapy.utils - INFO - Module loaded.
2024-09-06 10:46:59,098 - elsapy.elsprofile - INFO - Module loaded.
2024-09-06 10:46:59,099 - elsapy.elsdoc - INFO - Module loaded.
2024-09-06 10:46:59,100 - elsapy.elssearch - INFO - Module loaded.
2024-09-06 10:51:23,112 - elsapy.elsclient - INFO - Module loaded.
2024-09-06 10:51:23,113 - elsapy.elsentity - INFO - Module loaded.
2024-09-06 10:51:23,114 - elsapy.utils - INFO - Module loaded.
2024-09-06 10:51:23,114 - elsapy.elsprofile - INFO - Module loaded.
2024-09-06 10:51:23,115 - elsapy.elsdoc - INFO - Module loaded.
2024-09-06 10:51:23,115 - elsapy.elssearch - INFO - Module loaded.
2024-09-06 11:03:53,206 - elsapy.elsclient - INFO - Module loaded.
2024-09-06 11:03:53,207 - elsapy.elsentity - INFO - Module loaded.
2024-09-06 11:03:53,208 - elsapy.utils - INFO - Module loaded.
2024-09-06 11:03:53,208 - elsapy.elsprofile - INFO - Module loaded.
2024-09-06 11:03:53,209 - elsapy.elsdoc - INFO - Module loaded.
2024-09-06 11:03:53,210 - elsapy.elssearch - INFO - Module loaded.
2024-09-06 11:04:24,699 - elsapy.elsclient - INFO - Module loaded.
2024-09-06 11:04:24,701 - elsapy.elsentity - INFO - Module loaded.
2024-09-06 11:04:24,701 - elsapy.utils - INFO - Module loaded.
2024-09-06 11:04:24,702 - elsapy.elsprofile - INFO - Module loaded.
2024-09-06 11:04:24,702 - elsapy.elsdoc - INFO - Module loaded.
2024-09-06 11:04:24,703 - elsapy.elssearch - INFO - Module loaded.
2024-09-06 11:05:53,224 - elsapy.elsclient - INFO - Module loaded.
2024-09-06 11:05:53,226 - elsapy.elsentity - INFO - Module loaded.
2024-09-06 11:05:53,226 - elsapy.utils - INFO - Module loaded.
2024-09-06 11:05:53,226 - elsapy.elsprofile - INFO - Module loaded.
2024-09-06 11:05:53,227 - elsapy.elsdoc - INFO - Module loaded.
2024-09-06 11:05:53,228 - elsapy.elssearch - INFO - Module loaded.
2024-09-06 11:06:44,090 - elsapy.elsclient - INFO - Module loaded.
2024-09-06 11:06:44,091 - elsapy.elsentity - INFO - Module loaded.
2024-09-06 11:06:44,091 - elsapy.utils - INFO - Module loaded.
2024-09-06 11:06:44,092 - elsapy.elsprofile - INFO - Module loaded.
2024-09-06 11:06:44,092 - elsapy.elsdoc - INFO - Module loaded.
2024-09-06 11:06:44,093 - elsapy.elssearch - INFO - Module loaded.
2024-09-06 11:08:43,369 - elsapy.elsclient - INFO - Module loaded.
2024-09-06 11:08:43,371 - elsapy.elsentity - INFO - Module loaded.
2024-09-06 11:08:43,371 - elsapy.utils - INFO - Module loaded.
2024-09-06 11:08:43,371 - elsapy.elsprofile - INFO - Module loaded.
2024-09-06 11:08:43,372 - elsapy.elsdoc - INFO - Module loaded.
2024-09-06 11:08:43,373 - elsapy.elssearch - INFO - Module loaded.
2024-09-06 11:34:52,396 - elsapy.elsclient - INFO - Module loaded.
2024-09-06 11:34:52,397 - elsapy.elsentity - INFO - Module loaded.
2024-09-06 11:34:52,398 - elsapy.utils - INFO - Module loaded.
2024-09-06 11:34:52,398 - elsapy.elsprofile - INFO - Module loaded.
2024-09-06 11:34:52,399 - elsapy.elsdoc - INFO - Module loaded.
2024-09-06 11:34:52,400 - elsapy.elssearch - INFO - Module loaded.
2024-09-06 11:36:08,575 - elsapy.elsclient - INFO - Module loaded.
2024-09-06 11:36:08,576 - elsapy.elsentity - INFO - Module loaded.
2024-09-06 11:36:08,577 - elsapy.utils - INFO - Module loaded.
2024-09-06 11:36:08,577 - elsapy.elsprofile - INFO - Module loaded.
2024-09-06 11:36:08,577 - elsapy.elsdoc - INFO - Module loaded.
2024-09-06 11:36:08,579 - elsapy.elssearch - INFO - Module loaded.
2024-09-06 11:37:32,860 - elsapy.elsclient - INFO - Module loaded.
2024-09-06 11:37:32,862 - elsapy.elsentity - INFO - Module loaded.
2024-09-06 11:37:32,862 - elsapy.utils - INFO - Module loaded.
2024-09-06 11:37:32,863 - elsapy.elsprofile - INFO - Module loaded.
2024-09-06 11:37:32,863 - elsapy.elsdoc - INFO - Module loaded.
2024-09-06 11:37:32,864 - elsapy.elssearch - INFO - Module loaded.
2024-09-06 11:41:18,582 - elsapy.elsclient - INFO - Module loaded.
2024-09-06 11:41:18,583 - elsapy.elsentity - INFO - Module loaded.
2024-09-06 11:41:18,584 - elsapy.utils - INFO - Module loaded.
2024-09-06 11:41:18,584 - elsapy.elsprofile - INFO - Module loaded.
2024-09-06 11:41:18,585 - elsapy.elsdoc - INFO - Module loaded.
2024-09-06 11:41:18,585 - elsapy.elssearch - INFO - Module loaded.
2024-09-06 11:42:14,996 - elsapy.elsclient - INFO - Module loaded.
2024-09-06 11:42:14,997 - elsapy.elsentity - INFO - Module loaded.
2024-09-06 11:42:14,998 - elsapy.utils - INFO - Module loaded.
2024-09-06 11:42:14,998 - elsapy.elsprofile - INFO - Module loaded.
2024-09-06 11:42:14,999 - elsapy.elsdoc - INFO - Module loaded.
2024-09-06 11:42:14,999 - elsapy.elssearch - INFO - Module loaded.
2024-09-06 11:42:38,680 - elsapy.elsclient - INFO - Module loaded.
2024-09-06 11:42:38,681 - elsapy.elsentity - INFO - Module loaded.
2024-09-06 11:42:38,682 - elsapy.utils - INFO - Module loaded.
2024-09-06 11:42:38,682 - elsapy.elsprofile - INFO - Module loaded.
2024-09-06 11:42:38,683 - elsapy.elsdoc - INFO - Module loaded.
2024-09-06 11:42:38,684 - elsapy.elssearch - INFO - Module loaded.
2024-09-06 11:44:34,769 - elsapy.elsclient - INFO - Module loaded.
2024-09-06 11:44:34,770 - elsapy.elsentity - INFO - Module loaded.
2024-09-06 11:44:34,771 - elsapy.utils - INFO - Module loaded.
2024-09-06 11:44:34,771 - elsapy.elsprofile - INFO - Module loaded.
2024-09-06 11:44:34,772 - elsapy.elsdoc - INFO - Module loaded.
2024-09-06 11:44:34,773 - elsapy.elssearch - INFO - Module loaded.
2024-09-06 11:46:47,801 - elsapy.elsclient - INFO - Module loaded.
2024-09-06 11:46:47,802 - elsapy.elsentity - INFO - Module loaded.
2024-09-06 11:46:47,803 - elsapy.utils - INFO - Module loaded.
2024-09-06 11:46:47,803 - elsapy.elsprofile - INFO - Module loaded.
2024-09-06 11:46:47,804 - elsapy.elsdoc - INFO - Module loaded.
2024-09-06 11:46:47,805 - elsapy.elssearch - INFO - Module loaded.
2024-09-06 11:48:17,621 - elsapy.elsclient - INFO - Module loaded.
2024-09-06 11:48:17,622 - elsapy.elsentity - INFO - Module loaded.
2024-09-06 11:48:17,622 - elsapy.utils - INFO - Module loaded.
2024-09-06 11:48:17,623 - elsapy.elsprofile - INFO - Module loaded.
2024-09-06 11:48:17,623 - elsapy.elsdoc - INFO - Module loaded.
2024-09-06 11:48:17,624 - elsapy.elssearch - INFO - Module loaded.
2024-09-06 11:48:28,730 - elsapy.elsclient - INFO - Module loaded.
2024-09-06 11:48:28,732 - elsapy.elsentity - INFO - Module loaded.
2024-09-06 11:48:28,732 - elsapy.utils - INFO - Module loaded.
2024-09-06 11:48:28,733 - elsapy.elsprofile - INFO - Module loaded.
2024-09-06 11:48:28,734 - elsapy.elsdoc - INFO - Module loaded.
2024-09-06 11:48:28,734 - elsapy.elssearch - INFO - Module loaded.
2024-09-06 11:53:30,005 - elsapy.elsclient - INFO - Module loaded.
2024-09-06 11:53:30,006 - elsapy.elsentity - INFO - Module loaded.
2024-09-06 11:53:30,007 - elsapy.utils - INFO - Module loaded.
2024-09-06 11:53:30,007 - elsapy.elsprofile - INFO - Module loaded.
2024-09-06 11:53:30,008 - elsapy.elsdoc - INFO - Module loaded.
2024-09-06 11:53:30,008 - elsapy.elssearch - INFO - Module loaded.
2024-09-06 12:00:05,722 - elsapy.elsclient - INFO - Module loaded.
2024-09-06 12:00:05,723 - elsapy.elsentity - INFO - Module loaded.
2024-09-06 12:00:05,724 - elsapy.utils - INFO - Module loaded.
2024-09-06 12:00:05,724 - elsapy.elsprofile - INFO - Module loaded.
2024-09-06 12:00:05,725 - elsapy.elsdoc - INFO - Module loaded.
2024-09-06 12:00:05,726 - elsapy.elssearch - INFO - Module loaded.
2024-09-06 12:04:05,854 - elsapy.elsclient - INFO - Module loaded.
2024-09-06 12:04:05,855 - elsapy.elsentity - INFO - Module loaded.
2024-09-06 12:04:05,856 - elsapy.utils - INFO - Module loaded.
2024-09-06 12:04:05,856 - elsapy.elsprofile - INFO - Module loaded.
2024-09-06 12:04:05,857 - elsapy.elsdoc - INFO - Module loaded.
2024-09-06 12:04:05,858 - elsapy.elssearch - INFO - Module loaded.
2024-09-06 12:22:18,510 - elsapy.elsclient - INFO - Module loaded.
2024-09-06 12:22:18,511 - elsapy.elsentity - INFO - Module loaded.
2024-09-06 12:22:18,511 - elsapy.utils - INFO - Module loaded.
2024-09-06 12:22:18,512 - elsapy.elsprofile - INFO - Module loaded.
2024-09-06 12:22:18,513 - elsapy.elsdoc - INFO - Module loaded.
2024-09-06 12:22:18,513 - elsapy.elssearch - INFO - Module loaded.
2024-09-06 12:26:33,111 - elsapy.elsclient - INFO - Module loaded.
2024-09-06 12:26:33,112 - elsapy.elsentity - INFO - Module loaded.
2024-09-06 12:26:33,113 - elsapy.utils - INFO - Module loaded.
2024-09-06 12:26:33,113 - elsapy.elsprofile - INFO - Module loaded.
2024-09-06 12:26:33,114 - elsapy.elsdoc - INFO - Module loaded.
2024-09-06 12:26:33,114 - elsapy.elssearch - INFO - Module loaded.
2024-09-06 12:27:16,513 - elsapy.elsclient - INFO - Module loaded.
2024-09-06 12:27:16,515 - elsapy.elsentity - INFO - Module loaded.
2024-09-06 12:27:16,516 - elsapy.utils - INFO - Module loaded.
2024-09-06 12:27:16,516 - elsapy.elsprofile - INFO - Module loaded.
2024-09-06 12:27:16,516 - elsapy.elsdoc - INFO - Module loaded.
2024-09-06 12:27:16,517 - elsapy.elssearch - INFO - Module loaded.
2024-09-06 12:30:30,317 - elsapy.elsclient - INFO - Module loaded.
2024-09-06 12:30:30,318 - elsapy.elsentity - INFO - Module loaded.
2024-09-06 12:30:30,319 - elsapy.utils - INFO - Module loaded.
2024-09-06 12:30:30,319 - elsapy.elsprofile - INFO - Module loaded.
2024-09-06 12:30:30,320 - elsapy.elsdoc - INFO - Module loaded.
2024-09-06 12:30:30,321 - elsapy.elssearch - INFO - Module loaded.
2024-09-06 12:32:27,504 - elsapy.elsclient - INFO - Module loaded.
2024-09-06 12:32:27,505 - elsapy.elsentity - INFO - Module loaded.
2024-09-06 12:32:27,506 - elsapy.utils - INFO - Module loaded.
2024-09-06 12:32:27,506 - elsapy.elsprofile - INFO - Module loaded.
2024-09-06 12:32:27,507 - elsapy.elsdoc - INFO - Module loaded.
2024-09-06 12:32:27,508 - elsapy.elssearch - INFO - Module loaded.
2024-09-06 12:48:18,839 - elsapy.elsclient - INFO - Module loaded.
2024-09-06 12:48:18,841 - elsapy.elsentity - INFO - Module loaded.
2024-09-06 12:48:18,841 - elsapy.utils - INFO - Module loaded.
2024-09-06 12:48:18,842 - elsapy.elsprofile - INFO - Module loaded.
2024-09-06 12:48:18,842 - elsapy.elsdoc - INFO - Module loaded.
2024-09-06 12:48:18,843 - elsapy.elssearch - INFO - Module loaded.
2024-09-06 12:48:45,199 - elsapy.elsclient - INFO - Module loaded.
2024-09-06 12:48:45,200 - elsapy.elsentity - INFO - Module loaded.
2024-09-06 12:48:45,200 - elsapy.utils - INFO - Module loaded.
2024-09-06 12:48:45,201 - elsapy.elsprofile - INFO - Module loaded.
2024-09-06 12:48:45,201 - elsapy.elsdoc - INFO - Module loaded.
2024-09-06 12:48:45,202 - elsapy.elssearch - INFO - Module loaded.
2024-09-06 12:50:03,443 - elsapy.elsclient - INFO - Module loaded.
2024-09-06 12:50:03,444 - elsapy.elsentity - INFO - Module loaded.
2024-09-06 12:50:03,444 - elsapy.utils - INFO - Module loaded.
2024-09-06 12:50:03,445 - elsapy.elsprofile - INFO - Module loaded.
2024-09-06 12:50:03,445 - elsapy.elsdoc - INFO - Module loaded.
2024-09-06 12:50:03,446 - elsapy.elssearch - INFO - Module loaded.
2024-09-06 12:56:29,823 - elsapy.elsclient - INFO - Module loaded.
2024-09-06 12:56:29,824 - elsapy.elsentity - INFO - Module loaded.
2024-09-06 12:56:29,825 - elsapy.utils - INFO - Module loaded.
2024-09-06 12:56:29,825 - elsapy.elsprofile - INFO - Module loaded.
2024-09-06 12:56:29,826 - elsapy.elsdoc - INFO - Module loaded.
2024-09-06 12:56:29,827 - elsapy.elssearch - INFO - Module loaded.
2024-09-06 12:56:55,038 - elsapy.elsclient - INFO - Module loaded.
2024-09-06 12:56:55,040 - elsapy.elsentity - INFO - Module loaded.
2024-09-06 12:56:55,040 - elsapy.utils - INFO - Module loaded.
2024-09-06 12:56:55,041 - elsapy.elsprofile - INFO - Module loaded.
2024-09-06 12:56:55,041 - elsapy.elsdoc - INFO - Module loaded.
2024-09-06 12:56:55,042 - elsapy.elssearch - INFO - Module loaded.
2024-09-06 12:58:27,932 - elsapy.elsclient - INFO - Module loaded.
2024-09-06 12:58:27,933 - elsapy.elsentity - INFO - Module loaded.
2024-09-06 12:58:27,933 - elsapy.utils - INFO - Module loaded.
2024-09-06 12:58:27,934 - elsapy.elsprofile - INFO - Module loaded.
2024-09-06 12:58:27,934 - elsapy.elsdoc - INFO - Module loaded.
2024-09-06 12:58:27,935 - elsapy.elssearch - INFO - Module loaded.
2024-09-06 12:59:18,147 - elsapy.elsclient - INFO - Module loaded.
2024-09-06 12:59:18,148 - elsapy.elsentity - INFO - Module loaded.
2024-09-06 12:59:18,149 - elsapy.utils - INFO - Module loaded.
2024-09-06 12:59:18,149 - elsapy.elsprofile - INFO - Module loaded.
2024-09-06 12:59:18,150 - elsapy.elsdoc - INFO - Module loaded.
2024-09-06 12:59:18,150 - elsapy.elssearch - INFO - Module loaded.
2024-09-06 13:00:33,516 - elsapy.elsclient - INFO - Module loaded.
2024-09-06 13:00:33,517 - elsapy.elsentity - INFO - Module loaded.
2024-09-06 13:00:33,518 - elsapy.utils - INFO - Module loaded.
2024-09-06 13:00:33,518 - elsapy.elsprofile - INFO - Module loaded.
2024-09-06 13:00:33,519 - elsapy.elsdoc - INFO - Module loaded.
2024-09-06 13:00:33,519 - elsapy.elssearch - INFO - Module loaded.
2024-09-06 13:01:05,619 - elsapy.elsclient - INFO - Module loaded.
2024-09-06 13:01:05,620 - elsapy.elsentity - INFO - Module loaded.
2024-09-06 13:01:05,621 - elsapy.utils - INFO - Module loaded.
2024-09-06 13:01:05,621 - elsapy.elsprofile - INFO - Module loaded.
2024-09-06 13:01:05,622 - elsapy.elsdoc - INFO - Module loaded.
2024-09-06 13:01:05,623 - elsapy.elssearch - INFO - Module loaded.
2024-09-06 13:02:00,897 - elsapy.elsclient - INFO - Module loaded.
2024-09-06 13:02:00,898 - elsapy.elsentity - INFO - Module loaded.
2024-09-06 13:02:00,898 - elsapy.utils - INFO - Module loaded.
2024-09-06 13:02:00,899 - elsapy.elsprofile - INFO - Module loaded.
2024-09-06 13:02:00,900 - elsapy.elsdoc - INFO - Module loaded.
2024-09-06 13:02:00,900 - elsapy.elssearch - INFO - Module loaded.
2024-09-06 13:02:22,286 - elsapy.elsclient - INFO - Module loaded.
2024-09-06 13:02:22,287 - elsapy.elsentity - INFO - Module loaded.
2024-09-06 13:02:22,288 - elsapy.utils - INFO - Module loaded.
2024-09-06 13:02:22,288 - elsapy.elsprofile - INFO - Module loaded.
2024-09-06 13:02:22,289 - elsapy.elsdoc - INFO - Module loaded.
2024-09-06 13:02:22,289 - elsapy.elssearch - INFO - Module loaded.
2024-09-06 13:03:01,280 - elsapy.elsclient - INFO - Module loaded.
2024-09-06 13:03:01,281 - elsapy.elsentity - INFO - Module loaded.
2024-09-06 13:03:01,281 - elsapy.utils - INFO - Module loaded.
2024-09-06 13:03:01,282 - elsapy.elsprofile - INFO - Module loaded.
2024-09-06 13:03:01,283 - elsapy.elsdoc - INFO - Module loaded.
2024-09-06 13:03:01,283 - elsapy.elssearch - INFO - Module loaded.
2024-09-06 13:03:39,733 - elsapy.elsclient - INFO - Module loaded.
2024-09-06 13:03:39,734 - elsapy.elsentity - INFO - Module loaded.
2024-09-06 13:03:39,735 - elsapy.utils - INFO - Module loaded.
2024-09-06 13:03:39,735 - elsapy.elsprofile - INFO - Module loaded.
2024-09-06 13:03:39,736 - elsapy.elsdoc - INFO - Module loaded.
2024-09-06 13:03:39,736 - elsapy.elssearch - INFO - Module loaded.
2024-09-06 13:13:55,533 - elsapy.elsclient - INFO - Module loaded.
2024-09-06 13:13:55,535 - elsapy.elsentity - INFO - Module loaded.
2024-09-06 13:13:55,536 - elsapy.utils - INFO - Module loaded.
2024-09-06 13:13:55,536 - elsapy.elsprofile - INFO - Module loaded.
2024-09-06 13:13:55,537 - elsapy.elsdoc - INFO - Module loaded.
2024-09-06 13:13:55,537 - elsapy.elssearch - INFO - Module loaded.
2024-09-06 13:14:36,977 - elsapy.elsclient - INFO - Module loaded.
2024-09-06 13:14:36,979 - elsapy.elsentity - INFO - Module loaded.
2024-09-06 13:14:36,979 - elsapy.utils - INFO - Module loaded.
2024-09-06 13:14:36,980 - elsapy.elsprofile - INFO - Module loaded.
2024-09-06 13:14:36,980 - elsapy.elsdoc - INFO - Module loaded.
2024-09-06 13:14:36,981 - elsapy.elssearch - INFO - Module loaded.
2024-09-06 13:15:25,868 - elsapy.elsclient - INFO - Module loaded.
2024-09-06 13:15:25,869 - elsapy.elsentity - INFO - Module loaded.
2024-09-06 13:15:25,869 - elsapy.utils - INFO - Module loaded.
2024-09-06 13:15:25,870 - elsapy.elsprofile - INFO - Module loaded.
2024-09-06 13:15:25,870 - elsapy.elsdoc - INFO - Module loaded.
2024-09-06 13:15:25,871 - elsapy.elssearch - INFO - Module loaded.
2024-09-06 13:16:58,734 - elsapy.elsclient - INFO - Module loaded.
2024-09-06 13:16:58,735 - elsapy.elsentity - INFO - Module loaded.
2024-09-06 13:16:58,736 - elsapy.utils - INFO - Module loaded.
2024-09-06 13:16:58,736 - elsapy.elsprofile - INFO - Module loaded.
2024-09-06 13:16:58,737 - elsapy.elsdoc - INFO - Module loaded.
2024-09-06 13:16:58,737 - elsapy.elssearch - INFO - Module loaded.
2024-09-06 13:17:37,726 - elsapy.elsclient - INFO - Module loaded.
2024-09-06 13:17:37,727 - elsapy.elsentity - INFO - Module loaded.
2024-09-06 13:17:37,728 - elsapy.utils - INFO - Module loaded.
2024-09-06 13:17:37,728 - elsapy.elsprofile - INFO - Module loaded.
2024-09-06 13:17:37,729 - elsapy.elsdoc - INFO - Module loaded.
2024-09-06 13:17:37,729 - elsapy.elssearch - INFO - Module loaded.
2024-09-06 13:18:07,210 - elsapy.elsclient - INFO - Module loaded.
2024-09-06 13:18:07,211 - elsapy.elsentity - INFO - Module loaded.
2024-09-06 13:18:07,211 - elsapy.utils - INFO - Module loaded.
2024-09-06 13:18:07,212 - elsapy.elsprofile - INFO - Module loaded.
2024-09-06 13:18:07,213 - elsapy.elsdoc - INFO - Module loaded.
2024-09-06 13:18:07,214 - elsapy.elssearch - INFO - Module loaded.
2024-09-06 13:21:26,492 - elsapy.elsclient - INFO - Module loaded.
2024-09-06 13:21:26,494 - elsapy.elsentity - INFO - Module loaded.
2024-09-06 13:21:26,494 - elsapy.utils - INFO - Module loaded.
2024-09-06 13:21:26,494 - elsapy.elsprofile - INFO - Module loaded.
2024-09-06 13:21:26,495 - elsapy.elsdoc - INFO - Module loaded.
2024-09-06 13:21:26,496 - elsapy.elssearch - INFO - Module loaded.
2024-09-06 13:21:45,030 - elsapy.elsclient - INFO - Module loaded.
2024-09-06 13:21:45,031 - elsapy.elsentity - INFO - Module loaded.
2024-09-06 13:21:45,032 - elsapy.utils - INFO - Module loaded.
2024-09-06 13:21:45,032 - elsapy.elsprofile - INFO - Module loaded.
2024-09-06 13:21:45,033 - elsapy.elsdoc - INFO - Module loaded.
2024-09-06 13:21:45,033 - elsapy.elssearch - INFO - Module loaded.
2024-09-06 13:22:03,321 - elsapy.elsclient - INFO - Module loaded.
2024-09-06 13:22:03,322 - elsapy.elsentity - INFO - Module loaded.
2024-09-06 13:22:03,323 - elsapy.utils - INFO - Module loaded.
2024-09-06 13:22:03,323 - elsapy.elsprofile - INFO - Module loaded.
2024-09-06 13:22:03,324 - elsapy.elsdoc - INFO - Module loaded.
2024-09-06 13:22:03,325 - elsapy.elssearch - INFO - Module loaded.
2024-09-06 13:22:52,349 - elsapy.elsclient - INFO - Module loaded.
2024-09-06 13:22:52,350 - elsapy.elsentity - INFO - Module loaded.
2024-09-06 13:22:52,352 - elsapy.utils - INFO - Module loaded.
2024-09-06 13:22:52,352 - elsapy.elsprofile - INFO - Module loaded.
2024-09-06 13:22:52,353 - elsapy.elsdoc - INFO - Module loaded.
2024-09-06 13:22:52,353 - elsapy.elssearch - INFO - Module loaded.
2024-09-06 13:23:15,091 - elsapy.elsclient - INFO - Module loaded.
2024-09-06 13:23:15,092 - elsapy.elsentity - INFO - Module loaded.
2024-09-06 13:23:15,093 - elsapy.utils - INFO - Module loaded.
2024-09-06 13:23:15,093 - elsapy.elsprofile - INFO - Module loaded.
2024-09-06 13:23:15,094 - elsapy.elsdoc - INFO - Module loaded.
2024-09-06 13:23:15,094 - elsapy.elssearch - INFO - Module loaded.
2024-09-06 13:23:43,149 - elsapy.elsclient - INFO - Module loaded.
2024-09-06 13:23:43,151 - elsapy.elsentity - INFO - Module loaded.
2024-09-06 13:23:43,152 - elsapy.utils - INFO - Module loaded.
2024-09-06 13:23:43,152 - elsapy.elsprofile - INFO - Module loaded.
2024-09-06 13:23:43,153 - elsapy.elsdoc - INFO - Module loaded.
2024-09-06 13:23:43,153 - elsapy.elssearch - INFO - Module loaded.
2024-09-06 13:27:31,411 - elsapy.elsclient - INFO - Module loaded.
2024-09-06 13:27:31,412 - elsapy.elsentity - INFO - Module loaded.
2024-09-06 13:27:31,413 - elsapy.utils - INFO - Module loaded.
2024-09-06 13:27:31,413 - elsapy.elsprofile - INFO - Module loaded.
2024-09-06 13:27:31,414 - elsapy.elsdoc - INFO - Module loaded.
2024-09-06 13:27:31,415 - elsapy.elssearch - INFO - Module loaded.
2024-09-06 13:29:32,940 - elsapy.elsclient - INFO - Module loaded.
2024-09-06 13:29:32,941 - elsapy.elsentity - INFO - Module loaded.
2024-09-06 13:29:32,942 - elsapy.utils - INFO - Module loaded.
2024-09-06 13:29:32,942 - elsapy.elsprofile - INFO - Module loaded.
2024-09-06 13:29:32,943 - elsapy.elsdoc - INFO - Module loaded.
2024-09-06 13:29:32,944 - elsapy.elssearch - INFO - Module loaded.
2024-09-06 13:29:55,033 - elsapy.elsclient - INFO - Module loaded.
2024-09-06 13:29:55,035 - elsapy.elsentity - INFO - Module loaded.
2024-09-06 13:29:55,035 - elsapy.utils - INFO - Module loaded.
2024-09-06 13:29:55,035 - elsapy.elsprofile - INFO - Module loaded.
2024-09-06 13:29:55,036 - elsapy.elsdoc - INFO - Module loaded.
2024-09-06 13:29:55,037 - elsapy.elssearch - INFO - Module loaded.
2024-09-06 13:30:51,878 - elsapy.elsclient - INFO - Module loaded.
2024-09-06 13:30:51,879 - elsapy.elsentity - INFO - Module loaded.
2024-09-06 13:30:51,879 - elsapy.utils - INFO - Module loaded.
2024-09-06 13:30:51,880 - elsapy.elsprofile - INFO - Module loaded.
2024-09-06 13:30:51,880 - elsapy.elsdoc - INFO - Module loaded.
2024-09-06 13:30:51,881 - elsapy.elssearch - INFO - Module loaded.
2024-09-06 13:43:02,710 - elsapy.elsclient - INFO - Module loaded.
2024-09-06 13:43:02,711 - elsapy.elsentity - INFO - Module loaded.
2024-09-06 13:43:02,712 - elsapy.utils - INFO - Module loaded.
2024-09-06 13:43:02,712 - elsapy.elsprofile - INFO - Module loaded.
2024-09-06 13:43:02,713 - elsapy.elsdoc - INFO - Module loaded.
2024-09-06 13:43:02,713 - elsapy.elssearch - INFO - Module loaded.
2024-09-06 13:43:31,762 - elsapy.elsclient - INFO - Module loaded.
2024-09-06 13:43:31,764 - elsapy.elsentity - INFO - Module loaded.
2024-09-06 13:43:31,764 - elsapy.utils - INFO - Module loaded.
2024-09-06 13:43:31,765 - elsapy.elsprofile - INFO - Module loaded.
2024-09-06 13:43:31,765 - elsapy.elsdoc - INFO - Module loaded.
2024-09-06 13:43:31,766 - elsapy.elssearch - INFO - Module loaded.
2024-09-06 13:43:50,761 - elsapy.elsclient - INFO - Module loaded.
2024-09-06 13:43:50,763 - elsapy.elsentity - INFO - Module loaded.
2024-09-06 13:43:50,763 - elsapy.utils - INFO - Module loaded.
2024-09-06 13:43:50,764 - elsapy.elsprofile - INFO - Module loaded.
2024-09-06 13:43:50,764 - elsapy.elsdoc - INFO - Module loaded.
2024-09-06 13:43:50,765 - elsapy.elssearch - INFO - Module loaded.
2024-09-06 13:44:37,974 - elsapy.elsclient - INFO - Module loaded.
2024-09-06 13:44:37,975 - elsapy.elsentity - INFO - Module loaded.
2024-09-06 13:44:37,976 - elsapy.utils - INFO - Module loaded.
2024-09-06 13:44:37,976 - elsapy.elsprofile - INFO - Module loaded.
2024-09-06 13:44:37,977 - elsapy.elsdoc - INFO - Module loaded.
2024-09-06 13:44:37,978 - elsapy.elssearch - INFO - Module loaded.
2024-09-06 13:45:08,259 - elsapy.elsclient - INFO - Module loaded.
2024-09-06 13:45:08,261 - elsapy.elsentity - INFO - Module loaded.
2024-09-06 13:45:08,261 - elsapy.utils - INFO - Module loaded.
2024-09-06 13:45:08,262 - elsapy.elsprofile - INFO - Module loaded.
2024-09-06 13:45:08,262 - elsapy.elsdoc - INFO - Module loaded.
2024-09-06 13:45:08,263 - elsapy.elssearch - INFO - Module loaded.
2024-09-06 13:45:26,768 - elsapy.elsclient - INFO - Module loaded.
2024-09-06 13:45:26,769 - elsapy.elsentity - INFO - Module loaded.
2024-09-06 13:45:26,770 - elsapy.utils - INFO - Module loaded.
2024-09-06 13:45:26,770 - elsapy.elsprofile - INFO - Module loaded.
2024-09-06 13:45:26,771 - elsapy.elsdoc - INFO - Module loaded.
2024-09-06 13:45:26,772 - elsapy.elssearch - INFO - Module loaded.
2024-09-06 13:46:43,665 - elsapy.elsclient - INFO - Module loaded.
2024-09-06 13:46:43,666 - elsapy.elsentity - INFO - Module loaded.
2024-09-06 13:46:43,666 - elsapy.utils - INFO - Module loaded.
2024-09-06 13:46:43,667 - elsapy.elsprofile - INFO - Module loaded.
2024-09-06 13:46:43,667 - elsapy.elsdoc - INFO - Module loaded.
2024-09-06 13:46:43,668 - elsapy.elssearch - INFO - Module loaded.
2024-09-06 13:47:49,856 - elsapy.elsclient - INFO - Module loaded.
2024-09-06 13:47:49,857 - elsapy.elsentity - INFO - Module loaded.
2024-09-06 13:47:49,858 - elsapy.utils - INFO - Module loaded.
2024-09-06 13:47:49,858 - elsapy.elsprofile - INFO - Module loaded.
2024-09-06 13:47:49,859 - elsapy.elsdoc - INFO - Module loaded.
2024-09-06 13:47:49,860 - elsapy.elssearch - INFO - Module loaded.
2024-09-06 13:51:14,838 - elsapy.elsclient - INFO - Module loaded.
2024-09-06 13:51:14,839 - elsapy.elsentity - INFO - Module loaded.
2024-09-06 13:51:14,840 - elsapy.utils - INFO - Module loaded.
2024-09-06 13:51:14,840 - elsapy.elsprofile - INFO - Module loaded.
2024-09-06 13:51:14,841 - elsapy.elsdoc - INFO - Module loaded.
2024-09-06 13:51:14,841 - elsapy.elssearch - INFO - Module loaded.
2024-09-06 16:01:18,981 - elsapy.elsclient - INFO - Module loaded.
2024-09-06 16:01:18,983 - elsapy.elsentity - INFO - Module loaded.
2024-09-06 16:01:18,983 - elsapy.utils - INFO - Module loaded.
2024-09-06 16:01:18,984 - elsapy.elsprofile - INFO - Module loaded.
2024-09-06 16:01:18,985 - elsapy.elsdoc - INFO - Module loaded.
2024-09-06 16:01:18,985 - elsapy.elssearch - INFO - Module loaded.
2024-09-06 16:03:37,151 - elsapy.elsclient - INFO - Module loaded.
2024-09-06 16:03:37,152 - elsapy.elsentity - INFO - Module loaded.
2024-09-06 16:03:37,153 - elsapy.utils - INFO - Module loaded.
2024-09-06 16:03:37,153 - elsapy.elsprofile - INFO - Module loaded.
2024-09-06 16:03:37,154 - elsapy.elsdoc - INFO - Module loaded.
2024-09-06 16:03:37,155 - elsapy.elssearch - INFO - Module loaded.
2024-09-06 16:06:16,958 - elsapy.elsclient - INFO - Module loaded.
2024-09-06 16:06:16,959 - elsapy.elsentity - INFO - Module loaded.
2024-09-06 16:06:16,960 - elsapy.utils - INFO - Module loaded.
2024-09-06 16:06:16,960 - elsapy.elsprofile - INFO - Module loaded.
2024-09-06 16:06:16,961 - elsapy.elsdoc - INFO - Module loaded.
2024-09-06 16:06:16,962 - elsapy.elssearch - INFO - Module loaded.
2024-09-06 16:10:40,671 - elsapy.elsclient - INFO - Module loaded.
2024-09-06 16:10:40,672 - elsapy.elsentity - INFO - Module loaded.
2024-09-06 16:10:40,672 - elsapy.utils - INFO - Module loaded.
2024-09-06 16:10:40,672 - elsapy.elsprofile - INFO - Module loaded.
2024-09-06 16:10:40,673 - elsapy.elsdoc - INFO - Module loaded.
2024-09-06 16:10:40,674 - elsapy.elssearch - INFO - Module loaded.
2024-09-06 16:34:35,696 - elsapy.elsclient - INFO - Module loaded.
2024-09-06 16:34:35,697 - elsapy.elsentity - INFO - Module loaded.
2024-09-06 16:34:35,698 - elsapy.utils - INFO - Module loaded.
2024-09-06 16:34:35,698 - elsapy.elsprofile - INFO - Module loaded.
2024-09-06 16:34:35,699 - elsapy.elsdoc - INFO - Module loaded.
2024-09-06 16:34:35,700 - elsapy.elssearch - INFO - Module loaded.
2024-09-06 16:36:03,349 - elsapy.elsclient - INFO - Module loaded.
2024-09-06 16:36:03,350 - elsapy.elsentity - INFO - Module loaded.
2024-09-06 16:36:03,350 - elsapy.utils - INFO - Module loaded.
2024-09-06 16:36:03,351 - elsapy.elsprofile - INFO - Module loaded.
2024-09-06 16:36:03,351 - elsapy.elsdoc - INFO - Module loaded.
2024-09-06 16:36:03,352 - elsapy.elssearch - INFO - Module loaded.
2024-09-06 16:58:00,301 - elsapy.elsclient - INFO - Module loaded.
2024-09-06 16:58:00,302 - elsapy.elsentity - INFO - Module loaded.
2024-09-06 16:58:00,302 - elsapy.utils - INFO - Module loaded.
2024-09-06 16:58:00,303 - elsapy.elsprofile - INFO - Module loaded.
2024-09-06 16:58:00,304 - elsapy.elsdoc - INFO - Module loaded.
2024-09-06 16:58:00,305 - elsapy.elssearch - INFO - Module loaded.
2024-09-06 17:00:07,901 - elsapy.elsclient - INFO - Module loaded.
2024-09-06 17:00:07,902 - elsapy.elsentity - INFO - Module loaded.
2024-09-06 17:00:07,902 - elsapy.utils - INFO - Module loaded.
2024-09-06 17:00:07,903 - elsapy.elsprofile - INFO - Module loaded.
2024-09-06 17:00:07,904 - elsapy.elsdoc - INFO - Module loaded.
2024-09-06 17:00:07,904 - elsapy.elssearch - INFO - Module loaded.
2024-09-06 17:00:58,489 - elsapy.elsclient - INFO - Module loaded.
2024-09-06 17:00:58,490 - elsapy.elsentity - INFO - Module loaded.
2024-09-06 17:00:58,491 - elsapy.utils - INFO - Module loaded.
2024-09-06 17:00:58,491 - elsapy.elsprofile - INFO - Module loaded.
2024-09-06 17:00:58,492 - elsapy.elsdoc - INFO - Module loaded.
2024-09-06 17:00:58,493 - elsapy.elssearch - INFO - Module loaded.
2024-09-06 17:04:07,477 - elsapy.elsclient - INFO - Module loaded.
2024-09-06 17:04:07,478 - elsapy.elsentity - INFO - Module loaded.
2024-09-06 17:04:07,479 - elsapy.utils - INFO - Module loaded.
2024-09-06 17:04:07,479 - elsapy.elsprofile - INFO - Module loaded.
2024-09-06 17:04:07,479 - elsapy.elsdoc - INFO - Module loaded.
2024-09-06 17:04:07,480 - elsapy.elssearch - INFO - Module loaded.
2024-09-06 17:04:37,094 - elsapy.elsclient - INFO - Module loaded.
2024-09-06 17:04:37,095 - elsapy.elsentity - INFO - Module loaded.
2024-09-06 17:04:37,096 - elsapy.utils - INFO - Module loaded.
2024-09-06 17:04:37,096 - elsapy.elsprofile - INFO - Module loaded.
2024-09-06 17:04:37,097 - elsapy.elsdoc - INFO - Module loaded.
2024-09-06 17:04:37,098 - elsapy.elssearch - INFO - Module loaded.
2024-09-06 17:05:14,569 - elsapy.elsclient - INFO - Module loaded.
2024-09-06 17:05:14,570 - elsapy.elsentity - INFO - Module loaded.
2024-09-06 17:05:14,571 - elsapy.utils - INFO - Module loaded.
2024-09-06 17:05:14,571 - elsapy.elsprofile - INFO - Module loaded.
2024-09-06 17:05:14,572 - elsapy.elsdoc - INFO - Module loaded.
2024-09-06 17:05:14,573 - elsapy.elssearch - INFO - Module loaded.
2024-09-06 17:07:27,211 - elsapy.elsclient - INFO - Module loaded.
2024-09-06 17:07:27,212 - elsapy.elsentity - INFO - Module loaded.
2024-09-06 17:07:27,212 - elsapy.utils - INFO - Module loaded.
2024-09-06 17:07:27,213 - elsapy.elsprofile - INFO - Module loaded.
2024-09-06 17:07:27,213 - elsapy.elsdoc - INFO - Module loaded.
2024-09-06 17:07:27,214 - elsapy.elssearch - INFO - Module loaded.
2024-09-06 17:08:40,082 - elsapy.elsclient - INFO - Module loaded.
2024-09-06 17:08:40,084 - elsapy.elsentity - INFO - Module loaded.
2024-09-06 17:08:40,084 - elsapy.utils - INFO - Module loaded.
2024-09-06 17:08:40,085 - elsapy.elsprofile - INFO - Module loaded.
2024-09-06 17:08:40,085 - elsapy.elsdoc - INFO - Module loaded.
2024-09-06 17:08:40,086 - elsapy.elssearch - INFO - Module loaded.
2024-09-06 17:09:16,365 - elsapy.elsclient - INFO - Module loaded.
2024-09-06 17:09:16,366 - elsapy.elsentity - INFO - Module loaded.
2024-09-06 17:09:16,366 - elsapy.utils - INFO - Module loaded.
2024-09-06 17:09:16,367 - elsapy.elsprofile - INFO - Module loaded.
2024-09-06 17:09:16,367 - elsapy.elsdoc - INFO - Module loaded.
2024-09-06 17:09:16,368 - elsapy.elssearch - INFO - Module loaded.
2024-09-06 17:11:51,189 - elsapy.elsclient - INFO - Module loaded.
2024-09-06 17:11:51,190 - elsapy.elsentity - INFO - Module loaded.
2024-09-06 17:11:51,191 - elsapy.utils - INFO - Module loaded.
2024-09-06 17:11:51,191 - elsapy.elsprofile - INFO - Module loaded.
2024-09-06 17:11:51,192 - elsapy.elsdoc - INFO - Module loaded.
2024-09-06 17:11:51,193 - elsapy.elssearch - INFO - Module loaded.
2024-09-06 17:12:54,164 - elsapy.elsclient - INFO - Module loaded.
2024-09-06 17:12:54,165 - elsapy.elsentity - INFO - Module loaded.
2024-09-06 17:12:54,166 - elsapy.utils - INFO - Module loaded.
2024-09-06 17:12:54,166 - elsapy.elsprofile - INFO - Module loaded.
2024-09-06 17:12:54,167 - elsapy.elsdoc - INFO - Module loaded.
2024-09-06 17:12:54,168 - elsapy.elssearch - INFO - Module loaded.
2024-09-06 17:14:11,350 - elsapy.elsclient - INFO - Module loaded.
2024-09-06 17:14:11,351 - elsapy.elsentity - INFO - Module loaded.
2024-09-06 17:14:11,352 - elsapy.utils - INFO - Module loaded.
2024-09-06 17:14:11,352 - elsapy.elsprofile - INFO - Module loaded.
2024-09-06 17:14:11,353 - elsapy.elsdoc - INFO - Module loaded.
2024-09-06 17:14:11,354 - elsapy.elssearch - INFO - Module loaded.
2024-09-06 17:14:47,714 - elsapy.elsclient - INFO - Module loaded.
2024-09-06 17:14:47,715 - elsapy.elsentity - INFO - Module loaded.
2024-09-06 17:14:47,715 - elsapy.utils - INFO - Module loaded.
2024-09-06 17:14:47,716 - elsapy.elsprofile - INFO - Module loaded.
2024-09-06 17:14:47,717 - elsapy.elsdoc - INFO - Module loaded.
2024-09-06 17:14:47,718 - elsapy.elssearch - INFO - Module loaded.
2024-09-06 17:15:35,043 - elsapy.elsclient - INFO - Module loaded.
2024-09-06 17:15:35,044 - elsapy.elsentity - INFO - Module loaded.
2024-09-06 17:15:35,045 - elsapy.utils - INFO - Module loaded.
2024-09-06 17:15:35,045 - elsapy.elsprofile - INFO - Module loaded.
2024-09-06 17:15:35,046 - elsapy.elsdoc - INFO - Module loaded.
2024-09-06 17:15:35,047 - elsapy.elssearch - INFO - Module loaded.
2024-09-06 17:19:05,801 - elsapy.elsclient - INFO - Module loaded.
2024-09-06 17:19:05,803 - elsapy.elsentity - INFO - Module loaded.
2024-09-06 17:19:05,803 - elsapy.utils - INFO - Module loaded.
2024-09-06 17:19:05,803 - elsapy.elsprofile - INFO - Module loaded.
2024-09-06 17:19:05,804 - elsapy.elsdoc - INFO - Module loaded.
2024-09-06 17:19:05,805 - elsapy.elssearch - INFO - Module loaded.
2024-09-06 17:24:41,851 - elsapy.elsclient - INFO - Module loaded.
2024-09-06 17:24:41,852 - elsapy.elsentity - INFO - Module loaded.
2024-09-06 17:24:41,853 - elsapy.utils - INFO - Module loaded.
2024-09-06 17:24:41,853 - elsapy.elsprofile - INFO - Module loaded.
2024-09-06 17:24:41,854 - elsapy.elsdoc - INFO - Module loaded.
2024-09-06 17:24:41,855 - elsapy.elssearch - INFO - Module loaded.
2024-09-06 17:25:58,816 - elsapy.elsclient - INFO - Module loaded.
2024-09-06 17:25:58,817 - elsapy.elsentity - INFO - Module loaded.
2024-09-06 17:25:58,818 - elsapy.utils - INFO - Module loaded.
2024-09-06 17:25:58,819 - elsapy.elsprofile - INFO - Module loaded.
2024-09-06 17:25:58,820 - elsapy.elsdoc - INFO - Module loaded.
2024-09-06 17:25:58,820 - elsapy.elssearch - INFO - Module loaded.
2024-09-06 17:28:04,116 - elsapy.elsclient - INFO - Module loaded.
2024-09-06 17:28:04,117 - elsapy.elsentity - INFO - Module loaded.
2024-09-06 17:28:04,117 - elsapy.utils - INFO - Module loaded.
2024-09-06 17:28:04,118 - elsapy.elsprofile - INFO - Module loaded.
2024-09-06 17:28:04,118 - elsapy.elsdoc - INFO - Module loaded.
2024-09-06 17:28:04,119 - elsapy.elssearch - INFO - Module loaded.
2024-09-06 17:28:47,143 - elsapy.elsclient - INFO - Module loaded.
2024-09-06 17:28:47,144 - elsapy.elsentity - INFO - Module loaded.
2024-09-06 17:28:47,145 - elsapy.utils - INFO - Module loaded.
2024-09-06 17:28:47,145 - elsapy.elsprofile - INFO - Module loaded.
2024-09-06 17:28:47,146 - elsapy.elsdoc - INFO - Module loaded.
2024-09-06 17:28:47,147 - elsapy.elssearch - INFO - Module loaded.
2024-09-06 17:32:50,854 - elsapy.elsclient - INFO - Module loaded.
2024-09-06 17:32:50,855 - elsapy.elsentity - INFO - Module loaded.
2024-09-06 17:32:50,856 - elsapy.utils - INFO - Module loaded.
2024-09-06 17:32:50,856 - elsapy.elsprofile - INFO - Module loaded.
2024-09-06 17:32:50,857 - elsapy.elsdoc - INFO - Module loaded.
2024-09-06 17:32:50,857 - elsapy.elssearch - INFO - Module loaded.
2024-09-06 17:35:26,222 - elsapy.elsclient - INFO - Module loaded.
2024-09-06 17:35:26,223 - elsapy.elsentity - INFO - Module loaded.
2024-09-06 17:35:26,223 - elsapy.utils - INFO - Module loaded.
2024-09-06 17:35:26,224 - elsapy.elsprofile - INFO - Module loaded.
2024-09-06 17:35:26,224 - elsapy.elsdoc - INFO - Module loaded.
2024-09-06 17:35:26,225 - elsapy.elssearch - INFO - Module loaded.
2024-09-06 17:36:01,421 - elsapy.elsclient - INFO - Module loaded.
2024-09-06 17:36:01,422 - elsapy.elsentity - INFO - Module loaded.
2024-09-06 17:36:01,423 - elsapy.utils - INFO - Module loaded.
2024-09-06 17:36:01,423 - elsapy.elsprofile - INFO - Module loaded.
2024-09-06 17:36:01,424 - elsapy.elsdoc - INFO - Module loaded.
2024-09-06 17:36:01,425 - elsapy.elssearch - INFO - Module loaded.
2024-09-06 17:36:24,716 - elsapy.elsclient - INFO - Module loaded.
2024-09-06 17:36:24,718 - elsapy.elsentity - INFO - Module loaded.
2024-09-06 17:36:24,719 - elsapy.utils - INFO - Module loaded.
2024-09-06 17:36:24,719 - elsapy.elsprofile - INFO - Module loaded.
2024-09-06 17:36:24,720 - elsapy.elsdoc - INFO - Module loaded.
2024-09-06 17:36:24,720 - elsapy.elssearch - INFO - Module loaded.
2024-09-06 17:39:32,573 - elsapy.elsclient - INFO - Module loaded.
2024-09-06 17:39:32,574 - elsapy.elsentity - INFO - Module loaded.
2024-09-06 17:39:32,574 - elsapy.utils - INFO - Module loaded.
2024-09-06 17:39:32,575 - elsapy.elsprofile - INFO - Module loaded.
2024-09-06 17:39:32,575 - elsapy.elsdoc - INFO - Module loaded.
2024-09-06 17:39:32,576 - elsapy.elssearch - INFO - Module loaded.
2024-09-06 17:42:38,960 - elsapy.elsclient - INFO - Module loaded.
2024-09-06 17:42:38,962 - elsapy.elsentity - INFO - Module loaded.
2024-09-06 17:42:38,962 - elsapy.utils - INFO - Module loaded.
2024-09-06 17:42:38,963 - elsapy.elsprofile - INFO - Module loaded.
2024-09-06 17:42:38,963 - elsapy.elsdoc - INFO - Module loaded.
2024-09-06 17:42:38,964 - elsapy.elssearch - INFO - Module loaded.
2024-09-06 17:53:07,094 - elsapy.elsclient - INFO - Module loaded.
2024-09-06 17:53:07,096 - elsapy.elsentity - INFO - Module loaded.
2024-09-06 17:53:07,096 - elsapy.utils - INFO - Module loaded.
2024-09-06 17:53:07,097 - elsapy.elsprofile - INFO - Module loaded.
2024-09-06 17:53:07,097 - elsapy.elsdoc - INFO - Module loaded.
2024-09-06 17:53:07,098 - elsapy.elssearch - INFO - Module loaded.
2024-09-06 17:53:41,743 - elsapy.elsclient - INFO - Module loaded.
2024-09-06 17:53:41,744 - elsapy.elsentity - INFO - Module loaded.
2024-09-06 17:53:41,745 - elsapy.utils - INFO - Module loaded.
2024-09-06 17:53:41,745 - elsapy.elsprofile - INFO - Module loaded.
2024-09-06 17:53:41,746 - elsapy.elsdoc - INFO - Module loaded.
2024-09-06 17:53:41,747 - elsapy.elssearch - INFO - Module loaded.
2024-09-06 17:54:33,748 - elsapy.elsclient - INFO - Module loaded.
2024-09-06 17:54:33,748 - elsapy.elsentity - INFO - Module loaded.
2024-09-06 17:54:33,749 - elsapy.utils - INFO - Module loaded.
2024-09-06 17:54:33,749 - elsapy.elsprofile - INFO - Module loaded.
2024-09-06 17:54:33,750 - elsapy.elsdoc - INFO - Module loaded.
2024-09-06 17:54:33,751 - elsapy.elssearch - INFO - Module loaded.
2024-09-06 17:54:52,591 - elsapy.elsclient - INFO - Module loaded.
2024-09-06 17:54:52,592 - elsapy.elsentity - INFO - Module loaded.
2024-09-06 17:54:52,593 - elsapy.utils - INFO - Module loaded.
2024-09-06 17:54:52,593 - elsapy.elsprofile - INFO - Module loaded.
2024-09-06 17:54:52,594 - elsapy.elsdoc - INFO - Module loaded.
2024-09-06 17:54:52,595 - elsapy.elssearch - INFO - Module loaded.
2024-09-06 17:57:08,581 - elsapy.elsclient - INFO - Module loaded.
2024-09-06 17:57:08,582 - elsapy.elsentity - INFO - Module loaded.
2024-09-06 17:57:08,583 - elsapy.utils - INFO - Module loaded.
2024-09-06 17:57:08,583 - elsapy.elsprofile - INFO - Module loaded.
2024-09-06 17:57:08,584 - elsapy.elsdoc - INFO - Module loaded.
2024-09-06 17:57:08,584 - elsapy.elssearch - INFO - Module loaded.
2024-09-06 18:17:24,262 - elsapy.elsclient - INFO - Module loaded.
2024-09-06 18:17:24,262 - elsapy.elsentity - INFO - Module loaded.
2024-09-06 18:17:24,263 - elsapy.utils - INFO - Module loaded.
2024-09-06 18:17:24,264 - elsapy.elsprofile - INFO - Module loaded.
2024-09-06 18:17:24,264 - elsapy.elsdoc - INFO - Module loaded.
2024-09-06 18:17:24,265 - elsapy.elssearch - INFO - Module loaded.
2024-09-06 18:52:37,503 - elsapy.elsclient - INFO - Module loaded.
2024-09-06 18:52:37,504 - elsapy.elsentity - INFO - Module loaded.
2024-09-06 18:52:37,504 - elsapy.utils - INFO - Module loaded.
2024-09-06 18:52:37,505 - elsapy.elsprofile - INFO - Module loaded.
2024-09-06 18:52:37,506 - elsapy.elsdoc - INFO - Module loaded.
2024-09-06 18:52:37,506 - elsapy.elssearch - INFO - Module loaded.
2024-09-06 18:53:38,387 - elsapy.elsclient - INFO - Module loaded.
2024-09-06 18:53:38,388 - elsapy.elsentity - INFO - Module loaded.
2024-09-06 18:53:38,389 - elsapy.utils - INFO - Module loaded.
2024-09-06 18:53:38,389 - elsapy.elsprofile - INFO - Module loaded.
2024-09-06 18:53:38,390 - elsapy.elsdoc - INFO - Module loaded.
2024-09-06 18:53:38,390 - elsapy.elssearch - INFO - Module loaded.
2024-09-06 18:54:51,012 - elsapy.elsclient - INFO - Module loaded.
2024-09-06 18:54:51,013 - elsapy.elsentity - INFO - Module loaded.
2024-09-06 18:54:51,013 - elsapy.utils - INFO - Module loaded.
2024-09-06 18:54:51,014 - elsapy.elsprofile - INFO - Module loaded.
2024-09-06 18:54:51,014 - elsapy.elsdoc - INFO - Module loaded.
2024-09-06 18:54:51,015 - elsapy.elssearch - INFO - Module loaded.
2024-09-06 18:55:19,465 - elsapy.elsclient - INFO - Module loaded.
2024-09-06 18:55:19,466 - elsapy.elsentity - INFO - Module loaded.
2024-09-06 18:55:19,467 - elsapy.utils - INFO - Module loaded.
2024-09-06 18:55:19,467 - elsapy.elsprofile - INFO - Module loaded.
2024-09-06 18:55:19,468 - elsapy.elsdoc - INFO - Module loaded.
2024-09-06 18:55:19,468 - elsapy.elssearch - INFO - Module loaded.
2024-09-06 18:56:09,232 - elsapy.elsclient - INFO - Module loaded.
2024-09-06 18:56:09,234 - elsapy.elsentity - INFO - Module loaded.
2024-09-06 18:56:09,234 - elsapy.utils - INFO - Module loaded.
2024-09-06 18:56:09,235 - elsapy.elsprofile - INFO - Module loaded.
2024-09-06 18:56:09,235 - elsapy.elsdoc - INFO - Module loaded.
2024-09-06 18:56:09,236 - elsapy.elssearch - INFO - Module loaded.
2024-09-06 19:01:34,116 - elsapy.elsclient - INFO - Module loaded.
2024-09-06 19:01:34,118 - elsapy.elsentity - INFO - Module loaded.
2024-09-06 19:01:34,118 - elsapy.utils - INFO - Module loaded.
2024-09-06 19:01:34,119 - elsapy.elsprofile - INFO - Module loaded.
2024-09-06 19:01:34,119 - elsapy.elsdoc - INFO - Module loaded.
2024-09-06 19:01:34,120 - elsapy.elssearch - INFO - Module loaded.
2024-09-06 19:02:52,328 - elsapy.elsclient - INFO - Module loaded.
2024-09-06 19:02:52,329 - elsapy.elsentity - INFO - Module loaded.
2024-09-06 19:02:52,330 - elsapy.utils - INFO - Module loaded.
2024-09-06 19:02:52,330 - elsapy.elsprofile - INFO - Module loaded.
2024-09-06 19:02:52,331 - elsapy.elsdoc - INFO - Module loaded.
2024-09-06 19:02:52,332 - elsapy.elssearch - INFO - Module loaded.
2024-09-06 19:03:50,991 - elsapy.elsclient - INFO - Module loaded.
2024-09-06 19:03:50,992 - elsapy.elsentity - INFO - Module loaded.
2024-09-06 19:03:50,992 - elsapy.utils - INFO - Module loaded.
2024-09-06 19:03:50,993 - elsapy.elsprofile - INFO - Module loaded.
2024-09-06 19:03:50,993 - elsapy.elsdoc - INFO - Module loaded.
2024-09-06 19:03:50,994 - elsapy.elssearch - INFO - Module loaded.
2024-09-06 19:04:35,328 - elsapy.elsclient - INFO - Module loaded.
2024-09-06 19:04:35,329 - elsapy.elsentity - INFO - Module loaded.
2024-09-06 19:04:35,330 - elsapy.utils - INFO - Module loaded.
2024-09-06 19:04:35,330 - elsapy.elsprofile - INFO - Module loaded.
2024-09-06 19:04:35,331 - elsapy.elsdoc - INFO - Module loaded.
2024-09-06 19:04:35,332 - elsapy.elssearch - INFO - Module loaded.
2024-09-06 19:05:09,431 - elsapy.elsclient - INFO - Module loaded.
2024-09-06 19:05:09,432 - elsapy.elsentity - INFO - Module loaded.
2024-09-06 19:05:09,433 - elsapy.utils - INFO - Module loaded.
2024-09-06 19:05:09,433 - elsapy.elsprofile - INFO - Module loaded.
2024-09-06 19:05:09,434 - elsapy.elsdoc - INFO - Module loaded.
2024-09-06 19:05:09,434 - elsapy.elssearch - INFO - Module loaded.
2024-09-06 19:10:12,775 - elsapy.elsclient - INFO - Module loaded.
2024-09-06 19:10:12,776 - elsapy.elsentity - INFO - Module loaded.
2024-09-06 19:10:12,777 - elsapy.utils - INFO - Module loaded.
2024-09-06 19:10:12,777 - elsapy.elsprofile - INFO - Module loaded.
2024-09-06 19:10:12,778 - elsapy.elsdoc - INFO - Module loaded.
2024-09-06 19:10:12,778 - elsapy.elssearch - INFO - Module loaded.
2024-09-06 19:15:56,545 - elsapy.elsclient - INFO - Module loaded.
2024-09-06 19:15:56,546 - elsapy.elsentity - INFO - Module loaded.
2024-09-06 19:15:56,547 - elsapy.utils - INFO - Module loaded.
2024-09-06 19:15:56,547 - elsapy.elsprofile - INFO - Module loaded.
2024-09-06 19:15:56,548 - elsapy.elsdoc - INFO - Module loaded.
2024-09-06 19:15:56,548 - elsapy.elssearch - INFO - Module loaded.
2024-09-06 19:16:21,584 - elsapy.elsclient - INFO - Module loaded.
2024-09-06 19:16:21,585 - elsapy.elsentity - INFO - Module loaded.
2024-09-06 19:16:21,586 - elsapy.utils - INFO - Module loaded.
2024-09-06 19:16:21,586 - elsapy.elsprofile - INFO - Module loaded.
2024-09-06 19:16:21,587 - elsapy.elsdoc - INFO - Module loaded.
2024-09-06 19:16:21,588 - elsapy.elssearch - INFO - Module loaded.
2024-09-06 19:32:18,032 - elsapy.elsclient - INFO - Module loaded.
2024-09-06 19:32:18,033 - elsapy.elsentity - INFO - Module loaded.
2024-09-06 19:32:18,034 - elsapy.utils - INFO - Module loaded.
2024-09-06 19:32:18,034 - elsapy.elsprofile - INFO - Module loaded.
2024-09-06 19:32:18,035 - elsapy.elsdoc - INFO - Module loaded.
2024-09-06 19:32:18,036 - elsapy.elssearch - INFO - Module loaded.
2024-09-06 19:33:57,258 - elsapy.elsclient - INFO - Module loaded.
2024-09-06 19:33:57,259 - elsapy.elsentity - INFO - Module loaded.
2024-09-06 19:33:57,260 - elsapy.utils - INFO - Module loaded.
2024-09-06 19:33:57,260 - elsapy.elsprofile - INFO - Module loaded.
2024-09-06 19:33:57,261 - elsapy.elsdoc - INFO - Module loaded.
2024-09-06 19:33:57,261 - elsapy.elssearch - INFO - Module loaded.
2024-09-06 20:19:01,528 - elsapy.elsclient - INFO - Module loaded.
2024-09-06 20:19:01,529 - elsapy.elsentity - INFO - Module loaded.
2024-09-06 20:19:01,530 - elsapy.utils - INFO - Module loaded.
2024-09-06 20:19:01,530 - elsapy.elsprofile - INFO - Module loaded.
2024-09-06 20:19:01,531 - elsapy.elsdoc - INFO - Module loaded.
2024-09-06 20:19:01,532 - elsapy.elssearch - INFO - Module loaded.
2024-09-06 20:19:56,800 - elsapy.elsclient - INFO - Module loaded.
2024-09-06 20:19:56,802 - elsapy.elsentity - INFO - Module loaded.
2024-09-06 20:19:56,802 - elsapy.utils - INFO - Module loaded.
2024-09-06 20:19:56,803 - elsapy.elsprofile - INFO - Module loaded.
2024-09-06 20:19:56,803 - elsapy.elsdoc - INFO - Module loaded.
2024-09-06 20:19:56,804 - elsapy.elssearch - INFO - Module loaded.
2024-09-06 20:20:32,681 - elsapy.elsclient - INFO - Module loaded.
2024-09-06 20:20:32,683 - elsapy.elsentity - INFO - Module loaded.
2024-09-06 20:20:32,683 - elsapy.utils - INFO - Module loaded.
2024-09-06 20:20:32,684 - elsapy.elsprofile - INFO - Module loaded.
2024-09-06 20:20:32,684 - elsapy.elsdoc - INFO - Module loaded.
2024-09-06 20:20:32,685 - elsapy.elssearch - INFO - Module loaded.
2024-09-06 20:22:35,309 - elsapy.elsclient - INFO - Module loaded.
2024-09-06 20:22:35,310 - elsapy.elsentity - INFO - Module loaded.
2024-09-06 20:22:35,311 - elsapy.utils - INFO - Module loaded.
2024-09-06 20:22:35,311 - elsapy.elsprofile - INFO - Module loaded.
2024-09-06 20:22:35,312 - elsapy.elsdoc - INFO - Module loaded.
2024-09-06 20:22:35,312 - elsapy.elssearch - INFO - Module loaded.
2024-09-06 20:23:36,354 - elsapy.elsclient - INFO - Module loaded.
2024-09-06 20:23:36,355 - elsapy.elsentity - INFO - Module loaded.
2024-09-06 20:23:36,356 - elsapy.utils - INFO - Module loaded.
2024-09-06 20:23:36,356 - elsapy.elsprofile - INFO - Module loaded.
2024-09-06 20:23:36,357 - elsapy.elsdoc - INFO - Module loaded.
2024-09-06 20:23:36,357 - elsapy.elssearch - INFO - Module loaded.
2024-09-06 20:26:48,479 - elsapy.elsclient - INFO - Module loaded.
2024-09-06 20:26:48,480 - elsapy.elsentity - INFO - Module loaded.
2024-09-06 20:26:48,480 - elsapy.utils - INFO - Module loaded.
2024-09-06 20:26:48,481 - elsapy.elsprofile - INFO - Module loaded.
2024-09-06 20:26:48,481 - elsapy.elsdoc - INFO - Module loaded.
2024-09-06 20:26:48,482 - elsapy.elssearch - INFO - Module loaded.
2024-09-06 20:28:13,027 - elsapy.elsclient - INFO - Module loaded.
2024-09-06 20:28:13,028 - elsapy.elsentity - INFO - Module loaded.
2024-09-06 20:28:13,029 - elsapy.utils - INFO - Module loaded.
2024-09-06 20:28:13,029 - elsapy.elsprofile - INFO - Module loaded.
2024-09-06 20:28:13,030 - elsapy.elsdoc - INFO - Module loaded.
2024-09-06 20:28:13,030 - elsapy.elssearch - INFO - Module loaded.
2024-09-06 20:30:16,802 - elsapy.elsclient - INFO - Module loaded.
2024-09-06 20:30:16,803 - elsapy.elsentity - INFO - Module loaded.
2024-09-06 20:30:16,804 - elsapy.utils - INFO - Module loaded.
2024-09-06 20:30:16,804 - elsapy.elsprofile - INFO - Module loaded.
2024-09-06 20:30:16,805 - elsapy.elsdoc - INFO - Module loaded.
2024-09-06 20:30:16,806 - elsapy.elssearch - INFO - Module loaded.
2024-09-06 20:32:35,590 - elsapy.elsclient - INFO - Module loaded.
2024-09-06 20:32:35,591 - elsapy.elsentity - INFO - Module loaded.
2024-09-06 20:32:35,591 - elsapy.utils - INFO - Module loaded.
2024-09-06 20:32:35,592 - elsapy.elsprofile - INFO - Module loaded.
2024-09-06 20:32:35,593 - elsapy.elsdoc - INFO - Module loaded.
2024-09-06 20:32:35,594 - elsapy.elssearch - INFO - Module loaded.
2024-09-06 20:35:02,100 - elsapy.elsclient - INFO - Module loaded.
2024-09-06 20:35:02,101 - elsapy.elsentity - INFO - Module loaded.
2024-09-06 20:35:02,102 - elsapy.utils - INFO - Module loaded.
2024-09-06 20:35:02,102 - elsapy.elsprofile - INFO - Module loaded.
2024-09-06 20:35:02,103 - elsapy.elsdoc - INFO - Module loaded.
2024-09-06 20:35:02,104 - elsapy.elssearch - INFO - Module loaded.
2024-09-06 20:35:41,124 - elsapy.elsclient - INFO - Module loaded.
2024-09-06 20:35:41,125 - elsapy.elsentity - INFO - Module loaded.
2024-09-06 20:35:41,126 - elsapy.utils - INFO - Module loaded.
2024-09-06 20:35:41,126 - elsapy.elsprofile - INFO - Module loaded.
2024-09-06 20:35:41,127 - elsapy.elsdoc - INFO - Module loaded.
2024-09-06 20:35:41,128 - elsapy.elssearch - INFO - Module loaded.
2024-09-06 20:37:56,160 - elsapy.elsclient - INFO - Module loaded.
2024-09-06 20:37:56,161 - elsapy.elsentity - INFO - Module loaded.
2024-09-06 20:37:56,162 - elsapy.utils - INFO - Module loaded.
2024-09-06 20:37:56,162 - elsapy.elsprofile - INFO - Module loaded.
2024-09-06 20:37:56,163 - elsapy.elsdoc - INFO - Module loaded.
2024-09-06 20:37:56,163 - elsapy.elssearch - INFO - Module loaded.
2024-09-06 20:43:29,223 - elsapy.elsclient - INFO - Module loaded.
2024-09-06 20:43:29,224 - elsapy.elsentity - INFO - Module loaded.
2024-09-06 20:43:29,225 - elsapy.utils - INFO - Module loaded.
2024-09-06 20:43:29,225 - elsapy.elsprofile - INFO - Module loaded.
2024-09-06 20:43:29,226 - elsapy.elsdoc - INFO - Module loaded.
2024-09-06 20:43:29,227 - elsapy.elssearch - INFO - Module loaded.
2024-09-06 20:49:38,048 - elsapy.elsclient - INFO - Module loaded.
2024-09-06 20:49:38,049 - elsapy.elsentity - INFO - Module loaded.
2024-09-06 20:49:38,049 - elsapy.utils - INFO - Module loaded.
2024-09-06 20:49:38,050 - elsapy.elsprofile - INFO - Module loaded.
2024-09-06 20:49:38,050 - elsapy.elsdoc - INFO - Module loaded.
2024-09-06 20:49:38,051 - elsapy.elssearch - INFO - Module loaded.
2024-09-06 20:51:26,271 - elsapy.elsclient - INFO - Module loaded.
2024-09-06 20:51:26,272 - elsapy.elsentity - INFO - Module loaded.
2024-09-06 20:51:26,272 - elsapy.utils - INFO - Module loaded.
2024-09-06 20:51:26,273 - elsapy.elsprofile - INFO - Module loaded.
2024-09-06 20:51:26,273 - elsapy.elsdoc - INFO - Module loaded.
2024-09-06 20:51:26,275 - elsapy.elssearch - INFO - Module loaded.
2024-09-06 20:56:26,457 - elsapy.elsclient - INFO - Module loaded.
2024-09-06 20:56:26,458 - elsapy.elsentity - INFO - Module loaded.
2024-09-06 20:56:26,459 - elsapy.utils - INFO - Module loaded.
2024-09-06 20:56:26,459 - elsapy.elsprofile - INFO - Module loaded.
2024-09-06 20:56:26,460 - elsapy.elsdoc - INFO - Module loaded.
2024-09-06 20:56:26,460 - elsapy.elssearch - INFO - Module loaded.
2024-09-06 20:57:47,041 - elsapy.elsclient - INFO - Module loaded.
2024-09-06 20:57:47,042 - elsapy.elsentity - INFO - Module loaded.
2024-09-06 20:57:47,043 - elsapy.utils - INFO - Module loaded.
2024-09-06 20:57:47,043 - elsapy.elsprofile - INFO - Module loaded.
2024-09-06 20:57:47,044 - elsapy.elsdoc - INFO - Module loaded.
2024-09-06 20:57:47,045 - elsapy.elssearch - INFO - Module loaded.
2024-09-06 20:58:52,486 - elsapy.elsclient - INFO - Module loaded.
2024-09-06 20:58:52,487 - elsapy.elsentity - INFO - Module loaded.
2024-09-06 20:58:52,488 - elsapy.utils - INFO - Module loaded.
2024-09-06 20:58:52,488 - elsapy.elsprofile - INFO - Module loaded.
2024-09-06 20:58:52,489 - elsapy.elsdoc - INFO - Module loaded.
2024-09-06 20:58:52,489 - elsapy.elssearch - INFO - Module loaded.
2024-09-06 21:40:54,703 - elsapy.elsclient - INFO - Module loaded.
2024-09-06 21:40:54,704 - elsapy.elsentity - INFO - Module loaded.
2024-09-06 21:40:54,705 - elsapy.utils - INFO - Module loaded.
2024-09-06 21:40:54,705 - elsapy.elsprofile - INFO - Module loaded.
2024-09-06 21:40:54,706 - elsapy.elsdoc - INFO - Module loaded.
2024-09-06 21:40:54,707 - elsapy.elssearch - INFO - Module loaded.
2024-09-06 21:45:57,138 - elsapy.elsclient - INFO - Module loaded.
2024-09-06 21:45:57,139 - elsapy.elsentity - INFO - Module loaded.
2024-09-06 21:45:57,139 - elsapy.utils - INFO - Module loaded.
2024-09-06 21:45:57,140 - elsapy.elsprofile - INFO - Module loaded.
2024-09-06 21:45:57,140 - elsapy.elsdoc - INFO - Module loaded.
2024-09-06 21:45:57,141 - elsapy.elssearch - INFO - Module loaded.
2024-09-06 21:46:52,285 - elsapy.elsclient - INFO - Module loaded.
2024-09-06 21:46:52,286 - elsapy.elsentity - INFO - Module loaded.
2024-09-06 21:46:52,287 - elsapy.utils - INFO - Module loaded.
2024-09-06 21:46:52,287 - elsapy.elsprofile - INFO - Module loaded.
2024-09-06 21:46:52,288 - elsapy.elsdoc - INFO - Module loaded.
2024-09-06 21:46:52,289 - elsapy.elssearch - INFO - Module loaded.
2024-09-06 21:47:34,272 - elsapy.elsclient - INFO - Module loaded.
2024-09-06 21:47:34,273 - elsapy.elsentity - INFO - Module loaded.
2024-09-06 21:47:34,273 - elsapy.utils - INFO - Module loaded.
2024-09-06 21:47:34,274 - elsapy.elsprofile - INFO - Module loaded.
2024-09-06 21:47:34,275 - elsapy.elsdoc - INFO - Module loaded.
2024-09-06 21:47:34,275 - elsapy.elssearch - INFO - Module loaded.
2024-09-06 21:48:22,692 - elsapy.elsclient - INFO - Module loaded.
2024-09-06 21:48:22,693 - elsapy.elsentity - INFO - Module loaded.
2024-09-06 21:48:22,694 - elsapy.utils - INFO - Module loaded.
2024-09-06 21:48:22,694 - elsapy.elsprofile - INFO - Module loaded.
2024-09-06 21:48:22,695 - elsapy.elsdoc - INFO - Module loaded.
2024-09-06 21:48:22,695 - elsapy.elssearch - INFO - Module loaded.
2024-09-06 21:50:47,019 - elsapy.elsclient - INFO - Module loaded.
2024-09-06 21:50:47,021 - elsapy.elsentity - INFO - Module loaded.
2024-09-06 21:50:47,021 - elsapy.utils - INFO - Module loaded.
2024-09-06 21:50:47,022 - elsapy.elsprofile - INFO - Module loaded.
2024-09-06 21:50:47,022 - elsapy.elsdoc - INFO - Module loaded.
2024-09-06 21:50:47,023 - elsapy.elssearch - INFO - Module loaded.
2024-09-06 21:51:45,080 - elsapy.elsclient - INFO - Module loaded.
2024-09-06 21:51:45,081 - elsapy.elsentity - INFO - Module loaded.
2024-09-06 21:51:45,082 - elsapy.utils - INFO - Module loaded.
2024-09-06 21:51:45,082 - elsapy.elsprofile - INFO - Module loaded.
2024-09-06 21:51:45,083 - elsapy.elsdoc - INFO - Module loaded.
2024-09-06 21:51:45,083 - elsapy.elssearch - INFO - Module loaded.
2024-09-06 21:52:10,924 - elsapy.elsclient - INFO - Module loaded.
2024-09-06 21:52:10,925 - elsapy.elsentity - INFO - Module loaded.
2024-09-06 21:52:10,925 - elsapy.utils - INFO - Module loaded.
2024-09-06 21:52:10,926 - elsapy.elsprofile - INFO - Module loaded.
2024-09-06 21:52:10,926 - elsapy.elsdoc - INFO - Module loaded.
2024-09-06 21:52:10,927 - elsapy.elssearch - INFO - Module loaded.
2024-09-06 21:53:09,466 - elsapy.elsclient - INFO - Module loaded.
2024-09-06 21:53:09,468 - elsapy.elsentity - INFO - Module loaded.
2024-09-06 21:53:09,468 - elsapy.utils - INFO - Module loaded.
2024-09-06 21:53:09,468 - elsapy.elsprofile - INFO - Module loaded.
2024-09-06 21:53:09,469 - elsapy.elsdoc - INFO - Module loaded.
2024-09-06 21:53:09,470 - elsapy.elssearch - INFO - Module loaded.
2024-09-06 21:53:42,736 - elsapy.elsclient - INFO - Module loaded.
2024-09-06 21:53:42,737 - elsapy.elsentity - INFO - Module loaded.
2024-09-06 21:53:42,737 - elsapy.utils - INFO - Module loaded.
2024-09-06 21:53:42,738 - elsapy.elsprofile - INFO - Module loaded.
2024-09-06 21:53:42,738 - elsapy.elsdoc - INFO - Module loaded.
2024-09-06 21:53:42,739 - elsapy.elssearch - INFO - Module loaded.
2024-09-06 21:54:21,843 - elsapy.elsclient - INFO - Module loaded.
2024-09-06 21:54:21,844 - elsapy.elsentity - INFO - Module loaded.
2024-09-06 21:54:21,845 - elsapy.utils - INFO - Module loaded.
2024-09-06 21:54:21,845 - elsapy.elsprofile - INFO - Module loaded.
2024-09-06 21:54:21,846 - elsapy.elsdoc - INFO - Module loaded.
2024-09-06 21:54:21,846 - elsapy.elssearch - INFO - Module loaded.
2024-09-06 21:56:06,663 - elsapy.elsclient - INFO - Module loaded.
2024-09-06 21:56:06,664 - elsapy.elsentity - INFO - Module loaded.
2024-09-06 21:56:06,664 - elsapy.utils - INFO - Module loaded.
2024-09-06 21:56:06,665 - elsapy.elsprofile - INFO - Module loaded.
2024-09-06 21:56:06,665 - elsapy.elsdoc - INFO - Module loaded.
2024-09-06 21:56:06,666 - elsapy.elssearch - INFO - Module loaded.
2024-09-06 21:56:32,656 - elsapy.elsclient - INFO - Module loaded.
2024-09-06 21:56:32,657 - elsapy.elsentity - INFO - Module loaded.
2024-09-06 21:56:32,658 - elsapy.utils - INFO - Module loaded.
2024-09-06 21:56:32,658 - elsapy.elsprofile - INFO - Module loaded.
2024-09-06 21:56:32,659 - elsapy.elsdoc - INFO - Module loaded.
2024-09-06 21:56:32,659 - elsapy.elssearch - INFO - Module loaded.
2024-09-06 21:57:26,824 - elsapy.elsclient - INFO - Module loaded.
2024-09-06 21:57:26,825 - elsapy.elsentity - INFO - Module loaded.
2024-09-06 21:57:26,826 - elsapy.utils - INFO - Module loaded.
2024-09-06 21:57:26,826 - elsapy.elsprofile - INFO - Module loaded.
2024-09-06 21:57:26,827 - elsapy.elsdoc - INFO - Module loaded.
2024-09-06 21:57:26,827 - elsapy.elssearch - INFO - Module loaded.
2024-09-06 21:58:46,836 - elsapy.elsclient - INFO - Module loaded.
2024-09-06 21:58:46,837 - elsapy.elsentity - INFO - Module loaded.
2024-09-06 21:58:46,838 - elsapy.utils - INFO - Module loaded.
2024-09-06 21:58:46,838 - elsapy.elsprofile - INFO - Module loaded.
2024-09-06 21:58:46,839 - elsapy.elsdoc - INFO - Module loaded.
2024-09-06 21:58:46,839 - elsapy.elssearch - INFO - Module loaded.
2024-09-06 22:00:27,306 - elsapy.elsclient - INFO - Module loaded.
2024-09-06 22:00:27,306 - elsapy.elsentity - INFO - Module loaded.
2024-09-06 22:00:27,308 - elsapy.utils - INFO - Module loaded.
2024-09-06 22:00:27,308 - elsapy.elsprofile - INFO - Module loaded.
2024-09-06 22:00:27,309 - elsapy.elsdoc - INFO - Module loaded.
2024-09-06 22:00:27,309 - elsapy.elssearch - INFO - Module loaded.
2024-09-06 22:00:51,055 - elsapy.elsclient - INFO - Module loaded.
2024-09-06 22:00:51,056 - elsapy.elsentity - INFO - Module loaded.
2024-09-06 22:00:51,056 - elsapy.utils - INFO - Module loaded.
2024-09-06 22:00:51,057 - elsapy.elsprofile - INFO - Module loaded.
2024-09-06 22:00:51,057 - elsapy.elsdoc - INFO - Module loaded.
2024-09-06 22:00:51,059 - elsapy.elssearch - INFO - Module loaded.
2024-09-06 22:05:57,985 - elsapy.elsclient - INFO - Module loaded.
2024-09-06 22:05:57,986 - elsapy.elsentity - INFO - Module loaded.
2024-09-06 22:05:57,987 - elsapy.utils - INFO - Module loaded.
2024-09-06 22:05:57,987 - elsapy.elsprofile - INFO - Module loaded.
2024-09-06 22:05:57,988 - elsapy.elsdoc - INFO - Module loaded.
2024-09-06 22:05:57,989 - elsapy.elssearch - INFO - Module loaded.
2024-09-06 22:07:46,739 - elsapy.elsclient - INFO - Module loaded.
2024-09-06 22:07:46,741 - elsapy.elsentity - INFO - Module loaded.
2024-09-06 22:07:46,741 - elsapy.utils - INFO - Module loaded.
2024-09-06 22:07:46,742 - elsapy.elsprofile - INFO - Module loaded.
2024-09-06 22:07:46,742 - elsapy.elsdoc - INFO - Module loaded.
2024-09-06 22:07:46,743 - elsapy.elssearch - INFO - Module loaded.
2024-09-06 22:12:57,629 - elsapy.elsclient - INFO - Module loaded.
2024-09-06 22:12:57,630 - elsapy.elsentity - INFO - Module loaded.
2024-09-06 22:12:57,630 - elsapy.utils - INFO - Module loaded.
2024-09-06 22:12:57,631 - elsapy.elsprofile - INFO - Module loaded.
2024-09-06 22:12:57,632 - elsapy.elsdoc - INFO - Module loaded.
2024-09-06 22:12:57,632 - elsapy.elssearch - INFO - Module loaded.
2024-09-06 22:13:54,774 - elsapy.elsclient - INFO - Module loaded.
2024-09-06 22:13:54,776 - elsapy.elsentity - INFO - Module loaded.
2024-09-06 22:13:54,776 - elsapy.utils - INFO - Module loaded.
2024-09-06 22:13:54,777 - elsapy.elsprofile - INFO - Module loaded.
2024-09-06 22:13:54,777 - elsapy.elsdoc - INFO - Module loaded.
2024-09-06 22:13:54,778 - elsapy.elssearch - INFO - Module loaded.
2024-09-06 22:15:50,884 - elsapy.elsclient - INFO - Module loaded.
2024-09-06 22:15:50,885 - elsapy.elsentity - INFO - Module loaded.
2024-09-06 22:15:50,886 - elsapy.utils - INFO - Module loaded.
2024-09-06 22:15:50,886 - elsapy.elsprofile - INFO - Module loaded.
2024-09-06 22:15:50,887 - elsapy.elsdoc - INFO - Module loaded.
2024-09-06 22:15:50,887 - elsapy.elssearch - INFO - Module loaded.
2024-09-06 22:16:27,041 - elsapy.elsclient - INFO - Module loaded.
2024-09-06 22:16:27,042 - elsapy.elsentity - INFO - Module loaded.
2024-09-06 22:16:27,043 - elsapy.utils - INFO - Module loaded.
2024-09-06 22:16:27,043 - elsapy.elsprofile - INFO - Module loaded.
2024-09-06 22:16:27,044 - elsapy.elsdoc - INFO - Module loaded.
2024-09-06 22:16:27,045 - elsapy.elssearch - INFO - Module loaded.
2024-09-06 22:25:17,604 - elsapy.elsclient - INFO - Module loaded.
2024-09-06 22:25:17,605 - elsapy.elsentity - INFO - Module loaded.
2024-09-06 22:25:17,606 - elsapy.utils - INFO - Module loaded.
2024-09-06 22:25:17,606 - elsapy.elsprofile - INFO - Module loaded.
2024-09-06 22:25:17,607 - elsapy.elsdoc - INFO - Module loaded.
2024-09-06 22:25:17,608 - elsapy.elssearch - INFO - Module loaded.
2024-09-06 22:27:19,063 - elsapy.elsclient - INFO - Module loaded.
2024-09-06 22:27:19,064 - elsapy.elsentity - INFO - Module loaded.
2024-09-06 22:27:19,065 - elsapy.utils - INFO - Module loaded.
2024-09-06 22:27:19,065 - elsapy.elsprofile - INFO - Module loaded.
2024-09-06 22:27:19,066 - elsapy.elsdoc - INFO - Module loaded.
2024-09-06 22:27:19,067 - elsapy.elssearch - INFO - Module loaded.
2024-09-06 22:27:45,682 - elsapy.elsclient - INFO - Module loaded.
2024-09-06 22:27:45,683 - elsapy.elsentity - INFO - Module loaded.
2024-09-06 22:27:45,684 - elsapy.utils - INFO - Module loaded.
2024-09-06 22:27:45,684 - elsapy.elsprofile - INFO - Module loaded.
2024-09-06 22:27:45,685 - elsapy.elsdoc - INFO - Module loaded.
2024-09-06 22:27:45,686 - elsapy.elssearch - INFO - Module loaded.
2024-09-06 22:28:12,885 - elsapy.elsclient - INFO - Module loaded.
2024-09-06 22:28:12,887 - elsapy.elsentity - INFO - Module loaded.
2024-09-06 22:28:12,887 - elsapy.utils - INFO - Module loaded.
2024-09-06 22:28:12,887 - elsapy.elsprofile - INFO - Module loaded.
2024-09-06 22:28:12,888 - elsapy.elsdoc - INFO - Module loaded.
2024-09-06 22:28:12,889 - elsapy.elssearch - INFO - Module loaded.
2024-09-06 22:29:59,233 - elsapy.elsclient - INFO - Module loaded.
2024-09-06 22:29:59,234 - elsapy.elsentity - INFO - Module loaded.
2024-09-06 22:29:59,235 - elsapy.utils - INFO - Module loaded.
2024-09-06 22:29:59,235 - elsapy.elsprofile - INFO - Module loaded.
2024-09-06 22:29:59,236 - elsapy.elsdoc - INFO - Module loaded.
2024-09-06 22:29:59,236 - elsapy.elssearch - INFO - Module loaded.
2024-09-06 22:30:24,171 - elsapy.elsclient - INFO - Module loaded.
2024-09-06 22:30:24,172 - elsapy.elsentity - INFO - Module loaded.
2024-09-06 22:30:24,173 - elsapy.utils - INFO - Module loaded.
2024-09-06 22:30:24,173 - elsapy.elsprofile - INFO - Module loaded.
2024-09-06 22:30:24,174 - elsapy.elsdoc - INFO - Module loaded.
2024-09-06 22:30:24,175 - elsapy.elssearch - INFO - Module loaded.
2024-09-06 22:30:48,628 - elsapy.elsclient - INFO - Module loaded.
2024-09-06 22:30:48,630 - elsapy.elsentity - INFO - Module loaded.
2024-09-06 22:30:48,630 - elsapy.utils - INFO - Module loaded.
2024-09-06 22:30:48,631 - elsapy.elsprofile - INFO - Module loaded.
2024-09-06 22:30:48,631 - elsapy.elsdoc - INFO - Module loaded.
2024-09-06 22:30:48,632 - elsapy.elssearch - INFO - Module loaded.
2024-09-06 22:31:03,076 - elsapy.elsclient - INFO - Module loaded.
2024-09-06 22:31:03,077 - elsapy.elsentity - INFO - Module loaded.
2024-09-06 22:31:03,078 - elsapy.utils - INFO - Module loaded.
2024-09-06 22:31:03,078 - elsapy.elsprofile - INFO - Module loaded.
2024-09-06 22:31:03,079 - elsapy.elsdoc - INFO - Module loaded.
2024-09-06 22:31:03,080 - elsapy.elssearch - INFO - Module loaded.
2024-09-06 22:31:59,795 - elsapy.elsclient - INFO - Module loaded.
2024-09-06 22:31:59,796 - elsapy.elsentity - INFO - Module loaded.
2024-09-06 22:31:59,796 - elsapy.utils - INFO - Module loaded.
2024-09-06 22:31:59,797 - elsapy.elsprofile - INFO - Module loaded.
2024-09-06 22:31:59,797 - elsapy.elsdoc - INFO - Module loaded.
2024-09-06 22:31:59,798 - elsapy.elssearch - INFO - Module loaded.
2024-09-06 22:33:01,761 - elsapy.elsclient - INFO - Module loaded.
2024-09-06 22:33:01,762 - elsapy.elsentity - INFO - Module loaded.
2024-09-06 22:33:01,763 - elsapy.utils - INFO - Module loaded.
2024-09-06 22:33:01,763 - elsapy.elsprofile - INFO - Module loaded.
2024-09-06 22:33:01,764 - elsapy.elsdoc - INFO - Module loaded.
2024-09-06 22:33:01,765 - elsapy.elssearch - INFO - Module loaded.
2024-09-06 22:35:27,028 - elsapy.elsclient - INFO - Module loaded.
2024-09-06 22:35:27,030 - elsapy.elsentity - INFO - Module loaded.
2024-09-06 22:35:27,030 - elsapy.utils - INFO - Module loaded.
2024-09-06 22:35:27,031 - elsapy.elsprofile - INFO - Module loaded.
2024-09-06 22:35:27,031 - elsapy.elsdoc - INFO - Module loaded.
2024-09-06 22:35:27,032 - elsapy.elssearch - INFO - Module loaded.
2024-09-06 22:36:37,113 - elsapy.elsclient - INFO - Module loaded.
2024-09-06 22:36:37,114 - elsapy.elsentity - INFO - Module loaded.
2024-09-06 22:36:37,115 - elsapy.utils - INFO - Module loaded.
2024-09-06 22:36:37,115 - elsapy.elsprofile - INFO - Module loaded.
2024-09-06 22:36:37,116 - elsapy.elsdoc - INFO - Module loaded.
2024-09-06 22:36:37,116 - elsapy.elssearch - INFO - Module loaded.
2024-09-06 22:37:07,437 - elsapy.elsclient - INFO - Module loaded.
2024-09-06 22:37:07,438 - elsapy.elsentity - INFO - Module loaded.
2024-09-06 22:37:07,439 - elsapy.utils - INFO - Module loaded.
2024-09-06 22:37:07,439 - elsapy.elsprofile - INFO - Module loaded.
2024-09-06 22:37:07,440 - elsapy.elsdoc - INFO - Module loaded.
2024-09-06 22:37:07,440 - elsapy.elssearch - INFO - Module loaded.
2024-09-06 22:37:44,246 - elsapy.elsclient - INFO - Module loaded.
2024-09-06 22:37:44,247 - elsapy.elsentity - INFO - Module loaded.
2024-09-06 22:37:44,247 - elsapy.utils - INFO - Module loaded.
2024-09-06 22:37:44,248 - elsapy.elsprofile - INFO - Module loaded.
2024-09-06 22:37:44,248 - elsapy.elsdoc - INFO - Module loaded.
2024-09-06 22:37:44,249 - elsapy.elssearch - INFO - Module loaded.
2024-09-06 22:39:08,940 - elsapy.elsclient - INFO - Module loaded.
2024-09-06 22:39:08,942 - elsapy.elsentity - INFO - Module loaded.
2024-09-06 22:39:08,943 - elsapy.utils - INFO - Module loaded.
2024-09-06 22:39:08,943 - elsapy.elsprofile - INFO - Module loaded.
2024-09-06 22:39:08,944 - elsapy.elsdoc - INFO - Module loaded.
2024-09-06 22:39:08,944 - elsapy.elssearch - INFO - Module loaded.
2024-09-06 22:39:36,980 - elsapy.elsclient - INFO - Module loaded.
2024-09-06 22:39:36,981 - elsapy.elsentity - INFO - Module loaded.
2024-09-06 22:39:36,982 - elsapy.utils - INFO - Module loaded.
2024-09-06 22:39:36,982 - elsapy.elsprofile - INFO - Module loaded.
2024-09-06 22:39:36,983 - elsapy.elsdoc - INFO - Module loaded.
2024-09-06 22:39:36,984 - elsapy.elssearch - INFO - Module loaded.
2024-09-06 22:39:56,135 - elsapy.elsclient - INFO - Module loaded.
2024-09-06 22:39:56,136 - elsapy.elsentity - INFO - Module loaded.
2024-09-06 22:39:56,137 - elsapy.utils - INFO - Module loaded.
2024-09-06 22:39:56,137 - elsapy.elsprofile - INFO - Module loaded.
2024-09-06 22:39:56,138 - elsapy.elsdoc - INFO - Module loaded.
2024-09-06 22:39:56,139 - elsapy.elssearch - INFO - Module loaded.
2024-09-06 22:40:11,195 - elsapy.elsclient - INFO - Module loaded.
2024-09-06 22:40:11,196 - elsapy.elsentity - INFO - Module loaded.
2024-09-06 22:40:11,197 - elsapy.utils - INFO - Module loaded.
2024-09-06 22:40:11,197 - elsapy.elsprofile - INFO - Module loaded.
2024-09-06 22:40:11,198 - elsapy.elsdoc - INFO - Module loaded.
2024-09-06 22:40:11,199 - elsapy.elssearch - INFO - Module loaded.
2024-09-06 22:41:01,401 - elsapy.elsclient - INFO - Module loaded.
2024-09-06 22:41:01,403 - elsapy.elsentity - INFO - Module loaded.
2024-09-06 22:41:01,403 - elsapy.utils - INFO - Module loaded.
2024-09-06 22:41:01,403 - elsapy.elsprofile - INFO - Module loaded.
2024-09-06 22:41:01,404 - elsapy.elsdoc - INFO - Module loaded.
2024-09-06 22:41:01,405 - elsapy.elssearch - INFO - Module loaded.
2024-09-06 22:41:21,100 - elsapy.elsclient - INFO - Module loaded.
2024-09-06 22:41:21,101 - elsapy.elsentity - INFO - Module loaded.
2024-09-06 22:41:21,102 - elsapy.utils - INFO - Module loaded.
2024-09-06 22:41:21,102 - elsapy.elsprofile - INFO - Module loaded.
2024-09-06 22:41:21,103 - elsapy.elsdoc - INFO - Module loaded.
2024-09-06 22:41:21,104 - elsapy.elssearch - INFO - Module loaded.
2024-09-06 22:41:58,335 - elsapy.elsclient - INFO - Module loaded.
2024-09-06 22:41:58,336 - elsapy.elsentity - INFO - Module loaded.
2024-09-06 22:41:58,337 - elsapy.utils - INFO - Module loaded.
2024-09-06 22:41:58,337 - elsapy.elsprofile - INFO - Module loaded.
2024-09-06 22:41:58,338 - elsapy.elsdoc - INFO - Module loaded.
2024-09-06 22:41:58,338 - elsapy.elssearch - INFO - Module loaded.
2024-09-06 22:43:14,949 - elsapy.elsclient - INFO - Module loaded.
2024-09-06 22:43:14,950 - elsapy.elsentity - INFO - Module loaded.
2024-09-06 22:43:14,951 - elsapy.utils - INFO - Module loaded.
2024-09-06 22:43:14,951 - elsapy.elsprofile - INFO - Module loaded.
2024-09-06 22:43:14,952 - elsapy.elsdoc - INFO - Module loaded.
2024-09-06 22:43:14,953 - elsapy.elssearch - INFO - Module loaded.
2024-09-06 22:43:38,797 - elsapy.elsclient - INFO - Module loaded.
2024-09-06 22:43:38,798 - elsapy.elsentity - INFO - Module loaded.
2024-09-06 22:43:38,799 - elsapy.utils - INFO - Module loaded.
2024-09-06 22:43:38,799 - elsapy.elsprofile - INFO - Module loaded.
2024-09-06 22:43:38,800 - elsapy.elsdoc - INFO - Module loaded.
2024-09-06 22:43:38,800 - elsapy.elssearch - INFO - Module loaded.
2024-09-06 22:44:24,271 - elsapy.elsclient - INFO - Module loaded.
2024-09-06 22:44:24,272 - elsapy.elsentity - INFO - Module loaded.
2024-09-06 22:44:24,272 - elsapy.utils - INFO - Module loaded.
2024-09-06 22:44:24,273 - elsapy.elsprofile - INFO - Module loaded.
2024-09-06 22:44:24,273 - elsapy.elsdoc - INFO - Module loaded.
2024-09-06 22:44:24,274 - elsapy.elssearch - INFO - Module loaded.
2024-09-06 22:44:44,569 - elsapy.elsclient - INFO - Module loaded.
2024-09-06 22:44:44,570 - elsapy.elsentity - INFO - Module loaded.
2024-09-06 22:44:44,571 - elsapy.utils - INFO - Module loaded.
2024-09-06 22:44:44,571 - elsapy.elsprofile - INFO - Module loaded.
2024-09-06 22:44:44,572 - elsapy.elsdoc - INFO - Module loaded.
2024-09-06 22:44:44,573 - elsapy.elssearch - INFO - Module loaded.
2024-09-06 22:45:15,256 - elsapy.elsclient - INFO - Module loaded.
2024-09-06 22:45:15,257 - elsapy.elsentity - INFO - Module loaded.
2024-09-06 22:45:15,258 - elsapy.utils - INFO - Module loaded.
2024-09-06 22:45:15,258 - elsapy.elsprofile - INFO - Module loaded.
2024-09-06 22:45:15,259 - elsapy.elsdoc - INFO - Module loaded.
2024-09-06 22:45:15,259 - elsapy.elssearch - INFO - Module loaded.
2024-09-06 22:45:31,161 - elsapy.elsclient - INFO - Module loaded.
2024-09-06 22:45:31,162 - elsapy.elsentity - INFO - Module loaded.
2024-09-06 22:45:31,163 - elsapy.utils - INFO - Module loaded.
2024-09-06 22:45:31,163 - elsapy.elsprofile - INFO - Module loaded.
2024-09-06 22:45:31,164 - elsapy.elsdoc - INFO - Module loaded.
2024-09-06 22:45:31,164 - elsapy.elssearch - INFO - Module loaded.
2024-09-06 22:45:48,551 - elsapy.elsclient - INFO - Module loaded.
2024-09-06 22:45:48,552 - elsapy.elsentity - INFO - Module loaded.
2024-09-06 22:45:48,553 - elsapy.utils - INFO - Module loaded.
2024-09-06 22:45:48,553 - elsapy.elsprofile - INFO - Module loaded.
2024-09-06 22:45:48,554 - elsapy.elsdoc - INFO - Module loaded.
2024-09-06 22:45:48,555 - elsapy.elssearch - INFO - Module loaded.
2024-09-06 22:46:30,242 - elsapy.elsclient - INFO - Module loaded.
2024-09-06 22:46:30,243 - elsapy.elsentity - INFO - Module loaded.
2024-09-06 22:46:30,244 - elsapy.utils - INFO - Module loaded.
2024-09-06 22:46:30,244 - elsapy.elsprofile - INFO - Module loaded.
2024-09-06 22:46:30,245 - elsapy.elsdoc - INFO - Module loaded.
2024-09-06 22:46:30,245 - elsapy.elssearch - INFO - Module loaded.
2024-09-06 22:47:05,552 - elsapy.elsclient - INFO - Module loaded.
2024-09-06 22:47:05,554 - elsapy.elsentity - INFO - Module loaded.
2024-09-06 22:47:05,554 - elsapy.utils - INFO - Module loaded.
2024-09-06 22:47:05,555 - elsapy.elsprofile - INFO - Module loaded.
2024-09-06 22:47:05,555 - elsapy.elsdoc - INFO - Module loaded.
2024-09-06 22:47:05,556 - elsapy.elssearch - INFO - Module loaded.
2024-09-06 22:48:44,936 - elsapy.elsclient - INFO - Module loaded.
2024-09-06 22:48:44,937 - elsapy.elsentity - INFO - Module loaded.
2024-09-06 22:48:44,937 - elsapy.utils - INFO - Module loaded.
2024-09-06 22:48:44,938 - elsapy.elsprofile - INFO - Module loaded.
2024-09-06 22:48:44,938 - elsapy.elsdoc - INFO - Module loaded.
2024-09-06 22:48:44,939 - elsapy.elssearch - INFO - Module loaded.
2024-09-06 22:50:14,288 - elsapy.elsclient - INFO - Module loaded.
2024-09-06 22:50:14,289 - elsapy.elsentity - INFO - Module loaded.
2024-09-06 22:50:14,289 - elsapy.utils - INFO - Module loaded.
2024-09-06 22:50:14,290 - elsapy.elsprofile - INFO - Module loaded.
2024-09-06 22:50:14,290 - elsapy.elsdoc - INFO - Module loaded.
2024-09-06 22:50:14,291 - elsapy.elssearch - INFO - Module loaded.
2024-09-06 22:50:46,320 - elsapy.elsclient - INFO - Module loaded.
2024-09-06 22:50:46,321 - elsapy.elsentity - INFO - Module loaded.
2024-09-06 22:50:46,322 - elsapy.utils - INFO - Module loaded.
2024-09-06 22:50:46,322 - elsapy.elsprofile - INFO - Module loaded.
2024-09-06 22:50:46,323 - elsapy.elsdoc - INFO - Module loaded.
2024-09-06 22:50:46,324 - elsapy.elssearch - INFO - Module loaded.
2024-09-06 22:51:09,589 - elsapy.elsclient - INFO - Module loaded.
2024-09-06 22:51:09,590 - elsapy.elsentity - INFO - Module loaded.
2024-09-06 22:51:09,591 - elsapy.utils - INFO - Module loaded.
2024-09-06 22:51:09,591 - elsapy.elsprofile - INFO - Module loaded.
2024-09-06 22:51:09,592 - elsapy.elsdoc - INFO - Module loaded.
2024-09-06 22:51:09,592 - elsapy.elssearch - INFO - Module loaded.
