2024-04-22 08:50:29,829 - elsapy.elsclient - INFO - Module loaded.
2024-04-22 08:50:29,832 - elsapy.elsentity - INFO - Module loaded.
2024-04-22 08:50:29,833 - elsapy.utils - INFO - Module loaded.
2024-04-22 08:50:29,834 - elsapy.elsprofile - INFO - Module loaded.
2024-04-22 08:50:29,835 - elsapy.elsdoc - INFO - Module loaded.
2024-04-22 08:50:29,836 - elsapy.elssearch - INFO - Module loaded.
2024-04-22 09:00:00,256 - elsapy.elsclient - INFO - Module loaded.
2024-04-22 09:00:00,258 - elsapy.elsentity - INFO - Module loaded.
2024-04-22 09:00:00,259 - elsapy.utils - INFO - Module loaded.
2024-04-22 09:00:00,259 - elsapy.elsprofile - INFO - Module loaded.
2024-04-22 09:00:00,261 - elsapy.elsdoc - INFO - Module loaded.
2024-04-22 09:00:00,262 - elsapy.elssearch - INFO - Module loaded.
2024-04-22 09:04:49,186 - elsapy.elsclient - INFO - Module loaded.
2024-04-22 09:04:49,187 - elsapy.elsentity - INFO - Module loaded.
2024-04-22 09:04:49,188 - elsapy.utils - INFO - Module loaded.
2024-04-22 09:04:49,188 - elsapy.elsprofile - INFO - Module loaded.
2024-04-22 09:04:49,189 - elsapy.elsdoc - INFO - Module loaded.
2024-04-22 09:04:49,189 - elsapy.elssearch - INFO - Module loaded.
2024-04-22 09:07:18,642 - elsapy.elsclient - INFO - Module loaded.
2024-04-22 09:07:18,643 - elsapy.elsentity - INFO - Module loaded.
2024-04-22 09:07:18,643 - elsapy.utils - INFO - Module loaded.
2024-04-22 09:07:18,644 - elsapy.elsprofile - INFO - Module loaded.
2024-04-22 09:07:18,644 - elsapy.elsdoc - INFO - Module loaded.
2024-04-22 09:07:18,645 - elsapy.elssearch - INFO - Module loaded.
2024-04-22 09:09:46,579 - elsapy.elsclient - INFO - Module loaded.
2024-04-22 09:09:46,580 - elsapy.elsentity - INFO - Module loaded.
2024-04-22 09:09:46,580 - elsapy.utils - INFO - Module loaded.
2024-04-22 09:09:46,581 - elsapy.elsprofile - INFO - Module loaded.
2024-04-22 09:09:46,581 - elsapy.elsdoc - INFO - Module loaded.
2024-04-22 09:09:46,582 - elsapy.elssearch - INFO - Module loaded.
2024-04-22 09:13:14,398 - elsapy.elsclient - INFO - Module loaded.
2024-04-22 09:13:14,399 - elsapy.elsentity - INFO - Module loaded.
2024-04-22 09:13:14,400 - elsapy.utils - INFO - Module loaded.
2024-04-22 09:13:14,400 - elsapy.elsprofile - INFO - Module loaded.
2024-04-22 09:13:14,401 - elsapy.elsdoc - INFO - Module loaded.
2024-04-22 09:13:14,402 - elsapy.elssearch - INFO - Module loaded.
2024-04-22 09:14:18,768 - elsapy.elsclient - INFO - Module loaded.
2024-04-22 09:14:18,769 - elsapy.elsentity - INFO - Module loaded.
2024-04-22 09:14:18,770 - elsapy.utils - INFO - Module loaded.
2024-04-22 09:14:18,770 - elsapy.elsprofile - INFO - Module loaded.
2024-04-22 09:14:18,771 - elsapy.elsdoc - INFO - Module loaded.
2024-04-22 09:14:18,771 - elsapy.elssearch - INFO - Module loaded.
2024-04-22 09:15:21,102 - elsapy.elsclient - INFO - Module loaded.
2024-04-22 09:15:21,103 - elsapy.elsentity - INFO - Module loaded.
2024-04-22 09:15:21,104 - elsapy.utils - INFO - Module loaded.
2024-04-22 09:15:21,104 - elsapy.elsprofile - INFO - Module loaded.
2024-04-22 09:15:21,105 - elsapy.elsdoc - INFO - Module loaded.
2024-04-22 09:15:21,106 - elsapy.elssearch - INFO - Module loaded.
2024-04-22 09:16:02,539 - elsapy.elsclient - INFO - Module loaded.
2024-04-22 09:16:02,540 - elsapy.elsentity - INFO - Module loaded.
2024-04-22 09:16:02,541 - elsapy.utils - INFO - Module loaded.
2024-04-22 09:16:02,541 - elsapy.elsprofile - INFO - Module loaded.
2024-04-22 09:16:02,541 - elsapy.elsdoc - INFO - Module loaded.
2024-04-22 09:16:02,542 - elsapy.elssearch - INFO - Module loaded.
2024-04-22 09:23:45,059 - elsapy.elsclient - INFO - Module loaded.
2024-04-22 09:23:45,060 - elsapy.elsentity - INFO - Module loaded.
2024-04-22 09:23:45,061 - elsapy.utils - INFO - Module loaded.
2024-04-22 09:23:45,061 - elsapy.elsprofile - INFO - Module loaded.
2024-04-22 09:23:45,062 - elsapy.elsdoc - INFO - Module loaded.
2024-04-22 09:23:45,062 - elsapy.elssearch - INFO - Module loaded.
2024-04-22 09:33:33,616 - elsapy.elsclient - INFO - Module loaded.
2024-04-22 09:33:33,617 - elsapy.elsentity - INFO - Module loaded.
2024-04-22 09:33:33,618 - elsapy.utils - INFO - Module loaded.
2024-04-22 09:33:33,619 - elsapy.elsprofile - INFO - Module loaded.
2024-04-22 09:33:33,620 - elsapy.elsdoc - INFO - Module loaded.
2024-04-22 09:33:33,620 - elsapy.elssearch - INFO - Module loaded.
