2024-07-24 09:38:57,380 - elsapy.elsclient - INFO - Module loaded.
2024-07-24 09:38:57,382 - elsapy.elsentity - INFO - Module loaded.
2024-07-24 09:38:57,382 - elsapy.utils - INFO - Module loaded.
2024-07-24 09:38:57,383 - elsapy.elsprofile - INFO - Module loaded.
2024-07-24 09:38:57,383 - elsapy.elsdoc - INFO - Module loaded.
2024-07-24 09:38:57,384 - elsapy.elssearch - INFO - Module loaded.
2024-07-24 09:42:42,079 - elsapy.elsclient - INFO - Module loaded.
2024-07-24 09:42:42,080 - elsapy.elsentity - INFO - Module loaded.
2024-07-24 09:42:42,081 - elsapy.utils - INFO - Module loaded.
2024-07-24 09:42:42,081 - elsapy.elsprofile - INFO - Module loaded.
2024-07-24 09:42:42,082 - elsapy.elsdoc - INFO - Module loaded.
2024-07-24 09:42:42,084 - elsapy.elssearch - INFO - Module loaded.
2024-07-24 16:25:47,821 - elsapy.elsclient - INFO - Module loaded.
2024-07-24 16:25:47,823 - elsapy.elsentity - INFO - Module loaded.
2024-07-24 16:25:47,823 - elsapy.utils - INFO - Module loaded.
2024-07-24 16:25:47,824 - elsapy.elsprofile - INFO - Module loaded.
2024-07-24 16:25:47,824 - elsapy.elsdoc - INFO - Module loaded.
2024-07-24 16:25:47,825 - elsapy.elssearch - INFO - Module loaded.
2024-07-24 16:30:57,681 - elsapy.elsclient - INFO - Module loaded.
2024-07-24 16:30:57,683 - elsapy.elsentity - INFO - Module loaded.
2024-07-24 16:30:57,684 - elsapy.utils - INFO - Module loaded.
2024-07-24 16:30:57,684 - elsapy.elsprofile - INFO - Module loaded.
2024-07-24 16:30:57,685 - elsapy.elsdoc - INFO - Module loaded.
2024-07-24 16:30:57,686 - elsapy.elssearch - INFO - Module loaded.
2024-07-24 16:42:35,926 - elsapy.elsclient - INFO - Module loaded.
2024-07-24 16:42:35,928 - elsapy.elsentity - INFO - Module loaded.
2024-07-24 16:42:35,928 - elsapy.utils - INFO - Module loaded.
2024-07-24 16:42:35,928 - elsapy.elsprofile - INFO - Module loaded.
2024-07-24 16:42:35,929 - elsapy.elsdoc - INFO - Module loaded.
2024-07-24 16:42:35,930 - elsapy.elssearch - INFO - Module loaded.
2024-07-24 16:48:16,607 - elsapy.elsclient - INFO - Module loaded.
2024-07-24 16:48:16,608 - elsapy.elsentity - INFO - Module loaded.
2024-07-24 16:48:16,608 - elsapy.utils - INFO - Module loaded.
2024-07-24 16:48:16,609 - elsapy.elsprofile - INFO - Module loaded.
2024-07-24 16:48:16,609 - elsapy.elsdoc - INFO - Module loaded.
2024-07-24 16:48:16,610 - elsapy.elssearch - INFO - Module loaded.
2024-07-24 16:50:48,831 - elsapy.elsclient - INFO - Module loaded.
2024-07-24 16:50:48,832 - elsapy.elsentity - INFO - Module loaded.
2024-07-24 16:50:48,832 - elsapy.utils - INFO - Module loaded.
2024-07-24 16:50:48,833 - elsapy.elsprofile - INFO - Module loaded.
2024-07-24 16:50:48,833 - elsapy.elsdoc - INFO - Module loaded.
2024-07-24 16:50:48,834 - elsapy.elssearch - INFO - Module loaded.
2024-07-24 17:17:47,275 - elsapy.elsclient - INFO - Module loaded.
2024-07-24 17:17:47,277 - elsapy.elsentity - INFO - Module loaded.
2024-07-24 17:17:47,278 - elsapy.utils - INFO - Module loaded.
2024-07-24 17:17:47,278 - elsapy.elsprofile - INFO - Module loaded.
2024-07-24 17:17:47,279 - elsapy.elsdoc - INFO - Module loaded.
2024-07-24 17:17:47,280 - elsapy.elssearch - INFO - Module loaded.
2024-07-24 23:02:36,368 - elsapy.elsclient - INFO - Module loaded.
2024-07-24 23:02:36,369 - elsapy.elsentity - INFO - Module loaded.
2024-07-24 23:02:36,370 - elsapy.utils - INFO - Module loaded.
2024-07-24 23:02:36,370 - elsapy.elsprofile - INFO - Module loaded.
2024-07-24 23:02:36,371 - elsapy.elsdoc - INFO - Module loaded.
2024-07-24 23:02:36,371 - elsapy.elssearch - INFO - Module loaded.
2024-07-24 23:03:16,028 - elsapy.elsclient - INFO - Module loaded.
2024-07-24 23:03:16,029 - elsapy.elsentity - INFO - Module loaded.
2024-07-24 23:03:16,030 - elsapy.utils - INFO - Module loaded.
2024-07-24 23:03:16,030 - elsapy.elsprofile - INFO - Module loaded.
2024-07-24 23:03:16,031 - elsapy.elsdoc - INFO - Module loaded.
2024-07-24 23:03:16,031 - elsapy.elssearch - INFO - Module loaded.
2024-07-24 23:05:17,299 - elsapy.elsclient - INFO - Module loaded.
2024-07-24 23:05:17,300 - elsapy.elsentity - INFO - Module loaded.
2024-07-24 23:05:17,300 - elsapy.utils - INFO - Module loaded.
2024-07-24 23:05:17,301 - elsapy.elsprofile - INFO - Module loaded.
2024-07-24 23:05:17,301 - elsapy.elsdoc - INFO - Module loaded.
2024-07-24 23:05:17,302 - elsapy.elssearch - INFO - Module loaded.
2024-07-24 23:22:52,321 - elsapy.elsclient - INFO - Module loaded.
2024-07-24 23:22:52,323 - elsapy.elsentity - INFO - Module loaded.
2024-07-24 23:22:52,323 - elsapy.utils - INFO - Module loaded.
2024-07-24 23:22:52,324 - elsapy.elsprofile - INFO - Module loaded.
2024-07-24 23:22:52,324 - elsapy.elsdoc - INFO - Module loaded.
2024-07-24 23:22:52,325 - elsapy.elssearch - INFO - Module loaded.
