2024-05-18 00:00:15,063 - elsapy.elsclient - INFO - Module loaded.
2024-05-18 00:00:15,064 - elsapy.elsentity - INFO - Module loaded.
2024-05-18 00:00:15,064 - elsapy.utils - INFO - Module loaded.
2024-05-18 00:00:15,065 - elsapy.elsprofile - INFO - Module loaded.
2024-05-18 00:00:15,065 - elsapy.elsdoc - INFO - Module loaded.
2024-05-18 00:00:15,066 - elsapy.elssearch - INFO - Module loaded.
2024-05-18 00:40:48,496 - elsapy.elsclient - INFO - Module loaded.
2024-05-18 00:40:48,497 - elsapy.elsentity - INFO - Module loaded.
2024-05-18 00:40:48,498 - elsapy.utils - INFO - Module loaded.
2024-05-18 00:40:48,498 - elsapy.elsprofile - INFO - Module loaded.
2024-05-18 00:40:48,499 - elsapy.elsdoc - INFO - Module loaded.
2024-05-18 00:40:48,500 - elsapy.elssearch - INFO - Module loaded.
2024-05-18 00:45:55,946 - elsapy.elsclient - INFO - Module loaded.
2024-05-18 00:45:55,948 - elsapy.elsentity - INFO - Module loaded.
2024-05-18 00:45:55,948 - elsapy.utils - INFO - Module loaded.
2024-05-18 00:45:55,948 - elsapy.elsprofile - INFO - Module loaded.
2024-05-18 00:45:55,949 - elsapy.elsdoc - INFO - Module loaded.
2024-05-18 00:45:55,950 - elsapy.elssearch - INFO - Module loaded.
2024-05-18 12:32:33,760 - elsapy.elsclient - INFO - Module loaded.
2024-05-18 12:32:33,762 - elsapy.elsentity - INFO - Module loaded.
2024-05-18 12:32:33,763 - elsapy.utils - INFO - Module loaded.
2024-05-18 12:32:33,763 - elsapy.elsprofile - INFO - Module loaded.
2024-05-18 12:32:33,764 - elsapy.elsdoc - INFO - Module loaded.
2024-05-18 12:32:33,765 - elsapy.elssearch - INFO - Module loaded.
2024-05-18 12:32:58,006 - elsapy.elsclient - INFO - Module loaded.
2024-05-18 12:32:58,007 - elsapy.elsentity - INFO - Module loaded.
2024-05-18 12:32:58,008 - elsapy.utils - INFO - Module loaded.
2024-05-18 12:32:58,009 - elsapy.elsprofile - INFO - Module loaded.
2024-05-18 12:32:58,010 - elsapy.elsdoc - INFO - Module loaded.
2024-05-18 12:32:58,011 - elsapy.elssearch - INFO - Module loaded.
2024-05-18 12:45:11,391 - elsapy.elsclient - INFO - Module loaded.
2024-05-18 12:45:11,393 - elsapy.elsentity - INFO - Module loaded.
2024-05-18 12:45:11,394 - elsapy.utils - INFO - Module loaded.
2024-05-18 12:45:11,394 - elsapy.elsprofile - INFO - Module loaded.
2024-05-18 12:45:11,395 - elsapy.elsdoc - INFO - Module loaded.
2024-05-18 12:45:11,396 - elsapy.elssearch - INFO - Module loaded.
2024-05-18 12:52:37,716 - elsapy.elsclient - INFO - Module loaded.
2024-05-18 12:52:37,717 - elsapy.elsentity - INFO - Module loaded.
2024-05-18 12:52:37,718 - elsapy.utils - INFO - Module loaded.
2024-05-18 12:52:37,719 - elsapy.elsprofile - INFO - Module loaded.
2024-05-18 12:52:37,720 - elsapy.elsdoc - INFO - Module loaded.
2024-05-18 12:52:37,721 - elsapy.elssearch - INFO - Module loaded.
2024-05-18 13:10:54,919 - elsapy.elsclient - INFO - Module loaded.
2024-05-18 13:10:54,921 - elsapy.elsentity - INFO - Module loaded.
2024-05-18 13:10:54,922 - elsapy.utils - INFO - Module loaded.
2024-05-18 13:10:54,922 - elsapy.elsprofile - INFO - Module loaded.
2024-05-18 13:10:54,923 - elsapy.elsdoc - INFO - Module loaded.
2024-05-18 13:10:54,924 - elsapy.elssearch - INFO - Module loaded.
2024-05-18 13:14:38,297 - elsapy.elsclient - INFO - Module loaded.
2024-05-18 13:14:38,298 - elsapy.elsentity - INFO - Module loaded.
2024-05-18 13:14:38,300 - elsapy.utils - INFO - Module loaded.
2024-05-18 13:14:38,301 - elsapy.elsprofile - INFO - Module loaded.
2024-05-18 13:14:38,301 - elsapy.elsdoc - INFO - Module loaded.
2024-05-18 13:14:38,302 - elsapy.elssearch - INFO - Module loaded.
2024-05-18 13:21:23,758 - elsapy.elsclient - INFO - Module loaded.
2024-05-18 13:21:23,760 - elsapy.elsentity - INFO - Module loaded.
2024-05-18 13:21:23,761 - elsapy.utils - INFO - Module loaded.
2024-05-18 13:21:23,761 - elsapy.elsprofile - INFO - Module loaded.
2024-05-18 13:21:23,762 - elsapy.elsdoc - INFO - Module loaded.
2024-05-18 13:21:23,763 - elsapy.elssearch - INFO - Module loaded.
2024-05-18 16:28:58,920 - elsapy.elsclient - INFO - Module loaded.
2024-05-18 16:28:58,922 - elsapy.elsentity - INFO - Module loaded.
2024-05-18 16:28:58,923 - elsapy.utils - INFO - Module loaded.
2024-05-18 16:28:58,923 - elsapy.elsprofile - INFO - Module loaded.
2024-05-18 16:28:58,924 - elsapy.elsdoc - INFO - Module loaded.
2024-05-18 16:28:58,925 - elsapy.elssearch - INFO - Module loaded.
2024-05-18 16:47:21,441 - elsapy.elsclient - INFO - Module loaded.
2024-05-18 16:47:21,442 - elsapy.elsentity - INFO - Module loaded.
2024-05-18 16:47:21,443 - elsapy.utils - INFO - Module loaded.
2024-05-18 16:47:21,444 - elsapy.elsprofile - INFO - Module loaded.
2024-05-18 16:47:21,445 - elsapy.elsdoc - INFO - Module loaded.
2024-05-18 16:47:21,446 - elsapy.elssearch - INFO - Module loaded.
2024-05-18 16:51:11,945 - elsapy.elsclient - INFO - Module loaded.
2024-05-18 16:51:11,946 - elsapy.elsentity - INFO - Module loaded.
2024-05-18 16:51:11,947 - elsapy.utils - INFO - Module loaded.
2024-05-18 16:51:11,948 - elsapy.elsprofile - INFO - Module loaded.
2024-05-18 16:51:11,949 - elsapy.elsdoc - INFO - Module loaded.
2024-05-18 16:51:11,951 - elsapy.elssearch - INFO - Module loaded.
2024-05-18 16:52:03,207 - elsapy.elsclient - INFO - Module loaded.
2024-05-18 16:52:03,212 - elsapy.elsentity - INFO - Module loaded.
2024-05-18 16:52:03,213 - elsapy.utils - INFO - Module loaded.
2024-05-18 16:52:03,213 - elsapy.elsprofile - INFO - Module loaded.
2024-05-18 16:52:03,214 - elsapy.elsdoc - INFO - Module loaded.
2024-05-18 16:52:03,215 - elsapy.elssearch - INFO - Module loaded.
2024-05-18 16:54:07,687 - elsapy.elsclient - INFO - Module loaded.
2024-05-18 16:54:07,689 - elsapy.elsentity - INFO - Module loaded.
2024-05-18 16:54:07,690 - elsapy.utils - INFO - Module loaded.
2024-05-18 16:54:07,690 - elsapy.elsprofile - INFO - Module loaded.
2024-05-18 16:54:07,691 - elsapy.elsdoc - INFO - Module loaded.
2024-05-18 16:54:07,692 - elsapy.elssearch - INFO - Module loaded.
2024-05-18 16:58:54,450 - elsapy.elsclient - INFO - Module loaded.
2024-05-18 16:58:54,452 - elsapy.elsentity - INFO - Module loaded.
2024-05-18 16:58:54,453 - elsapy.utils - INFO - Module loaded.
2024-05-18 16:58:54,453 - elsapy.elsprofile - INFO - Module loaded.
2024-05-18 16:58:54,454 - elsapy.elsdoc - INFO - Module loaded.
2024-05-18 16:58:54,455 - elsapy.elssearch - INFO - Module loaded.
2024-05-18 17:02:48,319 - elsapy.elsclient - INFO - Module loaded.
2024-05-18 17:02:48,321 - elsapy.elsentity - INFO - Module loaded.
2024-05-18 17:02:48,322 - elsapy.utils - INFO - Module loaded.
2024-05-18 17:02:48,322 - elsapy.elsprofile - INFO - Module loaded.
2024-05-18 17:02:48,323 - elsapy.elsdoc - INFO - Module loaded.
2024-05-18 17:02:48,324 - elsapy.elssearch - INFO - Module loaded.
2024-05-18 17:04:28,961 - elsapy.elsclient - INFO - Module loaded.
2024-05-18 17:04:28,963 - elsapy.elsentity - INFO - Module loaded.
2024-05-18 17:04:28,964 - elsapy.utils - INFO - Module loaded.
2024-05-18 17:04:28,964 - elsapy.elsprofile - INFO - Module loaded.
2024-05-18 17:04:28,965 - elsapy.elsdoc - INFO - Module loaded.
2024-05-18 17:04:28,966 - elsapy.elssearch - INFO - Module loaded.
2024-05-18 17:07:29,914 - elsapy.elsclient - INFO - Module loaded.
2024-05-18 17:07:29,916 - elsapy.elsentity - INFO - Module loaded.
2024-05-18 17:07:29,917 - elsapy.utils - INFO - Module loaded.
2024-05-18 17:07:29,917 - elsapy.elsprofile - INFO - Module loaded.
2024-05-18 17:07:29,918 - elsapy.elsdoc - INFO - Module loaded.
2024-05-18 17:07:29,920 - elsapy.elssearch - INFO - Module loaded.
2024-05-18 17:50:49,296 - elsapy.elsclient - INFO - Module loaded.
2024-05-18 17:50:49,297 - elsapy.elsentity - INFO - Module loaded.
2024-05-18 17:50:49,298 - elsapy.utils - INFO - Module loaded.
2024-05-18 17:50:49,299 - elsapy.elsprofile - INFO - Module loaded.
2024-05-18 17:50:49,299 - elsapy.elsdoc - INFO - Module loaded.
2024-05-18 17:50:49,300 - elsapy.elssearch - INFO - Module loaded.
2024-05-18 19:38:31,629 - elsapy.elsclient - INFO - Module loaded.
2024-05-18 19:38:31,631 - elsapy.elsentity - INFO - Module loaded.
2024-05-18 19:38:31,632 - elsapy.utils - INFO - Module loaded.
2024-05-18 19:38:31,632 - elsapy.elsprofile - INFO - Module loaded.
2024-05-18 19:38:31,633 - elsapy.elsdoc - INFO - Module loaded.
2024-05-18 19:38:31,634 - elsapy.elssearch - INFO - Module loaded.
2024-05-18 19:56:35,589 - elsapy.elsclient - INFO - Module loaded.
2024-05-18 19:56:35,590 - elsapy.elsentity - INFO - Module loaded.
2024-05-18 19:56:35,591 - elsapy.utils - INFO - Module loaded.
2024-05-18 19:56:35,591 - elsapy.elsprofile - INFO - Module loaded.
2024-05-18 19:56:35,592 - elsapy.elsdoc - INFO - Module loaded.
2024-05-18 19:56:35,594 - elsapy.elssearch - INFO - Module loaded.
2024-05-18 20:58:22,136 - elsapy.elsclient - INFO - Module loaded.
2024-05-18 20:58:22,138 - elsapy.elsentity - INFO - Module loaded.
2024-05-18 20:58:22,141 - elsapy.utils - INFO - Module loaded.
2024-05-18 20:58:22,141 - elsapy.elsprofile - INFO - Module loaded.
2024-05-18 20:58:22,144 - elsapy.elsdoc - INFO - Module loaded.
2024-05-18 20:58:22,145 - elsapy.elssearch - INFO - Module loaded.
2024-05-18 21:17:36,305 - elsapy.elsclient - INFO - Module loaded.
2024-05-18 21:17:36,306 - elsapy.elsentity - INFO - Module loaded.
2024-05-18 21:17:36,307 - elsapy.utils - INFO - Module loaded.
2024-05-18 21:17:36,307 - elsapy.elsprofile - INFO - Module loaded.
2024-05-18 21:17:36,308 - elsapy.elsdoc - INFO - Module loaded.
2024-05-18 21:17:36,310 - elsapy.elssearch - INFO - Module loaded.
2024-05-18 21:19:26,443 - elsapy.elsclient - INFO - Module loaded.
2024-05-18 21:19:26,445 - elsapy.elsentity - INFO - Module loaded.
2024-05-18 21:19:26,446 - elsapy.utils - INFO - Module loaded.
2024-05-18 21:19:26,447 - elsapy.elsprofile - INFO - Module loaded.
2024-05-18 21:19:26,448 - elsapy.elsdoc - INFO - Module loaded.
2024-05-18 21:19:26,449 - elsapy.elssearch - INFO - Module loaded.
2024-05-18 21:19:55,191 - elsapy.elsclient - INFO - Module loaded.
2024-05-18 21:19:55,193 - elsapy.elsentity - INFO - Module loaded.
2024-05-18 21:19:55,194 - elsapy.utils - INFO - Module loaded.
2024-05-18 21:19:55,194 - elsapy.elsprofile - INFO - Module loaded.
2024-05-18 21:19:55,195 - elsapy.elsdoc - INFO - Module loaded.
2024-05-18 21:19:55,198 - elsapy.elssearch - INFO - Module loaded.
2024-05-18 21:20:41,070 - elsapy.elsclient - INFO - Module loaded.
2024-05-18 21:20:41,072 - elsapy.elsentity - INFO - Module loaded.
2024-05-18 21:20:41,073 - elsapy.utils - INFO - Module loaded.
2024-05-18 21:20:41,073 - elsapy.elsprofile - INFO - Module loaded.
2024-05-18 21:20:41,074 - elsapy.elsdoc - INFO - Module loaded.
2024-05-18 21:20:41,075 - elsapy.elssearch - INFO - Module loaded.
2024-05-18 21:20:55,922 - elsapy.elsclient - INFO - Module loaded.
2024-05-18 21:20:55,924 - elsapy.elsentity - INFO - Module loaded.
2024-05-18 21:20:55,924 - elsapy.utils - INFO - Module loaded.
2024-05-18 21:20:55,925 - elsapy.elsprofile - INFO - Module loaded.
2024-05-18 21:20:55,926 - elsapy.elsdoc - INFO - Module loaded.
2024-05-18 21:20:55,927 - elsapy.elssearch - INFO - Module loaded.
2024-05-18 21:21:23,974 - elsapy.elsclient - INFO - Module loaded.
2024-05-18 21:21:23,976 - elsapy.elsentity - INFO - Module loaded.
2024-05-18 21:21:23,977 - elsapy.utils - INFO - Module loaded.
2024-05-18 21:21:23,977 - elsapy.elsprofile - INFO - Module loaded.
2024-05-18 21:21:23,978 - elsapy.elsdoc - INFO - Module loaded.
2024-05-18 21:21:23,979 - elsapy.elssearch - INFO - Module loaded.
2024-05-18 21:21:35,450 - elsapy.elsclient - INFO - Module loaded.
2024-05-18 21:21:35,451 - elsapy.elsentity - INFO - Module loaded.
2024-05-18 21:21:35,452 - elsapy.utils - INFO - Module loaded.
2024-05-18 21:21:35,453 - elsapy.elsprofile - INFO - Module loaded.
2024-05-18 21:21:35,454 - elsapy.elsdoc - INFO - Module loaded.
2024-05-18 21:21:35,455 - elsapy.elssearch - INFO - Module loaded.
2024-05-18 21:22:49,628 - elsapy.elsclient - INFO - Module loaded.
2024-05-18 21:22:49,630 - elsapy.elsentity - INFO - Module loaded.
2024-05-18 21:22:49,631 - elsapy.utils - INFO - Module loaded.
2024-05-18 21:22:49,631 - elsapy.elsprofile - INFO - Module loaded.
2024-05-18 21:22:49,632 - elsapy.elsdoc - INFO - Module loaded.
2024-05-18 21:22:49,633 - elsapy.elssearch - INFO - Module loaded.
2024-05-18 21:23:16,686 - elsapy.elsclient - INFO - Module loaded.
2024-05-18 21:23:16,688 - elsapy.elsentity - INFO - Module loaded.
2024-05-18 21:23:16,688 - elsapy.utils - INFO - Module loaded.
2024-05-18 21:23:16,689 - elsapy.elsprofile - INFO - Module loaded.
2024-05-18 21:23:16,690 - elsapy.elsdoc - INFO - Module loaded.
2024-05-18 21:23:16,691 - elsapy.elssearch - INFO - Module loaded.
2024-05-18 21:24:34,350 - elsapy.elsclient - INFO - Module loaded.
2024-05-18 21:24:34,351 - elsapy.elsentity - INFO - Module loaded.
2024-05-18 21:24:34,352 - elsapy.utils - INFO - Module loaded.
2024-05-18 21:24:34,352 - elsapy.elsprofile - INFO - Module loaded.
2024-05-18 21:24:34,353 - elsapy.elsdoc - INFO - Module loaded.
2024-05-18 21:24:34,354 - elsapy.elssearch - INFO - Module loaded.
2024-05-18 21:24:50,245 - elsapy.elsclient - INFO - Module loaded.
2024-05-18 21:24:50,247 - elsapy.elsentity - INFO - Module loaded.
2024-05-18 21:24:50,248 - elsapy.utils - INFO - Module loaded.
2024-05-18 21:24:50,248 - elsapy.elsprofile - INFO - Module loaded.
2024-05-18 21:24:50,249 - elsapy.elsdoc - INFO - Module loaded.
2024-05-18 21:24:50,250 - elsapy.elssearch - INFO - Module loaded.
2024-05-18 21:48:54,668 - elsapy.elsclient - INFO - Module loaded.
2024-05-18 21:48:54,670 - elsapy.elsentity - INFO - Module loaded.
2024-05-18 21:48:54,671 - elsapy.utils - INFO - Module loaded.
2024-05-18 21:48:54,671 - elsapy.elsprofile - INFO - Module loaded.
2024-05-18 21:48:54,672 - elsapy.elsdoc - INFO - Module loaded.
2024-05-18 21:48:54,673 - elsapy.elssearch - INFO - Module loaded.
2024-05-18 21:57:14,333 - elsapy.elsclient - INFO - Module loaded.
2024-05-18 21:57:14,334 - elsapy.elsentity - INFO - Module loaded.
2024-05-18 21:57:14,335 - elsapy.utils - INFO - Module loaded.
2024-05-18 21:57:14,335 - elsapy.elsprofile - INFO - Module loaded.
2024-05-18 21:57:14,336 - elsapy.elsdoc - INFO - Module loaded.
2024-05-18 21:57:14,337 - elsapy.elssearch - INFO - Module loaded.
2024-05-18 22:37:17,651 - elsapy.elsclient - INFO - Module loaded.
2024-05-18 22:37:17,653 - elsapy.elsentity - INFO - Module loaded.
2024-05-18 22:37:17,654 - elsapy.utils - INFO - Module loaded.
2024-05-18 22:37:17,655 - elsapy.elsprofile - INFO - Module loaded.
2024-05-18 22:37:17,656 - elsapy.elsdoc - INFO - Module loaded.
2024-05-18 22:37:17,657 - elsapy.elssearch - INFO - Module loaded.
2024-05-18 22:41:58,223 - elsapy.elsclient - INFO - Module loaded.
2024-05-18 22:41:58,225 - elsapy.elsentity - INFO - Module loaded.
2024-05-18 22:41:58,226 - elsapy.utils - INFO - Module loaded.
2024-05-18 22:41:58,226 - elsapy.elsprofile - INFO - Module loaded.
2024-05-18 22:41:58,227 - elsapy.elsdoc - INFO - Module loaded.
2024-05-18 22:41:58,228 - elsapy.elssearch - INFO - Module loaded.
