2024-06-01 00:08:01,352 - elsapy.elsclient - INFO - Module loaded.
2024-06-01 00:08:01,354 - elsapy.elsentity - INFO - Module loaded.
2024-06-01 00:08:01,355 - elsapy.utils - INFO - Module loaded.
2024-06-01 00:08:01,355 - elsapy.elsprofile - INFO - Module loaded.
2024-06-01 00:08:01,356 - elsapy.elsdoc - INFO - Module loaded.
2024-06-01 00:08:01,357 - elsapy.elssearch - INFO - Module loaded.
2024-06-01 09:55:34,209 - elsapy.elsclient - INFO - Module loaded.
2024-06-01 09:55:34,210 - elsapy.elsentity - INFO - Module loaded.
2024-06-01 09:55:34,214 - elsapy.utils - INFO - Module loaded.
2024-06-01 09:55:34,215 - elsapy.elsprofile - INFO - Module loaded.
2024-06-01 09:55:34,217 - elsapy.elsdoc - INFO - Module loaded.
2024-06-01 09:55:34,218 - elsapy.elssearch - INFO - Module loaded.
2024-06-01 14:18:59,840 - elsapy.elsclient - INFO - Module loaded.
2024-06-01 14:18:59,842 - elsapy.elsentity - INFO - Module loaded.
2024-06-01 14:18:59,843 - elsapy.utils - INFO - Module loaded.
2024-06-01 14:18:59,843 - elsapy.elsprofile - INFO - Module loaded.
2024-06-01 14:18:59,844 - elsapy.elsdoc - INFO - Module loaded.
2024-06-01 14:18:59,846 - elsapy.elssearch - INFO - Module loaded.
2024-06-01 14:24:12,386 - elsapy.elsclient - INFO - Module loaded.
2024-06-01 14:24:12,395 - elsapy.elsentity - INFO - Module loaded.
2024-06-01 14:24:12,396 - elsapy.utils - INFO - Module loaded.
2024-06-01 14:24:12,396 - elsapy.elsprofile - INFO - Module loaded.
2024-06-01 14:24:12,397 - elsapy.elsdoc - INFO - Module loaded.
2024-06-01 14:24:12,398 - elsapy.elssearch - INFO - Module loaded.
2024-06-01 14:26:28,066 - elsapy.elsclient - INFO - Module loaded.
2024-06-01 14:26:28,067 - elsapy.elsentity - INFO - Module loaded.
2024-06-01 14:26:28,068 - elsapy.utils - INFO - Module loaded.
2024-06-01 14:26:28,069 - elsapy.elsprofile - INFO - Module loaded.
2024-06-01 14:26:28,070 - elsapy.elsdoc - INFO - Module loaded.
2024-06-01 14:26:28,071 - elsapy.elssearch - INFO - Module loaded.
2024-06-01 14:27:56,503 - elsapy.elsclient - INFO - Module loaded.
2024-06-01 14:27:56,505 - elsapy.elsentity - INFO - Module loaded.
2024-06-01 14:27:56,505 - elsapy.utils - INFO - Module loaded.
2024-06-01 14:27:56,506 - elsapy.elsprofile - INFO - Module loaded.
2024-06-01 14:27:56,523 - elsapy.elsdoc - INFO - Module loaded.
2024-06-01 14:27:56,524 - elsapy.elssearch - INFO - Module loaded.
2024-06-01 14:34:30,895 - elsapy.elsclient - INFO - Module loaded.
2024-06-01 14:34:30,897 - elsapy.elsentity - INFO - Module loaded.
2024-06-01 14:34:30,897 - elsapy.utils - INFO - Module loaded.
2024-06-01 14:34:30,908 - elsapy.elsprofile - INFO - Module loaded.
2024-06-01 14:34:30,909 - elsapy.elsdoc - INFO - Module loaded.
2024-06-01 14:34:30,910 - elsapy.elssearch - INFO - Module loaded.
2024-06-01 14:36:26,894 - elsapy.elsclient - INFO - Module loaded.
2024-06-01 14:36:26,895 - elsapy.elsentity - INFO - Module loaded.
2024-06-01 14:36:26,896 - elsapy.utils - INFO - Module loaded.
2024-06-01 14:36:26,897 - elsapy.elsprofile - INFO - Module loaded.
2024-06-01 14:36:26,898 - elsapy.elsdoc - INFO - Module loaded.
2024-06-01 14:36:26,899 - elsapy.elssearch - INFO - Module loaded.
2024-06-01 16:10:57,696 - elsapy.elsclient - INFO - Module loaded.
2024-06-01 16:10:57,698 - elsapy.elsentity - INFO - Module loaded.
2024-06-01 16:10:57,699 - elsapy.utils - INFO - Module loaded.
2024-06-01 16:10:57,699 - elsapy.elsprofile - INFO - Module loaded.
2024-06-01 16:10:57,700 - elsapy.elsdoc - INFO - Module loaded.
2024-06-01 16:10:57,744 - elsapy.elssearch - INFO - Module loaded.
2024-06-01 16:20:46,479 - elsapy.elsclient - INFO - Module loaded.
2024-06-01 16:20:46,481 - elsapy.elsentity - INFO - Module loaded.
2024-06-01 16:20:46,481 - elsapy.utils - INFO - Module loaded.
2024-06-01 16:20:46,582 - elsapy.elsprofile - INFO - Module loaded.
2024-06-01 16:20:46,583 - elsapy.elsdoc - INFO - Module loaded.
2024-06-01 16:20:46,584 - elsapy.elssearch - INFO - Module loaded.
2024-06-01 16:24:50,308 - elsapy.elsclient - INFO - Module loaded.
2024-06-01 16:24:50,526 - elsapy.elsentity - INFO - Module loaded.
2024-06-01 16:24:50,527 - elsapy.utils - INFO - Module loaded.
2024-06-01 16:24:50,528 - elsapy.elsprofile - INFO - Module loaded.
2024-06-01 16:24:50,529 - elsapy.elsdoc - INFO - Module loaded.
2024-06-01 16:24:50,530 - elsapy.elssearch - INFO - Module loaded.
2024-06-01 16:29:14,214 - elsapy.elsclient - INFO - Module loaded.
2024-06-01 16:29:14,216 - elsapy.elsentity - INFO - Module loaded.
2024-06-01 16:29:14,217 - elsapy.utils - INFO - Module loaded.
2024-06-01 16:29:14,217 - elsapy.elsprofile - INFO - Module loaded.
2024-06-01 16:29:14,218 - elsapy.elsdoc - INFO - Module loaded.
2024-06-01 16:29:14,219 - elsapy.elssearch - INFO - Module loaded.
2024-06-01 16:43:20,607 - elsapy.elsclient - INFO - Module loaded.
2024-06-01 16:43:20,608 - elsapy.elsentity - INFO - Module loaded.
2024-06-01 16:43:20,609 - elsapy.utils - INFO - Module loaded.
2024-06-01 16:43:20,609 - elsapy.elsprofile - INFO - Module loaded.
2024-06-01 16:43:20,610 - elsapy.elsdoc - INFO - Module loaded.
2024-06-01 16:43:20,612 - elsapy.elssearch - INFO - Module loaded.
2024-06-01 16:54:20,125 - elsapy.elsclient - INFO - Module loaded.
2024-06-01 16:54:20,126 - elsapy.elsentity - INFO - Module loaded.
2024-06-01 16:54:20,127 - elsapy.utils - INFO - Module loaded.
2024-06-01 16:54:20,128 - elsapy.elsprofile - INFO - Module loaded.
2024-06-01 16:54:20,129 - elsapy.elsdoc - INFO - Module loaded.
2024-06-01 16:54:20,130 - elsapy.elssearch - INFO - Module loaded.
2024-06-01 16:57:29,317 - elsapy.elsclient - INFO - Module loaded.
2024-06-01 16:57:29,319 - elsapy.elsentity - INFO - Module loaded.
2024-06-01 16:57:29,320 - elsapy.utils - INFO - Module loaded.
2024-06-01 16:57:29,320 - elsapy.elsprofile - INFO - Module loaded.
2024-06-01 16:57:29,321 - elsapy.elsdoc - INFO - Module loaded.
2024-06-01 16:57:29,322 - elsapy.elssearch - INFO - Module loaded.
2024-06-01 17:01:49,979 - elsapy.elsclient - INFO - Module loaded.
2024-06-01 17:01:49,980 - elsapy.elsentity - INFO - Module loaded.
2024-06-01 17:01:49,981 - elsapy.utils - INFO - Module loaded.
2024-06-01 17:01:49,982 - elsapy.elsprofile - INFO - Module loaded.
2024-06-01 17:01:49,982 - elsapy.elsdoc - INFO - Module loaded.
2024-06-01 17:01:49,983 - elsapy.elssearch - INFO - Module loaded.
2024-06-01 17:38:52,831 - elsapy.elsclient - INFO - Module loaded.
2024-06-01 17:38:52,832 - elsapy.elsentity - INFO - Module loaded.
2024-06-01 17:38:52,833 - elsapy.utils - INFO - Module loaded.
2024-06-01 17:38:52,833 - elsapy.elsprofile - INFO - Module loaded.
2024-06-01 17:38:52,834 - elsapy.elsdoc - INFO - Module loaded.
2024-06-01 17:38:52,835 - elsapy.elssearch - INFO - Module loaded.
2024-06-01 18:08:21,248 - elsapy.elsclient - INFO - Module loaded.
2024-06-01 18:08:21,249 - elsapy.elsentity - INFO - Module loaded.
2024-06-01 18:08:21,250 - elsapy.utils - INFO - Module loaded.
2024-06-01 18:08:21,251 - elsapy.elsprofile - INFO - Module loaded.
2024-06-01 18:08:21,252 - elsapy.elsdoc - INFO - Module loaded.
2024-06-01 18:08:21,253 - elsapy.elssearch - INFO - Module loaded.
2024-06-01 20:28:03,103 - elsapy.elsclient - INFO - Module loaded.
2024-06-01 20:28:03,105 - elsapy.elsentity - INFO - Module loaded.
2024-06-01 20:28:03,106 - elsapy.utils - INFO - Module loaded.
2024-06-01 20:28:03,106 - elsapy.elsprofile - INFO - Module loaded.
2024-06-01 20:28:03,107 - elsapy.elsdoc - INFO - Module loaded.
2024-06-01 20:28:03,108 - elsapy.elssearch - INFO - Module loaded.
2024-06-01 23:17:25,422 - elsapy.elsclient - INFO - Module loaded.
2024-06-01 23:17:25,423 - elsapy.elsentity - INFO - Module loaded.
2024-06-01 23:17:25,424 - elsapy.utils - INFO - Module loaded.
2024-06-01 23:17:25,425 - elsapy.elsprofile - INFO - Module loaded.
2024-06-01 23:17:25,426 - elsapy.elsdoc - INFO - Module loaded.
2024-06-01 23:17:25,427 - elsapy.elssearch - INFO - Module loaded.
2024-06-01 23:23:17,024 - elsapy.elsclient - INFO - Module loaded.
2024-06-01 23:23:17,026 - elsapy.elsentity - INFO - Module loaded.
2024-06-01 23:23:17,027 - elsapy.utils - INFO - Module loaded.
2024-06-01 23:23:17,027 - elsapy.elsprofile - INFO - Module loaded.
2024-06-01 23:23:17,028 - elsapy.elsdoc - INFO - Module loaded.
2024-06-01 23:23:17,029 - elsapy.elssearch - INFO - Module loaded.
2024-06-01 23:28:30,886 - elsapy.elsclient - INFO - Module loaded.
2024-06-01 23:28:30,887 - elsapy.elsentity - INFO - Module loaded.
2024-06-01 23:28:30,887 - elsapy.utils - INFO - Module loaded.
2024-06-01 23:28:30,888 - elsapy.elsprofile - INFO - Module loaded.
2024-06-01 23:28:30,888 - elsapy.elsdoc - INFO - Module loaded.
2024-06-01 23:28:30,889 - elsapy.elssearch - INFO - Module loaded.
2024-06-01 23:30:50,786 - elsapy.elsclient - INFO - Module loaded.
2024-06-01 23:30:50,787 - elsapy.elsentity - INFO - Module loaded.
2024-06-01 23:30:50,787 - elsapy.utils - INFO - Module loaded.
2024-06-01 23:30:50,788 - elsapy.elsprofile - INFO - Module loaded.
2024-06-01 23:30:50,788 - elsapy.elsdoc - INFO - Module loaded.
2024-06-01 23:30:50,789 - elsapy.elssearch - INFO - Module loaded.
