2024-05-14 07:27:07,391 - elsapy.elsclient - INFO - Module loaded.
2024-05-14 07:27:07,392 - elsapy.elsentity - INFO - Module loaded.
2024-05-14 07:27:07,393 - elsapy.utils - INFO - Module loaded.
2024-05-14 07:27:07,393 - elsapy.elsprofile - INFO - Module loaded.
2024-05-14 07:27:07,394 - elsapy.elsdoc - INFO - Module loaded.
2024-05-14 07:27:07,395 - elsapy.elssearch - INFO - Module loaded.
2024-05-14 07:31:34,848 - elsapy.elsclient - INFO - Module loaded.
2024-05-14 07:31:34,850 - elsapy.elsentity - INFO - Module loaded.
2024-05-14 07:31:34,850 - elsapy.utils - INFO - Module loaded.
2024-05-14 07:31:34,851 - elsapy.elsprofile - INFO - Module loaded.
2024-05-14 07:31:34,851 - elsapy.elsdoc - INFO - Module loaded.
2024-05-14 07:31:34,853 - elsapy.elssearch - INFO - Module loaded.
2024-05-14 09:36:27,153 - elsapy.elsclient - INFO - Module loaded.
2024-05-14 09:36:27,154 - elsapy.elsentity - INFO - Module loaded.
2024-05-14 09:36:27,155 - elsapy.utils - INFO - Module loaded.
2024-05-14 09:36:27,155 - elsapy.elsprofile - INFO - Module loaded.
2024-05-14 09:36:27,156 - elsapy.elsdoc - INFO - Module loaded.
2024-05-14 09:36:27,157 - elsapy.elssearch - INFO - Module loaded.
2024-05-14 12:09:26,832 - elsapy.elsclient - INFO - Module loaded.
2024-05-14 12:09:26,833 - elsapy.elsentity - INFO - Module loaded.
2024-05-14 12:09:26,834 - elsapy.utils - INFO - Module loaded.
2024-05-14 12:09:26,835 - elsapy.elsprofile - INFO - Module loaded.
2024-05-14 12:09:26,836 - elsapy.elsdoc - INFO - Module loaded.
2024-05-14 12:09:26,837 - elsapy.elssearch - INFO - Module loaded.
2024-05-14 12:13:56,612 - elsapy.elsclient - INFO - Module loaded.
2024-05-14 12:13:56,613 - elsapy.elsentity - INFO - Module loaded.
2024-05-14 12:13:56,614 - elsapy.utils - INFO - Module loaded.
2024-05-14 12:13:56,615 - elsapy.elsprofile - INFO - Module loaded.
2024-05-14 12:13:56,616 - elsapy.elsdoc - INFO - Module loaded.
2024-05-14 12:13:56,617 - elsapy.elssearch - INFO - Module loaded.
2024-05-14 12:23:38,477 - elsapy.elsclient - INFO - Module loaded.
2024-05-14 12:23:38,478 - elsapy.elsentity - INFO - Module loaded.
2024-05-14 12:23:38,479 - elsapy.utils - INFO - Module loaded.
2024-05-14 12:23:38,480 - elsapy.elsprofile - INFO - Module loaded.
2024-05-14 12:23:38,481 - elsapy.elsdoc - INFO - Module loaded.
2024-05-14 12:23:38,482 - elsapy.elssearch - INFO - Module loaded.
2024-05-14 12:26:33,015 - elsapy.elsclient - INFO - Module loaded.
2024-05-14 12:26:33,017 - elsapy.elsentity - INFO - Module loaded.
2024-05-14 12:26:33,017 - elsapy.utils - INFO - Module loaded.
2024-05-14 12:26:33,018 - elsapy.elsprofile - INFO - Module loaded.
2024-05-14 12:26:33,019 - elsapy.elsdoc - INFO - Module loaded.
2024-05-14 12:26:33,020 - elsapy.elssearch - INFO - Module loaded.
2024-05-14 12:28:17,538 - elsapy.elsclient - INFO - Module loaded.
2024-05-14 12:28:17,540 - elsapy.elsentity - INFO - Module loaded.
2024-05-14 12:28:17,541 - elsapy.utils - INFO - Module loaded.
2024-05-14 12:28:17,541 - elsapy.elsprofile - INFO - Module loaded.
2024-05-14 12:28:17,542 - elsapy.elsdoc - INFO - Module loaded.
2024-05-14 12:28:17,543 - elsapy.elssearch - INFO - Module loaded.
2024-05-14 12:30:09,817 - elsapy.elsclient - INFO - Module loaded.
2024-05-14 12:30:09,819 - elsapy.elsentity - INFO - Module loaded.
2024-05-14 12:30:09,820 - elsapy.utils - INFO - Module loaded.
2024-05-14 12:30:09,820 - elsapy.elsprofile - INFO - Module loaded.
2024-05-14 12:30:09,821 - elsapy.elsdoc - INFO - Module loaded.
2024-05-14 12:30:09,822 - elsapy.elssearch - INFO - Module loaded.
