2024-05-16 00:05:47,363 - elsapy.elsclient - INFO - Module loaded.
2024-05-16 00:05:47,365 - elsapy.elsentity - INFO - Module loaded.
2024-05-16 00:05:47,366 - elsapy.utils - INFO - Module loaded.
2024-05-16 00:05:47,366 - elsapy.elsprofile - INFO - Module loaded.
2024-05-16 00:05:47,367 - elsapy.elsdoc - INFO - Module loaded.
2024-05-16 00:05:47,368 - elsapy.elssearch - INFO - Module loaded.
2024-05-16 07:52:04,959 - elsapy.elsclient - INFO - Module loaded.
2024-05-16 07:52:04,960 - elsapy.elsentity - INFO - Module loaded.
2024-05-16 07:52:04,961 - elsapy.utils - INFO - Module loaded.
2024-05-16 07:52:04,962 - elsapy.elsprofile - INFO - Module loaded.
2024-05-16 07:52:04,963 - elsapy.elsdoc - INFO - Module loaded.
2024-05-16 07:52:04,964 - elsapy.elssearch - INFO - Module loaded.
2024-05-16 11:11:39,380 - elsapy.elsclient - INFO - Module loaded.
2024-05-16 11:11:39,381 - elsapy.elsentity - INFO - Module loaded.
2024-05-16 11:11:39,381 - elsapy.utils - INFO - Module loaded.
2024-05-16 11:11:39,382 - elsapy.elsprofile - INFO - Module loaded.
2024-05-16 11:11:39,382 - elsapy.elsdoc - INFO - Module loaded.
2024-05-16 11:11:39,383 - elsapy.elssearch - INFO - Module loaded.
2024-05-16 11:12:20,840 - elsapy.elsclient - INFO - Module loaded.
2024-05-16 11:12:20,841 - elsapy.elsentity - INFO - Module loaded.
2024-05-16 11:12:20,841 - elsapy.utils - INFO - Module loaded.
2024-05-16 11:12:20,842 - elsapy.elsprofile - INFO - Module loaded.
2024-05-16 11:12:20,842 - elsapy.elsdoc - INFO - Module loaded.
2024-05-16 11:12:20,843 - elsapy.elssearch - INFO - Module loaded.
2024-05-16 12:08:14,954 - elsapy.elsclient - INFO - Module loaded.
2024-05-16 12:08:14,955 - elsapy.elsentity - INFO - Module loaded.
2024-05-16 12:08:14,956 - elsapy.utils - INFO - Module loaded.
2024-05-16 12:08:14,956 - elsapy.elsprofile - INFO - Module loaded.
2024-05-16 12:08:14,957 - elsapy.elsdoc - INFO - Module loaded.
2024-05-16 12:08:14,958 - elsapy.elssearch - INFO - Module loaded.
2024-05-16 12:11:21,076 - elsapy.elsclient - INFO - Module loaded.
2024-05-16 12:11:21,077 - elsapy.elsentity - INFO - Module loaded.
2024-05-16 12:11:21,078 - elsapy.utils - INFO - Module loaded.
2024-05-16 12:11:21,078 - elsapy.elsprofile - INFO - Module loaded.
2024-05-16 12:11:21,079 - elsapy.elsdoc - INFO - Module loaded.
2024-05-16 12:11:21,080 - elsapy.elssearch - INFO - Module loaded.
2024-05-16 13:01:46,261 - elsapy.elsclient - INFO - Module loaded.
2024-05-16 13:01:46,262 - elsapy.elsentity - INFO - Module loaded.
2024-05-16 13:01:46,263 - elsapy.utils - INFO - Module loaded.
2024-05-16 13:01:46,263 - elsapy.elsprofile - INFO - Module loaded.
2024-05-16 13:01:46,264 - elsapy.elsdoc - INFO - Module loaded.
2024-05-16 13:01:46,264 - elsapy.elssearch - INFO - Module loaded.
2024-05-16 13:10:33,889 - elsapy.elsclient - INFO - Module loaded.
2024-05-16 13:10:33,890 - elsapy.elsentity - INFO - Module loaded.
2024-05-16 13:10:33,890 - elsapy.utils - INFO - Module loaded.
2024-05-16 13:10:33,891 - elsapy.elsprofile - INFO - Module loaded.
2024-05-16 13:10:33,891 - elsapy.elsdoc - INFO - Module loaded.
2024-05-16 13:10:33,892 - elsapy.elssearch - INFO - Module loaded.
2024-05-16 13:13:08,700 - elsapy.elsclient - INFO - Module loaded.
2024-05-16 13:13:08,701 - elsapy.elsentity - INFO - Module loaded.
2024-05-16 13:13:08,702 - elsapy.utils - INFO - Module loaded.
2024-05-16 13:13:08,702 - elsapy.elsprofile - INFO - Module loaded.
2024-05-16 13:13:08,702 - elsapy.elsdoc - INFO - Module loaded.
2024-05-16 13:13:08,703 - elsapy.elssearch - INFO - Module loaded.
2024-05-16 21:42:25,329 - elsapy.elsclient - INFO - Module loaded.
2024-05-16 21:42:25,330 - elsapy.elsentity - INFO - Module loaded.
2024-05-16 21:42:25,330 - elsapy.utils - INFO - Module loaded.
2024-05-16 21:42:25,331 - elsapy.elsprofile - INFO - Module loaded.
2024-05-16 21:42:25,331 - elsapy.elsdoc - INFO - Module loaded.
2024-05-16 21:42:25,332 - elsapy.elssearch - INFO - Module loaded.
2024-05-16 21:44:20,691 - elsapy.elsclient - INFO - Module loaded.
2024-05-16 21:44:20,692 - elsapy.elsentity - INFO - Module loaded.
2024-05-16 21:44:20,693 - elsapy.utils - INFO - Module loaded.
2024-05-16 21:44:20,693 - elsapy.elsprofile - INFO - Module loaded.
2024-05-16 21:44:20,694 - elsapy.elsdoc - INFO - Module loaded.
2024-05-16 21:44:20,694 - elsapy.elssearch - INFO - Module loaded.
2024-05-16 23:06:11,419 - elsapy.elsclient - INFO - Module loaded.
2024-05-16 23:06:11,420 - elsapy.elsentity - INFO - Module loaded.
2024-05-16 23:06:11,420 - elsapy.utils - INFO - Module loaded.
2024-05-16 23:06:11,421 - elsapy.elsprofile - INFO - Module loaded.
2024-05-16 23:06:11,421 - elsapy.elsdoc - INFO - Module loaded.
2024-05-16 23:06:11,422 - elsapy.elssearch - INFO - Module loaded.
2024-05-16 23:16:43,006 - elsapy.elsclient - INFO - Module loaded.
2024-05-16 23:16:43,007 - elsapy.elsentity - INFO - Module loaded.
2024-05-16 23:16:43,008 - elsapy.utils - INFO - Module loaded.
2024-05-16 23:16:43,008 - elsapy.elsprofile - INFO - Module loaded.
2024-05-16 23:16:43,009 - elsapy.elsdoc - INFO - Module loaded.
2024-05-16 23:16:43,010 - elsapy.elssearch - INFO - Module loaded.
2024-05-16 23:17:31,283 - elsapy.elsclient - INFO - Module loaded.
2024-05-16 23:17:31,284 - elsapy.elsentity - INFO - Module loaded.
2024-05-16 23:17:31,285 - elsapy.utils - INFO - Module loaded.
2024-05-16 23:17:31,285 - elsapy.elsprofile - INFO - Module loaded.
2024-05-16 23:17:31,286 - elsapy.elsdoc - INFO - Module loaded.
2024-05-16 23:17:31,287 - elsapy.elssearch - INFO - Module loaded.
2024-05-16 23:24:04,975 - elsapy.elsclient - INFO - Module loaded.
2024-05-16 23:24:04,976 - elsapy.elsentity - INFO - Module loaded.
2024-05-16 23:24:04,977 - elsapy.utils - INFO - Module loaded.
2024-05-16 23:24:04,977 - elsapy.elsprofile - INFO - Module loaded.
2024-05-16 23:24:04,978 - elsapy.elsdoc - INFO - Module loaded.
2024-05-16 23:24:04,979 - elsapy.elssearch - INFO - Module loaded.
2024-05-16 23:26:53,499 - elsapy.elsclient - INFO - Module loaded.
2024-05-16 23:26:53,500 - elsapy.elsentity - INFO - Module loaded.
2024-05-16 23:26:53,500 - elsapy.utils - INFO - Module loaded.
2024-05-16 23:26:53,501 - elsapy.elsprofile - INFO - Module loaded.
2024-05-16 23:26:53,501 - elsapy.elsdoc - INFO - Module loaded.
2024-05-16 23:26:53,502 - elsapy.elssearch - INFO - Module loaded.
2024-05-16 23:28:47,681 - elsapy.elsclient - INFO - Module loaded.
2024-05-16 23:28:47,682 - elsapy.elsentity - INFO - Module loaded.
2024-05-16 23:28:47,682 - elsapy.utils - INFO - Module loaded.
2024-05-16 23:28:47,683 - elsapy.elsprofile - INFO - Module loaded.
2024-05-16 23:28:47,683 - elsapy.elsdoc - INFO - Module loaded.
2024-05-16 23:28:47,684 - elsapy.elssearch - INFO - Module loaded.
