2024-07-29 07:50:09,863 - elsapy.elsclient - INFO - Module loaded.
2024-07-29 07:50:09,865 - elsapy.elsentity - INFO - Module loaded.
2024-07-29 07:50:09,866 - elsapy.utils - INFO - Module loaded.
2024-07-29 07:50:09,867 - elsapy.elsprofile - INFO - Module loaded.
2024-07-29 07:50:09,868 - elsapy.elsdoc - INFO - Module loaded.
2024-07-29 07:50:09,869 - elsapy.elssearch - INFO - Module loaded.
2024-07-29 07:50:20,634 - elsapy.elsclient - INFO - Module loaded.
2024-07-29 07:50:20,635 - elsapy.elsentity - INFO - Module loaded.
2024-07-29 07:50:20,636 - elsapy.utils - INFO - Module loaded.
2024-07-29 07:50:20,636 - elsapy.elsprofile - INFO - Module loaded.
2024-07-29 07:50:20,637 - elsapy.elsdoc - INFO - Module loaded.
2024-07-29 07:50:20,638 - elsapy.elssearch - INFO - Module loaded.
2024-07-29 10:05:17,482 - elsapy.elsclient - INFO - Module loaded.
2024-07-29 10:05:17,483 - elsapy.elsentity - INFO - Module loaded.
2024-07-29 10:05:17,484 - elsapy.utils - INFO - Module loaded.
2024-07-29 10:05:17,484 - elsapy.elsprofile - INFO - Module loaded.
2024-07-29 10:05:17,485 - elsapy.elsdoc - INFO - Module loaded.
2024-07-29 10:05:17,486 - elsapy.elssearch - INFO - Module loaded.
2024-07-29 10:37:04,428 - elsapy.elsclient - INFO - Module loaded.
2024-07-29 10:37:04,429 - elsapy.elsentity - INFO - Module loaded.
2024-07-29 10:37:04,430 - elsapy.utils - INFO - Module loaded.
2024-07-29 10:37:04,430 - elsapy.elsprofile - INFO - Module loaded.
2024-07-29 10:37:04,431 - elsapy.elsdoc - INFO - Module loaded.
2024-07-29 10:37:04,431 - elsapy.elssearch - INFO - Module loaded.
2024-07-29 11:52:23,857 - elsapy.elsclient - INFO - Module loaded.
2024-07-29 11:52:23,859 - elsapy.elsentity - INFO - Module loaded.
2024-07-29 11:52:23,859 - elsapy.utils - INFO - Module loaded.
2024-07-29 11:52:23,860 - elsapy.elsprofile - INFO - Module loaded.
2024-07-29 11:52:23,860 - elsapy.elsdoc - INFO - Module loaded.
2024-07-29 11:52:23,861 - elsapy.elssearch - INFO - Module loaded.
2024-07-29 13:12:37,434 - elsapy.elsclient - INFO - Module loaded.
2024-07-29 13:12:37,435 - elsapy.elsentity - INFO - Module loaded.
2024-07-29 13:12:37,436 - elsapy.utils - INFO - Module loaded.
2024-07-29 13:12:37,436 - elsapy.elsprofile - INFO - Module loaded.
2024-07-29 13:12:37,437 - elsapy.elsdoc - INFO - Module loaded.
2024-07-29 13:12:37,437 - elsapy.elssearch - INFO - Module loaded.
2024-07-29 13:14:28,912 - elsapy.elsclient - INFO - Module loaded.
2024-07-29 13:14:28,913 - elsapy.elsentity - INFO - Module loaded.
2024-07-29 13:14:28,914 - elsapy.utils - INFO - Module loaded.
2024-07-29 13:14:28,914 - elsapy.elsprofile - INFO - Module loaded.
2024-07-29 13:14:28,915 - elsapy.elsdoc - INFO - Module loaded.
2024-07-29 13:14:28,916 - elsapy.elssearch - INFO - Module loaded.
2024-07-29 13:36:14,524 - elsapy.elsclient - INFO - Module loaded.
2024-07-29 13:36:14,525 - elsapy.elsentity - INFO - Module loaded.
2024-07-29 13:36:14,526 - elsapy.utils - INFO - Module loaded.
2024-07-29 13:36:14,526 - elsapy.elsprofile - INFO - Module loaded.
2024-07-29 13:36:14,527 - elsapy.elsdoc - INFO - Module loaded.
2024-07-29 13:36:14,528 - elsapy.elssearch - INFO - Module loaded.
2024-07-29 13:36:44,180 - elsapy.elsclient - INFO - Module loaded.
2024-07-29 13:36:44,181 - elsapy.elsentity - INFO - Module loaded.
2024-07-29 13:36:44,182 - elsapy.utils - INFO - Module loaded.
2024-07-29 13:36:44,182 - elsapy.elsprofile - INFO - Module loaded.
2024-07-29 13:36:44,183 - elsapy.elsdoc - INFO - Module loaded.
2024-07-29 13:36:44,184 - elsapy.elssearch - INFO - Module loaded.
2024-07-29 13:38:46,363 - elsapy.elsclient - INFO - Module loaded.
2024-07-29 13:38:46,364 - elsapy.elsentity - INFO - Module loaded.
2024-07-29 13:38:46,365 - elsapy.utils - INFO - Module loaded.
2024-07-29 13:38:46,365 - elsapy.elsprofile - INFO - Module loaded.
2024-07-29 13:38:46,366 - elsapy.elsdoc - INFO - Module loaded.
2024-07-29 13:38:46,366 - elsapy.elssearch - INFO - Module loaded.
2024-07-29 13:43:59,752 - elsapy.elsclient - INFO - Module loaded.
2024-07-29 13:43:59,753 - elsapy.elsentity - INFO - Module loaded.
2024-07-29 13:43:59,754 - elsapy.utils - INFO - Module loaded.
2024-07-29 13:43:59,754 - elsapy.elsprofile - INFO - Module loaded.
2024-07-29 13:43:59,755 - elsapy.elsdoc - INFO - Module loaded.
2024-07-29 13:43:59,756 - elsapy.elssearch - INFO - Module loaded.
2024-07-29 13:44:37,908 - elsapy.elsclient - INFO - Module loaded.
2024-07-29 13:44:37,909 - elsapy.elsentity - INFO - Module loaded.
2024-07-29 13:44:37,910 - elsapy.utils - INFO - Module loaded.
2024-07-29 13:44:37,910 - elsapy.elsprofile - INFO - Module loaded.
2024-07-29 13:44:37,911 - elsapy.elsdoc - INFO - Module loaded.
2024-07-29 13:44:37,911 - elsapy.elssearch - INFO - Module loaded.
2024-07-29 13:45:37,110 - elsapy.elsclient - INFO - Module loaded.
2024-07-29 13:45:37,111 - elsapy.elsentity - INFO - Module loaded.
2024-07-29 13:45:37,112 - elsapy.utils - INFO - Module loaded.
2024-07-29 13:45:37,112 - elsapy.elsprofile - INFO - Module loaded.
2024-07-29 13:45:37,113 - elsapy.elsdoc - INFO - Module loaded.
2024-07-29 13:45:37,113 - elsapy.elssearch - INFO - Module loaded.
2024-07-29 14:14:17,827 - elsapy.elsclient - INFO - Module loaded.
2024-07-29 14:14:17,828 - elsapy.elsentity - INFO - Module loaded.
2024-07-29 14:14:17,828 - elsapy.utils - INFO - Module loaded.
2024-07-29 14:14:17,829 - elsapy.elsprofile - INFO - Module loaded.
2024-07-29 14:14:17,829 - elsapy.elsdoc - INFO - Module loaded.
2024-07-29 14:14:17,830 - elsapy.elssearch - INFO - Module loaded.
2024-07-29 14:14:38,891 - elsapy.elsclient - INFO - Module loaded.
2024-07-29 14:14:38,892 - elsapy.elsentity - INFO - Module loaded.
2024-07-29 14:14:38,893 - elsapy.utils - INFO - Module loaded.
2024-07-29 14:14:38,893 - elsapy.elsprofile - INFO - Module loaded.
2024-07-29 14:14:38,894 - elsapy.elsdoc - INFO - Module loaded.
2024-07-29 14:14:38,895 - elsapy.elssearch - INFO - Module loaded.
