2024-05-19 00:25:30,812 - elsapy.elsclient - INFO - Module loaded.
2024-05-19 00:25:30,815 - elsapy.elsentity - INFO - Module loaded.
2024-05-19 00:25:30,816 - elsapy.utils - INFO - Module loaded.
2024-05-19 00:25:30,816 - elsapy.elsprofile - INFO - Module loaded.
2024-05-19 00:25:30,817 - elsapy.elsdoc - INFO - Module loaded.
2024-05-19 00:25:30,821 - elsapy.elssearch - INFO - Module loaded.
2024-05-19 00:25:54,665 - elsapy.elsclient - INFO - Module loaded.
2024-05-19 00:25:54,667 - elsapy.elsentity - INFO - Module loaded.
2024-05-19 00:25:54,668 - elsapy.utils - INFO - Module loaded.
2024-05-19 00:25:54,668 - elsapy.elsprofile - INFO - Module loaded.
2024-05-19 00:25:54,670 - elsapy.elsdoc - INFO - Module loaded.
2024-05-19 00:25:54,672 - elsapy.elssearch - INFO - Module loaded.
2024-05-19 08:48:05,904 - elsapy.elsclient - INFO - Module loaded.
2024-05-19 08:48:05,906 - elsapy.elsentity - INFO - Module loaded.
2024-05-19 08:48:05,909 - elsapy.utils - INFO - Module loaded.
2024-05-19 08:48:05,910 - elsapy.elsprofile - INFO - Module loaded.
2024-05-19 08:48:05,911 - elsapy.elsdoc - INFO - Module loaded.
2024-05-19 08:48:05,912 - elsapy.elssearch - INFO - Module loaded.
2024-05-19 08:52:32,736 - elsapy.elsclient - INFO - Module loaded.
2024-05-19 08:52:32,738 - elsapy.elsentity - INFO - Module loaded.
2024-05-19 08:52:32,739 - elsapy.utils - INFO - Module loaded.
2024-05-19 08:52:32,739 - elsapy.elsprofile - INFO - Module loaded.
2024-05-19 08:52:32,740 - elsapy.elsdoc - INFO - Module loaded.
2024-05-19 08:52:32,744 - elsapy.elssearch - INFO - Module loaded.
2024-05-19 17:37:11,171 - elsapy.elsclient - INFO - Module loaded.
2024-05-19 17:37:11,172 - elsapy.elsentity - INFO - Module loaded.
2024-05-19 17:37:11,173 - elsapy.utils - INFO - Module loaded.
2024-05-19 17:37:11,174 - elsapy.elsprofile - INFO - Module loaded.
2024-05-19 17:37:11,175 - elsapy.elsdoc - INFO - Module loaded.
2024-05-19 17:37:11,176 - elsapy.elssearch - INFO - Module loaded.
2024-05-19 17:41:11,968 - elsapy.elsclient - INFO - Module loaded.
2024-05-19 17:41:11,970 - elsapy.elsentity - INFO - Module loaded.
2024-05-19 17:41:11,971 - elsapy.utils - INFO - Module loaded.
2024-05-19 17:41:11,971 - elsapy.elsprofile - INFO - Module loaded.
2024-05-19 17:41:11,972 - elsapy.elsdoc - INFO - Module loaded.
2024-05-19 17:41:11,973 - elsapy.elssearch - INFO - Module loaded.
2024-05-19 17:41:25,790 - elsapy.elsclient - INFO - Module loaded.
2024-05-19 17:41:25,792 - elsapy.elsentity - INFO - Module loaded.
2024-05-19 17:41:25,793 - elsapy.utils - INFO - Module loaded.
2024-05-19 17:41:25,794 - elsapy.elsprofile - INFO - Module loaded.
2024-05-19 17:41:25,796 - elsapy.elsdoc - INFO - Module loaded.
2024-05-19 17:41:25,797 - elsapy.elssearch - INFO - Module loaded.
2024-05-19 17:50:13,666 - elsapy.elsclient - INFO - Module loaded.
2024-05-19 17:50:13,672 - elsapy.elsentity - INFO - Module loaded.
2024-05-19 17:50:13,673 - elsapy.utils - INFO - Module loaded.
2024-05-19 17:50:13,674 - elsapy.elsprofile - INFO - Module loaded.
2024-05-19 17:50:13,675 - elsapy.elsdoc - INFO - Module loaded.
2024-05-19 17:50:13,677 - elsapy.elssearch - INFO - Module loaded.
2024-05-19 17:50:46,682 - elsapy.elsclient - INFO - Module loaded.
2024-05-19 17:50:46,684 - elsapy.elsentity - INFO - Module loaded.
2024-05-19 17:50:46,685 - elsapy.utils - INFO - Module loaded.
2024-05-19 17:50:46,685 - elsapy.elsprofile - INFO - Module loaded.
2024-05-19 17:50:46,686 - elsapy.elsdoc - INFO - Module loaded.
2024-05-19 17:50:46,689 - elsapy.elssearch - INFO - Module loaded.
2024-05-19 17:50:55,570 - elsapy.elsclient - INFO - Module loaded.
2024-05-19 17:50:55,571 - elsapy.elsentity - INFO - Module loaded.
2024-05-19 17:50:55,572 - elsapy.utils - INFO - Module loaded.
2024-05-19 17:50:55,573 - elsapy.elsprofile - INFO - Module loaded.
2024-05-19 17:50:55,574 - elsapy.elsdoc - INFO - Module loaded.
2024-05-19 17:50:55,575 - elsapy.elssearch - INFO - Module loaded.
2024-05-19 17:53:23,309 - elsapy.elsclient - INFO - Module loaded.
2024-05-19 17:53:23,310 - elsapy.elsentity - INFO - Module loaded.
2024-05-19 17:53:23,311 - elsapy.utils - INFO - Module loaded.
2024-05-19 17:53:23,312 - elsapy.elsprofile - INFO - Module loaded.
2024-05-19 17:53:23,313 - elsapy.elsdoc - INFO - Module loaded.
2024-05-19 17:53:23,314 - elsapy.elssearch - INFO - Module loaded.
2024-05-19 17:55:55,387 - elsapy.elsclient - INFO - Module loaded.
2024-05-19 17:55:55,389 - elsapy.elsentity - INFO - Module loaded.
2024-05-19 17:55:55,390 - elsapy.utils - INFO - Module loaded.
2024-05-19 17:55:55,390 - elsapy.elsprofile - INFO - Module loaded.
2024-05-19 17:55:55,391 - elsapy.elsdoc - INFO - Module loaded.
2024-05-19 17:55:55,392 - elsapy.elssearch - INFO - Module loaded.
2024-05-19 18:10:18,687 - elsapy.elsclient - INFO - Module loaded.
2024-05-19 18:10:18,689 - elsapy.elsentity - INFO - Module loaded.
2024-05-19 18:10:18,690 - elsapy.utils - INFO - Module loaded.
2024-05-19 18:10:18,691 - elsapy.elsprofile - INFO - Module loaded.
2024-05-19 18:10:18,691 - elsapy.elsdoc - INFO - Module loaded.
2024-05-19 18:10:18,693 - elsapy.elssearch - INFO - Module loaded.
2024-05-19 18:12:09,549 - elsapy.elsclient - INFO - Module loaded.
2024-05-19 18:12:09,551 - elsapy.elsentity - INFO - Module loaded.
2024-05-19 18:12:09,552 - elsapy.utils - INFO - Module loaded.
2024-05-19 18:12:09,553 - elsapy.elsprofile - INFO - Module loaded.
2024-05-19 18:12:09,556 - elsapy.elsdoc - INFO - Module loaded.
2024-05-19 18:12:09,557 - elsapy.elssearch - INFO - Module loaded.
2024-05-19 18:14:53,907 - elsapy.elsclient - INFO - Module loaded.
2024-05-19 18:14:53,909 - elsapy.elsentity - INFO - Module loaded.
2024-05-19 18:14:53,910 - elsapy.utils - INFO - Module loaded.
2024-05-19 18:14:53,910 - elsapy.elsprofile - INFO - Module loaded.
2024-05-19 18:14:53,911 - elsapy.elsdoc - INFO - Module loaded.
2024-05-19 18:14:53,912 - elsapy.elssearch - INFO - Module loaded.
2024-05-19 18:16:21,076 - elsapy.elsclient - INFO - Module loaded.
2024-05-19 18:16:21,078 - elsapy.elsentity - INFO - Module loaded.
2024-05-19 18:16:21,079 - elsapy.utils - INFO - Module loaded.
2024-05-19 18:16:21,079 - elsapy.elsprofile - INFO - Module loaded.
2024-05-19 18:16:21,080 - elsapy.elsdoc - INFO - Module loaded.
2024-05-19 18:16:21,081 - elsapy.elssearch - INFO - Module loaded.
2024-05-19 18:21:54,685 - elsapy.elsclient - INFO - Module loaded.
2024-05-19 18:21:54,687 - elsapy.elsentity - INFO - Module loaded.
2024-05-19 18:21:54,688 - elsapy.utils - INFO - Module loaded.
2024-05-19 18:21:54,688 - elsapy.elsprofile - INFO - Module loaded.
2024-05-19 18:21:54,689 - elsapy.elsdoc - INFO - Module loaded.
2024-05-19 18:21:54,692 - elsapy.elssearch - INFO - Module loaded.
2024-05-19 18:23:08,617 - elsapy.elsclient - INFO - Module loaded.
2024-05-19 18:23:08,618 - elsapy.elsentity - INFO - Module loaded.
2024-05-19 18:23:08,619 - elsapy.utils - INFO - Module loaded.
2024-05-19 18:23:08,620 - elsapy.elsprofile - INFO - Module loaded.
2024-05-19 18:23:08,621 - elsapy.elsdoc - INFO - Module loaded.
2024-05-19 18:23:08,622 - elsapy.elssearch - INFO - Module loaded.
2024-05-19 22:01:43,273 - elsapy.elsclient - INFO - Module loaded.
2024-05-19 22:01:43,291 - elsapy.elsentity - INFO - Module loaded.
2024-05-19 22:01:43,292 - elsapy.utils - INFO - Module loaded.
2024-05-19 22:01:43,293 - elsapy.elsprofile - INFO - Module loaded.
2024-05-19 22:01:43,300 - elsapy.elsdoc - INFO - Module loaded.
2024-05-19 22:01:43,316 - elsapy.elssearch - INFO - Module loaded.
2024-05-19 22:10:18,397 - elsapy.elsclient - INFO - Module loaded.
2024-05-19 22:10:18,398 - elsapy.elsentity - INFO - Module loaded.
2024-05-19 22:10:18,399 - elsapy.utils - INFO - Module loaded.
2024-05-19 22:10:18,399 - elsapy.elsprofile - INFO - Module loaded.
2024-05-19 22:10:18,400 - elsapy.elsdoc - INFO - Module loaded.
2024-05-19 22:10:18,401 - elsapy.elssearch - INFO - Module loaded.
2024-05-19 22:14:06,561 - elsapy.elsclient - INFO - Module loaded.
2024-05-19 22:14:06,782 - elsapy.elsentity - INFO - Module loaded.
2024-05-19 22:14:06,783 - elsapy.utils - INFO - Module loaded.
2024-05-19 22:14:06,784 - elsapy.elsprofile - INFO - Module loaded.
2024-05-19 22:14:06,785 - elsapy.elsdoc - INFO - Module loaded.
2024-05-19 22:14:06,786 - elsapy.elssearch - INFO - Module loaded.
