2024-07-28 13:42:19,072 - elsapy.elsclient - INFO - Module loaded.
2024-07-28 13:42:19,074 - elsapy.elsentity - INFO - Module loaded.
2024-07-28 13:42:19,074 - elsapy.utils - INFO - Module loaded.
2024-07-28 13:42:19,075 - elsapy.elsprofile - INFO - Module loaded.
2024-07-28 13:42:19,075 - elsapy.elsdoc - INFO - Module loaded.
2024-07-28 13:42:19,076 - elsapy.elssearch - INFO - Module loaded.
2024-07-28 13:47:27,605 - elsapy.elsclient - INFO - Module loaded.
2024-07-28 13:47:27,606 - elsapy.elsentity - INFO - Module loaded.
2024-07-28 13:47:27,607 - elsapy.utils - INFO - Module loaded.
2024-07-28 13:47:27,607 - elsapy.elsprofile - INFO - Module loaded.
2024-07-28 13:47:27,608 - elsapy.elsdoc - INFO - Module loaded.
2024-07-28 13:47:27,608 - elsapy.elssearch - INFO - Module loaded.
2024-07-28 13:49:36,130 - elsapy.elsclient - INFO - Module loaded.
2024-07-28 13:49:36,131 - elsapy.elsentity - INFO - Module loaded.
2024-07-28 13:49:36,132 - elsapy.utils - INFO - Module loaded.
2024-07-28 13:49:36,132 - elsapy.elsprofile - INFO - Module loaded.
2024-07-28 13:49:36,133 - elsapy.elsdoc - INFO - Module loaded.
2024-07-28 13:49:36,133 - elsapy.elssearch - INFO - Module loaded.
2024-07-28 14:24:34,732 - elsapy.elsclient - INFO - Module loaded.
2024-07-28 14:24:34,733 - elsapy.elsentity - INFO - Module loaded.
2024-07-28 14:24:34,734 - elsapy.utils - INFO - Module loaded.
2024-07-28 14:24:34,734 - elsapy.elsprofile - INFO - Module loaded.
2024-07-28 14:24:34,734 - elsapy.elsdoc - INFO - Module loaded.
2024-07-28 14:24:34,735 - elsapy.elssearch - INFO - Module loaded.
2024-07-28 14:25:09,808 - elsapy.elsclient - INFO - Module loaded.
2024-07-28 14:25:09,809 - elsapy.elsentity - INFO - Module loaded.
2024-07-28 14:25:09,809 - elsapy.utils - INFO - Module loaded.
2024-07-28 14:25:09,810 - elsapy.elsprofile - INFO - Module loaded.
2024-07-28 14:25:09,810 - elsapy.elsdoc - INFO - Module loaded.
2024-07-28 14:25:09,811 - elsapy.elssearch - INFO - Module loaded.
2024-07-28 14:27:55,398 - elsapy.elsclient - INFO - Module loaded.
2024-07-28 14:27:55,400 - elsapy.elsentity - INFO - Module loaded.
2024-07-28 14:27:55,400 - elsapy.utils - INFO - Module loaded.
2024-07-28 14:27:55,400 - elsapy.elsprofile - INFO - Module loaded.
2024-07-28 14:27:55,401 - elsapy.elsdoc - INFO - Module loaded.
2024-07-28 14:27:55,402 - elsapy.elssearch - INFO - Module loaded.
2024-07-28 14:29:09,366 - elsapy.elsclient - INFO - Module loaded.
2024-07-28 14:29:09,367 - elsapy.elsentity - INFO - Module loaded.
2024-07-28 14:29:09,367 - elsapy.utils - INFO - Module loaded.
2024-07-28 14:29:09,368 - elsapy.elsprofile - INFO - Module loaded.
2024-07-28 14:29:09,368 - elsapy.elsdoc - INFO - Module loaded.
2024-07-28 14:29:09,368 - elsapy.elssearch - INFO - Module loaded.
2024-07-28 14:33:37,775 - elsapy.elsclient - INFO - Module loaded.
2024-07-28 14:33:37,776 - elsapy.elsentity - INFO - Module loaded.
2024-07-28 14:33:37,776 - elsapy.utils - INFO - Module loaded.
2024-07-28 14:33:37,777 - elsapy.elsprofile - INFO - Module loaded.
2024-07-28 14:33:37,777 - elsapy.elsdoc - INFO - Module loaded.
2024-07-28 14:33:37,778 - elsapy.elssearch - INFO - Module loaded.
2024-07-28 14:35:51,609 - elsapy.elsclient - INFO - Module loaded.
2024-07-28 14:35:51,610 - elsapy.elsentity - INFO - Module loaded.
2024-07-28 14:35:51,610 - elsapy.utils - INFO - Module loaded.
2024-07-28 14:35:51,611 - elsapy.elsprofile - INFO - Module loaded.
2024-07-28 14:35:51,611 - elsapy.elsdoc - INFO - Module loaded.
2024-07-28 14:35:51,612 - elsapy.elssearch - INFO - Module loaded.
2024-07-28 14:40:01,550 - elsapy.elsclient - INFO - Module loaded.
2024-07-28 14:40:01,551 - elsapy.elsentity - INFO - Module loaded.
2024-07-28 14:40:01,552 - elsapy.utils - INFO - Module loaded.
2024-07-28 14:40:01,552 - elsapy.elsprofile - INFO - Module loaded.
2024-07-28 14:40:01,553 - elsapy.elsdoc - INFO - Module loaded.
2024-07-28 14:40:01,554 - elsapy.elssearch - INFO - Module loaded.
2024-07-28 14:42:00,575 - elsapy.elsclient - INFO - Module loaded.
2024-07-28 14:42:00,576 - elsapy.elsentity - INFO - Module loaded.
2024-07-28 14:42:00,576 - elsapy.utils - INFO - Module loaded.
2024-07-28 14:42:00,577 - elsapy.elsprofile - INFO - Module loaded.
2024-07-28 14:42:00,577 - elsapy.elsdoc - INFO - Module loaded.
2024-07-28 14:42:00,578 - elsapy.elssearch - INFO - Module loaded.
2024-07-28 14:42:53,051 - elsapy.elsclient - INFO - Module loaded.
2024-07-28 14:42:53,052 - elsapy.elsentity - INFO - Module loaded.
2024-07-28 14:42:53,053 - elsapy.utils - INFO - Module loaded.
2024-07-28 14:42:53,053 - elsapy.elsprofile - INFO - Module loaded.
2024-07-28 14:42:53,054 - elsapy.elsdoc - INFO - Module loaded.
2024-07-28 14:42:53,055 - elsapy.elssearch - INFO - Module loaded.
2024-07-28 14:44:28,050 - elsapy.elsclient - INFO - Module loaded.
2024-07-28 14:44:28,051 - elsapy.elsentity - INFO - Module loaded.
2024-07-28 14:44:28,052 - elsapy.utils - INFO - Module loaded.
2024-07-28 14:44:28,052 - elsapy.elsprofile - INFO - Module loaded.
2024-07-28 14:44:28,053 - elsapy.elsdoc - INFO - Module loaded.
2024-07-28 14:44:28,054 - elsapy.elssearch - INFO - Module loaded.
2024-07-28 14:45:48,388 - elsapy.elsclient - INFO - Module loaded.
2024-07-28 14:45:48,390 - elsapy.elsentity - INFO - Module loaded.
2024-07-28 14:45:48,390 - elsapy.utils - INFO - Module loaded.
2024-07-28 14:45:48,390 - elsapy.elsprofile - INFO - Module loaded.
2024-07-28 14:45:48,391 - elsapy.elsdoc - INFO - Module loaded.
2024-07-28 14:45:48,392 - elsapy.elssearch - INFO - Module loaded.
2024-07-28 14:47:38,749 - elsapy.elsclient - INFO - Module loaded.
2024-07-28 14:47:38,750 - elsapy.elsentity - INFO - Module loaded.
2024-07-28 14:47:38,750 - elsapy.utils - INFO - Module loaded.
2024-07-28 14:47:38,751 - elsapy.elsprofile - INFO - Module loaded.
2024-07-28 14:47:38,751 - elsapy.elsdoc - INFO - Module loaded.
2024-07-28 14:47:38,752 - elsapy.elssearch - INFO - Module loaded.
2024-07-28 14:57:57,174 - elsapy.elsclient - INFO - Module loaded.
2024-07-28 14:57:57,176 - elsapy.elsentity - INFO - Module loaded.
2024-07-28 14:57:57,176 - elsapy.utils - INFO - Module loaded.
2024-07-28 14:57:57,176 - elsapy.elsprofile - INFO - Module loaded.
2024-07-28 14:57:57,177 - elsapy.elsdoc - INFO - Module loaded.
2024-07-28 14:57:57,178 - elsapy.elssearch - INFO - Module loaded.
2024-07-28 15:08:47,003 - elsapy.elsclient - INFO - Module loaded.
2024-07-28 15:08:47,004 - elsapy.elsentity - INFO - Module loaded.
2024-07-28 15:08:47,004 - elsapy.utils - INFO - Module loaded.
2024-07-28 15:08:47,005 - elsapy.elsprofile - INFO - Module loaded.
2024-07-28 15:08:47,005 - elsapy.elsdoc - INFO - Module loaded.
2024-07-28 15:08:47,006 - elsapy.elssearch - INFO - Module loaded.
2024-07-28 15:09:53,154 - elsapy.elsclient - INFO - Module loaded.
2024-07-28 15:09:53,155 - elsapy.elsentity - INFO - Module loaded.
2024-07-28 15:09:53,156 - elsapy.utils - INFO - Module loaded.
2024-07-28 15:09:53,156 - elsapy.elsprofile - INFO - Module loaded.
2024-07-28 15:09:53,157 - elsapy.elsdoc - INFO - Module loaded.
2024-07-28 15:09:53,158 - elsapy.elssearch - INFO - Module loaded.
2024-07-28 15:10:08,282 - elsapy.elsclient - INFO - Module loaded.
2024-07-28 15:10:08,283 - elsapy.elsentity - INFO - Module loaded.
2024-07-28 15:10:08,284 - elsapy.utils - INFO - Module loaded.
2024-07-28 15:10:08,284 - elsapy.elsprofile - INFO - Module loaded.
2024-07-28 15:10:08,285 - elsapy.elsdoc - INFO - Module loaded.
2024-07-28 15:10:08,285 - elsapy.elssearch - INFO - Module loaded.
2024-07-28 15:10:46,835 - elsapy.elsclient - INFO - Module loaded.
2024-07-28 15:10:46,836 - elsapy.elsentity - INFO - Module loaded.
2024-07-28 15:10:46,836 - elsapy.utils - INFO - Module loaded.
2024-07-28 15:10:46,837 - elsapy.elsprofile - INFO - Module loaded.
2024-07-28 15:10:46,837 - elsapy.elsdoc - INFO - Module loaded.
2024-07-28 15:10:46,838 - elsapy.elssearch - INFO - Module loaded.
2024-07-28 15:12:47,757 - elsapy.elsclient - INFO - Module loaded.
2024-07-28 15:12:47,758 - elsapy.elsentity - INFO - Module loaded.
2024-07-28 15:12:47,759 - elsapy.utils - INFO - Module loaded.
2024-07-28 15:12:47,759 - elsapy.elsprofile - INFO - Module loaded.
2024-07-28 15:12:47,760 - elsapy.elsdoc - INFO - Module loaded.
2024-07-28 15:12:47,761 - elsapy.elssearch - INFO - Module loaded.
2024-07-28 15:20:27,796 - elsapy.elsclient - INFO - Module loaded.
2024-07-28 15:20:27,797 - elsapy.elsentity - INFO - Module loaded.
2024-07-28 15:20:27,798 - elsapy.utils - INFO - Module loaded.
2024-07-28 15:20:27,798 - elsapy.elsprofile - INFO - Module loaded.
2024-07-28 15:20:27,799 - elsapy.elsdoc - INFO - Module loaded.
2024-07-28 15:20:27,799 - elsapy.elssearch - INFO - Module loaded.
2024-07-28 15:21:08,189 - elsapy.elsclient - INFO - Module loaded.
2024-07-28 15:21:08,190 - elsapy.elsentity - INFO - Module loaded.
2024-07-28 15:21:08,191 - elsapy.utils - INFO - Module loaded.
2024-07-28 15:21:08,191 - elsapy.elsprofile - INFO - Module loaded.
2024-07-28 15:21:08,192 - elsapy.elsdoc - INFO - Module loaded.
2024-07-28 15:21:08,192 - elsapy.elssearch - INFO - Module loaded.
2024-07-28 18:46:57,729 - elsapy.elsclient - INFO - Module loaded.
2024-07-28 18:46:57,731 - elsapy.elsentity - INFO - Module loaded.
2024-07-28 18:46:57,731 - elsapy.utils - INFO - Module loaded.
2024-07-28 18:46:57,732 - elsapy.elsprofile - INFO - Module loaded.
2024-07-28 18:46:57,732 - elsapy.elsdoc - INFO - Module loaded.
2024-07-28 18:46:57,733 - elsapy.elssearch - INFO - Module loaded.
2024-07-28 18:49:56,657 - elsapy.elsclient - INFO - Module loaded.
2024-07-28 18:49:56,659 - elsapy.elsentity - INFO - Module loaded.
2024-07-28 18:49:56,659 - elsapy.utils - INFO - Module loaded.
2024-07-28 18:49:56,660 - elsapy.elsprofile - INFO - Module loaded.
2024-07-28 18:49:56,660 - elsapy.elsdoc - INFO - Module loaded.
2024-07-28 18:49:56,661 - elsapy.elssearch - INFO - Module loaded.
2024-07-28 18:53:18,760 - elsapy.elsclient - INFO - Module loaded.
2024-07-28 18:53:18,762 - elsapy.elsentity - INFO - Module loaded.
2024-07-28 18:53:18,762 - elsapy.utils - INFO - Module loaded.
2024-07-28 18:53:18,762 - elsapy.elsprofile - INFO - Module loaded.
2024-07-28 18:53:18,763 - elsapy.elsdoc - INFO - Module loaded.
2024-07-28 18:53:18,764 - elsapy.elssearch - INFO - Module loaded.
2024-07-28 18:53:43,558 - elsapy.elsclient - INFO - Module loaded.
2024-07-28 18:53:43,559 - elsapy.elsentity - INFO - Module loaded.
2024-07-28 18:53:43,560 - elsapy.utils - INFO - Module loaded.
2024-07-28 18:53:43,560 - elsapy.elsprofile - INFO - Module loaded.
2024-07-28 18:53:43,560 - elsapy.elsdoc - INFO - Module loaded.
2024-07-28 18:53:43,561 - elsapy.elssearch - INFO - Module loaded.
2024-07-28 18:54:43,041 - elsapy.elsclient - INFO - Module loaded.
2024-07-28 18:54:43,042 - elsapy.elsentity - INFO - Module loaded.
2024-07-28 18:54:43,043 - elsapy.utils - INFO - Module loaded.
2024-07-28 18:54:43,043 - elsapy.elsprofile - INFO - Module loaded.
2024-07-28 18:54:43,044 - elsapy.elsdoc - INFO - Module loaded.
2024-07-28 18:54:43,044 - elsapy.elssearch - INFO - Module loaded.
2024-07-28 18:59:56,624 - elsapy.elsclient - INFO - Module loaded.
2024-07-28 18:59:56,625 - elsapy.elsentity - INFO - Module loaded.
2024-07-28 18:59:56,626 - elsapy.utils - INFO - Module loaded.
2024-07-28 18:59:56,626 - elsapy.elsprofile - INFO - Module loaded.
2024-07-28 18:59:56,627 - elsapy.elsdoc - INFO - Module loaded.
2024-07-28 18:59:56,627 - elsapy.elssearch - INFO - Module loaded.
2024-07-28 19:00:25,993 - elsapy.elsclient - INFO - Module loaded.
2024-07-28 19:00:25,994 - elsapy.elsentity - INFO - Module loaded.
2024-07-28 19:00:25,995 - elsapy.utils - INFO - Module loaded.
2024-07-28 19:00:25,995 - elsapy.elsprofile - INFO - Module loaded.
2024-07-28 19:00:25,996 - elsapy.elsdoc - INFO - Module loaded.
2024-07-28 19:00:25,997 - elsapy.elssearch - INFO - Module loaded.
2024-07-28 19:02:18,214 - elsapy.elsclient - INFO - Module loaded.
2024-07-28 19:02:18,215 - elsapy.elsentity - INFO - Module loaded.
2024-07-28 19:02:18,216 - elsapy.utils - INFO - Module loaded.
2024-07-28 19:02:18,216 - elsapy.elsprofile - INFO - Module loaded.
2024-07-28 19:02:18,217 - elsapy.elsdoc - INFO - Module loaded.
2024-07-28 19:02:18,217 - elsapy.elssearch - INFO - Module loaded.
2024-07-28 19:04:04,268 - elsapy.elsclient - INFO - Module loaded.
2024-07-28 19:04:04,269 - elsapy.elsentity - INFO - Module loaded.
2024-07-28 19:04:04,270 - elsapy.utils - INFO - Module loaded.
2024-07-28 19:04:04,270 - elsapy.elsprofile - INFO - Module loaded.
2024-07-28 19:04:04,271 - elsapy.elsdoc - INFO - Module loaded.
2024-07-28 19:04:04,271 - elsapy.elssearch - INFO - Module loaded.
2024-07-28 19:04:24,228 - elsapy.elsclient - INFO - Module loaded.
2024-07-28 19:04:24,229 - elsapy.elsentity - INFO - Module loaded.
2024-07-28 19:04:24,230 - elsapy.utils - INFO - Module loaded.
2024-07-28 19:04:24,230 - elsapy.elsprofile - INFO - Module loaded.
2024-07-28 19:04:24,231 - elsapy.elsdoc - INFO - Module loaded.
2024-07-28 19:04:24,231 - elsapy.elssearch - INFO - Module loaded.
2024-07-28 19:06:16,995 - elsapy.elsclient - INFO - Module loaded.
2024-07-28 19:06:16,996 - elsapy.elsentity - INFO - Module loaded.
2024-07-28 19:06:16,997 - elsapy.utils - INFO - Module loaded.
2024-07-28 19:06:16,997 - elsapy.elsprofile - INFO - Module loaded.
2024-07-28 19:06:16,998 - elsapy.elsdoc - INFO - Module loaded.
2024-07-28 19:06:16,999 - elsapy.elssearch - INFO - Module loaded.
2024-07-28 19:07:05,674 - elsapy.elsclient - INFO - Module loaded.
2024-07-28 19:07:05,675 - elsapy.elsentity - INFO - Module loaded.
2024-07-28 19:07:05,676 - elsapy.utils - INFO - Module loaded.
2024-07-28 19:07:05,676 - elsapy.elsprofile - INFO - Module loaded.
2024-07-28 19:07:05,677 - elsapy.elsdoc - INFO - Module loaded.
2024-07-28 19:07:05,678 - elsapy.elssearch - INFO - Module loaded.
2024-07-28 19:07:21,123 - elsapy.elsclient - INFO - Module loaded.
2024-07-28 19:07:21,124 - elsapy.elsentity - INFO - Module loaded.
2024-07-28 19:07:21,124 - elsapy.utils - INFO - Module loaded.
2024-07-28 19:07:21,125 - elsapy.elsprofile - INFO - Module loaded.
2024-07-28 19:07:21,125 - elsapy.elsdoc - INFO - Module loaded.
2024-07-28 19:07:21,126 - elsapy.elssearch - INFO - Module loaded.
2024-07-28 19:08:06,031 - elsapy.elsclient - INFO - Module loaded.
2024-07-28 19:08:06,032 - elsapy.elsentity - INFO - Module loaded.
2024-07-28 19:08:06,033 - elsapy.utils - INFO - Module loaded.
2024-07-28 19:08:06,033 - elsapy.elsprofile - INFO - Module loaded.
2024-07-28 19:08:06,034 - elsapy.elsdoc - INFO - Module loaded.
2024-07-28 19:08:06,035 - elsapy.elssearch - INFO - Module loaded.
2024-07-28 19:17:24,347 - elsapy.elsclient - INFO - Module loaded.
2024-07-28 19:17:24,348 - elsapy.elsentity - INFO - Module loaded.
2024-07-28 19:17:24,349 - elsapy.utils - INFO - Module loaded.
2024-07-28 19:17:24,349 - elsapy.elsprofile - INFO - Module loaded.
2024-07-28 19:17:24,350 - elsapy.elsdoc - INFO - Module loaded.
2024-07-28 19:17:24,351 - elsapy.elssearch - INFO - Module loaded.
2024-07-28 19:18:06,799 - elsapy.elsclient - INFO - Module loaded.
2024-07-28 19:18:06,800 - elsapy.elsentity - INFO - Module loaded.
2024-07-28 19:18:06,801 - elsapy.utils - INFO - Module loaded.
2024-07-28 19:18:06,801 - elsapy.elsprofile - INFO - Module loaded.
2024-07-28 19:18:06,802 - elsapy.elsdoc - INFO - Module loaded.
2024-07-28 19:18:06,802 - elsapy.elssearch - INFO - Module loaded.
2024-07-28 20:08:55,859 - elsapy.elsclient - INFO - Module loaded.
2024-07-28 20:08:55,860 - elsapy.elsentity - INFO - Module loaded.
2024-07-28 20:08:55,861 - elsapy.utils - INFO - Module loaded.
2024-07-28 20:08:55,861 - elsapy.elsprofile - INFO - Module loaded.
2024-07-28 20:08:55,862 - elsapy.elsdoc - INFO - Module loaded.
2024-07-28 20:08:55,863 - elsapy.elssearch - INFO - Module loaded.
2024-07-28 20:45:47,499 - elsapy.elsclient - INFO - Module loaded.
2024-07-28 20:45:47,500 - elsapy.elsentity - INFO - Module loaded.
2024-07-28 20:45:47,501 - elsapy.utils - INFO - Module loaded.
2024-07-28 20:45:47,501 - elsapy.elsprofile - INFO - Module loaded.
2024-07-28 20:45:47,502 - elsapy.elsdoc - INFO - Module loaded.
2024-07-28 20:45:47,502 - elsapy.elssearch - INFO - Module loaded.
