2024-09-02 00:03:14,028 - elsapy.elsclient - INFO - Module loaded.
2024-09-02 00:03:14,029 - elsapy.elsentity - INFO - Module loaded.
2024-09-02 00:03:14,030 - elsapy.utils - INFO - Module loaded.
2024-09-02 00:03:14,030 - elsapy.elsprofile - INFO - Module loaded.
2024-09-02 00:03:14,031 - elsapy.elsdoc - INFO - Module loaded.
2024-09-02 00:03:14,032 - elsapy.elssearch - INFO - Module loaded.
2024-09-02 00:03:43,017 - elsapy.elsclient - INFO - Module loaded.
2024-09-02 00:03:43,018 - elsapy.elsentity - INFO - Module loaded.
2024-09-02 00:03:43,019 - elsapy.utils - INFO - Module loaded.
2024-09-02 00:03:43,019 - elsapy.elsprofile - INFO - Module loaded.
2024-09-02 00:03:43,020 - elsapy.elsdoc - INFO - Module loaded.
2024-09-02 00:03:43,022 - elsapy.elssearch - INFO - Module loaded.
2024-09-02 00:05:23,912 - elsapy.elsclient - INFO - Module loaded.
2024-09-02 00:05:23,914 - elsapy.elsentity - INFO - Module loaded.
2024-09-02 00:05:23,914 - elsapy.utils - INFO - Module loaded.
2024-09-02 00:05:23,914 - elsapy.elsprofile - INFO - Module loaded.
2024-09-02 00:05:23,915 - elsapy.elsdoc - INFO - Module loaded.
2024-09-02 00:05:23,916 - elsapy.elssearch - INFO - Module loaded.
2024-09-02 00:05:50,872 - elsapy.elsclient - INFO - Module loaded.
2024-09-02 00:05:50,873 - elsapy.elsentity - INFO - Module loaded.
2024-09-02 00:05:50,874 - elsapy.utils - INFO - Module loaded.
2024-09-02 00:05:50,874 - elsapy.elsprofile - INFO - Module loaded.
2024-09-02 00:05:50,875 - elsapy.elsdoc - INFO - Module loaded.
2024-09-02 00:05:50,875 - elsapy.elssearch - INFO - Module loaded.
2024-09-02 00:07:15,275 - elsapy.elsclient - INFO - Module loaded.
2024-09-02 00:07:15,276 - elsapy.elsentity - INFO - Module loaded.
2024-09-02 00:07:15,277 - elsapy.utils - INFO - Module loaded.
2024-09-02 00:07:15,277 - elsapy.elsprofile - INFO - Module loaded.
2024-09-02 00:07:15,278 - elsapy.elsdoc - INFO - Module loaded.
2024-09-02 00:07:15,279 - elsapy.elssearch - INFO - Module loaded.
2024-09-02 00:11:16,938 - elsapy.elsclient - INFO - Module loaded.
2024-09-02 00:11:16,939 - elsapy.elsentity - INFO - Module loaded.
2024-09-02 00:11:16,939 - elsapy.utils - INFO - Module loaded.
2024-09-02 00:11:16,940 - elsapy.elsprofile - INFO - Module loaded.
2024-09-02 00:11:16,940 - elsapy.elsdoc - INFO - Module loaded.
2024-09-02 00:11:16,941 - elsapy.elssearch - INFO - Module loaded.
2024-09-02 00:11:53,845 - elsapy.elsclient - INFO - Module loaded.
2024-09-02 00:11:53,846 - elsapy.elsentity - INFO - Module loaded.
2024-09-02 00:11:53,846 - elsapy.utils - INFO - Module loaded.
2024-09-02 00:11:53,847 - elsapy.elsprofile - INFO - Module loaded.
2024-09-02 00:11:53,847 - elsapy.elsdoc - INFO - Module loaded.
2024-09-02 00:11:53,848 - elsapy.elssearch - INFO - Module loaded.
2024-09-02 00:12:07,044 - elsapy.elsclient - INFO - Module loaded.
2024-09-02 00:12:07,045 - elsapy.elsentity - INFO - Module loaded.
2024-09-02 00:12:07,046 - elsapy.utils - INFO - Module loaded.
2024-09-02 00:12:07,046 - elsapy.elsprofile - INFO - Module loaded.
2024-09-02 00:12:07,047 - elsapy.elsdoc - INFO - Module loaded.
2024-09-02 00:12:07,048 - elsapy.elssearch - INFO - Module loaded.
2024-09-02 00:14:24,109 - elsapy.elsclient - INFO - Module loaded.
2024-09-02 00:14:24,110 - elsapy.elsentity - INFO - Module loaded.
2024-09-02 00:14:24,111 - elsapy.utils - INFO - Module loaded.
2024-09-02 00:14:24,111 - elsapy.elsprofile - INFO - Module loaded.
2024-09-02 00:14:24,112 - elsapy.elsdoc - INFO - Module loaded.
2024-09-02 00:14:24,113 - elsapy.elssearch - INFO - Module loaded.
2024-09-02 00:15:13,067 - elsapy.elsclient - INFO - Module loaded.
2024-09-02 00:15:13,068 - elsapy.elsentity - INFO - Module loaded.
2024-09-02 00:15:13,068 - elsapy.utils - INFO - Module loaded.
2024-09-02 00:15:13,069 - elsapy.elsprofile - INFO - Module loaded.
2024-09-02 00:15:13,069 - elsapy.elsdoc - INFO - Module loaded.
2024-09-02 00:15:13,070 - elsapy.elssearch - INFO - Module loaded.
2024-09-02 00:16:38,385 - elsapy.elsclient - INFO - Module loaded.
2024-09-02 00:16:38,386 - elsapy.elsentity - INFO - Module loaded.
2024-09-02 00:16:38,387 - elsapy.utils - INFO - Module loaded.
2024-09-02 00:16:38,387 - elsapy.elsprofile - INFO - Module loaded.
2024-09-02 00:16:38,388 - elsapy.elsdoc - INFO - Module loaded.
2024-09-02 00:16:38,388 - elsapy.elssearch - INFO - Module loaded.
2024-09-02 00:21:32,787 - elsapy.elsclient - INFO - Module loaded.
2024-09-02 00:21:32,788 - elsapy.elsentity - INFO - Module loaded.
2024-09-02 00:21:32,788 - elsapy.utils - INFO - Module loaded.
2024-09-02 00:21:32,789 - elsapy.elsprofile - INFO - Module loaded.
2024-09-02 00:21:32,789 - elsapy.elsdoc - INFO - Module loaded.
2024-09-02 00:21:32,790 - elsapy.elssearch - INFO - Module loaded.
2024-09-02 00:21:59,281 - elsapy.elsclient - INFO - Module loaded.
2024-09-02 00:21:59,282 - elsapy.elsentity - INFO - Module loaded.
2024-09-02 00:21:59,282 - elsapy.utils - INFO - Module loaded.
2024-09-02 00:21:59,283 - elsapy.elsprofile - INFO - Module loaded.
2024-09-02 00:21:59,283 - elsapy.elsdoc - INFO - Module loaded.
2024-09-02 00:21:59,284 - elsapy.elssearch - INFO - Module loaded.
2024-09-02 00:22:24,934 - elsapy.elsclient - INFO - Module loaded.
2024-09-02 00:22:24,935 - elsapy.elsentity - INFO - Module loaded.
2024-09-02 00:22:24,936 - elsapy.utils - INFO - Module loaded.
2024-09-02 00:22:24,936 - elsapy.elsprofile - INFO - Module loaded.
2024-09-02 00:22:24,937 - elsapy.elsdoc - INFO - Module loaded.
2024-09-02 00:22:24,937 - elsapy.elssearch - INFO - Module loaded.
2024-09-02 00:24:58,772 - elsapy.elsclient - INFO - Module loaded.
2024-09-02 00:24:58,773 - elsapy.elsentity - INFO - Module loaded.
2024-09-02 00:24:58,773 - elsapy.utils - INFO - Module loaded.
2024-09-02 00:24:58,774 - elsapy.elsprofile - INFO - Module loaded.
2024-09-02 00:24:58,774 - elsapy.elsdoc - INFO - Module loaded.
2024-09-02 00:24:58,775 - elsapy.elssearch - INFO - Module loaded.
2024-09-02 00:27:01,304 - elsapy.elsclient - INFO - Module loaded.
2024-09-02 00:27:01,305 - elsapy.elsentity - INFO - Module loaded.
2024-09-02 00:27:01,305 - elsapy.utils - INFO - Module loaded.
2024-09-02 00:27:01,306 - elsapy.elsprofile - INFO - Module loaded.
2024-09-02 00:27:01,306 - elsapy.elsdoc - INFO - Module loaded.
2024-09-02 00:27:01,307 - elsapy.elssearch - INFO - Module loaded.
2024-09-02 00:29:42,809 - elsapy.elsclient - INFO - Module loaded.
2024-09-02 00:29:42,810 - elsapy.elsentity - INFO - Module loaded.
2024-09-02 00:29:42,811 - elsapy.utils - INFO - Module loaded.
2024-09-02 00:29:42,811 - elsapy.elsprofile - INFO - Module loaded.
2024-09-02 00:29:42,812 - elsapy.elsdoc - INFO - Module loaded.
2024-09-02 00:29:42,813 - elsapy.elssearch - INFO - Module loaded.
2024-09-02 00:31:15,459 - elsapy.elsclient - INFO - Module loaded.
2024-09-02 00:31:15,460 - elsapy.elsentity - INFO - Module loaded.
2024-09-02 00:31:15,461 - elsapy.utils - INFO - Module loaded.
2024-09-02 00:31:15,461 - elsapy.elsprofile - INFO - Module loaded.
2024-09-02 00:31:15,462 - elsapy.elsdoc - INFO - Module loaded.
2024-09-02 00:31:15,462 - elsapy.elssearch - INFO - Module loaded.
2024-09-02 00:32:23,841 - elsapy.elsclient - INFO - Module loaded.
2024-09-02 00:32:23,842 - elsapy.elsentity - INFO - Module loaded.
2024-09-02 00:32:23,843 - elsapy.utils - INFO - Module loaded.
2024-09-02 00:32:23,843 - elsapy.elsprofile - INFO - Module loaded.
2024-09-02 00:32:23,844 - elsapy.elsdoc - INFO - Module loaded.
2024-09-02 00:32:23,845 - elsapy.elssearch - INFO - Module loaded.
2024-09-02 00:33:53,173 - elsapy.elsclient - INFO - Module loaded.
2024-09-02 00:33:53,174 - elsapy.elsentity - INFO - Module loaded.
2024-09-02 00:33:53,174 - elsapy.utils - INFO - Module loaded.
2024-09-02 00:33:53,175 - elsapy.elsprofile - INFO - Module loaded.
2024-09-02 00:33:53,175 - elsapy.elsdoc - INFO - Module loaded.
2024-09-02 00:33:53,176 - elsapy.elssearch - INFO - Module loaded.
2024-09-02 00:36:54,358 - elsapy.elsclient - INFO - Module loaded.
2024-09-02 00:36:54,360 - elsapy.elsentity - INFO - Module loaded.
2024-09-02 00:36:54,360 - elsapy.utils - INFO - Module loaded.
2024-09-02 00:36:54,361 - elsapy.elsprofile - INFO - Module loaded.
2024-09-02 00:36:54,361 - elsapy.elsdoc - INFO - Module loaded.
2024-09-02 00:36:54,362 - elsapy.elssearch - INFO - Module loaded.
2024-09-02 00:37:31,421 - elsapy.elsclient - INFO - Module loaded.
2024-09-02 00:37:31,423 - elsapy.elsentity - INFO - Module loaded.
2024-09-02 00:37:31,423 - elsapy.utils - INFO - Module loaded.
2024-09-02 00:37:31,423 - elsapy.elsprofile - INFO - Module loaded.
2024-09-02 00:37:31,424 - elsapy.elsdoc - INFO - Module loaded.
2024-09-02 00:37:31,425 - elsapy.elssearch - INFO - Module loaded.
2024-09-02 00:41:50,866 - elsapy.elsclient - INFO - Module loaded.
2024-09-02 00:41:50,867 - elsapy.elsentity - INFO - Module loaded.
2024-09-02 00:41:50,868 - elsapy.utils - INFO - Module loaded.
2024-09-02 00:41:50,868 - elsapy.elsprofile - INFO - Module loaded.
2024-09-02 00:41:50,869 - elsapy.elsdoc - INFO - Module loaded.
2024-09-02 00:41:50,870 - elsapy.elssearch - INFO - Module loaded.
2024-09-02 00:43:09,062 - elsapy.elsclient - INFO - Module loaded.
2024-09-02 00:43:09,064 - elsapy.elsentity - INFO - Module loaded.
2024-09-02 00:43:09,064 - elsapy.utils - INFO - Module loaded.
2024-09-02 00:43:09,064 - elsapy.elsprofile - INFO - Module loaded.
2024-09-02 00:43:09,065 - elsapy.elsdoc - INFO - Module loaded.
2024-09-02 00:43:09,066 - elsapy.elssearch - INFO - Module loaded.
2024-09-02 10:45:57,141 - elsapy.elsclient - INFO - Module loaded.
2024-09-02 10:45:57,144 - elsapy.elsentity - INFO - Module loaded.
2024-09-02 10:45:57,145 - elsapy.utils - INFO - Module loaded.
2024-09-02 10:45:57,145 - elsapy.elsprofile - INFO - Module loaded.
2024-09-02 10:45:57,146 - elsapy.elsdoc - INFO - Module loaded.
2024-09-02 10:45:57,148 - elsapy.elssearch - INFO - Module loaded.
2024-09-02 10:50:59,806 - elsapy.elsclient - INFO - Module loaded.
2024-09-02 10:50:59,808 - elsapy.elsentity - INFO - Module loaded.
2024-09-02 10:50:59,808 - elsapy.utils - INFO - Module loaded.
2024-09-02 10:50:59,809 - elsapy.elsprofile - INFO - Module loaded.
2024-09-02 10:50:59,809 - elsapy.elsdoc - INFO - Module loaded.
2024-09-02 10:50:59,810 - elsapy.elssearch - INFO - Module loaded.
2024-09-02 11:42:41,982 - elsapy.elsclient - INFO - Module loaded.
2024-09-02 11:42:41,983 - elsapy.elsentity - INFO - Module loaded.
2024-09-02 11:42:41,983 - elsapy.utils - INFO - Module loaded.
2024-09-02 11:42:41,984 - elsapy.elsprofile - INFO - Module loaded.
2024-09-02 11:42:41,984 - elsapy.elsdoc - INFO - Module loaded.
2024-09-02 11:42:41,985 - elsapy.elssearch - INFO - Module loaded.
2024-09-02 11:45:38,409 - elsapy.elsclient - INFO - Module loaded.
2024-09-02 11:45:38,411 - elsapy.elsentity - INFO - Module loaded.
2024-09-02 11:45:38,411 - elsapy.utils - INFO - Module loaded.
2024-09-02 11:45:38,412 - elsapy.elsprofile - INFO - Module loaded.
2024-09-02 11:45:38,412 - elsapy.elsdoc - INFO - Module loaded.
2024-09-02 11:45:38,413 - elsapy.elssearch - INFO - Module loaded.
2024-09-02 11:47:00,472 - elsapy.elsclient - INFO - Module loaded.
2024-09-02 11:47:00,473 - elsapy.elsentity - INFO - Module loaded.
2024-09-02 11:47:00,474 - elsapy.utils - INFO - Module loaded.
2024-09-02 11:47:00,474 - elsapy.elsprofile - INFO - Module loaded.
2024-09-02 11:47:00,475 - elsapy.elsdoc - INFO - Module loaded.
2024-09-02 11:47:00,476 - elsapy.elssearch - INFO - Module loaded.
2024-09-02 11:49:11,222 - elsapy.elsclient - INFO - Module loaded.
2024-09-02 11:49:11,223 - elsapy.elsentity - INFO - Module loaded.
2024-09-02 11:49:11,224 - elsapy.utils - INFO - Module loaded.
2024-09-02 11:49:11,224 - elsapy.elsprofile - INFO - Module loaded.
2024-09-02 11:49:11,225 - elsapy.elsdoc - INFO - Module loaded.
2024-09-02 11:49:11,225 - elsapy.elssearch - INFO - Module loaded.
2024-09-02 11:49:50,480 - elsapy.elsclient - INFO - Module loaded.
2024-09-02 11:49:50,481 - elsapy.elsentity - INFO - Module loaded.
2024-09-02 11:49:50,482 - elsapy.utils - INFO - Module loaded.
2024-09-02 11:49:50,482 - elsapy.elsprofile - INFO - Module loaded.
2024-09-02 11:49:50,483 - elsapy.elsdoc - INFO - Module loaded.
2024-09-02 11:49:50,483 - elsapy.elssearch - INFO - Module loaded.
2024-09-02 11:50:24,826 - elsapy.elsclient - INFO - Module loaded.
2024-09-02 11:50:24,827 - elsapy.elsentity - INFO - Module loaded.
2024-09-02 11:50:24,828 - elsapy.utils - INFO - Module loaded.
2024-09-02 11:50:24,828 - elsapy.elsprofile - INFO - Module loaded.
2024-09-02 11:50:24,829 - elsapy.elsdoc - INFO - Module loaded.
2024-09-02 11:50:24,829 - elsapy.elssearch - INFO - Module loaded.
2024-09-02 11:51:39,395 - elsapy.elsclient - INFO - Module loaded.
2024-09-02 11:51:39,396 - elsapy.elsentity - INFO - Module loaded.
2024-09-02 11:51:39,396 - elsapy.utils - INFO - Module loaded.
2024-09-02 11:51:39,397 - elsapy.elsprofile - INFO - Module loaded.
2024-09-02 11:51:39,397 - elsapy.elsdoc - INFO - Module loaded.
2024-09-02 11:51:39,398 - elsapy.elssearch - INFO - Module loaded.
2024-09-02 11:51:58,049 - elsapy.elsclient - INFO - Module loaded.
2024-09-02 11:51:58,050 - elsapy.elsentity - INFO - Module loaded.
2024-09-02 11:51:58,051 - elsapy.utils - INFO - Module loaded.
2024-09-02 11:51:58,051 - elsapy.elsprofile - INFO - Module loaded.
2024-09-02 11:51:58,052 - elsapy.elsdoc - INFO - Module loaded.
2024-09-02 11:51:58,052 - elsapy.elssearch - INFO - Module loaded.
2024-09-02 11:57:57,675 - elsapy.elsclient - INFO - Module loaded.
2024-09-02 11:57:57,676 - elsapy.elsentity - INFO - Module loaded.
2024-09-02 11:57:57,676 - elsapy.utils - INFO - Module loaded.
2024-09-02 11:57:57,677 - elsapy.elsprofile - INFO - Module loaded.
2024-09-02 11:57:57,677 - elsapy.elsdoc - INFO - Module loaded.
2024-09-02 11:57:57,678 - elsapy.elssearch - INFO - Module loaded.
2024-09-02 12:00:43,214 - elsapy.elsclient - INFO - Module loaded.
2024-09-02 12:00:43,215 - elsapy.elsentity - INFO - Module loaded.
2024-09-02 12:00:43,216 - elsapy.utils - INFO - Module loaded.
2024-09-02 12:00:43,217 - elsapy.elsprofile - INFO - Module loaded.
2024-09-02 12:00:43,217 - elsapy.elsdoc - INFO - Module loaded.
2024-09-02 12:00:43,218 - elsapy.elssearch - INFO - Module loaded.
2024-09-02 12:01:18,682 - elsapy.elsclient - INFO - Module loaded.
2024-09-02 12:01:18,683 - elsapy.elsentity - INFO - Module loaded.
2024-09-02 12:01:18,683 - elsapy.utils - INFO - Module loaded.
2024-09-02 12:01:18,684 - elsapy.elsprofile - INFO - Module loaded.
2024-09-02 12:01:18,684 - elsapy.elsdoc - INFO - Module loaded.
2024-09-02 12:01:18,685 - elsapy.elssearch - INFO - Module loaded.
2024-09-02 12:02:41,407 - elsapy.elsclient - INFO - Module loaded.
2024-09-02 12:02:41,408 - elsapy.elsentity - INFO - Module loaded.
2024-09-02 12:02:41,409 - elsapy.utils - INFO - Module loaded.
2024-09-02 12:02:41,409 - elsapy.elsprofile - INFO - Module loaded.
2024-09-02 12:02:41,410 - elsapy.elsdoc - INFO - Module loaded.
2024-09-02 12:02:41,410 - elsapy.elssearch - INFO - Module loaded.
2024-09-02 12:06:30,548 - elsapy.elsclient - INFO - Module loaded.
2024-09-02 12:06:30,549 - elsapy.elsentity - INFO - Module loaded.
2024-09-02 12:06:30,550 - elsapy.utils - INFO - Module loaded.
2024-09-02 12:06:30,550 - elsapy.elsprofile - INFO - Module loaded.
2024-09-02 12:06:30,551 - elsapy.elsdoc - INFO - Module loaded.
2024-09-02 12:06:30,552 - elsapy.elssearch - INFO - Module loaded.
2024-09-02 12:08:11,037 - elsapy.elsclient - INFO - Module loaded.
2024-09-02 12:08:11,038 - elsapy.elsentity - INFO - Module loaded.
2024-09-02 12:08:11,039 - elsapy.utils - INFO - Module loaded.
2024-09-02 12:08:11,039 - elsapy.elsprofile - INFO - Module loaded.
2024-09-02 12:08:11,040 - elsapy.elsdoc - INFO - Module loaded.
2024-09-02 12:08:11,041 - elsapy.elssearch - INFO - Module loaded.
2024-09-02 12:09:06,000 - elsapy.elsclient - INFO - Module loaded.
2024-09-02 12:09:06,001 - elsapy.elsentity - INFO - Module loaded.
2024-09-02 12:09:06,002 - elsapy.utils - INFO - Module loaded.
2024-09-02 12:09:06,002 - elsapy.elsprofile - INFO - Module loaded.
2024-09-02 12:09:06,003 - elsapy.elsdoc - INFO - Module loaded.
2024-09-02 12:09:06,004 - elsapy.elssearch - INFO - Module loaded.
2024-09-02 12:12:13,799 - elsapy.elsclient - INFO - Module loaded.
2024-09-02 12:12:13,800 - elsapy.elsentity - INFO - Module loaded.
2024-09-02 12:12:13,800 - elsapy.utils - INFO - Module loaded.
2024-09-02 12:12:13,801 - elsapy.elsprofile - INFO - Module loaded.
2024-09-02 12:12:13,801 - elsapy.elsdoc - INFO - Module loaded.
2024-09-02 12:12:13,802 - elsapy.elssearch - INFO - Module loaded.
2024-09-02 12:12:55,282 - elsapy.elsclient - INFO - Module loaded.
2024-09-02 12:12:55,283 - elsapy.elsentity - INFO - Module loaded.
2024-09-02 12:12:55,284 - elsapy.utils - INFO - Module loaded.
2024-09-02 12:12:55,284 - elsapy.elsprofile - INFO - Module loaded.
2024-09-02 12:12:55,285 - elsapy.elsdoc - INFO - Module loaded.
2024-09-02 12:12:55,285 - elsapy.elssearch - INFO - Module loaded.
2024-09-02 12:13:42,452 - elsapy.elsclient - INFO - Module loaded.
2024-09-02 12:13:42,453 - elsapy.elsentity - INFO - Module loaded.
2024-09-02 12:13:42,454 - elsapy.utils - INFO - Module loaded.
2024-09-02 12:13:42,454 - elsapy.elsprofile - INFO - Module loaded.
2024-09-02 12:13:42,455 - elsapy.elsdoc - INFO - Module loaded.
2024-09-02 12:13:42,455 - elsapy.elssearch - INFO - Module loaded.
2024-09-02 12:14:26,752 - elsapy.elsclient - INFO - Module loaded.
2024-09-02 12:14:26,753 - elsapy.elsentity - INFO - Module loaded.
2024-09-02 12:14:26,754 - elsapy.utils - INFO - Module loaded.
2024-09-02 12:14:26,754 - elsapy.elsprofile - INFO - Module loaded.
2024-09-02 12:14:26,755 - elsapy.elsdoc - INFO - Module loaded.
2024-09-02 12:14:26,756 - elsapy.elssearch - INFO - Module loaded.
2024-09-02 12:15:31,531 - elsapy.elsclient - INFO - Module loaded.
2024-09-02 12:15:31,532 - elsapy.elsentity - INFO - Module loaded.
2024-09-02 12:15:31,533 - elsapy.utils - INFO - Module loaded.
2024-09-02 12:15:31,533 - elsapy.elsprofile - INFO - Module loaded.
2024-09-02 12:15:31,534 - elsapy.elsdoc - INFO - Module loaded.
2024-09-02 12:15:31,535 - elsapy.elssearch - INFO - Module loaded.
2024-09-02 12:22:00,370 - elsapy.elsclient - INFO - Module loaded.
2024-09-02 12:22:00,371 - elsapy.elsentity - INFO - Module loaded.
2024-09-02 12:22:00,372 - elsapy.utils - INFO - Module loaded.
2024-09-02 12:22:00,372 - elsapy.elsprofile - INFO - Module loaded.
2024-09-02 12:22:00,373 - elsapy.elsdoc - INFO - Module loaded.
2024-09-02 12:22:00,374 - elsapy.elssearch - INFO - Module loaded.
2024-09-02 12:23:24,915 - elsapy.elsclient - INFO - Module loaded.
2024-09-02 12:23:24,916 - elsapy.elsentity - INFO - Module loaded.
2024-09-02 12:23:24,917 - elsapy.utils - INFO - Module loaded.
2024-09-02 12:23:24,917 - elsapy.elsprofile - INFO - Module loaded.
2024-09-02 12:23:24,918 - elsapy.elsdoc - INFO - Module loaded.
2024-09-02 12:23:24,919 - elsapy.elssearch - INFO - Module loaded.
2024-09-02 12:25:27,431 - elsapy.elsclient - INFO - Module loaded.
2024-09-02 12:25:27,432 - elsapy.elsentity - INFO - Module loaded.
2024-09-02 12:25:27,433 - elsapy.utils - INFO - Module loaded.
2024-09-02 12:25:27,433 - elsapy.elsprofile - INFO - Module loaded.
2024-09-02 12:25:27,434 - elsapy.elsdoc - INFO - Module loaded.
2024-09-02 12:25:27,434 - elsapy.elssearch - INFO - Module loaded.
2024-09-02 12:26:02,293 - elsapy.elsclient - INFO - Module loaded.
2024-09-02 12:26:02,294 - elsapy.elsentity - INFO - Module loaded.
2024-09-02 12:26:02,295 - elsapy.utils - INFO - Module loaded.
2024-09-02 12:26:02,295 - elsapy.elsprofile - INFO - Module loaded.
2024-09-02 12:26:02,296 - elsapy.elsdoc - INFO - Module loaded.
2024-09-02 12:26:02,296 - elsapy.elssearch - INFO - Module loaded.
2024-09-02 12:27:14,732 - elsapy.elsclient - INFO - Module loaded.
2024-09-02 12:27:14,733 - elsapy.elsentity - INFO - Module loaded.
2024-09-02 12:27:14,733 - elsapy.utils - INFO - Module loaded.
2024-09-02 12:27:14,734 - elsapy.elsprofile - INFO - Module loaded.
2024-09-02 12:27:14,734 - elsapy.elsdoc - INFO - Module loaded.
2024-09-02 12:27:14,735 - elsapy.elssearch - INFO - Module loaded.
2024-09-02 12:28:47,876 - elsapy.elsclient - INFO - Module loaded.
2024-09-02 12:28:47,877 - elsapy.elsentity - INFO - Module loaded.
2024-09-02 12:28:47,878 - elsapy.utils - INFO - Module loaded.
2024-09-02 12:28:47,878 - elsapy.elsprofile - INFO - Module loaded.
2024-09-02 12:28:47,879 - elsapy.elsdoc - INFO - Module loaded.
2024-09-02 12:28:47,880 - elsapy.elssearch - INFO - Module loaded.
2024-09-02 12:33:58,140 - elsapy.elsclient - INFO - Module loaded.
2024-09-02 12:33:58,141 - elsapy.elsentity - INFO - Module loaded.
2024-09-02 12:33:58,142 - elsapy.utils - INFO - Module loaded.
2024-09-02 12:33:58,142 - elsapy.elsprofile - INFO - Module loaded.
2024-09-02 12:33:58,143 - elsapy.elsdoc - INFO - Module loaded.
2024-09-02 12:33:58,143 - elsapy.elssearch - INFO - Module loaded.
2024-09-02 12:38:03,460 - elsapy.elsclient - INFO - Module loaded.
2024-09-02 12:38:03,462 - elsapy.elsentity - INFO - Module loaded.
2024-09-02 12:38:03,462 - elsapy.utils - INFO - Module loaded.
2024-09-02 12:38:03,463 - elsapy.elsprofile - INFO - Module loaded.
2024-09-02 12:38:03,463 - elsapy.elsdoc - INFO - Module loaded.
2024-09-02 12:38:03,464 - elsapy.elssearch - INFO - Module loaded.
2024-09-02 12:38:20,547 - elsapy.elsclient - INFO - Module loaded.
2024-09-02 12:38:20,548 - elsapy.elsentity - INFO - Module loaded.
2024-09-02 12:38:20,549 - elsapy.utils - INFO - Module loaded.
2024-09-02 12:38:20,549 - elsapy.elsprofile - INFO - Module loaded.
2024-09-02 12:38:20,550 - elsapy.elsdoc - INFO - Module loaded.
2024-09-02 12:38:20,551 - elsapy.elssearch - INFO - Module loaded.
2024-09-02 12:38:27,743 - elsapy.elsclient - INFO - Module loaded.
2024-09-02 12:38:27,744 - elsapy.elsentity - INFO - Module loaded.
2024-09-02 12:38:27,744 - elsapy.utils - INFO - Module loaded.
2024-09-02 12:38:27,745 - elsapy.elsprofile - INFO - Module loaded.
2024-09-02 12:38:27,745 - elsapy.elsdoc - INFO - Module loaded.
2024-09-02 12:38:27,746 - elsapy.elssearch - INFO - Module loaded.
2024-09-02 12:39:27,252 - elsapy.elsclient - INFO - Module loaded.
2024-09-02 12:39:27,253 - elsapy.elsentity - INFO - Module loaded.
2024-09-02 12:39:27,254 - elsapy.utils - INFO - Module loaded.
2024-09-02 12:39:27,254 - elsapy.elsprofile - INFO - Module loaded.
2024-09-02 12:39:27,255 - elsapy.elsdoc - INFO - Module loaded.
2024-09-02 12:39:27,256 - elsapy.elssearch - INFO - Module loaded.
2024-09-02 12:40:23,868 - elsapy.elsclient - INFO - Module loaded.
2024-09-02 12:40:23,869 - elsapy.elsentity - INFO - Module loaded.
2024-09-02 12:40:23,870 - elsapy.utils - INFO - Module loaded.
2024-09-02 12:40:23,870 - elsapy.elsprofile - INFO - Module loaded.
2024-09-02 12:40:23,871 - elsapy.elsdoc - INFO - Module loaded.
2024-09-02 12:40:23,872 - elsapy.elssearch - INFO - Module loaded.
2024-09-02 12:43:12,442 - elsapy.elsclient - INFO - Module loaded.
2024-09-02 12:43:12,443 - elsapy.elsentity - INFO - Module loaded.
2024-09-02 12:43:12,444 - elsapy.utils - INFO - Module loaded.
2024-09-02 12:43:12,444 - elsapy.elsprofile - INFO - Module loaded.
2024-09-02 12:43:12,445 - elsapy.elsdoc - INFO - Module loaded.
2024-09-02 12:43:12,446 - elsapy.elssearch - INFO - Module loaded.
2024-09-02 12:45:41,080 - elsapy.elsclient - INFO - Module loaded.
2024-09-02 12:45:41,082 - elsapy.elsentity - INFO - Module loaded.
2024-09-02 12:45:41,082 - elsapy.utils - INFO - Module loaded.
2024-09-02 12:45:41,082 - elsapy.elsprofile - INFO - Module loaded.
2024-09-02 12:45:41,083 - elsapy.elsdoc - INFO - Module loaded.
2024-09-02 12:45:41,084 - elsapy.elssearch - INFO - Module loaded.
2024-09-02 12:47:09,675 - elsapy.elsclient - INFO - Module loaded.
2024-09-02 12:47:09,676 - elsapy.elsentity - INFO - Module loaded.
2024-09-02 12:47:09,677 - elsapy.utils - INFO - Module loaded.
2024-09-02 12:47:09,677 - elsapy.elsprofile - INFO - Module loaded.
2024-09-02 12:47:09,678 - elsapy.elsdoc - INFO - Module loaded.
2024-09-02 12:47:09,679 - elsapy.elssearch - INFO - Module loaded.
2024-09-02 17:43:17,798 - elsapy.elsclient - INFO - Module loaded.
2024-09-02 17:43:17,800 - elsapy.elsentity - INFO - Module loaded.
2024-09-02 17:43:17,800 - elsapy.utils - INFO - Module loaded.
2024-09-02 17:43:17,801 - elsapy.elsprofile - INFO - Module loaded.
2024-09-02 17:43:17,802 - elsapy.elsdoc - INFO - Module loaded.
2024-09-02 17:43:17,802 - elsapy.elssearch - INFO - Module loaded.
2024-09-02 17:43:36,715 - elsapy.elsclient - INFO - Module loaded.
2024-09-02 17:43:36,716 - elsapy.elsentity - INFO - Module loaded.
2024-09-02 17:43:36,717 - elsapy.utils - INFO - Module loaded.
2024-09-02 17:43:36,717 - elsapy.elsprofile - INFO - Module loaded.
2024-09-02 17:43:36,718 - elsapy.elsdoc - INFO - Module loaded.
2024-09-02 17:43:36,718 - elsapy.elssearch - INFO - Module loaded.
2024-09-02 17:46:00,667 - elsapy.elsclient - INFO - Module loaded.
2024-09-02 17:46:00,668 - elsapy.elsentity - INFO - Module loaded.
2024-09-02 17:46:00,669 - elsapy.utils - INFO - Module loaded.
2024-09-02 17:46:00,669 - elsapy.elsprofile - INFO - Module loaded.
2024-09-02 17:46:00,670 - elsapy.elsdoc - INFO - Module loaded.
2024-09-02 17:46:00,671 - elsapy.elssearch - INFO - Module loaded.
2024-09-02 17:47:22,789 - elsapy.elsclient - INFO - Module loaded.
2024-09-02 17:47:22,790 - elsapy.elsentity - INFO - Module loaded.
2024-09-02 17:47:22,790 - elsapy.utils - INFO - Module loaded.
2024-09-02 17:47:22,791 - elsapy.elsprofile - INFO - Module loaded.
2024-09-02 17:47:22,791 - elsapy.elsdoc - INFO - Module loaded.
2024-09-02 17:47:22,792 - elsapy.elssearch - INFO - Module loaded.
2024-09-02 17:48:04,702 - elsapy.elsclient - INFO - Module loaded.
2024-09-02 17:48:04,703 - elsapy.elsentity - INFO - Module loaded.
2024-09-02 17:48:04,704 - elsapy.utils - INFO - Module loaded.
2024-09-02 17:48:04,704 - elsapy.elsprofile - INFO - Module loaded.
2024-09-02 17:48:04,705 - elsapy.elsdoc - INFO - Module loaded.
2024-09-02 17:48:04,705 - elsapy.elssearch - INFO - Module loaded.
2024-09-02 17:53:01,587 - elsapy.elsclient - INFO - Module loaded.
2024-09-02 17:53:01,588 - elsapy.elsentity - INFO - Module loaded.
2024-09-02 17:53:01,589 - elsapy.utils - INFO - Module loaded.
2024-09-02 17:53:01,589 - elsapy.elsprofile - INFO - Module loaded.
2024-09-02 17:53:01,590 - elsapy.elsdoc - INFO - Module loaded.
2024-09-02 17:53:01,590 - elsapy.elssearch - INFO - Module loaded.
