2024-07-14 17:25:45,327 - elsapy.elsclient - INFO - Module loaded.
2024-07-14 17:25:45,329 - elsapy.elsentity - INFO - Module loaded.
2024-07-14 17:25:45,330 - elsapy.utils - INFO - Module loaded.
2024-07-14 17:25:45,331 - elsapy.elsprofile - INFO - Module loaded.
2024-07-14 17:25:45,332 - elsapy.elsdoc - INFO - Module loaded.
2024-07-14 17:25:45,333 - elsapy.elssearch - INFO - Module loaded.
2024-07-14 17:26:55,596 - elsapy.elsclient - INFO - Module loaded.
2024-07-14 17:26:55,597 - elsapy.elsentity - INFO - Module loaded.
2024-07-14 17:26:55,598 - elsapy.utils - INFO - Module loaded.
2024-07-14 17:26:55,598 - elsapy.elsprofile - INFO - Module loaded.
2024-07-14 17:26:55,599 - elsapy.elsdoc - INFO - Module loaded.
2024-07-14 17:26:55,601 - elsapy.elssearch - INFO - Module loaded.
2024-07-14 17:29:50,806 - elsapy.elsclient - INFO - Module loaded.
2024-07-14 17:29:50,808 - elsapy.elsentity - INFO - Module loaded.
2024-07-14 17:29:50,808 - elsapy.utils - INFO - Module loaded.
2024-07-14 17:29:50,809 - elsapy.elsprofile - INFO - Module loaded.
2024-07-14 17:29:50,809 - elsapy.elsdoc - INFO - Module loaded.
2024-07-14 17:29:50,810 - elsapy.elssearch - INFO - Module loaded.
2024-07-14 18:03:45,691 - elsapy.elsclient - INFO - Module loaded.
2024-07-14 18:03:45,692 - elsapy.elsentity - INFO - Module loaded.
2024-07-14 18:03:45,693 - elsapy.utils - INFO - Module loaded.
2024-07-14 18:03:45,693 - elsapy.elsprofile - INFO - Module loaded.
2024-07-14 18:03:45,694 - elsapy.elsdoc - INFO - Module loaded.
2024-07-14 18:03:45,694 - elsapy.elssearch - INFO - Module loaded.
2024-07-14 18:05:03,581 - elsapy.elsclient - INFO - Module loaded.
2024-07-14 18:05:03,582 - elsapy.elsentity - INFO - Module loaded.
2024-07-14 18:05:03,583 - elsapy.utils - INFO - Module loaded.
2024-07-14 18:05:03,584 - elsapy.elsprofile - INFO - Module loaded.
2024-07-14 18:05:03,584 - elsapy.elsdoc - INFO - Module loaded.
2024-07-14 18:05:03,585 - elsapy.elssearch - INFO - Module loaded.
2024-07-14 18:06:19,527 - elsapy.elsclient - INFO - Module loaded.
2024-07-14 18:06:19,528 - elsapy.elsentity - INFO - Module loaded.
2024-07-14 18:06:19,529 - elsapy.utils - INFO - Module loaded.
2024-07-14 18:06:19,529 - elsapy.elsprofile - INFO - Module loaded.
2024-07-14 18:06:19,530 - elsapy.elsdoc - INFO - Module loaded.
2024-07-14 18:06:19,530 - elsapy.elssearch - INFO - Module loaded.
2024-07-14 18:08:27,819 - elsapy.elsclient - INFO - Module loaded.
2024-07-14 18:08:27,820 - elsapy.elsentity - INFO - Module loaded.
2024-07-14 18:08:27,820 - elsapy.utils - INFO - Module loaded.
2024-07-14 18:08:27,820 - elsapy.elsprofile - INFO - Module loaded.
2024-07-14 18:08:27,821 - elsapy.elsdoc - INFO - Module loaded.
2024-07-14 18:08:27,822 - elsapy.elssearch - INFO - Module loaded.
2024-07-14 18:31:31,700 - elsapy.elsclient - INFO - Module loaded.
2024-07-14 18:31:31,701 - elsapy.elsentity - INFO - Module loaded.
2024-07-14 18:31:31,702 - elsapy.utils - INFO - Module loaded.
2024-07-14 18:31:31,702 - elsapy.elsprofile - INFO - Module loaded.
2024-07-14 18:31:31,702 - elsapy.elsdoc - INFO - Module loaded.
2024-07-14 18:31:31,703 - elsapy.elssearch - INFO - Module loaded.
2024-07-14 18:51:45,563 - elsapy.elsclient - INFO - Module loaded.
2024-07-14 18:51:45,564 - elsapy.elsentity - INFO - Module loaded.
2024-07-14 18:51:45,565 - elsapy.utils - INFO - Module loaded.
2024-07-14 18:51:45,565 - elsapy.elsprofile - INFO - Module loaded.
2024-07-14 18:51:45,565 - elsapy.elsdoc - INFO - Module loaded.
2024-07-14 18:51:45,566 - elsapy.elssearch - INFO - Module loaded.
2024-07-14 22:41:33,758 - elsapy.elsclient - INFO - Module loaded.
2024-07-14 22:41:33,759 - elsapy.elsentity - INFO - Module loaded.
2024-07-14 22:41:33,759 - elsapy.utils - INFO - Module loaded.
2024-07-14 22:41:33,760 - elsapy.elsprofile - INFO - Module loaded.
2024-07-14 22:41:33,760 - elsapy.elsdoc - INFO - Module loaded.
2024-07-14 22:41:33,761 - elsapy.elssearch - INFO - Module loaded.
2024-07-14 23:40:01,961 - elsapy.elsclient - INFO - Module loaded.
2024-07-14 23:40:01,962 - elsapy.elsentity - INFO - Module loaded.
2024-07-14 23:40:01,963 - elsapy.utils - INFO - Module loaded.
2024-07-14 23:40:01,963 - elsapy.elsprofile - INFO - Module loaded.
2024-07-14 23:40:01,963 - elsapy.elsdoc - INFO - Module loaded.
2024-07-14 23:40:01,964 - elsapy.elssearch - INFO - Module loaded.
