2024-08-07 00:00:11,577 - elsapy.elsclient - INFO - Module loaded.
2024-08-07 00:00:11,578 - elsapy.elsentity - INFO - Module loaded.
2024-08-07 00:00:11,579 - elsapy.utils - INFO - Module loaded.
2024-08-07 00:00:11,579 - elsapy.elsprofile - INFO - Module loaded.
2024-08-07 00:00:11,580 - elsapy.elsdoc - INFO - Module loaded.
2024-08-07 00:00:11,580 - elsapy.elssearch - INFO - Module loaded.
2024-08-07 00:25:15,721 - elsapy.elsclient - INFO - Module loaded.
2024-08-07 00:25:15,722 - elsapy.elsentity - INFO - Module loaded.
2024-08-07 00:25:15,722 - elsapy.utils - INFO - Module loaded.
2024-08-07 00:25:15,723 - elsapy.elsprofile - INFO - Module loaded.
2024-08-07 00:25:15,723 - elsapy.elsdoc - INFO - Module loaded.
2024-08-07 00:25:15,725 - elsapy.elssearch - INFO - Module loaded.
2024-08-07 11:07:22,928 - elsapy.elsclient - INFO - Module loaded.
2024-08-07 11:07:22,929 - elsapy.elsentity - INFO - Module loaded.
2024-08-07 11:07:22,930 - elsapy.utils - INFO - Module loaded.
2024-08-07 11:07:22,930 - elsapy.elsprofile - INFO - Module loaded.
2024-08-07 11:07:22,931 - elsapy.elsdoc - INFO - Module loaded.
2024-08-07 11:07:22,932 - elsapy.elssearch - INFO - Module loaded.
2024-08-07 11:11:11,424 - elsapy.elsclient - INFO - Module loaded.
2024-08-07 11:11:11,425 - elsapy.elsentity - INFO - Module loaded.
2024-08-07 11:11:11,426 - elsapy.utils - INFO - Module loaded.
2024-08-07 11:11:11,426 - elsapy.elsprofile - INFO - Module loaded.
2024-08-07 11:11:11,427 - elsapy.elsdoc - INFO - Module loaded.
2024-08-07 11:11:11,427 - elsapy.elssearch - INFO - Module loaded.
2024-08-07 11:11:47,276 - elsapy.elsclient - INFO - Module loaded.
2024-08-07 11:11:47,277 - elsapy.elsentity - INFO - Module loaded.
2024-08-07 11:11:47,278 - elsapy.utils - INFO - Module loaded.
2024-08-07 11:11:47,278 - elsapy.elsprofile - INFO - Module loaded.
2024-08-07 11:11:47,279 - elsapy.elsdoc - INFO - Module loaded.
2024-08-07 11:11:47,280 - elsapy.elssearch - INFO - Module loaded.
2024-08-07 11:14:39,368 - elsapy.elsclient - INFO - Module loaded.
2024-08-07 11:14:39,369 - elsapy.elsentity - INFO - Module loaded.
2024-08-07 11:14:39,370 - elsapy.utils - INFO - Module loaded.
2024-08-07 11:14:39,370 - elsapy.elsprofile - INFO - Module loaded.
2024-08-07 11:14:39,371 - elsapy.elsdoc - INFO - Module loaded.
2024-08-07 11:14:39,371 - elsapy.elssearch - INFO - Module loaded.
2024-08-07 11:20:32,733 - elsapy.elsclient - INFO - Module loaded.
2024-08-07 11:20:32,734 - elsapy.elsentity - INFO - Module loaded.
2024-08-07 11:20:32,735 - elsapy.utils - INFO - Module loaded.
2024-08-07 11:20:32,735 - elsapy.elsprofile - INFO - Module loaded.
2024-08-07 11:20:32,736 - elsapy.elsdoc - INFO - Module loaded.
2024-08-07 11:20:32,737 - elsapy.elssearch - INFO - Module loaded.
2024-08-07 11:22:59,034 - elsapy.elsclient - INFO - Module loaded.
2024-08-07 11:22:59,036 - elsapy.elsentity - INFO - Module loaded.
2024-08-07 11:22:59,036 - elsapy.utils - INFO - Module loaded.
2024-08-07 11:22:59,037 - elsapy.elsprofile - INFO - Module loaded.
2024-08-07 11:22:59,037 - elsapy.elsdoc - INFO - Module loaded.
2024-08-07 11:22:59,038 - elsapy.elssearch - INFO - Module loaded.
2024-08-07 12:45:56,033 - elsapy.elsclient - INFO - Module loaded.
2024-08-07 12:45:56,034 - elsapy.elsentity - INFO - Module loaded.
2024-08-07 12:45:56,035 - elsapy.utils - INFO - Module loaded.
2024-08-07 12:45:56,035 - elsapy.elsprofile - INFO - Module loaded.
2024-08-07 12:45:56,036 - elsapy.elsdoc - INFO - Module loaded.
2024-08-07 12:45:56,037 - elsapy.elssearch - INFO - Module loaded.
2024-08-07 15:25:07,607 - elsapy.elsclient - INFO - Module loaded.
2024-08-07 15:25:07,608 - elsapy.elsentity - INFO - Module loaded.
2024-08-07 15:25:07,609 - elsapy.utils - INFO - Module loaded.
2024-08-07 15:25:07,610 - elsapy.elsprofile - INFO - Module loaded.
2024-08-07 15:25:07,611 - elsapy.elsdoc - INFO - Module loaded.
2024-08-07 15:25:07,612 - elsapy.elssearch - INFO - Module loaded.
2024-08-07 15:36:17,532 - elsapy.elsclient - INFO - Module loaded.
2024-08-07 15:36:17,533 - elsapy.elsentity - INFO - Module loaded.
2024-08-07 15:36:17,534 - elsapy.utils - INFO - Module loaded.
2024-08-07 15:36:17,535 - elsapy.elsprofile - INFO - Module loaded.
2024-08-07 15:36:17,536 - elsapy.elsdoc - INFO - Module loaded.
2024-08-07 15:36:17,537 - elsapy.elssearch - INFO - Module loaded.
2024-08-07 15:46:43,521 - elsapy.elsclient - INFO - Module loaded.
2024-08-07 15:46:43,523 - elsapy.elsentity - INFO - Module loaded.
2024-08-07 15:46:43,524 - elsapy.utils - INFO - Module loaded.
2024-08-07 15:46:43,524 - elsapy.elsprofile - INFO - Module loaded.
2024-08-07 15:46:43,525 - elsapy.elsdoc - INFO - Module loaded.
2024-08-07 15:46:43,526 - elsapy.elssearch - INFO - Module loaded.
2024-08-07 15:48:45,084 - elsapy.elsclient - INFO - Module loaded.
2024-08-07 15:48:45,085 - elsapy.elsentity - INFO - Module loaded.
2024-08-07 15:48:45,086 - elsapy.utils - INFO - Module loaded.
2024-08-07 15:48:45,087 - elsapy.elsprofile - INFO - Module loaded.
2024-08-07 15:48:45,087 - elsapy.elsdoc - INFO - Module loaded.
2024-08-07 15:48:45,088 - elsapy.elssearch - INFO - Module loaded.
2024-08-07 15:51:57,694 - elsapy.elsclient - INFO - Module loaded.
2024-08-07 15:51:57,696 - elsapy.elsentity - INFO - Module loaded.
2024-08-07 15:51:57,697 - elsapy.utils - INFO - Module loaded.
2024-08-07 15:51:57,697 - elsapy.elsprofile - INFO - Module loaded.
2024-08-07 15:51:57,698 - elsapy.elsdoc - INFO - Module loaded.
2024-08-07 15:51:57,699 - elsapy.elssearch - INFO - Module loaded.
2024-08-07 16:07:24,948 - elsapy.elsclient - INFO - Module loaded.
2024-08-07 16:07:24,950 - elsapy.elsentity - INFO - Module loaded.
2024-08-07 16:07:24,951 - elsapy.utils - INFO - Module loaded.
2024-08-07 16:07:24,951 - elsapy.elsprofile - INFO - Module loaded.
2024-08-07 16:07:24,952 - elsapy.elsdoc - INFO - Module loaded.
2024-08-07 16:07:24,953 - elsapy.elssearch - INFO - Module loaded.
2024-08-07 16:14:19,429 - elsapy.elsclient - INFO - Module loaded.
2024-08-07 16:14:19,431 - elsapy.elsentity - INFO - Module loaded.
2024-08-07 16:14:19,431 - elsapy.utils - INFO - Module loaded.
2024-08-07 16:14:19,432 - elsapy.elsprofile - INFO - Module loaded.
2024-08-07 16:14:19,433 - elsapy.elsdoc - INFO - Module loaded.
2024-08-07 16:14:19,434 - elsapy.elssearch - INFO - Module loaded.
2024-08-07 16:17:00,156 - elsapy.elsclient - INFO - Module loaded.
2024-08-07 16:17:00,158 - elsapy.elsentity - INFO - Module loaded.
2024-08-07 16:17:00,159 - elsapy.utils - INFO - Module loaded.
2024-08-07 16:17:00,159 - elsapy.elsprofile - INFO - Module loaded.
2024-08-07 16:17:00,160 - elsapy.elsdoc - INFO - Module loaded.
2024-08-07 16:17:00,161 - elsapy.elssearch - INFO - Module loaded.
2024-08-07 16:18:46,016 - elsapy.elsclient - INFO - Module loaded.
2024-08-07 16:18:46,017 - elsapy.elsentity - INFO - Module loaded.
2024-08-07 16:18:46,018 - elsapy.utils - INFO - Module loaded.
2024-08-07 16:18:46,019 - elsapy.elsprofile - INFO - Module loaded.
2024-08-07 16:18:46,020 - elsapy.elsdoc - INFO - Module loaded.
2024-08-07 16:18:46,021 - elsapy.elssearch - INFO - Module loaded.
2024-08-07 16:20:55,191 - elsapy.elsclient - INFO - Module loaded.
2024-08-07 16:20:55,193 - elsapy.elsentity - INFO - Module loaded.
2024-08-07 16:20:55,193 - elsapy.utils - INFO - Module loaded.
2024-08-07 16:20:55,194 - elsapy.elsprofile - INFO - Module loaded.
2024-08-07 16:20:55,195 - elsapy.elsdoc - INFO - Module loaded.
2024-08-07 16:20:55,196 - elsapy.elssearch - INFO - Module loaded.
2024-08-07 16:22:17,646 - elsapy.elsclient - INFO - Module loaded.
2024-08-07 16:22:17,648 - elsapy.elsentity - INFO - Module loaded.
2024-08-07 16:22:17,649 - elsapy.utils - INFO - Module loaded.
2024-08-07 16:22:17,649 - elsapy.elsprofile - INFO - Module loaded.
2024-08-07 16:22:17,650 - elsapy.elsdoc - INFO - Module loaded.
2024-08-07 16:22:17,651 - elsapy.elssearch - INFO - Module loaded.
2024-08-07 16:23:09,624 - elsapy.elsclient - INFO - Module loaded.
2024-08-07 16:23:09,625 - elsapy.elsentity - INFO - Module loaded.
2024-08-07 16:23:09,626 - elsapy.utils - INFO - Module loaded.
2024-08-07 16:23:09,627 - elsapy.elsprofile - INFO - Module loaded.
2024-08-07 16:23:09,627 - elsapy.elsdoc - INFO - Module loaded.
2024-08-07 16:23:09,628 - elsapy.elssearch - INFO - Module loaded.
2024-08-07 16:26:28,095 - elsapy.elsclient - INFO - Module loaded.
2024-08-07 16:26:28,096 - elsapy.elsentity - INFO - Module loaded.
2024-08-07 16:26:28,097 - elsapy.utils - INFO - Module loaded.
2024-08-07 16:26:28,098 - elsapy.elsprofile - INFO - Module loaded.
2024-08-07 16:26:28,099 - elsapy.elsdoc - INFO - Module loaded.
2024-08-07 16:26:28,100 - elsapy.elssearch - INFO - Module loaded.
2024-08-07 16:26:54,108 - elsapy.elsclient - INFO - Module loaded.
2024-08-07 16:26:54,110 - elsapy.elsentity - INFO - Module loaded.
2024-08-07 16:26:54,111 - elsapy.utils - INFO - Module loaded.
2024-08-07 16:26:54,111 - elsapy.elsprofile - INFO - Module loaded.
2024-08-07 16:26:54,112 - elsapy.elsdoc - INFO - Module loaded.
2024-08-07 16:26:54,113 - elsapy.elssearch - INFO - Module loaded.
2024-08-07 16:30:00,483 - elsapy.elsclient - INFO - Module loaded.
2024-08-07 16:30:00,485 - elsapy.elsentity - INFO - Module loaded.
2024-08-07 16:30:00,486 - elsapy.utils - INFO - Module loaded.
2024-08-07 16:30:00,486 - elsapy.elsprofile - INFO - Module loaded.
2024-08-07 16:30:00,487 - elsapy.elsdoc - INFO - Module loaded.
2024-08-07 16:30:00,488 - elsapy.elssearch - INFO - Module loaded.
2024-08-07 16:30:31,628 - elsapy.elsclient - INFO - Module loaded.
2024-08-07 16:30:31,630 - elsapy.elsentity - INFO - Module loaded.
2024-08-07 16:30:31,631 - elsapy.utils - INFO - Module loaded.
2024-08-07 16:30:31,631 - elsapy.elsprofile - INFO - Module loaded.
2024-08-07 16:30:31,632 - elsapy.elsdoc - INFO - Module loaded.
2024-08-07 16:30:31,633 - elsapy.elssearch - INFO - Module loaded.
2024-08-07 16:32:59,237 - elsapy.elsclient - INFO - Module loaded.
2024-08-07 16:32:59,238 - elsapy.elsentity - INFO - Module loaded.
2024-08-07 16:32:59,239 - elsapy.utils - INFO - Module loaded.
2024-08-07 16:32:59,240 - elsapy.elsprofile - INFO - Module loaded.
2024-08-07 16:32:59,241 - elsapy.elsdoc - INFO - Module loaded.
2024-08-07 16:32:59,241 - elsapy.elssearch - INFO - Module loaded.
2024-08-07 17:13:48,376 - elsapy.elsclient - INFO - Module loaded.
2024-08-07 17:13:48,378 - elsapy.elsentity - INFO - Module loaded.
2024-08-07 17:13:48,379 - elsapy.utils - INFO - Module loaded.
2024-08-07 17:13:48,379 - elsapy.elsprofile - INFO - Module loaded.
2024-08-07 17:13:48,380 - elsapy.elsdoc - INFO - Module loaded.
2024-08-07 17:13:48,381 - elsapy.elssearch - INFO - Module loaded.
2024-08-07 17:14:14,710 - elsapy.elsclient - INFO - Module loaded.
2024-08-07 17:14:14,712 - elsapy.elsentity - INFO - Module loaded.
2024-08-07 17:14:14,713 - elsapy.utils - INFO - Module loaded.
2024-08-07 17:14:14,713 - elsapy.elsprofile - INFO - Module loaded.
2024-08-07 17:14:14,714 - elsapy.elsdoc - INFO - Module loaded.
2024-08-07 17:14:14,715 - elsapy.elssearch - INFO - Module loaded.
2024-08-07 17:15:06,311 - elsapy.elsclient - INFO - Module loaded.
2024-08-07 17:15:06,312 - elsapy.elsentity - INFO - Module loaded.
2024-08-07 17:15:06,313 - elsapy.utils - INFO - Module loaded.
2024-08-07 17:15:06,313 - elsapy.elsprofile - INFO - Module loaded.
2024-08-07 17:15:06,314 - elsapy.elsdoc - INFO - Module loaded.
2024-08-07 17:15:06,315 - elsapy.elssearch - INFO - Module loaded.
2024-08-07 17:17:07,535 - elsapy.elsclient - INFO - Module loaded.
2024-08-07 17:17:07,536 - elsapy.elsentity - INFO - Module loaded.
2024-08-07 17:17:07,537 - elsapy.utils - INFO - Module loaded.
2024-08-07 17:17:07,538 - elsapy.elsprofile - INFO - Module loaded.
2024-08-07 17:17:07,539 - elsapy.elsdoc - INFO - Module loaded.
2024-08-07 17:17:07,540 - elsapy.elssearch - INFO - Module loaded.
2024-08-07 17:17:38,068 - elsapy.elsclient - INFO - Module loaded.
2024-08-07 17:17:38,069 - elsapy.elsentity - INFO - Module loaded.
2024-08-07 17:17:38,070 - elsapy.utils - INFO - Module loaded.
2024-08-07 17:17:38,071 - elsapy.elsprofile - INFO - Module loaded.
2024-08-07 17:17:38,072 - elsapy.elsdoc - INFO - Module loaded.
2024-08-07 17:17:38,073 - elsapy.elssearch - INFO - Module loaded.
2024-08-07 17:22:30,729 - elsapy.elsclient - INFO - Module loaded.
2024-08-07 17:22:30,731 - elsapy.elsentity - INFO - Module loaded.
2024-08-07 17:22:30,732 - elsapy.utils - INFO - Module loaded.
2024-08-07 17:22:30,732 - elsapy.elsprofile - INFO - Module loaded.
2024-08-07 17:22:30,733 - elsapy.elsdoc - INFO - Module loaded.
2024-08-07 17:22:30,734 - elsapy.elssearch - INFO - Module loaded.
2024-08-07 17:23:11,092 - elsapy.elsclient - INFO - Module loaded.
2024-08-07 17:23:11,094 - elsapy.elsentity - INFO - Module loaded.
2024-08-07 17:23:11,095 - elsapy.utils - INFO - Module loaded.
2024-08-07 17:23:11,095 - elsapy.elsprofile - INFO - Module loaded.
2024-08-07 17:23:11,096 - elsapy.elsdoc - INFO - Module loaded.
2024-08-07 17:23:11,097 - elsapy.elssearch - INFO - Module loaded.
2024-08-07 17:25:16,218 - elsapy.elsclient - INFO - Module loaded.
2024-08-07 17:25:16,219 - elsapy.elsentity - INFO - Module loaded.
2024-08-07 17:25:16,220 - elsapy.utils - INFO - Module loaded.
2024-08-07 17:25:16,221 - elsapy.elsprofile - INFO - Module loaded.
2024-08-07 17:25:16,222 - elsapy.elsdoc - INFO - Module loaded.
2024-08-07 17:25:16,223 - elsapy.elssearch - INFO - Module loaded.
2024-08-07 18:54:02,913 - elsapy.elsclient - INFO - Module loaded.
2024-08-07 18:54:02,914 - elsapy.elsentity - INFO - Module loaded.
2024-08-07 18:54:02,915 - elsapy.utils - INFO - Module loaded.
2024-08-07 18:54:02,916 - elsapy.elsprofile - INFO - Module loaded.
2024-08-07 18:54:02,917 - elsapy.elsdoc - INFO - Module loaded.
2024-08-07 18:54:02,918 - elsapy.elssearch - INFO - Module loaded.
2024-08-07 20:07:11,360 - elsapy.elsclient - INFO - Module loaded.
2024-08-07 20:07:11,362 - elsapy.elsentity - INFO - Module loaded.
2024-08-07 20:07:11,363 - elsapy.utils - INFO - Module loaded.
2024-08-07 20:07:11,363 - elsapy.elsprofile - INFO - Module loaded.
2024-08-07 20:07:11,364 - elsapy.elsdoc - INFO - Module loaded.
2024-08-07 20:07:11,365 - elsapy.elssearch - INFO - Module loaded.
2024-08-07 21:24:33,133 - elsapy.elsclient - INFO - Module loaded.
2024-08-07 21:24:33,135 - elsapy.elsentity - INFO - Module loaded.
2024-08-07 21:24:33,136 - elsapy.utils - INFO - Module loaded.
2024-08-07 21:24:33,137 - elsapy.elsprofile - INFO - Module loaded.
2024-08-07 21:24:33,138 - elsapy.elsdoc - INFO - Module loaded.
2024-08-07 21:24:33,139 - elsapy.elssearch - INFO - Module loaded.
2024-08-07 22:36:58,861 - elsapy.elsclient - INFO - Module loaded.
2024-08-07 22:36:58,863 - elsapy.elsentity - INFO - Module loaded.
2024-08-07 22:36:58,864 - elsapy.utils - INFO - Module loaded.
2024-08-07 22:36:58,864 - elsapy.elsprofile - INFO - Module loaded.
2024-08-07 22:36:58,865 - elsapy.elsdoc - INFO - Module loaded.
2024-08-07 22:36:58,866 - elsapy.elssearch - INFO - Module loaded.
2024-08-07 22:38:47,259 - elsapy.elsclient - INFO - Module loaded.
2024-08-07 22:38:47,261 - elsapy.elsentity - INFO - Module loaded.
2024-08-07 22:38:47,262 - elsapy.utils - INFO - Module loaded.
2024-08-07 22:38:47,262 - elsapy.elsprofile - INFO - Module loaded.
2024-08-07 22:38:47,263 - elsapy.elsdoc - INFO - Module loaded.
2024-08-07 22:38:47,264 - elsapy.elssearch - INFO - Module loaded.
2024-08-07 22:39:05,410 - elsapy.elsclient - INFO - Module loaded.
2024-08-07 22:39:05,411 - elsapy.elsentity - INFO - Module loaded.
2024-08-07 22:39:05,412 - elsapy.utils - INFO - Module loaded.
2024-08-07 22:39:05,413 - elsapy.elsprofile - INFO - Module loaded.
2024-08-07 22:39:05,414 - elsapy.elsdoc - INFO - Module loaded.
2024-08-07 22:39:05,415 - elsapy.elssearch - INFO - Module loaded.
2024-08-07 22:47:53,553 - elsapy.elsclient - INFO - Module loaded.
2024-08-07 22:47:53,555 - elsapy.elsentity - INFO - Module loaded.
2024-08-07 22:47:53,556 - elsapy.utils - INFO - Module loaded.
2024-08-07 22:47:53,557 - elsapy.elsprofile - INFO - Module loaded.
2024-08-07 22:47:53,558 - elsapy.elsdoc - INFO - Module loaded.
2024-08-07 22:47:53,559 - elsapy.elssearch - INFO - Module loaded.
