2024-09-27 12:23:15,080 - elsapy.elsclient - INFO - Module loaded.
2024-09-27 12:23:15,083 - elsapy.elsentity - INFO - Module loaded.
2024-09-27 12:23:15,084 - elsapy.utils - INFO - Module loaded.
2024-09-27 12:23:15,084 - elsapy.elsprofile - INFO - Module loaded.
2024-09-27 12:23:15,085 - elsapy.elsdoc - INFO - Module loaded.
2024-09-27 12:23:15,086 - elsapy.elssearch - INFO - Module loaded.
2024-09-27 12:23:53,133 - elsapy.elsclient - INFO - Module loaded.
2024-09-27 12:23:53,134 - elsapy.elsentity - INFO - Module loaded.
2024-09-27 12:23:53,135 - elsapy.utils - INFO - Module loaded.
2024-09-27 12:23:53,136 - elsapy.elsprofile - INFO - Module loaded.
2024-09-27 12:23:53,137 - elsapy.elsdoc - INFO - Module loaded.
2024-09-27 12:23:53,138 - elsapy.elssearch - INFO - Module loaded.
2024-09-27 12:28:24,025 - elsapy.elsclient - INFO - Module loaded.
2024-09-27 12:28:24,026 - elsapy.elsentity - INFO - Module loaded.
2024-09-27 12:28:24,027 - elsapy.utils - INFO - Module loaded.
2024-09-27 12:28:24,027 - elsapy.elsprofile - INFO - Module loaded.
2024-09-27 12:28:24,028 - elsapy.elsdoc - INFO - Module loaded.
2024-09-27 12:28:24,030 - elsapy.elssearch - INFO - Module loaded.
2024-09-27 12:29:16,593 - elsapy.elsclient - INFO - Module loaded.
2024-09-27 12:29:16,594 - elsapy.elsentity - INFO - Module loaded.
2024-09-27 12:29:16,595 - elsapy.utils - INFO - Module loaded.
2024-09-27 12:29:16,595 - elsapy.elsprofile - INFO - Module loaded.
2024-09-27 12:29:16,596 - elsapy.elsdoc - INFO - Module loaded.
2024-09-27 12:29:16,596 - elsapy.elssearch - INFO - Module loaded.
2024-09-27 12:35:38,195 - elsapy.elsclient - INFO - Module loaded.
2024-09-27 12:35:38,197 - elsapy.elsentity - INFO - Module loaded.
2024-09-27 12:35:38,197 - elsapy.utils - INFO - Module loaded.
2024-09-27 12:35:38,198 - elsapy.elsprofile - INFO - Module loaded.
2024-09-27 12:35:38,198 - elsapy.elsdoc - INFO - Module loaded.
2024-09-27 12:35:38,199 - elsapy.elssearch - INFO - Module loaded.
2024-09-27 12:36:20,163 - elsapy.elsclient - INFO - Module loaded.
2024-09-27 12:36:20,163 - elsapy.elsentity - INFO - Module loaded.
2024-09-27 12:36:20,164 - elsapy.utils - INFO - Module loaded.
2024-09-27 12:36:20,164 - elsapy.elsprofile - INFO - Module loaded.
2024-09-27 12:36:20,165 - elsapy.elsdoc - INFO - Module loaded.
2024-09-27 12:36:20,166 - elsapy.elssearch - INFO - Module loaded.
2024-09-27 12:39:56,972 - elsapy.elsclient - INFO - Module loaded.
2024-09-27 12:39:56,973 - elsapy.elsentity - INFO - Module loaded.
2024-09-27 12:39:56,974 - elsapy.utils - INFO - Module loaded.
2024-09-27 12:39:56,974 - elsapy.elsprofile - INFO - Module loaded.
2024-09-27 12:39:56,975 - elsapy.elsdoc - INFO - Module loaded.
2024-09-27 12:39:56,976 - elsapy.elssearch - INFO - Module loaded.
2024-09-27 12:40:40,432 - elsapy.elsclient - INFO - Module loaded.
2024-09-27 12:40:40,433 - elsapy.elsentity - INFO - Module loaded.
2024-09-27 12:40:40,434 - elsapy.utils - INFO - Module loaded.
2024-09-27 12:40:40,434 - elsapy.elsprofile - INFO - Module loaded.
2024-09-27 12:40:40,435 - elsapy.elsdoc - INFO - Module loaded.
2024-09-27 12:40:40,436 - elsapy.elssearch - INFO - Module loaded.
2024-09-27 12:42:03,840 - elsapy.elsclient - INFO - Module loaded.
2024-09-27 12:42:03,841 - elsapy.elsentity - INFO - Module loaded.
2024-09-27 12:42:03,841 - elsapy.utils - INFO - Module loaded.
2024-09-27 12:42:03,842 - elsapy.elsprofile - INFO - Module loaded.
2024-09-27 12:42:03,843 - elsapy.elsdoc - INFO - Module loaded.
2024-09-27 12:42:03,843 - elsapy.elssearch - INFO - Module loaded.
2024-09-27 12:42:57,634 - elsapy.elsclient - INFO - Module loaded.
2024-09-27 12:42:57,635 - elsapy.elsentity - INFO - Module loaded.
2024-09-27 12:42:57,636 - elsapy.utils - INFO - Module loaded.
2024-09-27 12:42:57,636 - elsapy.elsprofile - INFO - Module loaded.
2024-09-27 12:42:57,637 - elsapy.elsdoc - INFO - Module loaded.
2024-09-27 12:42:57,638 - elsapy.elssearch - INFO - Module loaded.
2024-09-27 12:47:16,374 - elsapy.elsclient - INFO - Module loaded.
2024-09-27 12:47:16,375 - elsapy.elsentity - INFO - Module loaded.
2024-09-27 12:47:16,376 - elsapy.utils - INFO - Module loaded.
2024-09-27 12:47:16,376 - elsapy.elsprofile - INFO - Module loaded.
2024-09-27 12:47:16,377 - elsapy.elsdoc - INFO - Module loaded.
2024-09-27 12:47:16,378 - elsapy.elssearch - INFO - Module loaded.
2024-09-27 12:48:27,053 - elsapy.elsclient - INFO - Module loaded.
2024-09-27 12:48:27,054 - elsapy.elsentity - INFO - Module loaded.
2024-09-27 12:48:27,055 - elsapy.utils - INFO - Module loaded.
2024-09-27 12:48:27,055 - elsapy.elsprofile - INFO - Module loaded.
2024-09-27 12:48:27,055 - elsapy.elsdoc - INFO - Module loaded.
2024-09-27 12:48:27,056 - elsapy.elssearch - INFO - Module loaded.
2024-09-27 12:50:13,164 - elsapy.elsclient - INFO - Module loaded.
2024-09-27 12:50:13,166 - elsapy.elsentity - INFO - Module loaded.
2024-09-27 12:50:13,166 - elsapy.utils - INFO - Module loaded.
2024-09-27 12:50:13,166 - elsapy.elsprofile - INFO - Module loaded.
2024-09-27 12:50:13,166 - elsapy.elsdoc - INFO - Module loaded.
2024-09-27 12:50:13,166 - elsapy.elssearch - INFO - Module loaded.
2024-09-27 12:51:11,532 - elsapy.elsclient - INFO - Module loaded.
2024-09-27 12:51:11,533 - elsapy.elsentity - INFO - Module loaded.
2024-09-27 12:51:11,534 - elsapy.utils - INFO - Module loaded.
2024-09-27 12:51:11,534 - elsapy.elsprofile - INFO - Module loaded.
2024-09-27 12:51:11,535 - elsapy.elsdoc - INFO - Module loaded.
2024-09-27 12:51:11,536 - elsapy.elssearch - INFO - Module loaded.
2024-09-27 12:52:08,250 - elsapy.elsclient - INFO - Module loaded.
2024-09-27 12:52:08,251 - elsapy.elsentity - INFO - Module loaded.
2024-09-27 12:52:08,252 - elsapy.utils - INFO - Module loaded.
2024-09-27 12:52:08,252 - elsapy.elsprofile - INFO - Module loaded.
2024-09-27 12:52:08,253 - elsapy.elsdoc - INFO - Module loaded.
2024-09-27 12:52:08,254 - elsapy.elssearch - INFO - Module loaded.
2024-09-27 12:53:22,712 - elsapy.elsclient - INFO - Module loaded.
2024-09-27 12:53:22,713 - elsapy.elsentity - INFO - Module loaded.
2024-09-27 12:53:22,713 - elsapy.utils - INFO - Module loaded.
2024-09-27 12:53:22,714 - elsapy.elsprofile - INFO - Module loaded.
2024-09-27 12:53:22,715 - elsapy.elsdoc - INFO - Module loaded.
2024-09-27 12:53:22,715 - elsapy.elssearch - INFO - Module loaded.
2024-09-27 12:54:17,875 - elsapy.elsclient - INFO - Module loaded.
2024-09-27 12:54:17,876 - elsapy.elsentity - INFO - Module loaded.
2024-09-27 12:54:17,876 - elsapy.utils - INFO - Module loaded.
2024-09-27 12:54:17,877 - elsapy.elsprofile - INFO - Module loaded.
2024-09-27 12:54:17,877 - elsapy.elsdoc - INFO - Module loaded.
2024-09-27 12:54:17,878 - elsapy.elssearch - INFO - Module loaded.
2024-09-27 12:56:29,278 - elsapy.elsclient - INFO - Module loaded.
2024-09-27 12:56:29,279 - elsapy.elsentity - INFO - Module loaded.
2024-09-27 12:56:29,280 - elsapy.utils - INFO - Module loaded.
2024-09-27 12:56:29,280 - elsapy.elsprofile - INFO - Module loaded.
2024-09-27 12:56:29,281 - elsapy.elsdoc - INFO - Module loaded.
2024-09-27 12:56:29,281 - elsapy.elssearch - INFO - Module loaded.
2024-09-27 12:57:18,838 - elsapy.elsclient - INFO - Module loaded.
2024-09-27 12:57:18,839 - elsapy.elsentity - INFO - Module loaded.
2024-09-27 12:57:18,840 - elsapy.utils - INFO - Module loaded.
2024-09-27 12:57:18,840 - elsapy.elsprofile - INFO - Module loaded.
2024-09-27 12:57:18,841 - elsapy.elsdoc - INFO - Module loaded.
2024-09-27 12:57:18,842 - elsapy.elssearch - INFO - Module loaded.
2024-09-27 12:58:08,283 - elsapy.elsclient - INFO - Module loaded.
2024-09-27 12:58:08,284 - elsapy.elsentity - INFO - Module loaded.
2024-09-27 12:58:08,284 - elsapy.utils - INFO - Module loaded.
2024-09-27 12:58:08,285 - elsapy.elsprofile - INFO - Module loaded.
2024-09-27 12:58:08,285 - elsapy.elsdoc - INFO - Module loaded.
2024-09-27 12:58:08,286 - elsapy.elssearch - INFO - Module loaded.
2024-09-27 12:58:28,822 - elsapy.elsclient - INFO - Module loaded.
2024-09-27 12:58:28,823 - elsapy.elsentity - INFO - Module loaded.
2024-09-27 12:58:28,824 - elsapy.utils - INFO - Module loaded.
2024-09-27 12:58:28,824 - elsapy.elsprofile - INFO - Module loaded.
2024-09-27 12:58:28,825 - elsapy.elsdoc - INFO - Module loaded.
2024-09-27 12:58:28,825 - elsapy.elssearch - INFO - Module loaded.
2024-09-27 12:59:19,083 - elsapy.elsclient - INFO - Module loaded.
2024-09-27 12:59:19,084 - elsapy.elsentity - INFO - Module loaded.
2024-09-27 12:59:19,085 - elsapy.utils - INFO - Module loaded.
2024-09-27 12:59:19,085 - elsapy.elsprofile - INFO - Module loaded.
2024-09-27 12:59:19,085 - elsapy.elsdoc - INFO - Module loaded.
2024-09-27 12:59:19,087 - elsapy.elssearch - INFO - Module loaded.
2024-09-27 13:00:18,744 - elsapy.elsclient - INFO - Module loaded.
2024-09-27 13:00:18,745 - elsapy.elsentity - INFO - Module loaded.
2024-09-27 13:00:18,746 - elsapy.utils - INFO - Module loaded.
2024-09-27 13:00:18,746 - elsapy.elsprofile - INFO - Module loaded.
2024-09-27 13:00:18,747 - elsapy.elsdoc - INFO - Module loaded.
2024-09-27 13:00:18,748 - elsapy.elssearch - INFO - Module loaded.
2024-09-27 13:16:46,266 - elsapy.elsclient - INFO - Module loaded.
2024-09-27 13:16:46,268 - elsapy.elsentity - INFO - Module loaded.
2024-09-27 13:16:46,268 - elsapy.utils - INFO - Module loaded.
2024-09-27 13:16:46,269 - elsapy.elsprofile - INFO - Module loaded.
2024-09-27 13:16:46,269 - elsapy.elsdoc - INFO - Module loaded.
2024-09-27 13:16:46,270 - elsapy.elssearch - INFO - Module loaded.
2024-09-27 13:18:06,223 - elsapy.elsclient - INFO - Module loaded.
2024-09-27 13:18:06,223 - elsapy.elsentity - INFO - Module loaded.
2024-09-27 13:18:06,225 - elsapy.utils - INFO - Module loaded.
2024-09-27 13:18:06,225 - elsapy.elsprofile - INFO - Module loaded.
2024-09-27 13:18:06,226 - elsapy.elsdoc - INFO - Module loaded.
2024-09-27 13:18:06,227 - elsapy.elssearch - INFO - Module loaded.
2024-09-27 13:19:21,768 - elsapy.elsclient - INFO - Module loaded.
2024-09-27 13:19:21,769 - elsapy.elsentity - INFO - Module loaded.
2024-09-27 13:19:21,769 - elsapy.utils - INFO - Module loaded.
2024-09-27 13:19:21,770 - elsapy.elsprofile - INFO - Module loaded.
2024-09-27 13:19:21,770 - elsapy.elsdoc - INFO - Module loaded.
2024-09-27 13:19:21,771 - elsapy.elssearch - INFO - Module loaded.
2024-09-27 13:23:02,163 - elsapy.elsclient - INFO - Module loaded.
2024-09-27 13:23:02,164 - elsapy.elsentity - INFO - Module loaded.
2024-09-27 13:23:02,165 - elsapy.utils - INFO - Module loaded.
2024-09-27 13:23:02,165 - elsapy.elsprofile - INFO - Module loaded.
2024-09-27 13:23:02,166 - elsapy.elsdoc - INFO - Module loaded.
2024-09-27 13:23:02,167 - elsapy.elssearch - INFO - Module loaded.
2024-09-27 17:51:11,118 - elsapy.elsclient - INFO - Module loaded.
2024-09-27 17:51:11,120 - elsapy.elsentity - INFO - Module loaded.
2024-09-27 17:51:11,120 - elsapy.utils - INFO - Module loaded.
2024-09-27 17:51:11,121 - elsapy.elsprofile - INFO - Module loaded.
2024-09-27 17:51:11,121 - elsapy.elsdoc - INFO - Module loaded.
2024-09-27 17:51:11,122 - elsapy.elssearch - INFO - Module loaded.
2024-09-27 17:53:14,637 - elsapy.elsclient - INFO - Module loaded.
2024-09-27 17:53:14,638 - elsapy.elsentity - INFO - Module loaded.
2024-09-27 17:53:14,639 - elsapy.utils - INFO - Module loaded.
2024-09-27 17:53:14,639 - elsapy.elsprofile - INFO - Module loaded.
2024-09-27 17:53:14,640 - elsapy.elsdoc - INFO - Module loaded.
2024-09-27 17:53:14,641 - elsapy.elssearch - INFO - Module loaded.
2024-09-27 17:55:18,879 - elsapy.elsclient - INFO - Module loaded.
2024-09-27 17:55:18,880 - elsapy.elsentity - INFO - Module loaded.
2024-09-27 17:55:18,881 - elsapy.utils - INFO - Module loaded.
2024-09-27 17:55:18,881 - elsapy.elsprofile - INFO - Module loaded.
2024-09-27 17:55:18,882 - elsapy.elsdoc - INFO - Module loaded.
2024-09-27 17:55:18,882 - elsapy.elssearch - INFO - Module loaded.
2024-09-27 17:59:32,921 - elsapy.elsclient - INFO - Module loaded.
2024-09-27 17:59:32,922 - elsapy.elsentity - INFO - Module loaded.
2024-09-27 17:59:32,923 - elsapy.utils - INFO - Module loaded.
2024-09-27 17:59:32,923 - elsapy.elsprofile - INFO - Module loaded.
2024-09-27 17:59:32,924 - elsapy.elsdoc - INFO - Module loaded.
2024-09-27 17:59:32,925 - elsapy.elssearch - INFO - Module loaded.
2024-09-27 18:00:53,602 - elsapy.elsclient - INFO - Module loaded.
2024-09-27 18:00:53,603 - elsapy.elsentity - INFO - Module loaded.
2024-09-27 18:00:53,604 - elsapy.utils - INFO - Module loaded.
2024-09-27 18:00:53,604 - elsapy.elsprofile - INFO - Module loaded.
2024-09-27 18:00:53,605 - elsapy.elsdoc - INFO - Module loaded.
2024-09-27 18:00:53,606 - elsapy.elssearch - INFO - Module loaded.
2024-09-27 18:07:44,633 - elsapy.elsclient - INFO - Module loaded.
2024-09-27 18:07:44,634 - elsapy.elsentity - INFO - Module loaded.
2024-09-27 18:07:44,635 - elsapy.utils - INFO - Module loaded.
2024-09-27 18:07:44,635 - elsapy.elsprofile - INFO - Module loaded.
2024-09-27 18:07:44,636 - elsapy.elsdoc - INFO - Module loaded.
2024-09-27 18:07:44,636 - elsapy.elssearch - INFO - Module loaded.
2024-09-27 18:08:11,475 - elsapy.elsclient - INFO - Module loaded.
2024-09-27 18:08:11,476 - elsapy.elsentity - INFO - Module loaded.
2024-09-27 18:08:11,477 - elsapy.utils - INFO - Module loaded.
2024-09-27 18:08:11,477 - elsapy.elsprofile - INFO - Module loaded.
2024-09-27 18:08:11,478 - elsapy.elsdoc - INFO - Module loaded.
2024-09-27 18:08:11,479 - elsapy.elssearch - INFO - Module loaded.
2024-09-27 18:09:37,816 - elsapy.elsclient - INFO - Module loaded.
2024-09-27 18:09:37,817 - elsapy.elsentity - INFO - Module loaded.
2024-09-27 18:09:37,817 - elsapy.utils - INFO - Module loaded.
2024-09-27 18:09:37,818 - elsapy.elsprofile - INFO - Module loaded.
2024-09-27 18:09:37,819 - elsapy.elsdoc - INFO - Module loaded.
2024-09-27 18:09:37,819 - elsapy.elssearch - INFO - Module loaded.
2024-09-27 18:09:58,358 - elsapy.elsclient - INFO - Module loaded.
2024-09-27 18:09:58,359 - elsapy.elsentity - INFO - Module loaded.
2024-09-27 18:09:58,360 - elsapy.utils - INFO - Module loaded.
2024-09-27 18:09:58,360 - elsapy.elsprofile - INFO - Module loaded.
2024-09-27 18:09:58,361 - elsapy.elsdoc - INFO - Module loaded.
2024-09-27 18:09:58,361 - elsapy.elssearch - INFO - Module loaded.
2024-09-27 18:13:15,975 - elsapy.elsclient - INFO - Module loaded.
2024-09-27 18:13:15,976 - elsapy.elsentity - INFO - Module loaded.
2024-09-27 18:13:15,977 - elsapy.utils - INFO - Module loaded.
2024-09-27 18:13:15,977 - elsapy.elsprofile - INFO - Module loaded.
2024-09-27 18:13:15,978 - elsapy.elsdoc - INFO - Module loaded.
2024-09-27 18:13:15,979 - elsapy.elssearch - INFO - Module loaded.
2024-09-27 18:15:24,727 - elsapy.elsclient - INFO - Module loaded.
2024-09-27 18:15:24,728 - elsapy.elsentity - INFO - Module loaded.
2024-09-27 18:15:24,729 - elsapy.utils - INFO - Module loaded.
2024-09-27 18:15:24,729 - elsapy.elsprofile - INFO - Module loaded.
2024-09-27 18:15:24,730 - elsapy.elsdoc - INFO - Module loaded.
2024-09-27 18:15:24,730 - elsapy.elssearch - INFO - Module loaded.
2024-09-27 18:17:23,244 - elsapy.elsclient - INFO - Module loaded.
2024-09-27 18:17:23,246 - elsapy.elsentity - INFO - Module loaded.
2024-09-27 18:17:23,246 - elsapy.utils - INFO - Module loaded.
2024-09-27 18:17:23,247 - elsapy.elsprofile - INFO - Module loaded.
2024-09-27 18:17:23,247 - elsapy.elsdoc - INFO - Module loaded.
2024-09-27 18:17:23,248 - elsapy.elssearch - INFO - Module loaded.
2024-09-27 18:20:09,346 - elsapy.elsclient - INFO - Module loaded.
2024-09-27 18:20:09,347 - elsapy.elsentity - INFO - Module loaded.
2024-09-27 18:20:09,348 - elsapy.utils - INFO - Module loaded.
2024-09-27 18:20:09,348 - elsapy.elsprofile - INFO - Module loaded.
2024-09-27 18:20:09,349 - elsapy.elsdoc - INFO - Module loaded.
2024-09-27 18:20:09,350 - elsapy.elssearch - INFO - Module loaded.
2024-09-27 19:20:08,281 - elsapy.elsclient - INFO - Module loaded.
2024-09-27 19:20:08,282 - elsapy.elsentity - INFO - Module loaded.
2024-09-27 19:20:08,283 - elsapy.utils - INFO - Module loaded.
2024-09-27 19:20:08,283 - elsapy.elsprofile - INFO - Module loaded.
2024-09-27 19:20:08,284 - elsapy.elsdoc - INFO - Module loaded.
2024-09-27 19:20:08,285 - elsapy.elssearch - INFO - Module loaded.
2024-09-27 19:25:58,906 - elsapy.elsclient - INFO - Module loaded.
2024-09-27 19:25:58,907 - elsapy.elsentity - INFO - Module loaded.
2024-09-27 19:25:58,908 - elsapy.utils - INFO - Module loaded.
2024-09-27 19:25:58,908 - elsapy.elsprofile - INFO - Module loaded.
2024-09-27 19:25:58,909 - elsapy.elsdoc - INFO - Module loaded.
2024-09-27 19:25:58,910 - elsapy.elssearch - INFO - Module loaded.
2024-09-27 19:34:40,593 - elsapy.elsclient - INFO - Module loaded.
2024-09-27 19:34:40,594 - elsapy.elsentity - INFO - Module loaded.
2024-09-27 19:34:40,594 - elsapy.utils - INFO - Module loaded.
2024-09-27 19:34:40,595 - elsapy.elsprofile - INFO - Module loaded.
2024-09-27 19:34:40,595 - elsapy.elsdoc - INFO - Module loaded.
2024-09-27 19:34:40,596 - elsapy.elssearch - INFO - Module loaded.
2024-09-27 19:47:24,469 - elsapy.elsclient - INFO - Module loaded.
2024-09-27 19:47:24,470 - elsapy.elsentity - INFO - Module loaded.
2024-09-27 19:47:24,470 - elsapy.utils - INFO - Module loaded.
2024-09-27 19:47:24,471 - elsapy.elsprofile - INFO - Module loaded.
2024-09-27 19:47:24,471 - elsapy.elsdoc - INFO - Module loaded.
2024-09-27 19:47:24,472 - elsapy.elssearch - INFO - Module loaded.
2024-09-27 19:48:25,580 - elsapy.elsclient - INFO - Module loaded.
2024-09-27 19:48:25,581 - elsapy.elsentity - INFO - Module loaded.
2024-09-27 19:48:25,582 - elsapy.utils - INFO - Module loaded.
2024-09-27 19:48:25,582 - elsapy.elsprofile - INFO - Module loaded.
2024-09-27 19:48:25,583 - elsapy.elsdoc - INFO - Module loaded.
2024-09-27 19:48:25,584 - elsapy.elssearch - INFO - Module loaded.
2024-09-27 19:49:14,126 - elsapy.elsclient - INFO - Module loaded.
2024-09-27 19:49:14,127 - elsapy.elsentity - INFO - Module loaded.
2024-09-27 19:49:14,128 - elsapy.utils - INFO - Module loaded.
2024-09-27 19:49:14,128 - elsapy.elsprofile - INFO - Module loaded.
2024-09-27 19:49:14,129 - elsapy.elsdoc - INFO - Module loaded.
2024-09-27 19:49:14,130 - elsapy.elssearch - INFO - Module loaded.
2024-09-27 19:49:42,049 - elsapy.elsclient - INFO - Module loaded.
2024-09-27 19:49:42,050 - elsapy.elsentity - INFO - Module loaded.
2024-09-27 19:49:42,051 - elsapy.utils - INFO - Module loaded.
2024-09-27 19:49:42,051 - elsapy.elsprofile - INFO - Module loaded.
2024-09-27 19:49:42,052 - elsapy.elsdoc - INFO - Module loaded.
2024-09-27 19:49:42,053 - elsapy.elssearch - INFO - Module loaded.
2024-09-27 19:52:49,106 - elsapy.elsclient - INFO - Module loaded.
2024-09-27 19:52:49,108 - elsapy.elsentity - INFO - Module loaded.
2024-09-27 19:52:49,109 - elsapy.utils - INFO - Module loaded.
2024-09-27 19:52:49,109 - elsapy.elsprofile - INFO - Module loaded.
2024-09-27 19:52:49,110 - elsapy.elsdoc - INFO - Module loaded.
2024-09-27 19:52:49,110 - elsapy.elssearch - INFO - Module loaded.
2024-09-27 19:57:26,365 - elsapy.elsclient - INFO - Module loaded.
2024-09-27 19:57:26,366 - elsapy.elsentity - INFO - Module loaded.
2024-09-27 19:57:26,367 - elsapy.utils - INFO - Module loaded.
2024-09-27 19:57:26,367 - elsapy.elsprofile - INFO - Module loaded.
2024-09-27 19:57:26,368 - elsapy.elsdoc - INFO - Module loaded.
2024-09-27 19:57:26,369 - elsapy.elssearch - INFO - Module loaded.
2024-09-27 20:05:39,726 - elsapy.elsclient - INFO - Module loaded.
2024-09-27 20:05:39,728 - elsapy.elsentity - INFO - Module loaded.
2024-09-27 20:05:39,728 - elsapy.utils - INFO - Module loaded.
2024-09-27 20:05:39,729 - elsapy.elsprofile - INFO - Module loaded.
2024-09-27 20:05:39,729 - elsapy.elsdoc - INFO - Module loaded.
2024-09-27 20:05:39,730 - elsapy.elssearch - INFO - Module loaded.
2024-09-27 20:08:51,051 - elsapy.elsclient - INFO - Module loaded.
2024-09-27 20:08:51,053 - elsapy.elsentity - INFO - Module loaded.
2024-09-27 20:08:51,053 - elsapy.utils - INFO - Module loaded.
2024-09-27 20:08:51,054 - elsapy.elsprofile - INFO - Module loaded.
2024-09-27 20:08:51,054 - elsapy.elsdoc - INFO - Module loaded.
2024-09-27 20:08:51,055 - elsapy.elssearch - INFO - Module loaded.
2024-09-27 20:20:48,353 - elsapy.elsclient - INFO - Module loaded.
2024-09-27 20:20:48,354 - elsapy.elsentity - INFO - Module loaded.
2024-09-27 20:20:48,355 - elsapy.utils - INFO - Module loaded.
2024-09-27 20:20:48,355 - elsapy.elsprofile - INFO - Module loaded.
2024-09-27 20:20:48,356 - elsapy.elsdoc - INFO - Module loaded.
2024-09-27 20:20:48,357 - elsapy.elssearch - INFO - Module loaded.
2024-09-27 20:27:14,488 - elsapy.elsclient - INFO - Module loaded.
2024-09-27 20:27:14,489 - elsapy.elsentity - INFO - Module loaded.
2024-09-27 20:27:14,489 - elsapy.utils - INFO - Module loaded.
2024-09-27 20:27:14,490 - elsapy.elsprofile - INFO - Module loaded.
2024-09-27 20:27:14,490 - elsapy.elsdoc - INFO - Module loaded.
2024-09-27 20:27:14,491 - elsapy.elssearch - INFO - Module loaded.
2024-09-27 22:24:02,673 - elsapy.elsclient - INFO - Module loaded.
2024-09-27 22:24:02,674 - elsapy.elsentity - INFO - Module loaded.
2024-09-27 22:24:02,675 - elsapy.utils - INFO - Module loaded.
2024-09-27 22:24:02,675 - elsapy.elsprofile - INFO - Module loaded.
2024-09-27 22:24:02,676 - elsapy.elsdoc - INFO - Module loaded.
2024-09-27 22:24:02,677 - elsapy.elssearch - INFO - Module loaded.
2024-09-27 22:32:16,632 - elsapy.elsclient - INFO - Module loaded.
2024-09-27 22:32:16,633 - elsapy.elsentity - INFO - Module loaded.
2024-09-27 22:32:16,634 - elsapy.utils - INFO - Module loaded.
2024-09-27 22:32:16,635 - elsapy.elsprofile - INFO - Module loaded.
2024-09-27 22:32:16,635 - elsapy.elsdoc - INFO - Module loaded.
2024-09-27 22:32:16,636 - elsapy.elssearch - INFO - Module loaded.
2024-09-27 22:34:49,062 - elsapy.elsclient - INFO - Module loaded.
2024-09-27 22:34:49,063 - elsapy.elsentity - INFO - Module loaded.
2024-09-27 22:34:49,064 - elsapy.utils - INFO - Module loaded.
2024-09-27 22:34:49,064 - elsapy.elsprofile - INFO - Module loaded.
2024-09-27 22:34:49,065 - elsapy.elsdoc - INFO - Module loaded.
2024-09-27 22:34:49,065 - elsapy.elssearch - INFO - Module loaded.
2024-09-27 22:39:50,946 - elsapy.elsclient - INFO - Module loaded.
2024-09-27 22:39:50,948 - elsapy.elsentity - INFO - Module loaded.
2024-09-27 22:39:50,948 - elsapy.utils - INFO - Module loaded.
2024-09-27 22:39:50,948 - elsapy.elsprofile - INFO - Module loaded.
2024-09-27 22:39:50,949 - elsapy.elsdoc - INFO - Module loaded.
2024-09-27 22:39:50,950 - elsapy.elssearch - INFO - Module loaded.
2024-09-27 22:42:47,688 - elsapy.elsclient - INFO - Module loaded.
2024-09-27 22:42:47,690 - elsapy.elsentity - INFO - Module loaded.
2024-09-27 22:42:47,690 - elsapy.utils - INFO - Module loaded.
2024-09-27 22:42:47,691 - elsapy.elsprofile - INFO - Module loaded.
2024-09-27 22:42:47,691 - elsapy.elsdoc - INFO - Module loaded.
2024-09-27 22:42:47,692 - elsapy.elssearch - INFO - Module loaded.
2024-09-27 22:43:06,793 - elsapy.elsclient - INFO - Module loaded.
2024-09-27 22:43:06,795 - elsapy.elsentity - INFO - Module loaded.
2024-09-27 22:43:06,795 - elsapy.utils - INFO - Module loaded.
2024-09-27 22:43:06,796 - elsapy.elsprofile - INFO - Module loaded.
2024-09-27 22:43:06,796 - elsapy.elsdoc - INFO - Module loaded.
2024-09-27 22:43:06,797 - elsapy.elssearch - INFO - Module loaded.
2024-09-27 22:48:01,359 - elsapy.elsclient - INFO - Module loaded.
2024-09-27 22:48:01,360 - elsapy.elsentity - INFO - Module loaded.
2024-09-27 22:48:01,361 - elsapy.utils - INFO - Module loaded.
2024-09-27 22:48:01,361 - elsapy.elsprofile - INFO - Module loaded.
2024-09-27 22:48:01,362 - elsapy.elsdoc - INFO - Module loaded.
2024-09-27 22:48:01,363 - elsapy.elssearch - INFO - Module loaded.
2024-09-27 22:49:03,664 - elsapy.elsclient - INFO - Module loaded.
2024-09-27 22:49:03,665 - elsapy.elsentity - INFO - Module loaded.
2024-09-27 22:49:03,666 - elsapy.utils - INFO - Module loaded.
2024-09-27 22:49:03,666 - elsapy.elsprofile - INFO - Module loaded.
2024-09-27 22:49:03,667 - elsapy.elsdoc - INFO - Module loaded.
2024-09-27 22:49:03,668 - elsapy.elssearch - INFO - Module loaded.
2024-09-27 22:50:14,157 - elsapy.elsclient - INFO - Module loaded.
2024-09-27 22:50:14,158 - elsapy.elsentity - INFO - Module loaded.
2024-09-27 22:50:14,159 - elsapy.utils - INFO - Module loaded.
2024-09-27 22:50:14,159 - elsapy.elsprofile - INFO - Module loaded.
2024-09-27 22:50:14,160 - elsapy.elsdoc - INFO - Module loaded.
2024-09-27 22:50:14,160 - elsapy.elssearch - INFO - Module loaded.
2024-09-27 22:51:48,763 - elsapy.elsclient - INFO - Module loaded.
2024-09-27 22:51:48,765 - elsapy.elsentity - INFO - Module loaded.
2024-09-27 22:51:48,765 - elsapy.utils - INFO - Module loaded.
2024-09-27 22:51:48,766 - elsapy.elsprofile - INFO - Module loaded.
2024-09-27 22:51:48,766 - elsapy.elsdoc - INFO - Module loaded.
2024-09-27 22:51:48,767 - elsapy.elssearch - INFO - Module loaded.
2024-09-27 22:55:52,773 - elsapy.elsclient - INFO - Module loaded.
2024-09-27 22:55:52,774 - elsapy.elsentity - INFO - Module loaded.
2024-09-27 22:55:52,775 - elsapy.utils - INFO - Module loaded.
2024-09-27 22:55:52,775 - elsapy.elsprofile - INFO - Module loaded.
2024-09-27 22:55:52,776 - elsapy.elsdoc - INFO - Module loaded.
2024-09-27 22:55:52,776 - elsapy.elssearch - INFO - Module loaded.
2024-09-27 23:22:13,862 - elsapy.elsclient - INFO - Module loaded.
2024-09-27 23:22:13,863 - elsapy.elsentity - INFO - Module loaded.
2024-09-27 23:22:13,864 - elsapy.utils - INFO - Module loaded.
2024-09-27 23:22:13,864 - elsapy.elsprofile - INFO - Module loaded.
2024-09-27 23:22:13,865 - elsapy.elsdoc - INFO - Module loaded.
2024-09-27 23:22:13,866 - elsapy.elssearch - INFO - Module loaded.
2024-09-27 23:26:27,170 - elsapy.elsclient - INFO - Module loaded.
2024-09-27 23:26:27,171 - elsapy.elsentity - INFO - Module loaded.
2024-09-27 23:26:27,172 - elsapy.utils - INFO - Module loaded.
2024-09-27 23:26:27,172 - elsapy.elsprofile - INFO - Module loaded.
2024-09-27 23:26:27,173 - elsapy.elsdoc - INFO - Module loaded.
2024-09-27 23:26:27,173 - elsapy.elssearch - INFO - Module loaded.
2024-09-27 23:29:47,113 - elsapy.elsclient - INFO - Module loaded.
2024-09-27 23:29:47,114 - elsapy.elsentity - INFO - Module loaded.
2024-09-27 23:29:47,115 - elsapy.utils - INFO - Module loaded.
2024-09-27 23:29:47,115 - elsapy.elsprofile - INFO - Module loaded.
2024-09-27 23:29:47,116 - elsapy.elsdoc - INFO - Module loaded.
2024-09-27 23:29:47,117 - elsapy.elssearch - INFO - Module loaded.
2024-09-27 23:32:55,597 - elsapy.elsclient - INFO - Module loaded.
2024-09-27 23:32:55,598 - elsapy.elsentity - INFO - Module loaded.
2024-09-27 23:32:55,599 - elsapy.utils - INFO - Module loaded.
2024-09-27 23:32:55,599 - elsapy.elsprofile - INFO - Module loaded.
2024-09-27 23:32:55,600 - elsapy.elsdoc - INFO - Module loaded.
2024-09-27 23:32:55,601 - elsapy.elssearch - INFO - Module loaded.
2024-09-27 23:33:14,926 - elsapy.elsclient - INFO - Module loaded.
2024-09-27 23:33:14,927 - elsapy.elsentity - INFO - Module loaded.
2024-09-27 23:33:14,928 - elsapy.utils - INFO - Module loaded.
2024-09-27 23:33:14,928 - elsapy.elsprofile - INFO - Module loaded.
2024-09-27 23:33:14,929 - elsapy.elsdoc - INFO - Module loaded.
2024-09-27 23:33:14,931 - elsapy.elssearch - INFO - Module loaded.
2024-09-27 23:33:50,793 - elsapy.elsclient - INFO - Module loaded.
2024-09-27 23:33:50,794 - elsapy.elsentity - INFO - Module loaded.
2024-09-27 23:33:50,795 - elsapy.utils - INFO - Module loaded.
2024-09-27 23:33:50,795 - elsapy.elsprofile - INFO - Module loaded.
2024-09-27 23:33:50,796 - elsapy.elsdoc - INFO - Module loaded.
2024-09-27 23:33:50,796 - elsapy.elssearch - INFO - Module loaded.
2024-09-27 23:36:14,760 - elsapy.elsclient - INFO - Module loaded.
2024-09-27 23:36:14,761 - elsapy.elsentity - INFO - Module loaded.
2024-09-27 23:36:14,762 - elsapy.utils - INFO - Module loaded.
2024-09-27 23:36:14,762 - elsapy.elsprofile - INFO - Module loaded.
2024-09-27 23:36:14,763 - elsapy.elsdoc - INFO - Module loaded.
2024-09-27 23:36:14,764 - elsapy.elssearch - INFO - Module loaded.
2024-09-27 23:37:19,227 - elsapy.elsclient - INFO - Module loaded.
2024-09-27 23:37:19,228 - elsapy.elsentity - INFO - Module loaded.
2024-09-27 23:37:19,229 - elsapy.utils - INFO - Module loaded.
2024-09-27 23:37:19,229 - elsapy.elsprofile - INFO - Module loaded.
2024-09-27 23:37:19,230 - elsapy.elsdoc - INFO - Module loaded.
2024-09-27 23:37:19,231 - elsapy.elssearch - INFO - Module loaded.
2024-09-27 23:40:23,031 - elsapy.elsclient - INFO - Module loaded.
2024-09-27 23:40:23,032 - elsapy.elsentity - INFO - Module loaded.
2024-09-27 23:40:23,033 - elsapy.utils - INFO - Module loaded.
2024-09-27 23:40:23,033 - elsapy.elsprofile - INFO - Module loaded.
2024-09-27 23:40:23,034 - elsapy.elsdoc - INFO - Module loaded.
2024-09-27 23:40:23,035 - elsapy.elssearch - INFO - Module loaded.
2024-09-27 23:41:13,888 - elsapy.elsclient - INFO - Module loaded.
2024-09-27 23:41:13,889 - elsapy.elsentity - INFO - Module loaded.
2024-09-27 23:41:13,890 - elsapy.utils - INFO - Module loaded.
2024-09-27 23:41:13,890 - elsapy.elsprofile - INFO - Module loaded.
2024-09-27 23:41:13,891 - elsapy.elsdoc - INFO - Module loaded.
2024-09-27 23:41:13,892 - elsapy.elssearch - INFO - Module loaded.
2024-09-27 23:48:33,502 - elsapy.elsclient - INFO - Module loaded.
2024-09-27 23:48:33,503 - elsapy.elsentity - INFO - Module loaded.
2024-09-27 23:48:33,504 - elsapy.utils - INFO - Module loaded.
2024-09-27 23:48:33,504 - elsapy.elsprofile - INFO - Module loaded.
2024-09-27 23:48:33,505 - elsapy.elsdoc - INFO - Module loaded.
2024-09-27 23:48:33,506 - elsapy.elssearch - INFO - Module loaded.
2024-09-27 23:52:55,882 - elsapy.elsclient - INFO - Module loaded.
2024-09-27 23:52:55,883 - elsapy.elsentity - INFO - Module loaded.
2024-09-27 23:52:55,884 - elsapy.utils - INFO - Module loaded.
2024-09-27 23:52:55,884 - elsapy.elsprofile - INFO - Module loaded.
2024-09-27 23:52:55,885 - elsapy.elsdoc - INFO - Module loaded.
2024-09-27 23:52:55,886 - elsapy.elssearch - INFO - Module loaded.
