2024-09-08 00:00:17,122 - elsapy.elsclient - INFO - Module loaded.
2024-09-08 00:00:17,124 - elsapy.elsentity - INFO - Module loaded.
2024-09-08 00:00:17,124 - elsapy.utils - INFO - Module loaded.
2024-09-08 00:00:17,125 - elsapy.elsprofile - INFO - Module loaded.
2024-09-08 00:00:17,125 - elsapy.elsdoc - INFO - Module loaded.
2024-09-08 00:00:17,126 - elsapy.elssearch - INFO - Module loaded.
2024-09-08 00:03:02,333 - elsapy.elsclient - INFO - Module loaded.
2024-09-08 00:03:02,334 - elsapy.elsentity - INFO - Module loaded.
2024-09-08 00:03:02,335 - elsapy.utils - INFO - Module loaded.
2024-09-08 00:03:02,335 - elsapy.elsprofile - INFO - Module loaded.
2024-09-08 00:03:02,336 - elsapy.elsdoc - INFO - Module loaded.
2024-09-08 00:03:02,338 - elsapy.elssearch - INFO - Module loaded.
2024-09-08 00:03:58,880 - elsapy.elsclient - INFO - Module loaded.
2024-09-08 00:03:58,881 - elsapy.elsentity - INFO - Module loaded.
2024-09-08 00:03:58,882 - elsapy.utils - INFO - Module loaded.
2024-09-08 00:03:58,882 - elsapy.elsprofile - INFO - Module loaded.
2024-09-08 00:03:58,883 - elsapy.elsdoc - INFO - Module loaded.
2024-09-08 00:03:58,884 - elsapy.elssearch - INFO - Module loaded.
2024-09-08 00:06:46,544 - elsapy.elsclient - INFO - Module loaded.
2024-09-08 00:06:46,545 - elsapy.elsentity - INFO - Module loaded.
2024-09-08 00:06:46,546 - elsapy.utils - INFO - Module loaded.
2024-09-08 00:06:46,546 - elsapy.elsprofile - INFO - Module loaded.
2024-09-08 00:06:46,547 - elsapy.elsdoc - INFO - Module loaded.
2024-09-08 00:06:46,548 - elsapy.elssearch - INFO - Module loaded.
2024-09-08 07:13:00,531 - elsapy.elsclient - INFO - Module loaded.
2024-09-08 07:13:00,532 - elsapy.elsentity - INFO - Module loaded.
2024-09-08 07:13:00,533 - elsapy.utils - INFO - Module loaded.
2024-09-08 07:13:00,533 - elsapy.elsprofile - INFO - Module loaded.
2024-09-08 07:13:00,534 - elsapy.elsdoc - INFO - Module loaded.
2024-09-08 07:13:00,535 - elsapy.elssearch - INFO - Module loaded.
2024-09-08 07:15:18,614 - elsapy.elsclient - INFO - Module loaded.
2024-09-08 07:15:18,615 - elsapy.elsentity - INFO - Module loaded.
2024-09-08 07:15:18,616 - elsapy.utils - INFO - Module loaded.
2024-09-08 07:15:18,616 - elsapy.elsprofile - INFO - Module loaded.
2024-09-08 07:15:18,617 - elsapy.elsdoc - INFO - Module loaded.
2024-09-08 07:15:18,617 - elsapy.elssearch - INFO - Module loaded.
2024-09-08 07:15:40,681 - elsapy.elsclient - INFO - Module loaded.
2024-09-08 07:15:40,683 - elsapy.elsentity - INFO - Module loaded.
2024-09-08 07:15:40,683 - elsapy.utils - INFO - Module loaded.
2024-09-08 07:15:40,684 - elsapy.elsprofile - INFO - Module loaded.
2024-09-08 07:15:40,684 - elsapy.elsdoc - INFO - Module loaded.
2024-09-08 07:15:40,685 - elsapy.elssearch - INFO - Module loaded.
2024-09-08 07:15:54,575 - elsapy.elsclient - INFO - Module loaded.
2024-09-08 07:15:54,576 - elsapy.elsentity - INFO - Module loaded.
2024-09-08 07:15:54,577 - elsapy.utils - INFO - Module loaded.
2024-09-08 07:15:54,577 - elsapy.elsprofile - INFO - Module loaded.
2024-09-08 07:15:54,578 - elsapy.elsdoc - INFO - Module loaded.
2024-09-08 07:15:54,579 - elsapy.elssearch - INFO - Module loaded.
2024-09-08 07:16:13,019 - elsapy.elsclient - INFO - Module loaded.
2024-09-08 07:16:13,020 - elsapy.elsentity - INFO - Module loaded.
2024-09-08 07:16:13,021 - elsapy.utils - INFO - Module loaded.
2024-09-08 07:16:13,021 - elsapy.elsprofile - INFO - Module loaded.
2024-09-08 07:16:13,022 - elsapy.elsdoc - INFO - Module loaded.
2024-09-08 07:16:13,022 - elsapy.elssearch - INFO - Module loaded.
2024-09-08 07:16:28,895 - elsapy.elsclient - INFO - Module loaded.
2024-09-08 07:16:28,896 - elsapy.elsentity - INFO - Module loaded.
2024-09-08 07:16:28,897 - elsapy.utils - INFO - Module loaded.
2024-09-08 07:16:28,897 - elsapy.elsprofile - INFO - Module loaded.
2024-09-08 07:16:28,898 - elsapy.elsdoc - INFO - Module loaded.
2024-09-08 07:16:28,899 - elsapy.elssearch - INFO - Module loaded.
2024-09-08 07:19:55,669 - elsapy.elsclient - INFO - Module loaded.
2024-09-08 07:19:55,670 - elsapy.elsentity - INFO - Module loaded.
2024-09-08 07:19:55,671 - elsapy.utils - INFO - Module loaded.
2024-09-08 07:19:55,671 - elsapy.elsprofile - INFO - Module loaded.
2024-09-08 07:19:55,672 - elsapy.elsdoc - INFO - Module loaded.
2024-09-08 07:19:55,673 - elsapy.elssearch - INFO - Module loaded.
2024-09-08 07:20:20,161 - elsapy.elsclient - INFO - Module loaded.
2024-09-08 07:20:20,162 - elsapy.elsentity - INFO - Module loaded.
2024-09-08 07:20:20,163 - elsapy.utils - INFO - Module loaded.
2024-09-08 07:20:20,163 - elsapy.elsprofile - INFO - Module loaded.
2024-09-08 07:20:20,164 - elsapy.elsdoc - INFO - Module loaded.
2024-09-08 07:20:20,164 - elsapy.elssearch - INFO - Module loaded.
2024-09-08 07:37:11,267 - elsapy.elsclient - INFO - Module loaded.
2024-09-08 07:37:11,268 - elsapy.elsentity - INFO - Module loaded.
2024-09-08 07:37:11,269 - elsapy.utils - INFO - Module loaded.
2024-09-08 07:37:11,269 - elsapy.elsprofile - INFO - Module loaded.
2024-09-08 07:37:11,270 - elsapy.elsdoc - INFO - Module loaded.
2024-09-08 07:37:11,271 - elsapy.elssearch - INFO - Module loaded.
2024-09-08 07:39:00,790 - elsapy.elsclient - INFO - Module loaded.
2024-09-08 07:39:00,791 - elsapy.elsentity - INFO - Module loaded.
2024-09-08 07:39:00,792 - elsapy.utils - INFO - Module loaded.
2024-09-08 07:39:00,792 - elsapy.elsprofile - INFO - Module loaded.
2024-09-08 07:39:00,793 - elsapy.elsdoc - INFO - Module loaded.
2024-09-08 07:39:00,794 - elsapy.elssearch - INFO - Module loaded.
2024-09-08 07:39:59,162 - elsapy.elsclient - INFO - Module loaded.
2024-09-08 07:39:59,163 - elsapy.elsentity - INFO - Module loaded.
2024-09-08 07:39:59,164 - elsapy.utils - INFO - Module loaded.
2024-09-08 07:39:59,164 - elsapy.elsprofile - INFO - Module loaded.
2024-09-08 07:39:59,165 - elsapy.elsdoc - INFO - Module loaded.
2024-09-08 07:39:59,166 - elsapy.elssearch - INFO - Module loaded.
2024-09-08 07:40:32,645 - elsapy.elsclient - INFO - Module loaded.
2024-09-08 07:40:32,647 - elsapy.elsentity - INFO - Module loaded.
2024-09-08 07:40:32,647 - elsapy.utils - INFO - Module loaded.
2024-09-08 07:40:32,648 - elsapy.elsprofile - INFO - Module loaded.
2024-09-08 07:40:32,648 - elsapy.elsdoc - INFO - Module loaded.
2024-09-08 07:40:32,649 - elsapy.elssearch - INFO - Module loaded.
2024-09-08 07:44:19,775 - elsapy.elsclient - INFO - Module loaded.
2024-09-08 07:44:19,776 - elsapy.elsentity - INFO - Module loaded.
2024-09-08 07:44:19,777 - elsapy.utils - INFO - Module loaded.
2024-09-08 07:44:19,777 - elsapy.elsprofile - INFO - Module loaded.
2024-09-08 07:44:19,778 - elsapy.elsdoc - INFO - Module loaded.
2024-09-08 07:44:19,778 - elsapy.elssearch - INFO - Module loaded.
2024-09-08 08:18:25,154 - elsapy.elsclient - INFO - Module loaded.
2024-09-08 08:18:25,155 - elsapy.elsentity - INFO - Module loaded.
2024-09-08 08:18:25,156 - elsapy.utils - INFO - Module loaded.
2024-09-08 08:18:25,156 - elsapy.elsprofile - INFO - Module loaded.
2024-09-08 08:18:25,157 - elsapy.elsdoc - INFO - Module loaded.
2024-09-08 08:18:25,158 - elsapy.elssearch - INFO - Module loaded.
2024-09-08 08:34:42,021 - elsapy.elsclient - INFO - Module loaded.
2024-09-08 08:34:42,022 - elsapy.elsentity - INFO - Module loaded.
2024-09-08 08:34:42,023 - elsapy.utils - INFO - Module loaded.
2024-09-08 08:34:42,023 - elsapy.elsprofile - INFO - Module loaded.
2024-09-08 08:34:42,024 - elsapy.elsdoc - INFO - Module loaded.
2024-09-08 08:34:42,024 - elsapy.elssearch - INFO - Module loaded.
2024-09-08 08:35:09,026 - elsapy.elsclient - INFO - Module loaded.
2024-09-08 08:35:09,027 - elsapy.elsentity - INFO - Module loaded.
2024-09-08 08:35:09,028 - elsapy.utils - INFO - Module loaded.
2024-09-08 08:35:09,028 - elsapy.elsprofile - INFO - Module loaded.
2024-09-08 08:35:09,029 - elsapy.elsdoc - INFO - Module loaded.
2024-09-08 08:35:09,029 - elsapy.elssearch - INFO - Module loaded.
2024-09-08 08:35:45,040 - elsapy.elsclient - INFO - Module loaded.
2024-09-08 08:35:45,041 - elsapy.elsentity - INFO - Module loaded.
2024-09-08 08:35:45,041 - elsapy.utils - INFO - Module loaded.
2024-09-08 08:35:45,042 - elsapy.elsprofile - INFO - Module loaded.
2024-09-08 08:35:45,042 - elsapy.elsdoc - INFO - Module loaded.
2024-09-08 08:35:45,043 - elsapy.elssearch - INFO - Module loaded.
2024-09-08 08:38:34,678 - elsapy.elsclient - INFO - Module loaded.
2024-09-08 08:38:34,679 - elsapy.elsentity - INFO - Module loaded.
2024-09-08 08:38:34,680 - elsapy.utils - INFO - Module loaded.
2024-09-08 08:38:34,680 - elsapy.elsprofile - INFO - Module loaded.
2024-09-08 08:38:34,681 - elsapy.elsdoc - INFO - Module loaded.
2024-09-08 08:38:34,682 - elsapy.elssearch - INFO - Module loaded.
2024-09-08 08:39:01,211 - elsapy.elsclient - INFO - Module loaded.
2024-09-08 08:39:01,212 - elsapy.elsentity - INFO - Module loaded.
2024-09-08 08:39:01,213 - elsapy.utils - INFO - Module loaded.
2024-09-08 08:39:01,213 - elsapy.elsprofile - INFO - Module loaded.
2024-09-08 08:39:01,214 - elsapy.elsdoc - INFO - Module loaded.
2024-09-08 08:39:01,214 - elsapy.elssearch - INFO - Module loaded.
2024-09-08 08:40:02,143 - elsapy.elsclient - INFO - Module loaded.
2024-09-08 08:40:02,144 - elsapy.elsentity - INFO - Module loaded.
2024-09-08 08:40:02,145 - elsapy.utils - INFO - Module loaded.
2024-09-08 08:40:02,145 - elsapy.elsprofile - INFO - Module loaded.
2024-09-08 08:40:02,146 - elsapy.elsdoc - INFO - Module loaded.
2024-09-08 08:40:02,147 - elsapy.elssearch - INFO - Module loaded.
2024-09-08 08:54:32,452 - elsapy.elsclient - INFO - Module loaded.
2024-09-08 08:54:32,453 - elsapy.elsentity - INFO - Module loaded.
2024-09-08 08:54:32,454 - elsapy.utils - INFO - Module loaded.
2024-09-08 08:54:32,454 - elsapy.elsprofile - INFO - Module loaded.
2024-09-08 08:54:32,455 - elsapy.elsdoc - INFO - Module loaded.
2024-09-08 08:54:32,456 - elsapy.elssearch - INFO - Module loaded.
2024-09-08 08:55:12,357 - elsapy.elsclient - INFO - Module loaded.
2024-09-08 08:55:12,358 - elsapy.elsentity - INFO - Module loaded.
2024-09-08 08:55:12,358 - elsapy.utils - INFO - Module loaded.
2024-09-08 08:55:12,359 - elsapy.elsprofile - INFO - Module loaded.
2024-09-08 08:55:12,359 - elsapy.elsdoc - INFO - Module loaded.
2024-09-08 08:55:12,360 - elsapy.elssearch - INFO - Module loaded.
2024-09-08 09:03:33,022 - elsapy.elsclient - INFO - Module loaded.
2024-09-08 09:03:33,023 - elsapy.elsentity - INFO - Module loaded.
2024-09-08 09:03:33,024 - elsapy.utils - INFO - Module loaded.
2024-09-08 09:03:33,024 - elsapy.elsprofile - INFO - Module loaded.
2024-09-08 09:03:33,025 - elsapy.elsdoc - INFO - Module loaded.
2024-09-08 09:03:33,025 - elsapy.elssearch - INFO - Module loaded.
2024-09-08 09:05:07,747 - elsapy.elsclient - INFO - Module loaded.
2024-09-08 09:05:07,748 - elsapy.elsentity - INFO - Module loaded.
2024-09-08 09:05:07,749 - elsapy.utils - INFO - Module loaded.
2024-09-08 09:05:07,749 - elsapy.elsprofile - INFO - Module loaded.
2024-09-08 09:05:07,750 - elsapy.elsdoc - INFO - Module loaded.
2024-09-08 09:05:07,750 - elsapy.elssearch - INFO - Module loaded.
2024-09-08 09:06:36,174 - elsapy.elsclient - INFO - Module loaded.
2024-09-08 09:06:36,175 - elsapy.elsentity - INFO - Module loaded.
2024-09-08 09:06:36,176 - elsapy.utils - INFO - Module loaded.
2024-09-08 09:06:36,176 - elsapy.elsprofile - INFO - Module loaded.
2024-09-08 09:06:36,177 - elsapy.elsdoc - INFO - Module loaded.
2024-09-08 09:06:36,177 - elsapy.elssearch - INFO - Module loaded.
2024-09-08 09:09:37,237 - elsapy.elsclient - INFO - Module loaded.
2024-09-08 09:09:37,239 - elsapy.elsentity - INFO - Module loaded.
2024-09-08 09:09:37,239 - elsapy.utils - INFO - Module loaded.
2024-09-08 09:09:37,240 - elsapy.elsprofile - INFO - Module loaded.
2024-09-08 09:09:37,240 - elsapy.elsdoc - INFO - Module loaded.
2024-09-08 09:09:37,241 - elsapy.elssearch - INFO - Module loaded.
2024-09-08 09:15:25,175 - elsapy.elsclient - INFO - Module loaded.
2024-09-08 09:15:25,176 - elsapy.elsentity - INFO - Module loaded.
2024-09-08 09:15:25,177 - elsapy.utils - INFO - Module loaded.
2024-09-08 09:15:25,177 - elsapy.elsprofile - INFO - Module loaded.
2024-09-08 09:15:25,178 - elsapy.elsdoc - INFO - Module loaded.
2024-09-08 09:15:25,178 - elsapy.elssearch - INFO - Module loaded.
2024-09-08 09:15:56,997 - elsapy.elsclient - INFO - Module loaded.
2024-09-08 09:15:56,998 - elsapy.elsentity - INFO - Module loaded.
2024-09-08 09:15:56,999 - elsapy.utils - INFO - Module loaded.
2024-09-08 09:15:56,999 - elsapy.elsprofile - INFO - Module loaded.
2024-09-08 09:15:57,000 - elsapy.elsdoc - INFO - Module loaded.
2024-09-08 09:15:57,000 - elsapy.elssearch - INFO - Module loaded.
2024-09-08 09:16:58,324 - elsapy.elsclient - INFO - Module loaded.
2024-09-08 09:16:58,326 - elsapy.elsentity - INFO - Module loaded.
2024-09-08 09:16:58,327 - elsapy.utils - INFO - Module loaded.
2024-09-08 09:16:58,327 - elsapy.elsprofile - INFO - Module loaded.
2024-09-08 09:16:58,328 - elsapy.elsdoc - INFO - Module loaded.
2024-09-08 09:16:58,328 - elsapy.elssearch - INFO - Module loaded.
2024-09-08 09:17:24,712 - elsapy.elsclient - INFO - Module loaded.
2024-09-08 09:17:24,713 - elsapy.elsentity - INFO - Module loaded.
2024-09-08 09:17:24,714 - elsapy.utils - INFO - Module loaded.
2024-09-08 09:17:24,714 - elsapy.elsprofile - INFO - Module loaded.
2024-09-08 09:17:24,715 - elsapy.elsdoc - INFO - Module loaded.
2024-09-08 09:17:24,716 - elsapy.elssearch - INFO - Module loaded.
2024-09-08 09:18:48,183 - elsapy.elsclient - INFO - Module loaded.
2024-09-08 09:18:48,184 - elsapy.elsentity - INFO - Module loaded.
2024-09-08 09:18:48,185 - elsapy.utils - INFO - Module loaded.
2024-09-08 09:18:48,185 - elsapy.elsprofile - INFO - Module loaded.
2024-09-08 09:18:48,186 - elsapy.elsdoc - INFO - Module loaded.
2024-09-08 09:18:48,186 - elsapy.elssearch - INFO - Module loaded.
2024-09-08 09:19:07,549 - elsapy.elsclient - INFO - Module loaded.
2024-09-08 09:19:07,550 - elsapy.elsentity - INFO - Module loaded.
2024-09-08 09:19:07,550 - elsapy.utils - INFO - Module loaded.
2024-09-08 09:19:07,551 - elsapy.elsprofile - INFO - Module loaded.
2024-09-08 09:19:07,552 - elsapy.elsdoc - INFO - Module loaded.
2024-09-08 09:19:07,552 - elsapy.elssearch - INFO - Module loaded.
2024-09-08 09:19:50,185 - elsapy.elsclient - INFO - Module loaded.
2024-09-08 09:19:50,186 - elsapy.elsentity - INFO - Module loaded.
2024-09-08 09:19:50,187 - elsapy.utils - INFO - Module loaded.
2024-09-08 09:19:50,187 - elsapy.elsprofile - INFO - Module loaded.
2024-09-08 09:19:50,188 - elsapy.elsdoc - INFO - Module loaded.
2024-09-08 09:19:50,189 - elsapy.elssearch - INFO - Module loaded.
2024-09-08 09:20:02,673 - elsapy.elsclient - INFO - Module loaded.
2024-09-08 09:20:02,674 - elsapy.elsentity - INFO - Module loaded.
2024-09-08 09:20:02,675 - elsapy.utils - INFO - Module loaded.
2024-09-08 09:20:02,675 - elsapy.elsprofile - INFO - Module loaded.
2024-09-08 09:20:02,676 - elsapy.elsdoc - INFO - Module loaded.
2024-09-08 09:20:02,677 - elsapy.elssearch - INFO - Module loaded.
2024-09-08 09:22:18,269 - elsapy.elsclient - INFO - Module loaded.
2024-09-08 09:22:18,270 - elsapy.elsentity - INFO - Module loaded.
2024-09-08 09:22:18,271 - elsapy.utils - INFO - Module loaded.
2024-09-08 09:22:18,271 - elsapy.elsprofile - INFO - Module loaded.
2024-09-08 09:22:18,272 - elsapy.elsdoc - INFO - Module loaded.
2024-09-08 09:22:18,273 - elsapy.elssearch - INFO - Module loaded.
2024-09-08 09:22:37,265 - elsapy.elsclient - INFO - Module loaded.
2024-09-08 09:22:37,266 - elsapy.elsentity - INFO - Module loaded.
2024-09-08 09:22:37,266 - elsapy.utils - INFO - Module loaded.
2024-09-08 09:22:37,267 - elsapy.elsprofile - INFO - Module loaded.
2024-09-08 09:22:37,267 - elsapy.elsdoc - INFO - Module loaded.
2024-09-08 09:22:37,268 - elsapy.elssearch - INFO - Module loaded.
2024-09-08 10:53:42,821 - elsapy.elsclient - INFO - Module loaded.
2024-09-08 10:53:42,822 - elsapy.elsentity - INFO - Module loaded.
2024-09-08 10:53:42,823 - elsapy.utils - INFO - Module loaded.
2024-09-08 10:53:42,823 - elsapy.elsprofile - INFO - Module loaded.
2024-09-08 10:53:42,824 - elsapy.elsdoc - INFO - Module loaded.
2024-09-08 10:53:42,825 - elsapy.elssearch - INFO - Module loaded.
2024-09-08 10:54:40,807 - elsapy.elsclient - INFO - Module loaded.
2024-09-08 10:54:40,808 - elsapy.elsentity - INFO - Module loaded.
2024-09-08 10:54:40,809 - elsapy.utils - INFO - Module loaded.
2024-09-08 10:54:40,809 - elsapy.elsprofile - INFO - Module loaded.
2024-09-08 10:54:40,810 - elsapy.elsdoc - INFO - Module loaded.
2024-09-08 10:54:40,811 - elsapy.elssearch - INFO - Module loaded.
2024-09-08 10:57:25,410 - elsapy.elsclient - INFO - Module loaded.
2024-09-08 10:57:25,411 - elsapy.elsentity - INFO - Module loaded.
2024-09-08 10:57:25,412 - elsapy.utils - INFO - Module loaded.
2024-09-08 10:57:25,412 - elsapy.elsprofile - INFO - Module loaded.
2024-09-08 10:57:25,413 - elsapy.elsdoc - INFO - Module loaded.
2024-09-08 10:57:25,413 - elsapy.elssearch - INFO - Module loaded.
2024-09-08 10:59:46,137 - elsapy.elsclient - INFO - Module loaded.
2024-09-08 10:59:46,138 - elsapy.elsentity - INFO - Module loaded.
2024-09-08 10:59:46,138 - elsapy.utils - INFO - Module loaded.
2024-09-08 10:59:46,139 - elsapy.elsprofile - INFO - Module loaded.
2024-09-08 10:59:46,139 - elsapy.elsdoc - INFO - Module loaded.
2024-09-08 10:59:46,140 - elsapy.elssearch - INFO - Module loaded.
2024-09-08 11:00:27,245 - elsapy.elsclient - INFO - Module loaded.
2024-09-08 11:00:27,246 - elsapy.elsentity - INFO - Module loaded.
2024-09-08 11:00:27,246 - elsapy.utils - INFO - Module loaded.
2024-09-08 11:00:27,247 - elsapy.elsprofile - INFO - Module loaded.
2024-09-08 11:00:27,248 - elsapy.elsdoc - INFO - Module loaded.
2024-09-08 11:00:27,248 - elsapy.elssearch - INFO - Module loaded.
2024-09-08 11:02:23,975 - elsapy.elsclient - INFO - Module loaded.
2024-09-08 11:02:23,976 - elsapy.elsentity - INFO - Module loaded.
2024-09-08 11:02:23,977 - elsapy.utils - INFO - Module loaded.
2024-09-08 11:02:23,977 - elsapy.elsprofile - INFO - Module loaded.
2024-09-08 11:02:23,978 - elsapy.elsdoc - INFO - Module loaded.
2024-09-08 11:02:23,979 - elsapy.elssearch - INFO - Module loaded.
2024-09-08 11:07:18,757 - elsapy.elsclient - INFO - Module loaded.
2024-09-08 11:07:18,759 - elsapy.elsentity - INFO - Module loaded.
2024-09-08 11:07:18,759 - elsapy.utils - INFO - Module loaded.
2024-09-08 11:07:18,760 - elsapy.elsprofile - INFO - Module loaded.
2024-09-08 11:07:18,760 - elsapy.elsdoc - INFO - Module loaded.
2024-09-08 11:07:18,761 - elsapy.elssearch - INFO - Module loaded.
2024-09-08 11:08:53,180 - elsapy.elsclient - INFO - Module loaded.
2024-09-08 11:08:53,181 - elsapy.elsentity - INFO - Module loaded.
2024-09-08 11:08:53,182 - elsapy.utils - INFO - Module loaded.
2024-09-08 11:08:53,182 - elsapy.elsprofile - INFO - Module loaded.
2024-09-08 11:08:53,183 - elsapy.elsdoc - INFO - Module loaded.
2024-09-08 11:08:53,184 - elsapy.elssearch - INFO - Module loaded.
2024-09-08 11:10:00,197 - elsapy.elsclient - INFO - Module loaded.
2024-09-08 11:10:00,198 - elsapy.elsentity - INFO - Module loaded.
2024-09-08 11:10:00,199 - elsapy.utils - INFO - Module loaded.
2024-09-08 11:10:00,199 - elsapy.elsprofile - INFO - Module loaded.
2024-09-08 11:10:00,200 - elsapy.elsdoc - INFO - Module loaded.
2024-09-08 11:10:00,201 - elsapy.elssearch - INFO - Module loaded.
2024-09-08 11:10:23,948 - elsapy.elsclient - INFO - Module loaded.
2024-09-08 11:10:23,949 - elsapy.elsentity - INFO - Module loaded.
2024-09-08 11:10:23,950 - elsapy.utils - INFO - Module loaded.
2024-09-08 11:10:23,950 - elsapy.elsprofile - INFO - Module loaded.
2024-09-08 11:10:23,951 - elsapy.elsdoc - INFO - Module loaded.
2024-09-08 11:10:23,952 - elsapy.elssearch - INFO - Module loaded.
2024-09-08 11:11:43,911 - elsapy.elsclient - INFO - Module loaded.
2024-09-08 11:11:43,912 - elsapy.elsentity - INFO - Module loaded.
2024-09-08 11:11:43,913 - elsapy.utils - INFO - Module loaded.
2024-09-08 11:11:43,913 - elsapy.elsprofile - INFO - Module loaded.
2024-09-08 11:11:43,914 - elsapy.elsdoc - INFO - Module loaded.
2024-09-08 11:11:43,914 - elsapy.elssearch - INFO - Module loaded.
2024-09-08 11:12:29,191 - elsapy.elsclient - INFO - Module loaded.
2024-09-08 11:12:29,192 - elsapy.elsentity - INFO - Module loaded.
2024-09-08 11:12:29,193 - elsapy.utils - INFO - Module loaded.
2024-09-08 11:12:29,193 - elsapy.elsprofile - INFO - Module loaded.
2024-09-08 11:12:29,194 - elsapy.elsdoc - INFO - Module loaded.
2024-09-08 11:12:29,195 - elsapy.elssearch - INFO - Module loaded.
2024-09-08 11:13:17,590 - elsapy.elsclient - INFO - Module loaded.
2024-09-08 11:13:17,591 - elsapy.elsentity - INFO - Module loaded.
2024-09-08 11:13:17,592 - elsapy.utils - INFO - Module loaded.
2024-09-08 11:13:17,592 - elsapy.elsprofile - INFO - Module loaded.
2024-09-08 11:13:17,593 - elsapy.elsdoc - INFO - Module loaded.
2024-09-08 11:13:17,594 - elsapy.elssearch - INFO - Module loaded.
2024-09-08 11:14:41,760 - elsapy.elsclient - INFO - Module loaded.
2024-09-08 11:14:41,761 - elsapy.elsentity - INFO - Module loaded.
2024-09-08 11:14:41,761 - elsapy.utils - INFO - Module loaded.
2024-09-08 11:14:41,762 - elsapy.elsprofile - INFO - Module loaded.
2024-09-08 11:14:41,762 - elsapy.elsdoc - INFO - Module loaded.
2024-09-08 11:14:41,763 - elsapy.elssearch - INFO - Module loaded.
2024-09-08 11:15:32,868 - elsapy.elsclient - INFO - Module loaded.
2024-09-08 11:15:32,869 - elsapy.elsentity - INFO - Module loaded.
2024-09-08 11:15:32,870 - elsapy.utils - INFO - Module loaded.
2024-09-08 11:15:32,870 - elsapy.elsprofile - INFO - Module loaded.
2024-09-08 11:15:32,871 - elsapy.elsdoc - INFO - Module loaded.
2024-09-08 11:15:32,872 - elsapy.elssearch - INFO - Module loaded.
2024-09-08 11:15:59,825 - elsapy.elsclient - INFO - Module loaded.
2024-09-08 11:15:59,826 - elsapy.elsentity - INFO - Module loaded.
2024-09-08 11:15:59,827 - elsapy.utils - INFO - Module loaded.
2024-09-08 11:15:59,827 - elsapy.elsprofile - INFO - Module loaded.
2024-09-08 11:15:59,828 - elsapy.elsdoc - INFO - Module loaded.
2024-09-08 11:15:59,829 - elsapy.elssearch - INFO - Module loaded.
2024-09-08 11:16:36,432 - elsapy.elsclient - INFO - Module loaded.
2024-09-08 11:16:36,433 - elsapy.elsentity - INFO - Module loaded.
2024-09-08 11:16:36,433 - elsapy.utils - INFO - Module loaded.
2024-09-08 11:16:36,434 - elsapy.elsprofile - INFO - Module loaded.
2024-09-08 11:16:36,434 - elsapy.elsdoc - INFO - Module loaded.
2024-09-08 11:16:36,435 - elsapy.elssearch - INFO - Module loaded.
2024-09-08 11:17:31,179 - elsapy.elsclient - INFO - Module loaded.
2024-09-08 11:17:31,180 - elsapy.elsentity - INFO - Module loaded.
2024-09-08 11:17:31,181 - elsapy.utils - INFO - Module loaded.
2024-09-08 11:17:31,181 - elsapy.elsprofile - INFO - Module loaded.
2024-09-08 11:17:31,182 - elsapy.elsdoc - INFO - Module loaded.
2024-09-08 11:17:31,183 - elsapy.elssearch - INFO - Module loaded.
2024-09-08 11:21:42,819 - elsapy.elsclient - INFO - Module loaded.
2024-09-08 11:21:42,820 - elsapy.elsentity - INFO - Module loaded.
2024-09-08 11:21:42,821 - elsapy.utils - INFO - Module loaded.
2024-09-08 11:21:42,821 - elsapy.elsprofile - INFO - Module loaded.
2024-09-08 11:21:42,822 - elsapy.elsdoc - INFO - Module loaded.
2024-09-08 11:21:42,823 - elsapy.elssearch - INFO - Module loaded.
2024-09-08 11:23:14,029 - elsapy.elsclient - INFO - Module loaded.
2024-09-08 11:23:14,030 - elsapy.elsentity - INFO - Module loaded.
2024-09-08 11:23:14,031 - elsapy.utils - INFO - Module loaded.
2024-09-08 11:23:14,031 - elsapy.elsprofile - INFO - Module loaded.
2024-09-08 11:23:14,032 - elsapy.elsdoc - INFO - Module loaded.
2024-09-08 11:23:14,032 - elsapy.elssearch - INFO - Module loaded.
2024-09-08 11:26:17,274 - elsapy.elsclient - INFO - Module loaded.
2024-09-08 11:26:17,276 - elsapy.elsentity - INFO - Module loaded.
2024-09-08 11:26:17,276 - elsapy.utils - INFO - Module loaded.
2024-09-08 11:26:17,277 - elsapy.elsprofile - INFO - Module loaded.
2024-09-08 11:26:17,278 - elsapy.elsdoc - INFO - Module loaded.
2024-09-08 11:26:17,278 - elsapy.elssearch - INFO - Module loaded.
2024-09-08 11:28:51,094 - elsapy.elsclient - INFO - Module loaded.
2024-09-08 11:28:51,095 - elsapy.elsentity - INFO - Module loaded.
2024-09-08 11:28:51,096 - elsapy.utils - INFO - Module loaded.
2024-09-08 11:28:51,096 - elsapy.elsprofile - INFO - Module loaded.
2024-09-08 11:28:51,097 - elsapy.elsdoc - INFO - Module loaded.
2024-09-08 11:28:51,098 - elsapy.elssearch - INFO - Module loaded.
2024-09-08 11:30:07,468 - elsapy.elsclient - INFO - Module loaded.
2024-09-08 11:30:07,469 - elsapy.elsentity - INFO - Module loaded.
2024-09-08 11:30:07,470 - elsapy.utils - INFO - Module loaded.
2024-09-08 11:30:07,470 - elsapy.elsprofile - INFO - Module loaded.
2024-09-08 11:30:07,471 - elsapy.elsdoc - INFO - Module loaded.
2024-09-08 11:30:07,472 - elsapy.elssearch - INFO - Module loaded.
2024-09-08 11:30:46,248 - elsapy.elsclient - INFO - Module loaded.
2024-09-08 11:30:46,250 - elsapy.elsentity - INFO - Module loaded.
2024-09-08 11:30:46,250 - elsapy.utils - INFO - Module loaded.
2024-09-08 11:30:46,251 - elsapy.elsprofile - INFO - Module loaded.
2024-09-08 11:30:46,251 - elsapy.elsdoc - INFO - Module loaded.
2024-09-08 11:30:46,252 - elsapy.elssearch - INFO - Module loaded.
2024-09-08 11:31:34,282 - elsapy.elsclient - INFO - Module loaded.
2024-09-08 11:31:34,283 - elsapy.elsentity - INFO - Module loaded.
2024-09-08 11:31:34,284 - elsapy.utils - INFO - Module loaded.
2024-09-08 11:31:34,284 - elsapy.elsprofile - INFO - Module loaded.
2024-09-08 11:31:34,285 - elsapy.elsdoc - INFO - Module loaded.
2024-09-08 11:31:34,286 - elsapy.elssearch - INFO - Module loaded.
2024-09-08 11:33:39,665 - elsapy.elsclient - INFO - Module loaded.
2024-09-08 11:33:39,666 - elsapy.elsentity - INFO - Module loaded.
2024-09-08 11:33:39,667 - elsapy.utils - INFO - Module loaded.
2024-09-08 11:33:39,667 - elsapy.elsprofile - INFO - Module loaded.
2024-09-08 11:33:39,668 - elsapy.elsdoc - INFO - Module loaded.
2024-09-08 11:33:39,668 - elsapy.elssearch - INFO - Module loaded.
2024-09-08 11:34:35,932 - elsapy.elsclient - INFO - Module loaded.
2024-09-08 11:34:35,933 - elsapy.elsentity - INFO - Module loaded.
2024-09-08 11:34:35,934 - elsapy.utils - INFO - Module loaded.
2024-09-08 11:34:35,934 - elsapy.elsprofile - INFO - Module loaded.
2024-09-08 11:34:35,935 - elsapy.elsdoc - INFO - Module loaded.
2024-09-08 11:34:35,936 - elsapy.elssearch - INFO - Module loaded.
2024-09-08 11:37:37,161 - elsapy.elsclient - INFO - Module loaded.
2024-09-08 11:37:37,162 - elsapy.elsentity - INFO - Module loaded.
2024-09-08 11:37:37,163 - elsapy.utils - INFO - Module loaded.
2024-09-08 11:37:37,163 - elsapy.elsprofile - INFO - Module loaded.
2024-09-08 11:37:37,164 - elsapy.elsdoc - INFO - Module loaded.
2024-09-08 11:37:37,165 - elsapy.elssearch - INFO - Module loaded.
2024-09-08 11:40:32,486 - elsapy.elsclient - INFO - Module loaded.
2024-09-08 11:40:32,487 - elsapy.elsentity - INFO - Module loaded.
2024-09-08 11:40:32,488 - elsapy.utils - INFO - Module loaded.
2024-09-08 11:40:32,488 - elsapy.elsprofile - INFO - Module loaded.
2024-09-08 11:40:32,489 - elsapy.elsdoc - INFO - Module loaded.
2024-09-08 11:40:32,490 - elsapy.elssearch - INFO - Module loaded.
2024-09-08 11:42:18,447 - elsapy.elsclient - INFO - Module loaded.
2024-09-08 11:42:18,448 - elsapy.elsentity - INFO - Module loaded.
2024-09-08 11:42:18,448 - elsapy.utils - INFO - Module loaded.
2024-09-08 11:42:18,449 - elsapy.elsprofile - INFO - Module loaded.
2024-09-08 11:42:18,449 - elsapy.elsdoc - INFO - Module loaded.
2024-09-08 11:42:18,450 - elsapy.elssearch - INFO - Module loaded.
2024-09-08 11:44:52,227 - elsapy.elsclient - INFO - Module loaded.
2024-09-08 11:44:52,228 - elsapy.elsentity - INFO - Module loaded.
2024-09-08 11:44:52,229 - elsapy.utils - INFO - Module loaded.
2024-09-08 11:44:52,229 - elsapy.elsprofile - INFO - Module loaded.
2024-09-08 11:44:52,230 - elsapy.elsdoc - INFO - Module loaded.
2024-09-08 11:44:52,230 - elsapy.elssearch - INFO - Module loaded.
2024-09-08 11:46:24,781 - elsapy.elsclient - INFO - Module loaded.
2024-09-08 11:46:24,782 - elsapy.elsentity - INFO - Module loaded.
2024-09-08 11:46:24,783 - elsapy.utils - INFO - Module loaded.
2024-09-08 11:46:24,783 - elsapy.elsprofile - INFO - Module loaded.
2024-09-08 11:46:24,784 - elsapy.elsdoc - INFO - Module loaded.
2024-09-08 11:46:24,785 - elsapy.elssearch - INFO - Module loaded.
2024-09-08 11:47:16,559 - elsapy.elsclient - INFO - Module loaded.
2024-09-08 11:47:16,560 - elsapy.elsentity - INFO - Module loaded.
2024-09-08 11:47:16,561 - elsapy.utils - INFO - Module loaded.
2024-09-08 11:47:16,561 - elsapy.elsprofile - INFO - Module loaded.
2024-09-08 11:47:16,562 - elsapy.elsdoc - INFO - Module loaded.
2024-09-08 11:47:16,562 - elsapy.elssearch - INFO - Module loaded.
2024-09-08 11:48:46,851 - elsapy.elsclient - INFO - Module loaded.
2024-09-08 11:48:46,852 - elsapy.elsentity - INFO - Module loaded.
2024-09-08 11:48:46,853 - elsapy.utils - INFO - Module loaded.
2024-09-08 11:48:46,853 - elsapy.elsprofile - INFO - Module loaded.
2024-09-08 11:48:46,854 - elsapy.elsdoc - INFO - Module loaded.
2024-09-08 11:48:46,855 - elsapy.elssearch - INFO - Module loaded.
2024-09-08 11:49:55,570 - elsapy.elsclient - INFO - Module loaded.
2024-09-08 11:49:55,571 - elsapy.elsentity - INFO - Module loaded.
2024-09-08 11:49:55,572 - elsapy.utils - INFO - Module loaded.
2024-09-08 11:49:55,572 - elsapy.elsprofile - INFO - Module loaded.
2024-09-08 11:49:55,573 - elsapy.elsdoc - INFO - Module loaded.
2024-09-08 11:49:55,573 - elsapy.elssearch - INFO - Module loaded.
2024-09-08 11:52:16,926 - elsapy.elsclient - INFO - Module loaded.
2024-09-08 11:52:16,927 - elsapy.elsentity - INFO - Module loaded.
2024-09-08 11:52:16,927 - elsapy.utils - INFO - Module loaded.
2024-09-08 11:52:16,928 - elsapy.elsprofile - INFO - Module loaded.
2024-09-08 11:52:16,928 - elsapy.elsdoc - INFO - Module loaded.
2024-09-08 11:52:16,929 - elsapy.elssearch - INFO - Module loaded.
2024-09-08 11:57:02,696 - elsapy.elsclient - INFO - Module loaded.
2024-09-08 11:57:02,697 - elsapy.elsentity - INFO - Module loaded.
2024-09-08 11:57:02,697 - elsapy.utils - INFO - Module loaded.
2024-09-08 11:57:02,698 - elsapy.elsprofile - INFO - Module loaded.
2024-09-08 11:57:02,698 - elsapy.elsdoc - INFO - Module loaded.
2024-09-08 11:57:02,699 - elsapy.elssearch - INFO - Module loaded.
2024-09-08 12:03:39,115 - elsapy.elsclient - INFO - Module loaded.
2024-09-08 12:03:39,116 - elsapy.elsentity - INFO - Module loaded.
2024-09-08 12:03:39,117 - elsapy.utils - INFO - Module loaded.
2024-09-08 12:03:39,117 - elsapy.elsprofile - INFO - Module loaded.
2024-09-08 12:03:39,118 - elsapy.elsdoc - INFO - Module loaded.
2024-09-08 12:03:39,118 - elsapy.elssearch - INFO - Module loaded.
2024-09-08 12:24:04,090 - elsapy.elsclient - INFO - Module loaded.
2024-09-08 12:24:04,091 - elsapy.elsentity - INFO - Module loaded.
2024-09-08 12:24:04,092 - elsapy.utils - INFO - Module loaded.
2024-09-08 12:24:04,092 - elsapy.elsprofile - INFO - Module loaded.
2024-09-08 12:24:04,093 - elsapy.elsdoc - INFO - Module loaded.
2024-09-08 12:24:04,093 - elsapy.elssearch - INFO - Module loaded.
2024-09-08 12:31:13,222 - elsapy.elsclient - INFO - Module loaded.
2024-09-08 12:31:13,224 - elsapy.elsentity - INFO - Module loaded.
2024-09-08 12:31:13,224 - elsapy.utils - INFO - Module loaded.
2024-09-08 12:31:13,224 - elsapy.elsprofile - INFO - Module loaded.
2024-09-08 12:31:13,225 - elsapy.elsdoc - INFO - Module loaded.
2024-09-08 12:31:13,226 - elsapy.elssearch - INFO - Module loaded.
2024-09-08 12:32:07,966 - elsapy.elsclient - INFO - Module loaded.
2024-09-08 12:32:07,967 - elsapy.elsentity - INFO - Module loaded.
2024-09-08 12:32:07,967 - elsapy.utils - INFO - Module loaded.
2024-09-08 12:32:07,968 - elsapy.elsprofile - INFO - Module loaded.
2024-09-08 12:32:07,968 - elsapy.elsdoc - INFO - Module loaded.
2024-09-08 12:32:07,969 - elsapy.elssearch - INFO - Module loaded.
2024-09-08 12:35:18,514 - elsapy.elsclient - INFO - Module loaded.
2024-09-08 12:35:18,515 - elsapy.elsentity - INFO - Module loaded.
2024-09-08 12:35:18,516 - elsapy.utils - INFO - Module loaded.
2024-09-08 12:35:18,516 - elsapy.elsprofile - INFO - Module loaded.
2024-09-08 12:35:18,517 - elsapy.elsdoc - INFO - Module loaded.
2024-09-08 12:35:18,518 - elsapy.elssearch - INFO - Module loaded.
2024-09-08 12:38:32,225 - elsapy.elsclient - INFO - Module loaded.
2024-09-08 12:38:32,226 - elsapy.elsentity - INFO - Module loaded.
2024-09-08 12:38:32,227 - elsapy.utils - INFO - Module loaded.
2024-09-08 12:38:32,228 - elsapy.elsprofile - INFO - Module loaded.
2024-09-08 12:38:32,228 - elsapy.elsdoc - INFO - Module loaded.
2024-09-08 12:38:32,229 - elsapy.elssearch - INFO - Module loaded.
2024-09-08 13:25:57,833 - elsapy.elsclient - INFO - Module loaded.
2024-09-08 13:25:57,834 - elsapy.elsentity - INFO - Module loaded.
2024-09-08 13:25:57,835 - elsapy.utils - INFO - Module loaded.
2024-09-08 13:25:57,835 - elsapy.elsprofile - INFO - Module loaded.
2024-09-08 13:25:57,836 - elsapy.elsdoc - INFO - Module loaded.
2024-09-08 13:25:57,837 - elsapy.elssearch - INFO - Module loaded.
2024-09-08 13:36:00,422 - elsapy.elsclient - INFO - Module loaded.
2024-09-08 13:36:00,423 - elsapy.elsentity - INFO - Module loaded.
2024-09-08 13:36:00,424 - elsapy.utils - INFO - Module loaded.
2024-09-08 13:36:00,424 - elsapy.elsprofile - INFO - Module loaded.
2024-09-08 13:36:00,425 - elsapy.elsdoc - INFO - Module loaded.
2024-09-08 13:36:00,425 - elsapy.elssearch - INFO - Module loaded.
2024-09-08 13:37:47,676 - elsapy.elsclient - INFO - Module loaded.
2024-09-08 13:37:47,677 - elsapy.elsentity - INFO - Module loaded.
2024-09-08 13:37:47,678 - elsapy.utils - INFO - Module loaded.
2024-09-08 13:37:47,678 - elsapy.elsprofile - INFO - Module loaded.
2024-09-08 13:37:47,679 - elsapy.elsdoc - INFO - Module loaded.
2024-09-08 13:37:47,679 - elsapy.elssearch - INFO - Module loaded.
2024-09-08 13:46:25,888 - elsapy.elsclient - INFO - Module loaded.
2024-09-08 13:46:25,889 - elsapy.elsentity - INFO - Module loaded.
2024-09-08 13:46:25,890 - elsapy.utils - INFO - Module loaded.
2024-09-08 13:46:25,890 - elsapy.elsprofile - INFO - Module loaded.
2024-09-08 13:46:25,891 - elsapy.elsdoc - INFO - Module loaded.
2024-09-08 13:46:25,891 - elsapy.elssearch - INFO - Module loaded.
2024-09-08 14:51:46,542 - elsapy.elsclient - INFO - Module loaded.
2024-09-08 14:51:46,543 - elsapy.elsentity - INFO - Module loaded.
2024-09-08 14:51:46,543 - elsapy.utils - INFO - Module loaded.
2024-09-08 14:51:46,544 - elsapy.elsprofile - INFO - Module loaded.
2024-09-08 14:51:46,545 - elsapy.elsdoc - INFO - Module loaded.
2024-09-08 14:51:46,546 - elsapy.elssearch - INFO - Module loaded.
2024-09-08 15:01:20,099 - elsapy.elsclient - INFO - Module loaded.
2024-09-08 15:01:20,100 - elsapy.elsentity - INFO - Module loaded.
2024-09-08 15:01:20,101 - elsapy.utils - INFO - Module loaded.
2024-09-08 15:01:20,101 - elsapy.elsprofile - INFO - Module loaded.
2024-09-08 15:01:20,102 - elsapy.elsdoc - INFO - Module loaded.
2024-09-08 15:01:20,102 - elsapy.elssearch - INFO - Module loaded.
2024-09-08 15:12:57,343 - elsapy.elsclient - INFO - Module loaded.
2024-09-08 15:12:57,345 - elsapy.elsentity - INFO - Module loaded.
2024-09-08 15:12:57,345 - elsapy.utils - INFO - Module loaded.
2024-09-08 15:12:57,346 - elsapy.elsprofile - INFO - Module loaded.
2024-09-08 15:12:57,346 - elsapy.elsdoc - INFO - Module loaded.
2024-09-08 15:12:57,347 - elsapy.elssearch - INFO - Module loaded.
2024-09-08 15:27:46,607 - elsapy.elsclient - INFO - Module loaded.
2024-09-08 15:27:46,608 - elsapy.elsentity - INFO - Module loaded.
2024-09-08 15:27:46,609 - elsapy.utils - INFO - Module loaded.
2024-09-08 15:27:46,609 - elsapy.elsprofile - INFO - Module loaded.
2024-09-08 15:27:46,610 - elsapy.elsdoc - INFO - Module loaded.
2024-09-08 15:27:46,611 - elsapy.elssearch - INFO - Module loaded.
2024-09-08 15:41:52,644 - elsapy.elsclient - INFO - Module loaded.
2024-09-08 15:41:52,645 - elsapy.elsentity - INFO - Module loaded.
2024-09-08 15:41:52,645 - elsapy.utils - INFO - Module loaded.
2024-09-08 15:41:52,646 - elsapy.elsprofile - INFO - Module loaded.
2024-09-08 15:41:52,647 - elsapy.elsdoc - INFO - Module loaded.
2024-09-08 15:41:52,647 - elsapy.elssearch - INFO - Module loaded.
2024-09-08 15:43:21,060 - elsapy.elsclient - INFO - Module loaded.
2024-09-08 15:43:21,061 - elsapy.elsentity - INFO - Module loaded.
2024-09-08 15:43:21,061 - elsapy.utils - INFO - Module loaded.
2024-09-08 15:43:21,062 - elsapy.elsprofile - INFO - Module loaded.
2024-09-08 15:43:21,063 - elsapy.elsdoc - INFO - Module loaded.
2024-09-08 15:43:21,063 - elsapy.elssearch - INFO - Module loaded.
2024-09-08 15:47:44,594 - elsapy.elsclient - INFO - Module loaded.
2024-09-08 15:47:44,595 - elsapy.elsentity - INFO - Module loaded.
2024-09-08 15:47:44,596 - elsapy.utils - INFO - Module loaded.
2024-09-08 15:47:44,596 - elsapy.elsprofile - INFO - Module loaded.
2024-09-08 15:47:44,597 - elsapy.elsdoc - INFO - Module loaded.
2024-09-08 15:47:44,598 - elsapy.elssearch - INFO - Module loaded.
2024-09-08 15:55:57,207 - elsapy.elsclient - INFO - Module loaded.
2024-09-08 15:55:57,208 - elsapy.elsentity - INFO - Module loaded.
2024-09-08 15:55:57,209 - elsapy.utils - INFO - Module loaded.
2024-09-08 15:55:57,209 - elsapy.elsprofile - INFO - Module loaded.
2024-09-08 15:55:57,210 - elsapy.elsdoc - INFO - Module loaded.
2024-09-08 15:55:57,211 - elsapy.elssearch - INFO - Module loaded.
2024-09-08 15:56:47,660 - elsapy.elsclient - INFO - Module loaded.
2024-09-08 15:56:47,662 - elsapy.elsentity - INFO - Module loaded.
2024-09-08 15:56:47,662 - elsapy.utils - INFO - Module loaded.
2024-09-08 15:56:47,663 - elsapy.elsprofile - INFO - Module loaded.
2024-09-08 15:56:47,663 - elsapy.elsdoc - INFO - Module loaded.
2024-09-08 15:56:47,664 - elsapy.elssearch - INFO - Module loaded.
2024-09-08 15:58:49,728 - elsapy.elsclient - INFO - Module loaded.
2024-09-08 15:58:49,729 - elsapy.elsentity - INFO - Module loaded.
2024-09-08 15:58:49,730 - elsapy.utils - INFO - Module loaded.
2024-09-08 15:58:49,730 - elsapy.elsprofile - INFO - Module loaded.
2024-09-08 15:58:49,731 - elsapy.elsdoc - INFO - Module loaded.
2024-09-08 15:58:49,731 - elsapy.elssearch - INFO - Module loaded.
2024-09-08 16:00:33,416 - elsapy.elsclient - INFO - Module loaded.
2024-09-08 16:00:33,417 - elsapy.elsentity - INFO - Module loaded.
2024-09-08 16:00:33,418 - elsapy.utils - INFO - Module loaded.
2024-09-08 16:00:33,418 - elsapy.elsprofile - INFO - Module loaded.
2024-09-08 16:00:33,419 - elsapy.elsdoc - INFO - Module loaded.
2024-09-08 16:00:33,420 - elsapy.elssearch - INFO - Module loaded.
2024-09-08 16:00:59,094 - elsapy.elsclient - INFO - Module loaded.
2024-09-08 16:00:59,095 - elsapy.elsentity - INFO - Module loaded.
2024-09-08 16:00:59,096 - elsapy.utils - INFO - Module loaded.
2024-09-08 16:00:59,096 - elsapy.elsprofile - INFO - Module loaded.
2024-09-08 16:00:59,097 - elsapy.elsdoc - INFO - Module loaded.
2024-09-08 16:00:59,098 - elsapy.elssearch - INFO - Module loaded.
2024-09-08 16:02:18,212 - elsapy.elsclient - INFO - Module loaded.
2024-09-08 16:02:18,213 - elsapy.elsentity - INFO - Module loaded.
2024-09-08 16:02:18,214 - elsapy.utils - INFO - Module loaded.
2024-09-08 16:02:18,214 - elsapy.elsprofile - INFO - Module loaded.
2024-09-08 16:02:18,215 - elsapy.elsdoc - INFO - Module loaded.
2024-09-08 16:02:18,215 - elsapy.elssearch - INFO - Module loaded.
2024-09-08 16:11:26,749 - elsapy.elsclient - INFO - Module loaded.
2024-09-08 16:11:26,750 - elsapy.elsentity - INFO - Module loaded.
2024-09-08 16:11:26,751 - elsapy.utils - INFO - Module loaded.
2024-09-08 16:11:26,752 - elsapy.elsprofile - INFO - Module loaded.
2024-09-08 16:11:26,752 - elsapy.elsdoc - INFO - Module loaded.
2024-09-08 16:11:26,753 - elsapy.elssearch - INFO - Module loaded.
2024-09-08 16:16:38,302 - elsapy.elsclient - INFO - Module loaded.
2024-09-08 16:16:38,303 - elsapy.elsentity - INFO - Module loaded.
2024-09-08 16:16:38,304 - elsapy.utils - INFO - Module loaded.
2024-09-08 16:16:38,304 - elsapy.elsprofile - INFO - Module loaded.
2024-09-08 16:16:38,305 - elsapy.elsdoc - INFO - Module loaded.
2024-09-08 16:16:38,306 - elsapy.elssearch - INFO - Module loaded.
2024-09-08 16:19:52,316 - elsapy.elsclient - INFO - Module loaded.
2024-09-08 16:19:52,317 - elsapy.elsentity - INFO - Module loaded.
2024-09-08 16:19:52,318 - elsapy.utils - INFO - Module loaded.
2024-09-08 16:19:52,318 - elsapy.elsprofile - INFO - Module loaded.
2024-09-08 16:19:52,319 - elsapy.elsdoc - INFO - Module loaded.
2024-09-08 16:19:52,320 - elsapy.elssearch - INFO - Module loaded.
2024-09-08 16:25:31,627 - elsapy.elsclient - INFO - Module loaded.
2024-09-08 16:25:31,628 - elsapy.elsentity - INFO - Module loaded.
2024-09-08 16:25:31,629 - elsapy.utils - INFO - Module loaded.
2024-09-08 16:25:31,629 - elsapy.elsprofile - INFO - Module loaded.
2024-09-08 16:25:31,630 - elsapy.elsdoc - INFO - Module loaded.
2024-09-08 16:25:31,631 - elsapy.elssearch - INFO - Module loaded.
2024-09-08 16:26:49,366 - elsapy.elsclient - INFO - Module loaded.
2024-09-08 16:26:49,367 - elsapy.elsentity - INFO - Module loaded.
2024-09-08 16:26:49,368 - elsapy.utils - INFO - Module loaded.
2024-09-08 16:26:49,368 - elsapy.elsprofile - INFO - Module loaded.
2024-09-08 16:26:49,369 - elsapy.elsdoc - INFO - Module loaded.
2024-09-08 16:26:49,369 - elsapy.elssearch - INFO - Module loaded.
2024-09-08 16:27:31,422 - elsapy.elsclient - INFO - Module loaded.
2024-09-08 16:27:31,423 - elsapy.elsentity - INFO - Module loaded.
2024-09-08 16:27:31,424 - elsapy.utils - INFO - Module loaded.
2024-09-08 16:27:31,424 - elsapy.elsprofile - INFO - Module loaded.
2024-09-08 16:27:31,425 - elsapy.elsdoc - INFO - Module loaded.
2024-09-08 16:27:31,426 - elsapy.elssearch - INFO - Module loaded.
2024-09-08 16:28:24,009 - elsapy.elsclient - INFO - Module loaded.
2024-09-08 16:28:24,010 - elsapy.elsentity - INFO - Module loaded.
2024-09-08 16:28:24,011 - elsapy.utils - INFO - Module loaded.
2024-09-08 16:28:24,011 - elsapy.elsprofile - INFO - Module loaded.
2024-09-08 16:28:24,012 - elsapy.elsdoc - INFO - Module loaded.
2024-09-08 16:28:24,012 - elsapy.elssearch - INFO - Module loaded.
2024-09-08 16:33:28,977 - elsapy.elsclient - INFO - Module loaded.
2024-09-08 16:33:28,978 - elsapy.elsentity - INFO - Module loaded.
2024-09-08 16:33:28,979 - elsapy.utils - INFO - Module loaded.
2024-09-08 16:33:28,980 - elsapy.elsprofile - INFO - Module loaded.
2024-09-08 16:33:28,980 - elsapy.elsdoc - INFO - Module loaded.
2024-09-08 16:33:28,981 - elsapy.elssearch - INFO - Module loaded.
2024-09-08 16:34:01,822 - elsapy.elsclient - INFO - Module loaded.
2024-09-08 16:34:01,824 - elsapy.elsentity - INFO - Module loaded.
2024-09-08 16:34:01,824 - elsapy.utils - INFO - Module loaded.
2024-09-08 16:34:01,825 - elsapy.elsprofile - INFO - Module loaded.
2024-09-08 16:34:01,825 - elsapy.elsdoc - INFO - Module loaded.
2024-09-08 16:34:01,826 - elsapy.elssearch - INFO - Module loaded.
2024-09-08 16:34:42,127 - elsapy.elsclient - INFO - Module loaded.
2024-09-08 16:34:42,128 - elsapy.elsentity - INFO - Module loaded.
2024-09-08 16:34:42,129 - elsapy.utils - INFO - Module loaded.
2024-09-08 16:34:42,129 - elsapy.elsprofile - INFO - Module loaded.
2024-09-08 16:34:42,130 - elsapy.elsdoc - INFO - Module loaded.
2024-09-08 16:34:42,131 - elsapy.elssearch - INFO - Module loaded.
2024-09-08 16:36:42,226 - elsapy.elsclient - INFO - Module loaded.
2024-09-08 16:36:42,227 - elsapy.elsentity - INFO - Module loaded.
2024-09-08 16:36:42,228 - elsapy.utils - INFO - Module loaded.
2024-09-08 16:36:42,228 - elsapy.elsprofile - INFO - Module loaded.
2024-09-08 16:36:42,229 - elsapy.elsdoc - INFO - Module loaded.
2024-09-08 16:36:42,230 - elsapy.elssearch - INFO - Module loaded.
2024-09-08 16:38:36,736 - elsapy.elsclient - INFO - Module loaded.
2024-09-08 16:38:36,737 - elsapy.elsentity - INFO - Module loaded.
2024-09-08 16:38:36,738 - elsapy.utils - INFO - Module loaded.
2024-09-08 16:38:36,738 - elsapy.elsprofile - INFO - Module loaded.
2024-09-08 16:38:36,739 - elsapy.elsdoc - INFO - Module loaded.
2024-09-08 16:38:36,740 - elsapy.elssearch - INFO - Module loaded.
2024-09-08 16:39:47,705 - elsapy.elsclient - INFO - Module loaded.
2024-09-08 16:39:47,706 - elsapy.elsentity - INFO - Module loaded.
2024-09-08 16:39:47,707 - elsapy.utils - INFO - Module loaded.
2024-09-08 16:39:47,707 - elsapy.elsprofile - INFO - Module loaded.
2024-09-08 16:39:47,708 - elsapy.elsdoc - INFO - Module loaded.
2024-09-08 16:39:47,709 - elsapy.elssearch - INFO - Module loaded.
2024-09-08 16:48:42,275 - elsapy.elsclient - INFO - Module loaded.
2024-09-08 16:48:42,276 - elsapy.elsentity - INFO - Module loaded.
2024-09-08 16:48:42,276 - elsapy.utils - INFO - Module loaded.
2024-09-08 16:48:42,277 - elsapy.elsprofile - INFO - Module loaded.
2024-09-08 16:48:42,277 - elsapy.elsdoc - INFO - Module loaded.
2024-09-08 16:48:42,278 - elsapy.elssearch - INFO - Module loaded.
2024-09-08 16:50:37,817 - elsapy.elsclient - INFO - Module loaded.
2024-09-08 16:50:37,818 - elsapy.elsentity - INFO - Module loaded.
2024-09-08 16:50:37,819 - elsapy.utils - INFO - Module loaded.
2024-09-08 16:50:37,819 - elsapy.elsprofile - INFO - Module loaded.
2024-09-08 16:50:37,820 - elsapy.elsdoc - INFO - Module loaded.
2024-09-08 16:50:37,821 - elsapy.elssearch - INFO - Module loaded.
2024-09-08 16:55:01,129 - elsapy.elsclient - INFO - Module loaded.
2024-09-08 16:55:01,130 - elsapy.elsentity - INFO - Module loaded.
2024-09-08 16:55:01,131 - elsapy.utils - INFO - Module loaded.
2024-09-08 16:55:01,131 - elsapy.elsprofile - INFO - Module loaded.
2024-09-08 16:55:01,132 - elsapy.elsdoc - INFO - Module loaded.
2024-09-08 16:55:01,133 - elsapy.elssearch - INFO - Module loaded.
2024-09-08 17:02:51,164 - elsapy.elsclient - INFO - Module loaded.
2024-09-08 17:02:51,165 - elsapy.elsentity - INFO - Module loaded.
2024-09-08 17:02:51,166 - elsapy.utils - INFO - Module loaded.
2024-09-08 17:02:51,166 - elsapy.elsprofile - INFO - Module loaded.
2024-09-08 17:02:51,167 - elsapy.elsdoc - INFO - Module loaded.
2024-09-08 17:02:51,168 - elsapy.elssearch - INFO - Module loaded.
2024-09-08 17:06:10,539 - elsapy.elsclient - INFO - Module loaded.
2024-09-08 17:06:10,541 - elsapy.elsentity - INFO - Module loaded.
2024-09-08 17:06:10,541 - elsapy.utils - INFO - Module loaded.
2024-09-08 17:06:10,542 - elsapy.elsprofile - INFO - Module loaded.
2024-09-08 17:06:10,542 - elsapy.elsdoc - INFO - Module loaded.
2024-09-08 17:06:10,543 - elsapy.elssearch - INFO - Module loaded.
2024-09-08 17:25:33,898 - elsapy.elsclient - INFO - Module loaded.
2024-09-08 17:25:33,899 - elsapy.elsentity - INFO - Module loaded.
2024-09-08 17:25:33,900 - elsapy.utils - INFO - Module loaded.
2024-09-08 17:25:33,900 - elsapy.elsprofile - INFO - Module loaded.
2024-09-08 17:25:33,901 - elsapy.elsdoc - INFO - Module loaded.
2024-09-08 17:25:33,902 - elsapy.elssearch - INFO - Module loaded.
2024-09-08 17:36:16,279 - elsapy.elsclient - INFO - Module loaded.
2024-09-08 17:36:16,282 - elsapy.elsentity - INFO - Module loaded.
2024-09-08 17:36:16,283 - elsapy.utils - INFO - Module loaded.
2024-09-08 17:36:16,283 - elsapy.elsprofile - INFO - Module loaded.
2024-09-08 17:36:16,284 - elsapy.elsdoc - INFO - Module loaded.
2024-09-08 17:36:16,286 - elsapy.elssearch - INFO - Module loaded.
