2024-09-07 07:15:27,464 - elsapy.elsclient - INFO - Module loaded.
2024-09-07 07:15:27,466 - elsapy.elsentity - INFO - Module loaded.
2024-09-07 07:15:27,466 - elsapy.utils - INFO - Module loaded.
2024-09-07 07:15:27,467 - elsapy.elsprofile - INFO - Module loaded.
2024-09-07 07:15:27,467 - elsapy.elsdoc - INFO - Module loaded.
2024-09-07 07:15:27,468 - elsapy.elssearch - INFO - Module loaded.
2024-09-07 07:16:40,990 - elsapy.elsclient - INFO - Module loaded.
2024-09-07 07:16:40,991 - elsapy.elsentity - INFO - Module loaded.
2024-09-07 07:16:40,992 - elsapy.utils - INFO - Module loaded.
2024-09-07 07:16:40,992 - elsapy.elsprofile - INFO - Module loaded.
2024-09-07 07:16:40,993 - elsapy.elsdoc - INFO - Module loaded.
2024-09-07 07:16:40,995 - elsapy.elssearch - INFO - Module loaded.
2024-09-07 07:17:40,526 - elsapy.elsclient - INFO - Module loaded.
2024-09-07 07:17:40,527 - elsapy.elsentity - INFO - Module loaded.
2024-09-07 07:17:40,527 - elsapy.utils - INFO - Module loaded.
2024-09-07 07:17:40,528 - elsapy.elsprofile - INFO - Module loaded.
2024-09-07 07:17:40,528 - elsapy.elsdoc - INFO - Module loaded.
2024-09-07 07:17:40,529 - elsapy.elssearch - INFO - Module loaded.
2024-09-07 07:18:43,745 - elsapy.elsclient - INFO - Module loaded.
2024-09-07 07:18:43,746 - elsapy.elsentity - INFO - Module loaded.
2024-09-07 07:18:43,746 - elsapy.utils - INFO - Module loaded.
2024-09-07 07:18:43,747 - elsapy.elsprofile - INFO - Module loaded.
2024-09-07 07:18:43,747 - elsapy.elsdoc - INFO - Module loaded.
2024-09-07 07:18:43,748 - elsapy.elssearch - INFO - Module loaded.
2024-09-07 07:25:58,071 - elsapy.elsclient - INFO - Module loaded.
2024-09-07 07:25:58,072 - elsapy.elsentity - INFO - Module loaded.
2024-09-07 07:25:58,073 - elsapy.utils - INFO - Module loaded.
2024-09-07 07:25:58,073 - elsapy.elsprofile - INFO - Module loaded.
2024-09-07 07:25:58,074 - elsapy.elsdoc - INFO - Module loaded.
2024-09-07 07:25:58,075 - elsapy.elssearch - INFO - Module loaded.
2024-09-07 07:26:27,383 - elsapy.elsclient - INFO - Module loaded.
2024-09-07 07:26:27,385 - elsapy.elsentity - INFO - Module loaded.
2024-09-07 07:26:27,385 - elsapy.utils - INFO - Module loaded.
2024-09-07 07:26:27,386 - elsapy.elsprofile - INFO - Module loaded.
2024-09-07 07:26:27,386 - elsapy.elsdoc - INFO - Module loaded.
2024-09-07 07:26:27,387 - elsapy.elssearch - INFO - Module loaded.
2024-09-07 07:29:30,890 - elsapy.elsclient - INFO - Module loaded.
2024-09-07 07:29:30,891 - elsapy.elsentity - INFO - Module loaded.
2024-09-07 07:29:30,891 - elsapy.utils - INFO - Module loaded.
2024-09-07 07:29:30,891 - elsapy.elsprofile - INFO - Module loaded.
2024-09-07 07:29:30,893 - elsapy.elsdoc - INFO - Module loaded.
2024-09-07 07:29:30,893 - elsapy.elssearch - INFO - Module loaded.
2024-09-07 07:37:06,389 - elsapy.elsclient - INFO - Module loaded.
2024-09-07 07:37:06,390 - elsapy.elsentity - INFO - Module loaded.
2024-09-07 07:37:06,391 - elsapy.utils - INFO - Module loaded.
2024-09-07 07:37:06,391 - elsapy.elsprofile - INFO - Module loaded.
2024-09-07 07:37:06,392 - elsapy.elsdoc - INFO - Module loaded.
2024-09-07 07:37:06,393 - elsapy.elssearch - INFO - Module loaded.
2024-09-07 07:37:27,699 - elsapy.elsclient - INFO - Module loaded.
2024-09-07 07:37:27,700 - elsapy.elsentity - INFO - Module loaded.
2024-09-07 07:37:27,701 - elsapy.utils - INFO - Module loaded.
2024-09-07 07:37:27,701 - elsapy.elsprofile - INFO - Module loaded.
2024-09-07 07:37:27,702 - elsapy.elsdoc - INFO - Module loaded.
2024-09-07 07:37:27,702 - elsapy.elssearch - INFO - Module loaded.
2024-09-07 07:37:42,091 - elsapy.elsclient - INFO - Module loaded.
2024-09-07 07:37:42,093 - elsapy.elsentity - INFO - Module loaded.
2024-09-07 07:37:42,093 - elsapy.utils - INFO - Module loaded.
2024-09-07 07:37:42,094 - elsapy.elsprofile - INFO - Module loaded.
2024-09-07 07:37:42,094 - elsapy.elsdoc - INFO - Module loaded.
2024-09-07 07:37:42,095 - elsapy.elssearch - INFO - Module loaded.
2024-09-07 07:39:48,390 - elsapy.elsclient - INFO - Module loaded.
2024-09-07 07:39:48,391 - elsapy.elsentity - INFO - Module loaded.
2024-09-07 07:39:48,392 - elsapy.utils - INFO - Module loaded.
2024-09-07 07:39:48,392 - elsapy.elsprofile - INFO - Module loaded.
2024-09-07 07:39:48,393 - elsapy.elsdoc - INFO - Module loaded.
2024-09-07 07:39:48,394 - elsapy.elssearch - INFO - Module loaded.
2024-09-07 07:41:27,929 - elsapy.elsclient - INFO - Module loaded.
2024-09-07 07:41:27,930 - elsapy.elsentity - INFO - Module loaded.
2024-09-07 07:41:27,931 - elsapy.utils - INFO - Module loaded.
2024-09-07 07:41:27,931 - elsapy.elsprofile - INFO - Module loaded.
2024-09-07 07:41:27,932 - elsapy.elsdoc - INFO - Module loaded.
2024-09-07 07:41:27,932 - elsapy.elssearch - INFO - Module loaded.
2024-09-07 07:42:16,437 - elsapy.elsclient - INFO - Module loaded.
2024-09-07 07:42:16,438 - elsapy.elsentity - INFO - Module loaded.
2024-09-07 07:42:16,439 - elsapy.utils - INFO - Module loaded.
2024-09-07 07:42:16,439 - elsapy.elsprofile - INFO - Module loaded.
2024-09-07 07:42:16,440 - elsapy.elsdoc - INFO - Module loaded.
2024-09-07 07:42:16,440 - elsapy.elssearch - INFO - Module loaded.
2024-09-07 07:42:56,385 - elsapy.elsclient - INFO - Module loaded.
2024-09-07 07:42:56,386 - elsapy.elsentity - INFO - Module loaded.
2024-09-07 07:42:56,387 - elsapy.utils - INFO - Module loaded.
2024-09-07 07:42:56,387 - elsapy.elsprofile - INFO - Module loaded.
2024-09-07 07:42:56,388 - elsapy.elsdoc - INFO - Module loaded.
2024-09-07 07:42:56,389 - elsapy.elssearch - INFO - Module loaded.
2024-09-07 07:44:11,466 - elsapy.elsclient - INFO - Module loaded.
2024-09-07 07:44:11,467 - elsapy.elsentity - INFO - Module loaded.
2024-09-07 07:44:11,467 - elsapy.utils - INFO - Module loaded.
2024-09-07 07:44:11,468 - elsapy.elsprofile - INFO - Module loaded.
2024-09-07 07:44:11,468 - elsapy.elsdoc - INFO - Module loaded.
2024-09-07 07:44:11,469 - elsapy.elssearch - INFO - Module loaded.
2024-09-07 07:53:46,305 - elsapy.elsclient - INFO - Module loaded.
2024-09-07 07:53:46,306 - elsapy.elsentity - INFO - Module loaded.
2024-09-07 07:53:46,307 - elsapy.utils - INFO - Module loaded.
2024-09-07 07:53:46,307 - elsapy.elsprofile - INFO - Module loaded.
2024-09-07 07:53:46,308 - elsapy.elsdoc - INFO - Module loaded.
2024-09-07 07:53:46,309 - elsapy.elssearch - INFO - Module loaded.
2024-09-07 07:55:52,205 - elsapy.elsclient - INFO - Module loaded.
2024-09-07 07:55:52,206 - elsapy.elsentity - INFO - Module loaded.
2024-09-07 07:55:52,207 - elsapy.utils - INFO - Module loaded.
2024-09-07 07:55:52,207 - elsapy.elsprofile - INFO - Module loaded.
2024-09-07 07:55:52,208 - elsapy.elsdoc - INFO - Module loaded.
2024-09-07 07:55:52,209 - elsapy.elssearch - INFO - Module loaded.
2024-09-07 07:57:36,574 - elsapy.elsclient - INFO - Module loaded.
2024-09-07 07:57:36,575 - elsapy.elsentity - INFO - Module loaded.
2024-09-07 07:57:36,576 - elsapy.utils - INFO - Module loaded.
2024-09-07 07:57:36,576 - elsapy.elsprofile - INFO - Module loaded.
2024-09-07 07:57:36,577 - elsapy.elsdoc - INFO - Module loaded.
2024-09-07 07:57:36,577 - elsapy.elssearch - INFO - Module loaded.
2024-09-07 07:58:03,714 - elsapy.elsclient - INFO - Module loaded.
2024-09-07 07:58:03,715 - elsapy.elsentity - INFO - Module loaded.
2024-09-07 07:58:03,716 - elsapy.utils - INFO - Module loaded.
2024-09-07 07:58:03,716 - elsapy.elsprofile - INFO - Module loaded.
2024-09-07 07:58:03,717 - elsapy.elsdoc - INFO - Module loaded.
2024-09-07 07:58:03,718 - elsapy.elssearch - INFO - Module loaded.
2024-09-07 07:59:47,198 - elsapy.elsclient - INFO - Module loaded.
2024-09-07 07:59:47,199 - elsapy.elsentity - INFO - Module loaded.
2024-09-07 07:59:47,200 - elsapy.utils - INFO - Module loaded.
2024-09-07 07:59:47,200 - elsapy.elsprofile - INFO - Module loaded.
2024-09-07 07:59:47,201 - elsapy.elsdoc - INFO - Module loaded.
2024-09-07 07:59:47,202 - elsapy.elssearch - INFO - Module loaded.
2024-09-07 08:05:49,935 - elsapy.elsclient - INFO - Module loaded.
2024-09-07 08:05:49,936 - elsapy.elsentity - INFO - Module loaded.
2024-09-07 08:05:49,937 - elsapy.utils - INFO - Module loaded.
2024-09-07 08:05:49,937 - elsapy.elsprofile - INFO - Module loaded.
2024-09-07 08:05:49,938 - elsapy.elsdoc - INFO - Module loaded.
2024-09-07 08:05:49,939 - elsapy.elssearch - INFO - Module loaded.
2024-09-07 08:20:40,226 - elsapy.elsclient - INFO - Module loaded.
2024-09-07 08:20:40,227 - elsapy.elsentity - INFO - Module loaded.
2024-09-07 08:20:40,227 - elsapy.utils - INFO - Module loaded.
2024-09-07 08:20:40,228 - elsapy.elsprofile - INFO - Module loaded.
2024-09-07 08:20:40,229 - elsapy.elsdoc - INFO - Module loaded.
2024-09-07 08:20:40,229 - elsapy.elssearch - INFO - Module loaded.
2024-09-07 08:21:38,166 - elsapy.elsclient - INFO - Module loaded.
2024-09-07 08:21:38,167 - elsapy.elsentity - INFO - Module loaded.
2024-09-07 08:21:38,168 - elsapy.utils - INFO - Module loaded.
2024-09-07 08:21:38,168 - elsapy.elsprofile - INFO - Module loaded.
2024-09-07 08:21:38,169 - elsapy.elsdoc - INFO - Module loaded.
2024-09-07 08:21:38,170 - elsapy.elssearch - INFO - Module loaded.
2024-09-07 08:24:38,881 - elsapy.elsclient - INFO - Module loaded.
2024-09-07 08:24:38,882 - elsapy.elsentity - INFO - Module loaded.
2024-09-07 08:24:38,883 - elsapy.utils - INFO - Module loaded.
2024-09-07 08:24:38,883 - elsapy.elsprofile - INFO - Module loaded.
2024-09-07 08:24:38,884 - elsapy.elsdoc - INFO - Module loaded.
2024-09-07 08:24:38,884 - elsapy.elssearch - INFO - Module loaded.
2024-09-07 08:25:11,913 - elsapy.elsclient - INFO - Module loaded.
2024-09-07 08:25:11,914 - elsapy.elsentity - INFO - Module loaded.
2024-09-07 08:25:11,915 - elsapy.utils - INFO - Module loaded.
2024-09-07 08:25:11,915 - elsapy.elsprofile - INFO - Module loaded.
2024-09-07 08:25:11,916 - elsapy.elsdoc - INFO - Module loaded.
2024-09-07 08:25:11,916 - elsapy.elssearch - INFO - Module loaded.
2024-09-07 08:59:33,259 - elsapy.elsclient - INFO - Module loaded.
2024-09-07 08:59:33,260 - elsapy.elsentity - INFO - Module loaded.
2024-09-07 08:59:33,260 - elsapy.utils - INFO - Module loaded.
2024-09-07 08:59:33,261 - elsapy.elsprofile - INFO - Module loaded.
2024-09-07 08:59:33,261 - elsapy.elsdoc - INFO - Module loaded.
2024-09-07 08:59:33,262 - elsapy.elssearch - INFO - Module loaded.
2024-09-07 09:00:02,948 - elsapy.elsclient - INFO - Module loaded.
2024-09-07 09:00:02,949 - elsapy.elsentity - INFO - Module loaded.
2024-09-07 09:00:02,950 - elsapy.utils - INFO - Module loaded.
2024-09-07 09:00:02,950 - elsapy.elsprofile - INFO - Module loaded.
2024-09-07 09:00:02,951 - elsapy.elsdoc - INFO - Module loaded.
2024-09-07 09:00:02,951 - elsapy.elssearch - INFO - Module loaded.
2024-09-07 09:00:47,381 - elsapy.elsclient - INFO - Module loaded.
2024-09-07 09:00:47,383 - elsapy.elsentity - INFO - Module loaded.
2024-09-07 09:00:47,383 - elsapy.utils - INFO - Module loaded.
2024-09-07 09:00:47,384 - elsapy.elsprofile - INFO - Module loaded.
2024-09-07 09:00:47,384 - elsapy.elsdoc - INFO - Module loaded.
2024-09-07 09:00:47,385 - elsapy.elssearch - INFO - Module loaded.
2024-09-07 09:05:43,361 - elsapy.elsclient - INFO - Module loaded.
2024-09-07 09:05:43,362 - elsapy.elsentity - INFO - Module loaded.
2024-09-07 09:05:43,363 - elsapy.utils - INFO - Module loaded.
2024-09-07 09:05:43,363 - elsapy.elsprofile - INFO - Module loaded.
2024-09-07 09:05:43,364 - elsapy.elsdoc - INFO - Module loaded.
2024-09-07 09:05:43,364 - elsapy.elssearch - INFO - Module loaded.
2024-09-07 09:08:17,185 - elsapy.elsclient - INFO - Module loaded.
2024-09-07 09:08:17,186 - elsapy.elsentity - INFO - Module loaded.
2024-09-07 09:08:17,187 - elsapy.utils - INFO - Module loaded.
2024-09-07 09:08:17,187 - elsapy.elsprofile - INFO - Module loaded.
2024-09-07 09:08:17,188 - elsapy.elsdoc - INFO - Module loaded.
2024-09-07 09:08:17,188 - elsapy.elssearch - INFO - Module loaded.
2024-09-07 09:09:35,550 - elsapy.elsclient - INFO - Module loaded.
2024-09-07 09:09:35,551 - elsapy.elsentity - INFO - Module loaded.
2024-09-07 09:09:35,552 - elsapy.utils - INFO - Module loaded.
2024-09-07 09:09:35,552 - elsapy.elsprofile - INFO - Module loaded.
2024-09-07 09:09:35,553 - elsapy.elsdoc - INFO - Module loaded.
2024-09-07 09:09:35,554 - elsapy.elssearch - INFO - Module loaded.
2024-09-07 09:13:41,519 - elsapy.elsclient - INFO - Module loaded.
2024-09-07 09:13:41,520 - elsapy.elsentity - INFO - Module loaded.
2024-09-07 09:13:41,521 - elsapy.utils - INFO - Module loaded.
2024-09-07 09:13:41,521 - elsapy.elsprofile - INFO - Module loaded.
2024-09-07 09:13:41,522 - elsapy.elsdoc - INFO - Module loaded.
2024-09-07 09:13:41,522 - elsapy.elssearch - INFO - Module loaded.
2024-09-07 09:17:32,500 - elsapy.elsclient - INFO - Module loaded.
2024-09-07 09:17:32,501 - elsapy.elsentity - INFO - Module loaded.
2024-09-07 09:17:32,502 - elsapy.utils - INFO - Module loaded.
2024-09-07 09:17:32,502 - elsapy.elsprofile - INFO - Module loaded.
2024-09-07 09:17:32,503 - elsapy.elsdoc - INFO - Module loaded.
2024-09-07 09:17:32,503 - elsapy.elssearch - INFO - Module loaded.
2024-09-07 09:18:13,168 - elsapy.elsclient - INFO - Module loaded.
2024-09-07 09:18:13,169 - elsapy.elsentity - INFO - Module loaded.
2024-09-07 09:18:13,170 - elsapy.utils - INFO - Module loaded.
2024-09-07 09:18:13,170 - elsapy.elsprofile - INFO - Module loaded.
2024-09-07 09:18:13,171 - elsapy.elsdoc - INFO - Module loaded.
2024-09-07 09:18:13,171 - elsapy.elssearch - INFO - Module loaded.
2024-09-07 09:20:50,425 - elsapy.elsclient - INFO - Module loaded.
2024-09-07 09:20:50,427 - elsapy.elsentity - INFO - Module loaded.
2024-09-07 09:20:50,427 - elsapy.utils - INFO - Module loaded.
2024-09-07 09:20:50,428 - elsapy.elsprofile - INFO - Module loaded.
2024-09-07 09:20:50,428 - elsapy.elsdoc - INFO - Module loaded.
2024-09-07 09:20:50,429 - elsapy.elssearch - INFO - Module loaded.
2024-09-07 09:26:14,803 - elsapy.elsclient - INFO - Module loaded.
2024-09-07 09:26:14,804 - elsapy.elsentity - INFO - Module loaded.
2024-09-07 09:26:14,805 - elsapy.utils - INFO - Module loaded.
2024-09-07 09:26:14,805 - elsapy.elsprofile - INFO - Module loaded.
2024-09-07 09:26:14,806 - elsapy.elsdoc - INFO - Module loaded.
2024-09-07 09:26:14,806 - elsapy.elssearch - INFO - Module loaded.
2024-09-07 10:18:02,694 - elsapy.elsclient - INFO - Module loaded.
2024-09-07 10:18:02,695 - elsapy.elsentity - INFO - Module loaded.
2024-09-07 10:18:02,696 - elsapy.utils - INFO - Module loaded.
2024-09-07 10:18:02,696 - elsapy.elsprofile - INFO - Module loaded.
2024-09-07 10:18:02,697 - elsapy.elsdoc - INFO - Module loaded.
2024-09-07 10:18:02,697 - elsapy.elssearch - INFO - Module loaded.
2024-09-07 10:21:45,843 - elsapy.elsclient - INFO - Module loaded.
2024-09-07 10:21:45,844 - elsapy.elsentity - INFO - Module loaded.
2024-09-07 10:21:45,845 - elsapy.utils - INFO - Module loaded.
2024-09-07 10:21:45,845 - elsapy.elsprofile - INFO - Module loaded.
2024-09-07 10:21:45,846 - elsapy.elsdoc - INFO - Module loaded.
2024-09-07 10:21:45,847 - elsapy.elssearch - INFO - Module loaded.
2024-09-07 10:22:59,573 - elsapy.elsclient - INFO - Module loaded.
2024-09-07 10:22:59,574 - elsapy.elsentity - INFO - Module loaded.
2024-09-07 10:22:59,574 - elsapy.utils - INFO - Module loaded.
2024-09-07 10:22:59,575 - elsapy.elsprofile - INFO - Module loaded.
2024-09-07 10:22:59,575 - elsapy.elsdoc - INFO - Module loaded.
2024-09-07 10:22:59,576 - elsapy.elssearch - INFO - Module loaded.
2024-09-07 10:24:17,119 - elsapy.elsclient - INFO - Module loaded.
2024-09-07 10:24:17,120 - elsapy.elsentity - INFO - Module loaded.
2024-09-07 10:24:17,121 - elsapy.utils - INFO - Module loaded.
2024-09-07 10:24:17,121 - elsapy.elsprofile - INFO - Module loaded.
2024-09-07 10:24:17,122 - elsapy.elsdoc - INFO - Module loaded.
2024-09-07 10:24:17,122 - elsapy.elssearch - INFO - Module loaded.
2024-09-07 10:26:31,804 - elsapy.elsclient - INFO - Module loaded.
2024-09-07 10:26:31,805 - elsapy.elsentity - INFO - Module loaded.
2024-09-07 10:26:31,806 - elsapy.utils - INFO - Module loaded.
2024-09-07 10:26:31,806 - elsapy.elsprofile - INFO - Module loaded.
2024-09-07 10:26:31,807 - elsapy.elsdoc - INFO - Module loaded.
2024-09-07 10:26:31,807 - elsapy.elssearch - INFO - Module loaded.
2024-09-07 10:27:04,390 - elsapy.elsclient - INFO - Module loaded.
2024-09-07 10:27:04,391 - elsapy.elsentity - INFO - Module loaded.
2024-09-07 10:27:04,392 - elsapy.utils - INFO - Module loaded.
2024-09-07 10:27:04,392 - elsapy.elsprofile - INFO - Module loaded.
2024-09-07 10:27:04,392 - elsapy.elsdoc - INFO - Module loaded.
2024-09-07 10:27:04,393 - elsapy.elssearch - INFO - Module loaded.
2024-09-07 11:53:53,416 - elsapy.elsclient - INFO - Module loaded.
2024-09-07 11:53:53,417 - elsapy.elsentity - INFO - Module loaded.
2024-09-07 11:53:53,418 - elsapy.utils - INFO - Module loaded.
2024-09-07 11:53:53,418 - elsapy.elsprofile - INFO - Module loaded.
2024-09-07 11:53:53,419 - elsapy.elsdoc - INFO - Module loaded.
2024-09-07 11:53:53,419 - elsapy.elssearch - INFO - Module loaded.
2024-09-07 11:54:53,469 - elsapy.elsclient - INFO - Module loaded.
2024-09-07 11:54:53,471 - elsapy.elsentity - INFO - Module loaded.
2024-09-07 11:54:53,471 - elsapy.utils - INFO - Module loaded.
2024-09-07 11:54:53,472 - elsapy.elsprofile - INFO - Module loaded.
2024-09-07 11:54:53,472 - elsapy.elsdoc - INFO - Module loaded.
2024-09-07 11:54:53,473 - elsapy.elssearch - INFO - Module loaded.
2024-09-07 11:58:51,170 - elsapy.elsclient - INFO - Module loaded.
2024-09-07 11:58:51,171 - elsapy.elsentity - INFO - Module loaded.
2024-09-07 11:58:51,172 - elsapy.utils - INFO - Module loaded.
2024-09-07 11:58:51,172 - elsapy.elsprofile - INFO - Module loaded.
2024-09-07 11:58:51,173 - elsapy.elsdoc - INFO - Module loaded.
2024-09-07 11:58:51,174 - elsapy.elssearch - INFO - Module loaded.
2024-09-07 12:00:06,809 - elsapy.elsclient - INFO - Module loaded.
2024-09-07 12:00:06,811 - elsapy.elsentity - INFO - Module loaded.
2024-09-07 12:00:06,811 - elsapy.utils - INFO - Module loaded.
2024-09-07 12:00:06,812 - elsapy.elsprofile - INFO - Module loaded.
2024-09-07 12:00:06,812 - elsapy.elsdoc - INFO - Module loaded.
2024-09-07 12:00:06,813 - elsapy.elssearch - INFO - Module loaded.
2024-09-07 12:00:33,582 - elsapy.elsclient - INFO - Module loaded.
2024-09-07 12:00:33,583 - elsapy.elsentity - INFO - Module loaded.
2024-09-07 12:00:33,584 - elsapy.utils - INFO - Module loaded.
2024-09-07 12:00:33,584 - elsapy.elsprofile - INFO - Module loaded.
2024-09-07 12:00:33,585 - elsapy.elsdoc - INFO - Module loaded.
2024-09-07 12:00:33,585 - elsapy.elssearch - INFO - Module loaded.
2024-09-07 12:02:04,837 - elsapy.elsclient - INFO - Module loaded.
2024-09-07 12:02:04,838 - elsapy.elsentity - INFO - Module loaded.
2024-09-07 12:02:04,839 - elsapy.utils - INFO - Module loaded.
2024-09-07 12:02:04,839 - elsapy.elsprofile - INFO - Module loaded.
2024-09-07 12:02:04,840 - elsapy.elsdoc - INFO - Module loaded.
2024-09-07 12:02:04,840 - elsapy.elssearch - INFO - Module loaded.
2024-09-07 12:03:09,786 - elsapy.elsclient - INFO - Module loaded.
2024-09-07 12:03:09,787 - elsapy.elsentity - INFO - Module loaded.
2024-09-07 12:03:09,787 - elsapy.utils - INFO - Module loaded.
2024-09-07 12:03:09,788 - elsapy.elsprofile - INFO - Module loaded.
2024-09-07 12:03:09,789 - elsapy.elsdoc - INFO - Module loaded.
2024-09-07 12:03:09,790 - elsapy.elssearch - INFO - Module loaded.
2024-09-07 12:05:20,547 - elsapy.elsclient - INFO - Module loaded.
2024-09-07 12:05:20,548 - elsapy.elsentity - INFO - Module loaded.
2024-09-07 12:05:20,549 - elsapy.utils - INFO - Module loaded.
2024-09-07 12:05:20,549 - elsapy.elsprofile - INFO - Module loaded.
2024-09-07 12:05:20,550 - elsapy.elsdoc - INFO - Module loaded.
2024-09-07 12:05:20,551 - elsapy.elssearch - INFO - Module loaded.
2024-09-07 12:05:40,038 - elsapy.elsclient - INFO - Module loaded.
2024-09-07 12:05:40,040 - elsapy.elsentity - INFO - Module loaded.
2024-09-07 12:05:40,040 - elsapy.utils - INFO - Module loaded.
2024-09-07 12:05:40,041 - elsapy.elsprofile - INFO - Module loaded.
2024-09-07 12:05:40,041 - elsapy.elsdoc - INFO - Module loaded.
2024-09-07 12:05:40,042 - elsapy.elssearch - INFO - Module loaded.
2024-09-07 12:06:18,918 - elsapy.elsclient - INFO - Module loaded.
2024-09-07 12:06:18,919 - elsapy.elsentity - INFO - Module loaded.
2024-09-07 12:06:18,920 - elsapy.utils - INFO - Module loaded.
2024-09-07 12:06:18,920 - elsapy.elsprofile - INFO - Module loaded.
2024-09-07 12:06:18,921 - elsapy.elsdoc - INFO - Module loaded.
2024-09-07 12:06:18,921 - elsapy.elssearch - INFO - Module loaded.
2024-09-07 12:10:46,561 - elsapy.elsclient - INFO - Module loaded.
2024-09-07 12:10:46,562 - elsapy.elsentity - INFO - Module loaded.
2024-09-07 12:10:46,563 - elsapy.utils - INFO - Module loaded.
2024-09-07 12:10:46,563 - elsapy.elsprofile - INFO - Module loaded.
2024-09-07 12:10:46,564 - elsapy.elsdoc - INFO - Module loaded.
2024-09-07 12:10:46,564 - elsapy.elssearch - INFO - Module loaded.
2024-09-07 12:12:44,711 - elsapy.elsclient - INFO - Module loaded.
2024-09-07 12:12:44,712 - elsapy.elsentity - INFO - Module loaded.
2024-09-07 12:12:44,713 - elsapy.utils - INFO - Module loaded.
2024-09-07 12:12:44,713 - elsapy.elsprofile - INFO - Module loaded.
2024-09-07 12:12:44,714 - elsapy.elsdoc - INFO - Module loaded.
2024-09-07 12:12:44,715 - elsapy.elssearch - INFO - Module loaded.
2024-09-07 12:17:38,798 - elsapy.elsclient - INFO - Module loaded.
2024-09-07 12:17:38,799 - elsapy.elsentity - INFO - Module loaded.
2024-09-07 12:17:38,800 - elsapy.utils - INFO - Module loaded.
2024-09-07 12:17:38,800 - elsapy.elsprofile - INFO - Module loaded.
2024-09-07 12:17:38,801 - elsapy.elsdoc - INFO - Module loaded.
2024-09-07 12:17:38,802 - elsapy.elssearch - INFO - Module loaded.
2024-09-07 12:18:10,766 - elsapy.elsclient - INFO - Module loaded.
2024-09-07 12:18:10,767 - elsapy.elsentity - INFO - Module loaded.
2024-09-07 12:18:10,768 - elsapy.utils - INFO - Module loaded.
2024-09-07 12:18:10,768 - elsapy.elsprofile - INFO - Module loaded.
2024-09-07 12:18:10,769 - elsapy.elsdoc - INFO - Module loaded.
2024-09-07 12:18:10,770 - elsapy.elssearch - INFO - Module loaded.
2024-09-07 12:25:01,922 - elsapy.elsclient - INFO - Module loaded.
2024-09-07 12:25:01,923 - elsapy.elsentity - INFO - Module loaded.
2024-09-07 12:25:01,924 - elsapy.utils - INFO - Module loaded.
2024-09-07 12:25:01,924 - elsapy.elsprofile - INFO - Module loaded.
2024-09-07 12:25:01,925 - elsapy.elsdoc - INFO - Module loaded.
2024-09-07 12:25:01,926 - elsapy.elssearch - INFO - Module loaded.
2024-09-07 12:25:46,187 - elsapy.elsclient - INFO - Module loaded.
2024-09-07 12:25:46,188 - elsapy.elsentity - INFO - Module loaded.
2024-09-07 12:25:46,189 - elsapy.utils - INFO - Module loaded.
2024-09-07 12:25:46,189 - elsapy.elsprofile - INFO - Module loaded.
2024-09-07 12:25:46,190 - elsapy.elsdoc - INFO - Module loaded.
2024-09-07 12:25:46,190 - elsapy.elssearch - INFO - Module loaded.
2024-09-07 12:26:12,667 - elsapy.elsclient - INFO - Module loaded.
2024-09-07 12:26:12,668 - elsapy.elsentity - INFO - Module loaded.
2024-09-07 12:26:12,669 - elsapy.utils - INFO - Module loaded.
2024-09-07 12:26:12,669 - elsapy.elsprofile - INFO - Module loaded.
2024-09-07 12:26:12,670 - elsapy.elsdoc - INFO - Module loaded.
2024-09-07 12:26:12,670 - elsapy.elssearch - INFO - Module loaded.
2024-09-07 12:35:18,594 - elsapy.elsclient - INFO - Module loaded.
2024-09-07 12:35:18,595 - elsapy.elsentity - INFO - Module loaded.
2024-09-07 12:35:18,596 - elsapy.utils - INFO - Module loaded.
2024-09-07 12:35:18,596 - elsapy.elsprofile - INFO - Module loaded.
2024-09-07 12:35:18,597 - elsapy.elsdoc - INFO - Module loaded.
2024-09-07 12:35:18,597 - elsapy.elssearch - INFO - Module loaded.
2024-09-07 12:54:54,180 - elsapy.elsclient - INFO - Module loaded.
2024-09-07 12:54:54,182 - elsapy.elsentity - INFO - Module loaded.
2024-09-07 12:54:54,182 - elsapy.utils - INFO - Module loaded.
2024-09-07 12:54:54,183 - elsapy.elsprofile - INFO - Module loaded.
2024-09-07 12:54:54,184 - elsapy.elsdoc - INFO - Module loaded.
2024-09-07 12:54:54,184 - elsapy.elssearch - INFO - Module loaded.
2024-09-07 12:57:51,669 - elsapy.elsclient - INFO - Module loaded.
2024-09-07 12:57:51,671 - elsapy.elsentity - INFO - Module loaded.
2024-09-07 12:57:51,671 - elsapy.utils - INFO - Module loaded.
2024-09-07 12:57:51,672 - elsapy.elsprofile - INFO - Module loaded.
2024-09-07 12:57:51,672 - elsapy.elsdoc - INFO - Module loaded.
2024-09-07 12:57:51,673 - elsapy.elssearch - INFO - Module loaded.
2024-09-07 12:58:47,017 - elsapy.elsclient - INFO - Module loaded.
2024-09-07 12:58:47,018 - elsapy.elsentity - INFO - Module loaded.
2024-09-07 12:58:47,019 - elsapy.utils - INFO - Module loaded.
2024-09-07 12:58:47,019 - elsapy.elsprofile - INFO - Module loaded.
2024-09-07 12:58:47,020 - elsapy.elsdoc - INFO - Module loaded.
2024-09-07 12:58:47,021 - elsapy.elssearch - INFO - Module loaded.
2024-09-07 13:03:37,797 - elsapy.elsclient - INFO - Module loaded.
2024-09-07 13:03:37,798 - elsapy.elsentity - INFO - Module loaded.
2024-09-07 13:03:37,799 - elsapy.utils - INFO - Module loaded.
2024-09-07 13:03:37,799 - elsapy.elsprofile - INFO - Module loaded.
2024-09-07 13:03:37,800 - elsapy.elsdoc - INFO - Module loaded.
2024-09-07 13:03:37,801 - elsapy.elssearch - INFO - Module loaded.
2024-09-07 13:05:01,428 - elsapy.elsclient - INFO - Module loaded.
2024-09-07 13:05:01,430 - elsapy.elsentity - INFO - Module loaded.
2024-09-07 13:05:01,430 - elsapy.utils - INFO - Module loaded.
2024-09-07 13:05:01,431 - elsapy.elsprofile - INFO - Module loaded.
2024-09-07 13:05:01,431 - elsapy.elsdoc - INFO - Module loaded.
2024-09-07 13:05:01,432 - elsapy.elssearch - INFO - Module loaded.
2024-09-07 13:06:21,924 - elsapy.elsclient - INFO - Module loaded.
2024-09-07 13:06:21,925 - elsapy.elsentity - INFO - Module loaded.
2024-09-07 13:06:21,926 - elsapy.utils - INFO - Module loaded.
2024-09-07 13:06:21,926 - elsapy.elsprofile - INFO - Module loaded.
2024-09-07 13:06:21,927 - elsapy.elsdoc - INFO - Module loaded.
2024-09-07 13:06:21,928 - elsapy.elssearch - INFO - Module loaded.
2024-09-07 13:08:33,025 - elsapy.elsclient - INFO - Module loaded.
2024-09-07 13:08:33,026 - elsapy.elsentity - INFO - Module loaded.
2024-09-07 13:08:33,027 - elsapy.utils - INFO - Module loaded.
2024-09-07 13:08:33,027 - elsapy.elsprofile - INFO - Module loaded.
2024-09-07 13:08:33,028 - elsapy.elsdoc - INFO - Module loaded.
2024-09-07 13:08:33,029 - elsapy.elssearch - INFO - Module loaded.
2024-09-07 13:51:31,509 - elsapy.elsclient - INFO - Module loaded.
2024-09-07 13:51:31,510 - elsapy.elsentity - INFO - Module loaded.
2024-09-07 13:51:31,511 - elsapy.utils - INFO - Module loaded.
2024-09-07 13:51:31,511 - elsapy.elsprofile - INFO - Module loaded.
2024-09-07 13:51:31,512 - elsapy.elsdoc - INFO - Module loaded.
2024-09-07 13:51:31,513 - elsapy.elssearch - INFO - Module loaded.
2024-09-07 13:53:03,100 - elsapy.elsclient - INFO - Module loaded.
2024-09-07 13:53:03,101 - elsapy.elsentity - INFO - Module loaded.
2024-09-07 13:53:03,102 - elsapy.utils - INFO - Module loaded.
2024-09-07 13:53:03,102 - elsapy.elsprofile - INFO - Module loaded.
2024-09-07 13:53:03,103 - elsapy.elsdoc - INFO - Module loaded.
2024-09-07 13:53:03,104 - elsapy.elssearch - INFO - Module loaded.
2024-09-07 13:53:53,838 - elsapy.elsclient - INFO - Module loaded.
2024-09-07 13:53:53,839 - elsapy.elsentity - INFO - Module loaded.
2024-09-07 13:53:53,839 - elsapy.utils - INFO - Module loaded.
2024-09-07 13:53:53,840 - elsapy.elsprofile - INFO - Module loaded.
2024-09-07 13:53:53,840 - elsapy.elsdoc - INFO - Module loaded.
2024-09-07 13:53:53,841 - elsapy.elssearch - INFO - Module loaded.
2024-09-07 13:54:23,844 - elsapy.elsclient - INFO - Module loaded.
2024-09-07 13:54:23,845 - elsapy.elsentity - INFO - Module loaded.
2024-09-07 13:54:23,846 - elsapy.utils - INFO - Module loaded.
2024-09-07 13:54:23,846 - elsapy.elsprofile - INFO - Module loaded.
2024-09-07 13:54:23,847 - elsapy.elsdoc - INFO - Module loaded.
2024-09-07 13:54:23,848 - elsapy.elssearch - INFO - Module loaded.
2024-09-07 13:55:01,108 - elsapy.elsclient - INFO - Module loaded.
2024-09-07 13:55:01,109 - elsapy.elsentity - INFO - Module loaded.
2024-09-07 13:55:01,110 - elsapy.utils - INFO - Module loaded.
2024-09-07 13:55:01,110 - elsapy.elsprofile - INFO - Module loaded.
2024-09-07 13:55:01,111 - elsapy.elsdoc - INFO - Module loaded.
2024-09-07 13:55:01,112 - elsapy.elssearch - INFO - Module loaded.
2024-09-07 13:55:56,436 - elsapy.elsclient - INFO - Module loaded.
2024-09-07 13:55:56,437 - elsapy.elsentity - INFO - Module loaded.
2024-09-07 13:55:56,438 - elsapy.utils - INFO - Module loaded.
2024-09-07 13:55:56,438 - elsapy.elsprofile - INFO - Module loaded.
2024-09-07 13:55:56,439 - elsapy.elsdoc - INFO - Module loaded.
2024-09-07 13:55:56,440 - elsapy.elssearch - INFO - Module loaded.
2024-09-07 14:02:07,943 - elsapy.elsclient - INFO - Module loaded.
2024-09-07 14:02:07,944 - elsapy.elsentity - INFO - Module loaded.
2024-09-07 14:02:07,945 - elsapy.utils - INFO - Module loaded.
2024-09-07 14:02:07,945 - elsapy.elsprofile - INFO - Module loaded.
2024-09-07 14:02:07,946 - elsapy.elsdoc - INFO - Module loaded.
2024-09-07 14:02:07,946 - elsapy.elssearch - INFO - Module loaded.
2024-09-07 14:04:46,864 - elsapy.elsclient - INFO - Module loaded.
2024-09-07 14:04:46,865 - elsapy.elsentity - INFO - Module loaded.
2024-09-07 14:04:46,865 - elsapy.utils - INFO - Module loaded.
2024-09-07 14:04:46,866 - elsapy.elsprofile - INFO - Module loaded.
2024-09-07 14:04:46,866 - elsapy.elsdoc - INFO - Module loaded.
2024-09-07 14:04:46,867 - elsapy.elssearch - INFO - Module loaded.
2024-09-07 14:06:45,232 - elsapy.elsclient - INFO - Module loaded.
2024-09-07 14:06:45,233 - elsapy.elsentity - INFO - Module loaded.
2024-09-07 14:06:45,234 - elsapy.utils - INFO - Module loaded.
2024-09-07 14:06:45,234 - elsapy.elsprofile - INFO - Module loaded.
2024-09-07 14:06:45,235 - elsapy.elsdoc - INFO - Module loaded.
2024-09-07 14:06:45,235 - elsapy.elssearch - INFO - Module loaded.
2024-09-07 14:07:37,889 - elsapy.elsclient - INFO - Module loaded.
2024-09-07 14:07:37,890 - elsapy.elsentity - INFO - Module loaded.
2024-09-07 14:07:37,891 - elsapy.utils - INFO - Module loaded.
2024-09-07 14:07:37,891 - elsapy.elsprofile - INFO - Module loaded.
2024-09-07 14:07:37,892 - elsapy.elsdoc - INFO - Module loaded.
2024-09-07 14:07:37,892 - elsapy.elssearch - INFO - Module loaded.
2024-09-07 14:09:30,624 - elsapy.elsclient - INFO - Module loaded.
2024-09-07 14:09:30,625 - elsapy.elsentity - INFO - Module loaded.
2024-09-07 14:09:30,626 - elsapy.utils - INFO - Module loaded.
2024-09-07 14:09:30,626 - elsapy.elsprofile - INFO - Module loaded.
2024-09-07 14:09:30,627 - elsapy.elsdoc - INFO - Module loaded.
2024-09-07 14:09:30,627 - elsapy.elssearch - INFO - Module loaded.
2024-09-07 14:17:00,169 - elsapy.elsclient - INFO - Module loaded.
2024-09-07 14:17:00,170 - elsapy.elsentity - INFO - Module loaded.
2024-09-07 14:17:00,171 - elsapy.utils - INFO - Module loaded.
2024-09-07 14:17:00,171 - elsapy.elsprofile - INFO - Module loaded.
2024-09-07 14:17:00,172 - elsapy.elsdoc - INFO - Module loaded.
2024-09-07 14:17:00,172 - elsapy.elssearch - INFO - Module loaded.
2024-09-07 14:17:19,151 - elsapy.elsclient - INFO - Module loaded.
2024-09-07 14:17:19,152 - elsapy.elsentity - INFO - Module loaded.
2024-09-07 14:17:19,153 - elsapy.utils - INFO - Module loaded.
2024-09-07 14:17:19,153 - elsapy.elsprofile - INFO - Module loaded.
2024-09-07 14:17:19,154 - elsapy.elsdoc - INFO - Module loaded.
2024-09-07 14:17:19,154 - elsapy.elssearch - INFO - Module loaded.
2024-09-07 14:19:20,294 - elsapy.elsclient - INFO - Module loaded.
2024-09-07 14:19:20,295 - elsapy.elsentity - INFO - Module loaded.
2024-09-07 14:19:20,296 - elsapy.utils - INFO - Module loaded.
2024-09-07 14:19:20,296 - elsapy.elsprofile - INFO - Module loaded.
2024-09-07 14:19:20,297 - elsapy.elsdoc - INFO - Module loaded.
2024-09-07 14:19:20,298 - elsapy.elssearch - INFO - Module loaded.
2024-09-07 14:19:58,181 - elsapy.elsclient - INFO - Module loaded.
2024-09-07 14:19:58,182 - elsapy.elsentity - INFO - Module loaded.
2024-09-07 14:19:58,183 - elsapy.utils - INFO - Module loaded.
2024-09-07 14:19:58,183 - elsapy.elsprofile - INFO - Module loaded.
2024-09-07 14:19:58,184 - elsapy.elsdoc - INFO - Module loaded.
2024-09-07 14:19:58,185 - elsapy.elssearch - INFO - Module loaded.
2024-09-07 14:20:38,200 - elsapy.elsclient - INFO - Module loaded.
2024-09-07 14:20:38,201 - elsapy.elsentity - INFO - Module loaded.
2024-09-07 14:20:38,202 - elsapy.utils - INFO - Module loaded.
2024-09-07 14:20:38,202 - elsapy.elsprofile - INFO - Module loaded.
2024-09-07 14:20:38,203 - elsapy.elsdoc - INFO - Module loaded.
2024-09-07 14:20:38,204 - elsapy.elssearch - INFO - Module loaded.
2024-09-07 14:22:38,051 - elsapy.elsclient - INFO - Module loaded.
2024-09-07 14:22:38,052 - elsapy.elsentity - INFO - Module loaded.
2024-09-07 14:22:38,053 - elsapy.utils - INFO - Module loaded.
2024-09-07 14:22:38,053 - elsapy.elsprofile - INFO - Module loaded.
2024-09-07 14:22:38,054 - elsapy.elsdoc - INFO - Module loaded.
2024-09-07 14:22:38,055 - elsapy.elssearch - INFO - Module loaded.
2024-09-07 14:23:01,827 - elsapy.elsclient - INFO - Module loaded.
2024-09-07 14:23:01,828 - elsapy.elsentity - INFO - Module loaded.
2024-09-07 14:23:01,828 - elsapy.utils - INFO - Module loaded.
2024-09-07 14:23:01,829 - elsapy.elsprofile - INFO - Module loaded.
2024-09-07 14:23:01,829 - elsapy.elsdoc - INFO - Module loaded.
2024-09-07 14:23:01,830 - elsapy.elssearch - INFO - Module loaded.
2024-09-07 14:23:27,620 - elsapy.elsclient - INFO - Module loaded.
2024-09-07 14:23:27,621 - elsapy.elsentity - INFO - Module loaded.
2024-09-07 14:23:27,622 - elsapy.utils - INFO - Module loaded.
2024-09-07 14:23:27,622 - elsapy.elsprofile - INFO - Module loaded.
2024-09-07 14:23:27,623 - elsapy.elsdoc - INFO - Module loaded.
2024-09-07 14:23:27,623 - elsapy.elssearch - INFO - Module loaded.
2024-09-07 14:23:58,006 - elsapy.elsclient - INFO - Module loaded.
2024-09-07 14:23:58,007 - elsapy.elsentity - INFO - Module loaded.
2024-09-07 14:23:58,007 - elsapy.utils - INFO - Module loaded.
2024-09-07 14:23:58,008 - elsapy.elsprofile - INFO - Module loaded.
2024-09-07 14:23:58,008 - elsapy.elsdoc - INFO - Module loaded.
2024-09-07 14:23:58,009 - elsapy.elssearch - INFO - Module loaded.
2024-09-07 14:24:21,329 - elsapy.elsclient - INFO - Module loaded.
2024-09-07 14:24:21,330 - elsapy.elsentity - INFO - Module loaded.
2024-09-07 14:24:21,331 - elsapy.utils - INFO - Module loaded.
2024-09-07 14:24:21,331 - elsapy.elsprofile - INFO - Module loaded.
2024-09-07 14:24:21,332 - elsapy.elsdoc - INFO - Module loaded.
2024-09-07 14:24:21,333 - elsapy.elssearch - INFO - Module loaded.
2024-09-07 14:25:19,890 - elsapy.elsclient - INFO - Module loaded.
2024-09-07 14:25:19,891 - elsapy.elsentity - INFO - Module loaded.
2024-09-07 14:25:19,892 - elsapy.utils - INFO - Module loaded.
2024-09-07 14:25:19,892 - elsapy.elsprofile - INFO - Module loaded.
2024-09-07 14:25:19,893 - elsapy.elsdoc - INFO - Module loaded.
2024-09-07 14:25:19,893 - elsapy.elssearch - INFO - Module loaded.
2024-09-07 14:25:54,482 - elsapy.elsclient - INFO - Module loaded.
2024-09-07 14:25:54,483 - elsapy.elsentity - INFO - Module loaded.
2024-09-07 14:25:54,484 - elsapy.utils - INFO - Module loaded.
2024-09-07 14:25:54,484 - elsapy.elsprofile - INFO - Module loaded.
2024-09-07 14:25:54,485 - elsapy.elsdoc - INFO - Module loaded.
2024-09-07 14:25:54,486 - elsapy.elssearch - INFO - Module loaded.
2024-09-07 14:26:54,264 - elsapy.elsclient - INFO - Module loaded.
2024-09-07 14:26:54,265 - elsapy.elsentity - INFO - Module loaded.
2024-09-07 14:26:54,265 - elsapy.utils - INFO - Module loaded.
2024-09-07 14:26:54,266 - elsapy.elsprofile - INFO - Module loaded.
2024-09-07 14:26:54,266 - elsapy.elsdoc - INFO - Module loaded.
2024-09-07 14:26:54,267 - elsapy.elssearch - INFO - Module loaded.
2024-09-07 14:29:20,591 - elsapy.elsclient - INFO - Module loaded.
2024-09-07 14:29:20,592 - elsapy.elsentity - INFO - Module loaded.
2024-09-07 14:29:20,593 - elsapy.utils - INFO - Module loaded.
2024-09-07 14:29:20,593 - elsapy.elsprofile - INFO - Module loaded.
2024-09-07 14:29:20,594 - elsapy.elsdoc - INFO - Module loaded.
2024-09-07 14:29:20,595 - elsapy.elssearch - INFO - Module loaded.
2024-09-07 14:29:52,871 - elsapy.elsclient - INFO - Module loaded.
2024-09-07 14:29:52,873 - elsapy.elsentity - INFO - Module loaded.
2024-09-07 14:29:52,873 - elsapy.utils - INFO - Module loaded.
2024-09-07 14:29:52,874 - elsapy.elsprofile - INFO - Module loaded.
2024-09-07 14:29:52,874 - elsapy.elsdoc - INFO - Module loaded.
2024-09-07 14:29:52,875 - elsapy.elssearch - INFO - Module loaded.
2024-09-07 14:34:11,721 - elsapy.elsclient - INFO - Module loaded.
2024-09-07 14:34:11,722 - elsapy.elsentity - INFO - Module loaded.
2024-09-07 14:34:11,723 - elsapy.utils - INFO - Module loaded.
2024-09-07 14:34:11,723 - elsapy.elsprofile - INFO - Module loaded.
2024-09-07 14:34:11,724 - elsapy.elsdoc - INFO - Module loaded.
2024-09-07 14:34:11,724 - elsapy.elssearch - INFO - Module loaded.
2024-09-07 14:35:14,276 - elsapy.elsclient - INFO - Module loaded.
2024-09-07 14:35:14,277 - elsapy.elsentity - INFO - Module loaded.
2024-09-07 14:35:14,278 - elsapy.utils - INFO - Module loaded.
2024-09-07 14:35:14,278 - elsapy.elsprofile - INFO - Module loaded.
2024-09-07 14:35:14,279 - elsapy.elsdoc - INFO - Module loaded.
2024-09-07 14:35:14,280 - elsapy.elssearch - INFO - Module loaded.
2024-09-07 14:36:46,579 - elsapy.elsclient - INFO - Module loaded.
2024-09-07 14:36:46,580 - elsapy.elsentity - INFO - Module loaded.
2024-09-07 14:36:46,581 - elsapy.utils - INFO - Module loaded.
2024-09-07 14:36:46,581 - elsapy.elsprofile - INFO - Module loaded.
2024-09-07 14:36:46,582 - elsapy.elsdoc - INFO - Module loaded.
2024-09-07 14:36:46,583 - elsapy.elssearch - INFO - Module loaded.
2024-09-07 14:37:42,721 - elsapy.elsclient - INFO - Module loaded.
2024-09-07 14:37:42,722 - elsapy.elsentity - INFO - Module loaded.
2024-09-07 14:37:42,723 - elsapy.utils - INFO - Module loaded.
2024-09-07 14:37:42,723 - elsapy.elsprofile - INFO - Module loaded.
2024-09-07 14:37:42,724 - elsapy.elsdoc - INFO - Module loaded.
2024-09-07 14:37:42,725 - elsapy.elssearch - INFO - Module loaded.
2024-09-07 14:38:28,096 - elsapy.elsclient - INFO - Module loaded.
2024-09-07 14:38:28,098 - elsapy.elsentity - INFO - Module loaded.
2024-09-07 14:38:28,098 - elsapy.utils - INFO - Module loaded.
2024-09-07 14:38:28,099 - elsapy.elsprofile - INFO - Module loaded.
2024-09-07 14:38:28,099 - elsapy.elsdoc - INFO - Module loaded.
2024-09-07 14:38:28,100 - elsapy.elssearch - INFO - Module loaded.
2024-09-07 14:38:49,848 - elsapy.elsclient - INFO - Module loaded.
2024-09-07 14:38:49,849 - elsapy.elsentity - INFO - Module loaded.
2024-09-07 14:38:49,850 - elsapy.utils - INFO - Module loaded.
2024-09-07 14:38:49,850 - elsapy.elsprofile - INFO - Module loaded.
2024-09-07 14:38:49,851 - elsapy.elsdoc - INFO - Module loaded.
2024-09-07 14:38:49,851 - elsapy.elssearch - INFO - Module loaded.
2024-09-07 14:39:35,785 - elsapy.elsclient - INFO - Module loaded.
2024-09-07 14:39:35,786 - elsapy.elsentity - INFO - Module loaded.
2024-09-07 14:39:35,787 - elsapy.utils - INFO - Module loaded.
2024-09-07 14:39:35,787 - elsapy.elsprofile - INFO - Module loaded.
2024-09-07 14:39:35,788 - elsapy.elsdoc - INFO - Module loaded.
2024-09-07 14:39:35,788 - elsapy.elssearch - INFO - Module loaded.
2024-09-07 14:40:01,470 - elsapy.elsclient - INFO - Module loaded.
2024-09-07 14:40:01,472 - elsapy.elsentity - INFO - Module loaded.
2024-09-07 14:40:01,472 - elsapy.utils - INFO - Module loaded.
2024-09-07 14:40:01,473 - elsapy.elsprofile - INFO - Module loaded.
2024-09-07 14:40:01,473 - elsapy.elsdoc - INFO - Module loaded.
2024-09-07 14:40:01,474 - elsapy.elssearch - INFO - Module loaded.
2024-09-07 14:41:23,186 - elsapy.elsclient - INFO - Module loaded.
2024-09-07 14:41:23,187 - elsapy.elsentity - INFO - Module loaded.
2024-09-07 14:41:23,188 - elsapy.utils - INFO - Module loaded.
2024-09-07 14:41:23,188 - elsapy.elsprofile - INFO - Module loaded.
2024-09-07 14:41:23,189 - elsapy.elsdoc - INFO - Module loaded.
2024-09-07 14:41:23,189 - elsapy.elssearch - INFO - Module loaded.
2024-09-07 14:41:58,734 - elsapy.elsclient - INFO - Module loaded.
2024-09-07 14:41:58,735 - elsapy.elsentity - INFO - Module loaded.
2024-09-07 14:41:58,736 - elsapy.utils - INFO - Module loaded.
2024-09-07 14:41:58,736 - elsapy.elsprofile - INFO - Module loaded.
2024-09-07 14:41:58,737 - elsapy.elsdoc - INFO - Module loaded.
2024-09-07 14:41:58,737 - elsapy.elssearch - INFO - Module loaded.
2024-09-07 14:42:19,867 - elsapy.elsclient - INFO - Module loaded.
2024-09-07 14:42:19,868 - elsapy.elsentity - INFO - Module loaded.
2024-09-07 14:42:19,869 - elsapy.utils - INFO - Module loaded.
2024-09-07 14:42:19,869 - elsapy.elsprofile - INFO - Module loaded.
2024-09-07 14:42:19,870 - elsapy.elsdoc - INFO - Module loaded.
2024-09-07 14:42:19,871 - elsapy.elssearch - INFO - Module loaded.
2024-09-07 14:45:33,437 - elsapy.elsclient - INFO - Module loaded.
2024-09-07 14:45:33,438 - elsapy.elsentity - INFO - Module loaded.
2024-09-07 14:45:33,439 - elsapy.utils - INFO - Module loaded.
2024-09-07 14:45:33,439 - elsapy.elsprofile - INFO - Module loaded.
2024-09-07 14:45:33,440 - elsapy.elsdoc - INFO - Module loaded.
2024-09-07 14:45:33,440 - elsapy.elssearch - INFO - Module loaded.
2024-09-07 14:46:41,225 - elsapy.elsclient - INFO - Module loaded.
2024-09-07 14:46:41,226 - elsapy.elsentity - INFO - Module loaded.
2024-09-07 14:46:41,226 - elsapy.utils - INFO - Module loaded.
2024-09-07 14:46:41,227 - elsapy.elsprofile - INFO - Module loaded.
2024-09-07 14:46:41,227 - elsapy.elsdoc - INFO - Module loaded.
2024-09-07 14:46:41,228 - elsapy.elssearch - INFO - Module loaded.
2024-09-07 14:48:10,612 - elsapy.elsclient - INFO - Module loaded.
2024-09-07 14:48:10,613 - elsapy.elsentity - INFO - Module loaded.
2024-09-07 14:48:10,613 - elsapy.utils - INFO - Module loaded.
2024-09-07 14:48:10,614 - elsapy.elsprofile - INFO - Module loaded.
2024-09-07 14:48:10,614 - elsapy.elsdoc - INFO - Module loaded.
2024-09-07 14:48:10,615 - elsapy.elssearch - INFO - Module loaded.
2024-09-07 15:09:33,534 - elsapy.elsclient - INFO - Module loaded.
2024-09-07 15:09:33,535 - elsapy.elsentity - INFO - Module loaded.
2024-09-07 15:09:33,536 - elsapy.utils - INFO - Module loaded.
2024-09-07 15:09:33,536 - elsapy.elsprofile - INFO - Module loaded.
2024-09-07 15:09:33,537 - elsapy.elsdoc - INFO - Module loaded.
2024-09-07 15:09:33,538 - elsapy.elssearch - INFO - Module loaded.
2024-09-07 15:12:48,388 - elsapy.elsclient - INFO - Module loaded.
2024-09-07 15:12:48,389 - elsapy.elsentity - INFO - Module loaded.
2024-09-07 15:12:48,390 - elsapy.utils - INFO - Module loaded.
2024-09-07 15:12:48,390 - elsapy.elsprofile - INFO - Module loaded.
2024-09-07 15:12:48,391 - elsapy.elsdoc - INFO - Module loaded.
2024-09-07 15:12:48,391 - elsapy.elssearch - INFO - Module loaded.
2024-09-07 15:13:33,401 - elsapy.elsclient - INFO - Module loaded.
2024-09-07 15:13:33,402 - elsapy.elsentity - INFO - Module loaded.
2024-09-07 15:13:33,403 - elsapy.utils - INFO - Module loaded.
2024-09-07 15:13:33,403 - elsapy.elsprofile - INFO - Module loaded.
2024-09-07 15:13:33,404 - elsapy.elsdoc - INFO - Module loaded.
2024-09-07 15:13:33,405 - elsapy.elssearch - INFO - Module loaded.
2024-09-07 15:14:32,915 - elsapy.elsclient - INFO - Module loaded.
2024-09-07 15:14:32,917 - elsapy.elsentity - INFO - Module loaded.
2024-09-07 15:14:32,917 - elsapy.utils - INFO - Module loaded.
2024-09-07 15:14:32,918 - elsapy.elsprofile - INFO - Module loaded.
2024-09-07 15:14:32,918 - elsapy.elsdoc - INFO - Module loaded.
2024-09-07 15:14:32,919 - elsapy.elssearch - INFO - Module loaded.
2024-09-07 17:01:48,332 - elsapy.elsclient - INFO - Module loaded.
2024-09-07 17:01:48,334 - elsapy.elsentity - INFO - Module loaded.
2024-09-07 17:01:48,334 - elsapy.utils - INFO - Module loaded.
2024-09-07 17:01:48,335 - elsapy.elsprofile - INFO - Module loaded.
2024-09-07 17:01:48,335 - elsapy.elsdoc - INFO - Module loaded.
2024-09-07 17:01:48,336 - elsapy.elssearch - INFO - Module loaded.
2024-09-07 17:02:11,919 - elsapy.elsclient - INFO - Module loaded.
2024-09-07 17:02:11,920 - elsapy.elsentity - INFO - Module loaded.
2024-09-07 17:02:11,921 - elsapy.utils - INFO - Module loaded.
2024-09-07 17:02:11,921 - elsapy.elsprofile - INFO - Module loaded.
2024-09-07 17:02:11,922 - elsapy.elsdoc - INFO - Module loaded.
2024-09-07 17:02:11,923 - elsapy.elssearch - INFO - Module loaded.
2024-09-07 17:02:55,345 - elsapy.elsclient - INFO - Module loaded.
2024-09-07 17:02:55,346 - elsapy.elsentity - INFO - Module loaded.
2024-09-07 17:02:55,347 - elsapy.utils - INFO - Module loaded.
2024-09-07 17:02:55,347 - elsapy.elsprofile - INFO - Module loaded.
2024-09-07 17:02:55,348 - elsapy.elsdoc - INFO - Module loaded.
2024-09-07 17:02:55,348 - elsapy.elssearch - INFO - Module loaded.
2024-09-07 17:03:14,754 - elsapy.elsclient - INFO - Module loaded.
2024-09-07 17:03:14,755 - elsapy.elsentity - INFO - Module loaded.
2024-09-07 17:03:14,756 - elsapy.utils - INFO - Module loaded.
2024-09-07 17:03:14,756 - elsapy.elsprofile - INFO - Module loaded.
2024-09-07 17:03:14,757 - elsapy.elsdoc - INFO - Module loaded.
2024-09-07 17:03:14,757 - elsapy.elssearch - INFO - Module loaded.
2024-09-07 17:05:39,177 - elsapy.elsclient - INFO - Module loaded.
2024-09-07 17:05:39,178 - elsapy.elsentity - INFO - Module loaded.
2024-09-07 17:05:39,179 - elsapy.utils - INFO - Module loaded.
2024-09-07 17:05:39,179 - elsapy.elsprofile - INFO - Module loaded.
2024-09-07 17:05:39,180 - elsapy.elsdoc - INFO - Module loaded.
2024-09-07 17:05:39,181 - elsapy.elssearch - INFO - Module loaded.
2024-09-07 17:08:35,946 - elsapy.elsclient - INFO - Module loaded.
2024-09-07 17:08:35,947 - elsapy.elsentity - INFO - Module loaded.
2024-09-07 17:08:35,947 - elsapy.utils - INFO - Module loaded.
2024-09-07 17:08:35,948 - elsapy.elsprofile - INFO - Module loaded.
2024-09-07 17:08:35,948 - elsapy.elsdoc - INFO - Module loaded.
2024-09-07 17:08:35,949 - elsapy.elssearch - INFO - Module loaded.
2024-09-07 17:09:18,419 - elsapy.elsclient - INFO - Module loaded.
2024-09-07 17:09:18,421 - elsapy.elsentity - INFO - Module loaded.
2024-09-07 17:09:18,421 - elsapy.utils - INFO - Module loaded.
2024-09-07 17:09:18,422 - elsapy.elsprofile - INFO - Module loaded.
2024-09-07 17:09:18,422 - elsapy.elsdoc - INFO - Module loaded.
2024-09-07 17:09:18,423 - elsapy.elssearch - INFO - Module loaded.
2024-09-07 17:09:49,213 - elsapy.elsclient - INFO - Module loaded.
2024-09-07 17:09:49,215 - elsapy.elsentity - INFO - Module loaded.
2024-09-07 17:09:49,215 - elsapy.utils - INFO - Module loaded.
2024-09-07 17:09:49,216 - elsapy.elsprofile - INFO - Module loaded.
2024-09-07 17:09:49,216 - elsapy.elsdoc - INFO - Module loaded.
2024-09-07 17:09:49,217 - elsapy.elssearch - INFO - Module loaded.
2024-09-07 17:10:30,086 - elsapy.elsclient - INFO - Module loaded.
2024-09-07 17:10:30,088 - elsapy.elsentity - INFO - Module loaded.
2024-09-07 17:10:30,088 - elsapy.utils - INFO - Module loaded.
2024-09-07 17:10:30,088 - elsapy.elsprofile - INFO - Module loaded.
2024-09-07 17:10:30,089 - elsapy.elsdoc - INFO - Module loaded.
2024-09-07 17:10:30,090 - elsapy.elssearch - INFO - Module loaded.
2024-09-07 17:11:28,532 - elsapy.elsclient - INFO - Module loaded.
2024-09-07 17:11:28,533 - elsapy.elsentity - INFO - Module loaded.
2024-09-07 17:11:28,534 - elsapy.utils - INFO - Module loaded.
2024-09-07 17:11:28,535 - elsapy.elsprofile - INFO - Module loaded.
2024-09-07 17:11:28,535 - elsapy.elsdoc - INFO - Module loaded.
2024-09-07 17:11:28,536 - elsapy.elssearch - INFO - Module loaded.
2024-09-07 17:12:12,243 - elsapy.elsclient - INFO - Module loaded.
2024-09-07 17:12:12,244 - elsapy.elsentity - INFO - Module loaded.
2024-09-07 17:12:12,245 - elsapy.utils - INFO - Module loaded.
2024-09-07 17:12:12,245 - elsapy.elsprofile - INFO - Module loaded.
2024-09-07 17:12:12,246 - elsapy.elsdoc - INFO - Module loaded.
2024-09-07 17:12:12,247 - elsapy.elssearch - INFO - Module loaded.
2024-09-07 17:13:04,964 - elsapy.elsclient - INFO - Module loaded.
2024-09-07 17:13:04,965 - elsapy.elsentity - INFO - Module loaded.
2024-09-07 17:13:04,966 - elsapy.utils - INFO - Module loaded.
2024-09-07 17:13:04,966 - elsapy.elsprofile - INFO - Module loaded.
2024-09-07 17:13:04,967 - elsapy.elsdoc - INFO - Module loaded.
2024-09-07 17:13:04,968 - elsapy.elssearch - INFO - Module loaded.
2024-09-07 17:14:01,211 - elsapy.elsclient - INFO - Module loaded.
2024-09-07 17:14:01,212 - elsapy.elsentity - INFO - Module loaded.
2024-09-07 17:14:01,213 - elsapy.utils - INFO - Module loaded.
2024-09-07 17:14:01,213 - elsapy.elsprofile - INFO - Module loaded.
2024-09-07 17:14:01,214 - elsapy.elsdoc - INFO - Module loaded.
2024-09-07 17:14:01,215 - elsapy.elssearch - INFO - Module loaded.
2024-09-07 17:14:30,087 - elsapy.elsclient - INFO - Module loaded.
2024-09-07 17:14:30,088 - elsapy.elsentity - INFO - Module loaded.
2024-09-07 17:14:30,089 - elsapy.utils - INFO - Module loaded.
2024-09-07 17:14:30,089 - elsapy.elsprofile - INFO - Module loaded.
2024-09-07 17:14:30,090 - elsapy.elsdoc - INFO - Module loaded.
2024-09-07 17:14:30,091 - elsapy.elssearch - INFO - Module loaded.
2024-09-07 17:15:07,429 - elsapy.elsclient - INFO - Module loaded.
2024-09-07 17:15:07,430 - elsapy.elsentity - INFO - Module loaded.
2024-09-07 17:15:07,431 - elsapy.utils - INFO - Module loaded.
2024-09-07 17:15:07,431 - elsapy.elsprofile - INFO - Module loaded.
2024-09-07 17:15:07,432 - elsapy.elsdoc - INFO - Module loaded.
2024-09-07 17:15:07,433 - elsapy.elssearch - INFO - Module loaded.
2024-09-07 17:16:14,359 - elsapy.elsclient - INFO - Module loaded.
2024-09-07 17:16:14,360 - elsapy.elsentity - INFO - Module loaded.
2024-09-07 17:16:14,361 - elsapy.utils - INFO - Module loaded.
2024-09-07 17:16:14,361 - elsapy.elsprofile - INFO - Module loaded.
2024-09-07 17:16:14,362 - elsapy.elsdoc - INFO - Module loaded.
2024-09-07 17:16:14,363 - elsapy.elssearch - INFO - Module loaded.
2024-09-07 17:18:15,362 - elsapy.elsclient - INFO - Module loaded.
2024-09-07 17:18:15,363 - elsapy.elsentity - INFO - Module loaded.
2024-09-07 17:18:15,364 - elsapy.utils - INFO - Module loaded.
2024-09-07 17:18:15,364 - elsapy.elsprofile - INFO - Module loaded.
2024-09-07 17:18:15,365 - elsapy.elsdoc - INFO - Module loaded.
2024-09-07 17:18:15,366 - elsapy.elssearch - INFO - Module loaded.
2024-09-07 17:19:42,132 - elsapy.elsclient - INFO - Module loaded.
2024-09-07 17:19:42,133 - elsapy.elsentity - INFO - Module loaded.
2024-09-07 17:19:42,134 - elsapy.utils - INFO - Module loaded.
2024-09-07 17:19:42,134 - elsapy.elsprofile - INFO - Module loaded.
2024-09-07 17:19:42,135 - elsapy.elsdoc - INFO - Module loaded.
2024-09-07 17:19:42,136 - elsapy.elssearch - INFO - Module loaded.
2024-09-07 17:22:10,283 - elsapy.elsclient - INFO - Module loaded.
2024-09-07 17:22:10,284 - elsapy.elsentity - INFO - Module loaded.
2024-09-07 17:22:10,285 - elsapy.utils - INFO - Module loaded.
2024-09-07 17:22:10,285 - elsapy.elsprofile - INFO - Module loaded.
2024-09-07 17:22:10,286 - elsapy.elsdoc - INFO - Module loaded.
2024-09-07 17:22:10,287 - elsapy.elssearch - INFO - Module loaded.
2024-09-07 17:27:08,934 - elsapy.elsclient - INFO - Module loaded.
2024-09-07 17:27:08,935 - elsapy.elsentity - INFO - Module loaded.
2024-09-07 17:27:08,936 - elsapy.utils - INFO - Module loaded.
2024-09-07 17:27:08,936 - elsapy.elsprofile - INFO - Module loaded.
2024-09-07 17:27:08,937 - elsapy.elsdoc - INFO - Module loaded.
2024-09-07 17:27:08,938 - elsapy.elssearch - INFO - Module loaded.
2024-09-07 17:29:57,488 - elsapy.elsclient - INFO - Module loaded.
2024-09-07 17:29:57,489 - elsapy.elsentity - INFO - Module loaded.
2024-09-07 17:29:57,490 - elsapy.utils - INFO - Module loaded.
2024-09-07 17:29:57,490 - elsapy.elsprofile - INFO - Module loaded.
2024-09-07 17:29:57,491 - elsapy.elsdoc - INFO - Module loaded.
2024-09-07 17:29:57,492 - elsapy.elssearch - INFO - Module loaded.
2024-09-07 17:34:45,316 - elsapy.elsclient - INFO - Module loaded.
2024-09-07 17:34:45,317 - elsapy.elsentity - INFO - Module loaded.
2024-09-07 17:34:45,318 - elsapy.utils - INFO - Module loaded.
2024-09-07 17:34:45,318 - elsapy.elsprofile - INFO - Module loaded.
2024-09-07 17:34:45,319 - elsapy.elsdoc - INFO - Module loaded.
2024-09-07 17:34:45,320 - elsapy.elssearch - INFO - Module loaded.
2024-09-07 17:35:42,591 - elsapy.elsclient - INFO - Module loaded.
2024-09-07 17:35:42,592 - elsapy.elsentity - INFO - Module loaded.
2024-09-07 17:35:42,593 - elsapy.utils - INFO - Module loaded.
2024-09-07 17:35:42,593 - elsapy.elsprofile - INFO - Module loaded.
2024-09-07 17:35:42,594 - elsapy.elsdoc - INFO - Module loaded.
2024-09-07 17:35:42,594 - elsapy.elssearch - INFO - Module loaded.
2024-09-07 17:44:49,514 - elsapy.elsclient - INFO - Module loaded.
2024-09-07 17:44:49,515 - elsapy.elsentity - INFO - Module loaded.
2024-09-07 17:44:49,515 - elsapy.utils - INFO - Module loaded.
2024-09-07 17:44:49,516 - elsapy.elsprofile - INFO - Module loaded.
2024-09-07 17:44:49,517 - elsapy.elsdoc - INFO - Module loaded.
2024-09-07 17:44:49,517 - elsapy.elssearch - INFO - Module loaded.
2024-09-07 17:46:50,049 - elsapy.elsclient - INFO - Module loaded.
2024-09-07 17:46:50,050 - elsapy.elsentity - INFO - Module loaded.
2024-09-07 17:46:50,051 - elsapy.utils - INFO - Module loaded.
2024-09-07 17:46:50,051 - elsapy.elsprofile - INFO - Module loaded.
2024-09-07 17:46:50,052 - elsapy.elsdoc - INFO - Module loaded.
2024-09-07 17:46:50,052 - elsapy.elssearch - INFO - Module loaded.
2024-09-07 17:52:30,128 - elsapy.elsclient - INFO - Module loaded.
2024-09-07 17:52:30,129 - elsapy.elsentity - INFO - Module loaded.
2024-09-07 17:52:30,129 - elsapy.utils - INFO - Module loaded.
2024-09-07 17:52:30,130 - elsapy.elsprofile - INFO - Module loaded.
2024-09-07 17:52:30,130 - elsapy.elsdoc - INFO - Module loaded.
2024-09-07 17:52:30,131 - elsapy.elssearch - INFO - Module loaded.
2024-09-07 17:54:14,637 - elsapy.elsclient - INFO - Module loaded.
2024-09-07 17:54:14,638 - elsapy.elsentity - INFO - Module loaded.
2024-09-07 17:54:14,639 - elsapy.utils - INFO - Module loaded.
2024-09-07 17:54:14,639 - elsapy.elsprofile - INFO - Module loaded.
2024-09-07 17:54:14,640 - elsapy.elsdoc - INFO - Module loaded.
2024-09-07 17:54:14,640 - elsapy.elssearch - INFO - Module loaded.
2024-09-07 17:54:41,962 - elsapy.elsclient - INFO - Module loaded.
2024-09-07 17:54:41,963 - elsapy.elsentity - INFO - Module loaded.
2024-09-07 17:54:41,964 - elsapy.utils - INFO - Module loaded.
2024-09-07 17:54:41,964 - elsapy.elsprofile - INFO - Module loaded.
2024-09-07 17:54:41,965 - elsapy.elsdoc - INFO - Module loaded.
2024-09-07 17:54:41,966 - elsapy.elssearch - INFO - Module loaded.
2024-09-07 17:55:54,406 - elsapy.elsclient - INFO - Module loaded.
2024-09-07 17:55:54,407 - elsapy.elsentity - INFO - Module loaded.
2024-09-07 17:55:54,408 - elsapy.utils - INFO - Module loaded.
2024-09-07 17:55:54,408 - elsapy.elsprofile - INFO - Module loaded.
2024-09-07 17:55:54,409 - elsapy.elsdoc - INFO - Module loaded.
2024-09-07 17:55:54,409 - elsapy.elssearch - INFO - Module loaded.
2024-09-07 17:56:30,778 - elsapy.elsclient - INFO - Module loaded.
2024-09-07 17:56:30,779 - elsapy.elsentity - INFO - Module loaded.
2024-09-07 17:56:30,780 - elsapy.utils - INFO - Module loaded.
2024-09-07 17:56:30,780 - elsapy.elsprofile - INFO - Module loaded.
2024-09-07 17:56:30,781 - elsapy.elsdoc - INFO - Module loaded.
2024-09-07 17:56:30,782 - elsapy.elssearch - INFO - Module loaded.
2024-09-07 17:57:03,692 - elsapy.elsclient - INFO - Module loaded.
2024-09-07 17:57:03,694 - elsapy.elsentity - INFO - Module loaded.
2024-09-07 17:57:03,694 - elsapy.utils - INFO - Module loaded.
2024-09-07 17:57:03,695 - elsapy.elsprofile - INFO - Module loaded.
2024-09-07 17:57:03,695 - elsapy.elsdoc - INFO - Module loaded.
2024-09-07 17:57:03,695 - elsapy.elssearch - INFO - Module loaded.
2024-09-07 17:59:40,573 - elsapy.elsclient - INFO - Module loaded.
2024-09-07 17:59:40,574 - elsapy.elsentity - INFO - Module loaded.
2024-09-07 17:59:40,575 - elsapy.utils - INFO - Module loaded.
2024-09-07 17:59:40,575 - elsapy.elsprofile - INFO - Module loaded.
2024-09-07 17:59:40,576 - elsapy.elsdoc - INFO - Module loaded.
2024-09-07 17:59:40,577 - elsapy.elssearch - INFO - Module loaded.
2024-09-07 18:00:16,837 - elsapy.elsclient - INFO - Module loaded.
2024-09-07 18:00:16,838 - elsapy.elsentity - INFO - Module loaded.
2024-09-07 18:00:16,839 - elsapy.utils - INFO - Module loaded.
2024-09-07 18:00:16,839 - elsapy.elsprofile - INFO - Module loaded.
2024-09-07 18:00:16,840 - elsapy.elsdoc - INFO - Module loaded.
2024-09-07 18:00:16,840 - elsapy.elssearch - INFO - Module loaded.
2024-09-07 18:00:57,117 - elsapy.elsclient - INFO - Module loaded.
2024-09-07 18:00:57,118 - elsapy.elsentity - INFO - Module loaded.
2024-09-07 18:00:57,119 - elsapy.utils - INFO - Module loaded.
2024-09-07 18:00:57,119 - elsapy.elsprofile - INFO - Module loaded.
2024-09-07 18:00:57,120 - elsapy.elsdoc - INFO - Module loaded.
2024-09-07 18:00:57,120 - elsapy.elssearch - INFO - Module loaded.
2024-09-07 18:01:44,033 - elsapy.elsclient - INFO - Module loaded.
2024-09-07 18:01:44,034 - elsapy.elsentity - INFO - Module loaded.
2024-09-07 18:01:44,035 - elsapy.utils - INFO - Module loaded.
2024-09-07 18:01:44,035 - elsapy.elsprofile - INFO - Module loaded.
2024-09-07 18:01:44,037 - elsapy.elsdoc - INFO - Module loaded.
2024-09-07 18:01:44,037 - elsapy.elssearch - INFO - Module loaded.
2024-09-07 18:02:28,217 - elsapy.elsclient - INFO - Module loaded.
2024-09-07 18:02:28,218 - elsapy.elsentity - INFO - Module loaded.
2024-09-07 18:02:28,219 - elsapy.utils - INFO - Module loaded.
2024-09-07 18:02:28,219 - elsapy.elsprofile - INFO - Module loaded.
2024-09-07 18:02:28,220 - elsapy.elsdoc - INFO - Module loaded.
2024-09-07 18:02:28,221 - elsapy.elssearch - INFO - Module loaded.
2024-09-07 18:03:05,872 - elsapy.elsclient - INFO - Module loaded.
2024-09-07 18:03:05,873 - elsapy.elsentity - INFO - Module loaded.
2024-09-07 18:03:05,874 - elsapy.utils - INFO - Module loaded.
2024-09-07 18:03:05,874 - elsapy.elsprofile - INFO - Module loaded.
2024-09-07 18:03:05,875 - elsapy.elsdoc - INFO - Module loaded.
2024-09-07 18:03:05,876 - elsapy.elssearch - INFO - Module loaded.
2024-09-07 18:05:06,392 - elsapy.elsclient - INFO - Module loaded.
2024-09-07 18:05:06,393 - elsapy.elsentity - INFO - Module loaded.
2024-09-07 18:05:06,394 - elsapy.utils - INFO - Module loaded.
2024-09-07 18:05:06,394 - elsapy.elsprofile - INFO - Module loaded.
2024-09-07 18:05:06,395 - elsapy.elsdoc - INFO - Module loaded.
2024-09-07 18:05:06,396 - elsapy.elssearch - INFO - Module loaded.
2024-09-07 18:05:59,903 - elsapy.elsclient - INFO - Module loaded.
2024-09-07 18:05:59,904 - elsapy.elsentity - INFO - Module loaded.
2024-09-07 18:05:59,905 - elsapy.utils - INFO - Module loaded.
2024-09-07 18:05:59,905 - elsapy.elsprofile - INFO - Module loaded.
2024-09-07 18:05:59,906 - elsapy.elsdoc - INFO - Module loaded.
2024-09-07 18:05:59,906 - elsapy.elssearch - INFO - Module loaded.
2024-09-07 18:06:43,457 - elsapy.elsclient - INFO - Module loaded.
2024-09-07 18:06:43,458 - elsapy.elsentity - INFO - Module loaded.
2024-09-07 18:06:43,459 - elsapy.utils - INFO - Module loaded.
2024-09-07 18:06:43,459 - elsapy.elsprofile - INFO - Module loaded.
2024-09-07 18:06:43,460 - elsapy.elsdoc - INFO - Module loaded.
2024-09-07 18:06:43,460 - elsapy.elssearch - INFO - Module loaded.
2024-09-07 18:07:13,070 - elsapy.elsclient - INFO - Module loaded.
2024-09-07 18:07:13,072 - elsapy.elsentity - INFO - Module loaded.
2024-09-07 18:07:13,072 - elsapy.utils - INFO - Module loaded.
2024-09-07 18:07:13,073 - elsapy.elsprofile - INFO - Module loaded.
2024-09-07 18:07:13,074 - elsapy.elsdoc - INFO - Module loaded.
2024-09-07 18:07:13,074 - elsapy.elssearch - INFO - Module loaded.
2024-09-07 18:08:36,845 - elsapy.elsclient - INFO - Module loaded.
2024-09-07 18:08:36,846 - elsapy.elsentity - INFO - Module loaded.
2024-09-07 18:08:36,847 - elsapy.utils - INFO - Module loaded.
2024-09-07 18:08:36,847 - elsapy.elsprofile - INFO - Module loaded.
2024-09-07 18:08:36,848 - elsapy.elsdoc - INFO - Module loaded.
2024-09-07 18:08:36,848 - elsapy.elssearch - INFO - Module loaded.
2024-09-07 18:10:30,683 - elsapy.elsclient - INFO - Module loaded.
2024-09-07 18:10:30,684 - elsapy.elsentity - INFO - Module loaded.
2024-09-07 18:10:30,685 - elsapy.utils - INFO - Module loaded.
2024-09-07 18:10:30,685 - elsapy.elsprofile - INFO - Module loaded.
2024-09-07 18:10:30,686 - elsapy.elsdoc - INFO - Module loaded.
2024-09-07 18:10:30,687 - elsapy.elssearch - INFO - Module loaded.
2024-09-07 18:11:06,910 - elsapy.elsclient - INFO - Module loaded.
2024-09-07 18:11:06,911 - elsapy.elsentity - INFO - Module loaded.
2024-09-07 18:11:06,912 - elsapy.utils - INFO - Module loaded.
2024-09-07 18:11:06,912 - elsapy.elsprofile - INFO - Module loaded.
2024-09-07 18:11:06,913 - elsapy.elsdoc - INFO - Module loaded.
2024-09-07 18:11:06,914 - elsapy.elssearch - INFO - Module loaded.
2024-09-07 18:11:34,767 - elsapy.elsclient - INFO - Module loaded.
2024-09-07 18:11:34,768 - elsapy.elsentity - INFO - Module loaded.
2024-09-07 18:11:34,769 - elsapy.utils - INFO - Module loaded.
2024-09-07 18:11:34,769 - elsapy.elsprofile - INFO - Module loaded.
2024-09-07 18:11:34,770 - elsapy.elsdoc - INFO - Module loaded.
2024-09-07 18:11:34,771 - elsapy.elssearch - INFO - Module loaded.
2024-09-07 18:12:04,696 - elsapy.elsclient - INFO - Module loaded.
2024-09-07 18:12:04,698 - elsapy.elsentity - INFO - Module loaded.
2024-09-07 18:12:04,698 - elsapy.utils - INFO - Module loaded.
2024-09-07 18:12:04,699 - elsapy.elsprofile - INFO - Module loaded.
2024-09-07 18:12:04,699 - elsapy.elsdoc - INFO - Module loaded.
2024-09-07 18:12:04,700 - elsapy.elssearch - INFO - Module loaded.
