2024-05-17 08:17:16,044 - elsapy.elsclient - INFO - Module loaded.
2024-05-17 08:17:16,045 - elsapy.elsentity - INFO - Module loaded.
2024-05-17 08:17:16,046 - elsapy.utils - INFO - Module loaded.
2024-05-17 08:17:16,046 - elsapy.elsprofile - INFO - Module loaded.
2024-05-17 08:17:16,047 - elsapy.elsdoc - INFO - Module loaded.
2024-05-17 08:17:16,048 - elsapy.elssearch - INFO - Module loaded.
2024-05-17 08:17:32,925 - elsapy.elsclient - INFO - Module loaded.
2024-05-17 08:17:32,926 - elsapy.elsentity - INFO - Module loaded.
2024-05-17 08:17:32,926 - elsapy.utils - INFO - Module loaded.
2024-05-17 08:17:32,927 - elsapy.elsprofile - INFO - Module loaded.
2024-05-17 08:17:32,927 - elsapy.elsdoc - INFO - Module loaded.
2024-05-17 08:17:32,929 - elsapy.elssearch - INFO - Module loaded.
2024-05-17 10:10:24,508 - elsapy.elsclient - INFO - Module loaded.
2024-05-17 10:10:24,509 - elsapy.elsentity - INFO - Module loaded.
2024-05-17 10:10:24,509 - elsapy.utils - INFO - Module loaded.
2024-05-17 10:10:24,510 - elsapy.elsprofile - INFO - Module loaded.
2024-05-17 10:10:24,510 - elsapy.elsdoc - INFO - Module loaded.
2024-05-17 10:10:24,511 - elsapy.elssearch - INFO - Module loaded.
2024-05-17 10:10:59,653 - elsapy.elsclient - INFO - Module loaded.
2024-05-17 10:10:59,655 - elsapy.elsentity - INFO - Module loaded.
2024-05-17 10:10:59,655 - elsapy.utils - INFO - Module loaded.
2024-05-17 10:10:59,655 - elsapy.elsprofile - INFO - Module loaded.
2024-05-17 10:10:59,656 - elsapy.elsdoc - INFO - Module loaded.
2024-05-17 10:10:59,657 - elsapy.elssearch - INFO - Module loaded.
2024-05-17 11:15:30,070 - elsapy.elsclient - INFO - Module loaded.
2024-05-17 11:15:30,071 - elsapy.elsentity - INFO - Module loaded.
2024-05-17 11:15:30,072 - elsapy.utils - INFO - Module loaded.
2024-05-17 11:15:30,072 - elsapy.elsprofile - INFO - Module loaded.
2024-05-17 11:15:30,073 - elsapy.elsdoc - INFO - Module loaded.
2024-05-17 11:15:30,074 - elsapy.elssearch - INFO - Module loaded.
2024-05-17 11:17:18,964 - elsapy.elsclient - INFO - Module loaded.
2024-05-17 11:17:18,965 - elsapy.elsentity - INFO - Module loaded.
2024-05-17 11:17:18,965 - elsapy.utils - INFO - Module loaded.
2024-05-17 11:17:18,966 - elsapy.elsprofile - INFO - Module loaded.
2024-05-17 11:17:18,966 - elsapy.elsdoc - INFO - Module loaded.
2024-05-17 11:17:18,967 - elsapy.elssearch - INFO - Module loaded.
2024-05-17 13:50:05,775 - elsapy.elsclient - INFO - Module loaded.
2024-05-17 13:50:05,777 - elsapy.elsentity - INFO - Module loaded.
2024-05-17 13:50:05,777 - elsapy.utils - INFO - Module loaded.
2024-05-17 13:50:05,778 - elsapy.elsprofile - INFO - Module loaded.
2024-05-17 13:50:05,778 - elsapy.elsdoc - INFO - Module loaded.
2024-05-17 13:50:05,779 - elsapy.elssearch - INFO - Module loaded.
2024-05-17 14:04:55,087 - elsapy.elsclient - INFO - Module loaded.
2024-05-17 14:04:55,089 - elsapy.elsentity - INFO - Module loaded.
2024-05-17 14:04:55,089 - elsapy.utils - INFO - Module loaded.
2024-05-17 14:04:55,090 - elsapy.elsprofile - INFO - Module loaded.
2024-05-17 14:04:55,091 - elsapy.elsdoc - INFO - Module loaded.
2024-05-17 14:04:55,091 - elsapy.elssearch - INFO - Module loaded.
2024-05-17 14:27:12,922 - elsapy.elsclient - INFO - Module loaded.
2024-05-17 14:27:12,923 - elsapy.elsentity - INFO - Module loaded.
2024-05-17 14:27:12,924 - elsapy.utils - INFO - Module loaded.
2024-05-17 14:27:12,925 - elsapy.elsprofile - INFO - Module loaded.
2024-05-17 14:27:12,926 - elsapy.elsdoc - INFO - Module loaded.
2024-05-17 14:27:12,927 - elsapy.elssearch - INFO - Module loaded.
2024-05-17 15:15:55,167 - elsapy.elsclient - INFO - Module loaded.
2024-05-17 15:15:55,168 - elsapy.elsentity - INFO - Module loaded.
2024-05-17 15:15:55,168 - elsapy.utils - INFO - Module loaded.
2024-05-17 15:15:55,169 - elsapy.elsprofile - INFO - Module loaded.
2024-05-17 15:15:55,169 - elsapy.elsdoc - INFO - Module loaded.
2024-05-17 15:15:55,170 - elsapy.elssearch - INFO - Module loaded.
2024-05-17 16:25:02,298 - elsapy.elsclient - INFO - Module loaded.
2024-05-17 16:25:02,299 - elsapy.elsentity - INFO - Module loaded.
2024-05-17 16:25:02,300 - elsapy.utils - INFO - Module loaded.
2024-05-17 16:25:02,300 - elsapy.elsprofile - INFO - Module loaded.
2024-05-17 16:25:02,301 - elsapy.elsdoc - INFO - Module loaded.
2024-05-17 16:25:02,302 - elsapy.elssearch - INFO - Module loaded.
2024-05-17 18:02:26,687 - elsapy.elsclient - INFO - Module loaded.
2024-05-17 18:02:26,696 - elsapy.elsentity - INFO - Module loaded.
2024-05-17 18:02:26,699 - elsapy.utils - INFO - Module loaded.
2024-05-17 18:02:26,699 - elsapy.elsprofile - INFO - Module loaded.
2024-05-17 18:02:26,702 - elsapy.elsdoc - INFO - Module loaded.
2024-05-17 18:02:26,705 - elsapy.elssearch - INFO - Module loaded.
2024-05-17 18:52:53,458 - elsapy.elsclient - INFO - Module loaded.
2024-05-17 18:52:53,460 - elsapy.elsentity - INFO - Module loaded.
2024-05-17 18:52:53,460 - elsapy.utils - INFO - Module loaded.
2024-05-17 18:52:53,461 - elsapy.elsprofile - INFO - Module loaded.
2024-05-17 18:52:53,461 - elsapy.elsdoc - INFO - Module loaded.
2024-05-17 18:52:53,462 - elsapy.elssearch - INFO - Module loaded.
2024-05-17 18:54:55,281 - elsapy.elsclient - INFO - Module loaded.
2024-05-17 18:54:55,282 - elsapy.elsentity - INFO - Module loaded.
2024-05-17 18:54:55,283 - elsapy.utils - INFO - Module loaded.
2024-05-17 18:54:55,283 - elsapy.elsprofile - INFO - Module loaded.
2024-05-17 18:54:55,284 - elsapy.elsdoc - INFO - Module loaded.
2024-05-17 18:54:55,285 - elsapy.elssearch - INFO - Module loaded.
2024-05-17 23:23:36,328 - elsapy.elsclient - INFO - Module loaded.
2024-05-17 23:23:36,329 - elsapy.elsentity - INFO - Module loaded.
2024-05-17 23:23:36,329 - elsapy.utils - INFO - Module loaded.
2024-05-17 23:23:36,330 - elsapy.elsprofile - INFO - Module loaded.
2024-05-17 23:23:36,330 - elsapy.elsdoc - INFO - Module loaded.
2024-05-17 23:23:36,331 - elsapy.elssearch - INFO - Module loaded.
2024-05-17 23:46:59,948 - elsapy.elsclient - INFO - Module loaded.
2024-05-17 23:46:59,949 - elsapy.elsentity - INFO - Module loaded.
2024-05-17 23:46:59,950 - elsapy.utils - INFO - Module loaded.
2024-05-17 23:46:59,950 - elsapy.elsprofile - INFO - Module loaded.
2024-05-17 23:46:59,951 - elsapy.elsdoc - INFO - Module loaded.
2024-05-17 23:46:59,951 - elsapy.elssearch - INFO - Module loaded.
2024-05-17 23:58:42,702 - elsapy.elsclient - INFO - Module loaded.
2024-05-17 23:58:42,703 - elsapy.elsentity - INFO - Module loaded.
2024-05-17 23:58:42,703 - elsapy.utils - INFO - Module loaded.
2024-05-17 23:58:42,703 - elsapy.elsprofile - INFO - Module loaded.
2024-05-17 23:58:42,704 - elsapy.elsdoc - INFO - Module loaded.
2024-05-17 23:58:42,705 - elsapy.elssearch - INFO - Module loaded.
