2024-09-09 09:45:29,706 - elsapy.elsclient - INFO - Module loaded.
2024-09-09 09:45:29,709 - elsapy.elsentity - INFO - Module loaded.
2024-09-09 09:45:29,710 - elsapy.utils - INFO - Module loaded.
2024-09-09 09:45:29,710 - elsapy.elsprofile - INFO - Module loaded.
2024-09-09 09:45:29,711 - elsapy.elsdoc - INFO - Module loaded.
2024-09-09 09:45:29,712 - elsapy.elssearch - INFO - Module loaded.
2024-09-09 09:51:00,404 - elsapy.elsclient - INFO - Module loaded.
2024-09-09 09:51:00,405 - elsapy.elsentity - INFO - Module loaded.
2024-09-09 09:51:00,405 - elsapy.utils - INFO - Module loaded.
2024-09-09 09:51:00,406 - elsapy.elsprofile - INFO - Module loaded.
2024-09-09 09:51:00,406 - elsapy.elsdoc - INFO - Module loaded.
2024-09-09 09:51:00,409 - elsapy.elssearch - INFO - Module loaded.
2024-09-09 10:01:42,268 - elsapy.elsclient - INFO - Module loaded.
2024-09-09 10:01:42,269 - elsapy.elsentity - INFO - Module loaded.
2024-09-09 10:01:42,270 - elsapy.utils - INFO - Module loaded.
2024-09-09 10:01:42,270 - elsapy.elsprofile - INFO - Module loaded.
2024-09-09 10:01:42,271 - elsapy.elsdoc - INFO - Module loaded.
2024-09-09 10:01:42,272 - elsapy.elssearch - INFO - Module loaded.
2024-09-09 10:13:48,647 - elsapy.elsclient - INFO - Module loaded.
2024-09-09 10:13:48,648 - elsapy.elsentity - INFO - Module loaded.
2024-09-09 10:13:48,648 - elsapy.utils - INFO - Module loaded.
2024-09-09 10:13:48,649 - elsapy.elsprofile - INFO - Module loaded.
2024-09-09 10:13:48,649 - elsapy.elsdoc - INFO - Module loaded.
2024-09-09 10:13:48,650 - elsapy.elssearch - INFO - Module loaded.
2024-09-09 10:31:13,281 - elsapy.elsclient - INFO - Module loaded.
2024-09-09 10:31:13,282 - elsapy.elsentity - INFO - Module loaded.
2024-09-09 10:31:13,283 - elsapy.utils - INFO - Module loaded.
2024-09-09 10:31:13,283 - elsapy.elsprofile - INFO - Module loaded.
2024-09-09 10:31:13,284 - elsapy.elsdoc - INFO - Module loaded.
2024-09-09 10:31:13,284 - elsapy.elssearch - INFO - Module loaded.
2024-09-09 10:31:42,565 - elsapy.elsclient - INFO - Module loaded.
2024-09-09 10:31:42,566 - elsapy.elsentity - INFO - Module loaded.
2024-09-09 10:31:42,567 - elsapy.utils - INFO - Module loaded.
2024-09-09 10:31:42,567 - elsapy.elsprofile - INFO - Module loaded.
2024-09-09 10:31:42,568 - elsapy.elsdoc - INFO - Module loaded.
2024-09-09 10:31:42,569 - elsapy.elssearch - INFO - Module loaded.
2024-09-09 10:32:17,685 - elsapy.elsclient - INFO - Module loaded.
2024-09-09 10:32:17,687 - elsapy.elsentity - INFO - Module loaded.
2024-09-09 10:32:17,687 - elsapy.utils - INFO - Module loaded.
2024-09-09 10:32:17,688 - elsapy.elsprofile - INFO - Module loaded.
2024-09-09 10:32:17,688 - elsapy.elsdoc - INFO - Module loaded.
2024-09-09 10:32:17,689 - elsapy.elssearch - INFO - Module loaded.
2024-09-09 10:33:50,576 - elsapy.elsclient - INFO - Module loaded.
2024-09-09 10:33:50,578 - elsapy.elsentity - INFO - Module loaded.
2024-09-09 10:33:50,578 - elsapy.utils - INFO - Module loaded.
2024-09-09 10:33:50,579 - elsapy.elsprofile - INFO - Module loaded.
2024-09-09 10:33:50,579 - elsapy.elsdoc - INFO - Module loaded.
2024-09-09 10:33:50,580 - elsapy.elssearch - INFO - Module loaded.
2024-09-09 10:35:27,937 - elsapy.elsclient - INFO - Module loaded.
2024-09-09 10:35:27,938 - elsapy.elsentity - INFO - Module loaded.
2024-09-09 10:35:27,939 - elsapy.utils - INFO - Module loaded.
2024-09-09 10:35:27,939 - elsapy.elsprofile - INFO - Module loaded.
2024-09-09 10:35:27,940 - elsapy.elsdoc - INFO - Module loaded.
2024-09-09 10:35:27,941 - elsapy.elssearch - INFO - Module loaded.
2024-09-09 10:37:05,610 - elsapy.elsclient - INFO - Module loaded.
2024-09-09 10:37:05,611 - elsapy.elsentity - INFO - Module loaded.
2024-09-09 10:37:05,611 - elsapy.utils - INFO - Module loaded.
2024-09-09 10:37:05,612 - elsapy.elsprofile - INFO - Module loaded.
2024-09-09 10:37:05,612 - elsapy.elsdoc - INFO - Module loaded.
2024-09-09 10:37:05,613 - elsapy.elssearch - INFO - Module loaded.
2024-09-09 10:39:36,544 - elsapy.elsclient - INFO - Module loaded.
2024-09-09 10:39:36,545 - elsapy.elsentity - INFO - Module loaded.
2024-09-09 10:39:36,545 - elsapy.utils - INFO - Module loaded.
2024-09-09 10:39:36,546 - elsapy.elsprofile - INFO - Module loaded.
2024-09-09 10:39:36,546 - elsapy.elsdoc - INFO - Module loaded.
2024-09-09 10:39:36,547 - elsapy.elssearch - INFO - Module loaded.
2024-09-09 10:40:12,547 - elsapy.elsclient - INFO - Module loaded.
2024-09-09 10:40:12,548 - elsapy.elsentity - INFO - Module loaded.
2024-09-09 10:40:12,548 - elsapy.utils - INFO - Module loaded.
2024-09-09 10:40:12,549 - elsapy.elsprofile - INFO - Module loaded.
2024-09-09 10:40:12,549 - elsapy.elsdoc - INFO - Module loaded.
2024-09-09 10:40:12,550 - elsapy.elssearch - INFO - Module loaded.
2024-09-09 10:40:38,070 - elsapy.elsclient - INFO - Module loaded.
2024-09-09 10:40:38,071 - elsapy.elsentity - INFO - Module loaded.
2024-09-09 10:40:38,072 - elsapy.utils - INFO - Module loaded.
2024-09-09 10:40:38,072 - elsapy.elsprofile - INFO - Module loaded.
2024-09-09 10:40:38,073 - elsapy.elsdoc - INFO - Module loaded.
2024-09-09 10:40:38,074 - elsapy.elssearch - INFO - Module loaded.
2024-09-09 10:41:48,263 - elsapy.elsclient - INFO - Module loaded.
2024-09-09 10:41:48,264 - elsapy.elsentity - INFO - Module loaded.
2024-09-09 10:41:48,264 - elsapy.utils - INFO - Module loaded.
2024-09-09 10:41:48,265 - elsapy.elsprofile - INFO - Module loaded.
2024-09-09 10:41:48,265 - elsapy.elsdoc - INFO - Module loaded.
2024-09-09 10:41:48,266 - elsapy.elssearch - INFO - Module loaded.
2024-09-09 10:51:26,728 - elsapy.elsclient - INFO - Module loaded.
2024-09-09 10:51:26,729 - elsapy.elsentity - INFO - Module loaded.
2024-09-09 10:51:26,730 - elsapy.utils - INFO - Module loaded.
2024-09-09 10:51:26,730 - elsapy.elsprofile - INFO - Module loaded.
2024-09-09 10:51:26,731 - elsapy.elsdoc - INFO - Module loaded.
2024-09-09 10:51:26,732 - elsapy.elssearch - INFO - Module loaded.
2024-09-09 10:52:12,372 - elsapy.elsclient - INFO - Module loaded.
2024-09-09 10:52:12,373 - elsapy.elsentity - INFO - Module loaded.
2024-09-09 10:52:12,374 - elsapy.utils - INFO - Module loaded.
2024-09-09 10:52:12,374 - elsapy.elsprofile - INFO - Module loaded.
2024-09-09 10:52:12,375 - elsapy.elsdoc - INFO - Module loaded.
2024-09-09 10:52:12,376 - elsapy.elssearch - INFO - Module loaded.
2024-09-09 10:53:12,337 - elsapy.elsclient - INFO - Module loaded.
2024-09-09 10:53:12,338 - elsapy.elsentity - INFO - Module loaded.
2024-09-09 10:53:12,338 - elsapy.utils - INFO - Module loaded.
2024-09-09 10:53:12,339 - elsapy.elsprofile - INFO - Module loaded.
2024-09-09 10:53:12,339 - elsapy.elsdoc - INFO - Module loaded.
2024-09-09 10:53:12,340 - elsapy.elssearch - INFO - Module loaded.
2024-09-09 10:54:43,200 - elsapy.elsclient - INFO - Module loaded.
2024-09-09 10:54:43,201 - elsapy.elsentity - INFO - Module loaded.
2024-09-09 10:54:43,202 - elsapy.utils - INFO - Module loaded.
2024-09-09 10:54:43,202 - elsapy.elsprofile - INFO - Module loaded.
2024-09-09 10:54:43,203 - elsapy.elsdoc - INFO - Module loaded.
2024-09-09 10:54:43,203 - elsapy.elssearch - INFO - Module loaded.
2024-09-09 10:55:31,450 - elsapy.elsclient - INFO - Module loaded.
2024-09-09 10:55:31,452 - elsapy.elsentity - INFO - Module loaded.
2024-09-09 10:55:31,452 - elsapy.utils - INFO - Module loaded.
2024-09-09 10:55:31,452 - elsapy.elsprofile - INFO - Module loaded.
2024-09-09 10:55:31,453 - elsapy.elsdoc - INFO - Module loaded.
2024-09-09 10:55:31,454 - elsapy.elssearch - INFO - Module loaded.
2024-09-09 10:56:46,469 - elsapy.elsclient - INFO - Module loaded.
2024-09-09 10:56:46,470 - elsapy.elsentity - INFO - Module loaded.
2024-09-09 10:56:46,471 - elsapy.utils - INFO - Module loaded.
2024-09-09 10:56:46,471 - elsapy.elsprofile - INFO - Module loaded.
2024-09-09 10:56:46,472 - elsapy.elsdoc - INFO - Module loaded.
2024-09-09 10:56:46,473 - elsapy.elssearch - INFO - Module loaded.
2024-09-09 10:57:46,003 - elsapy.elsclient - INFO - Module loaded.
2024-09-09 10:57:46,004 - elsapy.elsentity - INFO - Module loaded.
2024-09-09 10:57:46,005 - elsapy.utils - INFO - Module loaded.
2024-09-09 10:57:46,005 - elsapy.elsprofile - INFO - Module loaded.
2024-09-09 10:57:46,006 - elsapy.elsdoc - INFO - Module loaded.
2024-09-09 10:57:46,006 - elsapy.elssearch - INFO - Module loaded.
2024-09-09 10:58:38,307 - elsapy.elsclient - INFO - Module loaded.
2024-09-09 10:58:38,308 - elsapy.elsentity - INFO - Module loaded.
2024-09-09 10:58:38,308 - elsapy.utils - INFO - Module loaded.
2024-09-09 10:58:38,309 - elsapy.elsprofile - INFO - Module loaded.
2024-09-09 10:58:38,309 - elsapy.elsdoc - INFO - Module loaded.
2024-09-09 10:58:38,310 - elsapy.elssearch - INFO - Module loaded.
2024-09-09 10:59:40,917 - elsapy.elsclient - INFO - Module loaded.
2024-09-09 10:59:40,918 - elsapy.elsentity - INFO - Module loaded.
2024-09-09 10:59:40,919 - elsapy.utils - INFO - Module loaded.
2024-09-09 10:59:40,919 - elsapy.elsprofile - INFO - Module loaded.
2024-09-09 10:59:40,920 - elsapy.elsdoc - INFO - Module loaded.
2024-09-09 10:59:40,920 - elsapy.elssearch - INFO - Module loaded.
2024-09-09 12:09:17,134 - elsapy.elsclient - INFO - Module loaded.
2024-09-09 12:09:17,135 - elsapy.elsentity - INFO - Module loaded.
2024-09-09 12:09:17,136 - elsapy.utils - INFO - Module loaded.
2024-09-09 12:09:17,136 - elsapy.elsprofile - INFO - Module loaded.
2024-09-09 12:09:17,137 - elsapy.elsdoc - INFO - Module loaded.
2024-09-09 12:09:17,138 - elsapy.elssearch - INFO - Module loaded.
2024-09-09 12:10:26,372 - elsapy.elsclient - INFO - Module loaded.
2024-09-09 12:10:26,373 - elsapy.elsentity - INFO - Module loaded.
2024-09-09 12:10:26,374 - elsapy.utils - INFO - Module loaded.
2024-09-09 12:10:26,374 - elsapy.elsprofile - INFO - Module loaded.
2024-09-09 12:10:26,375 - elsapy.elsdoc - INFO - Module loaded.
2024-09-09 12:10:26,375 - elsapy.elssearch - INFO - Module loaded.
2024-09-09 12:12:55,359 - elsapy.elsclient - INFO - Module loaded.
2024-09-09 12:12:55,360 - elsapy.elsentity - INFO - Module loaded.
2024-09-09 12:12:55,361 - elsapy.utils - INFO - Module loaded.
2024-09-09 12:12:55,361 - elsapy.elsprofile - INFO - Module loaded.
2024-09-09 12:12:55,362 - elsapy.elsdoc - INFO - Module loaded.
2024-09-09 12:12:55,362 - elsapy.elssearch - INFO - Module loaded.
2024-09-09 12:13:57,133 - elsapy.elsclient - INFO - Module loaded.
2024-09-09 12:13:57,134 - elsapy.elsentity - INFO - Module loaded.
2024-09-09 12:13:57,135 - elsapy.utils - INFO - Module loaded.
2024-09-09 12:13:57,135 - elsapy.elsprofile - INFO - Module loaded.
2024-09-09 12:13:57,136 - elsapy.elsdoc - INFO - Module loaded.
2024-09-09 12:13:57,137 - elsapy.elssearch - INFO - Module loaded.
2024-09-09 12:14:09,407 - elsapy.elsclient - INFO - Module loaded.
2024-09-09 12:14:09,408 - elsapy.elsentity - INFO - Module loaded.
2024-09-09 12:14:09,409 - elsapy.utils - INFO - Module loaded.
2024-09-09 12:14:09,409 - elsapy.elsprofile - INFO - Module loaded.
2024-09-09 12:14:09,410 - elsapy.elsdoc - INFO - Module loaded.
2024-09-09 12:14:09,411 - elsapy.elssearch - INFO - Module loaded.
2024-09-09 12:16:47,720 - elsapy.elsclient - INFO - Module loaded.
2024-09-09 12:16:47,721 - elsapy.elsentity - INFO - Module loaded.
2024-09-09 12:16:47,722 - elsapy.utils - INFO - Module loaded.
2024-09-09 12:16:47,722 - elsapy.elsprofile - INFO - Module loaded.
2024-09-09 12:16:47,723 - elsapy.elsdoc - INFO - Module loaded.
2024-09-09 12:16:47,724 - elsapy.elssearch - INFO - Module loaded.
2024-09-09 12:21:14,150 - elsapy.elsclient - INFO - Module loaded.
2024-09-09 12:21:14,151 - elsapy.elsentity - INFO - Module loaded.
2024-09-09 12:21:14,152 - elsapy.utils - INFO - Module loaded.
2024-09-09 12:21:14,152 - elsapy.elsprofile - INFO - Module loaded.
2024-09-09 12:21:14,153 - elsapy.elsdoc - INFO - Module loaded.
2024-09-09 12:21:14,154 - elsapy.elssearch - INFO - Module loaded.
2024-09-09 12:24:19,048 - elsapy.elsclient - INFO - Module loaded.
2024-09-09 12:24:19,049 - elsapy.elsentity - INFO - Module loaded.
2024-09-09 12:24:19,050 - elsapy.utils - INFO - Module loaded.
2024-09-09 12:24:19,050 - elsapy.elsprofile - INFO - Module loaded.
2024-09-09 12:24:19,051 - elsapy.elsdoc - INFO - Module loaded.
2024-09-09 12:24:19,052 - elsapy.elssearch - INFO - Module loaded.
2024-09-09 12:25:12,729 - elsapy.elsclient - INFO - Module loaded.
2024-09-09 12:25:12,730 - elsapy.elsentity - INFO - Module loaded.
2024-09-09 12:25:12,730 - elsapy.utils - INFO - Module loaded.
2024-09-09 12:25:12,731 - elsapy.elsprofile - INFO - Module loaded.
2024-09-09 12:25:12,731 - elsapy.elsdoc - INFO - Module loaded.
2024-09-09 12:25:12,732 - elsapy.elssearch - INFO - Module loaded.
2024-09-09 12:29:50,660 - elsapy.elsclient - INFO - Module loaded.
2024-09-09 12:29:50,661 - elsapy.elsentity - INFO - Module loaded.
2024-09-09 12:29:50,662 - elsapy.utils - INFO - Module loaded.
2024-09-09 12:29:50,662 - elsapy.elsprofile - INFO - Module loaded.
2024-09-09 12:29:50,663 - elsapy.elsdoc - INFO - Module loaded.
2024-09-09 12:29:50,664 - elsapy.elssearch - INFO - Module loaded.
2024-09-09 12:35:51,673 - elsapy.elsclient - INFO - Module loaded.
2024-09-09 12:35:51,675 - elsapy.elsentity - INFO - Module loaded.
2024-09-09 12:35:51,676 - elsapy.utils - INFO - Module loaded.
2024-09-09 12:35:51,677 - elsapy.elsprofile - INFO - Module loaded.
2024-09-09 12:35:51,678 - elsapy.elsdoc - INFO - Module loaded.
2024-09-09 12:35:51,680 - elsapy.elssearch - INFO - Module loaded.
2024-09-09 12:49:12,820 - elsapy.elsclient - INFO - Module loaded.
2024-09-09 12:49:12,821 - elsapy.elsentity - INFO - Module loaded.
2024-09-09 12:49:12,822 - elsapy.utils - INFO - Module loaded.
2024-09-09 12:49:12,822 - elsapy.elsprofile - INFO - Module loaded.
2024-09-09 12:49:12,823 - elsapy.elsdoc - INFO - Module loaded.
2024-09-09 12:49:12,824 - elsapy.elssearch - INFO - Module loaded.
2024-09-09 12:50:05,632 - elsapy.elsclient - INFO - Module loaded.
2024-09-09 12:50:05,633 - elsapy.elsentity - INFO - Module loaded.
2024-09-09 12:50:05,634 - elsapy.utils - INFO - Module loaded.
2024-09-09 12:50:05,634 - elsapy.elsprofile - INFO - Module loaded.
2024-09-09 12:50:05,635 - elsapy.elsdoc - INFO - Module loaded.
2024-09-09 12:50:05,636 - elsapy.elssearch - INFO - Module loaded.
2024-09-09 12:52:34,145 - elsapy.elsclient - INFO - Module loaded.
2024-09-09 12:52:34,146 - elsapy.elsentity - INFO - Module loaded.
2024-09-09 12:52:34,147 - elsapy.utils - INFO - Module loaded.
2024-09-09 12:52:34,147 - elsapy.elsprofile - INFO - Module loaded.
2024-09-09 12:52:34,148 - elsapy.elsdoc - INFO - Module loaded.
2024-09-09 12:52:34,149 - elsapy.elssearch - INFO - Module loaded.
2024-09-09 12:55:28,668 - elsapy.elsclient - INFO - Module loaded.
2024-09-09 12:55:28,670 - elsapy.elsentity - INFO - Module loaded.
2024-09-09 12:55:28,670 - elsapy.utils - INFO - Module loaded.
2024-09-09 12:55:28,671 - elsapy.elsprofile - INFO - Module loaded.
2024-09-09 12:55:28,671 - elsapy.elsdoc - INFO - Module loaded.
2024-09-09 12:55:28,672 - elsapy.elssearch - INFO - Module loaded.
2024-09-09 12:59:15,527 - elsapy.elsclient - INFO - Module loaded.
2024-09-09 12:59:15,529 - elsapy.elsentity - INFO - Module loaded.
2024-09-09 12:59:15,529 - elsapy.utils - INFO - Module loaded.
2024-09-09 12:59:15,530 - elsapy.elsprofile - INFO - Module loaded.
2024-09-09 12:59:15,530 - elsapy.elsdoc - INFO - Module loaded.
2024-09-09 12:59:15,531 - elsapy.elssearch - INFO - Module loaded.
2024-09-09 13:01:43,110 - elsapy.elsclient - INFO - Module loaded.
2024-09-09 13:01:43,111 - elsapy.elsentity - INFO - Module loaded.
2024-09-09 13:01:43,111 - elsapy.utils - INFO - Module loaded.
2024-09-09 13:01:43,112 - elsapy.elsprofile - INFO - Module loaded.
2024-09-09 13:01:43,112 - elsapy.elsdoc - INFO - Module loaded.
2024-09-09 13:01:43,113 - elsapy.elssearch - INFO - Module loaded.
2024-09-09 13:03:33,949 - elsapy.elsclient - INFO - Module loaded.
2024-09-09 13:03:33,950 - elsapy.elsentity - INFO - Module loaded.
2024-09-09 13:03:33,950 - elsapy.utils - INFO - Module loaded.
2024-09-09 13:03:33,951 - elsapy.elsprofile - INFO - Module loaded.
2024-09-09 13:03:33,952 - elsapy.elsdoc - INFO - Module loaded.
2024-09-09 13:03:33,952 - elsapy.elssearch - INFO - Module loaded.
2024-09-09 13:06:16,044 - elsapy.elsclient - INFO - Module loaded.
2024-09-09 13:06:16,045 - elsapy.elsentity - INFO - Module loaded.
2024-09-09 13:06:16,046 - elsapy.utils - INFO - Module loaded.
2024-09-09 13:06:16,046 - elsapy.elsprofile - INFO - Module loaded.
2024-09-09 13:06:16,047 - elsapy.elsdoc - INFO - Module loaded.
2024-09-09 13:06:16,048 - elsapy.elssearch - INFO - Module loaded.
2024-09-09 13:07:37,335 - elsapy.elsclient - INFO - Module loaded.
2024-09-09 13:07:37,336 - elsapy.elsentity - INFO - Module loaded.
2024-09-09 13:07:37,336 - elsapy.utils - INFO - Module loaded.
2024-09-09 13:07:37,337 - elsapy.elsprofile - INFO - Module loaded.
2024-09-09 13:07:37,337 - elsapy.elsdoc - INFO - Module loaded.
2024-09-09 13:07:37,338 - elsapy.elssearch - INFO - Module loaded.
2024-09-09 13:17:17,644 - elsapy.elsclient - INFO - Module loaded.
2024-09-09 13:17:17,645 - elsapy.elsentity - INFO - Module loaded.
2024-09-09 13:17:17,646 - elsapy.utils - INFO - Module loaded.
2024-09-09 13:17:17,646 - elsapy.elsprofile - INFO - Module loaded.
2024-09-09 13:17:17,647 - elsapy.elsdoc - INFO - Module loaded.
2024-09-09 13:17:17,648 - elsapy.elssearch - INFO - Module loaded.
2024-09-09 13:19:39,459 - elsapy.elsclient - INFO - Module loaded.
2024-09-09 13:19:39,460 - elsapy.elsentity - INFO - Module loaded.
2024-09-09 13:19:39,461 - elsapy.utils - INFO - Module loaded.
2024-09-09 13:19:39,461 - elsapy.elsprofile - INFO - Module loaded.
2024-09-09 13:19:39,462 - elsapy.elsdoc - INFO - Module loaded.
2024-09-09 13:19:39,463 - elsapy.elssearch - INFO - Module loaded.
2024-09-09 13:24:35,056 - elsapy.elsclient - INFO - Module loaded.
2024-09-09 13:24:35,057 - elsapy.elsentity - INFO - Module loaded.
2024-09-09 13:24:35,058 - elsapy.utils - INFO - Module loaded.
2024-09-09 13:24:35,059 - elsapy.elsprofile - INFO - Module loaded.
2024-09-09 13:24:35,059 - elsapy.elsdoc - INFO - Module loaded.
2024-09-09 13:24:35,060 - elsapy.elssearch - INFO - Module loaded.
2024-09-09 13:28:40,090 - elsapy.elsclient - INFO - Module loaded.
2024-09-09 13:28:40,092 - elsapy.elsentity - INFO - Module loaded.
2024-09-09 13:28:40,092 - elsapy.utils - INFO - Module loaded.
2024-09-09 13:28:40,093 - elsapy.elsprofile - INFO - Module loaded.
2024-09-09 13:28:40,093 - elsapy.elsdoc - INFO - Module loaded.
2024-09-09 13:28:40,094 - elsapy.elssearch - INFO - Module loaded.
2024-09-09 13:29:50,390 - elsapy.elsclient - INFO - Module loaded.
2024-09-09 13:29:50,391 - elsapy.elsentity - INFO - Module loaded.
2024-09-09 13:29:50,391 - elsapy.utils - INFO - Module loaded.
2024-09-09 13:29:50,392 - elsapy.elsprofile - INFO - Module loaded.
2024-09-09 13:29:50,392 - elsapy.elsdoc - INFO - Module loaded.
2024-09-09 13:29:50,393 - elsapy.elssearch - INFO - Module loaded.
2024-09-09 13:31:56,924 - elsapy.elsclient - INFO - Module loaded.
2024-09-09 13:31:56,925 - elsapy.elsentity - INFO - Module loaded.
2024-09-09 13:31:56,926 - elsapy.utils - INFO - Module loaded.
2024-09-09 13:31:56,926 - elsapy.elsprofile - INFO - Module loaded.
2024-09-09 13:31:56,927 - elsapy.elsdoc - INFO - Module loaded.
2024-09-09 13:31:56,928 - elsapy.elssearch - INFO - Module loaded.
2024-09-09 13:49:16,467 - elsapy.elsclient - INFO - Module loaded.
2024-09-09 13:49:16,468 - elsapy.elsentity - INFO - Module loaded.
2024-09-09 13:49:16,469 - elsapy.utils - INFO - Module loaded.
2024-09-09 13:49:16,469 - elsapy.elsprofile - INFO - Module loaded.
2024-09-09 13:49:16,470 - elsapy.elsdoc - INFO - Module loaded.
2024-09-09 13:49:16,471 - elsapy.elssearch - INFO - Module loaded.
2024-09-09 13:49:48,978 - elsapy.elsclient - INFO - Module loaded.
2024-09-09 13:49:48,979 - elsapy.elsentity - INFO - Module loaded.
2024-09-09 13:49:48,980 - elsapy.utils - INFO - Module loaded.
2024-09-09 13:49:48,980 - elsapy.elsprofile - INFO - Module loaded.
2024-09-09 13:49:48,981 - elsapy.elsdoc - INFO - Module loaded.
2024-09-09 13:49:48,982 - elsapy.elssearch - INFO - Module loaded.
2024-09-09 14:20:53,050 - elsapy.elsclient - INFO - Module loaded.
2024-09-09 14:20:53,051 - elsapy.elsentity - INFO - Module loaded.
2024-09-09 14:20:53,052 - elsapy.utils - INFO - Module loaded.
2024-09-09 14:20:53,052 - elsapy.elsprofile - INFO - Module loaded.
2024-09-09 14:20:53,053 - elsapy.elsdoc - INFO - Module loaded.
2024-09-09 14:20:53,053 - elsapy.elssearch - INFO - Module loaded.
2024-09-09 14:23:04,220 - elsapy.elsclient - INFO - Module loaded.
2024-09-09 14:23:04,221 - elsapy.elsentity - INFO - Module loaded.
2024-09-09 14:23:04,221 - elsapy.utils - INFO - Module loaded.
2024-09-09 14:23:04,222 - elsapy.elsprofile - INFO - Module loaded.
2024-09-09 14:23:04,222 - elsapy.elsdoc - INFO - Module loaded.
2024-09-09 14:23:04,223 - elsapy.elssearch - INFO - Module loaded.
2024-09-09 14:24:02,561 - elsapy.elsclient - INFO - Module loaded.
2024-09-09 14:24:02,562 - elsapy.elsentity - INFO - Module loaded.
2024-09-09 14:24:02,562 - elsapy.utils - INFO - Module loaded.
2024-09-09 14:24:02,563 - elsapy.elsprofile - INFO - Module loaded.
2024-09-09 14:24:02,563 - elsapy.elsdoc - INFO - Module loaded.
2024-09-09 14:24:02,564 - elsapy.elssearch - INFO - Module loaded.
2024-09-09 14:25:22,279 - elsapy.elsclient - INFO - Module loaded.
2024-09-09 14:25:22,280 - elsapy.elsentity - INFO - Module loaded.
2024-09-09 14:25:22,281 - elsapy.utils - INFO - Module loaded.
2024-09-09 14:25:22,281 - elsapy.elsprofile - INFO - Module loaded.
2024-09-09 14:25:22,282 - elsapy.elsdoc - INFO - Module loaded.
2024-09-09 14:25:22,282 - elsapy.elssearch - INFO - Module loaded.
2024-09-09 14:26:22,612 - elsapy.elsclient - INFO - Module loaded.
2024-09-09 14:26:22,613 - elsapy.elsentity - INFO - Module loaded.
2024-09-09 14:26:22,614 - elsapy.utils - INFO - Module loaded.
2024-09-09 14:26:22,614 - elsapy.elsprofile - INFO - Module loaded.
2024-09-09 14:26:22,615 - elsapy.elsdoc - INFO - Module loaded.
2024-09-09 14:26:22,616 - elsapy.elssearch - INFO - Module loaded.
2024-09-09 14:27:39,230 - elsapy.elsclient - INFO - Module loaded.
2024-09-09 14:27:39,231 - elsapy.elsentity - INFO - Module loaded.
2024-09-09 14:27:39,232 - elsapy.utils - INFO - Module loaded.
2024-09-09 14:27:39,232 - elsapy.elsprofile - INFO - Module loaded.
2024-09-09 14:27:39,233 - elsapy.elsdoc - INFO - Module loaded.
2024-09-09 14:27:39,234 - elsapy.elssearch - INFO - Module loaded.
2024-09-09 14:28:33,332 - elsapy.elsclient - INFO - Module loaded.
2024-09-09 14:28:33,333 - elsapy.elsentity - INFO - Module loaded.
2024-09-09 14:28:33,333 - elsapy.utils - INFO - Module loaded.
2024-09-09 14:28:33,334 - elsapy.elsprofile - INFO - Module loaded.
2024-09-09 14:28:33,335 - elsapy.elsdoc - INFO - Module loaded.
2024-09-09 14:28:33,335 - elsapy.elssearch - INFO - Module loaded.
2024-09-09 14:29:25,208 - elsapy.elsclient - INFO - Module loaded.
2024-09-09 14:29:25,209 - elsapy.elsentity - INFO - Module loaded.
2024-09-09 14:29:25,210 - elsapy.utils - INFO - Module loaded.
2024-09-09 14:29:25,210 - elsapy.elsprofile - INFO - Module loaded.
2024-09-09 14:29:25,211 - elsapy.elsdoc - INFO - Module loaded.
2024-09-09 14:29:25,211 - elsapy.elssearch - INFO - Module loaded.
2024-09-09 14:30:54,323 - elsapy.elsclient - INFO - Module loaded.
2024-09-09 14:30:54,324 - elsapy.elsentity - INFO - Module loaded.
2024-09-09 14:30:54,325 - elsapy.utils - INFO - Module loaded.
2024-09-09 14:30:54,325 - elsapy.elsprofile - INFO - Module loaded.
2024-09-09 14:30:54,326 - elsapy.elsdoc - INFO - Module loaded.
2024-09-09 14:30:54,327 - elsapy.elssearch - INFO - Module loaded.
2024-09-09 14:35:42,272 - elsapy.elsclient - INFO - Module loaded.
2024-09-09 14:35:42,273 - elsapy.elsentity - INFO - Module loaded.
2024-09-09 14:35:42,274 - elsapy.utils - INFO - Module loaded.
2024-09-09 14:35:42,274 - elsapy.elsprofile - INFO - Module loaded.
2024-09-09 14:35:42,275 - elsapy.elsdoc - INFO - Module loaded.
2024-09-09 14:35:42,276 - elsapy.elssearch - INFO - Module loaded.
2024-09-09 14:38:55,161 - elsapy.elsclient - INFO - Module loaded.
2024-09-09 14:38:55,163 - elsapy.elsentity - INFO - Module loaded.
2024-09-09 14:38:55,163 - elsapy.utils - INFO - Module loaded.
2024-09-09 14:38:55,164 - elsapy.elsprofile - INFO - Module loaded.
2024-09-09 14:38:55,164 - elsapy.elsdoc - INFO - Module loaded.
2024-09-09 14:38:55,165 - elsapy.elssearch - INFO - Module loaded.
2024-09-09 15:50:13,160 - elsapy.elsclient - INFO - Module loaded.
2024-09-09 15:50:13,161 - elsapy.elsentity - INFO - Module loaded.
2024-09-09 15:50:13,161 - elsapy.utils - INFO - Module loaded.
2024-09-09 15:50:13,162 - elsapy.elsprofile - INFO - Module loaded.
2024-09-09 15:50:13,163 - elsapy.elsdoc - INFO - Module loaded.
2024-09-09 15:50:13,163 - elsapy.elssearch - INFO - Module loaded.
2024-09-09 15:51:31,779 - elsapy.elsclient - INFO - Module loaded.
2024-09-09 15:51:31,780 - elsapy.elsentity - INFO - Module loaded.
2024-09-09 15:51:31,781 - elsapy.utils - INFO - Module loaded.
2024-09-09 15:51:31,781 - elsapy.elsprofile - INFO - Module loaded.
2024-09-09 15:51:31,782 - elsapy.elsdoc - INFO - Module loaded.
2024-09-09 15:51:31,783 - elsapy.elssearch - INFO - Module loaded.
2024-09-09 15:55:04,043 - elsapy.elsclient - INFO - Module loaded.
2024-09-09 15:55:04,044 - elsapy.elsentity - INFO - Module loaded.
2024-09-09 15:55:04,045 - elsapy.utils - INFO - Module loaded.
2024-09-09 15:55:04,045 - elsapy.elsprofile - INFO - Module loaded.
2024-09-09 15:55:04,046 - elsapy.elsdoc - INFO - Module loaded.
2024-09-09 15:55:04,046 - elsapy.elssearch - INFO - Module loaded.
2024-09-09 15:55:25,391 - elsapy.elsclient - INFO - Module loaded.
2024-09-09 15:55:25,392 - elsapy.elsentity - INFO - Module loaded.
2024-09-09 15:55:25,393 - elsapy.utils - INFO - Module loaded.
2024-09-09 15:55:25,393 - elsapy.elsprofile - INFO - Module loaded.
2024-09-09 15:55:25,394 - elsapy.elsdoc - INFO - Module loaded.
2024-09-09 15:55:25,394 - elsapy.elssearch - INFO - Module loaded.
2024-09-09 15:57:45,690 - elsapy.elsclient - INFO - Module loaded.
2024-09-09 15:57:45,691 - elsapy.elsentity - INFO - Module loaded.
2024-09-09 15:57:45,691 - elsapy.utils - INFO - Module loaded.
2024-09-09 15:57:45,692 - elsapy.elsprofile - INFO - Module loaded.
2024-09-09 15:57:45,692 - elsapy.elsdoc - INFO - Module loaded.
2024-09-09 15:57:45,693 - elsapy.elssearch - INFO - Module loaded.
2024-09-09 15:59:24,525 - elsapy.elsclient - INFO - Module loaded.
2024-09-09 15:59:24,526 - elsapy.elsentity - INFO - Module loaded.
2024-09-09 15:59:24,527 - elsapy.utils - INFO - Module loaded.
2024-09-09 15:59:24,527 - elsapy.elsprofile - INFO - Module loaded.
2024-09-09 15:59:24,528 - elsapy.elsdoc - INFO - Module loaded.
2024-09-09 15:59:24,529 - elsapy.elssearch - INFO - Module loaded.
2024-09-09 16:15:52,903 - elsapy.elsclient - INFO - Module loaded.
2024-09-09 16:15:52,904 - elsapy.elsentity - INFO - Module loaded.
2024-09-09 16:15:52,904 - elsapy.utils - INFO - Module loaded.
2024-09-09 16:15:52,905 - elsapy.elsprofile - INFO - Module loaded.
2024-09-09 16:15:52,905 - elsapy.elsdoc - INFO - Module loaded.
2024-09-09 16:15:52,906 - elsapy.elssearch - INFO - Module loaded.
2024-09-09 16:24:32,483 - elsapy.elsclient - INFO - Module loaded.
2024-09-09 16:24:32,484 - elsapy.elsentity - INFO - Module loaded.
2024-09-09 16:24:32,484 - elsapy.utils - INFO - Module loaded.
2024-09-09 16:24:32,485 - elsapy.elsprofile - INFO - Module loaded.
2024-09-09 16:24:32,486 - elsapy.elsdoc - INFO - Module loaded.
2024-09-09 16:24:32,486 - elsapy.elssearch - INFO - Module loaded.
2024-09-09 16:34:32,492 - elsapy.elsclient - INFO - Module loaded.
2024-09-09 16:34:32,493 - elsapy.elsentity - INFO - Module loaded.
2024-09-09 16:34:32,494 - elsapy.utils - INFO - Module loaded.
2024-09-09 16:34:32,494 - elsapy.elsprofile - INFO - Module loaded.
2024-09-09 16:34:32,495 - elsapy.elsdoc - INFO - Module loaded.
2024-09-09 16:34:32,496 - elsapy.elssearch - INFO - Module loaded.
2024-09-09 16:36:01,623 - elsapy.elsclient - INFO - Module loaded.
2024-09-09 16:36:01,624 - elsapy.elsentity - INFO - Module loaded.
2024-09-09 16:36:01,625 - elsapy.utils - INFO - Module loaded.
2024-09-09 16:36:01,625 - elsapy.elsprofile - INFO - Module loaded.
2024-09-09 16:36:01,626 - elsapy.elsdoc - INFO - Module loaded.
2024-09-09 16:36:01,626 - elsapy.elssearch - INFO - Module loaded.
2024-09-09 16:37:41,008 - elsapy.elsclient - INFO - Module loaded.
2024-09-09 16:37:41,009 - elsapy.elsentity - INFO - Module loaded.
2024-09-09 16:37:41,010 - elsapy.utils - INFO - Module loaded.
2024-09-09 16:37:41,010 - elsapy.elsprofile - INFO - Module loaded.
2024-09-09 16:37:41,011 - elsapy.elsdoc - INFO - Module loaded.
2024-09-09 16:37:41,011 - elsapy.elssearch - INFO - Module loaded.
2024-09-09 16:39:03,191 - elsapy.elsclient - INFO - Module loaded.
2024-09-09 16:39:03,192 - elsapy.elsentity - INFO - Module loaded.
2024-09-09 16:39:03,193 - elsapy.utils - INFO - Module loaded.
2024-09-09 16:39:03,193 - elsapy.elsprofile - INFO - Module loaded.
2024-09-09 16:39:03,194 - elsapy.elsdoc - INFO - Module loaded.
2024-09-09 16:39:03,195 - elsapy.elssearch - INFO - Module loaded.
2024-09-09 16:39:50,052 - elsapy.elsclient - INFO - Module loaded.
2024-09-09 16:39:50,053 - elsapy.elsentity - INFO - Module loaded.
2024-09-09 16:39:50,054 - elsapy.utils - INFO - Module loaded.
2024-09-09 16:39:50,054 - elsapy.elsprofile - INFO - Module loaded.
2024-09-09 16:39:50,055 - elsapy.elsdoc - INFO - Module loaded.
2024-09-09 16:39:50,055 - elsapy.elssearch - INFO - Module loaded.
2024-09-09 16:45:20,378 - elsapy.elsclient - INFO - Module loaded.
2024-09-09 16:45:20,379 - elsapy.elsentity - INFO - Module loaded.
2024-09-09 16:45:20,380 - elsapy.utils - INFO - Module loaded.
2024-09-09 16:45:20,380 - elsapy.elsprofile - INFO - Module loaded.
2024-09-09 16:45:20,381 - elsapy.elsdoc - INFO - Module loaded.
2024-09-09 16:45:20,382 - elsapy.elssearch - INFO - Module loaded.
2024-09-09 16:50:01,181 - elsapy.elsclient - INFO - Module loaded.
2024-09-09 16:50:01,182 - elsapy.elsentity - INFO - Module loaded.
2024-09-09 16:50:01,183 - elsapy.utils - INFO - Module loaded.
2024-09-09 16:50:01,183 - elsapy.elsprofile - INFO - Module loaded.
2024-09-09 16:50:01,184 - elsapy.elsdoc - INFO - Module loaded.
2024-09-09 16:50:01,185 - elsapy.elssearch - INFO - Module loaded.
2024-09-09 16:53:22,818 - elsapy.elsclient - INFO - Module loaded.
2024-09-09 16:53:22,819 - elsapy.elsentity - INFO - Module loaded.
2024-09-09 16:53:22,820 - elsapy.utils - INFO - Module loaded.
2024-09-09 16:53:22,820 - elsapy.elsprofile - INFO - Module loaded.
2024-09-09 16:53:22,821 - elsapy.elsdoc - INFO - Module loaded.
2024-09-09 16:53:22,822 - elsapy.elssearch - INFO - Module loaded.
2024-09-09 16:55:35,590 - elsapy.elsclient - INFO - Module loaded.
2024-09-09 16:55:35,591 - elsapy.elsentity - INFO - Module loaded.
2024-09-09 16:55:35,592 - elsapy.utils - INFO - Module loaded.
2024-09-09 16:55:35,592 - elsapy.elsprofile - INFO - Module loaded.
2024-09-09 16:55:35,593 - elsapy.elsdoc - INFO - Module loaded.
2024-09-09 16:55:35,594 - elsapy.elssearch - INFO - Module loaded.
2024-09-09 16:57:35,017 - elsapy.elsclient - INFO - Module loaded.
2024-09-09 16:57:35,018 - elsapy.elsentity - INFO - Module loaded.
2024-09-09 16:57:35,018 - elsapy.utils - INFO - Module loaded.
2024-09-09 16:57:35,019 - elsapy.elsprofile - INFO - Module loaded.
2024-09-09 16:57:35,019 - elsapy.elsdoc - INFO - Module loaded.
2024-09-09 16:57:35,020 - elsapy.elssearch - INFO - Module loaded.
2024-09-09 16:58:48,571 - elsapy.elsclient - INFO - Module loaded.
2024-09-09 16:58:48,572 - elsapy.elsentity - INFO - Module loaded.
2024-09-09 16:58:48,573 - elsapy.utils - INFO - Module loaded.
2024-09-09 16:58:48,573 - elsapy.elsprofile - INFO - Module loaded.
2024-09-09 16:58:48,574 - elsapy.elsdoc - INFO - Module loaded.
2024-09-09 16:58:48,575 - elsapy.elssearch - INFO - Module loaded.
2024-09-09 17:01:45,399 - elsapy.elsclient - INFO - Module loaded.
2024-09-09 17:01:45,401 - elsapy.elsentity - INFO - Module loaded.
2024-09-09 17:01:45,401 - elsapy.utils - INFO - Module loaded.
2024-09-09 17:01:45,401 - elsapy.elsprofile - INFO - Module loaded.
2024-09-09 17:01:45,402 - elsapy.elsdoc - INFO - Module loaded.
2024-09-09 17:01:45,403 - elsapy.elssearch - INFO - Module loaded.
2024-09-09 17:02:31,919 - elsapy.elsclient - INFO - Module loaded.
2024-09-09 17:02:31,920 - elsapy.elsentity - INFO - Module loaded.
2024-09-09 17:02:31,921 - elsapy.utils - INFO - Module loaded.
2024-09-09 17:02:31,921 - elsapy.elsprofile - INFO - Module loaded.
2024-09-09 17:02:31,922 - elsapy.elsdoc - INFO - Module loaded.
2024-09-09 17:02:31,923 - elsapy.elssearch - INFO - Module loaded.
2024-09-09 17:03:05,299 - elsapy.elsclient - INFO - Module loaded.
2024-09-09 17:03:05,300 - elsapy.elsentity - INFO - Module loaded.
2024-09-09 17:03:05,300 - elsapy.utils - INFO - Module loaded.
2024-09-09 17:03:05,301 - elsapy.elsprofile - INFO - Module loaded.
2024-09-09 17:03:05,301 - elsapy.elsdoc - INFO - Module loaded.
2024-09-09 17:03:05,302 - elsapy.elssearch - INFO - Module loaded.
2024-09-09 17:04:24,955 - elsapy.elsclient - INFO - Module loaded.
2024-09-09 17:04:24,956 - elsapy.elsentity - INFO - Module loaded.
2024-09-09 17:04:24,957 - elsapy.utils - INFO - Module loaded.
2024-09-09 17:04:24,957 - elsapy.elsprofile - INFO - Module loaded.
2024-09-09 17:04:24,958 - elsapy.elsdoc - INFO - Module loaded.
2024-09-09 17:04:24,959 - elsapy.elssearch - INFO - Module loaded.
2024-09-09 17:05:36,515 - elsapy.elsclient - INFO - Module loaded.
2024-09-09 17:05:36,516 - elsapy.elsentity - INFO - Module loaded.
2024-09-09 17:05:36,516 - elsapy.utils - INFO - Module loaded.
2024-09-09 17:05:36,517 - elsapy.elsprofile - INFO - Module loaded.
2024-09-09 17:05:36,517 - elsapy.elsdoc - INFO - Module loaded.
2024-09-09 17:05:36,518 - elsapy.elssearch - INFO - Module loaded.
2024-09-09 17:08:50,743 - elsapy.elsclient - INFO - Module loaded.
2024-09-09 17:08:50,744 - elsapy.elsentity - INFO - Module loaded.
2024-09-09 17:08:50,745 - elsapy.utils - INFO - Module loaded.
2024-09-09 17:08:50,745 - elsapy.elsprofile - INFO - Module loaded.
2024-09-09 17:08:50,746 - elsapy.elsdoc - INFO - Module loaded.
2024-09-09 17:08:50,746 - elsapy.elssearch - INFO - Module loaded.
2024-09-09 17:11:51,968 - elsapy.elsclient - INFO - Module loaded.
2024-09-09 17:11:51,969 - elsapy.elsentity - INFO - Module loaded.
2024-09-09 17:11:51,970 - elsapy.utils - INFO - Module loaded.
2024-09-09 17:11:51,970 - elsapy.elsprofile - INFO - Module loaded.
2024-09-09 17:11:51,971 - elsapy.elsdoc - INFO - Module loaded.
2024-09-09 17:11:51,971 - elsapy.elssearch - INFO - Module loaded.
2024-09-09 17:16:47,709 - elsapy.elsclient - INFO - Module loaded.
2024-09-09 17:16:47,710 - elsapy.elsentity - INFO - Module loaded.
2024-09-09 17:16:47,711 - elsapy.utils - INFO - Module loaded.
2024-09-09 17:16:47,711 - elsapy.elsprofile - INFO - Module loaded.
2024-09-09 17:16:47,712 - elsapy.elsdoc - INFO - Module loaded.
2024-09-09 17:16:47,713 - elsapy.elssearch - INFO - Module loaded.
2024-09-09 17:20:10,047 - elsapy.elsclient - INFO - Module loaded.
2024-09-09 17:20:10,048 - elsapy.elsentity - INFO - Module loaded.
2024-09-09 17:20:10,049 - elsapy.utils - INFO - Module loaded.
2024-09-09 17:20:10,049 - elsapy.elsprofile - INFO - Module loaded.
2024-09-09 17:20:10,050 - elsapy.elsdoc - INFO - Module loaded.
2024-09-09 17:20:10,051 - elsapy.elssearch - INFO - Module loaded.
2024-09-09 17:22:48,453 - elsapy.elsclient - INFO - Module loaded.
2024-09-09 17:22:48,454 - elsapy.elsentity - INFO - Module loaded.
2024-09-09 17:22:48,454 - elsapy.utils - INFO - Module loaded.
2024-09-09 17:22:48,455 - elsapy.elsprofile - INFO - Module loaded.
2024-09-09 17:22:48,455 - elsapy.elsdoc - INFO - Module loaded.
2024-09-09 17:22:48,456 - elsapy.elssearch - INFO - Module loaded.
2024-09-09 17:24:11,657 - elsapy.elsclient - INFO - Module loaded.
2024-09-09 17:24:11,658 - elsapy.elsentity - INFO - Module loaded.
2024-09-09 17:24:11,659 - elsapy.utils - INFO - Module loaded.
2024-09-09 17:24:11,659 - elsapy.elsprofile - INFO - Module loaded.
2024-09-09 17:24:11,660 - elsapy.elsdoc - INFO - Module loaded.
2024-09-09 17:24:11,661 - elsapy.elssearch - INFO - Module loaded.
2024-09-09 17:27:29,732 - elsapy.elsclient - INFO - Module loaded.
2024-09-09 17:27:29,733 - elsapy.elsentity - INFO - Module loaded.
2024-09-09 17:27:29,734 - elsapy.utils - INFO - Module loaded.
2024-09-09 17:27:29,734 - elsapy.elsprofile - INFO - Module loaded.
2024-09-09 17:27:29,735 - elsapy.elsdoc - INFO - Module loaded.
2024-09-09 17:27:29,735 - elsapy.elssearch - INFO - Module loaded.
2024-09-09 17:30:39,819 - elsapy.elsclient - INFO - Module loaded.
2024-09-09 17:30:39,820 - elsapy.elsentity - INFO - Module loaded.
2024-09-09 17:30:39,821 - elsapy.utils - INFO - Module loaded.
2024-09-09 17:30:39,821 - elsapy.elsprofile - INFO - Module loaded.
2024-09-09 17:30:39,822 - elsapy.elsdoc - INFO - Module loaded.
2024-09-09 17:30:39,822 - elsapy.elssearch - INFO - Module loaded.
2024-09-09 17:32:20,781 - elsapy.elsclient - INFO - Module loaded.
2024-09-09 17:32:20,782 - elsapy.elsentity - INFO - Module loaded.
2024-09-09 17:32:20,783 - elsapy.utils - INFO - Module loaded.
2024-09-09 17:32:20,783 - elsapy.elsprofile - INFO - Module loaded.
2024-09-09 17:32:20,784 - elsapy.elsdoc - INFO - Module loaded.
2024-09-09 17:32:20,785 - elsapy.elssearch - INFO - Module loaded.
2024-09-09 17:34:01,521 - elsapy.elsclient - INFO - Module loaded.
2024-09-09 17:34:01,522 - elsapy.elsentity - INFO - Module loaded.
2024-09-09 17:34:01,523 - elsapy.utils - INFO - Module loaded.
2024-09-09 17:34:01,523 - elsapy.elsprofile - INFO - Module loaded.
2024-09-09 17:34:01,524 - elsapy.elsdoc - INFO - Module loaded.
2024-09-09 17:34:01,525 - elsapy.elssearch - INFO - Module loaded.
2024-09-09 17:44:05,451 - elsapy.elsclient - INFO - Module loaded.
2024-09-09 17:44:05,452 - elsapy.elsentity - INFO - Module loaded.
2024-09-09 17:44:05,453 - elsapy.utils - INFO - Module loaded.
2024-09-09 17:44:05,453 - elsapy.elsprofile - INFO - Module loaded.
2024-09-09 17:44:05,454 - elsapy.elsdoc - INFO - Module loaded.
2024-09-09 17:44:05,454 - elsapy.elssearch - INFO - Module loaded.
2024-09-09 17:45:40,496 - elsapy.elsclient - INFO - Module loaded.
2024-09-09 17:45:40,497 - elsapy.elsentity - INFO - Module loaded.
2024-09-09 17:45:40,498 - elsapy.utils - INFO - Module loaded.
2024-09-09 17:45:40,498 - elsapy.elsprofile - INFO - Module loaded.
2024-09-09 17:45:40,499 - elsapy.elsdoc - INFO - Module loaded.
2024-09-09 17:45:40,500 - elsapy.elssearch - INFO - Module loaded.
2024-09-09 17:46:45,794 - elsapy.elsclient - INFO - Module loaded.
2024-09-09 17:46:45,795 - elsapy.elsentity - INFO - Module loaded.
2024-09-09 17:46:45,795 - elsapy.utils - INFO - Module loaded.
2024-09-09 17:46:45,796 - elsapy.elsprofile - INFO - Module loaded.
2024-09-09 17:46:45,796 - elsapy.elsdoc - INFO - Module loaded.
2024-09-09 17:46:45,797 - elsapy.elssearch - INFO - Module loaded.
2024-09-09 17:47:20,099 - elsapy.elsclient - INFO - Module loaded.
2024-09-09 17:47:20,100 - elsapy.elsentity - INFO - Module loaded.
2024-09-09 17:47:20,101 - elsapy.utils - INFO - Module loaded.
2024-09-09 17:47:20,101 - elsapy.elsprofile - INFO - Module loaded.
2024-09-09 17:47:20,102 - elsapy.elsdoc - INFO - Module loaded.
2024-09-09 17:47:20,102 - elsapy.elssearch - INFO - Module loaded.
2024-09-09 17:47:53,576 - elsapy.elsclient - INFO - Module loaded.
2024-09-09 17:47:53,577 - elsapy.elsentity - INFO - Module loaded.
2024-09-09 17:47:53,577 - elsapy.utils - INFO - Module loaded.
2024-09-09 17:47:53,578 - elsapy.elsprofile - INFO - Module loaded.
2024-09-09 17:47:53,578 - elsapy.elsdoc - INFO - Module loaded.
2024-09-09 17:47:53,579 - elsapy.elssearch - INFO - Module loaded.
2024-09-09 17:48:46,853 - elsapy.elsclient - INFO - Module loaded.
2024-09-09 17:48:46,854 - elsapy.elsentity - INFO - Module loaded.
2024-09-09 17:48:46,855 - elsapy.utils - INFO - Module loaded.
2024-09-09 17:48:46,855 - elsapy.elsprofile - INFO - Module loaded.
2024-09-09 17:48:46,856 - elsapy.elsdoc - INFO - Module loaded.
2024-09-09 17:48:46,857 - elsapy.elssearch - INFO - Module loaded.
2024-09-09 17:49:12,763 - elsapy.elsclient - INFO - Module loaded.
2024-09-09 17:49:12,764 - elsapy.elsentity - INFO - Module loaded.
2024-09-09 17:49:12,765 - elsapy.utils - INFO - Module loaded.
2024-09-09 17:49:12,765 - elsapy.elsprofile - INFO - Module loaded.
2024-09-09 17:49:12,766 - elsapy.elsdoc - INFO - Module loaded.
2024-09-09 17:49:12,766 - elsapy.elssearch - INFO - Module loaded.
2024-09-09 17:49:52,552 - elsapy.elsclient - INFO - Module loaded.
2024-09-09 17:49:52,553 - elsapy.elsentity - INFO - Module loaded.
2024-09-09 17:49:52,554 - elsapy.utils - INFO - Module loaded.
2024-09-09 17:49:52,554 - elsapy.elsprofile - INFO - Module loaded.
2024-09-09 17:49:52,555 - elsapy.elsdoc - INFO - Module loaded.
2024-09-09 17:49:52,555 - elsapy.elssearch - INFO - Module loaded.
2024-09-09 17:50:51,026 - elsapy.elsclient - INFO - Module loaded.
2024-09-09 17:50:51,027 - elsapy.elsentity - INFO - Module loaded.
2024-09-09 17:50:51,027 - elsapy.utils - INFO - Module loaded.
2024-09-09 17:50:51,028 - elsapy.elsprofile - INFO - Module loaded.
2024-09-09 17:50:51,028 - elsapy.elsdoc - INFO - Module loaded.
2024-09-09 17:50:51,029 - elsapy.elssearch - INFO - Module loaded.
2024-09-09 17:51:28,210 - elsapy.elsclient - INFO - Module loaded.
2024-09-09 17:51:28,212 - elsapy.elsentity - INFO - Module loaded.
2024-09-09 17:51:28,212 - elsapy.utils - INFO - Module loaded.
2024-09-09 17:51:28,213 - elsapy.elsprofile - INFO - Module loaded.
2024-09-09 17:51:28,213 - elsapy.elsdoc - INFO - Module loaded.
2024-09-09 17:51:28,214 - elsapy.elssearch - INFO - Module loaded.
2024-09-09 17:54:09,100 - elsapy.elsclient - INFO - Module loaded.
2024-09-09 17:54:09,101 - elsapy.elsentity - INFO - Module loaded.
2024-09-09 17:54:09,102 - elsapy.utils - INFO - Module loaded.
2024-09-09 17:54:09,102 - elsapy.elsprofile - INFO - Module loaded.
2024-09-09 17:54:09,103 - elsapy.elsdoc - INFO - Module loaded.
2024-09-09 17:54:09,104 - elsapy.elssearch - INFO - Module loaded.
2024-09-09 17:55:58,193 - elsapy.elsclient - INFO - Module loaded.
2024-09-09 17:55:58,195 - elsapy.elsentity - INFO - Module loaded.
2024-09-09 17:55:58,195 - elsapy.utils - INFO - Module loaded.
2024-09-09 17:55:58,196 - elsapy.elsprofile - INFO - Module loaded.
2024-09-09 17:55:58,196 - elsapy.elsdoc - INFO - Module loaded.
2024-09-09 17:55:58,197 - elsapy.elssearch - INFO - Module loaded.
2024-09-09 17:57:14,555 - elsapy.elsclient - INFO - Module loaded.
2024-09-09 17:57:14,556 - elsapy.elsentity - INFO - Module loaded.
2024-09-09 17:57:14,557 - elsapy.utils - INFO - Module loaded.
2024-09-09 17:57:14,557 - elsapy.elsprofile - INFO - Module loaded.
2024-09-09 17:57:14,558 - elsapy.elsdoc - INFO - Module loaded.
2024-09-09 17:57:14,559 - elsapy.elssearch - INFO - Module loaded.
2024-09-09 18:05:57,121 - elsapy.elsclient - INFO - Module loaded.
2024-09-09 18:05:57,122 - elsapy.elsentity - INFO - Module loaded.
2024-09-09 18:05:57,123 - elsapy.utils - INFO - Module loaded.
2024-09-09 18:05:57,123 - elsapy.elsprofile - INFO - Module loaded.
2024-09-09 18:05:57,124 - elsapy.elsdoc - INFO - Module loaded.
2024-09-09 18:05:57,125 - elsapy.elssearch - INFO - Module loaded.
2024-09-09 18:06:21,042 - elsapy.elsclient - INFO - Module loaded.
2024-09-09 18:06:21,043 - elsapy.elsentity - INFO - Module loaded.
2024-09-09 18:06:21,044 - elsapy.utils - INFO - Module loaded.
2024-09-09 18:06:21,044 - elsapy.elsprofile - INFO - Module loaded.
2024-09-09 18:06:21,045 - elsapy.elsdoc - INFO - Module loaded.
2024-09-09 18:06:21,046 - elsapy.elssearch - INFO - Module loaded.
2024-09-09 18:09:43,039 - elsapy.elsclient - INFO - Module loaded.
2024-09-09 18:09:43,041 - elsapy.elsentity - INFO - Module loaded.
2024-09-09 18:09:43,041 - elsapy.utils - INFO - Module loaded.
2024-09-09 18:09:43,042 - elsapy.elsprofile - INFO - Module loaded.
2024-09-09 18:09:43,042 - elsapy.elsdoc - INFO - Module loaded.
2024-09-09 18:09:43,043 - elsapy.elssearch - INFO - Module loaded.
2024-09-09 18:09:58,219 - elsapy.elsclient - INFO - Module loaded.
2024-09-09 18:09:58,220 - elsapy.elsentity - INFO - Module loaded.
2024-09-09 18:09:58,220 - elsapy.utils - INFO - Module loaded.
2024-09-09 18:09:58,221 - elsapy.elsprofile - INFO - Module loaded.
2024-09-09 18:09:58,221 - elsapy.elsdoc - INFO - Module loaded.
2024-09-09 18:09:58,222 - elsapy.elssearch - INFO - Module loaded.
2024-09-09 18:10:43,526 - elsapy.elsclient - INFO - Module loaded.
2024-09-09 18:10:43,527 - elsapy.elsentity - INFO - Module loaded.
2024-09-09 18:10:43,528 - elsapy.utils - INFO - Module loaded.
2024-09-09 18:10:43,528 - elsapy.elsprofile - INFO - Module loaded.
2024-09-09 18:10:43,529 - elsapy.elsdoc - INFO - Module loaded.
2024-09-09 18:10:43,530 - elsapy.elssearch - INFO - Module loaded.
2024-09-09 18:12:31,779 - elsapy.elsclient - INFO - Module loaded.
2024-09-09 18:12:31,780 - elsapy.elsentity - INFO - Module loaded.
2024-09-09 18:12:31,781 - elsapy.utils - INFO - Module loaded.
2024-09-09 18:12:31,781 - elsapy.elsprofile - INFO - Module loaded.
2024-09-09 18:12:31,782 - elsapy.elsdoc - INFO - Module loaded.
2024-09-09 18:12:31,783 - elsapy.elssearch - INFO - Module loaded.
2024-09-09 18:14:25,339 - elsapy.elsclient - INFO - Module loaded.
2024-09-09 18:14:25,340 - elsapy.elsentity - INFO - Module loaded.
2024-09-09 18:14:25,341 - elsapy.utils - INFO - Module loaded.
2024-09-09 18:14:25,341 - elsapy.elsprofile - INFO - Module loaded.
2024-09-09 18:14:25,342 - elsapy.elsdoc - INFO - Module loaded.
2024-09-09 18:14:25,343 - elsapy.elssearch - INFO - Module loaded.
2024-09-09 18:17:47,251 - elsapy.elsclient - INFO - Module loaded.
2024-09-09 18:17:47,252 - elsapy.elsentity - INFO - Module loaded.
2024-09-09 18:17:47,253 - elsapy.utils - INFO - Module loaded.
2024-09-09 18:17:47,253 - elsapy.elsprofile - INFO - Module loaded.
2024-09-09 18:17:47,254 - elsapy.elsdoc - INFO - Module loaded.
2024-09-09 18:17:47,254 - elsapy.elssearch - INFO - Module loaded.
2024-09-09 18:18:09,736 - elsapy.elsclient - INFO - Module loaded.
2024-09-09 18:18:09,738 - elsapy.elsentity - INFO - Module loaded.
2024-09-09 18:18:09,738 - elsapy.utils - INFO - Module loaded.
2024-09-09 18:18:09,739 - elsapy.elsprofile - INFO - Module loaded.
2024-09-09 18:18:09,739 - elsapy.elsdoc - INFO - Module loaded.
2024-09-09 18:18:09,740 - elsapy.elssearch - INFO - Module loaded.
2024-09-09 18:20:11,102 - elsapy.elsclient - INFO - Module loaded.
2024-09-09 18:20:11,104 - elsapy.elsentity - INFO - Module loaded.
2024-09-09 18:20:11,104 - elsapy.utils - INFO - Module loaded.
2024-09-09 18:20:11,105 - elsapy.elsprofile - INFO - Module loaded.
2024-09-09 18:20:11,105 - elsapy.elsdoc - INFO - Module loaded.
2024-09-09 18:20:11,106 - elsapy.elssearch - INFO - Module loaded.
2024-09-09 18:22:01,851 - elsapy.elsclient - INFO - Module loaded.
2024-09-09 18:22:01,852 - elsapy.elsentity - INFO - Module loaded.
2024-09-09 18:22:01,853 - elsapy.utils - INFO - Module loaded.
2024-09-09 18:22:01,853 - elsapy.elsprofile - INFO - Module loaded.
2024-09-09 18:22:01,854 - elsapy.elsdoc - INFO - Module loaded.
2024-09-09 18:22:01,854 - elsapy.elssearch - INFO - Module loaded.
2024-09-09 18:24:49,804 - elsapy.elsclient - INFO - Module loaded.
2024-09-09 18:24:49,805 - elsapy.elsentity - INFO - Module loaded.
2024-09-09 18:24:49,806 - elsapy.utils - INFO - Module loaded.
2024-09-09 18:24:49,806 - elsapy.elsprofile - INFO - Module loaded.
2024-09-09 18:24:49,807 - elsapy.elsdoc - INFO - Module loaded.
2024-09-09 18:24:49,808 - elsapy.elssearch - INFO - Module loaded.
2024-09-09 18:26:28,121 - elsapy.elsclient - INFO - Module loaded.
2024-09-09 18:26:28,122 - elsapy.elsentity - INFO - Module loaded.
2024-09-09 18:26:28,122 - elsapy.utils - INFO - Module loaded.
2024-09-09 18:26:28,123 - elsapy.elsprofile - INFO - Module loaded.
2024-09-09 18:26:28,123 - elsapy.elsdoc - INFO - Module loaded.
2024-09-09 18:26:28,124 - elsapy.elssearch - INFO - Module loaded.
2024-09-09 18:30:15,933 - elsapy.elsclient - INFO - Module loaded.
2024-09-09 18:30:15,935 - elsapy.elsentity - INFO - Module loaded.
2024-09-09 18:30:15,936 - elsapy.utils - INFO - Module loaded.
2024-09-09 18:30:15,936 - elsapy.elsprofile - INFO - Module loaded.
2024-09-09 18:30:15,937 - elsapy.elsdoc - INFO - Module loaded.
2024-09-09 18:30:15,938 - elsapy.elssearch - INFO - Module loaded.
2024-09-09 18:31:01,358 - elsapy.elsclient - INFO - Module loaded.
2024-09-09 18:31:01,359 - elsapy.elsentity - INFO - Module loaded.
2024-09-09 18:31:01,360 - elsapy.utils - INFO - Module loaded.
2024-09-09 18:31:01,360 - elsapy.elsprofile - INFO - Module loaded.
2024-09-09 18:31:01,361 - elsapy.elsdoc - INFO - Module loaded.
2024-09-09 18:31:01,362 - elsapy.elssearch - INFO - Module loaded.
2024-09-09 18:33:01,093 - elsapy.elsclient - INFO - Module loaded.
2024-09-09 18:33:01,094 - elsapy.elsentity - INFO - Module loaded.
2024-09-09 18:33:01,095 - elsapy.utils - INFO - Module loaded.
2024-09-09 18:33:01,095 - elsapy.elsprofile - INFO - Module loaded.
2024-09-09 18:33:01,096 - elsapy.elsdoc - INFO - Module loaded.
2024-09-09 18:33:01,096 - elsapy.elssearch - INFO - Module loaded.
2024-09-09 18:37:08,733 - elsapy.elsclient - INFO - Module loaded.
2024-09-09 18:37:08,734 - elsapy.elsentity - INFO - Module loaded.
2024-09-09 18:37:08,734 - elsapy.utils - INFO - Module loaded.
2024-09-09 18:37:08,735 - elsapy.elsprofile - INFO - Module loaded.
2024-09-09 18:37:08,735 - elsapy.elsdoc - INFO - Module loaded.
2024-09-09 18:37:08,736 - elsapy.elssearch - INFO - Module loaded.
2024-09-09 18:40:00,218 - elsapy.elsclient - INFO - Module loaded.
2024-09-09 18:40:00,219 - elsapy.elsentity - INFO - Module loaded.
2024-09-09 18:40:00,220 - elsapy.utils - INFO - Module loaded.
2024-09-09 18:40:00,220 - elsapy.elsprofile - INFO - Module loaded.
2024-09-09 18:40:00,221 - elsapy.elsdoc - INFO - Module loaded.
2024-09-09 18:40:00,221 - elsapy.elssearch - INFO - Module loaded.
2024-09-09 18:40:49,067 - elsapy.elsclient - INFO - Module loaded.
2024-09-09 18:40:49,068 - elsapy.elsentity - INFO - Module loaded.
2024-09-09 18:40:49,069 - elsapy.utils - INFO - Module loaded.
2024-09-09 18:40:49,069 - elsapy.elsprofile - INFO - Module loaded.
2024-09-09 18:40:49,070 - elsapy.elsdoc - INFO - Module loaded.
2024-09-09 18:40:49,070 - elsapy.elssearch - INFO - Module loaded.
2024-09-09 18:54:19,589 - elsapy.elsclient - INFO - Module loaded.
2024-09-09 18:54:19,591 - elsapy.elsentity - INFO - Module loaded.
2024-09-09 18:54:19,591 - elsapy.utils - INFO - Module loaded.
2024-09-09 18:54:19,592 - elsapy.elsprofile - INFO - Module loaded.
2024-09-09 18:54:19,593 - elsapy.elsdoc - INFO - Module loaded.
2024-09-09 18:54:19,593 - elsapy.elssearch - INFO - Module loaded.
2024-09-09 18:59:36,059 - elsapy.elsclient - INFO - Module loaded.
2024-09-09 18:59:36,060 - elsapy.elsentity - INFO - Module loaded.
2024-09-09 18:59:36,061 - elsapy.utils - INFO - Module loaded.
2024-09-09 18:59:36,061 - elsapy.elsprofile - INFO - Module loaded.
2024-09-09 18:59:36,062 - elsapy.elsdoc - INFO - Module loaded.
2024-09-09 18:59:36,063 - elsapy.elssearch - INFO - Module loaded.
2024-09-09 19:01:06,685 - elsapy.elsclient - INFO - Module loaded.
2024-09-09 19:01:06,686 - elsapy.elsentity - INFO - Module loaded.
2024-09-09 19:01:06,687 - elsapy.utils - INFO - Module loaded.
2024-09-09 19:01:06,687 - elsapy.elsprofile - INFO - Module loaded.
2024-09-09 19:01:06,688 - elsapy.elsdoc - INFO - Module loaded.
2024-09-09 19:01:06,689 - elsapy.elssearch - INFO - Module loaded.
2024-09-09 19:03:29,079 - elsapy.elsclient - INFO - Module loaded.
2024-09-09 19:03:29,080 - elsapy.elsentity - INFO - Module loaded.
2024-09-09 19:03:29,081 - elsapy.utils - INFO - Module loaded.
2024-09-09 19:03:29,081 - elsapy.elsprofile - INFO - Module loaded.
2024-09-09 19:03:29,082 - elsapy.elsdoc - INFO - Module loaded.
2024-09-09 19:03:29,083 - elsapy.elssearch - INFO - Module loaded.
2024-09-09 19:05:02,966 - elsapy.elsclient - INFO - Module loaded.
2024-09-09 19:05:02,967 - elsapy.elsentity - INFO - Module loaded.
2024-09-09 19:05:02,968 - elsapy.utils - INFO - Module loaded.
2024-09-09 19:05:02,968 - elsapy.elsprofile - INFO - Module loaded.
2024-09-09 19:05:02,969 - elsapy.elsdoc - INFO - Module loaded.
2024-09-09 19:05:02,970 - elsapy.elssearch - INFO - Module loaded.
2024-09-09 19:08:07,960 - elsapy.elsclient - INFO - Module loaded.
2024-09-09 19:08:07,961 - elsapy.elsentity - INFO - Module loaded.
2024-09-09 19:08:07,961 - elsapy.utils - INFO - Module loaded.
2024-09-09 19:08:07,962 - elsapy.elsprofile - INFO - Module loaded.
2024-09-09 19:08:07,962 - elsapy.elsdoc - INFO - Module loaded.
2024-09-09 19:08:07,963 - elsapy.elssearch - INFO - Module loaded.
2024-09-09 19:08:56,786 - elsapy.elsclient - INFO - Module loaded.
2024-09-09 19:08:56,787 - elsapy.elsentity - INFO - Module loaded.
2024-09-09 19:08:56,788 - elsapy.utils - INFO - Module loaded.
2024-09-09 19:08:56,788 - elsapy.elsprofile - INFO - Module loaded.
2024-09-09 19:08:56,789 - elsapy.elsdoc - INFO - Module loaded.
2024-09-09 19:08:56,790 - elsapy.elssearch - INFO - Module loaded.
2024-09-09 19:11:49,206 - elsapy.elsclient - INFO - Module loaded.
2024-09-09 19:11:49,207 - elsapy.elsentity - INFO - Module loaded.
2024-09-09 19:11:49,208 - elsapy.utils - INFO - Module loaded.
2024-09-09 19:11:49,208 - elsapy.elsprofile - INFO - Module loaded.
2024-09-09 19:11:49,209 - elsapy.elsdoc - INFO - Module loaded.
2024-09-09 19:11:49,210 - elsapy.elssearch - INFO - Module loaded.
2024-09-09 19:33:14,713 - elsapy.elsclient - INFO - Module loaded.
2024-09-09 19:33:14,714 - elsapy.elsentity - INFO - Module loaded.
2024-09-09 19:33:14,715 - elsapy.utils - INFO - Module loaded.
2024-09-09 19:33:14,715 - elsapy.elsprofile - INFO - Module loaded.
2024-09-09 19:33:14,716 - elsapy.elsdoc - INFO - Module loaded.
2024-09-09 19:33:14,717 - elsapy.elssearch - INFO - Module loaded.
2024-09-09 19:34:11,423 - elsapy.elsclient - INFO - Module loaded.
2024-09-09 19:34:11,424 - elsapy.elsentity - INFO - Module loaded.
2024-09-09 19:34:11,425 - elsapy.utils - INFO - Module loaded.
2024-09-09 19:34:11,425 - elsapy.elsprofile - INFO - Module loaded.
2024-09-09 19:34:11,426 - elsapy.elsdoc - INFO - Module loaded.
2024-09-09 19:34:11,427 - elsapy.elssearch - INFO - Module loaded.
2024-09-09 19:35:24,933 - elsapy.elsclient - INFO - Module loaded.
2024-09-09 19:35:24,934 - elsapy.elsentity - INFO - Module loaded.
2024-09-09 19:35:24,935 - elsapy.utils - INFO - Module loaded.
2024-09-09 19:35:24,935 - elsapy.elsprofile - INFO - Module loaded.
2024-09-09 19:35:24,936 - elsapy.elsdoc - INFO - Module loaded.
2024-09-09 19:35:24,936 - elsapy.elssearch - INFO - Module loaded.
2024-09-09 19:52:10,454 - elsapy.elsclient - INFO - Module loaded.
2024-09-09 19:52:10,456 - elsapy.elsentity - INFO - Module loaded.
2024-09-09 19:52:10,456 - elsapy.utils - INFO - Module loaded.
2024-09-09 19:52:10,456 - elsapy.elsprofile - INFO - Module loaded.
2024-09-09 19:52:10,457 - elsapy.elsdoc - INFO - Module loaded.
2024-09-09 19:52:10,458 - elsapy.elssearch - INFO - Module loaded.
2024-09-09 19:52:42,340 - elsapy.elsclient - INFO - Module loaded.
2024-09-09 19:52:42,341 - elsapy.elsentity - INFO - Module loaded.
2024-09-09 19:52:42,342 - elsapy.utils - INFO - Module loaded.
2024-09-09 19:52:42,342 - elsapy.elsprofile - INFO - Module loaded.
2024-09-09 19:52:42,343 - elsapy.elsdoc - INFO - Module loaded.
2024-09-09 19:52:42,343 - elsapy.elssearch - INFO - Module loaded.
2024-09-09 19:54:33,996 - elsapy.elsclient - INFO - Module loaded.
2024-09-09 19:54:33,997 - elsapy.elsentity - INFO - Module loaded.
2024-09-09 19:54:33,998 - elsapy.utils - INFO - Module loaded.
2024-09-09 19:54:33,998 - elsapy.elsprofile - INFO - Module loaded.
2024-09-09 19:54:33,999 - elsapy.elsdoc - INFO - Module loaded.
2024-09-09 19:54:34,000 - elsapy.elssearch - INFO - Module loaded.
2024-09-09 19:55:20,825 - elsapy.elsclient - INFO - Module loaded.
2024-09-09 19:55:20,826 - elsapy.elsentity - INFO - Module loaded.
2024-09-09 19:55:20,826 - elsapy.utils - INFO - Module loaded.
2024-09-09 19:55:20,827 - elsapy.elsprofile - INFO - Module loaded.
2024-09-09 19:55:20,828 - elsapy.elsdoc - INFO - Module loaded.
2024-09-09 19:55:20,828 - elsapy.elssearch - INFO - Module loaded.
2024-09-09 19:56:35,246 - elsapy.elsclient - INFO - Module loaded.
2024-09-09 19:56:35,247 - elsapy.elsentity - INFO - Module loaded.
2024-09-09 19:56:35,247 - elsapy.utils - INFO - Module loaded.
2024-09-09 19:56:35,248 - elsapy.elsprofile - INFO - Module loaded.
2024-09-09 19:56:35,248 - elsapy.elsdoc - INFO - Module loaded.
2024-09-09 19:56:35,249 - elsapy.elssearch - INFO - Module loaded.
2024-09-09 19:58:45,364 - elsapy.elsclient - INFO - Module loaded.
2024-09-09 19:58:45,365 - elsapy.elsentity - INFO - Module loaded.
2024-09-09 19:58:45,366 - elsapy.utils - INFO - Module loaded.
2024-09-09 19:58:45,366 - elsapy.elsprofile - INFO - Module loaded.
2024-09-09 19:58:45,367 - elsapy.elsdoc - INFO - Module loaded.
2024-09-09 19:58:45,368 - elsapy.elssearch - INFO - Module loaded.
2024-09-09 20:00:01,692 - elsapy.elsclient - INFO - Module loaded.
2024-09-09 20:00:01,693 - elsapy.elsentity - INFO - Module loaded.
2024-09-09 20:00:01,694 - elsapy.utils - INFO - Module loaded.
2024-09-09 20:00:01,694 - elsapy.elsprofile - INFO - Module loaded.
2024-09-09 20:00:01,695 - elsapy.elsdoc - INFO - Module loaded.
2024-09-09 20:00:01,696 - elsapy.elssearch - INFO - Module loaded.
2024-09-09 20:01:34,287 - elsapy.elsclient - INFO - Module loaded.
2024-09-09 20:01:34,288 - elsapy.elsentity - INFO - Module loaded.
2024-09-09 20:01:34,289 - elsapy.utils - INFO - Module loaded.
2024-09-09 20:01:34,289 - elsapy.elsprofile - INFO - Module loaded.
2024-09-09 20:01:34,290 - elsapy.elsdoc - INFO - Module loaded.
2024-09-09 20:01:34,290 - elsapy.elssearch - INFO - Module loaded.
2024-09-09 20:03:13,582 - elsapy.elsclient - INFO - Module loaded.
2024-09-09 20:03:13,584 - elsapy.elsentity - INFO - Module loaded.
2024-09-09 20:03:13,584 - elsapy.utils - INFO - Module loaded.
2024-09-09 20:03:13,585 - elsapy.elsprofile - INFO - Module loaded.
2024-09-09 20:03:13,585 - elsapy.elsdoc - INFO - Module loaded.
2024-09-09 20:03:13,586 - elsapy.elssearch - INFO - Module loaded.
2024-09-09 20:03:49,303 - elsapy.elsclient - INFO - Module loaded.
2024-09-09 20:03:49,304 - elsapy.elsentity - INFO - Module loaded.
2024-09-09 20:03:49,305 - elsapy.utils - INFO - Module loaded.
2024-09-09 20:03:49,305 - elsapy.elsprofile - INFO - Module loaded.
2024-09-09 20:03:49,306 - elsapy.elsdoc - INFO - Module loaded.
2024-09-09 20:03:49,307 - elsapy.elssearch - INFO - Module loaded.
2024-09-09 20:09:26,572 - elsapy.elsclient - INFO - Module loaded.
2024-09-09 20:09:26,573 - elsapy.elsentity - INFO - Module loaded.
2024-09-09 20:09:26,574 - elsapy.utils - INFO - Module loaded.
2024-09-09 20:09:26,574 - elsapy.elsprofile - INFO - Module loaded.
2024-09-09 20:09:26,575 - elsapy.elsdoc - INFO - Module loaded.
2024-09-09 20:09:26,575 - elsapy.elssearch - INFO - Module loaded.
