2024-05-05 15:24:43,347 - elsapy.elsclient - INFO - Module loaded.
2024-05-05 15:24:43,349 - elsapy.elsentity - INFO - Module loaded.
2024-05-05 15:24:43,349 - elsapy.utils - INFO - Module loaded.
2024-05-05 15:24:43,350 - elsapy.elsprofile - INFO - Module loaded.
2024-05-05 15:24:43,350 - elsapy.elsdoc - INFO - Module loaded.
2024-05-05 15:24:43,351 - elsapy.elssearch - INFO - Module loaded.
2024-05-05 15:39:44,189 - elsapy.elsclient - INFO - Module loaded.
2024-05-05 15:39:44,190 - elsapy.elsentity - INFO - Module loaded.
2024-05-05 15:39:44,191 - elsapy.utils - INFO - Module loaded.
2024-05-05 15:39:44,191 - elsapy.elsprofile - INFO - Module loaded.
2024-05-05 15:39:44,192 - elsapy.elsdoc - INFO - Module loaded.
2024-05-05 15:39:44,194 - elsapy.elssearch - INFO - Module loaded.
2024-05-05 16:10:22,815 - elsapy.elsclient - INFO - Module loaded.
2024-05-05 16:10:22,816 - elsapy.elsentity - INFO - Module loaded.
2024-05-05 16:10:22,817 - elsapy.utils - INFO - Module loaded.
2024-05-05 16:10:22,817 - elsapy.elsprofile - INFO - Module loaded.
2024-05-05 16:10:22,817 - elsapy.elsdoc - INFO - Module loaded.
2024-05-05 16:10:22,818 - elsapy.elssearch - INFO - Module loaded.
2024-05-05 17:10:30,882 - elsapy.elsclient - INFO - Module loaded.
2024-05-05 17:10:30,883 - elsapy.elsentity - INFO - Module loaded.
2024-05-05 17:10:30,884 - elsapy.utils - INFO - Module loaded.
2024-05-05 17:10:30,884 - elsapy.elsprofile - INFO - Module loaded.
2024-05-05 17:10:30,885 - elsapy.elsdoc - INFO - Module loaded.
2024-05-05 17:10:30,886 - elsapy.elssearch - INFO - Module loaded.
2024-05-05 17:12:37,778 - elsapy.elsclient - INFO - Module loaded.
2024-05-05 17:12:37,779 - elsapy.elsentity - INFO - Module loaded.
2024-05-05 17:12:37,780 - elsapy.utils - INFO - Module loaded.
2024-05-05 17:12:37,780 - elsapy.elsprofile - INFO - Module loaded.
2024-05-05 17:12:37,781 - elsapy.elsdoc - INFO - Module loaded.
2024-05-05 17:12:37,782 - elsapy.elssearch - INFO - Module loaded.
2024-05-05 17:15:31,087 - elsapy.elsclient - INFO - Module loaded.
2024-05-05 17:15:31,088 - elsapy.elsentity - INFO - Module loaded.
2024-05-05 17:15:31,088 - elsapy.utils - INFO - Module loaded.
2024-05-05 17:15:31,088 - elsapy.elsprofile - INFO - Module loaded.
2024-05-05 17:15:31,090 - elsapy.elsdoc - INFO - Module loaded.
2024-05-05 17:15:31,090 - elsapy.elssearch - INFO - Module loaded.
2024-05-05 17:17:14,636 - elsapy.elsclient - INFO - Module loaded.
2024-05-05 17:17:14,638 - elsapy.elsentity - INFO - Module loaded.
2024-05-05 17:17:14,638 - elsapy.utils - INFO - Module loaded.
2024-05-05 17:17:14,638 - elsapy.elsprofile - INFO - Module loaded.
2024-05-05 17:17:14,639 - elsapy.elsdoc - INFO - Module loaded.
2024-05-05 17:17:14,640 - elsapy.elssearch - INFO - Module loaded.
2024-05-05 17:29:03,424 - elsapy.elsclient - INFO - Module loaded.
2024-05-05 17:29:03,426 - elsapy.elsentity - INFO - Module loaded.
2024-05-05 17:29:03,426 - elsapy.utils - INFO - Module loaded.
2024-05-05 17:29:03,427 - elsapy.elsprofile - INFO - Module loaded.
2024-05-05 17:29:03,427 - elsapy.elsdoc - INFO - Module loaded.
2024-05-05 17:29:03,428 - elsapy.elssearch - INFO - Module loaded.
2024-05-05 18:20:25,300 - elsapy.elsclient - INFO - Module loaded.
2024-05-05 18:20:25,301 - elsapy.elsentity - INFO - Module loaded.
2024-05-05 18:20:25,301 - elsapy.utils - INFO - Module loaded.
2024-05-05 18:20:25,302 - elsapy.elsprofile - INFO - Module loaded.
2024-05-05 18:20:25,302 - elsapy.elsdoc - INFO - Module loaded.
2024-05-05 18:20:25,303 - elsapy.elssearch - INFO - Module loaded.
2024-05-05 18:21:07,319 - elsapy.elsclient - INFO - Module loaded.
2024-05-05 18:21:07,320 - elsapy.elsentity - INFO - Module loaded.
2024-05-05 18:21:07,321 - elsapy.utils - INFO - Module loaded.
2024-05-05 18:21:07,321 - elsapy.elsprofile - INFO - Module loaded.
2024-05-05 18:21:07,322 - elsapy.elsdoc - INFO - Module loaded.
2024-05-05 18:21:07,323 - elsapy.elssearch - INFO - Module loaded.
