2024-08-31 09:44:08,819 - elsapy.elsclient - INFO - Module loaded.
2024-08-31 09:44:08,821 - elsapy.elsentity - INFO - Module loaded.
2024-08-31 09:44:08,821 - elsapy.utils - INFO - Module loaded.
2024-08-31 09:44:08,822 - elsapy.elsprofile - INFO - Module loaded.
2024-08-31 09:44:08,822 - elsapy.elsdoc - INFO - Module loaded.
2024-08-31 09:44:08,823 - elsapy.elssearch - INFO - Module loaded.
2024-08-31 13:00:14,150 - elsapy.elsclient - INFO - Module loaded.
2024-08-31 13:00:14,151 - elsapy.elsentity - INFO - Module loaded.
2024-08-31 13:00:14,151 - elsapy.utils - INFO - Module loaded.
2024-08-31 13:00:14,152 - elsapy.elsprofile - INFO - Module loaded.
2024-08-31 13:00:14,152 - elsapy.elsdoc - INFO - Module loaded.
2024-08-31 13:00:14,155 - elsapy.elssearch - INFO - Module loaded.
2024-08-31 13:01:48,489 - elsapy.elsclient - INFO - Module loaded.
2024-08-31 13:01:48,490 - elsapy.elsentity - INFO - Module loaded.
2024-08-31 13:01:48,490 - elsapy.utils - INFO - Module loaded.
2024-08-31 13:01:48,491 - elsapy.elsprofile - INFO - Module loaded.
2024-08-31 13:01:48,491 - elsapy.elsdoc - INFO - Module loaded.
2024-08-31 13:01:48,492 - elsapy.elssearch - INFO - Module loaded.
2024-08-31 13:04:09,985 - elsapy.elsclient - INFO - Module loaded.
2024-08-31 13:04:09,987 - elsapy.elsentity - INFO - Module loaded.
2024-08-31 13:04:09,987 - elsapy.utils - INFO - Module loaded.
2024-08-31 13:04:09,988 - elsapy.elsprofile - INFO - Module loaded.
2024-08-31 13:04:09,988 - elsapy.elsdoc - INFO - Module loaded.
2024-08-31 13:04:09,989 - elsapy.elssearch - INFO - Module loaded.
2024-08-31 13:11:15,814 - elsapy.elsclient - INFO - Module loaded.
2024-08-31 13:11:15,815 - elsapy.elsentity - INFO - Module loaded.
2024-08-31 13:11:15,816 - elsapy.utils - INFO - Module loaded.
2024-08-31 13:11:15,816 - elsapy.elsprofile - INFO - Module loaded.
2024-08-31 13:11:15,817 - elsapy.elsdoc - INFO - Module loaded.
2024-08-31 13:11:15,818 - elsapy.elssearch - INFO - Module loaded.
2024-08-31 13:12:34,107 - elsapy.elsclient - INFO - Module loaded.
2024-08-31 13:12:34,108 - elsapy.elsentity - INFO - Module loaded.
2024-08-31 13:12:34,109 - elsapy.utils - INFO - Module loaded.
2024-08-31 13:12:34,109 - elsapy.elsprofile - INFO - Module loaded.
2024-08-31 13:12:34,110 - elsapy.elsdoc - INFO - Module loaded.
2024-08-31 13:12:34,110 - elsapy.elssearch - INFO - Module loaded.
2024-08-31 13:14:54,539 - elsapy.elsclient - INFO - Module loaded.
2024-08-31 13:14:54,540 - elsapy.elsentity - INFO - Module loaded.
2024-08-31 13:14:54,541 - elsapy.utils - INFO - Module loaded.
2024-08-31 13:14:54,541 - elsapy.elsprofile - INFO - Module loaded.
2024-08-31 13:14:54,542 - elsapy.elsdoc - INFO - Module loaded.
2024-08-31 13:14:54,542 - elsapy.elssearch - INFO - Module loaded.
2024-08-31 13:34:28,583 - elsapy.elsclient - INFO - Module loaded.
2024-08-31 13:34:28,584 - elsapy.elsentity - INFO - Module loaded.
2024-08-31 13:34:28,584 - elsapy.utils - INFO - Module loaded.
2024-08-31 13:34:28,585 - elsapy.elsprofile - INFO - Module loaded.
2024-08-31 13:34:28,585 - elsapy.elsdoc - INFO - Module loaded.
2024-08-31 13:34:28,586 - elsapy.elssearch - INFO - Module loaded.
2024-08-31 14:08:34,790 - elsapy.elsclient - INFO - Module loaded.
2024-08-31 14:08:34,791 - elsapy.elsentity - INFO - Module loaded.
2024-08-31 14:08:34,792 - elsapy.utils - INFO - Module loaded.
2024-08-31 14:08:34,792 - elsapy.elsprofile - INFO - Module loaded.
2024-08-31 14:08:34,793 - elsapy.elsdoc - INFO - Module loaded.
2024-08-31 14:08:34,793 - elsapy.elssearch - INFO - Module loaded.
2024-08-31 14:10:23,626 - elsapy.elsclient - INFO - Module loaded.
2024-08-31 14:10:23,627 - elsapy.elsentity - INFO - Module loaded.
2024-08-31 14:10:23,627 - elsapy.utils - INFO - Module loaded.
2024-08-31 14:10:23,628 - elsapy.elsprofile - INFO - Module loaded.
2024-08-31 14:10:23,629 - elsapy.elsdoc - INFO - Module loaded.
2024-08-31 14:10:23,629 - elsapy.elssearch - INFO - Module loaded.
2024-08-31 14:14:00,661 - elsapy.elsclient - INFO - Module loaded.
2024-08-31 14:14:00,662 - elsapy.elsentity - INFO - Module loaded.
2024-08-31 14:14:00,663 - elsapy.utils - INFO - Module loaded.
2024-08-31 14:14:00,663 - elsapy.elsprofile - INFO - Module loaded.
2024-08-31 14:14:00,664 - elsapy.elsdoc - INFO - Module loaded.
2024-08-31 14:14:00,665 - elsapy.elssearch - INFO - Module loaded.
2024-08-31 14:16:33,896 - elsapy.elsclient - INFO - Module loaded.
2024-08-31 14:16:33,898 - elsapy.elsentity - INFO - Module loaded.
2024-08-31 14:16:33,898 - elsapy.utils - INFO - Module loaded.
2024-08-31 14:16:33,899 - elsapy.elsprofile - INFO - Module loaded.
2024-08-31 14:16:33,899 - elsapy.elsdoc - INFO - Module loaded.
2024-08-31 14:16:33,900 - elsapy.elssearch - INFO - Module loaded.
2024-08-31 14:18:24,053 - elsapy.elsclient - INFO - Module loaded.
2024-08-31 14:18:24,054 - elsapy.elsentity - INFO - Module loaded.
2024-08-31 14:18:24,055 - elsapy.utils - INFO - Module loaded.
2024-08-31 14:18:24,055 - elsapy.elsprofile - INFO - Module loaded.
2024-08-31 14:18:24,056 - elsapy.elsdoc - INFO - Module loaded.
2024-08-31 14:18:24,057 - elsapy.elssearch - INFO - Module loaded.
2024-08-31 14:23:34,345 - elsapy.elsclient - INFO - Module loaded.
2024-08-31 14:23:34,346 - elsapy.elsentity - INFO - Module loaded.
2024-08-31 14:23:34,347 - elsapy.utils - INFO - Module loaded.
2024-08-31 14:23:34,347 - elsapy.elsprofile - INFO - Module loaded.
2024-08-31 14:23:34,348 - elsapy.elsdoc - INFO - Module loaded.
2024-08-31 14:23:34,349 - elsapy.elssearch - INFO - Module loaded.
2024-08-31 14:28:15,431 - elsapy.elsclient - INFO - Module loaded.
2024-08-31 14:28:15,433 - elsapy.elsentity - INFO - Module loaded.
2024-08-31 14:28:15,433 - elsapy.utils - INFO - Module loaded.
2024-08-31 14:28:15,434 - elsapy.elsprofile - INFO - Module loaded.
2024-08-31 14:28:15,434 - elsapy.elsdoc - INFO - Module loaded.
2024-08-31 14:28:15,435 - elsapy.elssearch - INFO - Module loaded.
2024-08-31 14:54:34,273 - elsapy.elsclient - INFO - Module loaded.
2024-08-31 14:54:34,274 - elsapy.elsentity - INFO - Module loaded.
2024-08-31 14:54:34,275 - elsapy.utils - INFO - Module loaded.
2024-08-31 14:54:34,275 - elsapy.elsprofile - INFO - Module loaded.
2024-08-31 14:54:34,276 - elsapy.elsdoc - INFO - Module loaded.
2024-08-31 14:54:34,276 - elsapy.elssearch - INFO - Module loaded.
2024-08-31 14:59:30,075 - elsapy.elsclient - INFO - Module loaded.
2024-08-31 14:59:30,076 - elsapy.elsentity - INFO - Module loaded.
2024-08-31 14:59:30,077 - elsapy.utils - INFO - Module loaded.
2024-08-31 14:59:30,077 - elsapy.elsprofile - INFO - Module loaded.
2024-08-31 14:59:30,078 - elsapy.elsdoc - INFO - Module loaded.
2024-08-31 14:59:30,078 - elsapy.elssearch - INFO - Module loaded.
2024-08-31 15:09:55,394 - elsapy.elsclient - INFO - Module loaded.
2024-08-31 15:09:55,395 - elsapy.elsentity - INFO - Module loaded.
2024-08-31 15:09:55,396 - elsapy.utils - INFO - Module loaded.
2024-08-31 15:09:55,396 - elsapy.elsprofile - INFO - Module loaded.
2024-08-31 15:09:55,397 - elsapy.elsdoc - INFO - Module loaded.
2024-08-31 15:09:55,398 - elsapy.elssearch - INFO - Module loaded.
2024-08-31 15:15:35,528 - elsapy.elsclient - INFO - Module loaded.
2024-08-31 15:15:35,529 - elsapy.elsentity - INFO - Module loaded.
2024-08-31 15:15:35,529 - elsapy.utils - INFO - Module loaded.
2024-08-31 15:15:35,530 - elsapy.elsprofile - INFO - Module loaded.
2024-08-31 15:15:35,530 - elsapy.elsdoc - INFO - Module loaded.
2024-08-31 15:15:35,531 - elsapy.elssearch - INFO - Module loaded.
2024-08-31 15:17:08,441 - elsapy.elsclient - INFO - Module loaded.
2024-08-31 15:17:08,442 - elsapy.elsentity - INFO - Module loaded.
2024-08-31 15:17:08,443 - elsapy.utils - INFO - Module loaded.
2024-08-31 15:17:08,443 - elsapy.elsprofile - INFO - Module loaded.
2024-08-31 15:17:08,444 - elsapy.elsdoc - INFO - Module loaded.
2024-08-31 15:17:08,445 - elsapy.elssearch - INFO - Module loaded.
2024-08-31 15:18:22,382 - elsapy.elsclient - INFO - Module loaded.
2024-08-31 15:18:22,383 - elsapy.elsentity - INFO - Module loaded.
2024-08-31 15:18:22,383 - elsapy.utils - INFO - Module loaded.
2024-08-31 15:18:22,384 - elsapy.elsprofile - INFO - Module loaded.
2024-08-31 15:18:22,384 - elsapy.elsdoc - INFO - Module loaded.
2024-08-31 15:18:22,385 - elsapy.elssearch - INFO - Module loaded.
2024-08-31 15:19:29,575 - elsapy.elsclient - INFO - Module loaded.
2024-08-31 15:19:29,576 - elsapy.elsentity - INFO - Module loaded.
2024-08-31 15:19:29,577 - elsapy.utils - INFO - Module loaded.
2024-08-31 15:19:29,577 - elsapy.elsprofile - INFO - Module loaded.
2024-08-31 15:19:29,578 - elsapy.elsdoc - INFO - Module loaded.
2024-08-31 15:19:29,578 - elsapy.elssearch - INFO - Module loaded.
2024-08-31 15:22:56,646 - elsapy.elsclient - INFO - Module loaded.
2024-08-31 15:22:56,647 - elsapy.elsentity - INFO - Module loaded.
2024-08-31 15:22:56,648 - elsapy.utils - INFO - Module loaded.
2024-08-31 15:22:56,648 - elsapy.elsprofile - INFO - Module loaded.
2024-08-31 15:22:56,649 - elsapy.elsdoc - INFO - Module loaded.
2024-08-31 15:22:56,650 - elsapy.elssearch - INFO - Module loaded.
2024-08-31 15:26:01,411 - elsapy.elsclient - INFO - Module loaded.
2024-08-31 15:26:01,412 - elsapy.elsentity - INFO - Module loaded.
2024-08-31 15:26:01,413 - elsapy.utils - INFO - Module loaded.
2024-08-31 15:26:01,413 - elsapy.elsprofile - INFO - Module loaded.
2024-08-31 15:26:01,414 - elsapy.elsdoc - INFO - Module loaded.
2024-08-31 15:26:01,415 - elsapy.elssearch - INFO - Module loaded.
2024-08-31 15:30:05,373 - elsapy.elsclient - INFO - Module loaded.
2024-08-31 15:30:05,374 - elsapy.elsentity - INFO - Module loaded.
2024-08-31 15:30:05,375 - elsapy.utils - INFO - Module loaded.
2024-08-31 15:30:05,375 - elsapy.elsprofile - INFO - Module loaded.
2024-08-31 15:30:05,376 - elsapy.elsdoc - INFO - Module loaded.
2024-08-31 15:30:05,376 - elsapy.elssearch - INFO - Module loaded.
2024-08-31 15:33:14,507 - elsapy.elsclient - INFO - Module loaded.
2024-08-31 15:33:14,508 - elsapy.elsentity - INFO - Module loaded.
2024-08-31 15:33:14,509 - elsapy.utils - INFO - Module loaded.
2024-08-31 15:33:14,509 - elsapy.elsprofile - INFO - Module loaded.
2024-08-31 15:33:14,510 - elsapy.elsdoc - INFO - Module loaded.
2024-08-31 15:33:14,511 - elsapy.elssearch - INFO - Module loaded.
2024-08-31 15:34:14,647 - elsapy.elsclient - INFO - Module loaded.
2024-08-31 15:34:14,648 - elsapy.elsentity - INFO - Module loaded.
2024-08-31 15:34:14,649 - elsapy.utils - INFO - Module loaded.
2024-08-31 15:34:14,649 - elsapy.elsprofile - INFO - Module loaded.
2024-08-31 15:34:14,650 - elsapy.elsdoc - INFO - Module loaded.
2024-08-31 15:34:14,650 - elsapy.elssearch - INFO - Module loaded.
2024-08-31 16:53:43,128 - elsapy.elsclient - INFO - Module loaded.
2024-08-31 16:53:43,130 - elsapy.elsentity - INFO - Module loaded.
2024-08-31 16:53:43,130 - elsapy.utils - INFO - Module loaded.
2024-08-31 16:53:43,131 - elsapy.elsprofile - INFO - Module loaded.
2024-08-31 16:53:43,131 - elsapy.elsdoc - INFO - Module loaded.
2024-08-31 16:53:43,132 - elsapy.elssearch - INFO - Module loaded.
2024-08-31 16:57:21,196 - elsapy.elsclient - INFO - Module loaded.
2024-08-31 16:57:21,197 - elsapy.elsentity - INFO - Module loaded.
2024-08-31 16:57:21,198 - elsapy.utils - INFO - Module loaded.
2024-08-31 16:57:21,198 - elsapy.elsprofile - INFO - Module loaded.
2024-08-31 16:57:21,199 - elsapy.elsdoc - INFO - Module loaded.
2024-08-31 16:57:21,199 - elsapy.elssearch - INFO - Module loaded.
2024-08-31 17:09:40,229 - elsapy.elsclient - INFO - Module loaded.
2024-08-31 17:09:40,230 - elsapy.elsentity - INFO - Module loaded.
2024-08-31 17:09:40,230 - elsapy.utils - INFO - Module loaded.
2024-08-31 17:09:40,231 - elsapy.elsprofile - INFO - Module loaded.
2024-08-31 17:09:40,231 - elsapy.elsdoc - INFO - Module loaded.
2024-08-31 17:09:40,232 - elsapy.elssearch - INFO - Module loaded.
2024-08-31 17:10:02,627 - elsapy.elsclient - INFO - Module loaded.
2024-08-31 17:10:02,629 - elsapy.elsentity - INFO - Module loaded.
2024-08-31 17:10:02,629 - elsapy.utils - INFO - Module loaded.
2024-08-31 17:10:02,629 - elsapy.elsprofile - INFO - Module loaded.
2024-08-31 17:10:02,630 - elsapy.elsdoc - INFO - Module loaded.
2024-08-31 17:10:02,631 - elsapy.elssearch - INFO - Module loaded.
2024-08-31 17:13:14,848 - elsapy.elsclient - INFO - Module loaded.
2024-08-31 17:13:14,849 - elsapy.elsentity - INFO - Module loaded.
2024-08-31 17:13:14,850 - elsapy.utils - INFO - Module loaded.
2024-08-31 17:13:14,850 - elsapy.elsprofile - INFO - Module loaded.
2024-08-31 17:13:14,851 - elsapy.elsdoc - INFO - Module loaded.
2024-08-31 17:13:14,852 - elsapy.elssearch - INFO - Module loaded.
2024-08-31 17:19:12,977 - elsapy.elsclient - INFO - Module loaded.
2024-08-31 17:19:12,979 - elsapy.elsentity - INFO - Module loaded.
2024-08-31 17:19:12,979 - elsapy.utils - INFO - Module loaded.
2024-08-31 17:19:12,980 - elsapy.elsprofile - INFO - Module loaded.
2024-08-31 17:19:12,980 - elsapy.elsdoc - INFO - Module loaded.
2024-08-31 17:19:12,981 - elsapy.elssearch - INFO - Module loaded.
2024-08-31 17:20:46,016 - elsapy.elsclient - INFO - Module loaded.
2024-08-31 17:20:46,017 - elsapy.elsentity - INFO - Module loaded.
2024-08-31 17:20:46,017 - elsapy.utils - INFO - Module loaded.
2024-08-31 17:20:46,018 - elsapy.elsprofile - INFO - Module loaded.
2024-08-31 17:20:46,018 - elsapy.elsdoc - INFO - Module loaded.
2024-08-31 17:20:46,019 - elsapy.elssearch - INFO - Module loaded.
2024-08-31 17:22:05,116 - elsapy.elsclient - INFO - Module loaded.
2024-08-31 17:22:05,117 - elsapy.elsentity - INFO - Module loaded.
2024-08-31 17:22:05,117 - elsapy.utils - INFO - Module loaded.
2024-08-31 17:22:05,118 - elsapy.elsprofile - INFO - Module loaded.
2024-08-31 17:22:05,119 - elsapy.elsdoc - INFO - Module loaded.
2024-08-31 17:22:05,119 - elsapy.elssearch - INFO - Module loaded.
2024-08-31 17:22:36,145 - elsapy.elsclient - INFO - Module loaded.
2024-08-31 17:22:36,146 - elsapy.elsentity - INFO - Module loaded.
2024-08-31 17:22:36,147 - elsapy.utils - INFO - Module loaded.
2024-08-31 17:22:36,147 - elsapy.elsprofile - INFO - Module loaded.
2024-08-31 17:22:36,148 - elsapy.elsdoc - INFO - Module loaded.
2024-08-31 17:22:36,149 - elsapy.elssearch - INFO - Module loaded.
2024-08-31 17:24:15,117 - elsapy.elsclient - INFO - Module loaded.
2024-08-31 17:24:15,118 - elsapy.elsentity - INFO - Module loaded.
2024-08-31 17:24:15,119 - elsapy.utils - INFO - Module loaded.
2024-08-31 17:24:15,119 - elsapy.elsprofile - INFO - Module loaded.
2024-08-31 17:24:15,120 - elsapy.elsdoc - INFO - Module loaded.
2024-08-31 17:24:15,121 - elsapy.elssearch - INFO - Module loaded.
2024-08-31 17:24:33,958 - elsapy.elsclient - INFO - Module loaded.
2024-08-31 17:24:33,959 - elsapy.elsentity - INFO - Module loaded.
2024-08-31 17:24:33,959 - elsapy.utils - INFO - Module loaded.
2024-08-31 17:24:33,960 - elsapy.elsprofile - INFO - Module loaded.
2024-08-31 17:24:33,960 - elsapy.elsdoc - INFO - Module loaded.
2024-08-31 17:24:33,961 - elsapy.elssearch - INFO - Module loaded.
2024-08-31 17:31:57,276 - elsapy.elsclient - INFO - Module loaded.
2024-08-31 17:31:57,277 - elsapy.elsentity - INFO - Module loaded.
2024-08-31 17:31:57,277 - elsapy.utils - INFO - Module loaded.
2024-08-31 17:31:57,278 - elsapy.elsprofile - INFO - Module loaded.
2024-08-31 17:31:57,278 - elsapy.elsdoc - INFO - Module loaded.
2024-08-31 17:31:57,279 - elsapy.elssearch - INFO - Module loaded.
2024-08-31 17:35:45,335 - elsapy.elsclient - INFO - Module loaded.
2024-08-31 17:35:45,336 - elsapy.elsentity - INFO - Module loaded.
2024-08-31 17:35:45,337 - elsapy.utils - INFO - Module loaded.
2024-08-31 17:35:45,337 - elsapy.elsprofile - INFO - Module loaded.
2024-08-31 17:35:45,338 - elsapy.elsdoc - INFO - Module loaded.
2024-08-31 17:35:45,339 - elsapy.elssearch - INFO - Module loaded.
2024-08-31 17:36:51,188 - elsapy.elsclient - INFO - Module loaded.
2024-08-31 17:36:51,189 - elsapy.elsentity - INFO - Module loaded.
2024-08-31 17:36:51,189 - elsapy.utils - INFO - Module loaded.
2024-08-31 17:36:51,190 - elsapy.elsprofile - INFO - Module loaded.
2024-08-31 17:36:51,190 - elsapy.elsdoc - INFO - Module loaded.
2024-08-31 17:36:51,191 - elsapy.elssearch - INFO - Module loaded.
2024-08-31 17:41:24,619 - elsapy.elsclient - INFO - Module loaded.
2024-08-31 17:41:24,621 - elsapy.elsentity - INFO - Module loaded.
2024-08-31 17:41:24,621 - elsapy.utils - INFO - Module loaded.
2024-08-31 17:41:24,622 - elsapy.elsprofile - INFO - Module loaded.
2024-08-31 17:41:24,622 - elsapy.elsdoc - INFO - Module loaded.
2024-08-31 17:41:24,623 - elsapy.elssearch - INFO - Module loaded.
2024-08-31 17:42:05,144 - elsapy.elsclient - INFO - Module loaded.
2024-08-31 17:42:05,145 - elsapy.elsentity - INFO - Module loaded.
2024-08-31 17:42:05,146 - elsapy.utils - INFO - Module loaded.
2024-08-31 17:42:05,146 - elsapy.elsprofile - INFO - Module loaded.
2024-08-31 17:42:05,147 - elsapy.elsdoc - INFO - Module loaded.
2024-08-31 17:42:05,147 - elsapy.elssearch - INFO - Module loaded.
2024-08-31 17:46:28,451 - elsapy.elsclient - INFO - Module loaded.
2024-08-31 17:46:28,452 - elsapy.elsentity - INFO - Module loaded.
2024-08-31 17:46:28,453 - elsapy.utils - INFO - Module loaded.
2024-08-31 17:46:28,453 - elsapy.elsprofile - INFO - Module loaded.
2024-08-31 17:46:28,454 - elsapy.elsdoc - INFO - Module loaded.
2024-08-31 17:46:28,454 - elsapy.elssearch - INFO - Module loaded.
2024-08-31 17:53:11,135 - elsapy.elsclient - INFO - Module loaded.
2024-08-31 17:53:11,137 - elsapy.elsentity - INFO - Module loaded.
2024-08-31 17:53:11,137 - elsapy.utils - INFO - Module loaded.
2024-08-31 17:53:11,138 - elsapy.elsprofile - INFO - Module loaded.
2024-08-31 17:53:11,138 - elsapy.elsdoc - INFO - Module loaded.
2024-08-31 17:53:11,139 - elsapy.elssearch - INFO - Module loaded.
2024-08-31 17:54:18,742 - elsapy.elsclient - INFO - Module loaded.
2024-08-31 17:54:18,743 - elsapy.elsentity - INFO - Module loaded.
2024-08-31 17:54:18,744 - elsapy.utils - INFO - Module loaded.
2024-08-31 17:54:18,744 - elsapy.elsprofile - INFO - Module loaded.
2024-08-31 17:54:18,745 - elsapy.elsdoc - INFO - Module loaded.
2024-08-31 17:54:18,746 - elsapy.elssearch - INFO - Module loaded.
2024-08-31 17:54:56,130 - elsapy.elsclient - INFO - Module loaded.
2024-08-31 17:54:56,132 - elsapy.elsentity - INFO - Module loaded.
2024-08-31 17:54:56,133 - elsapy.utils - INFO - Module loaded.
2024-08-31 17:54:56,133 - elsapy.elsprofile - INFO - Module loaded.
2024-08-31 17:54:56,134 - elsapy.elsdoc - INFO - Module loaded.
2024-08-31 17:54:56,134 - elsapy.elssearch - INFO - Module loaded.
2024-08-31 17:55:11,590 - elsapy.elsclient - INFO - Module loaded.
2024-08-31 17:55:11,590 - elsapy.elsentity - INFO - Module loaded.
2024-08-31 17:55:11,591 - elsapy.utils - INFO - Module loaded.
2024-08-31 17:55:11,592 - elsapy.elsprofile - INFO - Module loaded.
2024-08-31 17:55:11,592 - elsapy.elsdoc - INFO - Module loaded.
2024-08-31 17:55:11,593 - elsapy.elssearch - INFO - Module loaded.
2024-08-31 17:57:01,132 - elsapy.elsclient - INFO - Module loaded.
2024-08-31 17:57:01,133 - elsapy.elsentity - INFO - Module loaded.
2024-08-31 17:57:01,133 - elsapy.utils - INFO - Module loaded.
2024-08-31 17:57:01,134 - elsapy.elsprofile - INFO - Module loaded.
2024-08-31 17:57:01,134 - elsapy.elsdoc - INFO - Module loaded.
2024-08-31 17:57:01,135 - elsapy.elssearch - INFO - Module loaded.
