2024-05-25 07:32:30,322 - elsapy.elsclient - INFO - Module loaded.
2024-05-25 07:32:30,324 - elsapy.elsentity - INFO - Module loaded.
2024-05-25 07:32:30,324 - elsapy.utils - INFO - Module loaded.
2024-05-25 07:32:30,325 - elsapy.elsprofile - INFO - Module loaded.
2024-05-25 07:32:30,325 - elsapy.elsdoc - INFO - Module loaded.
2024-05-25 07:32:30,327 - elsapy.elssearch - INFO - Module loaded.
2024-05-25 07:38:28,487 - elsapy.elsclient - INFO - Module loaded.
2024-05-25 07:38:28,489 - elsapy.elsentity - INFO - Module loaded.
2024-05-25 07:38:28,490 - elsapy.utils - INFO - Module loaded.
2024-05-25 07:38:28,490 - elsapy.elsprofile - INFO - Module loaded.
2024-05-25 07:38:28,491 - elsapy.elsdoc - INFO - Module loaded.
2024-05-25 07:38:28,492 - elsapy.elssearch - INFO - Module loaded.
2024-05-25 07:40:04,741 - elsapy.elsclient - INFO - Module loaded.
2024-05-25 07:40:04,742 - elsapy.elsentity - INFO - Module loaded.
2024-05-25 07:40:04,743 - elsapy.utils - INFO - Module loaded.
2024-05-25 07:40:04,743 - elsapy.elsprofile - INFO - Module loaded.
2024-05-25 07:40:04,744 - elsapy.elsdoc - INFO - Module loaded.
2024-05-25 07:40:04,745 - elsapy.elssearch - INFO - Module loaded.
2024-05-25 07:43:17,309 - elsapy.elsclient - INFO - Module loaded.
2024-05-25 07:43:17,310 - elsapy.elsentity - INFO - Module loaded.
2024-05-25 07:43:17,311 - elsapy.utils - INFO - Module loaded.
2024-05-25 07:43:17,311 - elsapy.elsprofile - INFO - Module loaded.
2024-05-25 07:43:17,312 - elsapy.elsdoc - INFO - Module loaded.
2024-05-25 07:43:17,313 - elsapy.elssearch - INFO - Module loaded.
2024-05-25 07:45:10,030 - elsapy.elsclient - INFO - Module loaded.
2024-05-25 07:45:10,031 - elsapy.elsentity - INFO - Module loaded.
2024-05-25 07:45:10,032 - elsapy.utils - INFO - Module loaded.
2024-05-25 07:45:10,032 - elsapy.elsprofile - INFO - Module loaded.
2024-05-25 07:45:10,033 - elsapy.elsdoc - INFO - Module loaded.
2024-05-25 07:45:10,034 - elsapy.elssearch - INFO - Module loaded.
2024-05-25 07:49:05,333 - elsapy.elsclient - INFO - Module loaded.
2024-05-25 07:49:05,334 - elsapy.elsentity - INFO - Module loaded.
2024-05-25 07:49:05,334 - elsapy.utils - INFO - Module loaded.
2024-05-25 07:49:05,335 - elsapy.elsprofile - INFO - Module loaded.
2024-05-25 07:49:05,335 - elsapy.elsdoc - INFO - Module loaded.
2024-05-25 07:49:05,336 - elsapy.elssearch - INFO - Module loaded.
2024-05-25 07:51:58,572 - elsapy.elsclient - INFO - Module loaded.
2024-05-25 07:51:58,573 - elsapy.elsentity - INFO - Module loaded.
2024-05-25 07:51:58,574 - elsapy.utils - INFO - Module loaded.
2024-05-25 07:51:58,574 - elsapy.elsprofile - INFO - Module loaded.
2024-05-25 07:51:58,575 - elsapy.elsdoc - INFO - Module loaded.
2024-05-25 07:51:58,575 - elsapy.elssearch - INFO - Module loaded.
2024-05-25 08:01:36,173 - elsapy.elsclient - INFO - Module loaded.
2024-05-25 08:01:36,174 - elsapy.elsentity - INFO - Module loaded.
2024-05-25 08:01:36,175 - elsapy.utils - INFO - Module loaded.
2024-05-25 08:01:36,175 - elsapy.elsprofile - INFO - Module loaded.
2024-05-25 08:01:36,176 - elsapy.elsdoc - INFO - Module loaded.
2024-05-25 08:01:36,176 - elsapy.elssearch - INFO - Module loaded.
2024-05-25 08:05:10,851 - elsapy.elsclient - INFO - Module loaded.
2024-05-25 08:05:10,852 - elsapy.elsentity - INFO - Module loaded.
2024-05-25 08:05:10,852 - elsapy.utils - INFO - Module loaded.
2024-05-25 08:05:10,853 - elsapy.elsprofile - INFO - Module loaded.
2024-05-25 08:05:10,853 - elsapy.elsdoc - INFO - Module loaded.
2024-05-25 08:05:10,854 - elsapy.elssearch - INFO - Module loaded.
2024-05-25 08:16:42,839 - elsapy.elsclient - INFO - Module loaded.
2024-05-25 08:16:42,840 - elsapy.elsentity - INFO - Module loaded.
2024-05-25 08:16:42,841 - elsapy.utils - INFO - Module loaded.
2024-05-25 08:16:42,841 - elsapy.elsprofile - INFO - Module loaded.
2024-05-25 08:16:42,842 - elsapy.elsdoc - INFO - Module loaded.
2024-05-25 08:16:42,842 - elsapy.elssearch - INFO - Module loaded.
2024-05-25 08:17:03,094 - elsapy.elsclient - INFO - Module loaded.
2024-05-25 08:17:03,095 - elsapy.elsentity - INFO - Module loaded.
2024-05-25 08:17:03,096 - elsapy.utils - INFO - Module loaded.
2024-05-25 08:17:03,096 - elsapy.elsprofile - INFO - Module loaded.
2024-05-25 08:17:03,097 - elsapy.elsdoc - INFO - Module loaded.
2024-05-25 08:17:03,098 - elsapy.elssearch - INFO - Module loaded.
2024-05-25 08:20:52,758 - elsapy.elsclient - INFO - Module loaded.
2024-05-25 08:20:52,759 - elsapy.elsentity - INFO - Module loaded.
2024-05-25 08:20:52,760 - elsapy.utils - INFO - Module loaded.
2024-05-25 08:20:52,760 - elsapy.elsprofile - INFO - Module loaded.
2024-05-25 08:20:52,761 - elsapy.elsdoc - INFO - Module loaded.
2024-05-25 08:20:52,761 - elsapy.elssearch - INFO - Module loaded.
2024-05-25 08:27:19,755 - elsapy.elsclient - INFO - Module loaded.
2024-05-25 08:27:19,757 - elsapy.elsentity - INFO - Module loaded.
2024-05-25 08:27:19,757 - elsapy.utils - INFO - Module loaded.
2024-05-25 08:27:19,758 - elsapy.elsprofile - INFO - Module loaded.
2024-05-25 08:27:19,758 - elsapy.elsdoc - INFO - Module loaded.
2024-05-25 08:27:19,759 - elsapy.elssearch - INFO - Module loaded.
2024-05-25 09:25:25,390 - elsapy.elsclient - INFO - Module loaded.
2024-05-25 09:25:25,391 - elsapy.elsentity - INFO - Module loaded.
2024-05-25 09:25:25,392 - elsapy.utils - INFO - Module loaded.
2024-05-25 09:25:25,392 - elsapy.elsprofile - INFO - Module loaded.
2024-05-25 09:25:25,393 - elsapy.elsdoc - INFO - Module loaded.
2024-05-25 09:25:25,394 - elsapy.elssearch - INFO - Module loaded.
2024-05-25 09:45:01,663 - elsapy.elsclient - INFO - Module loaded.
2024-05-25 09:45:01,664 - elsapy.elsentity - INFO - Module loaded.
2024-05-25 09:45:01,665 - elsapy.utils - INFO - Module loaded.
2024-05-25 09:45:01,665 - elsapy.elsprofile - INFO - Module loaded.
2024-05-25 09:45:01,666 - elsapy.elsdoc - INFO - Module loaded.
2024-05-25 09:45:01,667 - elsapy.elssearch - INFO - Module loaded.
2024-05-25 10:21:23,527 - elsapy.elsclient - INFO - Module loaded.
2024-05-25 10:21:23,528 - elsapy.elsentity - INFO - Module loaded.
2024-05-25 10:21:23,529 - elsapy.utils - INFO - Module loaded.
2024-05-25 10:21:23,529 - elsapy.elsprofile - INFO - Module loaded.
2024-05-25 10:21:23,530 - elsapy.elsdoc - INFO - Module loaded.
2024-05-25 10:21:23,531 - elsapy.elssearch - INFO - Module loaded.
2024-05-25 11:00:03,850 - elsapy.elsclient - INFO - Module loaded.
2024-05-25 11:00:03,851 - elsapy.elsentity - INFO - Module loaded.
2024-05-25 11:00:03,852 - elsapy.utils - INFO - Module loaded.
2024-05-25 11:00:03,852 - elsapy.elsprofile - INFO - Module loaded.
2024-05-25 11:00:03,853 - elsapy.elsdoc - INFO - Module loaded.
2024-05-25 11:00:03,854 - elsapy.elssearch - INFO - Module loaded.
2024-05-25 11:00:41,556 - elsapy.elsclient - INFO - Module loaded.
2024-05-25 11:00:41,558 - elsapy.elsentity - INFO - Module loaded.
2024-05-25 11:00:41,558 - elsapy.utils - INFO - Module loaded.
2024-05-25 11:00:41,558 - elsapy.elsprofile - INFO - Module loaded.
2024-05-25 11:00:41,559 - elsapy.elsdoc - INFO - Module loaded.
2024-05-25 11:00:41,560 - elsapy.elssearch - INFO - Module loaded.
2024-05-25 11:23:25,601 - elsapy.elsclient - INFO - Module loaded.
2024-05-25 11:23:25,603 - elsapy.elsentity - INFO - Module loaded.
2024-05-25 11:23:25,604 - elsapy.utils - INFO - Module loaded.
2024-05-25 11:23:25,604 - elsapy.elsprofile - INFO - Module loaded.
2024-05-25 11:23:25,605 - elsapy.elsdoc - INFO - Module loaded.
2024-05-25 11:23:25,606 - elsapy.elssearch - INFO - Module loaded.
2024-05-25 11:39:25,196 - elsapy.elsclient - INFO - Module loaded.
2024-05-25 11:39:25,197 - elsapy.elsentity - INFO - Module loaded.
2024-05-25 11:39:25,198 - elsapy.utils - INFO - Module loaded.
2024-05-25 11:39:25,198 - elsapy.elsprofile - INFO - Module loaded.
2024-05-25 11:39:25,199 - elsapy.elsdoc - INFO - Module loaded.
2024-05-25 11:39:25,200 - elsapy.elssearch - INFO - Module loaded.
2024-05-25 12:04:06,290 - elsapy.elsclient - INFO - Module loaded.
2024-05-25 12:04:06,292 - elsapy.elsentity - INFO - Module loaded.
2024-05-25 12:04:06,293 - elsapy.utils - INFO - Module loaded.
2024-05-25 12:04:06,293 - elsapy.elsprofile - INFO - Module loaded.
2024-05-25 12:04:06,294 - elsapy.elsdoc - INFO - Module loaded.
2024-05-25 12:04:06,295 - elsapy.elssearch - INFO - Module loaded.
2024-05-25 12:45:52,007 - elsapy.elsclient - INFO - Module loaded.
2024-05-25 12:45:52,009 - elsapy.elsentity - INFO - Module loaded.
2024-05-25 12:45:52,010 - elsapy.utils - INFO - Module loaded.
2024-05-25 12:45:52,010 - elsapy.elsprofile - INFO - Module loaded.
2024-05-25 12:45:52,011 - elsapy.elsdoc - INFO - Module loaded.
2024-05-25 12:45:52,012 - elsapy.elssearch - INFO - Module loaded.
2024-05-25 12:50:40,621 - elsapy.elsclient - INFO - Module loaded.
2024-05-25 12:50:40,623 - elsapy.elsentity - INFO - Module loaded.
2024-05-25 12:50:40,623 - elsapy.utils - INFO - Module loaded.
2024-05-25 12:50:40,624 - elsapy.elsprofile - INFO - Module loaded.
2024-05-25 12:50:40,625 - elsapy.elsdoc - INFO - Module loaded.
2024-05-25 12:50:40,626 - elsapy.elssearch - INFO - Module loaded.
2024-05-25 12:55:05,755 - elsapy.elsclient - INFO - Module loaded.
2024-05-25 12:55:05,757 - elsapy.elsentity - INFO - Module loaded.
2024-05-25 12:55:05,758 - elsapy.utils - INFO - Module loaded.
2024-05-25 12:55:05,758 - elsapy.elsprofile - INFO - Module loaded.
2024-05-25 12:55:05,759 - elsapy.elsdoc - INFO - Module loaded.
2024-05-25 12:55:05,760 - elsapy.elssearch - INFO - Module loaded.
2024-05-25 13:21:44,498 - elsapy.elsclient - INFO - Module loaded.
2024-05-25 13:21:44,500 - elsapy.elsentity - INFO - Module loaded.
2024-05-25 13:21:44,501 - elsapy.utils - INFO - Module loaded.
2024-05-25 13:21:44,502 - elsapy.elsprofile - INFO - Module loaded.
2024-05-25 13:21:44,503 - elsapy.elsdoc - INFO - Module loaded.
2024-05-25 13:21:44,504 - elsapy.elssearch - INFO - Module loaded.
2024-05-25 13:40:35,624 - elsapy.elsclient - INFO - Module loaded.
2024-05-25 13:40:35,626 - elsapy.elsentity - INFO - Module loaded.
2024-05-25 13:40:35,627 - elsapy.utils - INFO - Module loaded.
2024-05-25 13:40:35,627 - elsapy.elsprofile - INFO - Module loaded.
2024-05-25 13:40:35,628 - elsapy.elsdoc - INFO - Module loaded.
2024-05-25 13:40:35,629 - elsapy.elssearch - INFO - Module loaded.
2024-05-25 23:11:11,231 - elsapy.elsclient - INFO - Module loaded.
2024-05-25 23:11:11,232 - elsapy.elsentity - INFO - Module loaded.
2024-05-25 23:11:11,233 - elsapy.utils - INFO - Module loaded.
2024-05-25 23:11:11,234 - elsapy.elsprofile - INFO - Module loaded.
2024-05-25 23:11:11,235 - elsapy.elsdoc - INFO - Module loaded.
2024-05-25 23:11:11,236 - elsapy.elssearch - INFO - Module loaded.
