2024-09-10 13:17:55,151 - elsapy.elsclient - INFO - Module loaded.
2024-09-10 13:17:55,153 - elsapy.elsentity - INFO - Module loaded.
2024-09-10 13:17:55,153 - elsapy.utils - INFO - Module loaded.
2024-09-10 13:17:55,154 - elsapy.elsprofile - INFO - Module loaded.
2024-09-10 13:17:55,154 - elsapy.elsdoc - INFO - Module loaded.
2024-09-10 13:17:55,155 - elsapy.elssearch - INFO - Module loaded.
2024-09-10 14:16:44,297 - elsapy.elsclient - INFO - Module loaded.
2024-09-10 14:16:44,298 - elsapy.elsentity - INFO - Module loaded.
2024-09-10 14:16:44,299 - elsapy.utils - INFO - Module loaded.
2024-09-10 14:16:44,299 - elsapy.elsprofile - INFO - Module loaded.
2024-09-10 14:16:44,300 - elsapy.elsdoc - INFO - Module loaded.
2024-09-10 14:16:44,301 - elsapy.elssearch - INFO - Module loaded.
2024-09-10 14:19:12,296 - elsapy.elsclient - INFO - Module loaded.
2024-09-10 14:19:12,297 - elsapy.elsentity - INFO - Module loaded.
2024-09-10 14:19:12,298 - elsapy.utils - INFO - Module loaded.
2024-09-10 14:19:12,298 - elsapy.elsprofile - INFO - Module loaded.
2024-09-10 14:19:12,299 - elsapy.elsdoc - INFO - Module loaded.
2024-09-10 14:19:12,300 - elsapy.elssearch - INFO - Module loaded.
2024-09-10 14:19:32,504 - elsapy.elsclient - INFO - Module loaded.
2024-09-10 14:19:32,505 - elsapy.elsentity - INFO - Module loaded.
2024-09-10 14:19:32,506 - elsapy.utils - INFO - Module loaded.
2024-09-10 14:19:32,506 - elsapy.elsprofile - INFO - Module loaded.
2024-09-10 14:19:32,507 - elsapy.elsdoc - INFO - Module loaded.
2024-09-10 14:19:32,508 - elsapy.elssearch - INFO - Module loaded.
2024-09-10 14:19:52,631 - elsapy.elsclient - INFO - Module loaded.
2024-09-10 14:19:52,632 - elsapy.elsentity - INFO - Module loaded.
2024-09-10 14:19:52,633 - elsapy.utils - INFO - Module loaded.
2024-09-10 14:19:52,633 - elsapy.elsprofile - INFO - Module loaded.
2024-09-10 14:19:52,634 - elsapy.elsdoc - INFO - Module loaded.
2024-09-10 14:19:52,635 - elsapy.elssearch - INFO - Module loaded.
2024-09-10 14:20:51,266 - elsapy.elsclient - INFO - Module loaded.
2024-09-10 14:20:51,267 - elsapy.elsentity - INFO - Module loaded.
2024-09-10 14:20:51,268 - elsapy.utils - INFO - Module loaded.
2024-09-10 14:20:51,268 - elsapy.elsprofile - INFO - Module loaded.
2024-09-10 14:20:51,269 - elsapy.elsdoc - INFO - Module loaded.
2024-09-10 14:20:51,270 - elsapy.elssearch - INFO - Module loaded.
2024-09-10 14:22:09,826 - elsapy.elsclient - INFO - Module loaded.
2024-09-10 14:22:09,827 - elsapy.elsentity - INFO - Module loaded.
2024-09-10 14:22:09,828 - elsapy.utils - INFO - Module loaded.
2024-09-10 14:22:09,828 - elsapy.elsprofile - INFO - Module loaded.
2024-09-10 14:22:09,829 - elsapy.elsdoc - INFO - Module loaded.
2024-09-10 14:22:09,829 - elsapy.elssearch - INFO - Module loaded.
2024-09-10 14:25:35,950 - elsapy.elsclient - INFO - Module loaded.
2024-09-10 14:25:35,951 - elsapy.elsentity - INFO - Module loaded.
2024-09-10 14:25:35,952 - elsapy.utils - INFO - Module loaded.
2024-09-10 14:25:35,952 - elsapy.elsprofile - INFO - Module loaded.
2024-09-10 14:25:35,953 - elsapy.elsdoc - INFO - Module loaded.
2024-09-10 14:25:35,954 - elsapy.elssearch - INFO - Module loaded.
2024-09-10 14:26:04,078 - elsapy.elsclient - INFO - Module loaded.
2024-09-10 14:26:04,079 - elsapy.elsentity - INFO - Module loaded.
2024-09-10 14:26:04,079 - elsapy.utils - INFO - Module loaded.
2024-09-10 14:26:04,080 - elsapy.elsprofile - INFO - Module loaded.
2024-09-10 14:26:04,081 - elsapy.elsdoc - INFO - Module loaded.
2024-09-10 14:26:04,081 - elsapy.elssearch - INFO - Module loaded.
2024-09-10 14:26:47,841 - elsapy.elsclient - INFO - Module loaded.
2024-09-10 14:26:47,842 - elsapy.elsentity - INFO - Module loaded.
2024-09-10 14:26:47,843 - elsapy.utils - INFO - Module loaded.
2024-09-10 14:26:47,843 - elsapy.elsprofile - INFO - Module loaded.
2024-09-10 14:26:47,844 - elsapy.elsdoc - INFO - Module loaded.
2024-09-10 14:26:47,845 - elsapy.elssearch - INFO - Module loaded.
2024-09-10 15:12:01,942 - elsapy.elsclient - INFO - Module loaded.
2024-09-10 15:12:01,943 - elsapy.elsentity - INFO - Module loaded.
2024-09-10 15:12:01,944 - elsapy.utils - INFO - Module loaded.
2024-09-10 15:12:01,944 - elsapy.elsprofile - INFO - Module loaded.
2024-09-10 15:12:01,945 - elsapy.elsdoc - INFO - Module loaded.
2024-09-10 15:12:01,946 - elsapy.elssearch - INFO - Module loaded.
2024-09-10 15:20:40,132 - elsapy.elsclient - INFO - Module loaded.
2024-09-10 15:20:40,133 - elsapy.elsentity - INFO - Module loaded.
2024-09-10 15:20:40,134 - elsapy.utils - INFO - Module loaded.
2024-09-10 15:20:40,134 - elsapy.elsprofile - INFO - Module loaded.
2024-09-10 15:20:40,135 - elsapy.elsdoc - INFO - Module loaded.
2024-09-10 15:20:40,135 - elsapy.elssearch - INFO - Module loaded.
2024-09-10 15:21:30,474 - elsapy.elsclient - INFO - Module loaded.
2024-09-10 15:21:30,475 - elsapy.elsentity - INFO - Module loaded.
2024-09-10 15:21:30,476 - elsapy.utils - INFO - Module loaded.
2024-09-10 15:21:30,476 - elsapy.elsprofile - INFO - Module loaded.
2024-09-10 15:21:30,477 - elsapy.elsdoc - INFO - Module loaded.
2024-09-10 15:21:30,478 - elsapy.elssearch - INFO - Module loaded.
2024-09-10 15:23:17,228 - elsapy.elsclient - INFO - Module loaded.
2024-09-10 15:23:17,229 - elsapy.elsentity - INFO - Module loaded.
2024-09-10 15:23:17,229 - elsapy.utils - INFO - Module loaded.
2024-09-10 15:23:17,230 - elsapy.elsprofile - INFO - Module loaded.
2024-09-10 15:23:17,231 - elsapy.elsdoc - INFO - Module loaded.
2024-09-10 15:23:17,231 - elsapy.elssearch - INFO - Module loaded.
2024-09-10 15:23:50,685 - elsapy.elsclient - INFO - Module loaded.
2024-09-10 15:23:50,686 - elsapy.elsentity - INFO - Module loaded.
2024-09-10 15:23:50,687 - elsapy.utils - INFO - Module loaded.
2024-09-10 15:23:50,687 - elsapy.elsprofile - INFO - Module loaded.
2024-09-10 15:23:50,688 - elsapy.elsdoc - INFO - Module loaded.
2024-09-10 15:23:50,689 - elsapy.elssearch - INFO - Module loaded.
2024-09-10 15:24:19,045 - elsapy.elsclient - INFO - Module loaded.
2024-09-10 15:24:19,046 - elsapy.elsentity - INFO - Module loaded.
2024-09-10 15:24:19,047 - elsapy.utils - INFO - Module loaded.
2024-09-10 15:24:19,047 - elsapy.elsprofile - INFO - Module loaded.
2024-09-10 15:24:19,048 - elsapy.elsdoc - INFO - Module loaded.
2024-09-10 15:24:19,049 - elsapy.elssearch - INFO - Module loaded.
2024-09-10 15:24:52,284 - elsapy.elsclient - INFO - Module loaded.
2024-09-10 15:24:52,285 - elsapy.elsentity - INFO - Module loaded.
2024-09-10 15:24:52,286 - elsapy.utils - INFO - Module loaded.
2024-09-10 15:24:52,286 - elsapy.elsprofile - INFO - Module loaded.
2024-09-10 15:24:52,287 - elsapy.elsdoc - INFO - Module loaded.
2024-09-10 15:24:52,287 - elsapy.elssearch - INFO - Module loaded.
2024-09-10 15:25:26,333 - elsapy.elsclient - INFO - Module loaded.
2024-09-10 15:25:26,334 - elsapy.elsentity - INFO - Module loaded.
2024-09-10 15:25:26,334 - elsapy.utils - INFO - Module loaded.
2024-09-10 15:25:26,335 - elsapy.elsprofile - INFO - Module loaded.
2024-09-10 15:25:26,335 - elsapy.elsdoc - INFO - Module loaded.
2024-09-10 15:25:26,336 - elsapy.elssearch - INFO - Module loaded.
2024-09-10 15:25:55,661 - elsapy.elsclient - INFO - Module loaded.
2024-09-10 15:25:55,662 - elsapy.elsentity - INFO - Module loaded.
2024-09-10 15:25:55,663 - elsapy.utils - INFO - Module loaded.
2024-09-10 15:25:55,663 - elsapy.elsprofile - INFO - Module loaded.
2024-09-10 15:25:55,664 - elsapy.elsdoc - INFO - Module loaded.
2024-09-10 15:25:55,665 - elsapy.elssearch - INFO - Module loaded.
2024-09-10 15:28:39,161 - elsapy.elsclient - INFO - Module loaded.
2024-09-10 15:28:39,162 - elsapy.elsentity - INFO - Module loaded.
2024-09-10 15:28:39,162 - elsapy.utils - INFO - Module loaded.
2024-09-10 15:28:39,163 - elsapy.elsprofile - INFO - Module loaded.
2024-09-10 15:28:39,163 - elsapy.elsdoc - INFO - Module loaded.
2024-09-10 15:28:39,164 - elsapy.elssearch - INFO - Module loaded.
2024-09-10 15:29:24,472 - elsapy.elsclient - INFO - Module loaded.
2024-09-10 15:29:24,473 - elsapy.elsentity - INFO - Module loaded.
2024-09-10 15:29:24,474 - elsapy.utils - INFO - Module loaded.
2024-09-10 15:29:24,474 - elsapy.elsprofile - INFO - Module loaded.
2024-09-10 15:29:24,475 - elsapy.elsdoc - INFO - Module loaded.
2024-09-10 15:29:24,476 - elsapy.elssearch - INFO - Module loaded.
2024-09-10 15:42:34,612 - elsapy.elsclient - INFO - Module loaded.
2024-09-10 15:42:34,613 - elsapy.elsentity - INFO - Module loaded.
2024-09-10 15:42:34,614 - elsapy.utils - INFO - Module loaded.
2024-09-10 15:42:34,614 - elsapy.elsprofile - INFO - Module loaded.
2024-09-10 15:42:34,615 - elsapy.elsdoc - INFO - Module loaded.
2024-09-10 15:42:34,616 - elsapy.elssearch - INFO - Module loaded.
2024-09-10 15:44:16,461 - elsapy.elsclient - INFO - Module loaded.
2024-09-10 15:44:16,463 - elsapy.elsentity - INFO - Module loaded.
2024-09-10 15:44:16,463 - elsapy.utils - INFO - Module loaded.
2024-09-10 15:44:16,464 - elsapy.elsprofile - INFO - Module loaded.
2024-09-10 15:44:16,464 - elsapy.elsdoc - INFO - Module loaded.
2024-09-10 15:44:16,465 - elsapy.elssearch - INFO - Module loaded.
2024-09-10 15:53:50,916 - elsapy.elsclient - INFO - Module loaded.
2024-09-10 15:53:50,917 - elsapy.elsentity - INFO - Module loaded.
2024-09-10 15:53:50,917 - elsapy.utils - INFO - Module loaded.
2024-09-10 15:53:50,918 - elsapy.elsprofile - INFO - Module loaded.
2024-09-10 15:53:50,919 - elsapy.elsdoc - INFO - Module loaded.
2024-09-10 15:53:50,919 - elsapy.elssearch - INFO - Module loaded.
2024-09-10 16:09:03,274 - elsapy.elsclient - INFO - Module loaded.
2024-09-10 16:09:03,275 - elsapy.elsentity - INFO - Module loaded.
2024-09-10 16:09:03,276 - elsapy.utils - INFO - Module loaded.
2024-09-10 16:09:03,276 - elsapy.elsprofile - INFO - Module loaded.
2024-09-10 16:09:03,277 - elsapy.elsdoc - INFO - Module loaded.
2024-09-10 16:09:03,278 - elsapy.elssearch - INFO - Module loaded.
2024-09-10 16:09:25,120 - elsapy.elsclient - INFO - Module loaded.
2024-09-10 16:09:25,122 - elsapy.elsentity - INFO - Module loaded.
2024-09-10 16:09:25,122 - elsapy.utils - INFO - Module loaded.
2024-09-10 16:09:25,123 - elsapy.elsprofile - INFO - Module loaded.
2024-09-10 16:09:25,123 - elsapy.elsdoc - INFO - Module loaded.
2024-09-10 16:09:25,124 - elsapy.elssearch - INFO - Module loaded.
2024-09-10 16:10:53,234 - elsapy.elsclient - INFO - Module loaded.
2024-09-10 16:10:53,235 - elsapy.elsentity - INFO - Module loaded.
2024-09-10 16:10:53,236 - elsapy.utils - INFO - Module loaded.
2024-09-10 16:10:53,236 - elsapy.elsprofile - INFO - Module loaded.
2024-09-10 16:10:53,237 - elsapy.elsdoc - INFO - Module loaded.
2024-09-10 16:10:53,238 - elsapy.elssearch - INFO - Module loaded.
2024-09-10 16:22:21,876 - elsapy.elsclient - INFO - Module loaded.
2024-09-10 16:22:21,877 - elsapy.elsentity - INFO - Module loaded.
2024-09-10 16:22:21,878 - elsapy.utils - INFO - Module loaded.
2024-09-10 16:22:21,878 - elsapy.elsprofile - INFO - Module loaded.
2024-09-10 16:22:21,879 - elsapy.elsdoc - INFO - Module loaded.
2024-09-10 16:22:21,880 - elsapy.elssearch - INFO - Module loaded.
2024-09-10 16:22:36,796 - elsapy.elsclient - INFO - Module loaded.
2024-09-10 16:22:36,797 - elsapy.elsentity - INFO - Module loaded.
2024-09-10 16:22:36,798 - elsapy.utils - INFO - Module loaded.
2024-09-10 16:22:36,798 - elsapy.elsprofile - INFO - Module loaded.
2024-09-10 16:22:36,799 - elsapy.elsdoc - INFO - Module loaded.
2024-09-10 16:22:36,800 - elsapy.elssearch - INFO - Module loaded.
2024-09-10 16:41:23,320 - elsapy.elsclient - INFO - Module loaded.
2024-09-10 16:41:23,321 - elsapy.elsentity - INFO - Module loaded.
2024-09-10 16:41:23,322 - elsapy.utils - INFO - Module loaded.
2024-09-10 16:41:23,322 - elsapy.elsprofile - INFO - Module loaded.
2024-09-10 16:41:23,323 - elsapy.elsdoc - INFO - Module loaded.
2024-09-10 16:41:23,324 - elsapy.elssearch - INFO - Module loaded.
2024-09-10 16:47:15,429 - elsapy.elsclient - INFO - Module loaded.
2024-09-10 16:47:15,431 - elsapy.elsentity - INFO - Module loaded.
2024-09-10 16:47:15,431 - elsapy.utils - INFO - Module loaded.
2024-09-10 16:47:15,432 - elsapy.elsprofile - INFO - Module loaded.
2024-09-10 16:47:15,432 - elsapy.elsdoc - INFO - Module loaded.
2024-09-10 16:47:15,433 - elsapy.elssearch - INFO - Module loaded.
2024-09-10 16:50:21,939 - elsapy.elsclient - INFO - Module loaded.
2024-09-10 16:50:21,940 - elsapy.elsentity - INFO - Module loaded.
2024-09-10 16:50:21,941 - elsapy.utils - INFO - Module loaded.
2024-09-10 16:50:21,941 - elsapy.elsprofile - INFO - Module loaded.
2024-09-10 16:50:21,942 - elsapy.elsdoc - INFO - Module loaded.
2024-09-10 16:50:21,943 - elsapy.elssearch - INFO - Module loaded.
2024-09-10 16:52:45,525 - elsapy.elsclient - INFO - Module loaded.
2024-09-10 16:52:45,527 - elsapy.elsentity - INFO - Module loaded.
2024-09-10 16:52:45,527 - elsapy.utils - INFO - Module loaded.
2024-09-10 16:52:45,528 - elsapy.elsprofile - INFO - Module loaded.
2024-09-10 16:52:45,529 - elsapy.elsdoc - INFO - Module loaded.
2024-09-10 16:52:45,530 - elsapy.elssearch - INFO - Module loaded.
2024-09-10 16:54:14,856 - elsapy.elsclient - INFO - Module loaded.
2024-09-10 16:54:14,857 - elsapy.elsentity - INFO - Module loaded.
2024-09-10 16:54:14,857 - elsapy.utils - INFO - Module loaded.
2024-09-10 16:54:14,858 - elsapy.elsprofile - INFO - Module loaded.
2024-09-10 16:54:14,859 - elsapy.elsdoc - INFO - Module loaded.
2024-09-10 16:54:14,859 - elsapy.elssearch - INFO - Module loaded.
2024-09-10 16:57:12,510 - elsapy.elsclient - INFO - Module loaded.
2024-09-10 16:57:12,511 - elsapy.elsentity - INFO - Module loaded.
2024-09-10 16:57:12,511 - elsapy.utils - INFO - Module loaded.
2024-09-10 16:57:12,512 - elsapy.elsprofile - INFO - Module loaded.
2024-09-10 16:57:12,512 - elsapy.elsdoc - INFO - Module loaded.
2024-09-10 16:57:12,513 - elsapy.elssearch - INFO - Module loaded.
2024-09-10 16:57:55,362 - elsapy.elsclient - INFO - Module loaded.
2024-09-10 16:57:55,364 - elsapy.elsentity - INFO - Module loaded.
2024-09-10 16:57:55,364 - elsapy.utils - INFO - Module loaded.
2024-09-10 16:57:55,365 - elsapy.elsprofile - INFO - Module loaded.
2024-09-10 16:57:55,365 - elsapy.elsdoc - INFO - Module loaded.
2024-09-10 16:57:55,366 - elsapy.elssearch - INFO - Module loaded.
2024-09-10 17:03:27,559 - elsapy.elsclient - INFO - Module loaded.
2024-09-10 17:03:27,561 - elsapy.elsentity - INFO - Module loaded.
2024-09-10 17:03:27,561 - elsapy.utils - INFO - Module loaded.
2024-09-10 17:03:27,562 - elsapy.elsprofile - INFO - Module loaded.
2024-09-10 17:03:27,563 - elsapy.elsdoc - INFO - Module loaded.
2024-09-10 17:03:27,563 - elsapy.elssearch - INFO - Module loaded.
2024-09-10 17:04:48,372 - elsapy.elsclient - INFO - Module loaded.
2024-09-10 17:04:48,373 - elsapy.elsentity - INFO - Module loaded.
2024-09-10 17:04:48,374 - elsapy.utils - INFO - Module loaded.
2024-09-10 17:04:48,374 - elsapy.elsprofile - INFO - Module loaded.
2024-09-10 17:04:48,375 - elsapy.elsdoc - INFO - Module loaded.
2024-09-10 17:04:48,376 - elsapy.elssearch - INFO - Module loaded.
2024-09-10 17:10:06,647 - elsapy.elsclient - INFO - Module loaded.
2024-09-10 17:10:06,648 - elsapy.elsentity - INFO - Module loaded.
2024-09-10 17:10:06,649 - elsapy.utils - INFO - Module loaded.
2024-09-10 17:10:06,649 - elsapy.elsprofile - INFO - Module loaded.
2024-09-10 17:10:06,650 - elsapy.elsdoc - INFO - Module loaded.
2024-09-10 17:10:06,651 - elsapy.elssearch - INFO - Module loaded.
2024-09-10 17:12:37,486 - elsapy.elsclient - INFO - Module loaded.
2024-09-10 17:12:37,487 - elsapy.elsentity - INFO - Module loaded.
2024-09-10 17:12:37,487 - elsapy.utils - INFO - Module loaded.
2024-09-10 17:12:37,488 - elsapy.elsprofile - INFO - Module loaded.
2024-09-10 17:12:37,488 - elsapy.elsdoc - INFO - Module loaded.
2024-09-10 17:12:37,489 - elsapy.elssearch - INFO - Module loaded.
2024-09-10 17:21:14,923 - elsapy.elsclient - INFO - Module loaded.
2024-09-10 17:21:14,924 - elsapy.elsentity - INFO - Module loaded.
2024-09-10 17:21:14,925 - elsapy.utils - INFO - Module loaded.
2024-09-10 17:21:14,925 - elsapy.elsprofile - INFO - Module loaded.
2024-09-10 17:21:14,926 - elsapy.elsdoc - INFO - Module loaded.
2024-09-10 17:21:14,927 - elsapy.elssearch - INFO - Module loaded.
2024-09-10 17:45:12,841 - elsapy.elsclient - INFO - Module loaded.
2024-09-10 17:45:12,842 - elsapy.elsentity - INFO - Module loaded.
2024-09-10 17:45:12,843 - elsapy.utils - INFO - Module loaded.
2024-09-10 17:45:12,843 - elsapy.elsprofile - INFO - Module loaded.
2024-09-10 17:45:12,844 - elsapy.elsdoc - INFO - Module loaded.
2024-09-10 17:45:12,845 - elsapy.elssearch - INFO - Module loaded.
2024-09-10 17:50:37,425 - elsapy.elsclient - INFO - Module loaded.
2024-09-10 17:50:37,426 - elsapy.elsentity - INFO - Module loaded.
2024-09-10 17:50:37,427 - elsapy.utils - INFO - Module loaded.
2024-09-10 17:50:37,427 - elsapy.elsprofile - INFO - Module loaded.
2024-09-10 17:50:37,428 - elsapy.elsdoc - INFO - Module loaded.
2024-09-10 17:50:37,428 - elsapy.elssearch - INFO - Module loaded.
2024-09-10 18:10:37,593 - elsapy.elsclient - INFO - Module loaded.
2024-09-10 18:10:37,594 - elsapy.elsentity - INFO - Module loaded.
2024-09-10 18:10:37,595 - elsapy.utils - INFO - Module loaded.
2024-09-10 18:10:37,595 - elsapy.elsprofile - INFO - Module loaded.
2024-09-10 18:10:37,596 - elsapy.elsdoc - INFO - Module loaded.
2024-09-10 18:10:37,597 - elsapy.elssearch - INFO - Module loaded.
2024-09-10 18:16:19,699 - elsapy.elsclient - INFO - Module loaded.
2024-09-10 18:16:19,700 - elsapy.elsentity - INFO - Module loaded.
2024-09-10 18:16:19,701 - elsapy.utils - INFO - Module loaded.
2024-09-10 18:16:19,701 - elsapy.elsprofile - INFO - Module loaded.
2024-09-10 18:16:19,702 - elsapy.elsdoc - INFO - Module loaded.
2024-09-10 18:16:19,702 - elsapy.elssearch - INFO - Module loaded.
2024-09-10 18:22:42,203 - elsapy.elsclient - INFO - Module loaded.
2024-09-10 18:22:42,205 - elsapy.elsentity - INFO - Module loaded.
2024-09-10 18:22:42,205 - elsapy.utils - INFO - Module loaded.
2024-09-10 18:22:42,206 - elsapy.elsprofile - INFO - Module loaded.
2024-09-10 18:22:42,206 - elsapy.elsdoc - INFO - Module loaded.
2024-09-10 18:22:42,207 - elsapy.elssearch - INFO - Module loaded.
2024-09-10 18:23:09,900 - elsapy.elsclient - INFO - Module loaded.
2024-09-10 18:23:09,901 - elsapy.elsentity - INFO - Module loaded.
2024-09-10 18:23:09,902 - elsapy.utils - INFO - Module loaded.
2024-09-10 18:23:09,902 - elsapy.elsprofile - INFO - Module loaded.
2024-09-10 18:23:09,903 - elsapy.elsdoc - INFO - Module loaded.
2024-09-10 18:23:09,904 - elsapy.elssearch - INFO - Module loaded.
2024-09-10 18:26:04,640 - elsapy.elsclient - INFO - Module loaded.
2024-09-10 18:26:04,641 - elsapy.elsentity - INFO - Module loaded.
2024-09-10 18:26:04,642 - elsapy.utils - INFO - Module loaded.
2024-09-10 18:26:04,642 - elsapy.elsprofile - INFO - Module loaded.
2024-09-10 18:26:04,643 - elsapy.elsdoc - INFO - Module loaded.
2024-09-10 18:26:04,644 - elsapy.elssearch - INFO - Module loaded.
2024-09-10 18:26:25,819 - elsapy.elsclient - INFO - Module loaded.
2024-09-10 18:26:25,820 - elsapy.elsentity - INFO - Module loaded.
2024-09-10 18:26:25,821 - elsapy.utils - INFO - Module loaded.
2024-09-10 18:26:25,821 - elsapy.elsprofile - INFO - Module loaded.
2024-09-10 18:26:25,822 - elsapy.elsdoc - INFO - Module loaded.
2024-09-10 18:26:25,823 - elsapy.elssearch - INFO - Module loaded.
2024-09-10 18:41:57,943 - elsapy.elsclient - INFO - Module loaded.
2024-09-10 18:41:57,944 - elsapy.elsentity - INFO - Module loaded.
2024-09-10 18:41:57,945 - elsapy.utils - INFO - Module loaded.
2024-09-10 18:41:57,945 - elsapy.elsprofile - INFO - Module loaded.
2024-09-10 18:41:57,946 - elsapy.elsdoc - INFO - Module loaded.
2024-09-10 18:41:57,947 - elsapy.elssearch - INFO - Module loaded.
2024-09-10 18:43:24,966 - elsapy.elsclient - INFO - Module loaded.
2024-09-10 18:43:24,967 - elsapy.elsentity - INFO - Module loaded.
2024-09-10 18:43:24,968 - elsapy.utils - INFO - Module loaded.
2024-09-10 18:43:24,968 - elsapy.elsprofile - INFO - Module loaded.
2024-09-10 18:43:24,969 - elsapy.elsdoc - INFO - Module loaded.
2024-09-10 18:43:24,970 - elsapy.elssearch - INFO - Module loaded.
2024-09-10 18:44:46,014 - elsapy.elsclient - INFO - Module loaded.
2024-09-10 18:44:46,015 - elsapy.elsentity - INFO - Module loaded.
2024-09-10 18:44:46,016 - elsapy.utils - INFO - Module loaded.
2024-09-10 18:44:46,016 - elsapy.elsprofile - INFO - Module loaded.
2024-09-10 18:44:46,017 - elsapy.elsdoc - INFO - Module loaded.
2024-09-10 18:44:46,018 - elsapy.elssearch - INFO - Module loaded.
2024-09-10 18:45:34,712 - elsapy.elsclient - INFO - Module loaded.
2024-09-10 18:45:34,713 - elsapy.elsentity - INFO - Module loaded.
2024-09-10 18:45:34,713 - elsapy.utils - INFO - Module loaded.
2024-09-10 18:45:34,714 - elsapy.elsprofile - INFO - Module loaded.
2024-09-10 18:45:34,715 - elsapy.elsdoc - INFO - Module loaded.
2024-09-10 18:45:34,716 - elsapy.elssearch - INFO - Module loaded.
2024-09-10 18:47:11,796 - elsapy.elsclient - INFO - Module loaded.
2024-09-10 18:47:11,797 - elsapy.elsentity - INFO - Module loaded.
2024-09-10 18:47:11,798 - elsapy.utils - INFO - Module loaded.
2024-09-10 18:47:11,798 - elsapy.elsprofile - INFO - Module loaded.
2024-09-10 18:47:11,799 - elsapy.elsdoc - INFO - Module loaded.
2024-09-10 18:47:11,799 - elsapy.elssearch - INFO - Module loaded.
2024-09-10 18:48:50,540 - elsapy.elsclient - INFO - Module loaded.
2024-09-10 18:48:50,542 - elsapy.elsentity - INFO - Module loaded.
2024-09-10 18:48:50,542 - elsapy.utils - INFO - Module loaded.
2024-09-10 18:48:50,542 - elsapy.elsprofile - INFO - Module loaded.
2024-09-10 18:48:50,543 - elsapy.elsdoc - INFO - Module loaded.
2024-09-10 18:48:50,544 - elsapy.elssearch - INFO - Module loaded.
2024-09-10 18:49:15,031 - elsapy.elsclient - INFO - Module loaded.
2024-09-10 18:49:15,032 - elsapy.elsentity - INFO - Module loaded.
2024-09-10 18:49:15,033 - elsapy.utils - INFO - Module loaded.
2024-09-10 18:49:15,033 - elsapy.elsprofile - INFO - Module loaded.
2024-09-10 18:49:15,034 - elsapy.elsdoc - INFO - Module loaded.
2024-09-10 18:49:15,034 - elsapy.elssearch - INFO - Module loaded.
2024-09-10 18:51:45,055 - elsapy.elsclient - INFO - Module loaded.
2024-09-10 18:51:45,056 - elsapy.elsentity - INFO - Module loaded.
2024-09-10 18:51:45,057 - elsapy.utils - INFO - Module loaded.
2024-09-10 18:51:45,057 - elsapy.elsprofile - INFO - Module loaded.
2024-09-10 18:51:45,058 - elsapy.elsdoc - INFO - Module loaded.
2024-09-10 18:51:45,058 - elsapy.elssearch - INFO - Module loaded.
2024-09-10 18:54:20,652 - elsapy.elsclient - INFO - Module loaded.
2024-09-10 18:54:20,653 - elsapy.elsentity - INFO - Module loaded.
2024-09-10 18:54:20,654 - elsapy.utils - INFO - Module loaded.
2024-09-10 18:54:20,654 - elsapy.elsprofile - INFO - Module loaded.
2024-09-10 18:54:20,655 - elsapy.elsdoc - INFO - Module loaded.
2024-09-10 18:54:20,655 - elsapy.elssearch - INFO - Module loaded.
2024-09-10 19:00:51,442 - elsapy.elsclient - INFO - Module loaded.
2024-09-10 19:00:51,443 - elsapy.elsentity - INFO - Module loaded.
2024-09-10 19:00:51,444 - elsapy.utils - INFO - Module loaded.
2024-09-10 19:00:51,444 - elsapy.elsprofile - INFO - Module loaded.
2024-09-10 19:00:51,445 - elsapy.elsdoc - INFO - Module loaded.
2024-09-10 19:00:51,446 - elsapy.elssearch - INFO - Module loaded.
2024-09-10 19:01:23,814 - elsapy.elsclient - INFO - Module loaded.
2024-09-10 19:01:23,815 - elsapy.elsentity - INFO - Module loaded.
2024-09-10 19:01:23,816 - elsapy.utils - INFO - Module loaded.
2024-09-10 19:01:23,816 - elsapy.elsprofile - INFO - Module loaded.
2024-09-10 19:01:23,817 - elsapy.elsdoc - INFO - Module loaded.
2024-09-10 19:01:23,818 - elsapy.elssearch - INFO - Module loaded.
2024-09-10 19:01:40,893 - elsapy.elsclient - INFO - Module loaded.
2024-09-10 19:01:40,894 - elsapy.elsentity - INFO - Module loaded.
2024-09-10 19:01:40,895 - elsapy.utils - INFO - Module loaded.
2024-09-10 19:01:40,895 - elsapy.elsprofile - INFO - Module loaded.
2024-09-10 19:01:40,896 - elsapy.elsdoc - INFO - Module loaded.
2024-09-10 19:01:40,897 - elsapy.elssearch - INFO - Module loaded.
2024-09-10 19:18:21,807 - elsapy.elsclient - INFO - Module loaded.
2024-09-10 19:18:21,808 - elsapy.elsentity - INFO - Module loaded.
2024-09-10 19:18:21,809 - elsapy.utils - INFO - Module loaded.
2024-09-10 19:18:21,809 - elsapy.elsprofile - INFO - Module loaded.
2024-09-10 19:18:21,810 - elsapy.elsdoc - INFO - Module loaded.
2024-09-10 19:18:21,811 - elsapy.elssearch - INFO - Module loaded.
2024-09-10 19:24:39,310 - elsapy.elsclient - INFO - Module loaded.
2024-09-10 19:24:39,311 - elsapy.elsentity - INFO - Module loaded.
2024-09-10 19:24:39,311 - elsapy.utils - INFO - Module loaded.
2024-09-10 19:24:39,312 - elsapy.elsprofile - INFO - Module loaded.
2024-09-10 19:24:39,312 - elsapy.elsdoc - INFO - Module loaded.
2024-09-10 19:24:39,313 - elsapy.elssearch - INFO - Module loaded.
2024-09-10 19:29:26,814 - elsapy.elsclient - INFO - Module loaded.
2024-09-10 19:29:26,816 - elsapy.elsentity - INFO - Module loaded.
2024-09-10 19:29:26,816 - elsapy.utils - INFO - Module loaded.
2024-09-10 19:29:26,817 - elsapy.elsprofile - INFO - Module loaded.
2024-09-10 19:29:26,817 - elsapy.elsdoc - INFO - Module loaded.
2024-09-10 19:29:26,818 - elsapy.elssearch - INFO - Module loaded.
2024-09-10 19:30:10,834 - elsapy.elsclient - INFO - Module loaded.
2024-09-10 19:30:10,835 - elsapy.elsentity - INFO - Module loaded.
2024-09-10 19:30:10,836 - elsapy.utils - INFO - Module loaded.
2024-09-10 19:30:10,836 - elsapy.elsprofile - INFO - Module loaded.
2024-09-10 19:30:10,837 - elsapy.elsdoc - INFO - Module loaded.
2024-09-10 19:30:10,838 - elsapy.elssearch - INFO - Module loaded.
2024-09-10 19:32:41,711 - elsapy.elsclient - INFO - Module loaded.
2024-09-10 19:32:41,712 - elsapy.elsentity - INFO - Module loaded.
2024-09-10 19:32:41,713 - elsapy.utils - INFO - Module loaded.
2024-09-10 19:32:41,713 - elsapy.elsprofile - INFO - Module loaded.
2024-09-10 19:32:41,714 - elsapy.elsdoc - INFO - Module loaded.
2024-09-10 19:32:41,714 - elsapy.elssearch - INFO - Module loaded.
2024-09-10 19:34:01,041 - elsapy.elsclient - INFO - Module loaded.
2024-09-10 19:34:01,042 - elsapy.elsentity - INFO - Module loaded.
2024-09-10 19:34:01,043 - elsapy.utils - INFO - Module loaded.
2024-09-10 19:34:01,043 - elsapy.elsprofile - INFO - Module loaded.
2024-09-10 19:34:01,044 - elsapy.elsdoc - INFO - Module loaded.
2024-09-10 19:34:01,045 - elsapy.elssearch - INFO - Module loaded.
2024-09-10 19:35:50,150 - elsapy.elsclient - INFO - Module loaded.
2024-09-10 19:35:50,151 - elsapy.elsentity - INFO - Module loaded.
2024-09-10 19:35:50,152 - elsapy.utils - INFO - Module loaded.
2024-09-10 19:35:50,152 - elsapy.elsprofile - INFO - Module loaded.
2024-09-10 19:35:50,153 - elsapy.elsdoc - INFO - Module loaded.
2024-09-10 19:35:50,153 - elsapy.elssearch - INFO - Module loaded.
2024-09-10 19:37:02,494 - elsapy.elsclient - INFO - Module loaded.
2024-09-10 19:37:02,495 - elsapy.elsentity - INFO - Module loaded.
2024-09-10 19:37:02,496 - elsapy.utils - INFO - Module loaded.
2024-09-10 19:37:02,496 - elsapy.elsprofile - INFO - Module loaded.
2024-09-10 19:37:02,497 - elsapy.elsdoc - INFO - Module loaded.
2024-09-10 19:37:02,498 - elsapy.elssearch - INFO - Module loaded.
2024-09-10 19:38:05,853 - elsapy.elsclient - INFO - Module loaded.
2024-09-10 19:38:05,854 - elsapy.elsentity - INFO - Module loaded.
2024-09-10 19:38:05,854 - elsapy.utils - INFO - Module loaded.
2024-09-10 19:38:05,855 - elsapy.elsprofile - INFO - Module loaded.
2024-09-10 19:38:05,856 - elsapy.elsdoc - INFO - Module loaded.
2024-09-10 19:38:05,856 - elsapy.elssearch - INFO - Module loaded.
2024-09-10 19:38:42,262 - elsapy.elsclient - INFO - Module loaded.
2024-09-10 19:38:42,263 - elsapy.elsentity - INFO - Module loaded.
2024-09-10 19:38:42,263 - elsapy.utils - INFO - Module loaded.
2024-09-10 19:38:42,264 - elsapy.elsprofile - INFO - Module loaded.
2024-09-10 19:38:42,265 - elsapy.elsdoc - INFO - Module loaded.
2024-09-10 19:38:42,265 - elsapy.elssearch - INFO - Module loaded.
2024-09-10 19:41:22,371 - elsapy.elsclient - INFO - Module loaded.
2024-09-10 19:41:22,372 - elsapy.elsentity - INFO - Module loaded.
2024-09-10 19:41:22,373 - elsapy.utils - INFO - Module loaded.
2024-09-10 19:41:22,373 - elsapy.elsprofile - INFO - Module loaded.
2024-09-10 19:41:22,374 - elsapy.elsdoc - INFO - Module loaded.
2024-09-10 19:41:22,374 - elsapy.elssearch - INFO - Module loaded.
2024-09-10 19:56:38,558 - elsapy.elsclient - INFO - Module loaded.
2024-09-10 19:56:38,559 - elsapy.elsentity - INFO - Module loaded.
2024-09-10 19:56:38,559 - elsapy.utils - INFO - Module loaded.
2024-09-10 19:56:38,560 - elsapy.elsprofile - INFO - Module loaded.
2024-09-10 19:56:38,561 - elsapy.elsdoc - INFO - Module loaded.
2024-09-10 19:56:38,561 - elsapy.elssearch - INFO - Module loaded.
2024-09-10 19:57:18,658 - elsapy.elsclient - INFO - Module loaded.
2024-09-10 19:57:18,659 - elsapy.elsentity - INFO - Module loaded.
2024-09-10 19:57:18,660 - elsapy.utils - INFO - Module loaded.
2024-09-10 19:57:18,660 - elsapy.elsprofile - INFO - Module loaded.
2024-09-10 19:57:18,661 - elsapy.elsdoc - INFO - Module loaded.
2024-09-10 19:57:18,661 - elsapy.elssearch - INFO - Module loaded.
2024-09-10 20:05:12,961 - elsapy.elsclient - INFO - Module loaded.
2024-09-10 20:05:12,962 - elsapy.elsentity - INFO - Module loaded.
2024-09-10 20:05:12,963 - elsapy.utils - INFO - Module loaded.
2024-09-10 20:05:12,963 - elsapy.elsprofile - INFO - Module loaded.
2024-09-10 20:05:12,964 - elsapy.elsdoc - INFO - Module loaded.
2024-09-10 20:05:12,965 - elsapy.elssearch - INFO - Module loaded.
2024-09-10 20:05:45,584 - elsapy.elsclient - INFO - Module loaded.
2024-09-10 20:05:45,585 - elsapy.elsentity - INFO - Module loaded.
2024-09-10 20:05:45,585 - elsapy.utils - INFO - Module loaded.
2024-09-10 20:05:45,586 - elsapy.elsprofile - INFO - Module loaded.
2024-09-10 20:05:45,586 - elsapy.elsdoc - INFO - Module loaded.
2024-09-10 20:05:45,587 - elsapy.elssearch - INFO - Module loaded.
2024-09-10 20:18:00,396 - elsapy.elsclient - INFO - Module loaded.
2024-09-10 20:18:00,397 - elsapy.elsentity - INFO - Module loaded.
2024-09-10 20:18:00,397 - elsapy.utils - INFO - Module loaded.
2024-09-10 20:18:00,398 - elsapy.elsprofile - INFO - Module loaded.
2024-09-10 20:18:00,398 - elsapy.elsdoc - INFO - Module loaded.
2024-09-10 20:18:00,399 - elsapy.elssearch - INFO - Module loaded.
2024-09-10 20:18:33,988 - elsapy.elsclient - INFO - Module loaded.
2024-09-10 20:18:33,989 - elsapy.elsentity - INFO - Module loaded.
2024-09-10 20:18:33,990 - elsapy.utils - INFO - Module loaded.
2024-09-10 20:18:33,990 - elsapy.elsprofile - INFO - Module loaded.
2024-09-10 20:18:33,991 - elsapy.elsdoc - INFO - Module loaded.
2024-09-10 20:18:33,991 - elsapy.elssearch - INFO - Module loaded.
2024-09-10 20:20:42,106 - elsapy.elsclient - INFO - Module loaded.
2024-09-10 20:20:42,107 - elsapy.elsentity - INFO - Module loaded.
2024-09-10 20:20:42,107 - elsapy.utils - INFO - Module loaded.
2024-09-10 20:20:42,108 - elsapy.elsprofile - INFO - Module loaded.
2024-09-10 20:20:42,108 - elsapy.elsdoc - INFO - Module loaded.
2024-09-10 20:20:42,109 - elsapy.elssearch - INFO - Module loaded.
2024-09-10 20:22:04,002 - elsapy.elsclient - INFO - Module loaded.
2024-09-10 20:22:04,003 - elsapy.elsentity - INFO - Module loaded.
2024-09-10 20:22:04,003 - elsapy.utils - INFO - Module loaded.
2024-09-10 20:22:04,003 - elsapy.elsprofile - INFO - Module loaded.
2024-09-10 20:22:04,005 - elsapy.elsdoc - INFO - Module loaded.
2024-09-10 20:22:04,005 - elsapy.elssearch - INFO - Module loaded.
2024-09-10 20:24:05,219 - elsapy.elsclient - INFO - Module loaded.
2024-09-10 20:24:05,220 - elsapy.elsentity - INFO - Module loaded.
2024-09-10 20:24:05,221 - elsapy.utils - INFO - Module loaded.
2024-09-10 20:24:05,221 - elsapy.elsprofile - INFO - Module loaded.
2024-09-10 20:24:05,222 - elsapy.elsdoc - INFO - Module loaded.
2024-09-10 20:24:05,223 - elsapy.elssearch - INFO - Module loaded.
2024-09-10 20:24:24,283 - elsapy.elsclient - INFO - Module loaded.
2024-09-10 20:24:24,284 - elsapy.elsentity - INFO - Module loaded.
2024-09-10 20:24:24,285 - elsapy.utils - INFO - Module loaded.
2024-09-10 20:24:24,285 - elsapy.elsprofile - INFO - Module loaded.
2024-09-10 20:24:24,286 - elsapy.elsdoc - INFO - Module loaded.
2024-09-10 20:24:24,287 - elsapy.elssearch - INFO - Module loaded.
2024-09-10 20:25:05,915 - elsapy.elsclient - INFO - Module loaded.
2024-09-10 20:25:05,917 - elsapy.elsentity - INFO - Module loaded.
2024-09-10 20:25:05,917 - elsapy.utils - INFO - Module loaded.
2024-09-10 20:25:05,918 - elsapy.elsprofile - INFO - Module loaded.
2024-09-10 20:25:05,918 - elsapy.elsdoc - INFO - Module loaded.
2024-09-10 20:25:05,919 - elsapy.elssearch - INFO - Module loaded.
2024-09-10 20:25:47,006 - elsapy.elsclient - INFO - Module loaded.
2024-09-10 20:25:47,008 - elsapy.elsentity - INFO - Module loaded.
2024-09-10 20:25:47,008 - elsapy.utils - INFO - Module loaded.
2024-09-10 20:25:47,009 - elsapy.elsprofile - INFO - Module loaded.
2024-09-10 20:25:47,009 - elsapy.elsdoc - INFO - Module loaded.
2024-09-10 20:25:47,010 - elsapy.elssearch - INFO - Module loaded.
2024-09-10 20:26:15,254 - elsapy.elsclient - INFO - Module loaded.
2024-09-10 20:26:15,255 - elsapy.elsentity - INFO - Module loaded.
2024-09-10 20:26:15,256 - elsapy.utils - INFO - Module loaded.
2024-09-10 20:26:15,256 - elsapy.elsprofile - INFO - Module loaded.
2024-09-10 20:26:15,257 - elsapy.elsdoc - INFO - Module loaded.
2024-09-10 20:26:15,258 - elsapy.elssearch - INFO - Module loaded.
2024-09-10 20:26:30,216 - elsapy.elsclient - INFO - Module loaded.
2024-09-10 20:26:30,217 - elsapy.elsentity - INFO - Module loaded.
2024-09-10 20:26:30,218 - elsapy.utils - INFO - Module loaded.
2024-09-10 20:26:30,218 - elsapy.elsprofile - INFO - Module loaded.
2024-09-10 20:26:30,219 - elsapy.elsdoc - INFO - Module loaded.
2024-09-10 20:26:30,219 - elsapy.elssearch - INFO - Module loaded.
2024-09-10 20:26:45,833 - elsapy.elsclient - INFO - Module loaded.
2024-09-10 20:26:45,834 - elsapy.elsentity - INFO - Module loaded.
2024-09-10 20:26:45,835 - elsapy.utils - INFO - Module loaded.
2024-09-10 20:26:45,835 - elsapy.elsprofile - INFO - Module loaded.
2024-09-10 20:26:45,836 - elsapy.elsdoc - INFO - Module loaded.
2024-09-10 20:26:45,837 - elsapy.elssearch - INFO - Module loaded.
2024-09-10 20:27:20,350 - elsapy.elsclient - INFO - Module loaded.
2024-09-10 20:27:20,351 - elsapy.elsentity - INFO - Module loaded.
2024-09-10 20:27:20,352 - elsapy.utils - INFO - Module loaded.
2024-09-10 20:27:20,352 - elsapy.elsprofile - INFO - Module loaded.
2024-09-10 20:27:20,353 - elsapy.elsdoc - INFO - Module loaded.
2024-09-10 20:27:20,353 - elsapy.elssearch - INFO - Module loaded.
2024-09-10 20:27:37,536 - elsapy.elsclient - INFO - Module loaded.
2024-09-10 20:27:37,537 - elsapy.elsentity - INFO - Module loaded.
2024-09-10 20:27:37,537 - elsapy.utils - INFO - Module loaded.
2024-09-10 20:27:37,538 - elsapy.elsprofile - INFO - Module loaded.
2024-09-10 20:27:37,538 - elsapy.elsdoc - INFO - Module loaded.
2024-09-10 20:27:37,539 - elsapy.elssearch - INFO - Module loaded.
2024-09-10 20:27:58,416 - elsapy.elsclient - INFO - Module loaded.
2024-09-10 20:27:58,417 - elsapy.elsentity - INFO - Module loaded.
2024-09-10 20:27:58,417 - elsapy.utils - INFO - Module loaded.
2024-09-10 20:27:58,418 - elsapy.elsprofile - INFO - Module loaded.
2024-09-10 20:27:58,418 - elsapy.elsdoc - INFO - Module loaded.
2024-09-10 20:27:58,419 - elsapy.elssearch - INFO - Module loaded.
2024-09-10 20:28:31,215 - elsapy.elsclient - INFO - Module loaded.
2024-09-10 20:28:31,216 - elsapy.elsentity - INFO - Module loaded.
2024-09-10 20:28:31,217 - elsapy.utils - INFO - Module loaded.
2024-09-10 20:28:31,217 - elsapy.elsprofile - INFO - Module loaded.
2024-09-10 20:28:31,218 - elsapy.elsdoc - INFO - Module loaded.
2024-09-10 20:28:31,218 - elsapy.elssearch - INFO - Module loaded.
2024-09-10 20:29:02,690 - elsapy.elsclient - INFO - Module loaded.
2024-09-10 20:29:02,691 - elsapy.elsentity - INFO - Module loaded.
2024-09-10 20:29:02,692 - elsapy.utils - INFO - Module loaded.
2024-09-10 20:29:02,692 - elsapy.elsprofile - INFO - Module loaded.
2024-09-10 20:29:02,693 - elsapy.elsdoc - INFO - Module loaded.
2024-09-10 20:29:02,694 - elsapy.elssearch - INFO - Module loaded.
2024-09-10 20:30:51,895 - elsapy.elsclient - INFO - Module loaded.
2024-09-10 20:30:51,896 - elsapy.elsentity - INFO - Module loaded.
2024-09-10 20:30:51,897 - elsapy.utils - INFO - Module loaded.
2024-09-10 20:30:51,897 - elsapy.elsprofile - INFO - Module loaded.
2024-09-10 20:30:51,898 - elsapy.elsdoc - INFO - Module loaded.
2024-09-10 20:30:51,898 - elsapy.elssearch - INFO - Module loaded.
2024-09-10 20:31:18,359 - elsapy.elsclient - INFO - Module loaded.
2024-09-10 20:31:18,360 - elsapy.elsentity - INFO - Module loaded.
2024-09-10 20:31:18,360 - elsapy.utils - INFO - Module loaded.
2024-09-10 20:31:18,361 - elsapy.elsprofile - INFO - Module loaded.
2024-09-10 20:31:18,362 - elsapy.elsdoc - INFO - Module loaded.
2024-09-10 20:31:18,362 - elsapy.elssearch - INFO - Module loaded.
2024-09-10 20:32:04,487 - elsapy.elsclient - INFO - Module loaded.
2024-09-10 20:32:04,488 - elsapy.elsentity - INFO - Module loaded.
2024-09-10 20:32:04,489 - elsapy.utils - INFO - Module loaded.
2024-09-10 20:32:04,489 - elsapy.elsprofile - INFO - Module loaded.
2024-09-10 20:32:04,490 - elsapy.elsdoc - INFO - Module loaded.
2024-09-10 20:32:04,490 - elsapy.elssearch - INFO - Module loaded.
2024-09-10 20:32:39,341 - elsapy.elsclient - INFO - Module loaded.
2024-09-10 20:32:39,343 - elsapy.elsentity - INFO - Module loaded.
2024-09-10 20:32:39,343 - elsapy.utils - INFO - Module loaded.
2024-09-10 20:32:39,344 - elsapy.elsprofile - INFO - Module loaded.
2024-09-10 20:32:39,344 - elsapy.elsdoc - INFO - Module loaded.
2024-09-10 20:32:39,345 - elsapy.elssearch - INFO - Module loaded.
2024-09-10 20:33:01,045 - elsapy.elsclient - INFO - Module loaded.
2024-09-10 20:33:01,046 - elsapy.elsentity - INFO - Module loaded.
2024-09-10 20:33:01,047 - elsapy.utils - INFO - Module loaded.
2024-09-10 20:33:01,047 - elsapy.elsprofile - INFO - Module loaded.
2024-09-10 20:33:01,048 - elsapy.elsdoc - INFO - Module loaded.
2024-09-10 20:33:01,048 - elsapy.elssearch - INFO - Module loaded.
2024-09-10 20:33:15,837 - elsapy.elsclient - INFO - Module loaded.
2024-09-10 20:33:15,838 - elsapy.elsentity - INFO - Module loaded.
2024-09-10 20:33:15,839 - elsapy.utils - INFO - Module loaded.
2024-09-10 20:33:15,839 - elsapy.elsprofile - INFO - Module loaded.
2024-09-10 20:33:15,840 - elsapy.elsdoc - INFO - Module loaded.
2024-09-10 20:33:15,840 - elsapy.elssearch - INFO - Module loaded.
2024-09-10 20:33:54,904 - elsapy.elsclient - INFO - Module loaded.
2024-09-10 20:33:54,905 - elsapy.elsentity - INFO - Module loaded.
2024-09-10 20:33:54,906 - elsapy.utils - INFO - Module loaded.
2024-09-10 20:33:54,906 - elsapy.elsprofile - INFO - Module loaded.
2024-09-10 20:33:54,907 - elsapy.elsdoc - INFO - Module loaded.
2024-09-10 20:33:54,907 - elsapy.elssearch - INFO - Module loaded.
2024-09-10 20:34:18,782 - elsapy.elsclient - INFO - Module loaded.
2024-09-10 20:34:18,783 - elsapy.elsentity - INFO - Module loaded.
2024-09-10 20:34:18,784 - elsapy.utils - INFO - Module loaded.
2024-09-10 20:34:18,784 - elsapy.elsprofile - INFO - Module loaded.
2024-09-10 20:34:18,785 - elsapy.elsdoc - INFO - Module loaded.
2024-09-10 20:34:18,786 - elsapy.elssearch - INFO - Module loaded.
2024-09-10 20:35:04,125 - elsapy.elsclient - INFO - Module loaded.
2024-09-10 20:35:04,126 - elsapy.elsentity - INFO - Module loaded.
2024-09-10 20:35:04,127 - elsapy.utils - INFO - Module loaded.
2024-09-10 20:35:04,127 - elsapy.elsprofile - INFO - Module loaded.
2024-09-10 20:35:04,128 - elsapy.elsdoc - INFO - Module loaded.
2024-09-10 20:35:04,128 - elsapy.elssearch - INFO - Module loaded.
2024-09-10 20:36:21,136 - elsapy.elsclient - INFO - Module loaded.
2024-09-10 20:36:21,137 - elsapy.elsentity - INFO - Module loaded.
2024-09-10 20:36:21,138 - elsapy.utils - INFO - Module loaded.
2024-09-10 20:36:21,138 - elsapy.elsprofile - INFO - Module loaded.
2024-09-10 20:36:21,139 - elsapy.elsdoc - INFO - Module loaded.
2024-09-10 20:36:21,139 - elsapy.elssearch - INFO - Module loaded.
2024-09-10 20:36:59,360 - elsapy.elsclient - INFO - Module loaded.
2024-09-10 20:36:59,361 - elsapy.elsentity - INFO - Module loaded.
2024-09-10 20:36:59,361 - elsapy.utils - INFO - Module loaded.
2024-09-10 20:36:59,362 - elsapy.elsprofile - INFO - Module loaded.
2024-09-10 20:36:59,362 - elsapy.elsdoc - INFO - Module loaded.
2024-09-10 20:36:59,363 - elsapy.elssearch - INFO - Module loaded.
2024-09-10 20:37:38,046 - elsapy.elsclient - INFO - Module loaded.
2024-09-10 20:37:38,047 - elsapy.elsentity - INFO - Module loaded.
2024-09-10 20:37:38,048 - elsapy.utils - INFO - Module loaded.
2024-09-10 20:37:38,048 - elsapy.elsprofile - INFO - Module loaded.
2024-09-10 20:37:38,049 - elsapy.elsdoc - INFO - Module loaded.
2024-09-10 20:37:38,050 - elsapy.elssearch - INFO - Module loaded.
2024-09-10 20:38:12,881 - elsapy.elsclient - INFO - Module loaded.
2024-09-10 20:38:12,882 - elsapy.elsentity - INFO - Module loaded.
2024-09-10 20:38:12,882 - elsapy.utils - INFO - Module loaded.
2024-09-10 20:38:12,883 - elsapy.elsprofile - INFO - Module loaded.
2024-09-10 20:38:12,883 - elsapy.elsdoc - INFO - Module loaded.
2024-09-10 20:38:12,884 - elsapy.elssearch - INFO - Module loaded.
2024-09-10 20:39:02,895 - elsapy.elsclient - INFO - Module loaded.
2024-09-10 20:39:02,896 - elsapy.elsentity - INFO - Module loaded.
2024-09-10 20:39:02,897 - elsapy.utils - INFO - Module loaded.
2024-09-10 20:39:02,897 - elsapy.elsprofile - INFO - Module loaded.
2024-09-10 20:39:02,898 - elsapy.elsdoc - INFO - Module loaded.
2024-09-10 20:39:02,899 - elsapy.elssearch - INFO - Module loaded.
2024-09-10 20:39:30,999 - elsapy.elsclient - INFO - Module loaded.
2024-09-10 20:39:31,000 - elsapy.elsentity - INFO - Module loaded.
2024-09-10 20:39:31,001 - elsapy.utils - INFO - Module loaded.
2024-09-10 20:39:31,001 - elsapy.elsprofile - INFO - Module loaded.
2024-09-10 20:39:31,002 - elsapy.elsdoc - INFO - Module loaded.
2024-09-10 20:39:31,002 - elsapy.elssearch - INFO - Module loaded.
2024-09-10 20:40:32,320 - elsapy.elsclient - INFO - Module loaded.
2024-09-10 20:40:32,321 - elsapy.elsentity - INFO - Module loaded.
2024-09-10 20:40:32,322 - elsapy.utils - INFO - Module loaded.
2024-09-10 20:40:32,322 - elsapy.elsprofile - INFO - Module loaded.
2024-09-10 20:40:32,323 - elsapy.elsdoc - INFO - Module loaded.
2024-09-10 20:40:32,323 - elsapy.elssearch - INFO - Module loaded.
2024-09-10 20:41:13,206 - elsapy.elsclient - INFO - Module loaded.
2024-09-10 20:41:13,207 - elsapy.elsentity - INFO - Module loaded.
2024-09-10 20:41:13,208 - elsapy.utils - INFO - Module loaded.
2024-09-10 20:41:13,208 - elsapy.elsprofile - INFO - Module loaded.
2024-09-10 20:41:13,209 - elsapy.elsdoc - INFO - Module loaded.
2024-09-10 20:41:13,210 - elsapy.elssearch - INFO - Module loaded.
2024-09-10 20:41:41,806 - elsapy.elsclient - INFO - Module loaded.
2024-09-10 20:41:41,807 - elsapy.elsentity - INFO - Module loaded.
2024-09-10 20:41:41,808 - elsapy.utils - INFO - Module loaded.
2024-09-10 20:41:41,808 - elsapy.elsprofile - INFO - Module loaded.
2024-09-10 20:41:41,809 - elsapy.elsdoc - INFO - Module loaded.
2024-09-10 20:41:41,809 - elsapy.elssearch - INFO - Module loaded.
2024-09-10 20:44:24,928 - elsapy.elsclient - INFO - Module loaded.
2024-09-10 20:44:24,929 - elsapy.elsentity - INFO - Module loaded.
2024-09-10 20:44:24,930 - elsapy.utils - INFO - Module loaded.
2024-09-10 20:44:24,930 - elsapy.elsprofile - INFO - Module loaded.
2024-09-10 20:44:24,931 - elsapy.elsdoc - INFO - Module loaded.
2024-09-10 20:44:24,932 - elsapy.elssearch - INFO - Module loaded.
2024-09-10 20:44:45,537 - elsapy.elsclient - INFO - Module loaded.
2024-09-10 20:44:45,538 - elsapy.elsentity - INFO - Module loaded.
2024-09-10 20:44:45,539 - elsapy.utils - INFO - Module loaded.
2024-09-10 20:44:45,539 - elsapy.elsprofile - INFO - Module loaded.
2024-09-10 20:44:45,540 - elsapy.elsdoc - INFO - Module loaded.
2024-09-10 20:44:45,540 - elsapy.elssearch - INFO - Module loaded.
2024-09-10 21:56:48,838 - elsapy.elsclient - INFO - Module loaded.
2024-09-10 21:56:48,840 - elsapy.elsentity - INFO - Module loaded.
2024-09-10 21:56:48,841 - elsapy.utils - INFO - Module loaded.
2024-09-10 21:56:48,841 - elsapy.elsprofile - INFO - Module loaded.
2024-09-10 21:56:48,842 - elsapy.elsdoc - INFO - Module loaded.
2024-09-10 21:56:48,843 - elsapy.elssearch - INFO - Module loaded.
2024-09-10 21:57:25,787 - elsapy.elsclient - INFO - Module loaded.
2024-09-10 21:57:25,788 - elsapy.elsentity - INFO - Module loaded.
2024-09-10 21:57:25,788 - elsapy.utils - INFO - Module loaded.
2024-09-10 21:57:25,789 - elsapy.elsprofile - INFO - Module loaded.
2024-09-10 21:57:25,789 - elsapy.elsdoc - INFO - Module loaded.
2024-09-10 21:57:25,790 - elsapy.elssearch - INFO - Module loaded.
2024-09-10 21:57:52,921 - elsapy.elsclient - INFO - Module loaded.
2024-09-10 21:57:52,922 - elsapy.elsentity - INFO - Module loaded.
2024-09-10 21:57:52,923 - elsapy.utils - INFO - Module loaded.
2024-09-10 21:57:52,923 - elsapy.elsprofile - INFO - Module loaded.
2024-09-10 21:57:52,924 - elsapy.elsdoc - INFO - Module loaded.
2024-09-10 21:57:52,925 - elsapy.elssearch - INFO - Module loaded.
2024-09-10 21:59:13,355 - elsapy.elsclient - INFO - Module loaded.
2024-09-10 21:59:13,356 - elsapy.elsentity - INFO - Module loaded.
2024-09-10 21:59:13,357 - elsapy.utils - INFO - Module loaded.
2024-09-10 21:59:13,357 - elsapy.elsprofile - INFO - Module loaded.
2024-09-10 21:59:13,358 - elsapy.elsdoc - INFO - Module loaded.
2024-09-10 21:59:13,359 - elsapy.elssearch - INFO - Module loaded.
2024-09-10 21:59:33,067 - elsapy.elsclient - INFO - Module loaded.
2024-09-10 21:59:33,068 - elsapy.elsentity - INFO - Module loaded.
2024-09-10 21:59:33,068 - elsapy.utils - INFO - Module loaded.
2024-09-10 21:59:33,069 - elsapy.elsprofile - INFO - Module loaded.
2024-09-10 21:59:33,069 - elsapy.elsdoc - INFO - Module loaded.
2024-09-10 21:59:33,070 - elsapy.elssearch - INFO - Module loaded.
2024-09-10 21:59:53,608 - elsapy.elsclient - INFO - Module loaded.
2024-09-10 21:59:53,609 - elsapy.elsentity - INFO - Module loaded.
2024-09-10 21:59:53,610 - elsapy.utils - INFO - Module loaded.
2024-09-10 21:59:53,610 - elsapy.elsprofile - INFO - Module loaded.
2024-09-10 21:59:53,611 - elsapy.elsdoc - INFO - Module loaded.
2024-09-10 21:59:53,612 - elsapy.elssearch - INFO - Module loaded.
2024-09-10 22:00:48,161 - elsapy.elsclient - INFO - Module loaded.
2024-09-10 22:00:48,162 - elsapy.elsentity - INFO - Module loaded.
2024-09-10 22:00:48,163 - elsapy.utils - INFO - Module loaded.
2024-09-10 22:00:48,163 - elsapy.elsprofile - INFO - Module loaded.
2024-09-10 22:00:48,164 - elsapy.elsdoc - INFO - Module loaded.
2024-09-10 22:00:48,164 - elsapy.elssearch - INFO - Module loaded.
2024-09-10 22:01:04,745 - elsapy.elsclient - INFO - Module loaded.
2024-09-10 22:01:04,746 - elsapy.elsentity - INFO - Module loaded.
2024-09-10 22:01:04,747 - elsapy.utils - INFO - Module loaded.
2024-09-10 22:01:04,747 - elsapy.elsprofile - INFO - Module loaded.
2024-09-10 22:01:04,748 - elsapy.elsdoc - INFO - Module loaded.
2024-09-10 22:01:04,748 - elsapy.elssearch - INFO - Module loaded.
2024-09-10 22:01:46,547 - elsapy.elsclient - INFO - Module loaded.
2024-09-10 22:01:46,549 - elsapy.elsentity - INFO - Module loaded.
2024-09-10 22:01:46,549 - elsapy.utils - INFO - Module loaded.
2024-09-10 22:01:46,550 - elsapy.elsprofile - INFO - Module loaded.
2024-09-10 22:01:46,550 - elsapy.elsdoc - INFO - Module loaded.
2024-09-10 22:01:46,551 - elsapy.elssearch - INFO - Module loaded.
2024-09-10 22:02:15,795 - elsapy.elsclient - INFO - Module loaded.
2024-09-10 22:02:15,796 - elsapy.elsentity - INFO - Module loaded.
2024-09-10 22:02:15,796 - elsapy.utils - INFO - Module loaded.
2024-09-10 22:02:15,797 - elsapy.elsprofile - INFO - Module loaded.
2024-09-10 22:02:15,797 - elsapy.elsdoc - INFO - Module loaded.
2024-09-10 22:02:15,798 - elsapy.elssearch - INFO - Module loaded.
2024-09-10 22:02:59,486 - elsapy.elsclient - INFO - Module loaded.
2024-09-10 22:02:59,487 - elsapy.elsentity - INFO - Module loaded.
2024-09-10 22:02:59,488 - elsapy.utils - INFO - Module loaded.
2024-09-10 22:02:59,488 - elsapy.elsprofile - INFO - Module loaded.
2024-09-10 22:02:59,489 - elsapy.elsdoc - INFO - Module loaded.
2024-09-10 22:02:59,490 - elsapy.elssearch - INFO - Module loaded.
2024-09-10 22:03:27,875 - elsapy.elsclient - INFO - Module loaded.
2024-09-10 22:03:27,876 - elsapy.elsentity - INFO - Module loaded.
2024-09-10 22:03:27,876 - elsapy.utils - INFO - Module loaded.
2024-09-10 22:03:27,877 - elsapy.elsprofile - INFO - Module loaded.
2024-09-10 22:03:27,877 - elsapy.elsdoc - INFO - Module loaded.
2024-09-10 22:03:27,878 - elsapy.elssearch - INFO - Module loaded.
2024-09-10 22:03:51,564 - elsapy.elsclient - INFO - Module loaded.
2024-09-10 22:03:51,565 - elsapy.elsentity - INFO - Module loaded.
2024-09-10 22:03:51,566 - elsapy.utils - INFO - Module loaded.
2024-09-10 22:03:51,566 - elsapy.elsprofile - INFO - Module loaded.
2024-09-10 22:03:51,567 - elsapy.elsdoc - INFO - Module loaded.
2024-09-10 22:03:51,568 - elsapy.elssearch - INFO - Module loaded.
2024-09-10 22:04:56,190 - elsapy.elsclient - INFO - Module loaded.
2024-09-10 22:04:56,191 - elsapy.elsentity - INFO - Module loaded.
2024-09-10 22:04:56,192 - elsapy.utils - INFO - Module loaded.
2024-09-10 22:04:56,192 - elsapy.elsprofile - INFO - Module loaded.
2024-09-10 22:04:56,193 - elsapy.elsdoc - INFO - Module loaded.
2024-09-10 22:04:56,194 - elsapy.elssearch - INFO - Module loaded.
2024-09-10 22:05:29,401 - elsapy.elsclient - INFO - Module loaded.
2024-09-10 22:05:29,403 - elsapy.elsentity - INFO - Module loaded.
2024-09-10 22:05:29,403 - elsapy.utils - INFO - Module loaded.
2024-09-10 22:05:29,404 - elsapy.elsprofile - INFO - Module loaded.
2024-09-10 22:05:29,404 - elsapy.elsdoc - INFO - Module loaded.
2024-09-10 22:05:29,405 - elsapy.elssearch - INFO - Module loaded.
2024-09-10 22:07:54,313 - elsapy.elsclient - INFO - Module loaded.
2024-09-10 22:07:54,314 - elsapy.elsentity - INFO - Module loaded.
2024-09-10 22:07:54,315 - elsapy.utils - INFO - Module loaded.
2024-09-10 22:07:54,315 - elsapy.elsprofile - INFO - Module loaded.
2024-09-10 22:07:54,316 - elsapy.elsdoc - INFO - Module loaded.
2024-09-10 22:07:54,317 - elsapy.elssearch - INFO - Module loaded.
2024-09-10 22:09:50,590 - elsapy.elsclient - INFO - Module loaded.
2024-09-10 22:09:50,592 - elsapy.elsentity - INFO - Module loaded.
2024-09-10 22:09:50,592 - elsapy.utils - INFO - Module loaded.
2024-09-10 22:09:50,592 - elsapy.elsprofile - INFO - Module loaded.
2024-09-10 22:09:50,593 - elsapy.elsdoc - INFO - Module loaded.
2024-09-10 22:09:50,594 - elsapy.elssearch - INFO - Module loaded.
2024-09-10 22:13:43,598 - elsapy.elsclient - INFO - Module loaded.
2024-09-10 22:13:43,599 - elsapy.elsentity - INFO - Module loaded.
2024-09-10 22:13:43,600 - elsapy.utils - INFO - Module loaded.
2024-09-10 22:13:43,600 - elsapy.elsprofile - INFO - Module loaded.
2024-09-10 22:13:43,601 - elsapy.elsdoc - INFO - Module loaded.
2024-09-10 22:13:43,602 - elsapy.elssearch - INFO - Module loaded.
2024-09-10 22:16:18,947 - elsapy.elsclient - INFO - Module loaded.
2024-09-10 22:16:18,948 - elsapy.elsentity - INFO - Module loaded.
2024-09-10 22:16:18,948 - elsapy.utils - INFO - Module loaded.
2024-09-10 22:16:18,949 - elsapy.elsprofile - INFO - Module loaded.
2024-09-10 22:16:18,950 - elsapy.elsdoc - INFO - Module loaded.
2024-09-10 22:16:18,950 - elsapy.elssearch - INFO - Module loaded.
2024-09-10 22:18:25,028 - elsapy.elsclient - INFO - Module loaded.
2024-09-10 22:18:25,029 - elsapy.elsentity - INFO - Module loaded.
2024-09-10 22:18:25,030 - elsapy.utils - INFO - Module loaded.
2024-09-10 22:18:25,030 - elsapy.elsprofile - INFO - Module loaded.
2024-09-10 22:18:25,031 - elsapy.elsdoc - INFO - Module loaded.
2024-09-10 22:18:25,031 - elsapy.elssearch - INFO - Module loaded.
2024-09-10 22:19:20,723 - elsapy.elsclient - INFO - Module loaded.
2024-09-10 22:19:20,724 - elsapy.elsentity - INFO - Module loaded.
2024-09-10 22:19:20,725 - elsapy.utils - INFO - Module loaded.
2024-09-10 22:19:20,725 - elsapy.elsprofile - INFO - Module loaded.
2024-09-10 22:19:20,726 - elsapy.elsdoc - INFO - Module loaded.
2024-09-10 22:19:20,727 - elsapy.elssearch - INFO - Module loaded.
2024-09-10 22:20:23,592 - elsapy.elsclient - INFO - Module loaded.
2024-09-10 22:20:23,593 - elsapy.elsentity - INFO - Module loaded.
2024-09-10 22:20:23,594 - elsapy.utils - INFO - Module loaded.
2024-09-10 22:20:23,594 - elsapy.elsprofile - INFO - Module loaded.
2024-09-10 22:20:23,595 - elsapy.elsdoc - INFO - Module loaded.
2024-09-10 22:20:23,596 - elsapy.elssearch - INFO - Module loaded.
2024-09-10 22:21:11,728 - elsapy.elsclient - INFO - Module loaded.
2024-09-10 22:21:11,729 - elsapy.elsentity - INFO - Module loaded.
2024-09-10 22:21:11,730 - elsapy.utils - INFO - Module loaded.
2024-09-10 22:21:11,730 - elsapy.elsprofile - INFO - Module loaded.
2024-09-10 22:21:11,731 - elsapy.elsdoc - INFO - Module loaded.
2024-09-10 22:21:11,731 - elsapy.elssearch - INFO - Module loaded.
2024-09-10 22:21:40,421 - elsapy.elsclient - INFO - Module loaded.
2024-09-10 22:21:40,422 - elsapy.elsentity - INFO - Module loaded.
2024-09-10 22:21:40,423 - elsapy.utils - INFO - Module loaded.
2024-09-10 22:21:40,423 - elsapy.elsprofile - INFO - Module loaded.
2024-09-10 22:21:40,424 - elsapy.elsdoc - INFO - Module loaded.
2024-09-10 22:21:40,425 - elsapy.elssearch - INFO - Module loaded.
2024-09-10 22:21:59,881 - elsapy.elsclient - INFO - Module loaded.
2024-09-10 22:21:59,882 - elsapy.elsentity - INFO - Module loaded.
2024-09-10 22:21:59,883 - elsapy.utils - INFO - Module loaded.
2024-09-10 22:21:59,883 - elsapy.elsprofile - INFO - Module loaded.
2024-09-10 22:21:59,884 - elsapy.elsdoc - INFO - Module loaded.
2024-09-10 22:21:59,884 - elsapy.elssearch - INFO - Module loaded.
2024-09-10 22:25:04,064 - elsapy.elsclient - INFO - Module loaded.
2024-09-10 22:25:04,065 - elsapy.elsentity - INFO - Module loaded.
2024-09-10 22:25:04,066 - elsapy.utils - INFO - Module loaded.
2024-09-10 22:25:04,066 - elsapy.elsprofile - INFO - Module loaded.
2024-09-10 22:25:04,067 - elsapy.elsdoc - INFO - Module loaded.
2024-09-10 22:25:04,068 - elsapy.elssearch - INFO - Module loaded.
2024-09-10 22:26:14,098 - elsapy.elsclient - INFO - Module loaded.
2024-09-10 22:26:14,099 - elsapy.elsentity - INFO - Module loaded.
2024-09-10 22:26:14,099 - elsapy.utils - INFO - Module loaded.
2024-09-10 22:26:14,100 - elsapy.elsprofile - INFO - Module loaded.
2024-09-10 22:26:14,100 - elsapy.elsdoc - INFO - Module loaded.
2024-09-10 22:26:14,101 - elsapy.elssearch - INFO - Module loaded.
2024-09-10 22:26:51,213 - elsapy.elsclient - INFO - Module loaded.
2024-09-10 22:26:51,214 - elsapy.elsentity - INFO - Module loaded.
2024-09-10 22:26:51,214 - elsapy.utils - INFO - Module loaded.
2024-09-10 22:26:51,215 - elsapy.elsprofile - INFO - Module loaded.
2024-09-10 22:26:51,215 - elsapy.elsdoc - INFO - Module loaded.
2024-09-10 22:26:51,216 - elsapy.elssearch - INFO - Module loaded.
2024-09-10 22:33:21,612 - elsapy.elsclient - INFO - Module loaded.
2024-09-10 22:33:21,613 - elsapy.elsentity - INFO - Module loaded.
2024-09-10 22:33:21,614 - elsapy.utils - INFO - Module loaded.
2024-09-10 22:33:21,614 - elsapy.elsprofile - INFO - Module loaded.
2024-09-10 22:33:21,615 - elsapy.elsdoc - INFO - Module loaded.
2024-09-10 22:33:21,615 - elsapy.elssearch - INFO - Module loaded.
2024-09-10 22:34:04,427 - elsapy.elsclient - INFO - Module loaded.
2024-09-10 22:34:04,429 - elsapy.elsentity - INFO - Module loaded.
2024-09-10 22:34:04,429 - elsapy.utils - INFO - Module loaded.
2024-09-10 22:34:04,430 - elsapy.elsprofile - INFO - Module loaded.
2024-09-10 22:34:04,430 - elsapy.elsdoc - INFO - Module loaded.
2024-09-10 22:34:04,431 - elsapy.elssearch - INFO - Module loaded.
2024-09-10 22:34:48,120 - elsapy.elsclient - INFO - Module loaded.
2024-09-10 22:34:48,121 - elsapy.elsentity - INFO - Module loaded.
2024-09-10 22:34:48,122 - elsapy.utils - INFO - Module loaded.
2024-09-10 22:34:48,122 - elsapy.elsprofile - INFO - Module loaded.
2024-09-10 22:34:48,123 - elsapy.elsdoc - INFO - Module loaded.
2024-09-10 22:34:48,123 - elsapy.elssearch - INFO - Module loaded.
2024-09-10 22:36:15,969 - elsapy.elsclient - INFO - Module loaded.
2024-09-10 22:36:15,971 - elsapy.elsentity - INFO - Module loaded.
2024-09-10 22:36:15,971 - elsapy.utils - INFO - Module loaded.
2024-09-10 22:36:15,972 - elsapy.elsprofile - INFO - Module loaded.
2024-09-10 22:36:15,972 - elsapy.elsdoc - INFO - Module loaded.
2024-09-10 22:36:15,973 - elsapy.elssearch - INFO - Module loaded.
2024-09-10 22:36:36,279 - elsapy.elsclient - INFO - Module loaded.
2024-09-10 22:36:36,280 - elsapy.elsentity - INFO - Module loaded.
2024-09-10 22:36:36,281 - elsapy.utils - INFO - Module loaded.
2024-09-10 22:36:36,281 - elsapy.elsprofile - INFO - Module loaded.
2024-09-10 22:36:36,282 - elsapy.elsdoc - INFO - Module loaded.
2024-09-10 22:36:36,282 - elsapy.elssearch - INFO - Module loaded.
2024-09-10 22:37:49,659 - elsapy.elsclient - INFO - Module loaded.
2024-09-10 22:37:49,660 - elsapy.elsentity - INFO - Module loaded.
2024-09-10 22:37:49,661 - elsapy.utils - INFO - Module loaded.
2024-09-10 22:37:49,661 - elsapy.elsprofile - INFO - Module loaded.
2024-09-10 22:37:49,662 - elsapy.elsdoc - INFO - Module loaded.
2024-09-10 22:37:49,663 - elsapy.elssearch - INFO - Module loaded.
2024-09-10 23:14:07,535 - elsapy.elsclient - INFO - Module loaded.
2024-09-10 23:14:07,536 - elsapy.elsentity - INFO - Module loaded.
2024-09-10 23:14:07,537 - elsapy.utils - INFO - Module loaded.
2024-09-10 23:14:07,537 - elsapy.elsprofile - INFO - Module loaded.
2024-09-10 23:14:07,538 - elsapy.elsdoc - INFO - Module loaded.
2024-09-10 23:14:07,538 - elsapy.elssearch - INFO - Module loaded.
2024-09-10 23:14:41,558 - elsapy.elsclient - INFO - Module loaded.
2024-09-10 23:14:41,559 - elsapy.elsentity - INFO - Module loaded.
2024-09-10 23:14:41,560 - elsapy.utils - INFO - Module loaded.
2024-09-10 23:14:41,560 - elsapy.elsprofile - INFO - Module loaded.
2024-09-10 23:14:41,561 - elsapy.elsdoc - INFO - Module loaded.
2024-09-10 23:14:41,562 - elsapy.elssearch - INFO - Module loaded.
2024-09-10 23:23:33,840 - elsapy.elsclient - INFO - Module loaded.
2024-09-10 23:23:33,841 - elsapy.elsentity - INFO - Module loaded.
2024-09-10 23:23:33,841 - elsapy.utils - INFO - Module loaded.
2024-09-10 23:23:33,842 - elsapy.elsprofile - INFO - Module loaded.
2024-09-10 23:23:33,842 - elsapy.elsdoc - INFO - Module loaded.
2024-09-10 23:23:33,843 - elsapy.elssearch - INFO - Module loaded.
2024-09-10 23:26:52,395 - elsapy.elsclient - INFO - Module loaded.
2024-09-10 23:26:52,396 - elsapy.elsentity - INFO - Module loaded.
2024-09-10 23:26:52,397 - elsapy.utils - INFO - Module loaded.
2024-09-10 23:26:52,397 - elsapy.elsprofile - INFO - Module loaded.
2024-09-10 23:26:52,398 - elsapy.elsdoc - INFO - Module loaded.
2024-09-10 23:26:52,399 - elsapy.elssearch - INFO - Module loaded.
2024-09-10 23:27:46,670 - elsapy.elsclient - INFO - Module loaded.
2024-09-10 23:27:46,671 - elsapy.elsentity - INFO - Module loaded.
2024-09-10 23:27:46,672 - elsapy.utils - INFO - Module loaded.
2024-09-10 23:27:46,672 - elsapy.elsprofile - INFO - Module loaded.
2024-09-10 23:27:46,673 - elsapy.elsdoc - INFO - Module loaded.
2024-09-10 23:27:46,674 - elsapy.elssearch - INFO - Module loaded.
2024-09-10 23:32:51,678 - elsapy.elsclient - INFO - Module loaded.
2024-09-10 23:32:51,679 - elsapy.elsentity - INFO - Module loaded.
2024-09-10 23:32:51,680 - elsapy.utils - INFO - Module loaded.
2024-09-10 23:32:51,680 - elsapy.elsprofile - INFO - Module loaded.
2024-09-10 23:32:51,681 - elsapy.elsdoc - INFO - Module loaded.
2024-09-10 23:32:51,682 - elsapy.elssearch - INFO - Module loaded.
2024-09-10 23:34:20,423 - elsapy.elsclient - INFO - Module loaded.
2024-09-10 23:34:20,424 - elsapy.elsentity - INFO - Module loaded.
2024-09-10 23:34:20,425 - elsapy.utils - INFO - Module loaded.
2024-09-10 23:34:20,425 - elsapy.elsprofile - INFO - Module loaded.
2024-09-10 23:34:20,426 - elsapy.elsdoc - INFO - Module loaded.
2024-09-10 23:34:20,427 - elsapy.elssearch - INFO - Module loaded.
2024-09-10 23:35:25,552 - elsapy.elsclient - INFO - Module loaded.
2024-09-10 23:35:25,553 - elsapy.elsentity - INFO - Module loaded.
2024-09-10 23:35:25,554 - elsapy.utils - INFO - Module loaded.
2024-09-10 23:35:25,554 - elsapy.elsprofile - INFO - Module loaded.
2024-09-10 23:35:25,555 - elsapy.elsdoc - INFO - Module loaded.
2024-09-10 23:35:25,555 - elsapy.elssearch - INFO - Module loaded.
2024-09-10 23:36:38,173 - elsapy.elsclient - INFO - Module loaded.
2024-09-10 23:36:38,174 - elsapy.elsentity - INFO - Module loaded.
2024-09-10 23:36:38,175 - elsapy.utils - INFO - Module loaded.
2024-09-10 23:36:38,175 - elsapy.elsprofile - INFO - Module loaded.
2024-09-10 23:36:38,176 - elsapy.elsdoc - INFO - Module loaded.
2024-09-10 23:36:38,177 - elsapy.elssearch - INFO - Module loaded.
2024-09-10 23:43:08,717 - elsapy.elsclient - INFO - Module loaded.
2024-09-10 23:43:08,719 - elsapy.elsentity - INFO - Module loaded.
2024-09-10 23:43:08,719 - elsapy.utils - INFO - Module loaded.
2024-09-10 23:43:08,719 - elsapy.elsprofile - INFO - Module loaded.
2024-09-10 23:43:08,720 - elsapy.elsdoc - INFO - Module loaded.
2024-09-10 23:43:08,721 - elsapy.elssearch - INFO - Module loaded.
2024-09-10 23:48:28,976 - elsapy.elsclient - INFO - Module loaded.
2024-09-10 23:48:28,977 - elsapy.elsentity - INFO - Module loaded.
2024-09-10 23:48:28,978 - elsapy.utils - INFO - Module loaded.
2024-09-10 23:48:28,978 - elsapy.elsprofile - INFO - Module loaded.
2024-09-10 23:48:28,979 - elsapy.elsdoc - INFO - Module loaded.
2024-09-10 23:48:28,979 - elsapy.elssearch - INFO - Module loaded.
