2024-05-02 08:57:45,733 - elsapy.elsclient - INFO - Module loaded.
2024-05-02 08:57:45,734 - elsapy.elsentity - INFO - Module loaded.
2024-05-02 08:57:45,735 - elsapy.utils - INFO - Module loaded.
2024-05-02 08:57:45,735 - elsapy.elsprofile - INFO - Module loaded.
2024-05-02 08:57:45,736 - elsapy.elsdoc - INFO - Module loaded.
2024-05-02 08:57:45,737 - elsapy.elssearch - INFO - Module loaded.
2024-05-02 09:00:15,649 - elsapy.elsclient - INFO - Module loaded.
2024-05-02 09:00:15,650 - elsapy.elsentity - INFO - Module loaded.
2024-05-02 09:00:15,650 - elsapy.utils - INFO - Module loaded.
2024-05-02 09:00:15,651 - elsapy.elsprofile - INFO - Module loaded.
2024-05-02 09:00:15,651 - elsapy.elsdoc - INFO - Module loaded.
2024-05-02 09:00:15,653 - elsapy.elssearch - INFO - Module loaded.
2024-05-02 09:07:26,891 - elsapy.elsclient - INFO - Module loaded.
2024-05-02 09:07:26,892 - elsapy.elsentity - INFO - Module loaded.
2024-05-02 09:07:26,893 - elsapy.utils - INFO - Module loaded.
2024-05-02 09:07:26,893 - elsapy.elsprofile - INFO - Module loaded.
2024-05-02 09:07:26,894 - elsapy.elsdoc - INFO - Module loaded.
2024-05-02 09:07:26,895 - elsapy.elssearch - INFO - Module loaded.
2024-05-02 10:53:46,786 - elsapy.elsclient - INFO - Module loaded.
2024-05-02 10:53:46,787 - elsapy.elsentity - INFO - Module loaded.
2024-05-02 10:53:46,788 - elsapy.utils - INFO - Module loaded.
2024-05-02 10:53:46,788 - elsapy.elsprofile - INFO - Module loaded.
2024-05-02 10:53:46,789 - elsapy.elsdoc - INFO - Module loaded.
2024-05-02 10:53:46,789 - elsapy.elssearch - INFO - Module loaded.
2024-05-02 11:47:15,601 - elsapy.elsclient - INFO - Module loaded.
2024-05-02 11:47:15,603 - elsapy.elsentity - INFO - Module loaded.
2024-05-02 11:47:15,603 - elsapy.utils - INFO - Module loaded.
2024-05-02 11:47:15,603 - elsapy.elsprofile - INFO - Module loaded.
2024-05-02 11:47:15,604 - elsapy.elsdoc - INFO - Module loaded.
2024-05-02 11:47:15,605 - elsapy.elssearch - INFO - Module loaded.
2024-05-02 12:18:56,348 - elsapy.elsclient - INFO - Module loaded.
2024-05-02 12:18:56,349 - elsapy.elsentity - INFO - Module loaded.
2024-05-02 12:18:56,350 - elsapy.utils - INFO - Module loaded.
2024-05-02 12:18:56,350 - elsapy.elsprofile - INFO - Module loaded.
2024-05-02 12:18:56,351 - elsapy.elsdoc - INFO - Module loaded.
2024-05-02 12:18:56,352 - elsapy.elssearch - INFO - Module loaded.
2024-05-02 12:51:05,676 - elsapy.elsclient - INFO - Module loaded.
2024-05-02 12:51:05,677 - elsapy.elsentity - INFO - Module loaded.
2024-05-02 12:51:05,678 - elsapy.utils - INFO - Module loaded.
2024-05-02 12:51:05,678 - elsapy.elsprofile - INFO - Module loaded.
2024-05-02 12:51:05,679 - elsapy.elsdoc - INFO - Module loaded.
2024-05-02 12:51:05,680 - elsapy.elssearch - INFO - Module loaded.
2024-05-02 12:52:05,065 - elsapy.elsclient - INFO - Module loaded.
2024-05-02 12:52:05,066 - elsapy.elsentity - INFO - Module loaded.
2024-05-02 12:52:05,067 - elsapy.utils - INFO - Module loaded.
2024-05-02 12:52:05,067 - elsapy.elsprofile - INFO - Module loaded.
2024-05-02 12:52:05,068 - elsapy.elsdoc - INFO - Module loaded.
2024-05-02 12:52:05,069 - elsapy.elssearch - INFO - Module loaded.
2024-05-02 12:53:47,922 - elsapy.elsclient - INFO - Module loaded.
2024-05-02 12:53:47,924 - elsapy.elsentity - INFO - Module loaded.
2024-05-02 12:53:47,924 - elsapy.utils - INFO - Module loaded.
2024-05-02 12:53:47,925 - elsapy.elsprofile - INFO - Module loaded.
2024-05-02 12:53:47,925 - elsapy.elsdoc - INFO - Module loaded.
2024-05-02 12:53:47,926 - elsapy.elssearch - INFO - Module loaded.
2024-05-02 12:58:22,469 - elsapy.elsclient - INFO - Module loaded.
2024-05-02 12:58:22,470 - elsapy.elsentity - INFO - Module loaded.
2024-05-02 12:58:22,471 - elsapy.utils - INFO - Module loaded.
2024-05-02 12:58:22,471 - elsapy.elsprofile - INFO - Module loaded.
2024-05-02 12:58:22,472 - elsapy.elsdoc - INFO - Module loaded.
2024-05-02 12:58:22,473 - elsapy.elssearch - INFO - Module loaded.
2024-05-02 12:59:33,183 - elsapy.elsclient - INFO - Module loaded.
2024-05-02 12:59:33,185 - elsapy.elsentity - INFO - Module loaded.
2024-05-02 12:59:33,185 - elsapy.utils - INFO - Module loaded.
2024-05-02 12:59:33,185 - elsapy.elsprofile - INFO - Module loaded.
2024-05-02 12:59:33,186 - elsapy.elsdoc - INFO - Module loaded.
2024-05-02 12:59:33,187 - elsapy.elssearch - INFO - Module loaded.
2024-05-02 13:11:08,364 - elsapy.elsclient - INFO - Module loaded.
2024-05-02 13:11:08,365 - elsapy.elsentity - INFO - Module loaded.
2024-05-02 13:11:08,366 - elsapy.utils - INFO - Module loaded.
2024-05-02 13:11:08,366 - elsapy.elsprofile - INFO - Module loaded.
2024-05-02 13:11:08,367 - elsapy.elsdoc - INFO - Module loaded.
2024-05-02 13:11:08,368 - elsapy.elssearch - INFO - Module loaded.
2024-05-02 13:11:26,496 - elsapy.elsclient - INFO - Module loaded.
2024-05-02 13:11:26,498 - elsapy.elsentity - INFO - Module loaded.
2024-05-02 13:11:26,498 - elsapy.utils - INFO - Module loaded.
2024-05-02 13:11:26,499 - elsapy.elsprofile - INFO - Module loaded.
2024-05-02 13:11:26,499 - elsapy.elsdoc - INFO - Module loaded.
2024-05-02 13:11:26,499 - elsapy.elssearch - INFO - Module loaded.
2024-05-02 13:12:48,113 - elsapy.elsclient - INFO - Module loaded.
2024-05-02 13:12:48,114 - elsapy.elsentity - INFO - Module loaded.
2024-05-02 13:12:48,115 - elsapy.utils - INFO - Module loaded.
2024-05-02 13:12:48,115 - elsapy.elsprofile - INFO - Module loaded.
2024-05-02 13:12:48,116 - elsapy.elsdoc - INFO - Module loaded.
2024-05-02 13:12:48,116 - elsapy.elssearch - INFO - Module loaded.
2024-05-02 13:13:12,715 - elsapy.elsclient - INFO - Module loaded.
2024-05-02 13:13:12,717 - elsapy.elsentity - INFO - Module loaded.
2024-05-02 13:13:12,718 - elsapy.utils - INFO - Module loaded.
2024-05-02 13:13:12,718 - elsapy.elsprofile - INFO - Module loaded.
2024-05-02 13:13:12,719 - elsapy.elsdoc - INFO - Module loaded.
2024-05-02 13:13:12,720 - elsapy.elssearch - INFO - Module loaded.
2024-05-02 13:14:28,777 - elsapy.elsclient - INFO - Module loaded.
2024-05-02 13:14:28,778 - elsapy.elsentity - INFO - Module loaded.
2024-05-02 13:14:28,779 - elsapy.utils - INFO - Module loaded.
2024-05-02 13:14:28,779 - elsapy.elsprofile - INFO - Module loaded.
2024-05-02 13:14:28,780 - elsapy.elsdoc - INFO - Module loaded.
2024-05-02 13:14:28,781 - elsapy.elssearch - INFO - Module loaded.
2024-05-02 13:15:06,267 - elsapy.elsclient - INFO - Module loaded.
2024-05-02 13:15:06,268 - elsapy.elsentity - INFO - Module loaded.
2024-05-02 13:15:06,269 - elsapy.utils - INFO - Module loaded.
2024-05-02 13:15:06,269 - elsapy.elsprofile - INFO - Module loaded.
2024-05-02 13:15:06,270 - elsapy.elsdoc - INFO - Module loaded.
2024-05-02 13:15:06,271 - elsapy.elssearch - INFO - Module loaded.
2024-05-02 13:15:56,977 - elsapy.elsclient - INFO - Module loaded.
2024-05-02 13:15:56,978 - elsapy.elsentity - INFO - Module loaded.
2024-05-02 13:15:56,979 - elsapy.utils - INFO - Module loaded.
2024-05-02 13:15:56,980 - elsapy.elsprofile - INFO - Module loaded.
2024-05-02 13:15:56,980 - elsapy.elsdoc - INFO - Module loaded.
2024-05-02 13:15:56,981 - elsapy.elssearch - INFO - Module loaded.
2024-05-02 13:16:15,510 - elsapy.elsclient - INFO - Module loaded.
2024-05-02 13:16:15,511 - elsapy.elsentity - INFO - Module loaded.
2024-05-02 13:16:15,512 - elsapy.utils - INFO - Module loaded.
2024-05-02 13:16:15,512 - elsapy.elsprofile - INFO - Module loaded.
2024-05-02 13:16:15,513 - elsapy.elsdoc - INFO - Module loaded.
2024-05-02 13:16:15,514 - elsapy.elssearch - INFO - Module loaded.
2024-05-02 13:17:17,066 - elsapy.elsclient - INFO - Module loaded.
2024-05-02 13:17:17,067 - elsapy.elsentity - INFO - Module loaded.
2024-05-02 13:17:17,068 - elsapy.utils - INFO - Module loaded.
2024-05-02 13:17:17,068 - elsapy.elsprofile - INFO - Module loaded.
2024-05-02 13:17:17,069 - elsapy.elsdoc - INFO - Module loaded.
2024-05-02 13:17:17,070 - elsapy.elssearch - INFO - Module loaded.
2024-05-02 13:19:33,300 - elsapy.elsclient - INFO - Module loaded.
2024-05-02 13:19:33,301 - elsapy.elsentity - INFO - Module loaded.
2024-05-02 13:19:33,301 - elsapy.utils - INFO - Module loaded.
2024-05-02 13:19:33,302 - elsapy.elsprofile - INFO - Module loaded.
2024-05-02 13:19:33,302 - elsapy.elsdoc - INFO - Module loaded.
2024-05-02 13:19:33,303 - elsapy.elssearch - INFO - Module loaded.
2024-05-02 13:20:23,760 - elsapy.elsclient - INFO - Module loaded.
2024-05-02 13:20:23,762 - elsapy.elsentity - INFO - Module loaded.
2024-05-02 13:20:23,762 - elsapy.utils - INFO - Module loaded.
2024-05-02 13:20:23,762 - elsapy.elsprofile - INFO - Module loaded.
2024-05-02 13:20:23,763 - elsapy.elsdoc - INFO - Module loaded.
2024-05-02 13:20:23,764 - elsapy.elssearch - INFO - Module loaded.
2024-05-02 13:21:51,534 - elsapy.elsclient - INFO - Module loaded.
2024-05-02 13:21:51,536 - elsapy.elsentity - INFO - Module loaded.
2024-05-02 13:21:51,537 - elsapy.utils - INFO - Module loaded.
2024-05-02 13:21:51,537 - elsapy.elsprofile - INFO - Module loaded.
2024-05-02 13:21:51,537 - elsapy.elsdoc - INFO - Module loaded.
2024-05-02 13:21:51,538 - elsapy.elssearch - INFO - Module loaded.
2024-05-02 13:24:42,343 - elsapy.elsclient - INFO - Module loaded.
2024-05-02 13:24:42,345 - elsapy.elsentity - INFO - Module loaded.
2024-05-02 13:24:42,346 - elsapy.utils - INFO - Module loaded.
2024-05-02 13:24:42,346 - elsapy.elsprofile - INFO - Module loaded.
2024-05-02 13:24:42,347 - elsapy.elsdoc - INFO - Module loaded.
2024-05-02 13:24:42,347 - elsapy.elssearch - INFO - Module loaded.
2024-05-02 13:24:57,237 - elsapy.elsclient - INFO - Module loaded.
2024-05-02 13:24:57,238 - elsapy.elsentity - INFO - Module loaded.
2024-05-02 13:24:57,239 - elsapy.utils - INFO - Module loaded.
2024-05-02 13:24:57,239 - elsapy.elsprofile - INFO - Module loaded.
2024-05-02 13:24:57,240 - elsapy.elsdoc - INFO - Module loaded.
2024-05-02 13:24:57,241 - elsapy.elssearch - INFO - Module loaded.
2024-05-02 13:29:40,052 - elsapy.elsclient - INFO - Module loaded.
2024-05-02 13:29:40,053 - elsapy.elsentity - INFO - Module loaded.
2024-05-02 13:29:40,053 - elsapy.utils - INFO - Module loaded.
2024-05-02 13:29:40,054 - elsapy.elsprofile - INFO - Module loaded.
2024-05-02 13:29:40,055 - elsapy.elsdoc - INFO - Module loaded.
2024-05-02 13:29:40,055 - elsapy.elssearch - INFO - Module loaded.
2024-05-02 13:36:23,382 - elsapy.elsclient - INFO - Module loaded.
2024-05-02 13:36:23,383 - elsapy.elsentity - INFO - Module loaded.
2024-05-02 13:36:23,383 - elsapy.utils - INFO - Module loaded.
2024-05-02 13:36:23,384 - elsapy.elsprofile - INFO - Module loaded.
2024-05-02 13:36:23,384 - elsapy.elsdoc - INFO - Module loaded.
2024-05-02 13:36:23,385 - elsapy.elssearch - INFO - Module loaded.
2024-05-02 13:37:56,993 - elsapy.elsclient - INFO - Module loaded.
2024-05-02 13:37:56,994 - elsapy.elsentity - INFO - Module loaded.
2024-05-02 13:37:56,995 - elsapy.utils - INFO - Module loaded.
2024-05-02 13:37:56,995 - elsapy.elsprofile - INFO - Module loaded.
2024-05-02 13:37:56,996 - elsapy.elsdoc - INFO - Module loaded.
2024-05-02 13:37:56,997 - elsapy.elssearch - INFO - Module loaded.
2024-05-02 13:45:25,908 - elsapy.elsclient - INFO - Module loaded.
2024-05-02 13:45:25,909 - elsapy.elsentity - INFO - Module loaded.
2024-05-02 13:45:25,910 - elsapy.utils - INFO - Module loaded.
2024-05-02 13:45:25,910 - elsapy.elsprofile - INFO - Module loaded.
2024-05-02 13:45:25,911 - elsapy.elsdoc - INFO - Module loaded.
2024-05-02 13:45:25,912 - elsapy.elssearch - INFO - Module loaded.
2024-05-02 13:49:20,406 - elsapy.elsclient - INFO - Module loaded.
2024-05-02 13:49:20,407 - elsapy.elsentity - INFO - Module loaded.
2024-05-02 13:49:20,407 - elsapy.utils - INFO - Module loaded.
2024-05-02 13:49:20,408 - elsapy.elsprofile - INFO - Module loaded.
2024-05-02 13:49:20,408 - elsapy.elsdoc - INFO - Module loaded.
2024-05-02 13:49:20,409 - elsapy.elssearch - INFO - Module loaded.
2024-05-02 13:49:34,277 - elsapy.elsclient - INFO - Module loaded.
2024-05-02 13:49:34,278 - elsapy.elsentity - INFO - Module loaded.
2024-05-02 13:49:34,279 - elsapy.utils - INFO - Module loaded.
2024-05-02 13:49:34,279 - elsapy.elsprofile - INFO - Module loaded.
2024-05-02 13:49:34,280 - elsapy.elsdoc - INFO - Module loaded.
2024-05-02 13:49:34,281 - elsapy.elssearch - INFO - Module loaded.
2024-05-02 13:50:49,047 - elsapy.elsclient - INFO - Module loaded.
2024-05-02 13:50:49,048 - elsapy.elsentity - INFO - Module loaded.
2024-05-02 13:50:49,049 - elsapy.utils - INFO - Module loaded.
2024-05-02 13:50:49,049 - elsapy.elsprofile - INFO - Module loaded.
2024-05-02 13:50:49,050 - elsapy.elsdoc - INFO - Module loaded.
2024-05-02 13:50:49,051 - elsapy.elssearch - INFO - Module loaded.
2024-05-02 14:02:20,393 - elsapy.elsclient - INFO - Module loaded.
2024-05-02 14:02:20,394 - elsapy.elsentity - INFO - Module loaded.
2024-05-02 14:02:20,395 - elsapy.utils - INFO - Module loaded.
2024-05-02 14:02:20,395 - elsapy.elsprofile - INFO - Module loaded.
2024-05-02 14:02:20,395 - elsapy.elsdoc - INFO - Module loaded.
2024-05-02 14:02:20,397 - elsapy.elssearch - INFO - Module loaded.
2024-05-02 14:47:05,329 - elsapy.elsclient - INFO - Module loaded.
2024-05-02 14:47:05,330 - elsapy.elsentity - INFO - Module loaded.
2024-05-02 14:47:05,330 - elsapy.utils - INFO - Module loaded.
2024-05-02 14:47:05,331 - elsapy.elsprofile - INFO - Module loaded.
2024-05-02 14:47:05,331 - elsapy.elsdoc - INFO - Module loaded.
2024-05-02 14:47:05,332 - elsapy.elssearch - INFO - Module loaded.
2024-05-02 14:48:25,708 - elsapy.elsclient - INFO - Module loaded.
2024-05-02 14:48:25,709 - elsapy.elsentity - INFO - Module loaded.
2024-05-02 14:48:25,710 - elsapy.utils - INFO - Module loaded.
2024-05-02 14:48:25,710 - elsapy.elsprofile - INFO - Module loaded.
2024-05-02 14:48:25,711 - elsapy.elsdoc - INFO - Module loaded.
2024-05-02 14:48:25,712 - elsapy.elssearch - INFO - Module loaded.
2024-05-02 14:54:42,928 - elsapy.elsclient - INFO - Module loaded.
2024-05-02 14:54:42,929 - elsapy.elsentity - INFO - Module loaded.
2024-05-02 14:54:42,930 - elsapy.utils - INFO - Module loaded.
2024-05-02 14:54:42,930 - elsapy.elsprofile - INFO - Module loaded.
2024-05-02 14:54:42,931 - elsapy.elsdoc - INFO - Module loaded.
2024-05-02 14:54:42,932 - elsapy.elssearch - INFO - Module loaded.
2024-05-02 14:56:00,137 - elsapy.elsclient - INFO - Module loaded.
2024-05-02 14:56:00,138 - elsapy.elsentity - INFO - Module loaded.
2024-05-02 14:56:00,139 - elsapy.utils - INFO - Module loaded.
2024-05-02 14:56:00,139 - elsapy.elsprofile - INFO - Module loaded.
2024-05-02 14:56:00,140 - elsapy.elsdoc - INFO - Module loaded.
2024-05-02 14:56:00,141 - elsapy.elssearch - INFO - Module loaded.
2024-05-02 15:25:50,429 - elsapy.elsclient - INFO - Module loaded.
2024-05-02 15:25:50,431 - elsapy.elsentity - INFO - Module loaded.
2024-05-02 15:25:50,431 - elsapy.utils - INFO - Module loaded.
2024-05-02 15:25:50,431 - elsapy.elsprofile - INFO - Module loaded.
2024-05-02 15:25:50,432 - elsapy.elsdoc - INFO - Module loaded.
2024-05-02 15:25:50,433 - elsapy.elssearch - INFO - Module loaded.
2024-05-02 15:30:13,380 - elsapy.elsclient - INFO - Module loaded.
2024-05-02 15:30:13,381 - elsapy.elsentity - INFO - Module loaded.
2024-05-02 15:30:13,382 - elsapy.utils - INFO - Module loaded.
2024-05-02 15:30:13,383 - elsapy.elsprofile - INFO - Module loaded.
2024-05-02 15:30:13,383 - elsapy.elsdoc - INFO - Module loaded.
2024-05-02 15:30:13,384 - elsapy.elssearch - INFO - Module loaded.
2024-05-02 15:33:20,983 - elsapy.elsclient - INFO - Module loaded.
2024-05-02 15:33:20,984 - elsapy.elsentity - INFO - Module loaded.
2024-05-02 15:33:20,986 - elsapy.utils - INFO - Module loaded.
2024-05-02 15:33:20,986 - elsapy.elsprofile - INFO - Module loaded.
2024-05-02 15:33:20,987 - elsapy.elsdoc - INFO - Module loaded.
2024-05-02 15:33:20,988 - elsapy.elssearch - INFO - Module loaded.
2024-05-02 15:45:57,013 - elsapy.elsclient - INFO - Module loaded.
2024-05-02 15:45:57,014 - elsapy.elsentity - INFO - Module loaded.
2024-05-02 15:45:57,016 - elsapy.utils - INFO - Module loaded.
2024-05-02 15:45:57,017 - elsapy.elsprofile - INFO - Module loaded.
2024-05-02 15:45:57,017 - elsapy.elsdoc - INFO - Module loaded.
2024-05-02 15:45:57,018 - elsapy.elssearch - INFO - Module loaded.
2024-05-02 15:46:25,923 - elsapy.elsclient - INFO - Module loaded.
2024-05-02 15:46:25,925 - elsapy.elsentity - INFO - Module loaded.
2024-05-02 15:46:25,926 - elsapy.utils - INFO - Module loaded.
2024-05-02 15:46:25,926 - elsapy.elsprofile - INFO - Module loaded.
2024-05-02 15:46:25,927 - elsapy.elsdoc - INFO - Module loaded.
2024-05-02 15:46:25,928 - elsapy.elssearch - INFO - Module loaded.
2024-05-02 15:47:49,590 - elsapy.elsclient - INFO - Module loaded.
2024-05-02 15:47:49,592 - elsapy.elsentity - INFO - Module loaded.
2024-05-02 15:47:49,593 - elsapy.utils - INFO - Module loaded.
2024-05-02 15:47:49,594 - elsapy.elsprofile - INFO - Module loaded.
2024-05-02 15:47:49,595 - elsapy.elsdoc - INFO - Module loaded.
2024-05-02 15:47:49,596 - elsapy.elssearch - INFO - Module loaded.
2024-05-02 15:49:59,338 - elsapy.elsclient - INFO - Module loaded.
2024-05-02 15:49:59,340 - elsapy.elsentity - INFO - Module loaded.
2024-05-02 15:49:59,341 - elsapy.utils - INFO - Module loaded.
2024-05-02 15:49:59,341 - elsapy.elsprofile - INFO - Module loaded.
2024-05-02 15:49:59,343 - elsapy.elsdoc - INFO - Module loaded.
2024-05-02 15:49:59,344 - elsapy.elssearch - INFO - Module loaded.
2024-05-02 19:44:04,544 - elsapy.elsclient - INFO - Module loaded.
2024-05-02 19:44:04,546 - elsapy.elsentity - INFO - Module loaded.
2024-05-02 19:44:04,546 - elsapy.utils - INFO - Module loaded.
2024-05-02 19:44:04,546 - elsapy.elsprofile - INFO - Module loaded.
2024-05-02 19:44:04,548 - elsapy.elsdoc - INFO - Module loaded.
2024-05-02 19:44:04,549 - elsapy.elssearch - INFO - Module loaded.
