2024-07-15 08:02:26,795 - elsapy.elsclient - INFO - Module loaded.
2024-07-15 08:02:26,798 - elsapy.elsentity - INFO - Module loaded.
2024-07-15 08:02:26,799 - elsapy.utils - INFO - Module loaded.
2024-07-15 08:02:26,799 - elsapy.elsprofile - INFO - Module loaded.
2024-07-15 08:02:26,801 - elsapy.elsdoc - INFO - Module loaded.
2024-07-15 08:02:26,802 - elsapy.elssearch - INFO - Module loaded.
2024-07-15 11:21:31,586 - elsapy.elsclient - INFO - Module loaded.
2024-07-15 11:21:31,589 - elsapy.elsentity - INFO - Module loaded.
2024-07-15 11:21:31,590 - elsapy.utils - INFO - Module loaded.
2024-07-15 11:21:31,590 - elsapy.elsprofile - INFO - Module loaded.
2024-07-15 11:21:31,591 - elsapy.elsdoc - INFO - Module loaded.
2024-07-15 11:21:31,593 - elsapy.elssearch - INFO - Module loaded.
2024-07-15 14:06:39,107 - elsapy.elsclient - INFO - Module loaded.
2024-07-15 14:06:39,108 - elsapy.elsentity - INFO - Module loaded.
2024-07-15 14:06:39,109 - elsapy.utils - INFO - Module loaded.
2024-07-15 14:06:39,109 - elsapy.elsprofile - INFO - Module loaded.
2024-07-15 14:06:39,110 - elsapy.elsdoc - INFO - Module loaded.
2024-07-15 14:06:39,110 - elsapy.elssearch - INFO - Module loaded.
2024-07-15 14:52:15,995 - elsapy.elsclient - INFO - Module loaded.
2024-07-15 14:52:15,995 - elsapy.elsentity - INFO - Module loaded.
2024-07-15 14:52:15,996 - elsapy.utils - INFO - Module loaded.
2024-07-15 14:52:15,997 - elsapy.elsprofile - INFO - Module loaded.
2024-07-15 14:52:15,997 - elsapy.elsdoc - INFO - Module loaded.
2024-07-15 14:52:15,998 - elsapy.elssearch - INFO - Module loaded.
2024-07-15 14:53:55,740 - elsapy.elsclient - INFO - Module loaded.
2024-07-15 14:53:55,741 - elsapy.elsentity - INFO - Module loaded.
2024-07-15 14:53:55,742 - elsapy.utils - INFO - Module loaded.
2024-07-15 14:53:55,742 - elsapy.elsprofile - INFO - Module loaded.
2024-07-15 14:53:55,743 - elsapy.elsdoc - INFO - Module loaded.
2024-07-15 14:53:55,744 - elsapy.elssearch - INFO - Module loaded.
2024-07-15 14:55:38,693 - elsapy.elsclient - INFO - Module loaded.
2024-07-15 14:55:38,694 - elsapy.elsentity - INFO - Module loaded.
2024-07-15 14:55:38,695 - elsapy.utils - INFO - Module loaded.
2024-07-15 14:55:38,695 - elsapy.elsprofile - INFO - Module loaded.
2024-07-15 14:55:38,696 - elsapy.elsdoc - INFO - Module loaded.
2024-07-15 14:55:38,696 - elsapy.elssearch - INFO - Module loaded.
2024-07-15 16:21:16,388 - elsapy.elsclient - INFO - Module loaded.
2024-07-15 16:21:16,389 - elsapy.elsentity - INFO - Module loaded.
2024-07-15 16:21:16,389 - elsapy.utils - INFO - Module loaded.
2024-07-15 16:21:16,390 - elsapy.elsprofile - INFO - Module loaded.
2024-07-15 16:21:16,391 - elsapy.elsdoc - INFO - Module loaded.
2024-07-15 16:21:16,391 - elsapy.elssearch - INFO - Module loaded.
2024-07-15 16:39:51,278 - elsapy.elsclient - INFO - Module loaded.
2024-07-15 16:39:51,279 - elsapy.elsentity - INFO - Module loaded.
2024-07-15 16:39:51,280 - elsapy.utils - INFO - Module loaded.
2024-07-15 16:39:51,280 - elsapy.elsprofile - INFO - Module loaded.
2024-07-15 16:39:51,281 - elsapy.elsdoc - INFO - Module loaded.
2024-07-15 16:39:51,282 - elsapy.elssearch - INFO - Module loaded.
2024-07-15 17:09:40,948 - elsapy.elsclient - INFO - Module loaded.
2024-07-15 17:09:40,949 - elsapy.elsentity - INFO - Module loaded.
2024-07-15 17:09:40,950 - elsapy.utils - INFO - Module loaded.
2024-07-15 17:09:40,950 - elsapy.elsprofile - INFO - Module loaded.
2024-07-15 17:09:40,951 - elsapy.elsdoc - INFO - Module loaded.
2024-07-15 17:09:40,951 - elsapy.elssearch - INFO - Module loaded.
2024-07-15 17:29:42,319 - elsapy.elsclient - INFO - Module loaded.
2024-07-15 17:29:42,320 - elsapy.elsentity - INFO - Module loaded.
2024-07-15 17:29:42,321 - elsapy.utils - INFO - Module loaded.
2024-07-15 17:29:42,321 - elsapy.elsprofile - INFO - Module loaded.
2024-07-15 17:29:42,322 - elsapy.elsdoc - INFO - Module loaded.
2024-07-15 17:29:42,322 - elsapy.elssearch - INFO - Module loaded.
2024-07-15 18:16:59,310 - elsapy.elsclient - INFO - Module loaded.
2024-07-15 18:16:59,311 - elsapy.elsentity - INFO - Module loaded.
2024-07-15 18:16:59,312 - elsapy.utils - INFO - Module loaded.
2024-07-15 18:16:59,312 - elsapy.elsprofile - INFO - Module loaded.
2024-07-15 18:16:59,313 - elsapy.elsdoc - INFO - Module loaded.
2024-07-15 18:16:59,314 - elsapy.elssearch - INFO - Module loaded.
2024-07-15 19:30:06,865 - elsapy.elsclient - INFO - Module loaded.
2024-07-15 19:30:06,866 - elsapy.elsentity - INFO - Module loaded.
2024-07-15 19:30:06,866 - elsapy.utils - INFO - Module loaded.
2024-07-15 19:30:06,867 - elsapy.elsprofile - INFO - Module loaded.
2024-07-15 19:30:06,867 - elsapy.elsdoc - INFO - Module loaded.
2024-07-15 19:30:06,868 - elsapy.elssearch - INFO - Module loaded.
