2024-08-18 00:07:51,195 - elsapy.elsclient - INFO - Module loaded.
2024-08-18 00:07:51,196 - elsapy.elsentity - INFO - Module loaded.
2024-08-18 00:07:51,197 - elsapy.utils - INFO - Module loaded.
2024-08-18 00:07:51,197 - elsapy.elsprofile - INFO - Module loaded.
2024-08-18 00:07:51,198 - elsapy.elsdoc - INFO - Module loaded.
2024-08-18 00:07:51,198 - elsapy.elssearch - INFO - Module loaded.
2024-08-18 12:09:39,788 - elsapy.elsclient - INFO - Module loaded.
2024-08-18 12:09:39,789 - elsapy.elsentity - INFO - Module loaded.
2024-08-18 12:09:39,789 - elsapy.utils - INFO - Module loaded.
2024-08-18 12:09:39,790 - elsapy.elsprofile - INFO - Module loaded.
2024-08-18 12:09:39,790 - elsapy.elsdoc - INFO - Module loaded.
2024-08-18 12:09:39,793 - elsapy.elssearch - INFO - Module loaded.
2024-08-18 12:12:13,057 - elsapy.elsclient - INFO - Module loaded.
2024-08-18 12:12:13,058 - elsapy.elsentity - INFO - Module loaded.
2024-08-18 12:12:13,059 - elsapy.utils - INFO - Module loaded.
2024-08-18 12:12:13,059 - elsapy.elsprofile - INFO - Module loaded.
2024-08-18 12:12:13,060 - elsapy.elsdoc - INFO - Module loaded.
2024-08-18 12:12:13,060 - elsapy.elssearch - INFO - Module loaded.
2024-08-18 12:13:42,711 - elsapy.elsclient - INFO - Module loaded.
2024-08-18 12:13:42,712 - elsapy.elsentity - INFO - Module loaded.
2024-08-18 12:13:42,713 - elsapy.utils - INFO - Module loaded.
2024-08-18 12:13:42,713 - elsapy.elsprofile - INFO - Module loaded.
2024-08-18 12:13:42,714 - elsapy.elsdoc - INFO - Module loaded.
2024-08-18 12:13:42,715 - elsapy.elssearch - INFO - Module loaded.
2024-08-18 12:16:12,530 - elsapy.elsclient - INFO - Module loaded.
2024-08-18 12:16:12,532 - elsapy.elsentity - INFO - Module loaded.
2024-08-18 12:16:12,532 - elsapy.utils - INFO - Module loaded.
2024-08-18 12:16:12,533 - elsapy.elsprofile - INFO - Module loaded.
2024-08-18 12:16:12,533 - elsapy.elsdoc - INFO - Module loaded.
2024-08-18 12:16:12,534 - elsapy.elssearch - INFO - Module loaded.
2024-08-18 12:16:25,222 - elsapy.elsclient - INFO - Module loaded.
2024-08-18 12:16:25,223 - elsapy.elsentity - INFO - Module loaded.
2024-08-18 12:16:25,224 - elsapy.utils - INFO - Module loaded.
2024-08-18 12:16:25,224 - elsapy.elsprofile - INFO - Module loaded.
2024-08-18 12:16:25,225 - elsapy.elsdoc - INFO - Module loaded.
2024-08-18 12:16:25,225 - elsapy.elssearch - INFO - Module loaded.
2024-08-18 12:18:47,944 - elsapy.elsclient - INFO - Module loaded.
2024-08-18 12:18:47,945 - elsapy.elsentity - INFO - Module loaded.
2024-08-18 12:18:47,946 - elsapy.utils - INFO - Module loaded.
2024-08-18 12:18:47,946 - elsapy.elsprofile - INFO - Module loaded.
2024-08-18 12:18:47,947 - elsapy.elsdoc - INFO - Module loaded.
2024-08-18 12:18:47,948 - elsapy.elssearch - INFO - Module loaded.
2024-08-18 12:33:14,991 - elsapy.elsclient - INFO - Module loaded.
2024-08-18 12:33:14,992 - elsapy.elsentity - INFO - Module loaded.
2024-08-18 12:33:14,993 - elsapy.utils - INFO - Module loaded.
2024-08-18 12:33:14,993 - elsapy.elsprofile - INFO - Module loaded.
2024-08-18 12:33:14,994 - elsapy.elsdoc - INFO - Module loaded.
2024-08-18 12:33:14,994 - elsapy.elssearch - INFO - Module loaded.
2024-08-18 12:42:07,411 - elsapy.elsclient - INFO - Module loaded.
2024-08-18 12:42:07,413 - elsapy.elsentity - INFO - Module loaded.
2024-08-18 12:42:07,413 - elsapy.utils - INFO - Module loaded.
2024-08-18 12:42:07,413 - elsapy.elsprofile - INFO - Module loaded.
2024-08-18 12:42:07,414 - elsapy.elsdoc - INFO - Module loaded.
2024-08-18 12:42:07,415 - elsapy.elssearch - INFO - Module loaded.
2024-08-18 12:43:19,940 - elsapy.elsclient - INFO - Module loaded.
2024-08-18 12:43:19,941 - elsapy.elsentity - INFO - Module loaded.
2024-08-18 12:43:19,941 - elsapy.utils - INFO - Module loaded.
2024-08-18 12:43:19,942 - elsapy.elsprofile - INFO - Module loaded.
2024-08-18 12:43:19,942 - elsapy.elsdoc - INFO - Module loaded.
2024-08-18 12:43:19,943 - elsapy.elssearch - INFO - Module loaded.
2024-08-18 14:48:34,151 - elsapy.elsclient - INFO - Module loaded.
2024-08-18 14:48:34,152 - elsapy.elsentity - INFO - Module loaded.
2024-08-18 14:48:34,153 - elsapy.utils - INFO - Module loaded.
2024-08-18 14:48:34,153 - elsapy.elsprofile - INFO - Module loaded.
2024-08-18 14:48:34,154 - elsapy.elsdoc - INFO - Module loaded.
2024-08-18 14:48:34,155 - elsapy.elssearch - INFO - Module loaded.
2024-08-18 14:48:45,982 - elsapy.elsclient - INFO - Module loaded.
2024-08-18 14:48:45,983 - elsapy.elsentity - INFO - Module loaded.
2024-08-18 14:48:45,984 - elsapy.utils - INFO - Module loaded.
2024-08-18 14:48:45,984 - elsapy.elsprofile - INFO - Module loaded.
2024-08-18 14:48:45,985 - elsapy.elsdoc - INFO - Module loaded.
2024-08-18 14:48:45,985 - elsapy.elssearch - INFO - Module loaded.
2024-08-18 14:52:34,062 - elsapy.elsclient - INFO - Module loaded.
2024-08-18 14:52:34,063 - elsapy.elsentity - INFO - Module loaded.
2024-08-18 14:52:34,064 - elsapy.utils - INFO - Module loaded.
2024-08-18 14:52:34,064 - elsapy.elsprofile - INFO - Module loaded.
2024-08-18 14:52:34,065 - elsapy.elsdoc - INFO - Module loaded.
2024-08-18 14:52:34,065 - elsapy.elssearch - INFO - Module loaded.
2024-08-18 15:39:36,674 - elsapy.elsclient - INFO - Module loaded.
2024-08-18 15:39:36,675 - elsapy.elsentity - INFO - Module loaded.
2024-08-18 15:39:36,676 - elsapy.utils - INFO - Module loaded.
2024-08-18 15:39:36,676 - elsapy.elsprofile - INFO - Module loaded.
2024-08-18 15:39:36,676 - elsapy.elsdoc - INFO - Module loaded.
2024-08-18 15:39:36,678 - elsapy.elssearch - INFO - Module loaded.
2024-08-18 15:42:33,716 - elsapy.elsclient - INFO - Module loaded.
2024-08-18 15:42:33,717 - elsapy.elsentity - INFO - Module loaded.
2024-08-18 15:42:33,718 - elsapy.utils - INFO - Module loaded.
2024-08-18 15:42:33,718 - elsapy.elsprofile - INFO - Module loaded.
2024-08-18 15:42:33,719 - elsapy.elsdoc - INFO - Module loaded.
2024-08-18 15:42:33,719 - elsapy.elssearch - INFO - Module loaded.
2024-08-18 16:27:39,612 - elsapy.elsclient - INFO - Module loaded.
2024-08-18 16:27:39,613 - elsapy.elsentity - INFO - Module loaded.
2024-08-18 16:27:39,614 - elsapy.utils - INFO - Module loaded.
2024-08-18 16:27:39,614 - elsapy.elsprofile - INFO - Module loaded.
2024-08-18 16:27:39,615 - elsapy.elsdoc - INFO - Module loaded.
2024-08-18 16:27:39,616 - elsapy.elssearch - INFO - Module loaded.
2024-08-18 16:29:53,294 - elsapy.elsclient - INFO - Module loaded.
2024-08-18 16:29:53,295 - elsapy.elsentity - INFO - Module loaded.
2024-08-18 16:29:53,296 - elsapy.utils - INFO - Module loaded.
2024-08-18 16:29:53,296 - elsapy.elsprofile - INFO - Module loaded.
2024-08-18 16:29:53,297 - elsapy.elsdoc - INFO - Module loaded.
2024-08-18 16:29:53,297 - elsapy.elssearch - INFO - Module loaded.
2024-08-18 17:25:43,828 - elsapy.elsclient - INFO - Module loaded.
2024-08-18 17:25:43,829 - elsapy.elsentity - INFO - Module loaded.
2024-08-18 17:25:43,830 - elsapy.utils - INFO - Module loaded.
2024-08-18 17:25:43,830 - elsapy.elsprofile - INFO - Module loaded.
2024-08-18 17:25:43,831 - elsapy.elsdoc - INFO - Module loaded.
2024-08-18 17:25:43,831 - elsapy.elssearch - INFO - Module loaded.
2024-08-18 17:40:04,594 - elsapy.elsclient - INFO - Module loaded.
2024-08-18 17:40:04,595 - elsapy.elsentity - INFO - Module loaded.
2024-08-18 17:40:04,595 - elsapy.utils - INFO - Module loaded.
2024-08-18 17:40:04,596 - elsapy.elsprofile - INFO - Module loaded.
2024-08-18 17:40:04,596 - elsapy.elsdoc - INFO - Module loaded.
2024-08-18 17:40:04,597 - elsapy.elssearch - INFO - Module loaded.
2024-08-18 17:42:10,810 - elsapy.elsclient - INFO - Module loaded.
2024-08-18 17:42:10,811 - elsapy.elsentity - INFO - Module loaded.
2024-08-18 17:42:10,812 - elsapy.utils - INFO - Module loaded.
2024-08-18 17:42:10,812 - elsapy.elsprofile - INFO - Module loaded.
2024-08-18 17:42:10,813 - elsapy.elsdoc - INFO - Module loaded.
2024-08-18 17:42:10,814 - elsapy.elssearch - INFO - Module loaded.
2024-08-18 17:42:28,534 - elsapy.elsclient - INFO - Module loaded.
2024-08-18 17:42:28,535 - elsapy.elsentity - INFO - Module loaded.
2024-08-18 17:42:28,536 - elsapy.utils - INFO - Module loaded.
2024-08-18 17:42:28,536 - elsapy.elsprofile - INFO - Module loaded.
2024-08-18 17:42:28,537 - elsapy.elsdoc - INFO - Module loaded.
2024-08-18 17:42:28,538 - elsapy.elssearch - INFO - Module loaded.
2024-08-18 19:08:14,827 - elsapy.elsclient - INFO - Module loaded.
2024-08-18 19:08:14,829 - elsapy.elsentity - INFO - Module loaded.
2024-08-18 19:08:14,829 - elsapy.utils - INFO - Module loaded.
2024-08-18 19:08:14,830 - elsapy.elsprofile - INFO - Module loaded.
2024-08-18 19:08:14,830 - elsapy.elsdoc - INFO - Module loaded.
2024-08-18 19:08:14,831 - elsapy.elssearch - INFO - Module loaded.
2024-08-18 19:08:38,281 - elsapy.elsclient - INFO - Module loaded.
2024-08-18 19:08:38,282 - elsapy.elsentity - INFO - Module loaded.
2024-08-18 19:08:38,283 - elsapy.utils - INFO - Module loaded.
2024-08-18 19:08:38,283 - elsapy.elsprofile - INFO - Module loaded.
2024-08-18 19:08:38,284 - elsapy.elsdoc - INFO - Module loaded.
2024-08-18 19:08:38,285 - elsapy.elssearch - INFO - Module loaded.
2024-08-18 19:08:58,325 - elsapy.elsclient - INFO - Module loaded.
2024-08-18 19:08:58,326 - elsapy.elsentity - INFO - Module loaded.
2024-08-18 19:08:58,326 - elsapy.utils - INFO - Module loaded.
2024-08-18 19:08:58,327 - elsapy.elsprofile - INFO - Module loaded.
2024-08-18 19:08:58,327 - elsapy.elsdoc - INFO - Module loaded.
2024-08-18 19:08:58,328 - elsapy.elssearch - INFO - Module loaded.
2024-08-18 19:09:58,485 - elsapy.elsclient - INFO - Module loaded.
2024-08-18 19:09:58,486 - elsapy.elsentity - INFO - Module loaded.
2024-08-18 19:09:58,487 - elsapy.utils - INFO - Module loaded.
2024-08-18 19:09:58,487 - elsapy.elsprofile - INFO - Module loaded.
2024-08-18 19:09:58,488 - elsapy.elsdoc - INFO - Module loaded.
2024-08-18 19:09:58,489 - elsapy.elssearch - INFO - Module loaded.
2024-08-18 19:10:33,689 - elsapy.elsclient - INFO - Module loaded.
2024-08-18 19:10:33,690 - elsapy.elsentity - INFO - Module loaded.
2024-08-18 19:10:33,691 - elsapy.utils - INFO - Module loaded.
2024-08-18 19:10:33,691 - elsapy.elsprofile - INFO - Module loaded.
2024-08-18 19:10:33,692 - elsapy.elsdoc - INFO - Module loaded.
2024-08-18 19:10:33,692 - elsapy.elssearch - INFO - Module loaded.
2024-08-18 19:10:39,162 - elsapy.elsclient - INFO - Module loaded.
2024-08-18 19:10:39,163 - elsapy.elsentity - INFO - Module loaded.
2024-08-18 19:10:39,163 - elsapy.utils - INFO - Module loaded.
2024-08-18 19:10:39,163 - elsapy.elsprofile - INFO - Module loaded.
2024-08-18 19:10:39,164 - elsapy.elsdoc - INFO - Module loaded.
2024-08-18 19:10:39,165 - elsapy.elssearch - INFO - Module loaded.
2024-08-18 19:12:02,933 - elsapy.elsclient - INFO - Module loaded.
2024-08-18 19:12:02,934 - elsapy.elsentity - INFO - Module loaded.
2024-08-18 19:12:02,935 - elsapy.utils - INFO - Module loaded.
2024-08-18 19:12:02,935 - elsapy.elsprofile - INFO - Module loaded.
2024-08-18 19:12:02,936 - elsapy.elsdoc - INFO - Module loaded.
2024-08-18 19:12:02,936 - elsapy.elssearch - INFO - Module loaded.
2024-08-18 19:12:17,650 - elsapy.elsclient - INFO - Module loaded.
2024-08-18 19:12:17,651 - elsapy.elsentity - INFO - Module loaded.
2024-08-18 19:12:17,651 - elsapy.utils - INFO - Module loaded.
2024-08-18 19:12:17,652 - elsapy.elsprofile - INFO - Module loaded.
2024-08-18 19:12:17,652 - elsapy.elsdoc - INFO - Module loaded.
2024-08-18 19:12:17,653 - elsapy.elssearch - INFO - Module loaded.
2024-08-18 19:12:38,483 - elsapy.elsclient - INFO - Module loaded.
2024-08-18 19:12:38,484 - elsapy.elsentity - INFO - Module loaded.
2024-08-18 19:12:38,485 - elsapy.utils - INFO - Module loaded.
2024-08-18 19:12:38,485 - elsapy.elsprofile - INFO - Module loaded.
2024-08-18 19:12:38,486 - elsapy.elsdoc - INFO - Module loaded.
2024-08-18 19:12:38,486 - elsapy.elssearch - INFO - Module loaded.
2024-08-18 19:14:00,557 - elsapy.elsclient - INFO - Module loaded.
2024-08-18 19:14:00,558 - elsapy.elsentity - INFO - Module loaded.
2024-08-18 19:14:00,559 - elsapy.utils - INFO - Module loaded.
2024-08-18 19:14:00,559 - elsapy.elsprofile - INFO - Module loaded.
2024-08-18 19:14:00,561 - elsapy.elsdoc - INFO - Module loaded.
2024-08-18 19:14:00,561 - elsapy.elssearch - INFO - Module loaded.
2024-08-18 19:17:05,135 - elsapy.elsclient - INFO - Module loaded.
2024-08-18 19:17:05,136 - elsapy.elsentity - INFO - Module loaded.
2024-08-18 19:17:05,136 - elsapy.utils - INFO - Module loaded.
2024-08-18 19:17:05,137 - elsapy.elsprofile - INFO - Module loaded.
2024-08-18 19:17:05,137 - elsapy.elsdoc - INFO - Module loaded.
2024-08-18 19:17:05,139 - elsapy.elssearch - INFO - Module loaded.
2024-08-18 19:17:48,566 - elsapy.elsclient - INFO - Module loaded.
2024-08-18 19:17:48,568 - elsapy.elsentity - INFO - Module loaded.
2024-08-18 19:17:48,568 - elsapy.utils - INFO - Module loaded.
2024-08-18 19:17:48,569 - elsapy.elsprofile - INFO - Module loaded.
2024-08-18 19:17:48,569 - elsapy.elsdoc - INFO - Module loaded.
2024-08-18 19:17:48,570 - elsapy.elssearch - INFO - Module loaded.
2024-08-18 19:19:37,871 - elsapy.elsclient - INFO - Module loaded.
2024-08-18 19:19:37,872 - elsapy.elsentity - INFO - Module loaded.
2024-08-18 19:19:37,873 - elsapy.utils - INFO - Module loaded.
2024-08-18 19:19:37,873 - elsapy.elsprofile - INFO - Module loaded.
2024-08-18 19:19:37,874 - elsapy.elsdoc - INFO - Module loaded.
2024-08-18 19:19:37,874 - elsapy.elssearch - INFO - Module loaded.
2024-08-18 19:20:05,491 - elsapy.elsclient - INFO - Module loaded.
2024-08-18 19:20:05,492 - elsapy.elsentity - INFO - Module loaded.
2024-08-18 19:20:05,493 - elsapy.utils - INFO - Module loaded.
2024-08-18 19:20:05,493 - elsapy.elsprofile - INFO - Module loaded.
2024-08-18 19:20:05,494 - elsapy.elsdoc - INFO - Module loaded.
2024-08-18 19:20:05,495 - elsapy.elssearch - INFO - Module loaded.
2024-08-18 19:25:02,298 - elsapy.elsclient - INFO - Module loaded.
2024-08-18 19:25:02,299 - elsapy.elsentity - INFO - Module loaded.
2024-08-18 19:25:02,300 - elsapy.utils - INFO - Module loaded.
2024-08-18 19:25:02,300 - elsapy.elsprofile - INFO - Module loaded.
2024-08-18 19:25:02,301 - elsapy.elsdoc - INFO - Module loaded.
2024-08-18 19:25:02,302 - elsapy.elssearch - INFO - Module loaded.
2024-08-18 21:28:23,064 - elsapy.elsclient - INFO - Module loaded.
2024-08-18 21:28:23,065 - elsapy.elsentity - INFO - Module loaded.
2024-08-18 21:28:23,066 - elsapy.utils - INFO - Module loaded.
2024-08-18 21:28:23,066 - elsapy.elsprofile - INFO - Module loaded.
2024-08-18 21:28:23,067 - elsapy.elsdoc - INFO - Module loaded.
2024-08-18 21:28:23,068 - elsapy.elssearch - INFO - Module loaded.
2024-08-18 21:28:31,910 - elsapy.elsclient - INFO - Module loaded.
2024-08-18 21:28:31,911 - elsapy.elsentity - INFO - Module loaded.
2024-08-18 21:28:31,911 - elsapy.utils - INFO - Module loaded.
2024-08-18 21:28:31,912 - elsapy.elsprofile - INFO - Module loaded.
2024-08-18 21:28:31,912 - elsapy.elsdoc - INFO - Module loaded.
2024-08-18 21:28:31,913 - elsapy.elssearch - INFO - Module loaded.
2024-08-18 21:58:55,871 - elsapy.elsclient - INFO - Module loaded.
2024-08-18 21:58:55,872 - elsapy.elsentity - INFO - Module loaded.
2024-08-18 21:58:55,872 - elsapy.utils - INFO - Module loaded.
2024-08-18 21:58:55,873 - elsapy.elsprofile - INFO - Module loaded.
2024-08-18 21:58:55,873 - elsapy.elsdoc - INFO - Module loaded.
2024-08-18 21:58:55,874 - elsapy.elssearch - INFO - Module loaded.
2024-08-18 21:59:19,790 - elsapy.elsclient - INFO - Module loaded.
2024-08-18 21:59:19,791 - elsapy.elsentity - INFO - Module loaded.
2024-08-18 21:59:19,791 - elsapy.utils - INFO - Module loaded.
2024-08-18 21:59:19,792 - elsapy.elsprofile - INFO - Module loaded.
2024-08-18 21:59:19,792 - elsapy.elsdoc - INFO - Module loaded.
2024-08-18 21:59:19,793 - elsapy.elssearch - INFO - Module loaded.
2024-08-18 22:00:36,768 - elsapy.elsclient - INFO - Module loaded.
2024-08-18 22:00:36,769 - elsapy.elsentity - INFO - Module loaded.
2024-08-18 22:00:36,770 - elsapy.utils - INFO - Module loaded.
2024-08-18 22:00:36,770 - elsapy.elsprofile - INFO - Module loaded.
2024-08-18 22:00:36,771 - elsapy.elsdoc - INFO - Module loaded.
2024-08-18 22:00:36,772 - elsapy.elssearch - INFO - Module loaded.
2024-08-18 22:01:57,882 - elsapy.elsclient - INFO - Module loaded.
2024-08-18 22:01:57,883 - elsapy.elsentity - INFO - Module loaded.
2024-08-18 22:01:57,884 - elsapy.utils - INFO - Module loaded.
2024-08-18 22:01:57,884 - elsapy.elsprofile - INFO - Module loaded.
2024-08-18 22:01:57,885 - elsapy.elsdoc - INFO - Module loaded.
2024-08-18 22:01:57,885 - elsapy.elssearch - INFO - Module loaded.
2024-08-18 22:04:16,649 - elsapy.elsclient - INFO - Module loaded.
2024-08-18 22:04:16,650 - elsapy.elsentity - INFO - Module loaded.
2024-08-18 22:04:16,650 - elsapy.utils - INFO - Module loaded.
2024-08-18 22:04:16,651 - elsapy.elsprofile - INFO - Module loaded.
2024-08-18 22:04:16,651 - elsapy.elsdoc - INFO - Module loaded.
2024-08-18 22:04:16,652 - elsapy.elssearch - INFO - Module loaded.
2024-08-18 22:06:59,978 - elsapy.elsclient - INFO - Module loaded.
2024-08-18 22:06:59,980 - elsapy.elsentity - INFO - Module loaded.
2024-08-18 22:06:59,980 - elsapy.utils - INFO - Module loaded.
2024-08-18 22:06:59,981 - elsapy.elsprofile - INFO - Module loaded.
2024-08-18 22:06:59,981 - elsapy.elsdoc - INFO - Module loaded.
2024-08-18 22:06:59,982 - elsapy.elssearch - INFO - Module loaded.
2024-08-18 22:14:32,721 - elsapy.elsclient - INFO - Module loaded.
2024-08-18 22:14:32,722 - elsapy.elsentity - INFO - Module loaded.
2024-08-18 22:14:32,723 - elsapy.utils - INFO - Module loaded.
2024-08-18 22:14:32,723 - elsapy.elsprofile - INFO - Module loaded.
2024-08-18 22:14:32,724 - elsapy.elsdoc - INFO - Module loaded.
2024-08-18 22:14:32,724 - elsapy.elssearch - INFO - Module loaded.
2024-08-18 22:15:51,327 - elsapy.elsclient - INFO - Module loaded.
2024-08-18 22:15:51,328 - elsapy.elsentity - INFO - Module loaded.
2024-08-18 22:15:51,329 - elsapy.utils - INFO - Module loaded.
2024-08-18 22:15:51,329 - elsapy.elsprofile - INFO - Module loaded.
2024-08-18 22:15:51,330 - elsapy.elsdoc - INFO - Module loaded.
2024-08-18 22:15:51,331 - elsapy.elssearch - INFO - Module loaded.
2024-08-18 22:18:56,027 - elsapy.elsclient - INFO - Module loaded.
2024-08-18 22:18:56,028 - elsapy.elsentity - INFO - Module loaded.
2024-08-18 22:18:56,029 - elsapy.utils - INFO - Module loaded.
2024-08-18 22:18:56,029 - elsapy.elsprofile - INFO - Module loaded.
2024-08-18 22:18:56,030 - elsapy.elsdoc - INFO - Module loaded.
2024-08-18 22:18:56,031 - elsapy.elssearch - INFO - Module loaded.
2024-08-18 22:21:53,648 - elsapy.elsclient - INFO - Module loaded.
2024-08-18 22:21:53,649 - elsapy.elsentity - INFO - Module loaded.
2024-08-18 22:21:53,650 - elsapy.utils - INFO - Module loaded.
2024-08-18 22:21:53,650 - elsapy.elsprofile - INFO - Module loaded.
2024-08-18 22:21:53,651 - elsapy.elsdoc - INFO - Module loaded.
2024-08-18 22:21:53,651 - elsapy.elssearch - INFO - Module loaded.
2024-08-18 22:26:25,158 - elsapy.elsclient - INFO - Module loaded.
2024-08-18 22:26:25,159 - elsapy.elsentity - INFO - Module loaded.
2024-08-18 22:26:25,160 - elsapy.utils - INFO - Module loaded.
2024-08-18 22:26:25,160 - elsapy.elsprofile - INFO - Module loaded.
2024-08-18 22:26:25,161 - elsapy.elsdoc - INFO - Module loaded.
2024-08-18 22:26:25,161 - elsapy.elssearch - INFO - Module loaded.
2024-08-18 22:29:57,557 - elsapy.elsclient - INFO - Module loaded.
2024-08-18 22:29:57,558 - elsapy.elsentity - INFO - Module loaded.
2024-08-18 22:29:57,559 - elsapy.utils - INFO - Module loaded.
2024-08-18 22:29:57,559 - elsapy.elsprofile - INFO - Module loaded.
2024-08-18 22:29:57,560 - elsapy.elsdoc - INFO - Module loaded.
2024-08-18 22:29:57,561 - elsapy.elssearch - INFO - Module loaded.
2024-08-18 22:30:26,375 - elsapy.elsclient - INFO - Module loaded.
2024-08-18 22:30:26,376 - elsapy.elsentity - INFO - Module loaded.
2024-08-18 22:30:26,377 - elsapy.utils - INFO - Module loaded.
2024-08-18 22:30:26,377 - elsapy.elsprofile - INFO - Module loaded.
2024-08-18 22:30:26,378 - elsapy.elsdoc - INFO - Module loaded.
2024-08-18 22:30:26,378 - elsapy.elssearch - INFO - Module loaded.
2024-08-18 22:31:52,527 - elsapy.elsclient - INFO - Module loaded.
2024-08-18 22:31:52,528 - elsapy.elsentity - INFO - Module loaded.
2024-08-18 22:31:52,528 - elsapy.utils - INFO - Module loaded.
2024-08-18 22:31:52,529 - elsapy.elsprofile - INFO - Module loaded.
2024-08-18 22:31:52,529 - elsapy.elsdoc - INFO - Module loaded.
2024-08-18 22:31:52,530 - elsapy.elssearch - INFO - Module loaded.
2024-08-18 22:32:25,648 - elsapy.elsclient - INFO - Module loaded.
2024-08-18 22:32:25,649 - elsapy.elsentity - INFO - Module loaded.
2024-08-18 22:32:25,650 - elsapy.utils - INFO - Module loaded.
2024-08-18 22:32:25,650 - elsapy.elsprofile - INFO - Module loaded.
2024-08-18 22:32:25,651 - elsapy.elsdoc - INFO - Module loaded.
2024-08-18 22:32:25,651 - elsapy.elssearch - INFO - Module loaded.
2024-08-18 22:33:24,497 - elsapy.elsclient - INFO - Module loaded.
2024-08-18 22:33:24,498 - elsapy.elsentity - INFO - Module loaded.
2024-08-18 22:33:24,498 - elsapy.utils - INFO - Module loaded.
2024-08-18 22:33:24,499 - elsapy.elsprofile - INFO - Module loaded.
2024-08-18 22:33:24,499 - elsapy.elsdoc - INFO - Module loaded.
2024-08-18 22:33:24,500 - elsapy.elssearch - INFO - Module loaded.
2024-08-18 22:35:40,215 - elsapy.elsclient - INFO - Module loaded.
2024-08-18 22:35:40,216 - elsapy.elsentity - INFO - Module loaded.
2024-08-18 22:35:40,216 - elsapy.utils - INFO - Module loaded.
2024-08-18 22:35:40,217 - elsapy.elsprofile - INFO - Module loaded.
2024-08-18 22:35:40,217 - elsapy.elsdoc - INFO - Module loaded.
2024-08-18 22:35:40,218 - elsapy.elssearch - INFO - Module loaded.
2024-08-18 22:35:59,228 - elsapy.elsclient - INFO - Module loaded.
2024-08-18 22:35:59,229 - elsapy.elsentity - INFO - Module loaded.
2024-08-18 22:35:59,230 - elsapy.utils - INFO - Module loaded.
2024-08-18 22:35:59,230 - elsapy.elsprofile - INFO - Module loaded.
2024-08-18 22:35:59,231 - elsapy.elsdoc - INFO - Module loaded.
2024-08-18 22:35:59,231 - elsapy.elssearch - INFO - Module loaded.
2024-08-18 22:36:17,878 - elsapy.elsclient - INFO - Module loaded.
2024-08-18 22:36:17,879 - elsapy.elsentity - INFO - Module loaded.
2024-08-18 22:36:17,879 - elsapy.utils - INFO - Module loaded.
2024-08-18 22:36:17,880 - elsapy.elsprofile - INFO - Module loaded.
2024-08-18 22:36:17,880 - elsapy.elsdoc - INFO - Module loaded.
2024-08-18 22:36:17,881 - elsapy.elssearch - INFO - Module loaded.
2024-08-18 22:36:44,427 - elsapy.elsclient - INFO - Module loaded.
2024-08-18 22:36:44,428 - elsapy.elsentity - INFO - Module loaded.
2024-08-18 22:36:44,429 - elsapy.utils - INFO - Module loaded.
2024-08-18 22:36:44,429 - elsapy.elsprofile - INFO - Module loaded.
2024-08-18 22:36:44,430 - elsapy.elsdoc - INFO - Module loaded.
2024-08-18 22:36:44,431 - elsapy.elssearch - INFO - Module loaded.
2024-08-18 22:37:51,207 - elsapy.elsclient - INFO - Module loaded.
2024-08-18 22:37:51,208 - elsapy.elsentity - INFO - Module loaded.
2024-08-18 22:37:51,209 - elsapy.utils - INFO - Module loaded.
2024-08-18 22:37:51,209 - elsapy.elsprofile - INFO - Module loaded.
2024-08-18 22:37:51,210 - elsapy.elsdoc - INFO - Module loaded.
2024-08-18 22:37:51,210 - elsapy.elssearch - INFO - Module loaded.
2024-08-18 22:38:16,646 - elsapy.elsclient - INFO - Module loaded.
2024-08-18 22:38:16,647 - elsapy.elsentity - INFO - Module loaded.
2024-08-18 22:38:16,648 - elsapy.utils - INFO - Module loaded.
2024-08-18 22:38:16,648 - elsapy.elsprofile - INFO - Module loaded.
2024-08-18 22:38:16,649 - elsapy.elsdoc - INFO - Module loaded.
2024-08-18 22:38:16,650 - elsapy.elssearch - INFO - Module loaded.
2024-08-18 22:41:15,452 - elsapy.elsclient - INFO - Module loaded.
2024-08-18 22:41:15,453 - elsapy.elsentity - INFO - Module loaded.
2024-08-18 22:41:15,454 - elsapy.utils - INFO - Module loaded.
2024-08-18 22:41:15,454 - elsapy.elsprofile - INFO - Module loaded.
2024-08-18 22:41:15,455 - elsapy.elsdoc - INFO - Module loaded.
2024-08-18 22:41:15,455 - elsapy.elssearch - INFO - Module loaded.
2024-08-18 22:46:11,234 - elsapy.elsclient - INFO - Module loaded.
2024-08-18 22:46:11,235 - elsapy.elsentity - INFO - Module loaded.
2024-08-18 22:46:11,236 - elsapy.utils - INFO - Module loaded.
2024-08-18 22:46:11,236 - elsapy.elsprofile - INFO - Module loaded.
2024-08-18 22:46:11,237 - elsapy.elsdoc - INFO - Module loaded.
2024-08-18 22:46:11,238 - elsapy.elssearch - INFO - Module loaded.
2024-08-18 22:46:30,858 - elsapy.elsclient - INFO - Module loaded.
2024-08-18 22:46:30,860 - elsapy.elsentity - INFO - Module loaded.
2024-08-18 22:46:30,860 - elsapy.utils - INFO - Module loaded.
2024-08-18 22:46:30,860 - elsapy.elsprofile - INFO - Module loaded.
2024-08-18 22:46:30,861 - elsapy.elsdoc - INFO - Module loaded.
2024-08-18 22:46:30,862 - elsapy.elssearch - INFO - Module loaded.
2024-08-18 22:48:52,300 - elsapy.elsclient - INFO - Module loaded.
2024-08-18 22:48:52,301 - elsapy.elsentity - INFO - Module loaded.
2024-08-18 22:48:52,302 - elsapy.utils - INFO - Module loaded.
2024-08-18 22:48:52,302 - elsapy.elsprofile - INFO - Module loaded.
2024-08-18 22:48:52,302 - elsapy.elsdoc - INFO - Module loaded.
2024-08-18 22:48:52,303 - elsapy.elssearch - INFO - Module loaded.
2024-08-18 22:53:00,719 - elsapy.elsclient - INFO - Module loaded.
2024-08-18 22:53:00,720 - elsapy.elsentity - INFO - Module loaded.
2024-08-18 22:53:00,720 - elsapy.utils - INFO - Module loaded.
2024-08-18 22:53:00,721 - elsapy.elsprofile - INFO - Module loaded.
2024-08-18 22:53:00,721 - elsapy.elsdoc - INFO - Module loaded.
2024-08-18 22:53:00,722 - elsapy.elssearch - INFO - Module loaded.
2024-08-18 23:13:07,334 - elsapy.elsclient - INFO - Module loaded.
2024-08-18 23:13:07,336 - elsapy.elsentity - INFO - Module loaded.
2024-08-18 23:13:07,336 - elsapy.utils - INFO - Module loaded.
2024-08-18 23:13:07,337 - elsapy.elsprofile - INFO - Module loaded.
2024-08-18 23:13:07,337 - elsapy.elsdoc - INFO - Module loaded.
2024-08-18 23:13:07,338 - elsapy.elssearch - INFO - Module loaded.
2024-08-18 23:15:54,490 - elsapy.elsclient - INFO - Module loaded.
2024-08-18 23:15:54,491 - elsapy.elsentity - INFO - Module loaded.
2024-08-18 23:15:54,491 - elsapy.utils - INFO - Module loaded.
2024-08-18 23:15:54,492 - elsapy.elsprofile - INFO - Module loaded.
2024-08-18 23:15:54,492 - elsapy.elsdoc - INFO - Module loaded.
2024-08-18 23:15:54,493 - elsapy.elssearch - INFO - Module loaded.
2024-08-18 23:17:02,211 - elsapy.elsclient - INFO - Module loaded.
2024-08-18 23:17:02,213 - elsapy.elsentity - INFO - Module loaded.
2024-08-18 23:17:02,213 - elsapy.utils - INFO - Module loaded.
2024-08-18 23:17:02,213 - elsapy.elsprofile - INFO - Module loaded.
2024-08-18 23:17:02,214 - elsapy.elsdoc - INFO - Module loaded.
2024-08-18 23:17:02,215 - elsapy.elssearch - INFO - Module loaded.
2024-08-18 23:17:43,127 - elsapy.elsclient - INFO - Module loaded.
2024-08-18 23:17:43,128 - elsapy.elsentity - INFO - Module loaded.
2024-08-18 23:17:43,129 - elsapy.utils - INFO - Module loaded.
2024-08-18 23:17:43,129 - elsapy.elsprofile - INFO - Module loaded.
2024-08-18 23:17:43,129 - elsapy.elsdoc - INFO - Module loaded.
2024-08-18 23:17:43,130 - elsapy.elssearch - INFO - Module loaded.
2024-08-18 23:19:25,436 - elsapy.elsclient - INFO - Module loaded.
2024-08-18 23:19:25,437 - elsapy.elsentity - INFO - Module loaded.
2024-08-18 23:19:25,438 - elsapy.utils - INFO - Module loaded.
2024-08-18 23:19:25,438 - elsapy.elsprofile - INFO - Module loaded.
2024-08-18 23:19:25,439 - elsapy.elsdoc - INFO - Module loaded.
2024-08-18 23:19:25,440 - elsapy.elssearch - INFO - Module loaded.
2024-08-18 23:22:13,484 - elsapy.elsclient - INFO - Module loaded.
2024-08-18 23:22:13,485 - elsapy.elsentity - INFO - Module loaded.
2024-08-18 23:22:13,485 - elsapy.utils - INFO - Module loaded.
2024-08-18 23:22:13,486 - elsapy.elsprofile - INFO - Module loaded.
2024-08-18 23:22:13,486 - elsapy.elsdoc - INFO - Module loaded.
2024-08-18 23:22:13,487 - elsapy.elssearch - INFO - Module loaded.
2024-08-18 23:25:30,786 - elsapy.elsclient - INFO - Module loaded.
2024-08-18 23:25:30,787 - elsapy.elsentity - INFO - Module loaded.
2024-08-18 23:25:30,788 - elsapy.utils - INFO - Module loaded.
2024-08-18 23:25:30,788 - elsapy.elsprofile - INFO - Module loaded.
2024-08-18 23:25:30,789 - elsapy.elsdoc - INFO - Module loaded.
2024-08-18 23:25:30,790 - elsapy.elssearch - INFO - Module loaded.
2024-08-18 23:27:33,201 - elsapy.elsclient - INFO - Module loaded.
2024-08-18 23:27:33,202 - elsapy.elsentity - INFO - Module loaded.
2024-08-18 23:27:33,203 - elsapy.utils - INFO - Module loaded.
2024-08-18 23:27:33,203 - elsapy.elsprofile - INFO - Module loaded.
2024-08-18 23:27:33,204 - elsapy.elsdoc - INFO - Module loaded.
2024-08-18 23:27:33,205 - elsapy.elssearch - INFO - Module loaded.
2024-08-18 23:28:24,090 - elsapy.elsclient - INFO - Module loaded.
2024-08-18 23:28:24,091 - elsapy.elsentity - INFO - Module loaded.
2024-08-18 23:28:24,092 - elsapy.utils - INFO - Module loaded.
2024-08-18 23:28:24,092 - elsapy.elsprofile - INFO - Module loaded.
2024-08-18 23:28:24,093 - elsapy.elsdoc - INFO - Module loaded.
2024-08-18 23:28:24,094 - elsapy.elssearch - INFO - Module loaded.
2024-08-18 23:29:04,108 - elsapy.elsclient - INFO - Module loaded.
2024-08-18 23:29:04,109 - elsapy.elsentity - INFO - Module loaded.
2024-08-18 23:29:04,109 - elsapy.utils - INFO - Module loaded.
2024-08-18 23:29:04,110 - elsapy.elsprofile - INFO - Module loaded.
2024-08-18 23:29:04,110 - elsapy.elsdoc - INFO - Module loaded.
2024-08-18 23:29:04,111 - elsapy.elssearch - INFO - Module loaded.
2024-08-18 23:30:44,017 - elsapy.elsclient - INFO - Module loaded.
2024-08-18 23:30:44,018 - elsapy.elsentity - INFO - Module loaded.
2024-08-18 23:30:44,019 - elsapy.utils - INFO - Module loaded.
2024-08-18 23:30:44,019 - elsapy.elsprofile - INFO - Module loaded.
2024-08-18 23:30:44,020 - elsapy.elsdoc - INFO - Module loaded.
2024-08-18 23:30:44,021 - elsapy.elssearch - INFO - Module loaded.
2024-08-18 23:31:16,261 - elsapy.elsclient - INFO - Module loaded.
2024-08-18 23:31:16,262 - elsapy.elsentity - INFO - Module loaded.
2024-08-18 23:31:16,263 - elsapy.utils - INFO - Module loaded.
2024-08-18 23:31:16,263 - elsapy.elsprofile - INFO - Module loaded.
2024-08-18 23:31:16,264 - elsapy.elsdoc - INFO - Module loaded.
2024-08-18 23:31:16,264 - elsapy.elssearch - INFO - Module loaded.
2024-08-18 23:34:40,662 - elsapy.elsclient - INFO - Module loaded.
2024-08-18 23:34:40,663 - elsapy.elsentity - INFO - Module loaded.
2024-08-18 23:34:40,664 - elsapy.utils - INFO - Module loaded.
2024-08-18 23:34:40,664 - elsapy.elsprofile - INFO - Module loaded.
2024-08-18 23:34:40,665 - elsapy.elsdoc - INFO - Module loaded.
2024-08-18 23:34:40,665 - elsapy.elssearch - INFO - Module loaded.
2024-08-18 23:36:57,857 - elsapy.elsclient - INFO - Module loaded.
2024-08-18 23:36:57,858 - elsapy.elsentity - INFO - Module loaded.
2024-08-18 23:36:57,859 - elsapy.utils - INFO - Module loaded.
2024-08-18 23:36:57,859 - elsapy.elsprofile - INFO - Module loaded.
2024-08-18 23:36:57,860 - elsapy.elsdoc - INFO - Module loaded.
2024-08-18 23:36:57,860 - elsapy.elssearch - INFO - Module loaded.
2024-08-18 23:43:13,004 - elsapy.elsclient - INFO - Module loaded.
2024-08-18 23:43:13,005 - elsapy.elsentity - INFO - Module loaded.
2024-08-18 23:43:13,006 - elsapy.utils - INFO - Module loaded.
2024-08-18 23:43:13,006 - elsapy.elsprofile - INFO - Module loaded.
2024-08-18 23:43:13,007 - elsapy.elsdoc - INFO - Module loaded.
2024-08-18 23:43:13,007 - elsapy.elssearch - INFO - Module loaded.
2024-08-18 23:48:43,188 - elsapy.elsclient - INFO - Module loaded.
2024-08-18 23:48:43,189 - elsapy.elsentity - INFO - Module loaded.
2024-08-18 23:48:43,190 - elsapy.utils - INFO - Module loaded.
2024-08-18 23:48:43,190 - elsapy.elsprofile - INFO - Module loaded.
2024-08-18 23:48:43,191 - elsapy.elsdoc - INFO - Module loaded.
2024-08-18 23:48:43,191 - elsapy.elssearch - INFO - Module loaded.
2024-08-18 23:49:19,153 - elsapy.elsclient - INFO - Module loaded.
2024-08-18 23:49:19,154 - elsapy.elsentity - INFO - Module loaded.
2024-08-18 23:49:19,155 - elsapy.utils - INFO - Module loaded.
2024-08-18 23:49:19,155 - elsapy.elsprofile - INFO - Module loaded.
2024-08-18 23:49:19,156 - elsapy.elsdoc - INFO - Module loaded.
2024-08-18 23:49:19,157 - elsapy.elssearch - INFO - Module loaded.
2024-08-18 23:51:01,839 - elsapy.elsclient - INFO - Module loaded.
2024-08-18 23:51:01,840 - elsapy.elsentity - INFO - Module loaded.
2024-08-18 23:51:01,841 - elsapy.utils - INFO - Module loaded.
2024-08-18 23:51:01,841 - elsapy.elsprofile - INFO - Module loaded.
2024-08-18 23:51:01,842 - elsapy.elsdoc - INFO - Module loaded.
2024-08-18 23:51:01,843 - elsapy.elssearch - INFO - Module loaded.
2024-08-18 23:52:56,977 - elsapy.elsclient - INFO - Module loaded.
2024-08-18 23:52:56,979 - elsapy.elsentity - INFO - Module loaded.
2024-08-18 23:52:56,979 - elsapy.utils - INFO - Module loaded.
2024-08-18 23:52:56,979 - elsapy.elsprofile - INFO - Module loaded.
2024-08-18 23:52:56,980 - elsapy.elsdoc - INFO - Module loaded.
2024-08-18 23:52:56,981 - elsapy.elssearch - INFO - Module loaded.
