2024-09-25 00:03:19,532 - elsapy.elsclient - INFO - Module loaded.
2024-09-25 00:03:19,533 - elsapy.elsentity - INFO - Module loaded.
2024-09-25 00:03:19,534 - elsapy.utils - INFO - Module loaded.
2024-09-25 00:03:19,534 - elsapy.elsprofile - INFO - Module loaded.
2024-09-25 00:03:19,535 - elsapy.elsdoc - INFO - Module loaded.
2024-09-25 00:03:19,536 - elsapy.elssearch - INFO - Module loaded.
2024-09-25 00:05:23,268 - elsapy.elsclient - INFO - Module loaded.
2024-09-25 00:05:23,269 - elsapy.elsentity - INFO - Module loaded.
2024-09-25 00:05:23,270 - elsapy.utils - INFO - Module loaded.
2024-09-25 00:05:23,271 - elsapy.elsprofile - INFO - Module loaded.
2024-09-25 00:05:23,271 - elsapy.elsdoc - INFO - Module loaded.
2024-09-25 00:05:23,272 - elsapy.elssearch - INFO - Module loaded.
2024-09-25 00:19:45,270 - elsapy.elsclient - INFO - Module loaded.
2024-09-25 00:19:45,271 - elsapy.elsentity - INFO - Module loaded.
2024-09-25 00:19:45,272 - elsapy.utils - INFO - Module loaded.
2024-09-25 00:19:45,272 - elsapy.elsprofile - INFO - Module loaded.
2024-09-25 00:19:45,273 - elsapy.elsdoc - INFO - Module loaded.
2024-09-25 00:19:45,273 - elsapy.elssearch - INFO - Module loaded.
2024-09-25 00:22:30,907 - elsapy.elsclient - INFO - Module loaded.
2024-09-25 00:22:30,908 - elsapy.elsentity - INFO - Module loaded.
2024-09-25 00:22:30,908 - elsapy.utils - INFO - Module loaded.
2024-09-25 00:22:30,909 - elsapy.elsprofile - INFO - Module loaded.
2024-09-25 00:22:30,909 - elsapy.elsdoc - INFO - Module loaded.
2024-09-25 00:22:30,910 - elsapy.elssearch - INFO - Module loaded.
2024-09-25 00:25:13,333 - elsapy.elsclient - INFO - Module loaded.
2024-09-25 00:25:13,334 - elsapy.elsentity - INFO - Module loaded.
2024-09-25 00:25:13,335 - elsapy.utils - INFO - Module loaded.
2024-09-25 00:25:13,335 - elsapy.elsprofile - INFO - Module loaded.
2024-09-25 00:25:13,336 - elsapy.elsdoc - INFO - Module loaded.
2024-09-25 00:25:13,336 - elsapy.elssearch - INFO - Module loaded.
2024-09-25 00:27:25,955 - elsapy.elsclient - INFO - Module loaded.
2024-09-25 00:27:25,956 - elsapy.elsentity - INFO - Module loaded.
2024-09-25 00:27:25,957 - elsapy.utils - INFO - Module loaded.
2024-09-25 00:27:25,957 - elsapy.elsprofile - INFO - Module loaded.
2024-09-25 00:27:25,958 - elsapy.elsdoc - INFO - Module loaded.
2024-09-25 00:27:25,959 - elsapy.elssearch - INFO - Module loaded.
2024-09-25 00:30:30,839 - elsapy.elsclient - INFO - Module loaded.
2024-09-25 00:30:30,840 - elsapy.elsentity - INFO - Module loaded.
2024-09-25 00:30:30,841 - elsapy.utils - INFO - Module loaded.
2024-09-25 00:30:30,841 - elsapy.elsprofile - INFO - Module loaded.
2024-09-25 00:30:30,842 - elsapy.elsdoc - INFO - Module loaded.
2024-09-25 00:30:30,842 - elsapy.elssearch - INFO - Module loaded.
2024-09-25 00:32:00,093 - elsapy.elsclient - INFO - Module loaded.
2024-09-25 00:32:00,094 - elsapy.elsentity - INFO - Module loaded.
2024-09-25 00:32:00,095 - elsapy.utils - INFO - Module loaded.
2024-09-25 00:32:00,095 - elsapy.elsprofile - INFO - Module loaded.
2024-09-25 00:32:00,096 - elsapy.elsdoc - INFO - Module loaded.
2024-09-25 00:32:00,097 - elsapy.elssearch - INFO - Module loaded.
2024-09-25 00:32:27,306 - elsapy.elsclient - INFO - Module loaded.
2024-09-25 00:32:27,307 - elsapy.elsentity - INFO - Module loaded.
2024-09-25 00:32:27,308 - elsapy.utils - INFO - Module loaded.
2024-09-25 00:32:27,308 - elsapy.elsprofile - INFO - Module loaded.
2024-09-25 00:32:27,309 - elsapy.elsdoc - INFO - Module loaded.
2024-09-25 00:32:27,310 - elsapy.elssearch - INFO - Module loaded.
2024-09-25 00:33:27,850 - elsapy.elsclient - INFO - Module loaded.
2024-09-25 00:33:27,851 - elsapy.elsentity - INFO - Module loaded.
2024-09-25 00:33:27,852 - elsapy.utils - INFO - Module loaded.
2024-09-25 00:33:27,852 - elsapy.elsprofile - INFO - Module loaded.
2024-09-25 00:33:27,853 - elsapy.elsdoc - INFO - Module loaded.
2024-09-25 00:33:27,854 - elsapy.elssearch - INFO - Module loaded.
2024-09-25 00:34:32,028 - elsapy.elsclient - INFO - Module loaded.
2024-09-25 00:34:32,030 - elsapy.elsentity - INFO - Module loaded.
2024-09-25 00:34:32,030 - elsapy.utils - INFO - Module loaded.
2024-09-25 00:34:32,031 - elsapy.elsprofile - INFO - Module loaded.
2024-09-25 00:34:32,031 - elsapy.elsdoc - INFO - Module loaded.
2024-09-25 00:34:32,032 - elsapy.elssearch - INFO - Module loaded.
2024-09-25 00:35:15,316 - elsapy.elsclient - INFO - Module loaded.
2024-09-25 00:35:15,317 - elsapy.elsentity - INFO - Module loaded.
2024-09-25 00:35:15,318 - elsapy.utils - INFO - Module loaded.
2024-09-25 00:35:15,318 - elsapy.elsprofile - INFO - Module loaded.
2024-09-25 00:35:15,319 - elsapy.elsdoc - INFO - Module loaded.
2024-09-25 00:35:15,320 - elsapy.elssearch - INFO - Module loaded.
2024-09-25 00:45:19,743 - elsapy.elsclient - INFO - Module loaded.
2024-09-25 00:45:19,744 - elsapy.elsentity - INFO - Module loaded.
2024-09-25 00:45:19,745 - elsapy.utils - INFO - Module loaded.
2024-09-25 00:45:19,745 - elsapy.elsprofile - INFO - Module loaded.
2024-09-25 00:45:19,746 - elsapy.elsdoc - INFO - Module loaded.
2024-09-25 00:45:19,747 - elsapy.elssearch - INFO - Module loaded.
2024-09-25 00:53:50,222 - elsapy.elsclient - INFO - Module loaded.
2024-09-25 00:53:50,223 - elsapy.elsentity - INFO - Module loaded.
2024-09-25 00:53:50,223 - elsapy.utils - INFO - Module loaded.
2024-09-25 00:53:50,224 - elsapy.elsprofile - INFO - Module loaded.
2024-09-25 00:53:50,225 - elsapy.elsdoc - INFO - Module loaded.
2024-09-25 00:53:50,225 - elsapy.elssearch - INFO - Module loaded.
2024-09-25 00:54:13,933 - elsapy.elsclient - INFO - Module loaded.
2024-09-25 00:54:13,934 - elsapy.elsentity - INFO - Module loaded.
2024-09-25 00:54:13,935 - elsapy.utils - INFO - Module loaded.
2024-09-25 00:54:13,935 - elsapy.elsprofile - INFO - Module loaded.
2024-09-25 00:54:13,936 - elsapy.elsdoc - INFO - Module loaded.
2024-09-25 00:54:13,937 - elsapy.elssearch - INFO - Module loaded.
2024-09-25 00:55:44,063 - elsapy.elsclient - INFO - Module loaded.
2024-09-25 00:55:44,064 - elsapy.elsentity - INFO - Module loaded.
2024-09-25 00:55:44,065 - elsapy.utils - INFO - Module loaded.
2024-09-25 00:55:44,065 - elsapy.elsprofile - INFO - Module loaded.
2024-09-25 00:55:44,065 - elsapy.elsdoc - INFO - Module loaded.
2024-09-25 00:55:44,066 - elsapy.elssearch - INFO - Module loaded.
2024-09-25 01:02:30,427 - elsapy.elsclient - INFO - Module loaded.
2024-09-25 01:02:30,428 - elsapy.elsentity - INFO - Module loaded.
2024-09-25 01:02:30,429 - elsapy.utils - INFO - Module loaded.
2024-09-25 01:02:30,429 - elsapy.elsprofile - INFO - Module loaded.
2024-09-25 01:02:30,430 - elsapy.elsdoc - INFO - Module loaded.
2024-09-25 01:02:30,431 - elsapy.elssearch - INFO - Module loaded.
2024-09-25 11:37:33,520 - elsapy.elsclient - INFO - Module loaded.
2024-09-25 11:37:33,522 - elsapy.elsentity - INFO - Module loaded.
2024-09-25 11:37:33,522 - elsapy.utils - INFO - Module loaded.
2024-09-25 11:37:33,522 - elsapy.elsprofile - INFO - Module loaded.
2024-09-25 11:37:33,524 - elsapy.elsdoc - INFO - Module loaded.
2024-09-25 11:37:33,525 - elsapy.elssearch - INFO - Module loaded.
2024-09-25 11:39:39,182 - elsapy.elsclient - INFO - Module loaded.
2024-09-25 11:39:39,183 - elsapy.elsentity - INFO - Module loaded.
2024-09-25 11:39:39,184 - elsapy.utils - INFO - Module loaded.
2024-09-25 11:39:39,184 - elsapy.elsprofile - INFO - Module loaded.
2024-09-25 11:39:39,185 - elsapy.elsdoc - INFO - Module loaded.
2024-09-25 11:39:39,186 - elsapy.elssearch - INFO - Module loaded.
2024-09-25 11:42:56,293 - elsapy.elsclient - INFO - Module loaded.
2024-09-25 11:42:56,294 - elsapy.elsentity - INFO - Module loaded.
2024-09-25 11:42:56,295 - elsapy.utils - INFO - Module loaded.
2024-09-25 11:42:56,295 - elsapy.elsprofile - INFO - Module loaded.
2024-09-25 11:42:56,296 - elsapy.elsdoc - INFO - Module loaded.
2024-09-25 11:42:56,297 - elsapy.elssearch - INFO - Module loaded.
2024-09-25 12:54:17,090 - elsapy.elsclient - INFO - Module loaded.
2024-09-25 12:54:17,091 - elsapy.elsentity - INFO - Module loaded.
2024-09-25 12:54:17,092 - elsapy.utils - INFO - Module loaded.
2024-09-25 12:54:17,092 - elsapy.elsprofile - INFO - Module loaded.
2024-09-25 12:54:17,093 - elsapy.elsdoc - INFO - Module loaded.
2024-09-25 12:54:17,094 - elsapy.elssearch - INFO - Module loaded.
2024-09-25 12:54:49,424 - elsapy.elsclient - INFO - Module loaded.
2024-09-25 12:54:49,425 - elsapy.elsentity - INFO - Module loaded.
2024-09-25 12:54:49,426 - elsapy.utils - INFO - Module loaded.
2024-09-25 12:54:49,426 - elsapy.elsprofile - INFO - Module loaded.
2024-09-25 12:54:49,426 - elsapy.elsdoc - INFO - Module loaded.
2024-09-25 12:54:49,428 - elsapy.elssearch - INFO - Module loaded.
2024-09-25 13:03:42,156 - elsapy.elsclient - INFO - Module loaded.
2024-09-25 13:03:42,157 - elsapy.elsentity - INFO - Module loaded.
2024-09-25 13:03:42,158 - elsapy.utils - INFO - Module loaded.
2024-09-25 13:03:42,158 - elsapy.elsprofile - INFO - Module loaded.
2024-09-25 13:03:42,159 - elsapy.elsdoc - INFO - Module loaded.
2024-09-25 13:03:42,160 - elsapy.elssearch - INFO - Module loaded.
2024-09-25 13:05:56,787 - elsapy.elsclient - INFO - Module loaded.
2024-09-25 13:05:56,788 - elsapy.elsentity - INFO - Module loaded.
2024-09-25 13:05:56,789 - elsapy.utils - INFO - Module loaded.
2024-09-25 13:05:56,790 - elsapy.elsprofile - INFO - Module loaded.
2024-09-25 13:05:56,790 - elsapy.elsdoc - INFO - Module loaded.
2024-09-25 13:05:56,791 - elsapy.elssearch - INFO - Module loaded.
2024-09-25 13:07:39,886 - elsapy.elsclient - INFO - Module loaded.
2024-09-25 13:07:39,887 - elsapy.elsentity - INFO - Module loaded.
2024-09-25 13:07:39,888 - elsapy.utils - INFO - Module loaded.
2024-09-25 13:07:39,888 - elsapy.elsprofile - INFO - Module loaded.
2024-09-25 13:07:39,889 - elsapy.elsdoc - INFO - Module loaded.
2024-09-25 13:07:39,890 - elsapy.elssearch - INFO - Module loaded.
2024-09-25 13:14:21,778 - elsapy.elsclient - INFO - Module loaded.
2024-09-25 13:14:21,779 - elsapy.elsentity - INFO - Module loaded.
2024-09-25 13:14:21,780 - elsapy.utils - INFO - Module loaded.
2024-09-25 13:14:21,780 - elsapy.elsprofile - INFO - Module loaded.
2024-09-25 13:14:21,781 - elsapy.elsdoc - INFO - Module loaded.
2024-09-25 13:14:21,781 - elsapy.elssearch - INFO - Module loaded.
2024-09-25 13:15:08,390 - elsapy.elsclient - INFO - Module loaded.
2024-09-25 13:15:08,391 - elsapy.elsentity - INFO - Module loaded.
2024-09-25 13:15:08,391 - elsapy.utils - INFO - Module loaded.
2024-09-25 13:15:08,392 - elsapy.elsprofile - INFO - Module loaded.
2024-09-25 13:15:08,392 - elsapy.elsdoc - INFO - Module loaded.
2024-09-25 13:15:08,393 - elsapy.elssearch - INFO - Module loaded.
2024-09-25 13:26:29,308 - elsapy.elsclient - INFO - Module loaded.
2024-09-25 13:26:29,310 - elsapy.elsentity - INFO - Module loaded.
2024-09-25 13:26:29,310 - elsapy.utils - INFO - Module loaded.
2024-09-25 13:26:29,311 - elsapy.elsprofile - INFO - Module loaded.
2024-09-25 13:26:29,311 - elsapy.elsdoc - INFO - Module loaded.
2024-09-25 13:26:29,312 - elsapy.elssearch - INFO - Module loaded.
