2024-06-07 00:36:35,323 - elsapy.elsclient - INFO - Module loaded.
2024-06-07 00:36:35,325 - elsapy.elsentity - INFO - Module loaded.
2024-06-07 00:36:35,325 - elsapy.utils - INFO - Module loaded.
2024-06-07 00:36:35,326 - elsapy.elsprofile - INFO - Module loaded.
2024-06-07 00:36:35,326 - elsapy.elsdoc - INFO - Module loaded.
2024-06-07 00:36:35,327 - elsapy.elssearch - INFO - Module loaded.
2024-06-07 00:38:49,422 - elsapy.elsclient - INFO - Module loaded.
2024-06-07 00:38:49,423 - elsapy.elsentity - INFO - Module loaded.
2024-06-07 00:38:49,424 - elsapy.utils - INFO - Module loaded.
2024-06-07 00:38:49,424 - elsapy.elsprofile - INFO - Module loaded.
2024-06-07 00:38:49,425 - elsapy.elsdoc - INFO - Module loaded.
2024-06-07 00:38:49,427 - elsapy.elssearch - INFO - Module loaded.
2024-06-07 19:56:48,598 - elsapy.elsclient - INFO - Module loaded.
2024-06-07 19:56:48,599 - elsapy.elsentity - INFO - Module loaded.
2024-06-07 19:56:48,600 - elsapy.utils - INFO - Module loaded.
2024-06-07 19:56:48,601 - elsapy.elsprofile - INFO - Module loaded.
2024-06-07 19:56:48,601 - elsapy.elsdoc - INFO - Module loaded.
2024-06-07 19:56:48,602 - elsapy.elssearch - INFO - Module loaded.
2024-06-07 20:04:47,922 - elsapy.elsclient - INFO - Module loaded.
2024-06-07 20:04:47,923 - elsapy.elsentity - INFO - Module loaded.
2024-06-07 20:04:47,924 - elsapy.utils - INFO - Module loaded.
2024-06-07 20:04:47,924 - elsapy.elsprofile - INFO - Module loaded.
2024-06-07 20:04:47,925 - elsapy.elsdoc - INFO - Module loaded.
2024-06-07 20:04:47,925 - elsapy.elssearch - INFO - Module loaded.
2024-06-07 20:05:45,279 - elsapy.elsclient - INFO - Module loaded.
2024-06-07 20:05:45,280 - elsapy.elsentity - INFO - Module loaded.
2024-06-07 20:05:45,280 - elsapy.utils - INFO - Module loaded.
2024-06-07 20:05:45,281 - elsapy.elsprofile - INFO - Module loaded.
2024-06-07 20:05:45,281 - elsapy.elsdoc - INFO - Module loaded.
2024-06-07 20:05:45,282 - elsapy.elssearch - INFO - Module loaded.
2024-06-07 20:06:44,824 - elsapy.elsclient - INFO - Module loaded.
2024-06-07 20:06:44,825 - elsapy.elsentity - INFO - Module loaded.
2024-06-07 20:06:44,826 - elsapy.utils - INFO - Module loaded.
2024-06-07 20:06:44,826 - elsapy.elsprofile - INFO - Module loaded.
2024-06-07 20:06:44,827 - elsapy.elsdoc - INFO - Module loaded.
2024-06-07 20:06:44,828 - elsapy.elssearch - INFO - Module loaded.
2024-06-07 20:08:31,600 - elsapy.elsclient - INFO - Module loaded.
2024-06-07 20:08:31,601 - elsapy.elsentity - INFO - Module loaded.
2024-06-07 20:08:31,601 - elsapy.utils - INFO - Module loaded.
2024-06-07 20:08:31,602 - elsapy.elsprofile - INFO - Module loaded.
2024-06-07 20:08:31,602 - elsapy.elsdoc - INFO - Module loaded.
2024-06-07 20:08:31,603 - elsapy.elssearch - INFO - Module loaded.
2024-06-07 20:08:45,870 - elsapy.elsclient - INFO - Module loaded.
2024-06-07 20:08:45,871 - elsapy.elsentity - INFO - Module loaded.
2024-06-07 20:08:45,872 - elsapy.utils - INFO - Module loaded.
2024-06-07 20:08:45,872 - elsapy.elsprofile - INFO - Module loaded.
2024-06-07 20:08:45,873 - elsapy.elsdoc - INFO - Module loaded.
2024-06-07 20:08:45,873 - elsapy.elssearch - INFO - Module loaded.
2024-06-07 20:13:48,622 - elsapy.elsclient - INFO - Module loaded.
2024-06-07 20:13:48,624 - elsapy.elsentity - INFO - Module loaded.
2024-06-07 20:13:48,625 - elsapy.utils - INFO - Module loaded.
2024-06-07 20:13:48,625 - elsapy.elsprofile - INFO - Module loaded.
2024-06-07 20:13:48,626 - elsapy.elsdoc - INFO - Module loaded.
2024-06-07 20:13:48,626 - elsapy.elssearch - INFO - Module loaded.
2024-06-07 20:19:44,338 - elsapy.elsclient - INFO - Module loaded.
2024-06-07 20:19:44,339 - elsapy.elsentity - INFO - Module loaded.
2024-06-07 20:19:44,339 - elsapy.utils - INFO - Module loaded.
2024-06-07 20:19:44,340 - elsapy.elsprofile - INFO - Module loaded.
2024-06-07 20:19:44,340 - elsapy.elsdoc - INFO - Module loaded.
2024-06-07 20:19:44,341 - elsapy.elssearch - INFO - Module loaded.
2024-06-07 20:21:14,199 - elsapy.elsclient - INFO - Module loaded.
2024-06-07 20:21:14,201 - elsapy.elsentity - INFO - Module loaded.
2024-06-07 20:21:14,202 - elsapy.utils - INFO - Module loaded.
2024-06-07 20:21:14,202 - elsapy.elsprofile - INFO - Module loaded.
2024-06-07 20:21:14,203 - elsapy.elsdoc - INFO - Module loaded.
2024-06-07 20:21:14,204 - elsapy.elssearch - INFO - Module loaded.
2024-06-07 23:04:32,679 - elsapy.elsclient - INFO - Module loaded.
2024-06-07 23:04:32,680 - elsapy.elsentity - INFO - Module loaded.
2024-06-07 23:04:32,680 - elsapy.utils - INFO - Module loaded.
2024-06-07 23:04:32,681 - elsapy.elsprofile - INFO - Module loaded.
2024-06-07 23:04:32,681 - elsapy.elsdoc - INFO - Module loaded.
2024-06-07 23:04:32,682 - elsapy.elssearch - INFO - Module loaded.
