2024-07-13 00:40:27,949 - elsapy.elsclient - INFO - Module loaded.
2024-07-13 00:40:27,950 - elsapy.elsentity - INFO - Module loaded.
2024-07-13 00:40:27,951 - elsapy.utils - INFO - Module loaded.
2024-07-13 00:40:27,951 - elsapy.elsprofile - INFO - Module loaded.
2024-07-13 00:40:27,952 - elsapy.elsdoc - INFO - Module loaded.
2024-07-13 00:40:27,952 - elsapy.elssearch - INFO - Module loaded.
2024-07-13 00:47:00,795 - elsapy.elsclient - INFO - Module loaded.
2024-07-13 00:47:00,796 - elsapy.elsentity - INFO - Module loaded.
2024-07-13 00:47:00,797 - elsapy.utils - INFO - Module loaded.
2024-07-13 00:47:00,797 - elsapy.elsprofile - INFO - Module loaded.
2024-07-13 00:47:00,798 - elsapy.elsdoc - INFO - Module loaded.
2024-07-13 00:47:00,800 - elsapy.elssearch - INFO - Module loaded.
2024-07-13 01:34:56,929 - elsapy.elsclient - INFO - Module loaded.
2024-07-13 01:34:56,930 - elsapy.elsentity - INFO - Module loaded.
2024-07-13 01:34:56,931 - elsapy.utils - INFO - Module loaded.
2024-07-13 01:34:56,931 - elsapy.elsprofile - INFO - Module loaded.
2024-07-13 01:34:56,932 - elsapy.elsdoc - INFO - Module loaded.
2024-07-13 01:34:56,933 - elsapy.elssearch - INFO - Module loaded.
2024-07-13 01:47:42,681 - elsapy.elsclient - INFO - Module loaded.
2024-07-13 01:47:42,682 - elsapy.elsentity - INFO - Module loaded.
2024-07-13 01:47:42,683 - elsapy.utils - INFO - Module loaded.
2024-07-13 01:47:42,683 - elsapy.elsprofile - INFO - Module loaded.
2024-07-13 01:47:42,684 - elsapy.elsdoc - INFO - Module loaded.
2024-07-13 01:47:42,685 - elsapy.elssearch - INFO - Module loaded.
2024-07-13 01:49:32,207 - elsapy.elsclient - INFO - Module loaded.
2024-07-13 01:49:32,208 - elsapy.elsentity - INFO - Module loaded.
2024-07-13 01:49:32,209 - elsapy.utils - INFO - Module loaded.
2024-07-13 01:49:32,209 - elsapy.elsprofile - INFO - Module loaded.
2024-07-13 01:49:32,210 - elsapy.elsdoc - INFO - Module loaded.
2024-07-13 01:49:32,210 - elsapy.elssearch - INFO - Module loaded.
2024-07-13 02:05:30,524 - elsapy.elsclient - INFO - Module loaded.
2024-07-13 02:05:30,526 - elsapy.elsentity - INFO - Module loaded.
2024-07-13 02:05:30,526 - elsapy.utils - INFO - Module loaded.
2024-07-13 02:05:30,527 - elsapy.elsprofile - INFO - Module loaded.
2024-07-13 02:05:30,527 - elsapy.elsdoc - INFO - Module loaded.
2024-07-13 02:05:30,528 - elsapy.elssearch - INFO - Module loaded.
2024-07-13 02:08:02,483 - elsapy.elsclient - INFO - Module loaded.
2024-07-13 02:08:02,484 - elsapy.elsentity - INFO - Module loaded.
2024-07-13 02:08:02,485 - elsapy.utils - INFO - Module loaded.
2024-07-13 02:08:02,485 - elsapy.elsprofile - INFO - Module loaded.
2024-07-13 02:08:02,486 - elsapy.elsdoc - INFO - Module loaded.
2024-07-13 02:08:02,486 - elsapy.elssearch - INFO - Module loaded.
2024-07-13 02:11:08,412 - elsapy.elsclient - INFO - Module loaded.
2024-07-13 02:11:08,413 - elsapy.elsentity - INFO - Module loaded.
2024-07-13 02:11:08,414 - elsapy.utils - INFO - Module loaded.
2024-07-13 02:11:08,414 - elsapy.elsprofile - INFO - Module loaded.
2024-07-13 02:11:08,415 - elsapy.elsdoc - INFO - Module loaded.
2024-07-13 02:11:08,415 - elsapy.elssearch - INFO - Module loaded.
2024-07-13 09:29:49,151 - elsapy.elsclient - INFO - Module loaded.
2024-07-13 09:29:49,152 - elsapy.elsentity - INFO - Module loaded.
2024-07-13 09:29:49,153 - elsapy.utils - INFO - Module loaded.
2024-07-13 09:29:49,153 - elsapy.elsprofile - INFO - Module loaded.
2024-07-13 09:29:49,154 - elsapy.elsdoc - INFO - Module loaded.
2024-07-13 09:29:49,154 - elsapy.elssearch - INFO - Module loaded.
2024-07-13 10:20:08,803 - elsapy.elsclient - INFO - Module loaded.
2024-07-13 10:20:08,804 - elsapy.elsentity - INFO - Module loaded.
2024-07-13 10:20:08,805 - elsapy.utils - INFO - Module loaded.
2024-07-13 10:20:08,805 - elsapy.elsprofile - INFO - Module loaded.
2024-07-13 10:20:08,806 - elsapy.elsdoc - INFO - Module loaded.
2024-07-13 10:20:08,806 - elsapy.elssearch - INFO - Module loaded.
2024-07-13 10:30:06,540 - elsapy.elsclient - INFO - Module loaded.
2024-07-13 10:30:06,541 - elsapy.elsentity - INFO - Module loaded.
2024-07-13 10:30:06,543 - elsapy.utils - INFO - Module loaded.
2024-07-13 10:30:06,543 - elsapy.elsprofile - INFO - Module loaded.
2024-07-13 10:30:06,544 - elsapy.elsdoc - INFO - Module loaded.
2024-07-13 10:30:06,544 - elsapy.elssearch - INFO - Module loaded.
2024-07-13 11:17:06,409 - elsapy.elsclient - INFO - Module loaded.
2024-07-13 11:17:06,410 - elsapy.elsentity - INFO - Module loaded.
2024-07-13 11:17:06,410 - elsapy.utils - INFO - Module loaded.
2024-07-13 11:17:06,410 - elsapy.elsprofile - INFO - Module loaded.
2024-07-13 11:17:06,411 - elsapy.elsdoc - INFO - Module loaded.
2024-07-13 11:17:06,412 - elsapy.elssearch - INFO - Module loaded.
2024-07-13 11:20:58,924 - elsapy.elsclient - INFO - Module loaded.
2024-07-13 11:20:58,925 - elsapy.elsentity - INFO - Module loaded.
2024-07-13 11:20:58,925 - elsapy.utils - INFO - Module loaded.
2024-07-13 11:20:58,926 - elsapy.elsprofile - INFO - Module loaded.
2024-07-13 11:20:58,926 - elsapy.elsdoc - INFO - Module loaded.
2024-07-13 11:20:58,927 - elsapy.elssearch - INFO - Module loaded.
2024-07-13 11:21:55,155 - elsapy.elsclient - INFO - Module loaded.
2024-07-13 11:21:55,156 - elsapy.elsentity - INFO - Module loaded.
2024-07-13 11:21:55,157 - elsapy.utils - INFO - Module loaded.
2024-07-13 11:21:55,157 - elsapy.elsprofile - INFO - Module loaded.
2024-07-13 11:21:55,158 - elsapy.elsdoc - INFO - Module loaded.
2024-07-13 11:21:55,158 - elsapy.elssearch - INFO - Module loaded.
2024-07-13 11:22:11,655 - elsapy.elsclient - INFO - Module loaded.
2024-07-13 11:22:11,656 - elsapy.elsentity - INFO - Module loaded.
2024-07-13 11:22:11,656 - elsapy.utils - INFO - Module loaded.
2024-07-13 11:22:11,657 - elsapy.elsprofile - INFO - Module loaded.
2024-07-13 11:22:11,657 - elsapy.elsdoc - INFO - Module loaded.
2024-07-13 11:22:11,658 - elsapy.elssearch - INFO - Module loaded.
2024-07-13 11:42:40,244 - elsapy.elsclient - INFO - Module loaded.
2024-07-13 11:42:40,245 - elsapy.elsentity - INFO - Module loaded.
2024-07-13 11:42:40,246 - elsapy.utils - INFO - Module loaded.
2024-07-13 11:42:40,246 - elsapy.elsprofile - INFO - Module loaded.
2024-07-13 11:42:40,247 - elsapy.elsdoc - INFO - Module loaded.
2024-07-13 11:42:40,247 - elsapy.elssearch - INFO - Module loaded.
2024-07-13 11:44:39,862 - elsapy.elsclient - INFO - Module loaded.
2024-07-13 11:44:39,863 - elsapy.elsentity - INFO - Module loaded.
2024-07-13 11:44:39,864 - elsapy.utils - INFO - Module loaded.
2024-07-13 11:44:39,864 - elsapy.elsprofile - INFO - Module loaded.
2024-07-13 11:44:39,865 - elsapy.elsdoc - INFO - Module loaded.
2024-07-13 11:44:39,866 - elsapy.elssearch - INFO - Module loaded.
2024-07-13 11:47:57,300 - elsapy.elsclient - INFO - Module loaded.
2024-07-13 11:47:57,301 - elsapy.elsentity - INFO - Module loaded.
2024-07-13 11:47:57,302 - elsapy.utils - INFO - Module loaded.
2024-07-13 11:47:57,302 - elsapy.elsprofile - INFO - Module loaded.
2024-07-13 11:47:57,303 - elsapy.elsdoc - INFO - Module loaded.
2024-07-13 11:47:57,303 - elsapy.elssearch - INFO - Module loaded.
2024-07-13 12:08:11,110 - elsapy.elsclient - INFO - Module loaded.
2024-07-13 12:08:11,111 - elsapy.elsentity - INFO - Module loaded.
2024-07-13 12:08:11,111 - elsapy.utils - INFO - Module loaded.
2024-07-13 12:08:11,112 - elsapy.elsprofile - INFO - Module loaded.
2024-07-13 12:08:11,112 - elsapy.elsdoc - INFO - Module loaded.
2024-07-13 12:08:11,113 - elsapy.elssearch - INFO - Module loaded.
2024-07-13 12:18:28,899 - elsapy.elsclient - INFO - Module loaded.
2024-07-13 12:18:28,900 - elsapy.elsentity - INFO - Module loaded.
2024-07-13 12:18:28,900 - elsapy.utils - INFO - Module loaded.
2024-07-13 12:18:28,901 - elsapy.elsprofile - INFO - Module loaded.
2024-07-13 12:18:28,901 - elsapy.elsdoc - INFO - Module loaded.
2024-07-13 12:18:28,902 - elsapy.elssearch - INFO - Module loaded.
2024-07-13 12:21:54,131 - elsapy.elsclient - INFO - Module loaded.
2024-07-13 12:21:54,132 - elsapy.elsentity - INFO - Module loaded.
2024-07-13 12:21:54,133 - elsapy.utils - INFO - Module loaded.
2024-07-13 12:21:54,133 - elsapy.elsprofile - INFO - Module loaded.
2024-07-13 12:21:54,134 - elsapy.elsdoc - INFO - Module loaded.
2024-07-13 12:21:54,134 - elsapy.elssearch - INFO - Module loaded.
2024-07-13 12:23:43,242 - elsapy.elsclient - INFO - Module loaded.
2024-07-13 12:23:43,243 - elsapy.elsentity - INFO - Module loaded.
2024-07-13 12:23:43,243 - elsapy.utils - INFO - Module loaded.
2024-07-13 12:23:43,243 - elsapy.elsprofile - INFO - Module loaded.
2024-07-13 12:23:43,244 - elsapy.elsdoc - INFO - Module loaded.
2024-07-13 12:23:43,245 - elsapy.elssearch - INFO - Module loaded.
2024-07-13 12:35:48,054 - elsapy.elsclient - INFO - Module loaded.
2024-07-13 12:35:48,055 - elsapy.elsentity - INFO - Module loaded.
2024-07-13 12:35:48,056 - elsapy.utils - INFO - Module loaded.
2024-07-13 12:35:48,057 - elsapy.elsprofile - INFO - Module loaded.
2024-07-13 12:35:48,058 - elsapy.elsdoc - INFO - Module loaded.
2024-07-13 12:35:48,059 - elsapy.elssearch - INFO - Module loaded.
2024-07-13 12:39:11,933 - elsapy.elsclient - INFO - Module loaded.
2024-07-13 12:39:11,935 - elsapy.elsentity - INFO - Module loaded.
2024-07-13 12:39:11,935 - elsapy.utils - INFO - Module loaded.
2024-07-13 12:39:11,936 - elsapy.elsprofile - INFO - Module loaded.
2024-07-13 12:39:11,936 - elsapy.elsdoc - INFO - Module loaded.
2024-07-13 12:39:11,937 - elsapy.elssearch - INFO - Module loaded.
2024-07-13 12:46:10,049 - elsapy.elsclient - INFO - Module loaded.
2024-07-13 12:46:10,050 - elsapy.elsentity - INFO - Module loaded.
2024-07-13 12:46:10,051 - elsapy.utils - INFO - Module loaded.
2024-07-13 12:46:10,051 - elsapy.elsprofile - INFO - Module loaded.
2024-07-13 12:46:10,052 - elsapy.elsdoc - INFO - Module loaded.
2024-07-13 12:46:10,052 - elsapy.elssearch - INFO - Module loaded.
2024-07-13 13:01:00,627 - elsapy.elsclient - INFO - Module loaded.
2024-07-13 13:01:00,628 - elsapy.elsentity - INFO - Module loaded.
2024-07-13 13:01:00,629 - elsapy.utils - INFO - Module loaded.
2024-07-13 13:01:00,629 - elsapy.elsprofile - INFO - Module loaded.
2024-07-13 13:01:00,630 - elsapy.elsdoc - INFO - Module loaded.
2024-07-13 13:01:00,631 - elsapy.elssearch - INFO - Module loaded.
2024-07-13 13:05:56,519 - elsapy.elsclient - INFO - Module loaded.
2024-07-13 13:05:56,520 - elsapy.elsentity - INFO - Module loaded.
2024-07-13 13:05:56,521 - elsapy.utils - INFO - Module loaded.
2024-07-13 13:05:56,521 - elsapy.elsprofile - INFO - Module loaded.
2024-07-13 13:05:56,522 - elsapy.elsdoc - INFO - Module loaded.
2024-07-13 13:05:56,523 - elsapy.elssearch - INFO - Module loaded.
2024-07-13 13:43:37,826 - elsapy.elsclient - INFO - Module loaded.
2024-07-13 13:43:37,828 - elsapy.elsentity - INFO - Module loaded.
2024-07-13 13:43:37,828 - elsapy.utils - INFO - Module loaded.
2024-07-13 13:43:37,829 - elsapy.elsprofile - INFO - Module loaded.
2024-07-13 13:43:37,830 - elsapy.elsdoc - INFO - Module loaded.
2024-07-13 13:43:37,831 - elsapy.elssearch - INFO - Module loaded.
2024-07-13 13:44:46,226 - elsapy.elsclient - INFO - Module loaded.
2024-07-13 13:44:46,227 - elsapy.elsentity - INFO - Module loaded.
2024-07-13 13:44:46,227 - elsapy.utils - INFO - Module loaded.
2024-07-13 13:44:46,228 - elsapy.elsprofile - INFO - Module loaded.
2024-07-13 13:44:46,229 - elsapy.elsdoc - INFO - Module loaded.
2024-07-13 13:44:46,229 - elsapy.elssearch - INFO - Module loaded.
2024-07-13 19:18:40,807 - elsapy.elsclient - INFO - Module loaded.
2024-07-13 19:18:40,808 - elsapy.elsentity - INFO - Module loaded.
2024-07-13 19:18:40,809 - elsapy.utils - INFO - Module loaded.
2024-07-13 19:18:40,809 - elsapy.elsprofile - INFO - Module loaded.
2024-07-13 19:18:40,810 - elsapy.elsdoc - INFO - Module loaded.
2024-07-13 19:18:40,811 - elsapy.elssearch - INFO - Module loaded.
2024-07-13 19:30:41,280 - elsapy.elsclient - INFO - Module loaded.
2024-07-13 19:30:41,282 - elsapy.elsentity - INFO - Module loaded.
2024-07-13 19:30:41,282 - elsapy.utils - INFO - Module loaded.
2024-07-13 19:30:41,283 - elsapy.elsprofile - INFO - Module loaded.
2024-07-13 19:30:41,284 - elsapy.elsdoc - INFO - Module loaded.
2024-07-13 19:30:41,285 - elsapy.elssearch - INFO - Module loaded.
2024-07-13 19:33:22,737 - elsapy.elsclient - INFO - Module loaded.
2024-07-13 19:33:22,738 - elsapy.elsentity - INFO - Module loaded.
2024-07-13 19:33:22,739 - elsapy.utils - INFO - Module loaded.
2024-07-13 19:33:22,739 - elsapy.elsprofile - INFO - Module loaded.
2024-07-13 19:33:22,740 - elsapy.elsdoc - INFO - Module loaded.
2024-07-13 19:33:22,741 - elsapy.elssearch - INFO - Module loaded.
2024-07-13 19:35:11,011 - elsapy.elsclient - INFO - Module loaded.
2024-07-13 19:35:11,012 - elsapy.elsentity - INFO - Module loaded.
2024-07-13 19:35:11,013 - elsapy.utils - INFO - Module loaded.
2024-07-13 19:35:11,014 - elsapy.elsprofile - INFO - Module loaded.
2024-07-13 19:35:11,015 - elsapy.elsdoc - INFO - Module loaded.
2024-07-13 19:35:11,015 - elsapy.elssearch - INFO - Module loaded.
2024-07-13 19:44:35,758 - elsapy.elsclient - INFO - Module loaded.
2024-07-13 19:44:35,759 - elsapy.elsentity - INFO - Module loaded.
2024-07-13 19:44:35,760 - elsapy.utils - INFO - Module loaded.
2024-07-13 19:44:35,761 - elsapy.elsprofile - INFO - Module loaded.
2024-07-13 19:44:35,762 - elsapy.elsdoc - INFO - Module loaded.
2024-07-13 19:44:35,763 - elsapy.elssearch - INFO - Module loaded.
2024-07-13 19:50:11,916 - elsapy.elsclient - INFO - Module loaded.
2024-07-13 19:50:11,918 - elsapy.elsentity - INFO - Module loaded.
2024-07-13 19:50:11,918 - elsapy.utils - INFO - Module loaded.
2024-07-13 19:50:11,919 - elsapy.elsprofile - INFO - Module loaded.
2024-07-13 19:50:11,920 - elsapy.elsdoc - INFO - Module loaded.
2024-07-13 19:50:11,920 - elsapy.elssearch - INFO - Module loaded.
2024-07-13 20:00:22,775 - elsapy.elsclient - INFO - Module loaded.
2024-07-13 20:00:22,777 - elsapy.elsentity - INFO - Module loaded.
2024-07-13 20:00:22,778 - elsapy.utils - INFO - Module loaded.
2024-07-13 20:00:22,778 - elsapy.elsprofile - INFO - Module loaded.
2024-07-13 20:00:22,779 - elsapy.elsdoc - INFO - Module loaded.
2024-07-13 20:00:22,780 - elsapy.elssearch - INFO - Module loaded.
2024-07-13 20:05:42,440 - elsapy.elsclient - INFO - Module loaded.
2024-07-13 20:05:42,442 - elsapy.elsentity - INFO - Module loaded.
2024-07-13 20:05:42,443 - elsapy.utils - INFO - Module loaded.
2024-07-13 20:05:42,443 - elsapy.elsprofile - INFO - Module loaded.
2024-07-13 20:05:42,444 - elsapy.elsdoc - INFO - Module loaded.
2024-07-13 20:05:42,445 - elsapy.elssearch - INFO - Module loaded.
2024-07-13 20:25:14,157 - elsapy.elsclient - INFO - Module loaded.
2024-07-13 20:25:14,158 - elsapy.elsentity - INFO - Module loaded.
2024-07-13 20:25:14,159 - elsapy.utils - INFO - Module loaded.
2024-07-13 20:25:14,160 - elsapy.elsprofile - INFO - Module loaded.
2024-07-13 20:25:14,161 - elsapy.elsdoc - INFO - Module loaded.
2024-07-13 20:25:14,162 - elsapy.elssearch - INFO - Module loaded.
2024-07-13 20:40:18,211 - elsapy.elsclient - INFO - Module loaded.
2024-07-13 20:40:18,212 - elsapy.elsentity - INFO - Module loaded.
2024-07-13 20:40:18,213 - elsapy.utils - INFO - Module loaded.
2024-07-13 20:40:18,213 - elsapy.elsprofile - INFO - Module loaded.
2024-07-13 20:40:18,215 - elsapy.elsdoc - INFO - Module loaded.
2024-07-13 20:40:18,216 - elsapy.elssearch - INFO - Module loaded.
2024-07-13 21:16:36,277 - elsapy.elsclient - INFO - Module loaded.
2024-07-13 21:16:36,278 - elsapy.elsentity - INFO - Module loaded.
2024-07-13 21:16:36,279 - elsapy.utils - INFO - Module loaded.
2024-07-13 21:16:36,280 - elsapy.elsprofile - INFO - Module loaded.
2024-07-13 21:16:36,281 - elsapy.elsdoc - INFO - Module loaded.
2024-07-13 21:16:36,282 - elsapy.elssearch - INFO - Module loaded.
2024-07-13 21:26:22,622 - elsapy.elsclient - INFO - Module loaded.
2024-07-13 21:26:22,624 - elsapy.elsentity - INFO - Module loaded.
2024-07-13 21:26:22,626 - elsapy.utils - INFO - Module loaded.
2024-07-13 21:26:22,626 - elsapy.elsprofile - INFO - Module loaded.
2024-07-13 21:26:22,627 - elsapy.elsdoc - INFO - Module loaded.
2024-07-13 21:26:22,628 - elsapy.elssearch - INFO - Module loaded.
2024-07-13 22:17:32,798 - elsapy.elsclient - INFO - Module loaded.
2024-07-13 22:17:32,800 - elsapy.elsentity - INFO - Module loaded.
2024-07-13 22:17:32,801 - elsapy.utils - INFO - Module loaded.
2024-07-13 22:17:32,801 - elsapy.elsprofile - INFO - Module loaded.
2024-07-13 22:17:32,802 - elsapy.elsdoc - INFO - Module loaded.
2024-07-13 22:17:32,803 - elsapy.elssearch - INFO - Module loaded.
2024-07-13 23:21:42,054 - elsapy.elsclient - INFO - Module loaded.
2024-07-13 23:21:42,055 - elsapy.elsentity - INFO - Module loaded.
2024-07-13 23:21:42,056 - elsapy.utils - INFO - Module loaded.
2024-07-13 23:21:42,057 - elsapy.elsprofile - INFO - Module loaded.
2024-07-13 23:21:42,058 - elsapy.elsdoc - INFO - Module loaded.
2024-07-13 23:21:42,059 - elsapy.elssearch - INFO - Module loaded.
2024-07-13 23:42:22,873 - elsapy.elsclient - INFO - Module loaded.
2024-07-13 23:42:22,875 - elsapy.elsentity - INFO - Module loaded.
2024-07-13 23:42:22,876 - elsapy.utils - INFO - Module loaded.
2024-07-13 23:42:22,876 - elsapy.elsprofile - INFO - Module loaded.
2024-07-13 23:42:22,877 - elsapy.elsdoc - INFO - Module loaded.
2024-07-13 23:42:22,878 - elsapy.elssearch - INFO - Module loaded.
