2024-04-27 09:43:34,618 - elsapy.elsclient - INFO - Module loaded.
2024-04-27 09:43:34,620 - elsapy.elsentity - INFO - Module loaded.
2024-04-27 09:43:34,620 - elsapy.utils - INFO - Module loaded.
2024-04-27 09:43:34,621 - elsapy.elsprofile - INFO - Module loaded.
2024-04-27 09:43:34,621 - elsapy.elsdoc - INFO - Module loaded.
2024-04-27 09:43:34,622 - elsapy.elssearch - INFO - Module loaded.
2024-04-27 10:03:08,857 - elsapy.elsclient - INFO - Module loaded.
2024-04-27 10:03:08,858 - elsapy.elsentity - INFO - Module loaded.
2024-04-27 10:03:08,859 - elsapy.utils - INFO - Module loaded.
2024-04-27 10:03:08,859 - elsapy.elsprofile - INFO - Module loaded.
2024-04-27 10:03:08,860 - elsapy.elsdoc - INFO - Module loaded.
2024-04-27 10:03:08,862 - elsapy.elssearch - INFO - Module loaded.
2024-04-27 12:24:54,802 - elsapy.elsclient - INFO - Module loaded.
2024-04-27 12:24:54,803 - elsapy.elsentity - INFO - Module loaded.
2024-04-27 12:24:54,804 - elsapy.utils - INFO - Module loaded.
2024-04-27 12:24:54,804 - elsapy.elsprofile - INFO - Module loaded.
2024-04-27 12:24:54,805 - elsapy.elsdoc - INFO - Module loaded.
2024-04-27 12:24:54,806 - elsapy.elssearch - INFO - Module loaded.
2024-04-27 12:26:11,152 - elsapy.elsclient - INFO - Module loaded.
2024-04-27 12:26:11,153 - elsapy.elsentity - INFO - Module loaded.
2024-04-27 12:26:11,153 - elsapy.utils - INFO - Module loaded.
2024-04-27 12:26:11,154 - elsapy.elsprofile - INFO - Module loaded.
2024-04-27 12:26:11,154 - elsapy.elsdoc - INFO - Module loaded.
2024-04-27 12:26:11,155 - elsapy.elssearch - INFO - Module loaded.
2024-04-27 12:27:12,549 - elsapy.elsclient - INFO - Module loaded.
2024-04-27 12:27:12,550 - elsapy.elsentity - INFO - Module loaded.
2024-04-27 12:27:12,551 - elsapy.utils - INFO - Module loaded.
2024-04-27 12:27:12,551 - elsapy.elsprofile - INFO - Module loaded.
2024-04-27 12:27:12,552 - elsapy.elsdoc - INFO - Module loaded.
2024-04-27 12:27:12,553 - elsapy.elssearch - INFO - Module loaded.
2024-04-27 12:27:48,292 - elsapy.elsclient - INFO - Module loaded.
2024-04-27 12:27:48,293 - elsapy.elsentity - INFO - Module loaded.
2024-04-27 12:27:48,294 - elsapy.utils - INFO - Module loaded.
2024-04-27 12:27:48,294 - elsapy.elsprofile - INFO - Module loaded.
2024-04-27 12:27:48,295 - elsapy.elsdoc - INFO - Module loaded.
2024-04-27 12:27:48,296 - elsapy.elssearch - INFO - Module loaded.
2024-04-27 12:32:11,454 - elsapy.elsclient - INFO - Module loaded.
2024-04-27 12:32:11,455 - elsapy.elsentity - INFO - Module loaded.
2024-04-27 12:32:11,456 - elsapy.utils - INFO - Module loaded.
2024-04-27 12:32:11,456 - elsapy.elsprofile - INFO - Module loaded.
2024-04-27 12:32:11,457 - elsapy.elsdoc - INFO - Module loaded.
2024-04-27 12:32:11,458 - elsapy.elssearch - INFO - Module loaded.
2024-04-27 12:34:32,758 - elsapy.elsclient - INFO - Module loaded.
2024-04-27 12:34:32,759 - elsapy.elsentity - INFO - Module loaded.
2024-04-27 12:34:32,760 - elsapy.utils - INFO - Module loaded.
2024-04-27 12:34:32,760 - elsapy.elsprofile - INFO - Module loaded.
2024-04-27 12:34:32,761 - elsapy.elsdoc - INFO - Module loaded.
2024-04-27 12:34:32,762 - elsapy.elssearch - INFO - Module loaded.
2024-04-27 12:36:38,072 - elsapy.elsclient - INFO - Module loaded.
2024-04-27 12:36:38,073 - elsapy.elsentity - INFO - Module loaded.
2024-04-27 12:36:38,074 - elsapy.utils - INFO - Module loaded.
2024-04-27 12:36:38,074 - elsapy.elsprofile - INFO - Module loaded.
2024-04-27 12:36:38,075 - elsapy.elsdoc - INFO - Module loaded.
2024-04-27 12:36:38,076 - elsapy.elssearch - INFO - Module loaded.
2024-04-27 12:37:35,438 - elsapy.elsclient - INFO - Module loaded.
2024-04-27 12:37:35,439 - elsapy.elsentity - INFO - Module loaded.
2024-04-27 12:37:35,440 - elsapy.utils - INFO - Module loaded.
2024-04-27 12:37:35,440 - elsapy.elsprofile - INFO - Module loaded.
2024-04-27 12:37:35,441 - elsapy.elsdoc - INFO - Module loaded.
2024-04-27 12:37:35,442 - elsapy.elssearch - INFO - Module loaded.
2024-04-27 12:38:57,849 - elsapy.elsclient - INFO - Module loaded.
2024-04-27 12:38:57,850 - elsapy.elsentity - INFO - Module loaded.
2024-04-27 12:38:57,851 - elsapy.utils - INFO - Module loaded.
2024-04-27 12:38:57,851 - elsapy.elsprofile - INFO - Module loaded.
2024-04-27 12:38:57,852 - elsapy.elsdoc - INFO - Module loaded.
2024-04-27 12:38:57,852 - elsapy.elssearch - INFO - Module loaded.
2024-04-27 12:41:01,831 - elsapy.elsclient - INFO - Module loaded.
2024-04-27 12:41:01,832 - elsapy.elsentity - INFO - Module loaded.
2024-04-27 12:41:01,833 - elsapy.utils - INFO - Module loaded.
2024-04-27 12:41:01,833 - elsapy.elsprofile - INFO - Module loaded.
2024-04-27 12:41:01,834 - elsapy.elsdoc - INFO - Module loaded.
2024-04-27 12:41:01,834 - elsapy.elssearch - INFO - Module loaded.
2024-04-27 12:41:19,785 - elsapy.elsclient - INFO - Module loaded.
2024-04-27 12:41:19,786 - elsapy.elsentity - INFO - Module loaded.
2024-04-27 12:41:19,787 - elsapy.utils - INFO - Module loaded.
2024-04-27 12:41:19,787 - elsapy.elsprofile - INFO - Module loaded.
2024-04-27 12:41:19,788 - elsapy.elsdoc - INFO - Module loaded.
2024-04-27 12:41:19,789 - elsapy.elssearch - INFO - Module loaded.
2024-04-27 12:43:38,319 - elsapy.elsclient - INFO - Module loaded.
2024-04-27 12:43:38,320 - elsapy.elsentity - INFO - Module loaded.
2024-04-27 12:43:38,321 - elsapy.utils - INFO - Module loaded.
2024-04-27 12:43:38,321 - elsapy.elsprofile - INFO - Module loaded.
2024-04-27 12:43:38,322 - elsapy.elsdoc - INFO - Module loaded.
2024-04-27 12:43:38,322 - elsapy.elssearch - INFO - Module loaded.
2024-04-27 12:46:41,902 - elsapy.elsclient - INFO - Module loaded.
2024-04-27 12:46:41,903 - elsapy.elsentity - INFO - Module loaded.
2024-04-27 12:46:41,904 - elsapy.utils - INFO - Module loaded.
2024-04-27 12:46:41,904 - elsapy.elsprofile - INFO - Module loaded.
2024-04-27 12:46:41,905 - elsapy.elsdoc - INFO - Module loaded.
2024-04-27 12:46:41,905 - elsapy.elssearch - INFO - Module loaded.
2024-04-27 12:48:10,364 - elsapy.elsclient - INFO - Module loaded.
2024-04-27 12:48:10,366 - elsapy.elsentity - INFO - Module loaded.
2024-04-27 12:48:10,366 - elsapy.utils - INFO - Module loaded.
2024-04-27 12:48:10,366 - elsapy.elsprofile - INFO - Module loaded.
2024-04-27 12:48:10,367 - elsapy.elsdoc - INFO - Module loaded.
2024-04-27 12:48:10,368 - elsapy.elssearch - INFO - Module loaded.
2024-04-27 12:48:31,440 - elsapy.elsclient - INFO - Module loaded.
2024-04-27 12:48:31,441 - elsapy.elsentity - INFO - Module loaded.
2024-04-27 12:48:31,442 - elsapy.utils - INFO - Module loaded.
2024-04-27 12:48:31,442 - elsapy.elsprofile - INFO - Module loaded.
2024-04-27 12:48:31,443 - elsapy.elsdoc - INFO - Module loaded.
2024-04-27 12:48:31,443 - elsapy.elssearch - INFO - Module loaded.
2024-04-27 20:14:57,807 - elsapy.elsclient - INFO - Module loaded.
2024-04-27 20:14:57,808 - elsapy.elsentity - INFO - Module loaded.
2024-04-27 20:14:57,809 - elsapy.utils - INFO - Module loaded.
2024-04-27 20:14:57,809 - elsapy.elsprofile - INFO - Module loaded.
2024-04-27 20:14:57,810 - elsapy.elsdoc - INFO - Module loaded.
2024-04-27 20:14:57,810 - elsapy.elssearch - INFO - Module loaded.
2024-04-27 20:15:58,569 - elsapy.elsclient - INFO - Module loaded.
2024-04-27 20:15:58,571 - elsapy.elsentity - INFO - Module loaded.
2024-04-27 20:15:58,571 - elsapy.utils - INFO - Module loaded.
2024-04-27 20:15:58,571 - elsapy.elsprofile - INFO - Module loaded.
2024-04-27 20:15:58,572 - elsapy.elsdoc - INFO - Module loaded.
2024-04-27 20:15:58,573 - elsapy.elssearch - INFO - Module loaded.
2024-04-27 20:16:15,059 - elsapy.elsclient - INFO - Module loaded.
2024-04-27 20:16:15,060 - elsapy.elsentity - INFO - Module loaded.
2024-04-27 20:16:15,061 - elsapy.utils - INFO - Module loaded.
2024-04-27 20:16:15,061 - elsapy.elsprofile - INFO - Module loaded.
2024-04-27 20:16:15,062 - elsapy.elsdoc - INFO - Module loaded.
2024-04-27 20:16:15,063 - elsapy.elssearch - INFO - Module loaded.
2024-04-27 20:17:27,328 - elsapy.elsclient - INFO - Module loaded.
2024-04-27 20:17:27,329 - elsapy.elsentity - INFO - Module loaded.
2024-04-27 20:17:27,329 - elsapy.utils - INFO - Module loaded.
2024-04-27 20:17:27,330 - elsapy.elsprofile - INFO - Module loaded.
2024-04-27 20:17:27,330 - elsapy.elsdoc - INFO - Module loaded.
2024-04-27 20:17:27,331 - elsapy.elssearch - INFO - Module loaded.
2024-04-27 20:18:18,173 - elsapy.elsclient - INFO - Module loaded.
2024-04-27 20:18:18,174 - elsapy.elsentity - INFO - Module loaded.
2024-04-27 20:18:18,174 - elsapy.utils - INFO - Module loaded.
2024-04-27 20:18:18,175 - elsapy.elsprofile - INFO - Module loaded.
2024-04-27 20:18:18,175 - elsapy.elsdoc - INFO - Module loaded.
2024-04-27 20:18:18,176 - elsapy.elssearch - INFO - Module loaded.
2024-04-27 20:21:38,151 - elsapy.elsclient - INFO - Module loaded.
2024-04-27 20:21:38,152 - elsapy.elsentity - INFO - Module loaded.
2024-04-27 20:21:38,153 - elsapy.utils - INFO - Module loaded.
2024-04-27 20:21:38,153 - elsapy.elsprofile - INFO - Module loaded.
2024-04-27 20:21:38,154 - elsapy.elsdoc - INFO - Module loaded.
2024-04-27 20:21:38,155 - elsapy.elssearch - INFO - Module loaded.
