2024-08-28 08:27:24,097 - elsapy.elsclient - INFO - Module loaded.
2024-08-28 08:27:24,098 - elsapy.elsentity - INFO - Module loaded.
2024-08-28 08:27:24,099 - elsapy.utils - INFO - Module loaded.
2024-08-28 08:27:24,099 - elsapy.elsprofile - INFO - Module loaded.
2024-08-28 08:27:24,100 - elsapy.elsdoc - INFO - Module loaded.
2024-08-28 08:27:24,101 - elsapy.elssearch - INFO - Module loaded.
2024-08-28 08:35:18,942 - elsapy.elsclient - INFO - Module loaded.
2024-08-28 08:35:18,943 - elsapy.elsentity - INFO - Module loaded.
2024-08-28 08:35:18,943 - elsapy.utils - INFO - Module loaded.
2024-08-28 08:35:18,944 - elsapy.elsprofile - INFO - Module loaded.
2024-08-28 08:35:18,944 - elsapy.elsdoc - INFO - Module loaded.
2024-08-28 08:35:18,946 - elsapy.elssearch - INFO - Module loaded.
2024-08-28 08:58:14,609 - elsapy.elsclient - INFO - Module loaded.
2024-08-28 08:58:14,610 - elsapy.elsentity - INFO - Module loaded.
2024-08-28 08:58:14,611 - elsapy.utils - INFO - Module loaded.
2024-08-28 08:58:14,611 - elsapy.elsprofile - INFO - Module loaded.
2024-08-28 08:58:14,612 - elsapy.elsdoc - INFO - Module loaded.
2024-08-28 08:58:14,612 - elsapy.elssearch - INFO - Module loaded.
2024-08-28 09:01:57,063 - elsapy.elsclient - INFO - Module loaded.
2024-08-28 09:01:57,064 - elsapy.elsentity - INFO - Module loaded.
2024-08-28 09:01:57,065 - elsapy.utils - INFO - Module loaded.
2024-08-28 09:01:57,065 - elsapy.elsprofile - INFO - Module loaded.
2024-08-28 09:01:57,066 - elsapy.elsdoc - INFO - Module loaded.
2024-08-28 09:01:57,067 - elsapy.elssearch - INFO - Module loaded.
2024-08-28 09:04:48,766 - elsapy.elsclient - INFO - Module loaded.
2024-08-28 09:04:48,767 - elsapy.elsentity - INFO - Module loaded.
2024-08-28 09:04:48,768 - elsapy.utils - INFO - Module loaded.
2024-08-28 09:04:48,768 - elsapy.elsprofile - INFO - Module loaded.
2024-08-28 09:04:48,769 - elsapy.elsdoc - INFO - Module loaded.
2024-08-28 09:04:48,770 - elsapy.elssearch - INFO - Module loaded.
2024-08-28 09:07:27,424 - elsapy.elsclient - INFO - Module loaded.
2024-08-28 09:07:27,425 - elsapy.elsentity - INFO - Module loaded.
2024-08-28 09:07:27,426 - elsapy.utils - INFO - Module loaded.
2024-08-28 09:07:27,426 - elsapy.elsprofile - INFO - Module loaded.
2024-08-28 09:07:27,427 - elsapy.elsdoc - INFO - Module loaded.
2024-08-28 09:07:27,427 - elsapy.elssearch - INFO - Module loaded.
2024-08-28 09:12:40,573 - elsapy.elsclient - INFO - Module loaded.
2024-08-28 09:12:40,574 - elsapy.elsentity - INFO - Module loaded.
2024-08-28 09:12:40,574 - elsapy.utils - INFO - Module loaded.
2024-08-28 09:12:40,575 - elsapy.elsprofile - INFO - Module loaded.
2024-08-28 09:12:40,575 - elsapy.elsdoc - INFO - Module loaded.
2024-08-28 09:12:40,576 - elsapy.elssearch - INFO - Module loaded.
2024-08-28 09:14:09,238 - elsapy.elsclient - INFO - Module loaded.
2024-08-28 09:14:09,239 - elsapy.elsentity - INFO - Module loaded.
2024-08-28 09:14:09,240 - elsapy.utils - INFO - Module loaded.
2024-08-28 09:14:09,240 - elsapy.elsprofile - INFO - Module loaded.
2024-08-28 09:14:09,241 - elsapy.elsdoc - INFO - Module loaded.
2024-08-28 09:14:09,242 - elsapy.elssearch - INFO - Module loaded.
2024-08-28 09:22:08,240 - elsapy.elsclient - INFO - Module loaded.
2024-08-28 09:22:08,241 - elsapy.elsentity - INFO - Module loaded.
2024-08-28 09:22:08,242 - elsapy.utils - INFO - Module loaded.
2024-08-28 09:22:08,242 - elsapy.elsprofile - INFO - Module loaded.
2024-08-28 09:22:08,243 - elsapy.elsdoc - INFO - Module loaded.
2024-08-28 09:22:08,244 - elsapy.elssearch - INFO - Module loaded.
2024-08-28 09:24:43,444 - elsapy.elsclient - INFO - Module loaded.
2024-08-28 09:24:43,445 - elsapy.elsentity - INFO - Module loaded.
2024-08-28 09:24:43,446 - elsapy.utils - INFO - Module loaded.
2024-08-28 09:24:43,446 - elsapy.elsprofile - INFO - Module loaded.
2024-08-28 09:24:43,447 - elsapy.elsdoc - INFO - Module loaded.
2024-08-28 09:24:43,448 - elsapy.elssearch - INFO - Module loaded.
2024-08-28 09:26:18,528 - elsapy.elsclient - INFO - Module loaded.
2024-08-28 09:26:18,530 - elsapy.elsentity - INFO - Module loaded.
2024-08-28 09:26:18,530 - elsapy.utils - INFO - Module loaded.
2024-08-28 09:26:18,530 - elsapy.elsprofile - INFO - Module loaded.
2024-08-28 09:26:18,531 - elsapy.elsdoc - INFO - Module loaded.
2024-08-28 09:26:18,532 - elsapy.elssearch - INFO - Module loaded.
2024-08-28 09:28:21,739 - elsapy.elsclient - INFO - Module loaded.
2024-08-28 09:28:21,740 - elsapy.elsentity - INFO - Module loaded.
2024-08-28 09:28:21,741 - elsapy.utils - INFO - Module loaded.
2024-08-28 09:28:21,741 - elsapy.elsprofile - INFO - Module loaded.
2024-08-28 09:28:21,742 - elsapy.elsdoc - INFO - Module loaded.
2024-08-28 09:28:21,742 - elsapy.elssearch - INFO - Module loaded.
2024-08-28 09:29:38,752 - elsapy.elsclient - INFO - Module loaded.
2024-08-28 09:29:38,753 - elsapy.elsentity - INFO - Module loaded.
2024-08-28 09:29:38,753 - elsapy.utils - INFO - Module loaded.
2024-08-28 09:29:38,754 - elsapy.elsprofile - INFO - Module loaded.
2024-08-28 09:29:38,754 - elsapy.elsdoc - INFO - Module loaded.
2024-08-28 09:29:38,755 - elsapy.elssearch - INFO - Module loaded.
2024-08-28 09:31:10,317 - elsapy.elsclient - INFO - Module loaded.
2024-08-28 09:31:10,318 - elsapy.elsentity - INFO - Module loaded.
2024-08-28 09:31:10,318 - elsapy.utils - INFO - Module loaded.
2024-08-28 09:31:10,318 - elsapy.elsprofile - INFO - Module loaded.
2024-08-28 09:31:10,319 - elsapy.elsdoc - INFO - Module loaded.
2024-08-28 09:31:10,320 - elsapy.elssearch - INFO - Module loaded.
2024-08-28 09:37:11,686 - elsapy.elsclient - INFO - Module loaded.
2024-08-28 09:37:11,687 - elsapy.elsentity - INFO - Module loaded.
2024-08-28 09:37:11,687 - elsapy.utils - INFO - Module loaded.
2024-08-28 09:37:11,688 - elsapy.elsprofile - INFO - Module loaded.
2024-08-28 09:37:11,688 - elsapy.elsdoc - INFO - Module loaded.
2024-08-28 09:37:11,689 - elsapy.elssearch - INFO - Module loaded.
2024-08-28 14:09:51,614 - elsapy.elsclient - INFO - Module loaded.
2024-08-28 14:09:51,615 - elsapy.elsentity - INFO - Module loaded.
2024-08-28 14:09:51,616 - elsapy.utils - INFO - Module loaded.
2024-08-28 14:09:51,616 - elsapy.elsprofile - INFO - Module loaded.
2024-08-28 14:09:51,617 - elsapy.elsdoc - INFO - Module loaded.
2024-08-28 14:09:51,618 - elsapy.elssearch - INFO - Module loaded.
2024-08-28 14:12:38,511 - elsapy.elsclient - INFO - Module loaded.
2024-08-28 14:12:38,512 - elsapy.elsentity - INFO - Module loaded.
2024-08-28 14:12:38,513 - elsapy.utils - INFO - Module loaded.
2024-08-28 14:12:38,513 - elsapy.elsprofile - INFO - Module loaded.
2024-08-28 14:12:38,514 - elsapy.elsdoc - INFO - Module loaded.
2024-08-28 14:12:38,514 - elsapy.elssearch - INFO - Module loaded.
2024-08-28 14:13:33,930 - elsapy.elsclient - INFO - Module loaded.
2024-08-28 14:13:33,931 - elsapy.elsentity - INFO - Module loaded.
2024-08-28 14:13:33,932 - elsapy.utils - INFO - Module loaded.
2024-08-28 14:13:33,932 - elsapy.elsprofile - INFO - Module loaded.
2024-08-28 14:13:33,933 - elsapy.elsdoc - INFO - Module loaded.
2024-08-28 14:13:33,933 - elsapy.elssearch - INFO - Module loaded.
2024-08-28 14:18:00,429 - elsapy.elsclient - INFO - Module loaded.
2024-08-28 14:18:00,430 - elsapy.elsentity - INFO - Module loaded.
2024-08-28 14:18:00,430 - elsapy.utils - INFO - Module loaded.
2024-08-28 14:18:00,430 - elsapy.elsprofile - INFO - Module loaded.
2024-08-28 14:18:00,432 - elsapy.elsdoc - INFO - Module loaded.
2024-08-28 14:18:00,432 - elsapy.elssearch - INFO - Module loaded.
2024-08-28 14:36:08,426 - elsapy.elsclient - INFO - Module loaded.
2024-08-28 14:36:08,427 - elsapy.elsentity - INFO - Module loaded.
2024-08-28 14:36:08,427 - elsapy.utils - INFO - Module loaded.
2024-08-28 14:36:08,428 - elsapy.elsprofile - INFO - Module loaded.
2024-08-28 14:36:08,428 - elsapy.elsdoc - INFO - Module loaded.
2024-08-28 14:36:08,429 - elsapy.elssearch - INFO - Module loaded.
2024-08-28 23:58:47,237 - elsapy.elsclient - INFO - Module loaded.
2024-08-28 23:58:47,238 - elsapy.elsentity - INFO - Module loaded.
2024-08-28 23:58:47,239 - elsapy.utils - INFO - Module loaded.
2024-08-28 23:58:47,239 - elsapy.elsprofile - INFO - Module loaded.
2024-08-28 23:58:47,240 - elsapy.elsdoc - INFO - Module loaded.
2024-08-28 23:58:47,240 - elsapy.elssearch - INFO - Module loaded.
2024-08-28 23:59:38,227 - elsapy.elsclient - INFO - Module loaded.
2024-08-28 23:59:38,228 - elsapy.elsentity - INFO - Module loaded.
2024-08-28 23:59:38,229 - elsapy.utils - INFO - Module loaded.
2024-08-28 23:59:38,229 - elsapy.elsprofile - INFO - Module loaded.
2024-08-28 23:59:38,230 - elsapy.elsdoc - INFO - Module loaded.
2024-08-28 23:59:38,231 - elsapy.elssearch - INFO - Module loaded.
