2024-08-30 00:14:34,480 - elsapy.elsclient - INFO - Module loaded.
2024-08-30 00:14:34,482 - elsapy.elsentity - INFO - Module loaded.
2024-08-30 00:14:34,482 - elsapy.utils - INFO - Module loaded.
2024-08-30 00:14:34,483 - elsapy.elsprofile - INFO - Module loaded.
2024-08-30 00:14:34,483 - elsapy.elsdoc - INFO - Module loaded.
2024-08-30 00:14:34,484 - elsapy.elssearch - INFO - Module loaded.
2024-08-30 09:13:15,500 - elsapy.elsclient - INFO - Module loaded.
2024-08-30 09:13:15,502 - elsapy.elsentity - INFO - Module loaded.
2024-08-30 09:13:15,502 - elsapy.utils - INFO - Module loaded.
2024-08-30 09:13:15,503 - elsapy.elsprofile - INFO - Module loaded.
2024-08-30 09:13:15,503 - elsapy.elsdoc - INFO - Module loaded.
2024-08-30 09:13:15,505 - elsapy.elssearch - INFO - Module loaded.
2024-08-30 09:18:09,618 - elsapy.elsclient - INFO - Module loaded.
2024-08-30 09:18:09,619 - elsapy.elsentity - INFO - Module loaded.
2024-08-30 09:18:09,620 - elsapy.utils - INFO - Module loaded.
2024-08-30 09:18:09,620 - elsapy.elsprofile - INFO - Module loaded.
2024-08-30 09:18:09,621 - elsapy.elsdoc - INFO - Module loaded.
2024-08-30 09:18:09,621 - elsapy.elssearch - INFO - Module loaded.
2024-08-30 09:18:52,016 - elsapy.elsclient - INFO - Module loaded.
2024-08-30 09:18:52,017 - elsapy.elsentity - INFO - Module loaded.
2024-08-30 09:18:52,017 - elsapy.utils - INFO - Module loaded.
2024-08-30 09:18:52,018 - elsapy.elsprofile - INFO - Module loaded.
2024-08-30 09:18:52,018 - elsapy.elsdoc - INFO - Module loaded.
2024-08-30 09:18:52,019 - elsapy.elssearch - INFO - Module loaded.
2024-08-30 09:38:23,662 - elsapy.elsclient - INFO - Module loaded.
2024-08-30 09:38:23,664 - elsapy.elsentity - INFO - Module loaded.
2024-08-30 09:38:23,664 - elsapy.utils - INFO - Module loaded.
2024-08-30 09:38:23,665 - elsapy.elsprofile - INFO - Module loaded.
2024-08-30 09:38:23,665 - elsapy.elsdoc - INFO - Module loaded.
2024-08-30 09:38:23,666 - elsapy.elssearch - INFO - Module loaded.
2024-08-30 10:00:07,288 - elsapy.elsclient - INFO - Module loaded.
2024-08-30 10:00:07,289 - elsapy.elsentity - INFO - Module loaded.
2024-08-30 10:00:07,290 - elsapy.utils - INFO - Module loaded.
2024-08-30 10:00:07,290 - elsapy.elsprofile - INFO - Module loaded.
2024-08-30 10:00:07,291 - elsapy.elsdoc - INFO - Module loaded.
2024-08-30 10:00:07,292 - elsapy.elssearch - INFO - Module loaded.
2024-08-30 10:01:43,593 - elsapy.elsclient - INFO - Module loaded.
2024-08-30 10:01:43,594 - elsapy.elsentity - INFO - Module loaded.
2024-08-30 10:01:43,595 - elsapy.utils - INFO - Module loaded.
2024-08-30 10:01:43,595 - elsapy.elsprofile - INFO - Module loaded.
2024-08-30 10:01:43,596 - elsapy.elsdoc - INFO - Module loaded.
2024-08-30 10:01:43,597 - elsapy.elssearch - INFO - Module loaded.
2024-08-30 10:05:12,882 - elsapy.elsclient - INFO - Module loaded.
2024-08-30 10:05:12,882 - elsapy.elsentity - INFO - Module loaded.
2024-08-30 10:05:12,883 - elsapy.utils - INFO - Module loaded.
2024-08-30 10:05:12,884 - elsapy.elsprofile - INFO - Module loaded.
2024-08-30 10:05:12,884 - elsapy.elsdoc - INFO - Module loaded.
2024-08-30 10:05:12,885 - elsapy.elssearch - INFO - Module loaded.
2024-08-30 10:05:44,685 - elsapy.elsclient - INFO - Module loaded.
2024-08-30 10:05:44,686 - elsapy.elsentity - INFO - Module loaded.
2024-08-30 10:05:44,686 - elsapy.utils - INFO - Module loaded.
2024-08-30 10:05:44,687 - elsapy.elsprofile - INFO - Module loaded.
2024-08-30 10:05:44,687 - elsapy.elsdoc - INFO - Module loaded.
2024-08-30 10:05:44,688 - elsapy.elssearch - INFO - Module loaded.
2024-08-30 10:09:10,184 - elsapy.elsclient - INFO - Module loaded.
2024-08-30 10:09:10,185 - elsapy.elsentity - INFO - Module loaded.
2024-08-30 10:09:10,186 - elsapy.utils - INFO - Module loaded.
2024-08-30 10:09:10,186 - elsapy.elsprofile - INFO - Module loaded.
2024-08-30 10:09:10,187 - elsapy.elsdoc - INFO - Module loaded.
2024-08-30 10:09:10,188 - elsapy.elssearch - INFO - Module loaded.
2024-08-30 10:09:55,839 - elsapy.elsclient - INFO - Module loaded.
2024-08-30 10:09:55,840 - elsapy.elsentity - INFO - Module loaded.
2024-08-30 10:09:55,841 - elsapy.utils - INFO - Module loaded.
2024-08-30 10:09:55,841 - elsapy.elsprofile - INFO - Module loaded.
2024-08-30 10:09:55,842 - elsapy.elsdoc - INFO - Module loaded.
2024-08-30 10:09:55,843 - elsapy.elssearch - INFO - Module loaded.
2024-08-30 10:12:04,176 - elsapy.elsclient - INFO - Module loaded.
2024-08-30 10:12:04,177 - elsapy.elsentity - INFO - Module loaded.
2024-08-30 10:12:04,178 - elsapy.utils - INFO - Module loaded.
2024-08-30 10:12:04,178 - elsapy.elsprofile - INFO - Module loaded.
2024-08-30 10:12:04,178 - elsapy.elsdoc - INFO - Module loaded.
2024-08-30 10:12:04,179 - elsapy.elssearch - INFO - Module loaded.
2024-08-30 13:19:54,456 - elsapy.elsclient - INFO - Module loaded.
2024-08-30 13:19:54,457 - elsapy.elsentity - INFO - Module loaded.
2024-08-30 13:19:54,458 - elsapy.utils - INFO - Module loaded.
2024-08-30 13:19:54,458 - elsapy.elsprofile - INFO - Module loaded.
2024-08-30 13:19:54,459 - elsapy.elsdoc - INFO - Module loaded.
2024-08-30 13:19:54,460 - elsapy.elssearch - INFO - Module loaded.
2024-08-30 13:25:02,020 - elsapy.elsclient - INFO - Module loaded.
2024-08-30 13:25:02,022 - elsapy.elsentity - INFO - Module loaded.
2024-08-30 13:25:02,022 - elsapy.utils - INFO - Module loaded.
2024-08-30 13:25:02,022 - elsapy.elsprofile - INFO - Module loaded.
2024-08-30 13:25:02,023 - elsapy.elsdoc - INFO - Module loaded.
2024-08-30 13:25:02,024 - elsapy.elssearch - INFO - Module loaded.
2024-08-30 19:33:29,298 - elsapy.elsclient - INFO - Module loaded.
2024-08-30 19:33:29,299 - elsapy.elsentity - INFO - Module loaded.
2024-08-30 19:33:29,300 - elsapy.utils - INFO - Module loaded.
2024-08-30 19:33:29,300 - elsapy.elsprofile - INFO - Module loaded.
2024-08-30 19:33:29,301 - elsapy.elsdoc - INFO - Module loaded.
2024-08-30 19:33:29,302 - elsapy.elssearch - INFO - Module loaded.
2024-08-30 20:10:49,919 - elsapy.elsclient - INFO - Module loaded.
2024-08-30 20:10:49,920 - elsapy.elsentity - INFO - Module loaded.
2024-08-30 20:10:49,920 - elsapy.utils - INFO - Module loaded.
2024-08-30 20:10:49,921 - elsapy.elsprofile - INFO - Module loaded.
2024-08-30 20:10:49,921 - elsapy.elsdoc - INFO - Module loaded.
2024-08-30 20:10:49,922 - elsapy.elssearch - INFO - Module loaded.
2024-08-30 23:44:00,368 - elsapy.elsclient - INFO - Module loaded.
2024-08-30 23:44:00,369 - elsapy.elsentity - INFO - Module loaded.
2024-08-30 23:44:00,369 - elsapy.utils - INFO - Module loaded.
2024-08-30 23:44:00,370 - elsapy.elsprofile - INFO - Module loaded.
2024-08-30 23:44:00,370 - elsapy.elsdoc - INFO - Module loaded.
2024-08-30 23:44:00,371 - elsapy.elssearch - INFO - Module loaded.
2024-08-30 23:57:17,309 - elsapy.elsclient - INFO - Module loaded.
2024-08-30 23:57:17,310 - elsapy.elsentity - INFO - Module loaded.
2024-08-30 23:57:17,311 - elsapy.utils - INFO - Module loaded.
2024-08-30 23:57:17,311 - elsapy.elsprofile - INFO - Module loaded.
2024-08-30 23:57:17,312 - elsapy.elsdoc - INFO - Module loaded.
2024-08-30 23:57:17,313 - elsapy.elssearch - INFO - Module loaded.
