2024-09-26 18:31:47,604 - elsapy.elsclient - INFO - Module loaded.
2024-09-26 18:31:47,607 - elsapy.elsentity - INFO - Module loaded.
2024-09-26 18:31:47,608 - elsapy.utils - INFO - Module loaded.
2024-09-26 18:31:47,608 - elsapy.elsprofile - INFO - Module loaded.
2024-09-26 18:31:47,609 - elsapy.elsdoc - INFO - Module loaded.
2024-09-26 18:31:47,611 - elsapy.elssearch - INFO - Module loaded.
2024-09-26 21:13:58,889 - elsapy.elsclient - INFO - Module loaded.
2024-09-26 21:13:58,890 - elsapy.elsentity - INFO - Module loaded.
2024-09-26 21:13:58,891 - elsapy.utils - INFO - Module loaded.
2024-09-26 21:13:58,892 - elsapy.elsprofile - INFO - Module loaded.
2024-09-26 21:13:58,893 - elsapy.elsdoc - INFO - Module loaded.
2024-09-26 21:13:58,894 - elsapy.elssearch - INFO - Module loaded.
2024-09-26 21:16:26,832 - elsapy.elsclient - INFO - Module loaded.
2024-09-26 21:16:26,833 - elsapy.elsentity - INFO - Module loaded.
2024-09-26 21:16:26,834 - elsapy.utils - INFO - Module loaded.
2024-09-26 21:16:26,834 - elsapy.elsprofile - INFO - Module loaded.
2024-09-26 21:16:26,835 - elsapy.elsdoc - INFO - Module loaded.
2024-09-26 21:16:26,836 - elsapy.elssearch - INFO - Module loaded.
2024-09-26 21:16:52,961 - elsapy.elsclient - INFO - Module loaded.
2024-09-26 21:16:52,963 - elsapy.elsentity - INFO - Module loaded.
2024-09-26 21:16:52,963 - elsapy.utils - INFO - Module loaded.
2024-09-26 21:16:52,964 - elsapy.elsprofile - INFO - Module loaded.
2024-09-26 21:16:52,964 - elsapy.elsdoc - INFO - Module loaded.
2024-09-26 21:16:52,965 - elsapy.elssearch - INFO - Module loaded.
2024-09-26 21:17:35,594 - elsapy.elsclient - INFO - Module loaded.
2024-09-26 21:17:35,595 - elsapy.elsentity - INFO - Module loaded.
2024-09-26 21:17:35,596 - elsapy.utils - INFO - Module loaded.
2024-09-26 21:17:35,596 - elsapy.elsprofile - INFO - Module loaded.
2024-09-26 21:17:35,596 - elsapy.elsdoc - INFO - Module loaded.
2024-09-26 21:17:35,598 - elsapy.elssearch - INFO - Module loaded.
2024-09-26 21:19:39,854 - elsapy.elsclient - INFO - Module loaded.
2024-09-26 21:19:39,855 - elsapy.elsentity - INFO - Module loaded.
2024-09-26 21:19:39,856 - elsapy.utils - INFO - Module loaded.
2024-09-26 21:19:39,856 - elsapy.elsprofile - INFO - Module loaded.
2024-09-26 21:19:39,857 - elsapy.elsdoc - INFO - Module loaded.
2024-09-26 21:19:39,858 - elsapy.elssearch - INFO - Module loaded.
2024-09-26 21:21:25,452 - elsapy.elsclient - INFO - Module loaded.
2024-09-26 21:21:25,453 - elsapy.elsentity - INFO - Module loaded.
2024-09-26 21:21:25,454 - elsapy.utils - INFO - Module loaded.
2024-09-26 21:21:25,454 - elsapy.elsprofile - INFO - Module loaded.
2024-09-26 21:21:25,455 - elsapy.elsdoc - INFO - Module loaded.
2024-09-26 21:21:25,455 - elsapy.elssearch - INFO - Module loaded.
2024-09-26 21:26:29,508 - elsapy.elsclient - INFO - Module loaded.
2024-09-26 21:26:29,509 - elsapy.elsentity - INFO - Module loaded.
2024-09-26 21:26:29,509 - elsapy.utils - INFO - Module loaded.
2024-09-26 21:26:29,510 - elsapy.elsprofile - INFO - Module loaded.
2024-09-26 21:26:29,510 - elsapy.elsdoc - INFO - Module loaded.
2024-09-26 21:26:29,511 - elsapy.elssearch - INFO - Module loaded.
2024-09-26 21:27:27,449 - elsapy.elsclient - INFO - Module loaded.
2024-09-26 21:27:27,451 - elsapy.elsentity - INFO - Module loaded.
2024-09-26 21:27:27,451 - elsapy.utils - INFO - Module loaded.
2024-09-26 21:27:27,451 - elsapy.elsprofile - INFO - Module loaded.
2024-09-26 21:27:27,452 - elsapy.elsdoc - INFO - Module loaded.
2024-09-26 21:27:27,453 - elsapy.elssearch - INFO - Module loaded.
2024-09-26 21:28:11,837 - elsapy.elsclient - INFO - Module loaded.
2024-09-26 21:28:11,838 - elsapy.elsentity - INFO - Module loaded.
2024-09-26 21:28:11,839 - elsapy.utils - INFO - Module loaded.
2024-09-26 21:28:11,839 - elsapy.elsprofile - INFO - Module loaded.
2024-09-26 21:28:11,840 - elsapy.elsdoc - INFO - Module loaded.
2024-09-26 21:28:11,841 - elsapy.elssearch - INFO - Module loaded.
2024-09-26 21:29:30,142 - elsapy.elsclient - INFO - Module loaded.
2024-09-26 21:29:30,143 - elsapy.elsentity - INFO - Module loaded.
2024-09-26 21:29:30,144 - elsapy.utils - INFO - Module loaded.
2024-09-26 21:29:30,144 - elsapy.elsprofile - INFO - Module loaded.
2024-09-26 21:29:30,145 - elsapy.elsdoc - INFO - Module loaded.
2024-09-26 21:29:30,146 - elsapy.elssearch - INFO - Module loaded.
2024-09-26 21:29:56,463 - elsapy.elsclient - INFO - Module loaded.
2024-09-26 21:29:56,464 - elsapy.elsentity - INFO - Module loaded.
2024-09-26 21:29:56,465 - elsapy.utils - INFO - Module loaded.
2024-09-26 21:29:56,465 - elsapy.elsprofile - INFO - Module loaded.
2024-09-26 21:29:56,465 - elsapy.elsdoc - INFO - Module loaded.
2024-09-26 21:29:56,467 - elsapy.elssearch - INFO - Module loaded.
2024-09-26 21:30:27,027 - elsapy.elsclient - INFO - Module loaded.
2024-09-26 21:30:27,028 - elsapy.elsentity - INFO - Module loaded.
2024-09-26 21:30:27,029 - elsapy.utils - INFO - Module loaded.
2024-09-26 21:30:27,029 - elsapy.elsprofile - INFO - Module loaded.
2024-09-26 21:30:27,030 - elsapy.elsdoc - INFO - Module loaded.
2024-09-26 21:30:27,030 - elsapy.elssearch - INFO - Module loaded.
2024-09-26 21:30:49,296 - elsapy.elsclient - INFO - Module loaded.
2024-09-26 21:30:49,298 - elsapy.elsentity - INFO - Module loaded.
2024-09-26 21:30:49,298 - elsapy.utils - INFO - Module loaded.
2024-09-26 21:30:49,299 - elsapy.elsprofile - INFO - Module loaded.
2024-09-26 21:30:49,299 - elsapy.elsdoc - INFO - Module loaded.
2024-09-26 21:30:49,300 - elsapy.elssearch - INFO - Module loaded.
2024-09-26 21:41:20,554 - elsapy.elsclient - INFO - Module loaded.
2024-09-26 21:41:20,555 - elsapy.elsentity - INFO - Module loaded.
2024-09-26 21:41:20,556 - elsapy.utils - INFO - Module loaded.
2024-09-26 21:41:20,556 - elsapy.elsprofile - INFO - Module loaded.
2024-09-26 21:41:20,557 - elsapy.elsdoc - INFO - Module loaded.
2024-09-26 21:41:20,557 - elsapy.elssearch - INFO - Module loaded.
2024-09-26 21:46:22,875 - elsapy.elsclient - INFO - Module loaded.
2024-09-26 21:46:22,877 - elsapy.elsentity - INFO - Module loaded.
2024-09-26 21:46:22,877 - elsapy.utils - INFO - Module loaded.
2024-09-26 21:46:22,877 - elsapy.elsprofile - INFO - Module loaded.
2024-09-26 21:46:22,879 - elsapy.elsdoc - INFO - Module loaded.
2024-09-26 21:46:22,879 - elsapy.elssearch - INFO - Module loaded.
2024-09-26 21:46:50,242 - elsapy.elsclient - INFO - Module loaded.
2024-09-26 21:46:50,243 - elsapy.elsentity - INFO - Module loaded.
2024-09-26 21:46:50,243 - elsapy.utils - INFO - Module loaded.
2024-09-26 21:46:50,244 - elsapy.elsprofile - INFO - Module loaded.
2024-09-26 21:46:50,244 - elsapy.elsdoc - INFO - Module loaded.
2024-09-26 21:46:50,245 - elsapy.elssearch - INFO - Module loaded.
2024-09-26 21:55:07,707 - elsapy.elsclient - INFO - Module loaded.
2024-09-26 21:55:07,709 - elsapy.elsentity - INFO - Module loaded.
2024-09-26 21:55:07,709 - elsapy.utils - INFO - Module loaded.
2024-09-26 21:55:07,710 - elsapy.elsprofile - INFO - Module loaded.
2024-09-26 21:55:07,710 - elsapy.elsdoc - INFO - Module loaded.
2024-09-26 21:55:07,711 - elsapy.elssearch - INFO - Module loaded.
2024-09-26 22:04:49,190 - elsapy.elsclient - INFO - Module loaded.
2024-09-26 22:04:49,192 - elsapy.elsentity - INFO - Module loaded.
2024-09-26 22:04:49,192 - elsapy.utils - INFO - Module loaded.
2024-09-26 22:04:49,193 - elsapy.elsprofile - INFO - Module loaded.
2024-09-26 22:04:49,193 - elsapy.elsdoc - INFO - Module loaded.
2024-09-26 22:04:49,194 - elsapy.elssearch - INFO - Module loaded.
2024-09-26 22:05:39,116 - elsapy.elsclient - INFO - Module loaded.
2024-09-26 22:05:39,117 - elsapy.elsentity - INFO - Module loaded.
2024-09-26 22:05:39,118 - elsapy.utils - INFO - Module loaded.
2024-09-26 22:05:39,118 - elsapy.elsprofile - INFO - Module loaded.
2024-09-26 22:05:39,119 - elsapy.elsdoc - INFO - Module loaded.
2024-09-26 22:05:39,120 - elsapy.elssearch - INFO - Module loaded.
2024-09-26 22:08:49,562 - elsapy.elsclient - INFO - Module loaded.
2024-09-26 22:08:49,563 - elsapy.elsentity - INFO - Module loaded.
2024-09-26 22:08:49,564 - elsapy.utils - INFO - Module loaded.
2024-09-26 22:08:49,564 - elsapy.elsprofile - INFO - Module loaded.
2024-09-26 22:08:49,565 - elsapy.elsdoc - INFO - Module loaded.
2024-09-26 22:08:49,565 - elsapy.elssearch - INFO - Module loaded.
2024-09-26 22:09:49,906 - elsapy.elsclient - INFO - Module loaded.
2024-09-26 22:09:49,908 - elsapy.elsentity - INFO - Module loaded.
2024-09-26 22:09:49,908 - elsapy.utils - INFO - Module loaded.
2024-09-26 22:09:49,909 - elsapy.elsprofile - INFO - Module loaded.
2024-09-26 22:09:49,909 - elsapy.elsdoc - INFO - Module loaded.
2024-09-26 22:09:49,910 - elsapy.elssearch - INFO - Module loaded.
2024-09-26 22:13:10,445 - elsapy.elsclient - INFO - Module loaded.
2024-09-26 22:13:10,446 - elsapy.elsentity - INFO - Module loaded.
2024-09-26 22:13:10,447 - elsapy.utils - INFO - Module loaded.
2024-09-26 22:13:10,447 - elsapy.elsprofile - INFO - Module loaded.
2024-09-26 22:13:10,448 - elsapy.elsdoc - INFO - Module loaded.
2024-09-26 22:13:10,448 - elsapy.elssearch - INFO - Module loaded.
