2024-05-24 12:17:04,333 - elsapy.elsclient - INFO - Module loaded.
2024-05-24 12:17:04,335 - elsapy.elsentity - INFO - Module loaded.
2024-05-24 12:17:04,335 - elsapy.utils - INFO - Module loaded.
2024-05-24 12:17:04,336 - elsapy.elsprofile - INFO - Module loaded.
2024-05-24 12:17:04,337 - elsapy.elsdoc - INFO - Module loaded.
2024-05-24 12:17:04,337 - elsapy.elssearch - INFO - Module loaded.
2024-05-24 12:21:20,543 - elsapy.elsclient - INFO - Module loaded.
2024-05-24 12:21:20,544 - elsapy.elsentity - INFO - Module loaded.
2024-05-24 12:21:20,545 - elsapy.utils - INFO - Module loaded.
2024-05-24 12:21:20,545 - elsapy.elsprofile - INFO - Module loaded.
2024-05-24 12:21:20,546 - elsapy.elsdoc - INFO - Module loaded.
2024-05-24 12:21:20,547 - elsapy.elssearch - INFO - Module loaded.
2024-05-24 12:23:36,427 - elsapy.elsclient - INFO - Module loaded.
2024-05-24 12:23:36,428 - elsapy.elsentity - INFO - Module loaded.
2024-05-24 12:23:36,428 - elsapy.utils - INFO - Module loaded.
2024-05-24 12:23:36,429 - elsapy.elsprofile - INFO - Module loaded.
2024-05-24 12:23:36,429 - elsapy.elsdoc - INFO - Module loaded.
2024-05-24 12:23:36,430 - elsapy.elssearch - INFO - Module loaded.
2024-05-24 12:27:26,885 - elsapy.elsclient - INFO - Module loaded.
2024-05-24 12:27:26,887 - elsapy.elsentity - INFO - Module loaded.
2024-05-24 12:27:26,888 - elsapy.utils - INFO - Module loaded.
2024-05-24 12:27:26,888 - elsapy.elsprofile - INFO - Module loaded.
2024-05-24 12:27:26,889 - elsapy.elsdoc - INFO - Module loaded.
2024-05-24 12:27:26,890 - elsapy.elssearch - INFO - Module loaded.
2024-05-24 12:29:04,625 - elsapy.elsclient - INFO - Module loaded.
2024-05-24 12:29:04,633 - elsapy.elsentity - INFO - Module loaded.
2024-05-24 12:29:04,637 - elsapy.utils - INFO - Module loaded.
2024-05-24 12:29:04,638 - elsapy.elsprofile - INFO - Module loaded.
2024-05-24 12:29:04,642 - elsapy.elsdoc - INFO - Module loaded.
2024-05-24 12:29:04,647 - elsapy.elssearch - INFO - Module loaded.
2024-05-24 12:30:18,923 - elsapy.elsclient - INFO - Module loaded.
2024-05-24 12:30:18,924 - elsapy.elsentity - INFO - Module loaded.
2024-05-24 12:30:18,925 - elsapy.utils - INFO - Module loaded.
2024-05-24 12:30:18,925 - elsapy.elsprofile - INFO - Module loaded.
2024-05-24 12:30:18,926 - elsapy.elsdoc - INFO - Module loaded.
2024-05-24 12:30:18,927 - elsapy.elssearch - INFO - Module loaded.
2024-05-24 12:39:39,206 - elsapy.elsclient - INFO - Module loaded.
2024-05-24 12:39:39,218 - elsapy.elsentity - INFO - Module loaded.
2024-05-24 12:39:39,222 - elsapy.utils - INFO - Module loaded.
2024-05-24 12:39:39,222 - elsapy.elsprofile - INFO - Module loaded.
2024-05-24 12:39:39,226 - elsapy.elsdoc - INFO - Module loaded.
2024-05-24 12:39:39,229 - elsapy.elssearch - INFO - Module loaded.
2024-05-24 12:42:38,203 - elsapy.elsclient - INFO - Module loaded.
2024-05-24 12:42:38,205 - elsapy.elsentity - INFO - Module loaded.
2024-05-24 12:42:38,205 - elsapy.utils - INFO - Module loaded.
2024-05-24 12:42:38,205 - elsapy.elsprofile - INFO - Module loaded.
2024-05-24 12:42:38,206 - elsapy.elsdoc - INFO - Module loaded.
2024-05-24 12:42:38,207 - elsapy.elssearch - INFO - Module loaded.
2024-05-24 12:45:44,576 - elsapy.elsclient - INFO - Module loaded.
2024-05-24 12:45:44,577 - elsapy.elsentity - INFO - Module loaded.
2024-05-24 12:45:44,577 - elsapy.utils - INFO - Module loaded.
2024-05-24 12:45:44,578 - elsapy.elsprofile - INFO - Module loaded.
2024-05-24 12:45:44,578 - elsapy.elsdoc - INFO - Module loaded.
2024-05-24 12:45:44,579 - elsapy.elssearch - INFO - Module loaded.
2024-05-24 12:48:08,470 - elsapy.elsclient - INFO - Module loaded.
2024-05-24 12:48:08,471 - elsapy.elsentity - INFO - Module loaded.
2024-05-24 12:48:08,472 - elsapy.utils - INFO - Module loaded.
2024-05-24 12:48:08,472 - elsapy.elsprofile - INFO - Module loaded.
2024-05-24 12:48:08,473 - elsapy.elsdoc - INFO - Module loaded.
2024-05-24 12:48:08,474 - elsapy.elssearch - INFO - Module loaded.
2024-05-24 13:59:47,251 - elsapy.elsclient - INFO - Module loaded.
2024-05-24 13:59:47,252 - elsapy.elsentity - INFO - Module loaded.
2024-05-24 13:59:47,253 - elsapy.utils - INFO - Module loaded.
2024-05-24 13:59:47,253 - elsapy.elsprofile - INFO - Module loaded.
2024-05-24 13:59:47,254 - elsapy.elsdoc - INFO - Module loaded.
2024-05-24 13:59:47,255 - elsapy.elssearch - INFO - Module loaded.
2024-05-24 14:00:33,051 - elsapy.elsclient - INFO - Module loaded.
2024-05-24 14:00:33,052 - elsapy.elsentity - INFO - Module loaded.
2024-05-24 14:00:33,053 - elsapy.utils - INFO - Module loaded.
2024-05-24 14:00:33,053 - elsapy.elsprofile - INFO - Module loaded.
2024-05-24 14:00:33,054 - elsapy.elsdoc - INFO - Module loaded.
2024-05-24 14:00:33,055 - elsapy.elssearch - INFO - Module loaded.
2024-05-24 17:30:17,241 - elsapy.elsclient - INFO - Module loaded.
2024-05-24 17:30:17,242 - elsapy.elsentity - INFO - Module loaded.
2024-05-24 17:30:17,242 - elsapy.utils - INFO - Module loaded.
2024-05-24 17:30:17,243 - elsapy.elsprofile - INFO - Module loaded.
2024-05-24 17:30:17,243 - elsapy.elsdoc - INFO - Module loaded.
2024-05-24 17:30:17,244 - elsapy.elssearch - INFO - Module loaded.
