2024-09-04 00:22:59,712 - elsapy.elsclient - INFO - Module loaded.
2024-09-04 00:22:59,714 - elsapy.elsentity - INFO - Module loaded.
2024-09-04 00:22:59,714 - elsapy.utils - INFO - Module loaded.
2024-09-04 00:22:59,715 - elsapy.elsprofile - INFO - Module loaded.
2024-09-04 00:22:59,715 - elsapy.elsdoc - INFO - Module loaded.
2024-09-04 00:22:59,716 - elsapy.elssearch - INFO - Module loaded.
2024-09-04 00:23:18,080 - elsapy.elsclient - INFO - Module loaded.
2024-09-04 00:23:18,081 - elsapy.elsentity - INFO - Module loaded.
2024-09-04 00:23:18,082 - elsapy.utils - INFO - Module loaded.
2024-09-04 00:23:18,082 - elsapy.elsprofile - INFO - Module loaded.
2024-09-04 00:23:18,083 - elsapy.elsdoc - INFO - Module loaded.
2024-09-04 00:23:18,085 - elsapy.elssearch - INFO - Module loaded.
2024-09-04 00:41:45,234 - elsapy.elsclient - INFO - Module loaded.
2024-09-04 00:41:45,235 - elsapy.elsentity - INFO - Module loaded.
2024-09-04 00:41:45,235 - elsapy.utils - INFO - Module loaded.
2024-09-04 00:41:45,236 - elsapy.elsprofile - INFO - Module loaded.
2024-09-04 00:41:45,237 - elsapy.elsdoc - INFO - Module loaded.
2024-09-04 00:41:45,237 - elsapy.elssearch - INFO - Module loaded.
2024-09-04 00:52:46,794 - elsapy.elsclient - INFO - Module loaded.
2024-09-04 00:52:46,795 - elsapy.elsentity - INFO - Module loaded.
2024-09-04 00:52:46,796 - elsapy.utils - INFO - Module loaded.
2024-09-04 00:52:46,796 - elsapy.elsprofile - INFO - Module loaded.
2024-09-04 00:52:46,797 - elsapy.elsdoc - INFO - Module loaded.
2024-09-04 00:52:46,798 - elsapy.elssearch - INFO - Module loaded.
2024-09-04 08:45:19,492 - elsapy.elsclient - INFO - Module loaded.
2024-09-04 08:45:19,494 - elsapy.elsentity - INFO - Module loaded.
2024-09-04 08:45:19,494 - elsapy.utils - INFO - Module loaded.
2024-09-04 08:45:19,495 - elsapy.elsprofile - INFO - Module loaded.
2024-09-04 08:45:19,495 - elsapy.elsdoc - INFO - Module loaded.
2024-09-04 08:45:19,496 - elsapy.elssearch - INFO - Module loaded.
2024-09-04 08:50:29,390 - elsapy.elsclient - INFO - Module loaded.
2024-09-04 08:50:29,391 - elsapy.elsentity - INFO - Module loaded.
2024-09-04 08:50:29,392 - elsapy.utils - INFO - Module loaded.
2024-09-04 08:50:29,392 - elsapy.elsprofile - INFO - Module loaded.
2024-09-04 08:50:29,393 - elsapy.elsdoc - INFO - Module loaded.
2024-09-04 08:50:29,394 - elsapy.elssearch - INFO - Module loaded.
2024-09-04 08:50:59,210 - elsapy.elsclient - INFO - Module loaded.
2024-09-04 08:50:59,211 - elsapy.elsentity - INFO - Module loaded.
2024-09-04 08:50:59,212 - elsapy.utils - INFO - Module loaded.
2024-09-04 08:50:59,212 - elsapy.elsprofile - INFO - Module loaded.
2024-09-04 08:50:59,213 - elsapy.elsdoc - INFO - Module loaded.
2024-09-04 08:50:59,213 - elsapy.elssearch - INFO - Module loaded.
2024-09-04 08:53:29,725 - elsapy.elsclient - INFO - Module loaded.
2024-09-04 08:53:29,726 - elsapy.elsentity - INFO - Module loaded.
2024-09-04 08:53:29,726 - elsapy.utils - INFO - Module loaded.
2024-09-04 08:53:29,727 - elsapy.elsprofile - INFO - Module loaded.
2024-09-04 08:53:29,727 - elsapy.elsdoc - INFO - Module loaded.
2024-09-04 08:53:29,728 - elsapy.elssearch - INFO - Module loaded.
2024-09-04 08:53:51,595 - elsapy.elsclient - INFO - Module loaded.
2024-09-04 08:53:51,597 - elsapy.elsentity - INFO - Module loaded.
2024-09-04 08:53:51,597 - elsapy.utils - INFO - Module loaded.
2024-09-04 08:53:51,597 - elsapy.elsprofile - INFO - Module loaded.
2024-09-04 08:53:51,598 - elsapy.elsdoc - INFO - Module loaded.
2024-09-04 08:53:51,599 - elsapy.elssearch - INFO - Module loaded.
2024-09-04 08:56:16,385 - elsapy.elsclient - INFO - Module loaded.
2024-09-04 08:56:16,386 - elsapy.elsentity - INFO - Module loaded.
2024-09-04 08:56:16,386 - elsapy.utils - INFO - Module loaded.
2024-09-04 08:56:16,387 - elsapy.elsprofile - INFO - Module loaded.
2024-09-04 08:56:16,387 - elsapy.elsdoc - INFO - Module loaded.
2024-09-04 08:56:16,388 - elsapy.elssearch - INFO - Module loaded.
2024-09-04 08:59:51,804 - elsapy.elsclient - INFO - Module loaded.
2024-09-04 08:59:51,805 - elsapy.elsentity - INFO - Module loaded.
2024-09-04 08:59:51,806 - elsapy.utils - INFO - Module loaded.
2024-09-04 08:59:51,806 - elsapy.elsprofile - INFO - Module loaded.
2024-09-04 08:59:51,807 - elsapy.elsdoc - INFO - Module loaded.
2024-09-04 08:59:51,807 - elsapy.elssearch - INFO - Module loaded.
2024-09-04 09:32:59,909 - elsapy.elsclient - INFO - Module loaded.
2024-09-04 09:32:59,910 - elsapy.elsentity - INFO - Module loaded.
2024-09-04 09:32:59,911 - elsapy.utils - INFO - Module loaded.
2024-09-04 09:32:59,911 - elsapy.elsprofile - INFO - Module loaded.
2024-09-04 09:32:59,912 - elsapy.elsdoc - INFO - Module loaded.
2024-09-04 09:32:59,912 - elsapy.elssearch - INFO - Module loaded.
2024-09-04 09:33:28,487 - elsapy.elsclient - INFO - Module loaded.
2024-09-04 09:33:28,488 - elsapy.elsentity - INFO - Module loaded.
2024-09-04 09:33:28,488 - elsapy.utils - INFO - Module loaded.
2024-09-04 09:33:28,489 - elsapy.elsprofile - INFO - Module loaded.
2024-09-04 09:33:28,489 - elsapy.elsdoc - INFO - Module loaded.
2024-09-04 09:33:28,490 - elsapy.elssearch - INFO - Module loaded.
2024-09-04 09:35:20,676 - elsapy.elsclient - INFO - Module loaded.
2024-09-04 09:35:20,677 - elsapy.elsentity - INFO - Module loaded.
2024-09-04 09:35:20,678 - elsapy.utils - INFO - Module loaded.
2024-09-04 09:35:20,678 - elsapy.elsprofile - INFO - Module loaded.
2024-09-04 09:35:20,679 - elsapy.elsdoc - INFO - Module loaded.
2024-09-04 09:35:20,679 - elsapy.elssearch - INFO - Module loaded.
2024-09-04 09:37:22,626 - elsapy.elsclient - INFO - Module loaded.
2024-09-04 09:37:22,627 - elsapy.elsentity - INFO - Module loaded.
2024-09-04 09:37:22,628 - elsapy.utils - INFO - Module loaded.
2024-09-04 09:37:22,628 - elsapy.elsprofile - INFO - Module loaded.
2024-09-04 09:37:22,629 - elsapy.elsdoc - INFO - Module loaded.
2024-09-04 09:37:22,630 - elsapy.elssearch - INFO - Module loaded.
2024-09-04 09:42:22,230 - elsapy.elsclient - INFO - Module loaded.
2024-09-04 09:42:22,231 - elsapy.elsentity - INFO - Module loaded.
2024-09-04 09:42:22,232 - elsapy.utils - INFO - Module loaded.
2024-09-04 09:42:22,232 - elsapy.elsprofile - INFO - Module loaded.
2024-09-04 09:42:22,233 - elsapy.elsdoc - INFO - Module loaded.
2024-09-04 09:42:22,234 - elsapy.elssearch - INFO - Module loaded.
2024-09-04 09:42:59,268 - elsapy.elsclient - INFO - Module loaded.
2024-09-04 09:42:59,269 - elsapy.elsentity - INFO - Module loaded.
2024-09-04 09:42:59,269 - elsapy.utils - INFO - Module loaded.
2024-09-04 09:42:59,270 - elsapy.elsprofile - INFO - Module loaded.
2024-09-04 09:42:59,270 - elsapy.elsdoc - INFO - Module loaded.
2024-09-04 09:42:59,271 - elsapy.elssearch - INFO - Module loaded.
2024-09-04 10:00:33,845 - elsapy.elsclient - INFO - Module loaded.
2024-09-04 10:00:33,846 - elsapy.elsentity - INFO - Module loaded.
2024-09-04 10:00:33,847 - elsapy.utils - INFO - Module loaded.
2024-09-04 10:00:33,847 - elsapy.elsprofile - INFO - Module loaded.
2024-09-04 10:00:33,848 - elsapy.elsdoc - INFO - Module loaded.
2024-09-04 10:00:33,849 - elsapy.elssearch - INFO - Module loaded.
2024-09-04 10:01:07,488 - elsapy.elsclient - INFO - Module loaded.
2024-09-04 10:01:07,489 - elsapy.elsentity - INFO - Module loaded.
2024-09-04 10:01:07,490 - elsapy.utils - INFO - Module loaded.
2024-09-04 10:01:07,490 - elsapy.elsprofile - INFO - Module loaded.
2024-09-04 10:01:07,491 - elsapy.elsdoc - INFO - Module loaded.
2024-09-04 10:01:07,491 - elsapy.elssearch - INFO - Module loaded.
2024-09-04 18:57:42,658 - elsapy.elsclient - INFO - Module loaded.
2024-09-04 18:57:42,659 - elsapy.elsentity - INFO - Module loaded.
2024-09-04 18:57:42,660 - elsapy.utils - INFO - Module loaded.
2024-09-04 18:57:42,660 - elsapy.elsprofile - INFO - Module loaded.
2024-09-04 18:57:42,661 - elsapy.elsdoc - INFO - Module loaded.
2024-09-04 18:57:42,661 - elsapy.elssearch - INFO - Module loaded.
2024-09-04 19:39:04,970 - elsapy.elsclient - INFO - Module loaded.
2024-09-04 19:39:04,971 - elsapy.elsentity - INFO - Module loaded.
2024-09-04 19:39:04,971 - elsapy.utils - INFO - Module loaded.
2024-09-04 19:39:04,972 - elsapy.elsprofile - INFO - Module loaded.
2024-09-04 19:39:04,972 - elsapy.elsdoc - INFO - Module loaded.
2024-09-04 19:39:04,973 - elsapy.elssearch - INFO - Module loaded.
2024-09-04 21:00:39,891 - elsapy.elsclient - INFO - Module loaded.
2024-09-04 21:00:39,892 - elsapy.elsentity - INFO - Module loaded.
2024-09-04 21:00:39,893 - elsapy.utils - INFO - Module loaded.
2024-09-04 21:00:39,893 - elsapy.elsprofile - INFO - Module loaded.
2024-09-04 21:00:39,894 - elsapy.elsdoc - INFO - Module loaded.
2024-09-04 21:00:39,894 - elsapy.elssearch - INFO - Module loaded.
2024-09-04 21:01:40,266 - elsapy.elsclient - INFO - Module loaded.
2024-09-04 21:01:40,267 - elsapy.elsentity - INFO - Module loaded.
2024-09-04 21:01:40,268 - elsapy.utils - INFO - Module loaded.
2024-09-04 21:01:40,268 - elsapy.elsprofile - INFO - Module loaded.
2024-09-04 21:01:40,269 - elsapy.elsdoc - INFO - Module loaded.
2024-09-04 21:01:40,270 - elsapy.elssearch - INFO - Module loaded.
2024-09-04 21:04:18,964 - elsapy.elsclient - INFO - Module loaded.
2024-09-04 21:04:18,965 - elsapy.elsentity - INFO - Module loaded.
2024-09-04 21:04:18,966 - elsapy.utils - INFO - Module loaded.
2024-09-04 21:04:18,966 - elsapy.elsprofile - INFO - Module loaded.
2024-09-04 21:04:18,967 - elsapy.elsdoc - INFO - Module loaded.
2024-09-04 21:04:18,967 - elsapy.elssearch - INFO - Module loaded.
2024-09-04 21:26:20,657 - elsapy.elsclient - INFO - Module loaded.
2024-09-04 21:26:20,658 - elsapy.elsentity - INFO - Module loaded.
2024-09-04 21:26:20,658 - elsapy.utils - INFO - Module loaded.
2024-09-04 21:26:20,659 - elsapy.elsprofile - INFO - Module loaded.
2024-09-04 21:26:20,659 - elsapy.elsdoc - INFO - Module loaded.
2024-09-04 21:26:20,660 - elsapy.elssearch - INFO - Module loaded.
2024-09-04 21:27:06,160 - elsapy.elsclient - INFO - Module loaded.
2024-09-04 21:27:06,161 - elsapy.elsentity - INFO - Module loaded.
2024-09-04 21:27:06,161 - elsapy.utils - INFO - Module loaded.
2024-09-04 21:27:06,162 - elsapy.elsprofile - INFO - Module loaded.
2024-09-04 21:27:06,162 - elsapy.elsdoc - INFO - Module loaded.
2024-09-04 21:27:06,163 - elsapy.elssearch - INFO - Module loaded.
2024-09-04 21:33:25,333 - elsapy.elsclient - INFO - Module loaded.
2024-09-04 21:33:25,334 - elsapy.elsentity - INFO - Module loaded.
2024-09-04 21:33:25,335 - elsapy.utils - INFO - Module loaded.
2024-09-04 21:33:25,335 - elsapy.elsprofile - INFO - Module loaded.
2024-09-04 21:33:25,336 - elsapy.elsdoc - INFO - Module loaded.
2024-09-04 21:33:25,337 - elsapy.elssearch - INFO - Module loaded.
2024-09-04 21:35:14,778 - elsapy.elsclient - INFO - Module loaded.
2024-09-04 21:35:14,779 - elsapy.elsentity - INFO - Module loaded.
2024-09-04 21:35:14,780 - elsapy.utils - INFO - Module loaded.
2024-09-04 21:35:14,780 - elsapy.elsprofile - INFO - Module loaded.
2024-09-04 21:35:14,781 - elsapy.elsdoc - INFO - Module loaded.
2024-09-04 21:35:14,781 - elsapy.elssearch - INFO - Module loaded.
2024-09-04 21:35:55,276 - elsapy.elsclient - INFO - Module loaded.
2024-09-04 21:35:55,277 - elsapy.elsentity - INFO - Module loaded.
2024-09-04 21:35:55,277 - elsapy.utils - INFO - Module loaded.
2024-09-04 21:35:55,278 - elsapy.elsprofile - INFO - Module loaded.
2024-09-04 21:35:55,278 - elsapy.elsdoc - INFO - Module loaded.
2024-09-04 21:35:55,279 - elsapy.elssearch - INFO - Module loaded.
2024-09-04 21:36:57,504 - elsapy.elsclient - INFO - Module loaded.
2024-09-04 21:36:57,505 - elsapy.elsentity - INFO - Module loaded.
2024-09-04 21:36:57,506 - elsapy.utils - INFO - Module loaded.
2024-09-04 21:36:57,506 - elsapy.elsprofile - INFO - Module loaded.
2024-09-04 21:36:57,507 - elsapy.elsdoc - INFO - Module loaded.
2024-09-04 21:36:57,508 - elsapy.elssearch - INFO - Module loaded.
2024-09-04 21:39:25,987 - elsapy.elsclient - INFO - Module loaded.
2024-09-04 21:39:25,988 - elsapy.elsentity - INFO - Module loaded.
2024-09-04 21:39:25,989 - elsapy.utils - INFO - Module loaded.
2024-09-04 21:39:25,989 - elsapy.elsprofile - INFO - Module loaded.
2024-09-04 21:39:25,990 - elsapy.elsdoc - INFO - Module loaded.
2024-09-04 21:39:25,990 - elsapy.elssearch - INFO - Module loaded.
2024-09-04 21:41:50,754 - elsapy.elsclient - INFO - Module loaded.
2024-09-04 21:41:50,755 - elsapy.elsentity - INFO - Module loaded.
2024-09-04 21:41:50,756 - elsapy.utils - INFO - Module loaded.
2024-09-04 21:41:50,756 - elsapy.elsprofile - INFO - Module loaded.
2024-09-04 21:41:50,757 - elsapy.elsdoc - INFO - Module loaded.
2024-09-04 21:41:50,757 - elsapy.elssearch - INFO - Module loaded.
2024-09-04 21:47:24,808 - elsapy.elsclient - INFO - Module loaded.
2024-09-04 21:47:24,809 - elsapy.elsentity - INFO - Module loaded.
2024-09-04 21:47:24,810 - elsapy.utils - INFO - Module loaded.
2024-09-04 21:47:24,810 - elsapy.elsprofile - INFO - Module loaded.
2024-09-04 21:47:24,811 - elsapy.elsdoc - INFO - Module loaded.
2024-09-04 21:47:24,812 - elsapy.elssearch - INFO - Module loaded.
2024-09-04 21:51:03,015 - elsapy.elsclient - INFO - Module loaded.
2024-09-04 21:51:03,016 - elsapy.elsentity - INFO - Module loaded.
2024-09-04 21:51:03,016 - elsapy.utils - INFO - Module loaded.
2024-09-04 21:51:03,017 - elsapy.elsprofile - INFO - Module loaded.
2024-09-04 21:51:03,017 - elsapy.elsdoc - INFO - Module loaded.
2024-09-04 21:51:03,018 - elsapy.elssearch - INFO - Module loaded.
2024-09-04 21:53:15,083 - elsapy.elsclient - INFO - Module loaded.
2024-09-04 21:53:15,084 - elsapy.elsentity - INFO - Module loaded.
2024-09-04 21:53:15,084 - elsapy.utils - INFO - Module loaded.
2024-09-04 21:53:15,085 - elsapy.elsprofile - INFO - Module loaded.
2024-09-04 21:53:15,085 - elsapy.elsdoc - INFO - Module loaded.
2024-09-04 21:53:15,086 - elsapy.elssearch - INFO - Module loaded.
2024-09-04 21:54:17,767 - elsapy.elsclient - INFO - Module loaded.
2024-09-04 21:54:17,768 - elsapy.elsentity - INFO - Module loaded.
2024-09-04 21:54:17,769 - elsapy.utils - INFO - Module loaded.
2024-09-04 21:54:17,769 - elsapy.elsprofile - INFO - Module loaded.
2024-09-04 21:54:17,770 - elsapy.elsdoc - INFO - Module loaded.
2024-09-04 21:54:17,771 - elsapy.elssearch - INFO - Module loaded.
2024-09-04 21:55:01,759 - elsapy.elsclient - INFO - Module loaded.
2024-09-04 21:55:01,760 - elsapy.elsentity - INFO - Module loaded.
2024-09-04 21:55:01,761 - elsapy.utils - INFO - Module loaded.
2024-09-04 21:55:01,761 - elsapy.elsprofile - INFO - Module loaded.
2024-09-04 21:55:01,762 - elsapy.elsdoc - INFO - Module loaded.
2024-09-04 21:55:01,763 - elsapy.elssearch - INFO - Module loaded.
2024-09-04 21:55:29,192 - elsapy.elsclient - INFO - Module loaded.
2024-09-04 21:55:29,193 - elsapy.elsentity - INFO - Module loaded.
2024-09-04 21:55:29,194 - elsapy.utils - INFO - Module loaded.
2024-09-04 21:55:29,194 - elsapy.elsprofile - INFO - Module loaded.
2024-09-04 21:55:29,195 - elsapy.elsdoc - INFO - Module loaded.
2024-09-04 21:55:29,195 - elsapy.elssearch - INFO - Module loaded.
2024-09-04 21:56:23,295 - elsapy.elsclient - INFO - Module loaded.
2024-09-04 21:56:23,296 - elsapy.elsentity - INFO - Module loaded.
2024-09-04 21:56:23,297 - elsapy.utils - INFO - Module loaded.
2024-09-04 21:56:23,297 - elsapy.elsprofile - INFO - Module loaded.
2024-09-04 21:56:23,298 - elsapy.elsdoc - INFO - Module loaded.
2024-09-04 21:56:23,299 - elsapy.elssearch - INFO - Module loaded.
2024-09-04 22:00:35,970 - elsapy.elsclient - INFO - Module loaded.
2024-09-04 22:00:35,972 - elsapy.elsentity - INFO - Module loaded.
2024-09-04 22:00:35,972 - elsapy.utils - INFO - Module loaded.
2024-09-04 22:00:35,973 - elsapy.elsprofile - INFO - Module loaded.
2024-09-04 22:00:35,973 - elsapy.elsdoc - INFO - Module loaded.
2024-09-04 22:00:35,974 - elsapy.elssearch - INFO - Module loaded.
2024-09-04 22:02:52,207 - elsapy.elsclient - INFO - Module loaded.
2024-09-04 22:02:52,208 - elsapy.elsentity - INFO - Module loaded.
2024-09-04 22:02:52,209 - elsapy.utils - INFO - Module loaded.
2024-09-04 22:02:52,209 - elsapy.elsprofile - INFO - Module loaded.
2024-09-04 22:02:52,210 - elsapy.elsdoc - INFO - Module loaded.
2024-09-04 22:02:52,211 - elsapy.elssearch - INFO - Module loaded.
2024-09-04 22:06:49,935 - elsapy.elsclient - INFO - Module loaded.
2024-09-04 22:06:49,936 - elsapy.elsentity - INFO - Module loaded.
2024-09-04 22:06:49,936 - elsapy.utils - INFO - Module loaded.
2024-09-04 22:06:49,937 - elsapy.elsprofile - INFO - Module loaded.
2024-09-04 22:06:49,938 - elsapy.elsdoc - INFO - Module loaded.
2024-09-04 22:06:49,938 - elsapy.elssearch - INFO - Module loaded.
2024-09-04 22:07:26,689 - elsapy.elsclient - INFO - Module loaded.
2024-09-04 22:07:26,690 - elsapy.elsentity - INFO - Module loaded.
2024-09-04 22:07:26,690 - elsapy.utils - INFO - Module loaded.
2024-09-04 22:07:26,691 - elsapy.elsprofile - INFO - Module loaded.
2024-09-04 22:07:26,691 - elsapy.elsdoc - INFO - Module loaded.
2024-09-04 22:07:26,692 - elsapy.elssearch - INFO - Module loaded.
2024-09-04 22:09:56,157 - elsapy.elsclient - INFO - Module loaded.
2024-09-04 22:09:56,158 - elsapy.elsentity - INFO - Module loaded.
2024-09-04 22:09:56,159 - elsapy.utils - INFO - Module loaded.
2024-09-04 22:09:56,159 - elsapy.elsprofile - INFO - Module loaded.
2024-09-04 22:09:56,160 - elsapy.elsdoc - INFO - Module loaded.
2024-09-04 22:09:56,160 - elsapy.elssearch - INFO - Module loaded.
2024-09-04 22:10:19,926 - elsapy.elsclient - INFO - Module loaded.
2024-09-04 22:10:19,927 - elsapy.elsentity - INFO - Module loaded.
2024-09-04 22:10:19,928 - elsapy.utils - INFO - Module loaded.
2024-09-04 22:10:19,928 - elsapy.elsprofile - INFO - Module loaded.
2024-09-04 22:10:19,929 - elsapy.elsdoc - INFO - Module loaded.
2024-09-04 22:10:19,930 - elsapy.elssearch - INFO - Module loaded.
2024-09-04 22:43:39,900 - elsapy.elsclient - INFO - Module loaded.
2024-09-04 22:43:39,901 - elsapy.elsentity - INFO - Module loaded.
2024-09-04 22:43:39,902 - elsapy.utils - INFO - Module loaded.
2024-09-04 22:43:39,902 - elsapy.elsprofile - INFO - Module loaded.
2024-09-04 22:43:39,903 - elsapy.elsdoc - INFO - Module loaded.
2024-09-04 22:43:39,904 - elsapy.elssearch - INFO - Module loaded.
2024-09-04 22:45:40,674 - elsapy.elsclient - INFO - Module loaded.
2024-09-04 22:45:40,675 - elsapy.elsentity - INFO - Module loaded.
2024-09-04 22:45:40,676 - elsapy.utils - INFO - Module loaded.
2024-09-04 22:45:40,676 - elsapy.elsprofile - INFO - Module loaded.
2024-09-04 22:45:40,677 - elsapy.elsdoc - INFO - Module loaded.
2024-09-04 22:45:40,677 - elsapy.elssearch - INFO - Module loaded.
2024-09-04 22:46:25,406 - elsapy.elsclient - INFO - Module loaded.
2024-09-04 22:46:25,407 - elsapy.elsentity - INFO - Module loaded.
2024-09-04 22:46:25,408 - elsapy.utils - INFO - Module loaded.
2024-09-04 22:46:25,408 - elsapy.elsprofile - INFO - Module loaded.
2024-09-04 22:46:25,409 - elsapy.elsdoc - INFO - Module loaded.
2024-09-04 22:46:25,410 - elsapy.elssearch - INFO - Module loaded.
2024-09-04 22:47:57,112 - elsapy.elsclient - INFO - Module loaded.
2024-09-04 22:47:57,113 - elsapy.elsentity - INFO - Module loaded.
2024-09-04 22:47:57,114 - elsapy.utils - INFO - Module loaded.
2024-09-04 22:47:57,114 - elsapy.elsprofile - INFO - Module loaded.
2024-09-04 22:47:57,115 - elsapy.elsdoc - INFO - Module loaded.
2024-09-04 22:47:57,116 - elsapy.elssearch - INFO - Module loaded.
2024-09-04 22:52:05,575 - elsapy.elsclient - INFO - Module loaded.
2024-09-04 22:52:05,576 - elsapy.elsentity - INFO - Module loaded.
2024-09-04 22:52:05,576 - elsapy.utils - INFO - Module loaded.
2024-09-04 22:52:05,577 - elsapy.elsprofile - INFO - Module loaded.
2024-09-04 22:52:05,577 - elsapy.elsdoc - INFO - Module loaded.
2024-09-04 22:52:05,578 - elsapy.elssearch - INFO - Module loaded.
2024-09-04 23:00:05,657 - elsapy.elsclient - INFO - Module loaded.
2024-09-04 23:00:05,658 - elsapy.elsentity - INFO - Module loaded.
2024-09-04 23:00:05,658 - elsapy.utils - INFO - Module loaded.
2024-09-04 23:00:05,659 - elsapy.elsprofile - INFO - Module loaded.
2024-09-04 23:00:05,659 - elsapy.elsdoc - INFO - Module loaded.
2024-09-04 23:00:05,660 - elsapy.elssearch - INFO - Module loaded.
2024-09-04 23:00:26,087 - elsapy.elsclient - INFO - Module loaded.
2024-09-04 23:00:26,088 - elsapy.elsentity - INFO - Module loaded.
2024-09-04 23:00:26,089 - elsapy.utils - INFO - Module loaded.
2024-09-04 23:00:26,089 - elsapy.elsprofile - INFO - Module loaded.
2024-09-04 23:00:26,090 - elsapy.elsdoc - INFO - Module loaded.
2024-09-04 23:00:26,091 - elsapy.elssearch - INFO - Module loaded.
2024-09-04 23:04:57,645 - elsapy.elsclient - INFO - Module loaded.
2024-09-04 23:04:57,646 - elsapy.elsentity - INFO - Module loaded.
2024-09-04 23:04:57,647 - elsapy.utils - INFO - Module loaded.
2024-09-04 23:04:57,647 - elsapy.elsprofile - INFO - Module loaded.
2024-09-04 23:04:57,648 - elsapy.elsdoc - INFO - Module loaded.
2024-09-04 23:04:57,649 - elsapy.elssearch - INFO - Module loaded.
2024-09-04 23:06:13,778 - elsapy.elsclient - INFO - Module loaded.
2024-09-04 23:06:13,779 - elsapy.elsentity - INFO - Module loaded.
2024-09-04 23:06:13,780 - elsapy.utils - INFO - Module loaded.
2024-09-04 23:06:13,780 - elsapy.elsprofile - INFO - Module loaded.
2024-09-04 23:06:13,781 - elsapy.elsdoc - INFO - Module loaded.
2024-09-04 23:06:13,781 - elsapy.elssearch - INFO - Module loaded.
2024-09-04 23:09:00,647 - elsapy.elsclient - INFO - Module loaded.
2024-09-04 23:09:00,648 - elsapy.elsentity - INFO - Module loaded.
2024-09-04 23:09:00,649 - elsapy.utils - INFO - Module loaded.
2024-09-04 23:09:00,649 - elsapy.elsprofile - INFO - Module loaded.
2024-09-04 23:09:00,650 - elsapy.elsdoc - INFO - Module loaded.
2024-09-04 23:09:00,651 - elsapy.elssearch - INFO - Module loaded.
2024-09-04 23:23:19,476 - elsapy.elsclient - INFO - Module loaded.
2024-09-04 23:23:19,477 - elsapy.elsentity - INFO - Module loaded.
2024-09-04 23:23:19,477 - elsapy.utils - INFO - Module loaded.
2024-09-04 23:23:19,478 - elsapy.elsprofile - INFO - Module loaded.
2024-09-04 23:23:19,478 - elsapy.elsdoc - INFO - Module loaded.
2024-09-04 23:23:19,479 - elsapy.elssearch - INFO - Module loaded.
2024-09-04 23:23:42,974 - elsapy.elsclient - INFO - Module loaded.
2024-09-04 23:23:42,975 - elsapy.elsentity - INFO - Module loaded.
2024-09-04 23:23:42,976 - elsapy.utils - INFO - Module loaded.
2024-09-04 23:23:42,976 - elsapy.elsprofile - INFO - Module loaded.
2024-09-04 23:23:42,977 - elsapy.elsdoc - INFO - Module loaded.
2024-09-04 23:23:42,977 - elsapy.elssearch - INFO - Module loaded.
2024-09-04 23:24:06,303 - elsapy.elsclient - INFO - Module loaded.
2024-09-04 23:24:06,304 - elsapy.elsentity - INFO - Module loaded.
2024-09-04 23:24:06,305 - elsapy.utils - INFO - Module loaded.
2024-09-04 23:24:06,305 - elsapy.elsprofile - INFO - Module loaded.
2024-09-04 23:24:06,306 - elsapy.elsdoc - INFO - Module loaded.
2024-09-04 23:24:06,307 - elsapy.elssearch - INFO - Module loaded.
2024-09-04 23:24:30,398 - elsapy.elsclient - INFO - Module loaded.
2024-09-04 23:24:30,399 - elsapy.elsentity - INFO - Module loaded.
2024-09-04 23:24:30,400 - elsapy.utils - INFO - Module loaded.
2024-09-04 23:24:30,400 - elsapy.elsprofile - INFO - Module loaded.
2024-09-04 23:24:30,401 - elsapy.elsdoc - INFO - Module loaded.
2024-09-04 23:24:30,402 - elsapy.elssearch - INFO - Module loaded.
2024-09-04 23:25:42,129 - elsapy.elsclient - INFO - Module loaded.
2024-09-04 23:25:42,130 - elsapy.elsentity - INFO - Module loaded.
2024-09-04 23:25:42,131 - elsapy.utils - INFO - Module loaded.
2024-09-04 23:25:42,131 - elsapy.elsprofile - INFO - Module loaded.
2024-09-04 23:25:42,132 - elsapy.elsdoc - INFO - Module loaded.
2024-09-04 23:25:42,133 - elsapy.elssearch - INFO - Module loaded.
2024-09-04 23:26:16,519 - elsapy.elsclient - INFO - Module loaded.
2024-09-04 23:26:16,520 - elsapy.elsentity - INFO - Module loaded.
2024-09-04 23:26:16,521 - elsapy.utils - INFO - Module loaded.
2024-09-04 23:26:16,521 - elsapy.elsprofile - INFO - Module loaded.
2024-09-04 23:26:16,522 - elsapy.elsdoc - INFO - Module loaded.
2024-09-04 23:26:16,523 - elsapy.elssearch - INFO - Module loaded.
2024-09-04 23:27:15,672 - elsapy.elsclient - INFO - Module loaded.
2024-09-04 23:27:15,673 - elsapy.elsentity - INFO - Module loaded.
2024-09-04 23:27:15,674 - elsapy.utils - INFO - Module loaded.
2024-09-04 23:27:15,674 - elsapy.elsprofile - INFO - Module loaded.
2024-09-04 23:27:15,675 - elsapy.elsdoc - INFO - Module loaded.
2024-09-04 23:27:15,675 - elsapy.elssearch - INFO - Module loaded.
2024-09-04 23:27:46,694 - elsapy.elsclient - INFO - Module loaded.
2024-09-04 23:27:46,695 - elsapy.elsentity - INFO - Module loaded.
2024-09-04 23:27:46,696 - elsapy.utils - INFO - Module loaded.
2024-09-04 23:27:46,696 - elsapy.elsprofile - INFO - Module loaded.
2024-09-04 23:27:46,697 - elsapy.elsdoc - INFO - Module loaded.
2024-09-04 23:27:46,698 - elsapy.elssearch - INFO - Module loaded.
2024-09-04 23:36:11,471 - elsapy.elsclient - INFO - Module loaded.
2024-09-04 23:36:11,472 - elsapy.elsentity - INFO - Module loaded.
2024-09-04 23:36:11,473 - elsapy.utils - INFO - Module loaded.
2024-09-04 23:36:11,473 - elsapy.elsprofile - INFO - Module loaded.
2024-09-04 23:36:11,474 - elsapy.elsdoc - INFO - Module loaded.
2024-09-04 23:36:11,475 - elsapy.elssearch - INFO - Module loaded.
2024-09-04 23:42:46,512 - elsapy.elsclient - INFO - Module loaded.
2024-09-04 23:42:46,515 - elsapy.elsentity - INFO - Module loaded.
2024-09-04 23:42:46,517 - elsapy.utils - INFO - Module loaded.
2024-09-04 23:42:46,517 - elsapy.elsprofile - INFO - Module loaded.
2024-09-04 23:42:46,518 - elsapy.elsdoc - INFO - Module loaded.
2024-09-04 23:42:46,519 - elsapy.elssearch - INFO - Module loaded.
2024-09-04 23:43:20,920 - elsapy.elsclient - INFO - Module loaded.
2024-09-04 23:43:20,921 - elsapy.elsentity - INFO - Module loaded.
2024-09-04 23:43:20,922 - elsapy.utils - INFO - Module loaded.
2024-09-04 23:43:20,922 - elsapy.elsprofile - INFO - Module loaded.
2024-09-04 23:43:20,923 - elsapy.elsdoc - INFO - Module loaded.
2024-09-04 23:43:20,923 - elsapy.elssearch - INFO - Module loaded.
2024-09-04 23:43:53,208 - elsapy.elsclient - INFO - Module loaded.
2024-09-04 23:43:53,210 - elsapy.elsentity - INFO - Module loaded.
2024-09-04 23:43:53,210 - elsapy.utils - INFO - Module loaded.
2024-09-04 23:43:53,211 - elsapy.elsprofile - INFO - Module loaded.
2024-09-04 23:43:53,211 - elsapy.elsdoc - INFO - Module loaded.
2024-09-04 23:43:53,212 - elsapy.elssearch - INFO - Module loaded.
2024-09-04 23:44:51,452 - elsapy.elsclient - INFO - Module loaded.
2024-09-04 23:44:51,453 - elsapy.elsentity - INFO - Module loaded.
2024-09-04 23:44:51,454 - elsapy.utils - INFO - Module loaded.
2024-09-04 23:44:51,454 - elsapy.elsprofile - INFO - Module loaded.
2024-09-04 23:44:51,455 - elsapy.elsdoc - INFO - Module loaded.
2024-09-04 23:44:51,456 - elsapy.elssearch - INFO - Module loaded.
2024-09-04 23:45:16,828 - elsapy.elsclient - INFO - Module loaded.
2024-09-04 23:45:16,829 - elsapy.elsentity - INFO - Module loaded.
2024-09-04 23:45:16,829 - elsapy.utils - INFO - Module loaded.
2024-09-04 23:45:16,830 - elsapy.elsprofile - INFO - Module loaded.
2024-09-04 23:45:16,830 - elsapy.elsdoc - INFO - Module loaded.
2024-09-04 23:45:16,831 - elsapy.elssearch - INFO - Module loaded.
2024-09-04 23:46:00,971 - elsapy.elsclient - INFO - Module loaded.
2024-09-04 23:46:00,972 - elsapy.elsentity - INFO - Module loaded.
2024-09-04 23:46:00,973 - elsapy.utils - INFO - Module loaded.
2024-09-04 23:46:00,973 - elsapy.elsprofile - INFO - Module loaded.
2024-09-04 23:46:00,974 - elsapy.elsdoc - INFO - Module loaded.
2024-09-04 23:46:00,974 - elsapy.elssearch - INFO - Module loaded.
2024-09-04 23:46:57,019 - elsapy.elsclient - INFO - Module loaded.
2024-09-04 23:46:57,020 - elsapy.elsentity - INFO - Module loaded.
2024-09-04 23:46:57,021 - elsapy.utils - INFO - Module loaded.
2024-09-04 23:46:57,022 - elsapy.elsprofile - INFO - Module loaded.
2024-09-04 23:46:57,022 - elsapy.elsdoc - INFO - Module loaded.
2024-09-04 23:46:57,023 - elsapy.elssearch - INFO - Module loaded.
2024-09-04 23:59:48,461 - elsapy.elsclient - INFO - Module loaded.
2024-09-04 23:59:48,462 - elsapy.elsentity - INFO - Module loaded.
2024-09-04 23:59:48,463 - elsapy.utils - INFO - Module loaded.
2024-09-04 23:59:48,463 - elsapy.elsprofile - INFO - Module loaded.
2024-09-04 23:59:48,464 - elsapy.elsdoc - INFO - Module loaded.
2024-09-04 23:59:48,464 - elsapy.elssearch - INFO - Module loaded.
