2024-04-28 08:18:15,479 - elsapy.elsclient - INFO - Module loaded.
2024-04-28 08:18:15,481 - elsapy.elsentity - INFO - Module loaded.
2024-04-28 08:18:15,483 - elsapy.utils - INFO - Module loaded.
2024-04-28 08:18:15,483 - elsapy.elsprofile - INFO - Module loaded.
2024-04-28 08:18:15,485 - elsapy.elsdoc - INFO - Module loaded.
2024-04-28 08:18:15,486 - elsapy.elssearch - INFO - Module loaded.
2024-04-28 08:20:15,659 - elsapy.elsclient - INFO - Module loaded.
2024-04-28 08:20:15,660 - elsapy.elsentity - INFO - Module loaded.
2024-04-28 08:20:15,661 - elsapy.utils - INFO - Module loaded.
2024-04-28 08:20:15,661 - elsapy.elsprofile - INFO - Module loaded.
2024-04-28 08:20:15,662 - elsapy.elsdoc - INFO - Module loaded.
2024-04-28 08:20:15,663 - elsapy.elssearch - INFO - Module loaded.
2024-04-28 09:31:11,006 - elsapy.elsclient - INFO - Module loaded.
2024-04-28 09:31:11,007 - elsapy.elsentity - INFO - Module loaded.
2024-04-28 09:31:11,008 - elsapy.utils - INFO - Module loaded.
2024-04-28 09:31:11,008 - elsapy.elsprofile - INFO - Module loaded.
2024-04-28 09:31:11,009 - elsapy.elsdoc - INFO - Module loaded.
2024-04-28 09:31:11,009 - elsapy.elssearch - INFO - Module loaded.
2024-04-28 09:31:39,138 - elsapy.elsclient - INFO - Module loaded.
2024-04-28 09:31:39,139 - elsapy.elsentity - INFO - Module loaded.
2024-04-28 09:31:39,139 - elsapy.utils - INFO - Module loaded.
2024-04-28 09:31:39,140 - elsapy.elsprofile - INFO - Module loaded.
2024-04-28 09:31:39,140 - elsapy.elsdoc - INFO - Module loaded.
2024-04-28 09:31:39,141 - elsapy.elssearch - INFO - Module loaded.
2024-04-28 09:32:38,342 - elsapy.elsclient - INFO - Module loaded.
2024-04-28 09:32:38,343 - elsapy.elsentity - INFO - Module loaded.
2024-04-28 09:32:38,344 - elsapy.utils - INFO - Module loaded.
2024-04-28 09:32:38,344 - elsapy.elsprofile - INFO - Module loaded.
2024-04-28 09:32:38,344 - elsapy.elsdoc - INFO - Module loaded.
2024-04-28 09:32:38,345 - elsapy.elssearch - INFO - Module loaded.
2024-04-28 09:33:08,047 - elsapy.elsclient - INFO - Module loaded.
2024-04-28 09:33:08,048 - elsapy.elsentity - INFO - Module loaded.
2024-04-28 09:33:08,049 - elsapy.utils - INFO - Module loaded.
2024-04-28 09:33:08,049 - elsapy.elsprofile - INFO - Module loaded.
2024-04-28 09:33:08,050 - elsapy.elsdoc - INFO - Module loaded.
2024-04-28 09:33:08,051 - elsapy.elssearch - INFO - Module loaded.
2024-04-28 09:33:58,860 - elsapy.elsclient - INFO - Module loaded.
2024-04-28 09:33:58,861 - elsapy.elsentity - INFO - Module loaded.
2024-04-28 09:33:58,862 - elsapy.utils - INFO - Module loaded.
2024-04-28 09:33:58,862 - elsapy.elsprofile - INFO - Module loaded.
2024-04-28 09:33:58,863 - elsapy.elsdoc - INFO - Module loaded.
2024-04-28 09:33:58,863 - elsapy.elssearch - INFO - Module loaded.
2024-04-28 09:34:10,789 - elsapy.elsclient - INFO - Module loaded.
2024-04-28 09:34:10,790 - elsapy.elsentity - INFO - Module loaded.
2024-04-28 09:34:10,791 - elsapy.utils - INFO - Module loaded.
2024-04-28 09:34:10,791 - elsapy.elsprofile - INFO - Module loaded.
2024-04-28 09:34:10,792 - elsapy.elsdoc - INFO - Module loaded.
2024-04-28 09:34:10,792 - elsapy.elssearch - INFO - Module loaded.
2024-04-28 09:34:35,905 - elsapy.elsclient - INFO - Module loaded.
2024-04-28 09:34:35,906 - elsapy.elsentity - INFO - Module loaded.
2024-04-28 09:34:35,907 - elsapy.utils - INFO - Module loaded.
2024-04-28 09:34:35,907 - elsapy.elsprofile - INFO - Module loaded.
2024-04-28 09:34:35,907 - elsapy.elsdoc - INFO - Module loaded.
2024-04-28 09:34:35,908 - elsapy.elssearch - INFO - Module loaded.
2024-04-28 09:36:40,283 - elsapy.elsclient - INFO - Module loaded.
2024-04-28 09:36:40,284 - elsapy.elsentity - INFO - Module loaded.
2024-04-28 09:36:40,285 - elsapy.utils - INFO - Module loaded.
2024-04-28 09:36:40,285 - elsapy.elsprofile - INFO - Module loaded.
2024-04-28 09:36:40,286 - elsapy.elsdoc - INFO - Module loaded.
2024-04-28 09:36:40,286 - elsapy.elssearch - INFO - Module loaded.
2024-04-28 09:38:49,305 - elsapy.elsclient - INFO - Module loaded.
2024-04-28 09:38:49,306 - elsapy.elsentity - INFO - Module loaded.
2024-04-28 09:38:49,307 - elsapy.utils - INFO - Module loaded.
2024-04-28 09:38:49,307 - elsapy.elsprofile - INFO - Module loaded.
2024-04-28 09:38:49,308 - elsapy.elsdoc - INFO - Module loaded.
2024-04-28 09:38:49,308 - elsapy.elssearch - INFO - Module loaded.
