2024-05-04 12:25:37,723 - elsapy.elsclient - INFO - Module loaded.
2024-05-04 12:25:37,730 - elsapy.elsentity - INFO - Module loaded.
2024-05-04 12:25:37,735 - elsapy.utils - INFO - Module loaded.
2024-05-04 12:25:37,735 - elsapy.elsprofile - INFO - Module loaded.
2024-05-04 12:25:37,738 - elsapy.elsdoc - INFO - Module loaded.
2024-05-04 12:25:37,743 - elsapy.elssearch - INFO - Module loaded.
2024-05-04 15:26:24,616 - elsapy.elsclient - INFO - Module loaded.
2024-05-04 15:26:24,617 - elsapy.elsentity - INFO - Module loaded.
2024-05-04 15:26:24,618 - elsapy.utils - INFO - Module loaded.
2024-05-04 15:26:24,618 - elsapy.elsprofile - INFO - Module loaded.
2024-05-04 15:26:24,619 - elsapy.elsdoc - INFO - Module loaded.
2024-05-04 15:26:24,621 - elsapy.elssearch - INFO - Module loaded.
2024-05-04 15:35:06,143 - elsapy.elsclient - INFO - Module loaded.
2024-05-04 15:35:06,144 - elsapy.elsentity - INFO - Module loaded.
2024-05-04 15:35:06,145 - elsapy.utils - INFO - Module loaded.
2024-05-04 15:35:06,145 - elsapy.elsprofile - INFO - Module loaded.
2024-05-04 15:35:06,146 - elsapy.elsdoc - INFO - Module loaded.
2024-05-04 15:35:06,147 - elsapy.elssearch - INFO - Module loaded.
2024-05-04 15:35:38,335 - elsapy.elsclient - INFO - Module loaded.
2024-05-04 15:35:38,336 - elsapy.elsentity - INFO - Module loaded.
2024-05-04 15:35:38,336 - elsapy.utils - INFO - Module loaded.
2024-05-04 15:35:38,337 - elsapy.elsprofile - INFO - Module loaded.
2024-05-04 15:35:38,337 - elsapy.elsdoc - INFO - Module loaded.
2024-05-04 15:35:38,338 - elsapy.elssearch - INFO - Module loaded.
2024-05-04 15:41:46,033 - elsapy.elsclient - INFO - Module loaded.
2024-05-04 15:41:46,035 - elsapy.elsentity - INFO - Module loaded.
2024-05-04 15:41:46,035 - elsapy.utils - INFO - Module loaded.
2024-05-04 15:41:46,036 - elsapy.elsprofile - INFO - Module loaded.
2024-05-04 15:41:46,036 - elsapy.elsdoc - INFO - Module loaded.
2024-05-04 15:41:46,037 - elsapy.elssearch - INFO - Module loaded.
2024-05-04 22:16:46,909 - elsapy.elsclient - INFO - Module loaded.
2024-05-04 22:16:46,910 - elsapy.elsentity - INFO - Module loaded.
2024-05-04 22:16:46,911 - elsapy.utils - INFO - Module loaded.
2024-05-04 22:16:46,911 - elsapy.elsprofile - INFO - Module loaded.
2024-05-04 22:16:46,912 - elsapy.elsdoc - INFO - Module loaded.
2024-05-04 22:16:46,913 - elsapy.elssearch - INFO - Module loaded.
2024-05-04 22:17:29,633 - elsapy.elsclient - INFO - Module loaded.
2024-05-04 22:17:29,634 - elsapy.elsentity - INFO - Module loaded.
2024-05-04 22:17:29,635 - elsapy.utils - INFO - Module loaded.
2024-05-04 22:17:29,635 - elsapy.elsprofile - INFO - Module loaded.
2024-05-04 22:17:29,636 - elsapy.elsdoc - INFO - Module loaded.
2024-05-04 22:17:29,637 - elsapy.elssearch - INFO - Module loaded.
2024-05-04 22:19:16,620 - elsapy.elsclient - INFO - Module loaded.
2024-05-04 22:19:16,621 - elsapy.elsentity - INFO - Module loaded.
2024-05-04 22:19:16,622 - elsapy.utils - INFO - Module loaded.
2024-05-04 22:19:16,622 - elsapy.elsprofile - INFO - Module loaded.
2024-05-04 22:19:16,622 - elsapy.elsdoc - INFO - Module loaded.
2024-05-04 22:19:16,623 - elsapy.elssearch - INFO - Module loaded.
2024-05-04 22:20:44,144 - elsapy.elsclient - INFO - Module loaded.
2024-05-04 22:20:44,145 - elsapy.elsentity - INFO - Module loaded.
2024-05-04 22:20:44,146 - elsapy.utils - INFO - Module loaded.
2024-05-04 22:20:44,146 - elsapy.elsprofile - INFO - Module loaded.
2024-05-04 22:20:44,147 - elsapy.elsdoc - INFO - Module loaded.
2024-05-04 22:20:44,147 - elsapy.elssearch - INFO - Module loaded.
2024-05-04 22:20:54,412 - elsapy.elsclient - INFO - Module loaded.
2024-05-04 22:20:54,413 - elsapy.elsentity - INFO - Module loaded.
2024-05-04 22:20:54,414 - elsapy.utils - INFO - Module loaded.
2024-05-04 22:20:54,414 - elsapy.elsprofile - INFO - Module loaded.
2024-05-04 22:20:54,415 - elsapy.elsdoc - INFO - Module loaded.
2024-05-04 22:20:54,416 - elsapy.elssearch - INFO - Module loaded.
2024-05-04 22:27:49,978 - elsapy.elsclient - INFO - Module loaded.
2024-05-04 22:27:49,979 - elsapy.elsentity - INFO - Module loaded.
2024-05-04 22:27:49,980 - elsapy.utils - INFO - Module loaded.
2024-05-04 22:27:49,980 - elsapy.elsprofile - INFO - Module loaded.
2024-05-04 22:27:49,981 - elsapy.elsdoc - INFO - Module loaded.
2024-05-04 22:27:49,982 - elsapy.elssearch - INFO - Module loaded.
2024-05-04 22:28:10,552 - elsapy.elsclient - INFO - Module loaded.
2024-05-04 22:28:10,553 - elsapy.elsentity - INFO - Module loaded.
2024-05-04 22:28:10,553 - elsapy.utils - INFO - Module loaded.
2024-05-04 22:28:10,553 - elsapy.elsprofile - INFO - Module loaded.
2024-05-04 22:28:10,555 - elsapy.elsdoc - INFO - Module loaded.
2024-05-04 22:28:10,555 - elsapy.elssearch - INFO - Module loaded.
2024-05-04 22:30:02,037 - elsapy.elsclient - INFO - Module loaded.
2024-05-04 22:30:02,038 - elsapy.elsentity - INFO - Module loaded.
2024-05-04 22:30:02,039 - elsapy.utils - INFO - Module loaded.
2024-05-04 22:30:02,039 - elsapy.elsprofile - INFO - Module loaded.
2024-05-04 22:30:02,040 - elsapy.elsdoc - INFO - Module loaded.
2024-05-04 22:30:02,040 - elsapy.elssearch - INFO - Module loaded.
2024-05-04 23:02:58,105 - elsapy.elsclient - INFO - Module loaded.
2024-05-04 23:02:58,106 - elsapy.elsentity - INFO - Module loaded.
2024-05-04 23:02:58,107 - elsapy.utils - INFO - Module loaded.
2024-05-04 23:02:58,107 - elsapy.elsprofile - INFO - Module loaded.
2024-05-04 23:02:58,107 - elsapy.elsdoc - INFO - Module loaded.
2024-05-04 23:02:58,108 - elsapy.elssearch - INFO - Module loaded.
2024-05-04 23:08:52,128 - elsapy.elsclient - INFO - Module loaded.
2024-05-04 23:08:52,129 - elsapy.elsentity - INFO - Module loaded.
2024-05-04 23:08:52,130 - elsapy.utils - INFO - Module loaded.
2024-05-04 23:08:52,130 - elsapy.elsprofile - INFO - Module loaded.
2024-05-04 23:08:52,131 - elsapy.elsdoc - INFO - Module loaded.
2024-05-04 23:08:52,132 - elsapy.elssearch - INFO - Module loaded.
2024-05-04 23:16:31,993 - elsapy.elsclient - INFO - Module loaded.
2024-05-04 23:16:31,994 - elsapy.elsentity - INFO - Module loaded.
2024-05-04 23:16:31,994 - elsapy.utils - INFO - Module loaded.
2024-05-04 23:16:31,995 - elsapy.elsprofile - INFO - Module loaded.
2024-05-04 23:16:31,995 - elsapy.elsdoc - INFO - Module loaded.
2024-05-04 23:16:31,996 - elsapy.elssearch - INFO - Module loaded.
2024-05-04 23:21:59,311 - elsapy.elsclient - INFO - Module loaded.
2024-05-04 23:21:59,312 - elsapy.elsentity - INFO - Module loaded.
2024-05-04 23:21:59,314 - elsapy.utils - INFO - Module loaded.
2024-05-04 23:21:59,314 - elsapy.elsprofile - INFO - Module loaded.
2024-05-04 23:21:59,315 - elsapy.elsdoc - INFO - Module loaded.
2024-05-04 23:21:59,315 - elsapy.elssearch - INFO - Module loaded.
2024-05-04 23:22:11,872 - elsapy.elsclient - INFO - Module loaded.
2024-05-04 23:22:11,873 - elsapy.elsentity - INFO - Module loaded.
2024-05-04 23:22:11,874 - elsapy.utils - INFO - Module loaded.
2024-05-04 23:22:11,874 - elsapy.elsprofile - INFO - Module loaded.
2024-05-04 23:22:11,875 - elsapy.elsdoc - INFO - Module loaded.
2024-05-04 23:22:11,876 - elsapy.elssearch - INFO - Module loaded.
