2024-05-08 08:18:15,341 - elsapy.elsclient - INFO - Module loaded.
2024-05-08 08:18:15,342 - elsapy.elsentity - INFO - Module loaded.
2024-05-08 08:18:15,343 - elsapy.utils - INFO - Module loaded.
2024-05-08 08:18:15,343 - elsapy.elsprofile - INFO - Module loaded.
2024-05-08 08:18:15,344 - elsapy.elsdoc - INFO - Module loaded.
2024-05-08 08:18:15,345 - elsapy.elssearch - INFO - Module loaded.
2024-05-08 08:20:50,388 - elsapy.elsclient - INFO - Module loaded.
2024-05-08 08:20:50,389 - elsapy.elsentity - INFO - Module loaded.
2024-05-08 08:20:50,390 - elsapy.utils - INFO - Module loaded.
2024-05-08 08:20:50,390 - elsapy.elsprofile - INFO - Module loaded.
2024-05-08 08:20:50,391 - elsapy.elsdoc - INFO - Module loaded.
2024-05-08 08:20:50,393 - elsapy.elssearch - INFO - Module loaded.
2024-05-08 08:21:40,829 - elsapy.elsclient - INFO - Module loaded.
2024-05-08 08:21:40,830 - elsapy.elsentity - INFO - Module loaded.
2024-05-08 08:21:40,831 - elsapy.utils - INFO - Module loaded.
2024-05-08 08:21:40,831 - elsapy.elsprofile - INFO - Module loaded.
2024-05-08 08:21:40,832 - elsapy.elsdoc - INFO - Module loaded.
2024-05-08 08:21:40,833 - elsapy.elssearch - INFO - Module loaded.
2024-05-08 08:25:17,059 - elsapy.elsclient - INFO - Module loaded.
2024-05-08 08:25:17,060 - elsapy.elsentity - INFO - Module loaded.
2024-05-08 08:25:17,060 - elsapy.utils - INFO - Module loaded.
2024-05-08 08:25:17,061 - elsapy.elsprofile - INFO - Module loaded.
2024-05-08 08:25:17,061 - elsapy.elsdoc - INFO - Module loaded.
2024-05-08 08:25:17,062 - elsapy.elssearch - INFO - Module loaded.
2024-05-08 08:27:12,561 - elsapy.elsclient - INFO - Module loaded.
2024-05-08 08:27:12,562 - elsapy.elsentity - INFO - Module loaded.
2024-05-08 08:27:12,563 - elsapy.utils - INFO - Module loaded.
2024-05-08 08:27:12,563 - elsapy.elsprofile - INFO - Module loaded.
2024-05-08 08:27:12,564 - elsapy.elsdoc - INFO - Module loaded.
2024-05-08 08:27:12,564 - elsapy.elssearch - INFO - Module loaded.
2024-05-08 08:27:35,793 - elsapy.elsclient - INFO - Module loaded.
2024-05-08 08:27:35,794 - elsapy.elsentity - INFO - Module loaded.
2024-05-08 08:27:35,795 - elsapy.utils - INFO - Module loaded.
2024-05-08 08:27:35,795 - elsapy.elsprofile - INFO - Module loaded.
2024-05-08 08:27:35,796 - elsapy.elsdoc - INFO - Module loaded.
2024-05-08 08:27:35,796 - elsapy.elssearch - INFO - Module loaded.
2024-05-08 10:04:40,855 - elsapy.elsclient - INFO - Module loaded.
2024-05-08 10:04:40,856 - elsapy.elsentity - INFO - Module loaded.
2024-05-08 10:04:40,857 - elsapy.utils - INFO - Module loaded.
2024-05-08 10:04:40,857 - elsapy.elsprofile - INFO - Module loaded.
2024-05-08 10:04:40,857 - elsapy.elsdoc - INFO - Module loaded.
2024-05-08 10:04:40,858 - elsapy.elssearch - INFO - Module loaded.
2024-05-08 10:06:49,105 - elsapy.elsclient - INFO - Module loaded.
2024-05-08 10:06:49,106 - elsapy.elsentity - INFO - Module loaded.
2024-05-08 10:06:49,107 - elsapy.utils - INFO - Module loaded.
2024-05-08 10:06:49,107 - elsapy.elsprofile - INFO - Module loaded.
2024-05-08 10:06:49,107 - elsapy.elsdoc - INFO - Module loaded.
2024-05-08 10:06:49,109 - elsapy.elssearch - INFO - Module loaded.
2024-05-08 10:09:47,882 - elsapy.elsclient - INFO - Module loaded.
2024-05-08 10:09:47,883 - elsapy.elsentity - INFO - Module loaded.
2024-05-08 10:09:47,883 - elsapy.utils - INFO - Module loaded.
2024-05-08 10:09:47,884 - elsapy.elsprofile - INFO - Module loaded.
2024-05-08 10:09:47,884 - elsapy.elsdoc - INFO - Module loaded.
2024-05-08 10:09:47,885 - elsapy.elssearch - INFO - Module loaded.
2024-05-08 10:10:33,935 - elsapy.elsclient - INFO - Module loaded.
2024-05-08 10:10:33,936 - elsapy.elsentity - INFO - Module loaded.
2024-05-08 10:10:33,937 - elsapy.utils - INFO - Module loaded.
2024-05-08 10:10:33,937 - elsapy.elsprofile - INFO - Module loaded.
2024-05-08 10:10:33,937 - elsapy.elsdoc - INFO - Module loaded.
2024-05-08 10:10:33,938 - elsapy.elssearch - INFO - Module loaded.
2024-05-08 10:24:16,531 - elsapy.elsclient - INFO - Module loaded.
2024-05-08 10:24:16,533 - elsapy.elsentity - INFO - Module loaded.
2024-05-08 10:24:16,533 - elsapy.utils - INFO - Module loaded.
2024-05-08 10:24:16,534 - elsapy.elsprofile - INFO - Module loaded.
2024-05-08 10:24:16,534 - elsapy.elsdoc - INFO - Module loaded.
2024-05-08 10:24:16,535 - elsapy.elssearch - INFO - Module loaded.
2024-05-08 10:24:54,591 - elsapy.elsclient - INFO - Module loaded.
2024-05-08 10:24:54,592 - elsapy.elsentity - INFO - Module loaded.
2024-05-08 10:24:54,593 - elsapy.utils - INFO - Module loaded.
2024-05-08 10:24:54,593 - elsapy.elsprofile - INFO - Module loaded.
2024-05-08 10:24:54,594 - elsapy.elsdoc - INFO - Module loaded.
2024-05-08 10:24:54,594 - elsapy.elssearch - INFO - Module loaded.
2024-05-08 10:28:23,441 - elsapy.elsclient - INFO - Module loaded.
2024-05-08 10:28:23,442 - elsapy.elsentity - INFO - Module loaded.
2024-05-08 10:28:23,442 - elsapy.utils - INFO - Module loaded.
2024-05-08 10:28:23,443 - elsapy.elsprofile - INFO - Module loaded.
2024-05-08 10:28:23,443 - elsapy.elsdoc - INFO - Module loaded.
2024-05-08 10:28:23,444 - elsapy.elssearch - INFO - Module loaded.
2024-05-08 10:29:15,370 - elsapy.elsclient - INFO - Module loaded.
2024-05-08 10:29:15,371 - elsapy.elsentity - INFO - Module loaded.
2024-05-08 10:29:15,372 - elsapy.utils - INFO - Module loaded.
2024-05-08 10:29:15,372 - elsapy.elsprofile - INFO - Module loaded.
2024-05-08 10:29:15,373 - elsapy.elsdoc - INFO - Module loaded.
2024-05-08 10:29:15,374 - elsapy.elssearch - INFO - Module loaded.
2024-05-08 10:30:09,953 - elsapy.elsclient - INFO - Module loaded.
2024-05-08 10:30:09,954 - elsapy.elsentity - INFO - Module loaded.
2024-05-08 10:30:09,954 - elsapy.utils - INFO - Module loaded.
2024-05-08 10:30:09,954 - elsapy.elsprofile - INFO - Module loaded.
2024-05-08 10:30:09,955 - elsapy.elsdoc - INFO - Module loaded.
2024-05-08 10:30:09,956 - elsapy.elssearch - INFO - Module loaded.
2024-05-08 10:30:52,973 - elsapy.elsclient - INFO - Module loaded.
2024-05-08 10:30:52,974 - elsapy.elsentity - INFO - Module loaded.
2024-05-08 10:30:52,975 - elsapy.utils - INFO - Module loaded.
2024-05-08 10:30:52,975 - elsapy.elsprofile - INFO - Module loaded.
2024-05-08 10:30:52,976 - elsapy.elsdoc - INFO - Module loaded.
2024-05-08 10:30:52,976 - elsapy.elssearch - INFO - Module loaded.
2024-05-08 10:31:54,690 - elsapy.elsclient - INFO - Module loaded.
2024-05-08 10:31:54,692 - elsapy.elsentity - INFO - Module loaded.
2024-05-08 10:31:54,692 - elsapy.utils - INFO - Module loaded.
2024-05-08 10:31:54,692 - elsapy.elsprofile - INFO - Module loaded.
2024-05-08 10:31:54,693 - elsapy.elsdoc - INFO - Module loaded.
2024-05-08 10:31:54,694 - elsapy.elssearch - INFO - Module loaded.
2024-05-08 10:34:32,318 - elsapy.elsclient - INFO - Module loaded.
2024-05-08 10:34:32,320 - elsapy.elsentity - INFO - Module loaded.
2024-05-08 10:34:32,320 - elsapy.utils - INFO - Module loaded.
2024-05-08 10:34:32,321 - elsapy.elsprofile - INFO - Module loaded.
2024-05-08 10:34:32,321 - elsapy.elsdoc - INFO - Module loaded.
2024-05-08 10:34:32,322 - elsapy.elssearch - INFO - Module loaded.
2024-05-08 10:35:07,302 - elsapy.elsclient - INFO - Module loaded.
2024-05-08 10:35:07,304 - elsapy.elsentity - INFO - Module loaded.
2024-05-08 10:35:07,304 - elsapy.utils - INFO - Module loaded.
2024-05-08 10:35:07,304 - elsapy.elsprofile - INFO - Module loaded.
2024-05-08 10:35:07,305 - elsapy.elsdoc - INFO - Module loaded.
2024-05-08 10:35:07,306 - elsapy.elssearch - INFO - Module loaded.
2024-05-08 10:35:32,181 - elsapy.elsclient - INFO - Module loaded.
2024-05-08 10:35:32,182 - elsapy.elsentity - INFO - Module loaded.
2024-05-08 10:35:32,183 - elsapy.utils - INFO - Module loaded.
2024-05-08 10:35:32,183 - elsapy.elsprofile - INFO - Module loaded.
2024-05-08 10:35:32,184 - elsapy.elsdoc - INFO - Module loaded.
2024-05-08 10:35:32,184 - elsapy.elssearch - INFO - Module loaded.
2024-05-08 10:36:32,737 - elsapy.elsclient - INFO - Module loaded.
2024-05-08 10:36:32,738 - elsapy.elsentity - INFO - Module loaded.
2024-05-08 10:36:32,739 - elsapy.utils - INFO - Module loaded.
2024-05-08 10:36:32,739 - elsapy.elsprofile - INFO - Module loaded.
2024-05-08 10:36:32,740 - elsapy.elsdoc - INFO - Module loaded.
2024-05-08 10:36:32,741 - elsapy.elssearch - INFO - Module loaded.
2024-05-08 10:38:55,803 - elsapy.elsclient - INFO - Module loaded.
2024-05-08 10:38:55,804 - elsapy.elsentity - INFO - Module loaded.
2024-05-08 10:38:55,805 - elsapy.utils - INFO - Module loaded.
2024-05-08 10:38:55,805 - elsapy.elsprofile - INFO - Module loaded.
2024-05-08 10:38:55,806 - elsapy.elsdoc - INFO - Module loaded.
2024-05-08 10:38:55,807 - elsapy.elssearch - INFO - Module loaded.
2024-05-08 10:50:35,042 - elsapy.elsclient - INFO - Module loaded.
2024-05-08 10:50:35,043 - elsapy.elsentity - INFO - Module loaded.
2024-05-08 10:50:35,043 - elsapy.utils - INFO - Module loaded.
2024-05-08 10:50:35,044 - elsapy.elsprofile - INFO - Module loaded.
2024-05-08 10:50:35,044 - elsapy.elsdoc - INFO - Module loaded.
2024-05-08 10:50:35,045 - elsapy.elssearch - INFO - Module loaded.
2024-05-08 10:51:43,308 - elsapy.elsclient - INFO - Module loaded.
2024-05-08 10:51:43,309 - elsapy.elsentity - INFO - Module loaded.
2024-05-08 10:51:43,310 - elsapy.utils - INFO - Module loaded.
2024-05-08 10:51:43,310 - elsapy.elsprofile - INFO - Module loaded.
2024-05-08 10:51:43,311 - elsapy.elsdoc - INFO - Module loaded.
2024-05-08 10:51:43,311 - elsapy.elssearch - INFO - Module loaded.
2024-05-08 10:57:28,768 - elsapy.elsclient - INFO - Module loaded.
2024-05-08 10:57:28,769 - elsapy.elsentity - INFO - Module loaded.
2024-05-08 10:57:28,770 - elsapy.utils - INFO - Module loaded.
2024-05-08 10:57:28,770 - elsapy.elsprofile - INFO - Module loaded.
2024-05-08 10:57:28,770 - elsapy.elsdoc - INFO - Module loaded.
2024-05-08 10:57:28,771 - elsapy.elssearch - INFO - Module loaded.
2024-05-08 11:02:25,856 - elsapy.elsclient - INFO - Module loaded.
2024-05-08 11:02:25,857 - elsapy.elsentity - INFO - Module loaded.
2024-05-08 11:02:25,857 - elsapy.utils - INFO - Module loaded.
2024-05-08 11:02:25,857 - elsapy.elsprofile - INFO - Module loaded.
2024-05-08 11:02:25,858 - elsapy.elsdoc - INFO - Module loaded.
2024-05-08 11:02:25,859 - elsapy.elssearch - INFO - Module loaded.
2024-05-08 11:06:09,847 - elsapy.elsclient - INFO - Module loaded.
2024-05-08 11:06:09,847 - elsapy.elsentity - INFO - Module loaded.
2024-05-08 11:06:09,848 - elsapy.utils - INFO - Module loaded.
2024-05-08 11:06:09,849 - elsapy.elsprofile - INFO - Module loaded.
2024-05-08 11:06:09,850 - elsapy.elsdoc - INFO - Module loaded.
2024-05-08 11:06:09,851 - elsapy.elssearch - INFO - Module loaded.
2024-05-08 11:11:50,448 - elsapy.elsclient - INFO - Module loaded.
2024-05-08 11:11:50,449 - elsapy.elsentity - INFO - Module loaded.
2024-05-08 11:11:50,450 - elsapy.utils - INFO - Module loaded.
2024-05-08 11:11:50,450 - elsapy.elsprofile - INFO - Module loaded.
2024-05-08 11:11:50,451 - elsapy.elsdoc - INFO - Module loaded.
2024-05-08 11:11:50,452 - elsapy.elssearch - INFO - Module loaded.
2024-05-08 11:14:11,327 - elsapy.elsclient - INFO - Module loaded.
2024-05-08 11:14:11,328 - elsapy.elsentity - INFO - Module loaded.
2024-05-08 11:14:11,328 - elsapy.utils - INFO - Module loaded.
2024-05-08 11:14:11,329 - elsapy.elsprofile - INFO - Module loaded.
2024-05-08 11:14:11,330 - elsapy.elsdoc - INFO - Module loaded.
2024-05-08 11:14:11,331 - elsapy.elssearch - INFO - Module loaded.
2024-05-08 11:15:56,042 - elsapy.elsclient - INFO - Module loaded.
2024-05-08 11:15:56,043 - elsapy.elsentity - INFO - Module loaded.
2024-05-08 11:15:56,044 - elsapy.utils - INFO - Module loaded.
2024-05-08 11:15:56,044 - elsapy.elsprofile - INFO - Module loaded.
2024-05-08 11:15:56,045 - elsapy.elsdoc - INFO - Module loaded.
2024-05-08 11:15:56,046 - elsapy.elssearch - INFO - Module loaded.
2024-05-08 11:32:19,967 - elsapy.elsclient - INFO - Module loaded.
2024-05-08 11:32:19,968 - elsapy.elsentity - INFO - Module loaded.
2024-05-08 11:32:19,968 - elsapy.utils - INFO - Module loaded.
2024-05-08 11:32:19,968 - elsapy.elsprofile - INFO - Module loaded.
2024-05-08 11:32:19,970 - elsapy.elsdoc - INFO - Module loaded.
2024-05-08 11:32:19,970 - elsapy.elssearch - INFO - Module loaded.
2024-05-08 11:32:53,097 - elsapy.elsclient - INFO - Module loaded.
2024-05-08 11:32:53,098 - elsapy.elsentity - INFO - Module loaded.
2024-05-08 11:32:53,099 - elsapy.utils - INFO - Module loaded.
2024-05-08 11:32:53,099 - elsapy.elsprofile - INFO - Module loaded.
2024-05-08 11:32:53,100 - elsapy.elsdoc - INFO - Module loaded.
2024-05-08 11:32:53,101 - elsapy.elssearch - INFO - Module loaded.
2024-05-08 11:35:42,111 - elsapy.elsclient - INFO - Module loaded.
2024-05-08 11:35:42,112 - elsapy.elsentity - INFO - Module loaded.
2024-05-08 11:35:42,113 - elsapy.utils - INFO - Module loaded.
2024-05-08 11:35:42,113 - elsapy.elsprofile - INFO - Module loaded.
2024-05-08 11:35:42,114 - elsapy.elsdoc - INFO - Module loaded.
2024-05-08 11:35:42,114 - elsapy.elssearch - INFO - Module loaded.
2024-05-08 11:35:55,968 - elsapy.elsclient - INFO - Module loaded.
2024-05-08 11:35:55,969 - elsapy.elsentity - INFO - Module loaded.
2024-05-08 11:35:55,969 - elsapy.utils - INFO - Module loaded.
2024-05-08 11:35:55,970 - elsapy.elsprofile - INFO - Module loaded.
2024-05-08 11:35:55,970 - elsapy.elsdoc - INFO - Module loaded.
2024-05-08 11:35:55,971 - elsapy.elssearch - INFO - Module loaded.
2024-05-08 11:38:10,254 - elsapy.elsclient - INFO - Module loaded.
2024-05-08 11:38:10,255 - elsapy.elsentity - INFO - Module loaded.
2024-05-08 11:38:10,256 - elsapy.utils - INFO - Module loaded.
2024-05-08 11:38:10,256 - elsapy.elsprofile - INFO - Module loaded.
2024-05-08 11:38:10,257 - elsapy.elsdoc - INFO - Module loaded.
2024-05-08 11:38:10,257 - elsapy.elssearch - INFO - Module loaded.
2024-05-08 11:44:19,797 - elsapy.elsclient - INFO - Module loaded.
2024-05-08 11:44:19,798 - elsapy.elsentity - INFO - Module loaded.
2024-05-08 11:44:19,798 - elsapy.utils - INFO - Module loaded.
2024-05-08 11:44:19,799 - elsapy.elsprofile - INFO - Module loaded.
2024-05-08 11:44:19,800 - elsapy.elsdoc - INFO - Module loaded.
2024-05-08 11:44:19,801 - elsapy.elssearch - INFO - Module loaded.
2024-05-08 11:45:18,455 - elsapy.elsclient - INFO - Module loaded.
2024-05-08 11:45:18,457 - elsapy.elsentity - INFO - Module loaded.
2024-05-08 11:45:18,457 - elsapy.utils - INFO - Module loaded.
2024-05-08 11:45:18,457 - elsapy.elsprofile - INFO - Module loaded.
2024-05-08 11:45:18,458 - elsapy.elsdoc - INFO - Module loaded.
2024-05-08 11:45:18,458 - elsapy.elssearch - INFO - Module loaded.
2024-05-08 11:48:27,678 - elsapy.elsclient - INFO - Module loaded.
2024-05-08 11:48:27,679 - elsapy.elsentity - INFO - Module loaded.
2024-05-08 11:48:27,680 - elsapy.utils - INFO - Module loaded.
2024-05-08 11:48:27,680 - elsapy.elsprofile - INFO - Module loaded.
2024-05-08 11:48:27,681 - elsapy.elsdoc - INFO - Module loaded.
2024-05-08 11:48:27,682 - elsapy.elssearch - INFO - Module loaded.
2024-05-08 12:08:26,283 - elsapy.elsclient - INFO - Module loaded.
2024-05-08 12:08:26,284 - elsapy.elsentity - INFO - Module loaded.
2024-05-08 12:08:26,285 - elsapy.utils - INFO - Module loaded.
2024-05-08 12:08:26,285 - elsapy.elsprofile - INFO - Module loaded.
2024-05-08 12:08:26,286 - elsapy.elsdoc - INFO - Module loaded.
2024-05-08 12:08:26,286 - elsapy.elssearch - INFO - Module loaded.
2024-05-08 12:10:51,918 - elsapy.elsclient - INFO - Module loaded.
2024-05-08 12:10:51,920 - elsapy.elsentity - INFO - Module loaded.
2024-05-08 12:10:51,920 - elsapy.utils - INFO - Module loaded.
2024-05-08 12:10:51,921 - elsapy.elsprofile - INFO - Module loaded.
2024-05-08 12:10:51,921 - elsapy.elsdoc - INFO - Module loaded.
2024-05-08 12:10:51,922 - elsapy.elssearch - INFO - Module loaded.
2024-05-08 12:16:38,698 - elsapy.elsclient - INFO - Module loaded.
2024-05-08 12:16:38,700 - elsapy.elsentity - INFO - Module loaded.
2024-05-08 12:16:38,701 - elsapy.utils - INFO - Module loaded.
2024-05-08 12:16:38,701 - elsapy.elsprofile - INFO - Module loaded.
2024-05-08 12:16:38,702 - elsapy.elsdoc - INFO - Module loaded.
2024-05-08 12:16:38,702 - elsapy.elssearch - INFO - Module loaded.
2024-05-08 12:31:31,806 - elsapy.elsclient - INFO - Module loaded.
2024-05-08 12:31:31,807 - elsapy.elsentity - INFO - Module loaded.
2024-05-08 12:31:31,807 - elsapy.utils - INFO - Module loaded.
2024-05-08 12:31:31,807 - elsapy.elsprofile - INFO - Module loaded.
2024-05-08 12:31:31,808 - elsapy.elsdoc - INFO - Module loaded.
2024-05-08 12:31:31,809 - elsapy.elssearch - INFO - Module loaded.
2024-05-08 12:37:24,544 - elsapy.elsclient - INFO - Module loaded.
2024-05-08 12:37:24,545 - elsapy.elsentity - INFO - Module loaded.
2024-05-08 12:37:24,546 - elsapy.utils - INFO - Module loaded.
2024-05-08 12:37:24,546 - elsapy.elsprofile - INFO - Module loaded.
2024-05-08 12:37:24,547 - elsapy.elsdoc - INFO - Module loaded.
2024-05-08 12:37:24,547 - elsapy.elssearch - INFO - Module loaded.
2024-05-08 12:37:44,327 - elsapy.elsclient - INFO - Module loaded.
2024-05-08 12:37:44,328 - elsapy.elsentity - INFO - Module loaded.
2024-05-08 12:37:44,329 - elsapy.utils - INFO - Module loaded.
2024-05-08 12:37:44,329 - elsapy.elsprofile - INFO - Module loaded.
2024-05-08 12:37:44,330 - elsapy.elsdoc - INFO - Module loaded.
2024-05-08 12:37:44,331 - elsapy.elssearch - INFO - Module loaded.
2024-05-08 12:38:19,981 - elsapy.elsclient - INFO - Module loaded.
2024-05-08 12:38:19,983 - elsapy.elsentity - INFO - Module loaded.
2024-05-08 12:38:19,983 - elsapy.utils - INFO - Module loaded.
2024-05-08 12:38:19,983 - elsapy.elsprofile - INFO - Module loaded.
2024-05-08 12:38:19,984 - elsapy.elsdoc - INFO - Module loaded.
2024-05-08 12:38:19,985 - elsapy.elssearch - INFO - Module loaded.
2024-05-08 12:40:03,518 - elsapy.elsclient - INFO - Module loaded.
2024-05-08 12:40:03,519 - elsapy.elsentity - INFO - Module loaded.
2024-05-08 12:40:03,520 - elsapy.utils - INFO - Module loaded.
2024-05-08 12:40:03,520 - elsapy.elsprofile - INFO - Module loaded.
2024-05-08 12:40:03,521 - elsapy.elsdoc - INFO - Module loaded.
2024-05-08 12:40:03,522 - elsapy.elssearch - INFO - Module loaded.
2024-05-08 12:41:47,617 - elsapy.elsclient - INFO - Module loaded.
2024-05-08 12:41:47,617 - elsapy.elsentity - INFO - Module loaded.
2024-05-08 12:41:47,618 - elsapy.utils - INFO - Module loaded.
2024-05-08 12:41:47,618 - elsapy.elsprofile - INFO - Module loaded.
2024-05-08 12:41:47,619 - elsapy.elsdoc - INFO - Module loaded.
2024-05-08 12:41:47,620 - elsapy.elssearch - INFO - Module loaded.
2024-05-08 12:44:58,551 - elsapy.elsclient - INFO - Module loaded.
2024-05-08 12:44:58,552 - elsapy.elsentity - INFO - Module loaded.
2024-05-08 12:44:58,552 - elsapy.utils - INFO - Module loaded.
2024-05-08 12:44:58,553 - elsapy.elsprofile - INFO - Module loaded.
2024-05-08 12:44:58,553 - elsapy.elsdoc - INFO - Module loaded.
2024-05-08 12:44:58,554 - elsapy.elssearch - INFO - Module loaded.
2024-05-08 12:46:15,596 - elsapy.elsclient - INFO - Module loaded.
2024-05-08 12:46:15,597 - elsapy.elsentity - INFO - Module loaded.
2024-05-08 12:46:15,598 - elsapy.utils - INFO - Module loaded.
2024-05-08 12:46:15,598 - elsapy.elsprofile - INFO - Module loaded.
2024-05-08 12:46:15,599 - elsapy.elsdoc - INFO - Module loaded.
2024-05-08 12:46:15,600 - elsapy.elssearch - INFO - Module loaded.
2024-05-08 12:51:26,035 - elsapy.elsclient - INFO - Module loaded.
2024-05-08 12:51:26,036 - elsapy.elsentity - INFO - Module loaded.
2024-05-08 12:51:26,037 - elsapy.utils - INFO - Module loaded.
2024-05-08 12:51:26,037 - elsapy.elsprofile - INFO - Module loaded.
2024-05-08 12:51:26,037 - elsapy.elsdoc - INFO - Module loaded.
2024-05-08 12:51:26,038 - elsapy.elssearch - INFO - Module loaded.
2024-05-08 12:51:33,228 - elsapy.elsclient - INFO - Module loaded.
2024-05-08 12:51:33,230 - elsapy.elsentity - INFO - Module loaded.
2024-05-08 12:51:33,231 - elsapy.utils - INFO - Module loaded.
2024-05-08 12:51:33,231 - elsapy.elsprofile - INFO - Module loaded.
2024-05-08 12:51:33,232 - elsapy.elsdoc - INFO - Module loaded.
2024-05-08 12:51:33,232 - elsapy.elssearch - INFO - Module loaded.
2024-05-08 12:55:16,867 - elsapy.elsclient - INFO - Module loaded.
2024-05-08 12:55:16,868 - elsapy.elsentity - INFO - Module loaded.
2024-05-08 12:55:16,868 - elsapy.utils - INFO - Module loaded.
2024-05-08 12:55:16,868 - elsapy.elsprofile - INFO - Module loaded.
2024-05-08 12:55:16,870 - elsapy.elsdoc - INFO - Module loaded.
2024-05-08 12:55:16,870 - elsapy.elssearch - INFO - Module loaded.
2024-05-08 13:00:05,306 - elsapy.elsclient - INFO - Module loaded.
2024-05-08 13:00:05,307 - elsapy.elsentity - INFO - Module loaded.
2024-05-08 13:00:05,307 - elsapy.utils - INFO - Module loaded.
2024-05-08 13:00:05,307 - elsapy.elsprofile - INFO - Module loaded.
2024-05-08 13:00:05,308 - elsapy.elsdoc - INFO - Module loaded.
2024-05-08 13:00:05,309 - elsapy.elssearch - INFO - Module loaded.
2024-05-08 13:15:22,002 - elsapy.elsclient - INFO - Module loaded.
2024-05-08 13:15:22,004 - elsapy.elsentity - INFO - Module loaded.
2024-05-08 13:15:22,004 - elsapy.utils - INFO - Module loaded.
2024-05-08 13:15:22,005 - elsapy.elsprofile - INFO - Module loaded.
2024-05-08 13:15:22,005 - elsapy.elsdoc - INFO - Module loaded.
2024-05-08 13:15:22,006 - elsapy.elssearch - INFO - Module loaded.
2024-05-08 21:47:06,486 - elsapy.elsclient - INFO - Module loaded.
2024-05-08 21:47:06,487 - elsapy.elsentity - INFO - Module loaded.
2024-05-08 21:47:06,488 - elsapy.utils - INFO - Module loaded.
2024-05-08 21:47:06,488 - elsapy.elsprofile - INFO - Module loaded.
2024-05-08 21:47:06,489 - elsapy.elsdoc - INFO - Module loaded.
2024-05-08 21:47:06,490 - elsapy.elssearch - INFO - Module loaded.
2024-05-08 21:48:46,633 - elsapy.elsclient - INFO - Module loaded.
2024-05-08 21:48:46,634 - elsapy.elsentity - INFO - Module loaded.
2024-05-08 21:48:46,635 - elsapy.utils - INFO - Module loaded.
2024-05-08 21:48:46,635 - elsapy.elsprofile - INFO - Module loaded.
2024-05-08 21:48:46,636 - elsapy.elsdoc - INFO - Module loaded.
2024-05-08 21:48:46,636 - elsapy.elssearch - INFO - Module loaded.
