2024-08-06 10:21:47,342 - elsapy.elsclient - INFO - Module loaded.
2024-08-06 10:21:47,344 - elsapy.elsentity - INFO - Module loaded.
2024-08-06 10:21:47,344 - elsapy.utils - INFO - Module loaded.
2024-08-06 10:21:47,345 - elsapy.elsprofile - INFO - Module loaded.
2024-08-06 10:21:47,345 - elsapy.elsdoc - INFO - Module loaded.
2024-08-06 10:21:47,346 - elsapy.elssearch - INFO - Module loaded.
2024-08-06 10:22:25,941 - elsapy.elsclient - INFO - Module loaded.
2024-08-06 10:22:25,942 - elsapy.elsentity - INFO - Module loaded.
2024-08-06 10:22:25,942 - elsapy.utils - INFO - Module loaded.
2024-08-06 10:22:25,943 - elsapy.elsprofile - INFO - Module loaded.
2024-08-06 10:22:25,943 - elsapy.elsdoc - INFO - Module loaded.
2024-08-06 10:22:25,945 - elsapy.elssearch - INFO - Module loaded.
2024-08-06 10:26:41,114 - elsapy.elsclient - INFO - Module loaded.
2024-08-06 10:26:41,115 - elsapy.elsentity - INFO - Module loaded.
2024-08-06 10:26:41,116 - elsapy.utils - INFO - Module loaded.
2024-08-06 10:26:41,116 - elsapy.elsprofile - INFO - Module loaded.
2024-08-06 10:26:41,117 - elsapy.elsdoc - INFO - Module loaded.
2024-08-06 10:26:41,117 - elsapy.elssearch - INFO - Module loaded.
2024-08-06 10:27:16,722 - elsapy.elsclient - INFO - Module loaded.
2024-08-06 10:27:16,723 - elsapy.elsentity - INFO - Module loaded.
2024-08-06 10:27:16,724 - elsapy.utils - INFO - Module loaded.
2024-08-06 10:27:16,724 - elsapy.elsprofile - INFO - Module loaded.
2024-08-06 10:27:16,725 - elsapy.elsdoc - INFO - Module loaded.
2024-08-06 10:27:16,725 - elsapy.elssearch - INFO - Module loaded.
2024-08-06 10:28:33,210 - elsapy.elsclient - INFO - Module loaded.
2024-08-06 10:28:33,211 - elsapy.elsentity - INFO - Module loaded.
2024-08-06 10:28:33,211 - elsapy.utils - INFO - Module loaded.
2024-08-06 10:28:33,212 - elsapy.elsprofile - INFO - Module loaded.
2024-08-06 10:28:33,212 - elsapy.elsdoc - INFO - Module loaded.
2024-08-06 10:28:33,213 - elsapy.elssearch - INFO - Module loaded.
2024-08-06 10:29:23,941 - elsapy.elsclient - INFO - Module loaded.
2024-08-06 10:29:23,942 - elsapy.elsentity - INFO - Module loaded.
2024-08-06 10:29:23,943 - elsapy.utils - INFO - Module loaded.
2024-08-06 10:29:23,943 - elsapy.elsprofile - INFO - Module loaded.
2024-08-06 10:29:23,944 - elsapy.elsdoc - INFO - Module loaded.
2024-08-06 10:29:23,944 - elsapy.elssearch - INFO - Module loaded.
2024-08-06 10:31:17,118 - elsapy.elsclient - INFO - Module loaded.
2024-08-06 10:31:17,119 - elsapy.elsentity - INFO - Module loaded.
2024-08-06 10:31:17,120 - elsapy.utils - INFO - Module loaded.
2024-08-06 10:31:17,120 - elsapy.elsprofile - INFO - Module loaded.
2024-08-06 10:31:17,121 - elsapy.elsdoc - INFO - Module loaded.
2024-08-06 10:31:17,122 - elsapy.elssearch - INFO - Module loaded.
2024-08-06 10:32:11,280 - elsapy.elsclient - INFO - Module loaded.
2024-08-06 10:32:11,281 - elsapy.elsentity - INFO - Module loaded.
2024-08-06 10:32:11,282 - elsapy.utils - INFO - Module loaded.
2024-08-06 10:32:11,282 - elsapy.elsprofile - INFO - Module loaded.
2024-08-06 10:32:11,283 - elsapy.elsdoc - INFO - Module loaded.
2024-08-06 10:32:11,283 - elsapy.elssearch - INFO - Module loaded.
2024-08-06 10:33:22,537 - elsapy.elsclient - INFO - Module loaded.
2024-08-06 10:33:22,538 - elsapy.elsentity - INFO - Module loaded.
2024-08-06 10:33:22,539 - elsapy.utils - INFO - Module loaded.
2024-08-06 10:33:22,539 - elsapy.elsprofile - INFO - Module loaded.
2024-08-06 10:33:22,540 - elsapy.elsdoc - INFO - Module loaded.
2024-08-06 10:33:22,541 - elsapy.elssearch - INFO - Module loaded.
2024-08-06 10:33:55,184 - elsapy.elsclient - INFO - Module loaded.
2024-08-06 10:33:55,185 - elsapy.elsentity - INFO - Module loaded.
2024-08-06 10:33:55,185 - elsapy.utils - INFO - Module loaded.
2024-08-06 10:33:55,186 - elsapy.elsprofile - INFO - Module loaded.
2024-08-06 10:33:55,186 - elsapy.elsdoc - INFO - Module loaded.
2024-08-06 10:33:55,187 - elsapy.elssearch - INFO - Module loaded.
2024-08-06 10:35:08,650 - elsapy.elsclient - INFO - Module loaded.
2024-08-06 10:35:08,651 - elsapy.elsentity - INFO - Module loaded.
2024-08-06 10:35:08,651 - elsapy.utils - INFO - Module loaded.
2024-08-06 10:35:08,652 - elsapy.elsprofile - INFO - Module loaded.
2024-08-06 10:35:08,652 - elsapy.elsdoc - INFO - Module loaded.
2024-08-06 10:35:08,653 - elsapy.elssearch - INFO - Module loaded.
2024-08-06 10:35:27,013 - elsapy.elsclient - INFO - Module loaded.
2024-08-06 10:35:27,014 - elsapy.elsentity - INFO - Module loaded.
2024-08-06 10:35:27,014 - elsapy.utils - INFO - Module loaded.
2024-08-06 10:35:27,015 - elsapy.elsprofile - INFO - Module loaded.
2024-08-06 10:35:27,016 - elsapy.elsdoc - INFO - Module loaded.
2024-08-06 10:35:27,016 - elsapy.elssearch - INFO - Module loaded.
2024-08-06 10:36:08,664 - elsapy.elsclient - INFO - Module loaded.
2024-08-06 10:36:08,665 - elsapy.elsentity - INFO - Module loaded.
2024-08-06 10:36:08,666 - elsapy.utils - INFO - Module loaded.
2024-08-06 10:36:08,666 - elsapy.elsprofile - INFO - Module loaded.
2024-08-06 10:36:08,667 - elsapy.elsdoc - INFO - Module loaded.
2024-08-06 10:36:08,668 - elsapy.elssearch - INFO - Module loaded.
2024-08-06 10:36:51,404 - elsapy.elsclient - INFO - Module loaded.
2024-08-06 10:36:51,405 - elsapy.elsentity - INFO - Module loaded.
2024-08-06 10:36:51,406 - elsapy.utils - INFO - Module loaded.
2024-08-06 10:36:51,406 - elsapy.elsprofile - INFO - Module loaded.
2024-08-06 10:36:51,407 - elsapy.elsdoc - INFO - Module loaded.
2024-08-06 10:36:51,408 - elsapy.elssearch - INFO - Module loaded.
2024-08-06 10:43:46,546 - elsapy.elsclient - INFO - Module loaded.
2024-08-06 10:43:46,547 - elsapy.elsentity - INFO - Module loaded.
2024-08-06 10:43:46,547 - elsapy.utils - INFO - Module loaded.
2024-08-06 10:43:46,548 - elsapy.elsprofile - INFO - Module loaded.
2024-08-06 10:43:46,548 - elsapy.elsdoc - INFO - Module loaded.
2024-08-06 10:43:46,549 - elsapy.elssearch - INFO - Module loaded.
2024-08-06 11:30:37,346 - elsapy.elsclient - INFO - Module loaded.
2024-08-06 11:30:37,347 - elsapy.elsentity - INFO - Module loaded.
2024-08-06 11:30:37,347 - elsapy.utils - INFO - Module loaded.
2024-08-06 11:30:37,348 - elsapy.elsprofile - INFO - Module loaded.
2024-08-06 11:30:37,348 - elsapy.elsdoc - INFO - Module loaded.
2024-08-06 11:30:37,349 - elsapy.elssearch - INFO - Module loaded.
2024-08-06 11:32:04,712 - elsapy.elsclient - INFO - Module loaded.
2024-08-06 11:32:04,713 - elsapy.elsentity - INFO - Module loaded.
2024-08-06 11:32:04,714 - elsapy.utils - INFO - Module loaded.
2024-08-06 11:32:04,714 - elsapy.elsprofile - INFO - Module loaded.
2024-08-06 11:32:04,715 - elsapy.elsdoc - INFO - Module loaded.
2024-08-06 11:32:04,715 - elsapy.elssearch - INFO - Module loaded.
2024-08-06 11:43:57,155 - elsapy.elsclient - INFO - Module loaded.
2024-08-06 11:43:57,156 - elsapy.elsentity - INFO - Module loaded.
2024-08-06 11:43:57,157 - elsapy.utils - INFO - Module loaded.
2024-08-06 11:43:57,157 - elsapy.elsprofile - INFO - Module loaded.
2024-08-06 11:43:57,158 - elsapy.elsdoc - INFO - Module loaded.
2024-08-06 11:43:57,159 - elsapy.elssearch - INFO - Module loaded.
2024-08-06 11:44:09,014 - elsapy.elsclient - INFO - Module loaded.
2024-08-06 11:44:09,015 - elsapy.elsentity - INFO - Module loaded.
2024-08-06 11:44:09,016 - elsapy.utils - INFO - Module loaded.
2024-08-06 11:44:09,017 - elsapy.elsprofile - INFO - Module loaded.
2024-08-06 11:44:09,017 - elsapy.elsdoc - INFO - Module loaded.
2024-08-06 11:44:09,018 - elsapy.elssearch - INFO - Module loaded.
2024-08-06 11:45:39,160 - elsapy.elsclient - INFO - Module loaded.
2024-08-06 11:45:39,161 - elsapy.elsentity - INFO - Module loaded.
2024-08-06 11:45:39,162 - elsapy.utils - INFO - Module loaded.
2024-08-06 11:45:39,162 - elsapy.elsprofile - INFO - Module loaded.
2024-08-06 11:45:39,163 - elsapy.elsdoc - INFO - Module loaded.
2024-08-06 11:45:39,163 - elsapy.elssearch - INFO - Module loaded.
2024-08-06 11:46:06,859 - elsapy.elsclient - INFO - Module loaded.
2024-08-06 11:46:06,860 - elsapy.elsentity - INFO - Module loaded.
2024-08-06 11:46:06,861 - elsapy.utils - INFO - Module loaded.
2024-08-06 11:46:06,861 - elsapy.elsprofile - INFO - Module loaded.
2024-08-06 11:46:06,862 - elsapy.elsdoc - INFO - Module loaded.
2024-08-06 11:46:06,862 - elsapy.elssearch - INFO - Module loaded.
2024-08-06 11:47:06,334 - elsapy.elsclient - INFO - Module loaded.
2024-08-06 11:47:06,335 - elsapy.elsentity - INFO - Module loaded.
2024-08-06 11:47:06,336 - elsapy.utils - INFO - Module loaded.
2024-08-06 11:47:06,336 - elsapy.elsprofile - INFO - Module loaded.
2024-08-06 11:47:06,337 - elsapy.elsdoc - INFO - Module loaded.
2024-08-06 11:47:06,337 - elsapy.elssearch - INFO - Module loaded.
2024-08-06 12:08:04,772 - elsapy.elsclient - INFO - Module loaded.
2024-08-06 12:08:04,773 - elsapy.elsentity - INFO - Module loaded.
2024-08-06 12:08:04,773 - elsapy.utils - INFO - Module loaded.
2024-08-06 12:08:04,774 - elsapy.elsprofile - INFO - Module loaded.
2024-08-06 12:08:04,774 - elsapy.elsdoc - INFO - Module loaded.
2024-08-06 12:08:04,775 - elsapy.elssearch - INFO - Module loaded.
2024-08-06 12:08:45,440 - elsapy.elsclient - INFO - Module loaded.
2024-08-06 12:08:45,441 - elsapy.elsentity - INFO - Module loaded.
2024-08-06 12:08:45,441 - elsapy.utils - INFO - Module loaded.
2024-08-06 12:08:45,442 - elsapy.elsprofile - INFO - Module loaded.
2024-08-06 12:08:45,442 - elsapy.elsdoc - INFO - Module loaded.
2024-08-06 12:08:45,443 - elsapy.elssearch - INFO - Module loaded.
2024-08-06 12:09:11,092 - elsapy.elsclient - INFO - Module loaded.
2024-08-06 12:09:11,093 - elsapy.elsentity - INFO - Module loaded.
2024-08-06 12:09:11,094 - elsapy.utils - INFO - Module loaded.
2024-08-06 12:09:11,094 - elsapy.elsprofile - INFO - Module loaded.
2024-08-06 12:09:11,095 - elsapy.elsdoc - INFO - Module loaded.
2024-08-06 12:09:11,095 - elsapy.elssearch - INFO - Module loaded.
2024-08-06 12:09:35,196 - elsapy.elsclient - INFO - Module loaded.
2024-08-06 12:09:35,197 - elsapy.elsentity - INFO - Module loaded.
2024-08-06 12:09:35,198 - elsapy.utils - INFO - Module loaded.
2024-08-06 12:09:35,198 - elsapy.elsprofile - INFO - Module loaded.
2024-08-06 12:09:35,199 - elsapy.elsdoc - INFO - Module loaded.
2024-08-06 12:09:35,199 - elsapy.elssearch - INFO - Module loaded.
2024-08-06 12:10:03,704 - elsapy.elsclient - INFO - Module loaded.
2024-08-06 12:10:03,705 - elsapy.elsentity - INFO - Module loaded.
2024-08-06 12:10:03,706 - elsapy.utils - INFO - Module loaded.
2024-08-06 12:10:03,706 - elsapy.elsprofile - INFO - Module loaded.
2024-08-06 12:10:03,707 - elsapy.elsdoc - INFO - Module loaded.
2024-08-06 12:10:03,708 - elsapy.elssearch - INFO - Module loaded.
2024-08-06 12:10:19,310 - elsapy.elsclient - INFO - Module loaded.
2024-08-06 12:10:19,312 - elsapy.elsentity - INFO - Module loaded.
2024-08-06 12:10:19,312 - elsapy.utils - INFO - Module loaded.
2024-08-06 12:10:19,312 - elsapy.elsprofile - INFO - Module loaded.
2024-08-06 12:10:19,313 - elsapy.elsdoc - INFO - Module loaded.
2024-08-06 12:10:19,314 - elsapy.elssearch - INFO - Module loaded.
2024-08-06 14:02:46,086 - elsapy.elsclient - INFO - Module loaded.
2024-08-06 14:02:46,087 - elsapy.elsentity - INFO - Module loaded.
2024-08-06 14:02:46,088 - elsapy.utils - INFO - Module loaded.
2024-08-06 14:02:46,088 - elsapy.elsprofile - INFO - Module loaded.
2024-08-06 14:02:46,089 - elsapy.elsdoc - INFO - Module loaded.
2024-08-06 14:02:46,090 - elsapy.elssearch - INFO - Module loaded.
2024-08-06 22:00:52,109 - elsapy.elsclient - INFO - Module loaded.
2024-08-06 22:00:52,110 - elsapy.elsentity - INFO - Module loaded.
2024-08-06 22:00:52,111 - elsapy.utils - INFO - Module loaded.
2024-08-06 22:00:52,111 - elsapy.elsprofile - INFO - Module loaded.
2024-08-06 22:00:52,112 - elsapy.elsdoc - INFO - Module loaded.
2024-08-06 22:00:52,113 - elsapy.elssearch - INFO - Module loaded.
2024-08-06 22:01:39,108 - elsapy.elsclient - INFO - Module loaded.
2024-08-06 22:01:39,109 - elsapy.elsentity - INFO - Module loaded.
2024-08-06 22:01:39,110 - elsapy.utils - INFO - Module loaded.
2024-08-06 22:01:39,110 - elsapy.elsprofile - INFO - Module loaded.
2024-08-06 22:01:39,111 - elsapy.elsdoc - INFO - Module loaded.
2024-08-06 22:01:39,111 - elsapy.elssearch - INFO - Module loaded.
2024-08-06 22:07:31,577 - elsapy.elsclient - INFO - Module loaded.
2024-08-06 22:07:31,578 - elsapy.elsentity - INFO - Module loaded.
2024-08-06 22:07:31,578 - elsapy.utils - INFO - Module loaded.
2024-08-06 22:07:31,579 - elsapy.elsprofile - INFO - Module loaded.
2024-08-06 22:07:31,579 - elsapy.elsdoc - INFO - Module loaded.
2024-08-06 22:07:31,580 - elsapy.elssearch - INFO - Module loaded.
2024-08-06 23:51:17,100 - elsapy.elsclient - INFO - Module loaded.
2024-08-06 23:51:17,102 - elsapy.elsentity - INFO - Module loaded.
2024-08-06 23:51:17,102 - elsapy.utils - INFO - Module loaded.
2024-08-06 23:51:17,103 - elsapy.elsprofile - INFO - Module loaded.
2024-08-06 23:51:17,103 - elsapy.elsdoc - INFO - Module loaded.
2024-08-06 23:51:17,104 - elsapy.elssearch - INFO - Module loaded.
2024-08-06 23:51:43,802 - elsapy.elsclient - INFO - Module loaded.
2024-08-06 23:51:43,803 - elsapy.elsentity - INFO - Module loaded.
2024-08-06 23:51:43,803 - elsapy.utils - INFO - Module loaded.
2024-08-06 23:51:43,804 - elsapy.elsprofile - INFO - Module loaded.
2024-08-06 23:51:43,804 - elsapy.elsdoc - INFO - Module loaded.
2024-08-06 23:51:43,805 - elsapy.elssearch - INFO - Module loaded.
2024-08-06 23:54:05,004 - elsapy.elsclient - INFO - Module loaded.
2024-08-06 23:54:05,005 - elsapy.elsentity - INFO - Module loaded.
2024-08-06 23:54:05,006 - elsapy.utils - INFO - Module loaded.
2024-08-06 23:54:05,006 - elsapy.elsprofile - INFO - Module loaded.
2024-08-06 23:54:05,007 - elsapy.elsdoc - INFO - Module loaded.
2024-08-06 23:54:05,008 - elsapy.elssearch - INFO - Module loaded.
