2024-07-12 18:56:38,100 - elsapy.elsclient - INFO - Module loaded.
2024-07-12 18:56:38,102 - elsapy.elsentity - INFO - Module loaded.
2024-07-12 18:56:38,102 - elsapy.utils - INFO - Module loaded.
2024-07-12 18:56:38,103 - elsapy.elsprofile - INFO - Module loaded.
2024-07-12 18:56:38,103 - elsapy.elsdoc - INFO - Module loaded.
2024-07-12 18:56:38,104 - elsapy.elssearch - INFO - Module loaded.
2024-07-12 19:00:36,566 - elsapy.elsclient - INFO - Module loaded.
2024-07-12 19:00:36,567 - elsapy.elsentity - INFO - Module loaded.
2024-07-12 19:00:36,568 - elsapy.utils - INFO - Module loaded.
2024-07-12 19:00:36,568 - elsapy.elsprofile - INFO - Module loaded.
2024-07-12 19:00:36,569 - elsapy.elsdoc - INFO - Module loaded.
2024-07-12 19:00:36,571 - elsapy.elssearch - INFO - Module loaded.
2024-07-12 19:06:44,783 - elsapy.elsclient - INFO - Module loaded.
2024-07-12 19:06:44,784 - elsapy.elsentity - INFO - Module loaded.
2024-07-12 19:06:44,785 - elsapy.utils - INFO - Module loaded.
2024-07-12 19:06:44,785 - elsapy.elsprofile - INFO - Module loaded.
2024-07-12 19:06:44,786 - elsapy.elsdoc - INFO - Module loaded.
2024-07-12 19:06:44,786 - elsapy.elssearch - INFO - Module loaded.
2024-07-12 23:44:18,149 - elsapy.elsclient - INFO - Module loaded.
2024-07-12 23:44:18,150 - elsapy.elsentity - INFO - Module loaded.
2024-07-12 23:44:18,151 - elsapy.utils - INFO - Module loaded.
2024-07-12 23:44:18,151 - elsapy.elsprofile - INFO - Module loaded.
2024-07-12 23:44:18,152 - elsapy.elsdoc - INFO - Module loaded.
2024-07-12 23:44:18,153 - elsapy.elssearch - INFO - Module loaded.
