2024-06-03 09:59:06,209 - elsapy.elsclient - INFO - Module loaded.
2024-06-03 09:59:06,211 - elsapy.elsentity - INFO - Module loaded.
2024-06-03 09:59:06,212 - elsapy.utils - INFO - Module loaded.
2024-06-03 09:59:06,212 - elsapy.elsprofile - INFO - Module loaded.
2024-06-03 09:59:06,213 - elsapy.elsdoc - INFO - Module loaded.
2024-06-03 09:59:06,215 - elsapy.elssearch - INFO - Module loaded.
2024-06-03 10:33:54,781 - elsapy.elsclient - INFO - Module loaded.
2024-06-03 10:33:54,782 - elsapy.elsentity - INFO - Module loaded.
2024-06-03 10:33:54,783 - elsapy.utils - INFO - Module loaded.
2024-06-03 10:33:54,783 - elsapy.elsprofile - INFO - Module loaded.
2024-06-03 10:33:54,784 - elsapy.elsdoc - INFO - Module loaded.
2024-06-03 10:33:54,786 - elsapy.elssearch - INFO - Module loaded.
2024-06-03 10:36:56,736 - elsapy.elsclient - INFO - Module loaded.
2024-06-03 10:36:56,737 - elsapy.elsentity - INFO - Module loaded.
2024-06-03 10:36:56,737 - elsapy.utils - INFO - Module loaded.
2024-06-03 10:36:56,738 - elsapy.elsprofile - INFO - Module loaded.
2024-06-03 10:36:56,738 - elsapy.elsdoc - INFO - Module loaded.
2024-06-03 10:36:56,739 - elsapy.elssearch - INFO - Module loaded.
2024-06-03 10:47:51,780 - elsapy.elsclient - INFO - Module loaded.
2024-06-03 10:47:51,781 - elsapy.elsentity - INFO - Module loaded.
2024-06-03 10:47:51,781 - elsapy.utils - INFO - Module loaded.
2024-06-03 10:47:51,782 - elsapy.elsprofile - INFO - Module loaded.
2024-06-03 10:47:51,782 - elsapy.elsdoc - INFO - Module loaded.
2024-06-03 10:47:51,783 - elsapy.elssearch - INFO - Module loaded.
2024-06-03 10:53:29,678 - elsapy.elsclient - INFO - Module loaded.
2024-06-03 10:53:29,679 - elsapy.elsentity - INFO - Module loaded.
2024-06-03 10:53:29,679 - elsapy.utils - INFO - Module loaded.
2024-06-03 10:53:29,679 - elsapy.elsprofile - INFO - Module loaded.
2024-06-03 10:53:29,680 - elsapy.elsdoc - INFO - Module loaded.
2024-06-03 10:53:29,681 - elsapy.elssearch - INFO - Module loaded.
2024-06-03 11:12:54,802 - elsapy.elsclient - INFO - Module loaded.
2024-06-03 11:12:54,803 - elsapy.elsentity - INFO - Module loaded.
2024-06-03 11:12:54,804 - elsapy.utils - INFO - Module loaded.
2024-06-03 11:12:54,804 - elsapy.elsprofile - INFO - Module loaded.
2024-06-03 11:12:54,805 - elsapy.elsdoc - INFO - Module loaded.
2024-06-03 11:12:54,805 - elsapy.elssearch - INFO - Module loaded.
2024-06-03 11:16:20,086 - elsapy.elsclient - INFO - Module loaded.
2024-06-03 11:16:20,087 - elsapy.elsentity - INFO - Module loaded.
2024-06-03 11:16:20,088 - elsapy.utils - INFO - Module loaded.
2024-06-03 11:16:20,088 - elsapy.elsprofile - INFO - Module loaded.
2024-06-03 11:16:20,089 - elsapy.elsdoc - INFO - Module loaded.
2024-06-03 11:16:20,089 - elsapy.elssearch - INFO - Module loaded.
2024-06-03 11:38:20,514 - elsapy.elsclient - INFO - Module loaded.
2024-06-03 11:38:20,516 - elsapy.elsentity - INFO - Module loaded.
2024-06-03 11:38:20,516 - elsapy.utils - INFO - Module loaded.
2024-06-03 11:38:20,516 - elsapy.elsprofile - INFO - Module loaded.
2024-06-03 11:38:20,517 - elsapy.elsdoc - INFO - Module loaded.
2024-06-03 11:38:20,518 - elsapy.elssearch - INFO - Module loaded.
2024-06-03 12:33:07,063 - elsapy.elsclient - INFO - Module loaded.
2024-06-03 12:33:07,064 - elsapy.elsentity - INFO - Module loaded.
2024-06-03 12:33:07,065 - elsapy.utils - INFO - Module loaded.
2024-06-03 12:33:07,065 - elsapy.elsprofile - INFO - Module loaded.
2024-06-03 12:33:07,066 - elsapy.elsdoc - INFO - Module loaded.
2024-06-03 12:33:07,067 - elsapy.elssearch - INFO - Module loaded.
2024-06-03 12:56:55,944 - elsapy.elsclient - INFO - Module loaded.
2024-06-03 12:56:55,946 - elsapy.elsentity - INFO - Module loaded.
2024-06-03 12:56:55,946 - elsapy.utils - INFO - Module loaded.
2024-06-03 12:56:55,947 - elsapy.elsprofile - INFO - Module loaded.
2024-06-03 12:56:55,947 - elsapy.elsdoc - INFO - Module loaded.
2024-06-03 12:56:55,948 - elsapy.elssearch - INFO - Module loaded.
2024-06-03 13:43:45,314 - elsapy.elsclient - INFO - Module loaded.
2024-06-03 13:43:45,315 - elsapy.elsentity - INFO - Module loaded.
2024-06-03 13:43:45,316 - elsapy.utils - INFO - Module loaded.
2024-06-03 13:43:45,316 - elsapy.elsprofile - INFO - Module loaded.
2024-06-03 13:43:45,317 - elsapy.elsdoc - INFO - Module loaded.
2024-06-03 13:43:45,318 - elsapy.elssearch - INFO - Module loaded.
2024-06-03 13:49:27,641 - elsapy.elsclient - INFO - Module loaded.
2024-06-03 13:49:27,642 - elsapy.elsentity - INFO - Module loaded.
2024-06-03 13:49:27,643 - elsapy.utils - INFO - Module loaded.
2024-06-03 13:49:27,643 - elsapy.elsprofile - INFO - Module loaded.
2024-06-03 13:49:27,644 - elsapy.elsdoc - INFO - Module loaded.
2024-06-03 13:49:27,644 - elsapy.elssearch - INFO - Module loaded.
2024-06-03 14:05:18,544 - elsapy.elsclient - INFO - Module loaded.
2024-06-03 14:05:18,545 - elsapy.elsentity - INFO - Module loaded.
2024-06-03 14:05:18,546 - elsapy.utils - INFO - Module loaded.
2024-06-03 14:05:18,546 - elsapy.elsprofile - INFO - Module loaded.
2024-06-03 14:05:18,547 - elsapy.elsdoc - INFO - Module loaded.
2024-06-03 14:05:18,548 - elsapy.elssearch - INFO - Module loaded.
2024-06-03 14:12:58,694 - elsapy.elsclient - INFO - Module loaded.
2024-06-03 14:12:58,695 - elsapy.elsentity - INFO - Module loaded.
2024-06-03 14:12:58,696 - elsapy.utils - INFO - Module loaded.
2024-06-03 14:12:58,696 - elsapy.elsprofile - INFO - Module loaded.
2024-06-03 14:12:58,697 - elsapy.elsdoc - INFO - Module loaded.
2024-06-03 14:12:58,697 - elsapy.elssearch - INFO - Module loaded.
2024-06-03 14:13:19,958 - elsapy.elsclient - INFO - Module loaded.
2024-06-03 14:13:19,959 - elsapy.elsentity - INFO - Module loaded.
2024-06-03 14:13:19,960 - elsapy.utils - INFO - Module loaded.
2024-06-03 14:13:19,960 - elsapy.elsprofile - INFO - Module loaded.
2024-06-03 14:13:19,961 - elsapy.elsdoc - INFO - Module loaded.
2024-06-03 14:13:19,962 - elsapy.elssearch - INFO - Module loaded.
2024-06-03 14:23:33,490 - elsapy.elsclient - INFO - Module loaded.
2024-06-03 14:23:33,491 - elsapy.elsentity - INFO - Module loaded.
2024-06-03 14:23:33,492 - elsapy.utils - INFO - Module loaded.
2024-06-03 14:23:33,492 - elsapy.elsprofile - INFO - Module loaded.
2024-06-03 14:23:33,493 - elsapy.elsdoc - INFO - Module loaded.
2024-06-03 14:23:33,493 - elsapy.elssearch - INFO - Module loaded.
2024-06-03 14:45:18,528 - elsapy.elsclient - INFO - Module loaded.
2024-06-03 14:45:18,529 - elsapy.elsentity - INFO - Module loaded.
2024-06-03 14:45:18,530 - elsapy.utils - INFO - Module loaded.
2024-06-03 14:45:18,530 - elsapy.elsprofile - INFO - Module loaded.
2024-06-03 14:45:18,531 - elsapy.elsdoc - INFO - Module loaded.
2024-06-03 14:45:18,531 - elsapy.elssearch - INFO - Module loaded.
2024-06-03 15:33:29,690 - elsapy.elsclient - INFO - Module loaded.
2024-06-03 15:33:29,692 - elsapy.elsentity - INFO - Module loaded.
2024-06-03 15:33:29,692 - elsapy.utils - INFO - Module loaded.
2024-06-03 15:33:29,693 - elsapy.elsprofile - INFO - Module loaded.
2024-06-03 15:33:29,694 - elsapy.elsdoc - INFO - Module loaded.
2024-06-03 15:33:29,695 - elsapy.elssearch - INFO - Module loaded.
2024-06-03 15:36:01,959 - elsapy.elsclient - INFO - Module loaded.
2024-06-03 15:36:01,960 - elsapy.elsentity - INFO - Module loaded.
2024-06-03 15:36:01,961 - elsapy.utils - INFO - Module loaded.
2024-06-03 15:36:01,961 - elsapy.elsprofile - INFO - Module loaded.
2024-06-03 15:36:01,962 - elsapy.elsdoc - INFO - Module loaded.
2024-06-03 15:36:01,962 - elsapy.elssearch - INFO - Module loaded.
2024-06-03 15:48:37,383 - elsapy.elsclient - INFO - Module loaded.
2024-06-03 15:48:37,384 - elsapy.elsentity - INFO - Module loaded.
2024-06-03 15:48:37,384 - elsapy.utils - INFO - Module loaded.
2024-06-03 15:48:37,385 - elsapy.elsprofile - INFO - Module loaded.
2024-06-03 15:48:37,385 - elsapy.elsdoc - INFO - Module loaded.
2024-06-03 15:48:37,386 - elsapy.elssearch - INFO - Module loaded.
2024-06-03 16:11:22,828 - elsapy.elsclient - INFO - Module loaded.
2024-06-03 16:11:22,829 - elsapy.elsentity - INFO - Module loaded.
2024-06-03 16:11:22,830 - elsapy.utils - INFO - Module loaded.
2024-06-03 16:11:22,830 - elsapy.elsprofile - INFO - Module loaded.
2024-06-03 16:11:22,831 - elsapy.elsdoc - INFO - Module loaded.
2024-06-03 16:11:22,832 - elsapy.elssearch - INFO - Module loaded.
2024-06-03 16:11:39,767 - elsapy.elsclient - INFO - Module loaded.
2024-06-03 16:11:39,768 - elsapy.elsentity - INFO - Module loaded.
2024-06-03 16:11:39,769 - elsapy.utils - INFO - Module loaded.
2024-06-03 16:11:39,769 - elsapy.elsprofile - INFO - Module loaded.
2024-06-03 16:11:39,770 - elsapy.elsdoc - INFO - Module loaded.
2024-06-03 16:11:39,770 - elsapy.elssearch - INFO - Module loaded.
2024-06-03 17:18:41,530 - elsapy.elsclient - INFO - Module loaded.
2024-06-03 17:18:41,532 - elsapy.elsentity - INFO - Module loaded.
2024-06-03 17:18:41,532 - elsapy.utils - INFO - Module loaded.
2024-06-03 17:18:41,533 - elsapy.elsprofile - INFO - Module loaded.
2024-06-03 17:18:41,534 - elsapy.elsdoc - INFO - Module loaded.
2024-06-03 17:18:41,535 - elsapy.elssearch - INFO - Module loaded.
2024-06-03 18:03:37,738 - elsapy.elsclient - INFO - Module loaded.
2024-06-03 18:03:37,739 - elsapy.elsentity - INFO - Module loaded.
2024-06-03 18:03:37,740 - elsapy.utils - INFO - Module loaded.
2024-06-03 18:03:37,740 - elsapy.elsprofile - INFO - Module loaded.
2024-06-03 18:03:37,741 - elsapy.elsdoc - INFO - Module loaded.
2024-06-03 18:03:37,742 - elsapy.elssearch - INFO - Module loaded.
2024-06-03 18:10:39,893 - elsapy.elsclient - INFO - Module loaded.
2024-06-03 18:10:39,895 - elsapy.elsentity - INFO - Module loaded.
2024-06-03 18:10:39,895 - elsapy.utils - INFO - Module loaded.
2024-06-03 18:10:39,895 - elsapy.elsprofile - INFO - Module loaded.
2024-06-03 18:10:39,896 - elsapy.elsdoc - INFO - Module loaded.
2024-06-03 18:10:39,897 - elsapy.elssearch - INFO - Module loaded.
2024-06-03 18:25:30,593 - elsapy.elsclient - INFO - Module loaded.
2024-06-03 18:25:30,594 - elsapy.elsentity - INFO - Module loaded.
2024-06-03 18:25:30,595 - elsapy.utils - INFO - Module loaded.
2024-06-03 18:25:30,595 - elsapy.elsprofile - INFO - Module loaded.
2024-06-03 18:25:30,596 - elsapy.elsdoc - INFO - Module loaded.
2024-06-03 18:25:30,597 - elsapy.elssearch - INFO - Module loaded.
2024-06-03 23:33:32,301 - elsapy.elsclient - INFO - Module loaded.
2024-06-03 23:33:32,303 - elsapy.elsentity - INFO - Module loaded.
2024-06-03 23:33:32,303 - elsapy.utils - INFO - Module loaded.
2024-06-03 23:33:32,304 - elsapy.elsprofile - INFO - Module loaded.
2024-06-03 23:33:32,305 - elsapy.elsdoc - INFO - Module loaded.
2024-06-03 23:33:32,306 - elsapy.elssearch - INFO - Module loaded.
