2024-09-29 15:22:15,784 - elsapy.elsclient - INFO - Module loaded.
2024-09-29 15:22:15,786 - elsapy.elsentity - INFO - Module loaded.
2024-09-29 15:22:15,787 - elsapy.utils - INFO - Module loaded.
2024-09-29 15:22:15,787 - elsapy.elsprofile - INFO - Module loaded.
2024-09-29 15:22:15,788 - elsapy.elsdoc - INFO - Module loaded.
2024-09-29 15:22:15,789 - elsapy.elssearch - INFO - Module loaded.
2024-09-29 16:18:26,089 - elsapy.elsclient - INFO - Module loaded.
2024-09-29 16:18:26,090 - elsapy.elsentity - INFO - Module loaded.
2024-09-29 16:18:26,091 - elsapy.utils - INFO - Module loaded.
2024-09-29 16:18:26,092 - elsapy.elsprofile - INFO - Module loaded.
2024-09-29 16:18:26,093 - elsapy.elsdoc - INFO - Module loaded.
2024-09-29 16:18:26,093 - elsapy.elssearch - INFO - Module loaded.
2024-09-29 16:18:58,587 - elsapy.elsclient - INFO - Module loaded.
2024-09-29 16:18:58,589 - elsapy.elsentity - INFO - Module loaded.
2024-09-29 16:18:58,589 - elsapy.utils - INFO - Module loaded.
2024-09-29 16:18:58,590 - elsapy.elsprofile - INFO - Module loaded.
2024-09-29 16:18:58,590 - elsapy.elsdoc - INFO - Module loaded.
2024-09-29 16:18:58,591 - elsapy.elssearch - INFO - Module loaded.
2024-09-29 16:20:22,921 - elsapy.elsclient - INFO - Module loaded.
2024-09-29 16:20:22,923 - elsapy.elsentity - INFO - Module loaded.
2024-09-29 16:20:22,923 - elsapy.utils - INFO - Module loaded.
2024-09-29 16:20:22,924 - elsapy.elsprofile - INFO - Module loaded.
2024-09-29 16:20:22,924 - elsapy.elsdoc - INFO - Module loaded.
2024-09-29 16:20:22,925 - elsapy.elssearch - INFO - Module loaded.
2024-09-29 16:21:46,601 - elsapy.elsclient - INFO - Module loaded.
2024-09-29 16:21:46,602 - elsapy.elsentity - INFO - Module loaded.
2024-09-29 16:21:46,603 - elsapy.utils - INFO - Module loaded.
2024-09-29 16:21:46,603 - elsapy.elsprofile - INFO - Module loaded.
2024-09-29 16:21:46,603 - elsapy.elsdoc - INFO - Module loaded.
2024-09-29 16:21:46,604 - elsapy.elssearch - INFO - Module loaded.
2024-09-29 16:22:09,805 - elsapy.elsclient - INFO - Module loaded.
2024-09-29 16:22:09,806 - elsapy.elsentity - INFO - Module loaded.
2024-09-29 16:22:09,807 - elsapy.utils - INFO - Module loaded.
2024-09-29 16:22:09,807 - elsapy.elsprofile - INFO - Module loaded.
2024-09-29 16:22:09,808 - elsapy.elsdoc - INFO - Module loaded.
2024-09-29 16:22:09,808 - elsapy.elssearch - INFO - Module loaded.
2024-09-29 16:24:31,555 - elsapy.elsclient - INFO - Module loaded.
2024-09-29 16:24:31,556 - elsapy.elsentity - INFO - Module loaded.
2024-09-29 16:24:31,557 - elsapy.utils - INFO - Module loaded.
2024-09-29 16:24:31,557 - elsapy.elsprofile - INFO - Module loaded.
2024-09-29 16:24:31,558 - elsapy.elsdoc - INFO - Module loaded.
2024-09-29 16:24:31,559 - elsapy.elssearch - INFO - Module loaded.
2024-09-29 16:25:32,392 - elsapy.elsclient - INFO - Module loaded.
2024-09-29 16:25:32,393 - elsapy.elsentity - INFO - Module loaded.
2024-09-29 16:25:32,394 - elsapy.utils - INFO - Module loaded.
2024-09-29 16:25:32,395 - elsapy.elsprofile - INFO - Module loaded.
2024-09-29 16:25:32,395 - elsapy.elsdoc - INFO - Module loaded.
2024-09-29 16:25:32,396 - elsapy.elssearch - INFO - Module loaded.
2024-09-29 16:26:09,423 - elsapy.elsclient - INFO - Module loaded.
2024-09-29 16:26:09,424 - elsapy.elsentity - INFO - Module loaded.
2024-09-29 16:26:09,425 - elsapy.utils - INFO - Module loaded.
2024-09-29 16:26:09,425 - elsapy.elsprofile - INFO - Module loaded.
2024-09-29 16:26:09,426 - elsapy.elsdoc - INFO - Module loaded.
2024-09-29 16:26:09,427 - elsapy.elssearch - INFO - Module loaded.
2024-09-29 16:27:02,759 - elsapy.elsclient - INFO - Module loaded.
2024-09-29 16:27:02,760 - elsapy.elsentity - INFO - Module loaded.
2024-09-29 16:27:02,761 - elsapy.utils - INFO - Module loaded.
2024-09-29 16:27:02,761 - elsapy.elsprofile - INFO - Module loaded.
2024-09-29 16:27:02,762 - elsapy.elsdoc - INFO - Module loaded.
2024-09-29 16:27:02,763 - elsapy.elssearch - INFO - Module loaded.
2024-09-29 16:28:06,193 - elsapy.elsclient - INFO - Module loaded.
2024-09-29 16:28:06,194 - elsapy.elsentity - INFO - Module loaded.
2024-09-29 16:28:06,195 - elsapy.utils - INFO - Module loaded.
2024-09-29 16:28:06,195 - elsapy.elsprofile - INFO - Module loaded.
2024-09-29 16:28:06,196 - elsapy.elsdoc - INFO - Module loaded.
2024-09-29 16:28:06,196 - elsapy.elssearch - INFO - Module loaded.
2024-09-29 16:29:16,675 - elsapy.elsclient - INFO - Module loaded.
2024-09-29 16:29:16,676 - elsapy.elsentity - INFO - Module loaded.
2024-09-29 16:29:16,677 - elsapy.utils - INFO - Module loaded.
2024-09-29 16:29:16,677 - elsapy.elsprofile - INFO - Module loaded.
2024-09-29 16:29:16,679 - elsapy.elsdoc - INFO - Module loaded.
2024-09-29 16:29:16,679 - elsapy.elssearch - INFO - Module loaded.
2024-09-29 16:30:34,184 - elsapy.elsclient - INFO - Module loaded.
2024-09-29 16:30:34,185 - elsapy.elsentity - INFO - Module loaded.
2024-09-29 16:30:34,185 - elsapy.utils - INFO - Module loaded.
2024-09-29 16:30:34,186 - elsapy.elsprofile - INFO - Module loaded.
2024-09-29 16:30:34,187 - elsapy.elsdoc - INFO - Module loaded.
2024-09-29 16:30:34,187 - elsapy.elssearch - INFO - Module loaded.
2024-09-29 16:31:27,355 - elsapy.elsclient - INFO - Module loaded.
2024-09-29 16:31:27,356 - elsapy.elsentity - INFO - Module loaded.
2024-09-29 16:31:27,356 - elsapy.utils - INFO - Module loaded.
2024-09-29 16:31:27,357 - elsapy.elsprofile - INFO - Module loaded.
2024-09-29 16:31:27,357 - elsapy.elsdoc - INFO - Module loaded.
2024-09-29 16:31:27,358 - elsapy.elssearch - INFO - Module loaded.
2024-09-29 16:32:32,425 - elsapy.elsclient - INFO - Module loaded.
2024-09-29 16:32:32,426 - elsapy.elsentity - INFO - Module loaded.
2024-09-29 16:32:32,427 - elsapy.utils - INFO - Module loaded.
2024-09-29 16:32:32,427 - elsapy.elsprofile - INFO - Module loaded.
2024-09-29 16:32:32,428 - elsapy.elsdoc - INFO - Module loaded.
2024-09-29 16:32:32,429 - elsapy.elssearch - INFO - Module loaded.
2024-09-29 16:33:10,579 - elsapy.elsclient - INFO - Module loaded.
2024-09-29 16:33:10,580 - elsapy.elsentity - INFO - Module loaded.
2024-09-29 16:33:10,581 - elsapy.utils - INFO - Module loaded.
2024-09-29 16:33:10,581 - elsapy.elsprofile - INFO - Module loaded.
2024-09-29 16:33:10,582 - elsapy.elsdoc - INFO - Module loaded.
2024-09-29 16:33:10,582 - elsapy.elssearch - INFO - Module loaded.
2024-09-29 19:30:20,975 - elsapy.elsclient - INFO - Module loaded.
2024-09-29 19:30:20,976 - elsapy.elsentity - INFO - Module loaded.
2024-09-29 19:30:20,977 - elsapy.utils - INFO - Module loaded.
2024-09-29 19:30:20,977 - elsapy.elsprofile - INFO - Module loaded.
2024-09-29 19:30:20,978 - elsapy.elsdoc - INFO - Module loaded.
2024-09-29 19:30:20,979 - elsapy.elssearch - INFO - Module loaded.
2024-09-29 19:31:29,842 - elsapy.elsclient - INFO - Module loaded.
2024-09-29 19:31:29,844 - elsapy.elsentity - INFO - Module loaded.
2024-09-29 19:31:29,844 - elsapy.utils - INFO - Module loaded.
2024-09-29 19:31:29,845 - elsapy.elsprofile - INFO - Module loaded.
2024-09-29 19:31:29,845 - elsapy.elsdoc - INFO - Module loaded.
2024-09-29 19:31:29,845 - elsapy.elssearch - INFO - Module loaded.
2024-09-29 19:32:22,570 - elsapy.elsclient - INFO - Module loaded.
2024-09-29 19:32:22,571 - elsapy.elsentity - INFO - Module loaded.
2024-09-29 19:32:22,572 - elsapy.utils - INFO - Module loaded.
2024-09-29 19:32:22,573 - elsapy.elsprofile - INFO - Module loaded.
2024-09-29 19:32:22,573 - elsapy.elsdoc - INFO - Module loaded.
2024-09-29 19:32:22,574 - elsapy.elssearch - INFO - Module loaded.
2024-09-29 19:33:07,848 - elsapy.elsclient - INFO - Module loaded.
2024-09-29 19:33:07,850 - elsapy.elsentity - INFO - Module loaded.
2024-09-29 19:33:07,850 - elsapy.utils - INFO - Module loaded.
2024-09-29 19:33:07,851 - elsapy.elsprofile - INFO - Module loaded.
2024-09-29 19:33:07,851 - elsapy.elsdoc - INFO - Module loaded.
2024-09-29 19:33:07,852 - elsapy.elssearch - INFO - Module loaded.
2024-09-29 19:33:55,429 - elsapy.elsclient - INFO - Module loaded.
2024-09-29 19:33:55,431 - elsapy.elsentity - INFO - Module loaded.
2024-09-29 19:33:55,431 - elsapy.utils - INFO - Module loaded.
2024-09-29 19:33:55,432 - elsapy.elsprofile - INFO - Module loaded.
2024-09-29 19:33:55,432 - elsapy.elsdoc - INFO - Module loaded.
2024-09-29 19:33:55,433 - elsapy.elssearch - INFO - Module loaded.
2024-09-29 19:36:08,191 - elsapy.elsclient - INFO - Module loaded.
2024-09-29 19:36:08,192 - elsapy.elsentity - INFO - Module loaded.
2024-09-29 19:36:08,193 - elsapy.utils - INFO - Module loaded.
2024-09-29 19:36:08,193 - elsapy.elsprofile - INFO - Module loaded.
2024-09-29 19:36:08,194 - elsapy.elsdoc - INFO - Module loaded.
2024-09-29 19:36:08,194 - elsapy.elssearch - INFO - Module loaded.
2024-09-29 20:03:47,575 - elsapy.elsclient - INFO - Module loaded.
2024-09-29 20:03:47,576 - elsapy.elsentity - INFO - Module loaded.
2024-09-29 20:03:47,577 - elsapy.utils - INFO - Module loaded.
2024-09-29 20:03:47,577 - elsapy.elsprofile - INFO - Module loaded.
2024-09-29 20:03:47,578 - elsapy.elsdoc - INFO - Module loaded.
2024-09-29 20:03:47,578 - elsapy.elssearch - INFO - Module loaded.
2024-09-29 20:04:44,947 - elsapy.elsclient - INFO - Module loaded.
2024-09-29 20:04:44,948 - elsapy.elsentity - INFO - Module loaded.
2024-09-29 20:04:44,949 - elsapy.utils - INFO - Module loaded.
2024-09-29 20:04:44,949 - elsapy.elsprofile - INFO - Module loaded.
2024-09-29 20:04:44,950 - elsapy.elsdoc - INFO - Module loaded.
2024-09-29 20:04:44,951 - elsapy.elssearch - INFO - Module loaded.
2024-09-29 20:05:32,920 - elsapy.elsclient - INFO - Module loaded.
2024-09-29 20:05:32,922 - elsapy.elsentity - INFO - Module loaded.
2024-09-29 20:05:32,922 - elsapy.utils - INFO - Module loaded.
2024-09-29 20:05:32,922 - elsapy.elsprofile - INFO - Module loaded.
2024-09-29 20:05:32,923 - elsapy.elsdoc - INFO - Module loaded.
2024-09-29 20:05:32,924 - elsapy.elssearch - INFO - Module loaded.
2024-09-29 20:06:17,348 - elsapy.elsclient - INFO - Module loaded.
2024-09-29 20:06:17,349 - elsapy.elsentity - INFO - Module loaded.
2024-09-29 20:06:17,350 - elsapy.utils - INFO - Module loaded.
2024-09-29 20:06:17,350 - elsapy.elsprofile - INFO - Module loaded.
2024-09-29 20:06:17,351 - elsapy.elsdoc - INFO - Module loaded.
2024-09-29 20:06:17,351 - elsapy.elssearch - INFO - Module loaded.
2024-09-29 20:13:05,380 - elsapy.elsclient - INFO - Module loaded.
2024-09-29 20:13:05,382 - elsapy.elsentity - INFO - Module loaded.
2024-09-29 20:13:05,382 - elsapy.utils - INFO - Module loaded.
2024-09-29 20:13:05,383 - elsapy.elsprofile - INFO - Module loaded.
2024-09-29 20:13:05,383 - elsapy.elsdoc - INFO - Module loaded.
2024-09-29 20:13:05,384 - elsapy.elssearch - INFO - Module loaded.
2024-09-29 20:13:37,958 - elsapy.elsclient - INFO - Module loaded.
2024-09-29 20:13:37,959 - elsapy.elsentity - INFO - Module loaded.
2024-09-29 20:13:37,960 - elsapy.utils - INFO - Module loaded.
2024-09-29 20:13:37,960 - elsapy.elsprofile - INFO - Module loaded.
2024-09-29 20:13:37,961 - elsapy.elsdoc - INFO - Module loaded.
2024-09-29 20:13:37,961 - elsapy.elssearch - INFO - Module loaded.
2024-09-29 20:16:15,214 - elsapy.elsclient - INFO - Module loaded.
2024-09-29 20:16:15,215 - elsapy.elsentity - INFO - Module loaded.
2024-09-29 20:16:15,216 - elsapy.utils - INFO - Module loaded.
2024-09-29 20:16:15,216 - elsapy.elsprofile - INFO - Module loaded.
2024-09-29 20:16:15,217 - elsapy.elsdoc - INFO - Module loaded.
2024-09-29 20:16:15,217 - elsapy.elssearch - INFO - Module loaded.
2024-09-29 20:18:35,252 - elsapy.elsclient - INFO - Module loaded.
2024-09-29 20:18:35,253 - elsapy.elsentity - INFO - Module loaded.
2024-09-29 20:18:35,254 - elsapy.utils - INFO - Module loaded.
2024-09-29 20:18:35,254 - elsapy.elsprofile - INFO - Module loaded.
2024-09-29 20:18:35,255 - elsapy.elsdoc - INFO - Module loaded.
2024-09-29 20:18:35,256 - elsapy.elssearch - INFO - Module loaded.
2024-09-29 20:21:26,524 - elsapy.elsclient - INFO - Module loaded.
2024-09-29 20:21:26,526 - elsapy.elsentity - INFO - Module loaded.
2024-09-29 20:21:26,526 - elsapy.utils - INFO - Module loaded.
2024-09-29 20:21:26,527 - elsapy.elsprofile - INFO - Module loaded.
2024-09-29 20:21:26,527 - elsapy.elsdoc - INFO - Module loaded.
2024-09-29 20:21:26,528 - elsapy.elssearch - INFO - Module loaded.
2024-09-29 20:22:38,998 - elsapy.elsclient - INFO - Module loaded.
2024-09-29 20:22:38,999 - elsapy.elsentity - INFO - Module loaded.
2024-09-29 20:22:39,000 - elsapy.utils - INFO - Module loaded.
2024-09-29 20:22:39,000 - elsapy.elsprofile - INFO - Module loaded.
2024-09-29 20:22:39,001 - elsapy.elsdoc - INFO - Module loaded.
2024-09-29 20:22:39,002 - elsapy.elssearch - INFO - Module loaded.
2024-09-29 20:24:17,146 - elsapy.elsclient - INFO - Module loaded.
2024-09-29 20:24:17,147 - elsapy.elsentity - INFO - Module loaded.
2024-09-29 20:24:17,148 - elsapy.utils - INFO - Module loaded.
2024-09-29 20:24:17,148 - elsapy.elsprofile - INFO - Module loaded.
2024-09-29 20:24:17,149 - elsapy.elsdoc - INFO - Module loaded.
2024-09-29 20:24:17,150 - elsapy.elssearch - INFO - Module loaded.
2024-09-29 20:43:36,677 - elsapy.elsclient - INFO - Module loaded.
2024-09-29 20:43:36,678 - elsapy.elsentity - INFO - Module loaded.
2024-09-29 20:43:36,679 - elsapy.utils - INFO - Module loaded.
2024-09-29 20:43:36,679 - elsapy.elsprofile - INFO - Module loaded.
2024-09-29 20:43:36,680 - elsapy.elsdoc - INFO - Module loaded.
2024-09-29 20:43:36,681 - elsapy.elssearch - INFO - Module loaded.
2024-09-29 20:48:21,888 - elsapy.elsclient - INFO - Module loaded.
2024-09-29 20:48:21,889 - elsapy.elsentity - INFO - Module loaded.
2024-09-29 20:48:21,890 - elsapy.utils - INFO - Module loaded.
2024-09-29 20:48:21,890 - elsapy.elsprofile - INFO - Module loaded.
2024-09-29 20:48:21,891 - elsapy.elsdoc - INFO - Module loaded.
2024-09-29 20:48:21,892 - elsapy.elssearch - INFO - Module loaded.
2024-09-29 20:54:31,127 - elsapy.elsclient - INFO - Module loaded.
2024-09-29 20:54:31,128 - elsapy.elsentity - INFO - Module loaded.
2024-09-29 20:54:31,129 - elsapy.utils - INFO - Module loaded.
2024-09-29 20:54:31,129 - elsapy.elsprofile - INFO - Module loaded.
2024-09-29 20:54:31,130 - elsapy.elsdoc - INFO - Module loaded.
2024-09-29 20:54:31,131 - elsapy.elssearch - INFO - Module loaded.
2024-09-29 20:59:48,003 - elsapy.elsclient - INFO - Module loaded.
2024-09-29 20:59:48,004 - elsapy.elsentity - INFO - Module loaded.
2024-09-29 20:59:48,005 - elsapy.utils - INFO - Module loaded.
2024-09-29 20:59:48,006 - elsapy.elsprofile - INFO - Module loaded.
2024-09-29 20:59:48,006 - elsapy.elsdoc - INFO - Module loaded.
2024-09-29 20:59:48,007 - elsapy.elssearch - INFO - Module loaded.
2024-09-29 21:01:17,156 - elsapy.elsclient - INFO - Module loaded.
2024-09-29 21:01:17,157 - elsapy.elsentity - INFO - Module loaded.
2024-09-29 21:01:17,158 - elsapy.utils - INFO - Module loaded.
2024-09-29 21:01:17,158 - elsapy.elsprofile - INFO - Module loaded.
2024-09-29 21:01:17,159 - elsapy.elsdoc - INFO - Module loaded.
2024-09-29 21:01:17,160 - elsapy.elssearch - INFO - Module loaded.
2024-09-29 21:12:40,389 - elsapy.elsclient - INFO - Module loaded.
2024-09-29 21:12:40,390 - elsapy.elsentity - INFO - Module loaded.
2024-09-29 21:12:40,390 - elsapy.utils - INFO - Module loaded.
2024-09-29 21:12:40,391 - elsapy.elsprofile - INFO - Module loaded.
2024-09-29 21:12:40,392 - elsapy.elsdoc - INFO - Module loaded.
2024-09-29 21:12:40,392 - elsapy.elssearch - INFO - Module loaded.
2024-09-29 21:19:48,076 - elsapy.elsclient - INFO - Module loaded.
2024-09-29 21:19:48,077 - elsapy.elsentity - INFO - Module loaded.
2024-09-29 21:19:48,078 - elsapy.utils - INFO - Module loaded.
2024-09-29 21:19:48,078 - elsapy.elsprofile - INFO - Module loaded.
2024-09-29 21:19:48,079 - elsapy.elsdoc - INFO - Module loaded.
2024-09-29 21:19:48,080 - elsapy.elssearch - INFO - Module loaded.
2024-09-29 21:22:49,781 - elsapy.elsclient - INFO - Module loaded.
2024-09-29 21:22:49,783 - elsapy.elsentity - INFO - Module loaded.
2024-09-29 21:22:49,783 - elsapy.utils - INFO - Module loaded.
2024-09-29 21:22:49,784 - elsapy.elsprofile - INFO - Module loaded.
2024-09-29 21:22:49,784 - elsapy.elsdoc - INFO - Module loaded.
2024-09-29 21:22:49,785 - elsapy.elssearch - INFO - Module loaded.
2024-09-29 21:31:39,106 - elsapy.elsclient - INFO - Module loaded.
2024-09-29 21:31:39,107 - elsapy.elsentity - INFO - Module loaded.
2024-09-29 21:31:39,108 - elsapy.utils - INFO - Module loaded.
2024-09-29 21:31:39,108 - elsapy.elsprofile - INFO - Module loaded.
2024-09-29 21:31:39,109 - elsapy.elsdoc - INFO - Module loaded.
2024-09-29 21:31:39,110 - elsapy.elssearch - INFO - Module loaded.
2024-09-29 21:37:34,784 - elsapy.elsclient - INFO - Module loaded.
2024-09-29 21:37:34,785 - elsapy.elsentity - INFO - Module loaded.
2024-09-29 21:37:34,786 - elsapy.utils - INFO - Module loaded.
2024-09-29 21:37:34,786 - elsapy.elsprofile - INFO - Module loaded.
2024-09-29 21:37:34,787 - elsapy.elsdoc - INFO - Module loaded.
2024-09-29 21:37:34,788 - elsapy.elssearch - INFO - Module loaded.
2024-09-29 22:04:33,774 - elsapy.elsclient - INFO - Module loaded.
2024-09-29 22:04:33,775 - elsapy.elsentity - INFO - Module loaded.
2024-09-29 22:04:33,776 - elsapy.utils - INFO - Module loaded.
2024-09-29 22:04:33,777 - elsapy.elsprofile - INFO - Module loaded.
2024-09-29 22:04:33,777 - elsapy.elsdoc - INFO - Module loaded.
2024-09-29 22:04:33,778 - elsapy.elssearch - INFO - Module loaded.
2024-09-29 22:09:04,827 - elsapy.elsclient - INFO - Module loaded.
2024-09-29 22:09:04,828 - elsapy.elsentity - INFO - Module loaded.
2024-09-29 22:09:04,828 - elsapy.utils - INFO - Module loaded.
2024-09-29 22:09:04,829 - elsapy.elsprofile - INFO - Module loaded.
2024-09-29 22:09:04,829 - elsapy.elsdoc - INFO - Module loaded.
2024-09-29 22:09:04,829 - elsapy.elssearch - INFO - Module loaded.
2024-09-29 22:10:17,229 - elsapy.elsclient - INFO - Module loaded.
2024-09-29 22:10:17,230 - elsapy.elsentity - INFO - Module loaded.
2024-09-29 22:10:17,231 - elsapy.utils - INFO - Module loaded.
2024-09-29 22:10:17,232 - elsapy.elsprofile - INFO - Module loaded.
2024-09-29 22:10:17,232 - elsapy.elsdoc - INFO - Module loaded.
2024-09-29 22:10:17,233 - elsapy.elssearch - INFO - Module loaded.
2024-09-29 23:12:18,884 - elsapy.elsclient - INFO - Module loaded.
2024-09-29 23:12:18,885 - elsapy.elsentity - INFO - Module loaded.
2024-09-29 23:12:18,886 - elsapy.utils - INFO - Module loaded.
2024-09-29 23:12:18,886 - elsapy.elsprofile - INFO - Module loaded.
2024-09-29 23:12:18,887 - elsapy.elsdoc - INFO - Module loaded.
2024-09-29 23:12:18,888 - elsapy.elssearch - INFO - Module loaded.
2024-09-29 23:17:53,669 - elsapy.elsclient - INFO - Module loaded.
2024-09-29 23:17:53,670 - elsapy.elsentity - INFO - Module loaded.
2024-09-29 23:17:53,671 - elsapy.utils - INFO - Module loaded.
2024-09-29 23:17:53,671 - elsapy.elsprofile - INFO - Module loaded.
2024-09-29 23:17:53,672 - elsapy.elsdoc - INFO - Module loaded.
2024-09-29 23:17:53,673 - elsapy.elssearch - INFO - Module loaded.
2024-09-29 23:18:57,394 - elsapy.elsclient - INFO - Module loaded.
2024-09-29 23:18:57,395 - elsapy.elsentity - INFO - Module loaded.
2024-09-29 23:18:57,396 - elsapy.utils - INFO - Module loaded.
2024-09-29 23:18:57,396 - elsapy.elsprofile - INFO - Module loaded.
2024-09-29 23:18:57,397 - elsapy.elsdoc - INFO - Module loaded.
2024-09-29 23:18:57,397 - elsapy.elssearch - INFO - Module loaded.
2024-09-29 23:21:13,658 - elsapy.elsclient - INFO - Module loaded.
2024-09-29 23:21:13,660 - elsapy.elsentity - INFO - Module loaded.
2024-09-29 23:21:13,661 - elsapy.utils - INFO - Module loaded.
2024-09-29 23:21:13,661 - elsapy.elsprofile - INFO - Module loaded.
2024-09-29 23:21:13,661 - elsapy.elsdoc - INFO - Module loaded.
2024-09-29 23:21:13,662 - elsapy.elssearch - INFO - Module loaded.
2024-09-29 23:25:02,133 - elsapy.elsclient - INFO - Module loaded.
2024-09-29 23:25:02,134 - elsapy.elsentity - INFO - Module loaded.
2024-09-29 23:25:02,135 - elsapy.utils - INFO - Module loaded.
2024-09-29 23:25:02,135 - elsapy.elsprofile - INFO - Module loaded.
2024-09-29 23:25:02,136 - elsapy.elsdoc - INFO - Module loaded.
2024-09-29 23:25:02,137 - elsapy.elssearch - INFO - Module loaded.
2024-09-29 23:28:45,180 - elsapy.elsclient - INFO - Module loaded.
2024-09-29 23:28:45,181 - elsapy.elsentity - INFO - Module loaded.
2024-09-29 23:28:45,182 - elsapy.utils - INFO - Module loaded.
2024-09-29 23:28:45,182 - elsapy.elsprofile - INFO - Module loaded.
2024-09-29 23:28:45,183 - elsapy.elsdoc - INFO - Module loaded.
2024-09-29 23:28:45,184 - elsapy.elssearch - INFO - Module loaded.
2024-09-29 23:29:40,148 - elsapy.elsclient - INFO - Module loaded.
2024-09-29 23:29:40,150 - elsapy.elsentity - INFO - Module loaded.
2024-09-29 23:29:40,150 - elsapy.utils - INFO - Module loaded.
2024-09-29 23:29:40,151 - elsapy.elsprofile - INFO - Module loaded.
2024-09-29 23:29:40,151 - elsapy.elsdoc - INFO - Module loaded.
2024-09-29 23:29:40,152 - elsapy.elssearch - INFO - Module loaded.
2024-09-29 23:33:56,403 - elsapy.elsclient - INFO - Module loaded.
2024-09-29 23:33:56,404 - elsapy.elsentity - INFO - Module loaded.
2024-09-29 23:33:56,405 - elsapy.utils - INFO - Module loaded.
2024-09-29 23:33:56,405 - elsapy.elsprofile - INFO - Module loaded.
2024-09-29 23:33:56,406 - elsapy.elsdoc - INFO - Module loaded.
2024-09-29 23:33:56,406 - elsapy.elssearch - INFO - Module loaded.
