2024-05-26 13:59:04,638 - elsapy.elsclient - INFO - Module loaded.
2024-05-26 13:59:04,640 - elsapy.elsentity - INFO - Module loaded.
2024-05-26 13:59:04,641 - elsapy.utils - INFO - Module loaded.
2024-05-26 13:59:04,641 - elsapy.elsprofile - INFO - Module loaded.
2024-05-26 13:59:04,642 - elsapy.elsdoc - INFO - Module loaded.
2024-05-26 13:59:04,643 - elsapy.elssearch - INFO - Module loaded.
2024-05-26 19:34:58,776 - elsapy.elsclient - INFO - Module loaded.
2024-05-26 19:34:58,777 - elsapy.elsentity - INFO - Module loaded.
2024-05-26 19:34:58,778 - elsapy.utils - INFO - Module loaded.
2024-05-26 19:34:58,779 - elsapy.elsprofile - INFO - Module loaded.
2024-05-26 19:34:58,780 - elsapy.elsdoc - INFO - Module loaded.
2024-05-26 19:34:58,782 - elsapy.elssearch - INFO - Module loaded.
2024-05-26 23:05:28,752 - elsapy.elsclient - INFO - Module loaded.
2024-05-26 23:05:28,754 - elsapy.elsentity - INFO - Module loaded.
2024-05-26 23:05:28,755 - elsapy.utils - INFO - Module loaded.
2024-05-26 23:05:28,755 - elsapy.elsprofile - INFO - Module loaded.
2024-05-26 23:05:28,756 - elsapy.elsdoc - INFO - Module loaded.
2024-05-26 23:05:28,757 - elsapy.elssearch - INFO - Module loaded.
2024-05-26 23:09:42,053 - elsapy.elsclient - INFO - Module loaded.
2024-05-26 23:09:42,055 - elsapy.elsentity - INFO - Module loaded.
2024-05-26 23:09:42,056 - elsapy.utils - INFO - Module loaded.
2024-05-26 23:09:42,056 - elsapy.elsprofile - INFO - Module loaded.
2024-05-26 23:09:42,057 - elsapy.elsdoc - INFO - Module loaded.
2024-05-26 23:09:42,058 - elsapy.elssearch - INFO - Module loaded.
2024-05-26 23:13:16,732 - elsapy.elsclient - INFO - Module loaded.
2024-05-26 23:13:16,733 - elsapy.elsentity - INFO - Module loaded.
2024-05-26 23:13:16,734 - elsapy.utils - INFO - Module loaded.
2024-05-26 23:13:16,734 - elsapy.elsprofile - INFO - Module loaded.
2024-05-26 23:13:16,735 - elsapy.elsdoc - INFO - Module loaded.
2024-05-26 23:13:16,736 - elsapy.elssearch - INFO - Module loaded.
