2024-08-03 08:14:32,992 - elsapy.elsclient - INFO - Module loaded.
2024-08-03 08:14:32,993 - elsapy.elsentity - INFO - Module loaded.
2024-08-03 08:14:32,994 - elsapy.utils - INFO - Module loaded.
2024-08-03 08:14:32,994 - elsapy.elsprofile - INFO - Module loaded.
2024-08-03 08:14:32,995 - elsapy.elsdoc - INFO - Module loaded.
2024-08-03 08:14:32,995 - elsapy.elssearch - INFO - Module loaded.
2024-08-03 13:42:25,685 - elsapy.elsclient - INFO - Module loaded.
2024-08-03 13:42:25,687 - elsapy.elsentity - INFO - Module loaded.
2024-08-03 13:42:25,688 - elsapy.utils - INFO - Module loaded.
2024-08-03 13:42:25,688 - elsapy.elsprofile - INFO - Module loaded.
2024-08-03 13:42:25,689 - elsapy.elsdoc - INFO - Module loaded.
2024-08-03 13:42:25,690 - elsapy.elssearch - INFO - Module loaded.
2024-08-03 13:43:22,886 - elsapy.elsclient - INFO - Module loaded.
2024-08-03 13:43:22,887 - elsapy.elsentity - INFO - Module loaded.
2024-08-03 13:43:22,887 - elsapy.utils - INFO - Module loaded.
2024-08-03 13:43:22,887 - elsapy.elsprofile - INFO - Module loaded.
2024-08-03 13:43:22,888 - elsapy.elsdoc - INFO - Module loaded.
2024-08-03 13:43:22,889 - elsapy.elssearch - INFO - Module loaded.
2024-08-03 16:10:09,733 - elsapy.elsclient - INFO - Module loaded.
2024-08-03 16:10:09,734 - elsapy.elsentity - INFO - Module loaded.
2024-08-03 16:10:09,735 - elsapy.utils - INFO - Module loaded.
2024-08-03 16:10:09,735 - elsapy.elsprofile - INFO - Module loaded.
2024-08-03 16:10:09,736 - elsapy.elsdoc - INFO - Module loaded.
2024-08-03 16:10:09,736 - elsapy.elssearch - INFO - Module loaded.
2024-08-03 23:05:05,755 - elsapy.elsclient - INFO - Module loaded.
2024-08-03 23:05:05,757 - elsapy.elsentity - INFO - Module loaded.
2024-08-03 23:05:05,757 - elsapy.utils - INFO - Module loaded.
2024-08-03 23:05:05,758 - elsapy.elsprofile - INFO - Module loaded.
2024-08-03 23:05:05,758 - elsapy.elsdoc - INFO - Module loaded.
2024-08-03 23:05:05,759 - elsapy.elssearch - INFO - Module loaded.
2024-08-03 23:14:48,854 - elsapy.elsclient - INFO - Module loaded.
2024-08-03 23:14:48,855 - elsapy.elsentity - INFO - Module loaded.
2024-08-03 23:14:48,855 - elsapy.utils - INFO - Module loaded.
2024-08-03 23:14:48,856 - elsapy.elsprofile - INFO - Module loaded.
2024-08-03 23:14:48,856 - elsapy.elsdoc - INFO - Module loaded.
2024-08-03 23:14:48,857 - elsapy.elssearch - INFO - Module loaded.
2024-08-03 23:23:40,853 - elsapy.elsclient - INFO - Module loaded.
2024-08-03 23:23:40,854 - elsapy.elsentity - INFO - Module loaded.
2024-08-03 23:23:40,855 - elsapy.utils - INFO - Module loaded.
2024-08-03 23:23:40,855 - elsapy.elsprofile - INFO - Module loaded.
2024-08-03 23:23:40,855 - elsapy.elsdoc - INFO - Module loaded.
2024-08-03 23:23:40,856 - elsapy.elssearch - INFO - Module loaded.
2024-08-03 23:25:24,021 - elsapy.elsclient - INFO - Module loaded.
2024-08-03 23:25:24,022 - elsapy.elsentity - INFO - Module loaded.
2024-08-03 23:25:24,023 - elsapy.utils - INFO - Module loaded.
2024-08-03 23:25:24,023 - elsapy.elsprofile - INFO - Module loaded.
2024-08-03 23:25:24,024 - elsapy.elsdoc - INFO - Module loaded.
2024-08-03 23:25:24,024 - elsapy.elssearch - INFO - Module loaded.
