2024-07-23 11:01:13,642 - elsapy.elsclient - INFO - Module loaded.
2024-07-23 11:01:13,644 - elsapy.elsentity - INFO - Module loaded.
2024-07-23 11:01:13,645 - elsapy.utils - INFO - Module loaded.
2024-07-23 11:01:13,646 - elsapy.elsprofile - INFO - Module loaded.
2024-07-23 11:01:13,647 - elsapy.elsdoc - INFO - Module loaded.
2024-07-23 11:01:13,648 - elsapy.elssearch - INFO - Module loaded.
2024-07-23 16:07:01,352 - elsapy.elsclient - INFO - Module loaded.
2024-07-23 16:07:01,353 - elsapy.elsentity - INFO - Module loaded.
2024-07-23 16:07:01,354 - elsapy.utils - INFO - Module loaded.
2024-07-23 16:07:01,354 - elsapy.elsprofile - INFO - Module loaded.
2024-07-23 16:07:01,354 - elsapy.elsdoc - INFO - Module loaded.
2024-07-23 16:07:01,357 - elsapy.elssearch - INFO - Module loaded.
2024-07-23 16:22:26,873 - elsapy.elsclient - INFO - Module loaded.
2024-07-23 16:22:26,874 - elsapy.elsentity - INFO - Module loaded.
2024-07-23 16:22:26,875 - elsapy.utils - INFO - Module loaded.
2024-07-23 16:22:26,875 - elsapy.elsprofile - INFO - Module loaded.
2024-07-23 16:22:26,876 - elsapy.elsdoc - INFO - Module loaded.
2024-07-23 16:22:26,876 - elsapy.elssearch - INFO - Module loaded.
2024-07-23 16:27:25,477 - elsapy.elsclient - INFO - Module loaded.
2024-07-23 16:27:25,478 - elsapy.elsentity - INFO - Module loaded.
2024-07-23 16:27:25,479 - elsapy.utils - INFO - Module loaded.
2024-07-23 16:27:25,479 - elsapy.elsprofile - INFO - Module loaded.
2024-07-23 16:27:25,480 - elsapy.elsdoc - INFO - Module loaded.
2024-07-23 16:27:25,480 - elsapy.elssearch - INFO - Module loaded.
2024-07-23 16:29:04,309 - elsapy.elsclient - INFO - Module loaded.
2024-07-23 16:29:04,310 - elsapy.elsentity - INFO - Module loaded.
2024-07-23 16:29:04,311 - elsapy.utils - INFO - Module loaded.
2024-07-23 16:29:04,311 - elsapy.elsprofile - INFO - Module loaded.
2024-07-23 16:29:04,312 - elsapy.elsdoc - INFO - Module loaded.
2024-07-23 16:29:04,313 - elsapy.elssearch - INFO - Module loaded.
2024-07-23 18:12:51,083 - elsapy.elsclient - INFO - Module loaded.
2024-07-23 18:12:51,084 - elsapy.elsentity - INFO - Module loaded.
2024-07-23 18:12:51,085 - elsapy.utils - INFO - Module loaded.
2024-07-23 18:12:51,085 - elsapy.elsprofile - INFO - Module loaded.
2024-07-23 18:12:51,086 - elsapy.elsdoc - INFO - Module loaded.
2024-07-23 18:12:51,087 - elsapy.elssearch - INFO - Module loaded.
2024-07-23 18:55:14,430 - elsapy.elsclient - INFO - Module loaded.
2024-07-23 18:55:14,431 - elsapy.elsentity - INFO - Module loaded.
2024-07-23 18:55:14,432 - elsapy.utils - INFO - Module loaded.
2024-07-23 18:55:14,432 - elsapy.elsprofile - INFO - Module loaded.
2024-07-23 18:55:14,433 - elsapy.elsdoc - INFO - Module loaded.
2024-07-23 18:55:14,434 - elsapy.elssearch - INFO - Module loaded.
2024-07-23 18:59:46,989 - elsapy.elsclient - INFO - Module loaded.
2024-07-23 18:59:46,990 - elsapy.elsentity - INFO - Module loaded.
2024-07-23 18:59:46,991 - elsapy.utils - INFO - Module loaded.
2024-07-23 18:59:46,991 - elsapy.elsprofile - INFO - Module loaded.
2024-07-23 18:59:46,992 - elsapy.elsdoc - INFO - Module loaded.
2024-07-23 18:59:46,993 - elsapy.elssearch - INFO - Module loaded.
2024-07-23 19:36:54,181 - elsapy.elsclient - INFO - Module loaded.
2024-07-23 19:36:54,182 - elsapy.elsentity - INFO - Module loaded.
2024-07-23 19:36:54,183 - elsapy.utils - INFO - Module loaded.
2024-07-23 19:36:54,183 - elsapy.elsprofile - INFO - Module loaded.
2024-07-23 19:36:54,184 - elsapy.elsdoc - INFO - Module loaded.
2024-07-23 19:36:54,185 - elsapy.elssearch - INFO - Module loaded.
2024-07-23 19:49:27,850 - elsapy.elsclient - INFO - Module loaded.
2024-07-23 19:49:27,851 - elsapy.elsentity - INFO - Module loaded.
2024-07-23 19:49:27,852 - elsapy.utils - INFO - Module loaded.
2024-07-23 19:49:27,852 - elsapy.elsprofile - INFO - Module loaded.
2024-07-23 19:49:27,853 - elsapy.elsdoc - INFO - Module loaded.
2024-07-23 19:49:27,854 - elsapy.elssearch - INFO - Module loaded.
