2024-05-15 08:10:05,191 - elsapy.elsclient - INFO - Module loaded.
2024-05-15 08:10:05,193 - elsapy.elsentity - INFO - Module loaded.
2024-05-15 08:10:05,194 - elsapy.utils - INFO - Module loaded.
2024-05-15 08:10:05,194 - elsapy.elsprofile - INFO - Module loaded.
2024-05-15 08:10:05,195 - elsapy.elsdoc - INFO - Module loaded.
2024-05-15 08:10:05,196 - elsapy.elssearch - INFO - Module loaded.
2024-05-15 08:42:36,346 - elsapy.elsclient - INFO - Module loaded.
2024-05-15 08:42:36,348 - elsapy.elsentity - INFO - Module loaded.
2024-05-15 08:42:36,349 - elsapy.utils - INFO - Module loaded.
2024-05-15 08:42:36,349 - elsapy.elsprofile - INFO - Module loaded.
2024-05-15 08:42:36,350 - elsapy.elsdoc - INFO - Module loaded.
2024-05-15 08:42:38,835 - elsapy.elssearch - INFO - Module loaded.
2024-05-15 08:52:59,722 - elsapy.elsclient - INFO - Module loaded.
2024-05-15 08:52:59,724 - elsapy.elsentity - INFO - Module loaded.
2024-05-15 08:52:59,725 - elsapy.utils - INFO - Module loaded.
2024-05-15 08:52:59,725 - elsapy.elsprofile - INFO - Module loaded.
2024-05-15 08:52:59,726 - elsapy.elsdoc - INFO - Module loaded.
2024-05-15 08:52:59,727 - elsapy.elssearch - INFO - Module loaded.
2024-05-15 09:04:20,595 - elsapy.elsclient - INFO - Module loaded.
2024-05-15 09:04:20,608 - elsapy.elsentity - INFO - Module loaded.
2024-05-15 09:04:20,612 - elsapy.utils - INFO - Module loaded.
2024-05-15 09:04:20,612 - elsapy.elsprofile - INFO - Module loaded.
2024-05-15 09:04:20,616 - elsapy.elsdoc - INFO - Module loaded.
2024-05-15 09:04:20,620 - elsapy.elssearch - INFO - Module loaded.
2024-05-15 09:11:01,181 - elsapy.elsclient - INFO - Module loaded.
2024-05-15 09:11:01,182 - elsapy.elsentity - INFO - Module loaded.
2024-05-15 09:11:01,183 - elsapy.utils - INFO - Module loaded.
2024-05-15 09:11:01,184 - elsapy.elsprofile - INFO - Module loaded.
2024-05-15 09:11:01,184 - elsapy.elsdoc - INFO - Module loaded.
2024-05-15 09:11:01,185 - elsapy.elssearch - INFO - Module loaded.
