2024-08-21 09:24:50,508 - elsapy.elsclient - INFO - Module loaded.
2024-08-21 09:24:50,509 - elsapy.elsentity - INFO - Module loaded.
2024-08-21 09:24:50,510 - elsapy.utils - INFO - Module loaded.
2024-08-21 09:24:50,510 - elsapy.elsprofile - INFO - Module loaded.
2024-08-21 09:24:50,511 - elsapy.elsdoc - INFO - Module loaded.
2024-08-21 09:24:50,512 - elsapy.elssearch - INFO - Module loaded.
2024-08-21 09:30:10,225 - elsapy.elsclient - INFO - Module loaded.
2024-08-21 09:30:10,226 - elsapy.elsentity - INFO - Module loaded.
2024-08-21 09:30:10,227 - elsapy.utils - INFO - Module loaded.
2024-08-21 09:30:10,227 - elsapy.elsprofile - INFO - Module loaded.
2024-08-21 09:30:10,228 - elsapy.elsdoc - INFO - Module loaded.
2024-08-21 09:30:10,231 - elsapy.elssearch - INFO - Module loaded.
2024-08-21 09:30:50,342 - elsapy.elsclient - INFO - Module loaded.
2024-08-21 09:30:50,343 - elsapy.elsentity - INFO - Module loaded.
2024-08-21 09:30:50,344 - elsapy.utils - INFO - Module loaded.
2024-08-21 09:30:50,344 - elsapy.elsprofile - INFO - Module loaded.
2024-08-21 09:30:50,345 - elsapy.elsdoc - INFO - Module loaded.
2024-08-21 09:30:50,345 - elsapy.elssearch - INFO - Module loaded.
2024-08-21 09:36:28,952 - elsapy.elsclient - INFO - Module loaded.
2024-08-21 09:36:28,954 - elsapy.elsentity - INFO - Module loaded.
2024-08-21 09:36:28,955 - elsapy.utils - INFO - Module loaded.
2024-08-21 09:36:28,955 - elsapy.elsprofile - INFO - Module loaded.
2024-08-21 09:36:28,956 - elsapy.elsdoc - INFO - Module loaded.
2024-08-21 09:36:28,957 - elsapy.elssearch - INFO - Module loaded.
2024-08-21 09:38:40,315 - elsapy.elsclient - INFO - Module loaded.
2024-08-21 09:38:40,316 - elsapy.elsentity - INFO - Module loaded.
2024-08-21 09:38:40,317 - elsapy.utils - INFO - Module loaded.
2024-08-21 09:38:40,317 - elsapy.elsprofile - INFO - Module loaded.
2024-08-21 09:38:40,318 - elsapy.elsdoc - INFO - Module loaded.
2024-08-21 09:38:40,318 - elsapy.elssearch - INFO - Module loaded.
2024-08-21 09:39:20,782 - elsapy.elsclient - INFO - Module loaded.
2024-08-21 09:39:20,784 - elsapy.elsentity - INFO - Module loaded.
2024-08-21 09:39:20,784 - elsapy.utils - INFO - Module loaded.
2024-08-21 09:39:20,785 - elsapy.elsprofile - INFO - Module loaded.
2024-08-21 09:39:20,785 - elsapy.elsdoc - INFO - Module loaded.
2024-08-21 09:39:20,786 - elsapy.elssearch - INFO - Module loaded.
2024-08-21 09:41:35,961 - elsapy.elsclient - INFO - Module loaded.
2024-08-21 09:41:35,962 - elsapy.elsentity - INFO - Module loaded.
2024-08-21 09:41:35,963 - elsapy.utils - INFO - Module loaded.
2024-08-21 09:41:35,963 - elsapy.elsprofile - INFO - Module loaded.
2024-08-21 09:41:35,964 - elsapy.elsdoc - INFO - Module loaded.
2024-08-21 09:41:35,965 - elsapy.elssearch - INFO - Module loaded.
2024-08-21 09:52:40,959 - elsapy.elsclient - INFO - Module loaded.
2024-08-21 09:52:40,960 - elsapy.elsentity - INFO - Module loaded.
2024-08-21 09:52:40,961 - elsapy.utils - INFO - Module loaded.
2024-08-21 09:52:40,961 - elsapy.elsprofile - INFO - Module loaded.
2024-08-21 09:52:40,962 - elsapy.elsdoc - INFO - Module loaded.
2024-08-21 09:52:40,962 - elsapy.elssearch - INFO - Module loaded.
2024-08-21 09:54:22,495 - elsapy.elsclient - INFO - Module loaded.
2024-08-21 09:54:22,496 - elsapy.elsentity - INFO - Module loaded.
2024-08-21 09:54:22,496 - elsapy.utils - INFO - Module loaded.
2024-08-21 09:54:22,497 - elsapy.elsprofile - INFO - Module loaded.
2024-08-21 09:54:22,497 - elsapy.elsdoc - INFO - Module loaded.
2024-08-21 09:54:22,498 - elsapy.elssearch - INFO - Module loaded.
2024-08-21 09:56:33,802 - elsapy.elsclient - INFO - Module loaded.
2024-08-21 09:56:33,803 - elsapy.elsentity - INFO - Module loaded.
2024-08-21 09:56:33,804 - elsapy.utils - INFO - Module loaded.
2024-08-21 09:56:33,804 - elsapy.elsprofile - INFO - Module loaded.
2024-08-21 09:56:33,805 - elsapy.elsdoc - INFO - Module loaded.
2024-08-21 09:56:33,805 - elsapy.elssearch - INFO - Module loaded.
2024-08-21 10:05:56,258 - elsapy.elsclient - INFO - Module loaded.
2024-08-21 10:05:56,259 - elsapy.elsentity - INFO - Module loaded.
2024-08-21 10:05:56,260 - elsapy.utils - INFO - Module loaded.
2024-08-21 10:05:56,260 - elsapy.elsprofile - INFO - Module loaded.
2024-08-21 10:05:56,261 - elsapy.elsdoc - INFO - Module loaded.
2024-08-21 10:05:56,262 - elsapy.elssearch - INFO - Module loaded.
2024-08-21 10:07:05,305 - elsapy.elsclient - INFO - Module loaded.
2024-08-21 10:07:05,306 - elsapy.elsentity - INFO - Module loaded.
2024-08-21 10:07:05,307 - elsapy.utils - INFO - Module loaded.
2024-08-21 10:07:05,307 - elsapy.elsprofile - INFO - Module loaded.
2024-08-21 10:07:05,308 - elsapy.elsdoc - INFO - Module loaded.
2024-08-21 10:07:05,309 - elsapy.elssearch - INFO - Module loaded.
2024-08-21 10:07:44,265 - elsapy.elsclient - INFO - Module loaded.
2024-08-21 10:07:44,266 - elsapy.elsentity - INFO - Module loaded.
2024-08-21 10:07:44,266 - elsapy.utils - INFO - Module loaded.
2024-08-21 10:07:44,267 - elsapy.elsprofile - INFO - Module loaded.
2024-08-21 10:07:44,267 - elsapy.elsdoc - INFO - Module loaded.
2024-08-21 10:07:44,268 - elsapy.elssearch - INFO - Module loaded.
2024-08-21 10:10:28,013 - elsapy.elsclient - INFO - Module loaded.
2024-08-21 10:10:28,014 - elsapy.elsentity - INFO - Module loaded.
2024-08-21 10:10:28,015 - elsapy.utils - INFO - Module loaded.
2024-08-21 10:10:28,015 - elsapy.elsprofile - INFO - Module loaded.
2024-08-21 10:10:28,016 - elsapy.elsdoc - INFO - Module loaded.
2024-08-21 10:10:28,017 - elsapy.elssearch - INFO - Module loaded.
2024-08-21 10:12:27,221 - elsapy.elsclient - INFO - Module loaded.
2024-08-21 10:12:27,222 - elsapy.elsentity - INFO - Module loaded.
2024-08-21 10:12:27,223 - elsapy.utils - INFO - Module loaded.
2024-08-21 10:12:27,223 - elsapy.elsprofile - INFO - Module loaded.
2024-08-21 10:12:27,224 - elsapy.elsdoc - INFO - Module loaded.
2024-08-21 10:12:27,225 - elsapy.elssearch - INFO - Module loaded.
2024-08-21 10:16:11,545 - elsapy.elsclient - INFO - Module loaded.
2024-08-21 10:16:11,547 - elsapy.elsentity - INFO - Module loaded.
2024-08-21 10:16:11,547 - elsapy.utils - INFO - Module loaded.
2024-08-21 10:16:11,548 - elsapy.elsprofile - INFO - Module loaded.
2024-08-21 10:16:11,548 - elsapy.elsdoc - INFO - Module loaded.
2024-08-21 10:16:11,549 - elsapy.elssearch - INFO - Module loaded.
2024-08-21 10:19:09,304 - elsapy.elsclient - INFO - Module loaded.
2024-08-21 10:19:09,305 - elsapy.elsentity - INFO - Module loaded.
2024-08-21 10:19:09,306 - elsapy.utils - INFO - Module loaded.
2024-08-21 10:19:09,306 - elsapy.elsprofile - INFO - Module loaded.
2024-08-21 10:19:09,307 - elsapy.elsdoc - INFO - Module loaded.
2024-08-21 10:19:09,307 - elsapy.elssearch - INFO - Module loaded.
2024-08-21 10:21:07,074 - elsapy.elsclient - INFO - Module loaded.
2024-08-21 10:21:07,075 - elsapy.elsentity - INFO - Module loaded.
2024-08-21 10:21:07,076 - elsapy.utils - INFO - Module loaded.
2024-08-21 10:21:07,076 - elsapy.elsprofile - INFO - Module loaded.
2024-08-21 10:21:07,077 - elsapy.elsdoc - INFO - Module loaded.
2024-08-21 10:21:07,078 - elsapy.elssearch - INFO - Module loaded.
2024-08-21 10:25:27,740 - elsapy.elsclient - INFO - Module loaded.
2024-08-21 10:25:27,741 - elsapy.elsentity - INFO - Module loaded.
2024-08-21 10:25:27,742 - elsapy.utils - INFO - Module loaded.
2024-08-21 10:25:27,742 - elsapy.elsprofile - INFO - Module loaded.
2024-08-21 10:25:27,743 - elsapy.elsdoc - INFO - Module loaded.
2024-08-21 10:25:27,743 - elsapy.elssearch - INFO - Module loaded.
2024-08-21 10:27:13,991 - elsapy.elsclient - INFO - Module loaded.
2024-08-21 10:27:13,992 - elsapy.elsentity - INFO - Module loaded.
2024-08-21 10:27:13,993 - elsapy.utils - INFO - Module loaded.
2024-08-21 10:27:13,993 - elsapy.elsprofile - INFO - Module loaded.
2024-08-21 10:27:13,994 - elsapy.elsdoc - INFO - Module loaded.
2024-08-21 10:27:13,994 - elsapy.elssearch - INFO - Module loaded.
2024-08-21 10:28:09,325 - elsapy.elsclient - INFO - Module loaded.
2024-08-21 10:28:09,326 - elsapy.elsentity - INFO - Module loaded.
2024-08-21 10:28:09,327 - elsapy.utils - INFO - Module loaded.
2024-08-21 10:28:09,327 - elsapy.elsprofile - INFO - Module loaded.
2024-08-21 10:28:09,328 - elsapy.elsdoc - INFO - Module loaded.
2024-08-21 10:28:09,328 - elsapy.elssearch - INFO - Module loaded.
2024-08-21 10:29:38,124 - elsapy.elsclient - INFO - Module loaded.
2024-08-21 10:29:38,125 - elsapy.elsentity - INFO - Module loaded.
2024-08-21 10:29:38,125 - elsapy.utils - INFO - Module loaded.
2024-08-21 10:29:38,126 - elsapy.elsprofile - INFO - Module loaded.
2024-08-21 10:29:38,126 - elsapy.elsdoc - INFO - Module loaded.
2024-08-21 10:29:38,127 - elsapy.elssearch - INFO - Module loaded.
2024-08-21 10:32:04,185 - elsapy.elsclient - INFO - Module loaded.
2024-08-21 10:32:04,186 - elsapy.elsentity - INFO - Module loaded.
2024-08-21 10:32:04,187 - elsapy.utils - INFO - Module loaded.
2024-08-21 10:32:04,187 - elsapy.elsprofile - INFO - Module loaded.
2024-08-21 10:32:04,188 - elsapy.elsdoc - INFO - Module loaded.
2024-08-21 10:32:04,188 - elsapy.elssearch - INFO - Module loaded.
2024-08-21 10:33:32,279 - elsapy.elsclient - INFO - Module loaded.
2024-08-21 10:33:32,280 - elsapy.elsentity - INFO - Module loaded.
2024-08-21 10:33:32,280 - elsapy.utils - INFO - Module loaded.
2024-08-21 10:33:32,281 - elsapy.elsprofile - INFO - Module loaded.
2024-08-21 10:33:32,281 - elsapy.elsdoc - INFO - Module loaded.
2024-08-21 10:33:32,282 - elsapy.elssearch - INFO - Module loaded.
2024-08-21 10:43:04,195 - elsapy.elsclient - INFO - Module loaded.
2024-08-21 10:43:04,196 - elsapy.elsentity - INFO - Module loaded.
2024-08-21 10:43:04,196 - elsapy.utils - INFO - Module loaded.
2024-08-21 10:43:04,197 - elsapy.elsprofile - INFO - Module loaded.
2024-08-21 10:43:04,197 - elsapy.elsdoc - INFO - Module loaded.
2024-08-21 10:43:04,198 - elsapy.elssearch - INFO - Module loaded.
2024-08-21 10:44:17,818 - elsapy.elsclient - INFO - Module loaded.
2024-08-21 10:44:17,819 - elsapy.elsentity - INFO - Module loaded.
2024-08-21 10:44:17,820 - elsapy.utils - INFO - Module loaded.
2024-08-21 10:44:17,820 - elsapy.elsprofile - INFO - Module loaded.
2024-08-21 10:44:17,821 - elsapy.elsdoc - INFO - Module loaded.
2024-08-21 10:44:17,821 - elsapy.elssearch - INFO - Module loaded.
2024-08-21 10:44:50,962 - elsapy.elsclient - INFO - Module loaded.
2024-08-21 10:44:50,963 - elsapy.elsentity - INFO - Module loaded.
2024-08-21 10:44:50,964 - elsapy.utils - INFO - Module loaded.
2024-08-21 10:44:50,964 - elsapy.elsprofile - INFO - Module loaded.
2024-08-21 10:44:50,965 - elsapy.elsdoc - INFO - Module loaded.
2024-08-21 10:44:50,965 - elsapy.elssearch - INFO - Module loaded.
2024-08-21 10:45:27,604 - elsapy.elsclient - INFO - Module loaded.
2024-08-21 10:45:27,605 - elsapy.elsentity - INFO - Module loaded.
2024-08-21 10:45:27,606 - elsapy.utils - INFO - Module loaded.
2024-08-21 10:45:27,606 - elsapy.elsprofile - INFO - Module loaded.
2024-08-21 10:45:27,607 - elsapy.elsdoc - INFO - Module loaded.
2024-08-21 10:45:27,607 - elsapy.elssearch - INFO - Module loaded.
2024-08-21 10:46:47,437 - elsapy.elsclient - INFO - Module loaded.
2024-08-21 10:46:47,438 - elsapy.elsentity - INFO - Module loaded.
2024-08-21 10:46:47,439 - elsapy.utils - INFO - Module loaded.
2024-08-21 10:46:47,439 - elsapy.elsprofile - INFO - Module loaded.
2024-08-21 10:46:47,440 - elsapy.elsdoc - INFO - Module loaded.
2024-08-21 10:46:47,441 - elsapy.elssearch - INFO - Module loaded.
2024-08-21 10:47:45,869 - elsapy.elsclient - INFO - Module loaded.
2024-08-21 10:47:45,870 - elsapy.elsentity - INFO - Module loaded.
2024-08-21 10:47:45,871 - elsapy.utils - INFO - Module loaded.
2024-08-21 10:47:45,871 - elsapy.elsprofile - INFO - Module loaded.
2024-08-21 10:47:45,872 - elsapy.elsdoc - INFO - Module loaded.
2024-08-21 10:47:45,873 - elsapy.elssearch - INFO - Module loaded.
2024-08-21 10:50:52,437 - elsapy.elsclient - INFO - Module loaded.
2024-08-21 10:50:52,438 - elsapy.elsentity - INFO - Module loaded.
2024-08-21 10:50:52,439 - elsapy.utils - INFO - Module loaded.
2024-08-21 10:50:52,439 - elsapy.elsprofile - INFO - Module loaded.
2024-08-21 10:50:52,440 - elsapy.elsdoc - INFO - Module loaded.
2024-08-21 10:50:52,440 - elsapy.elssearch - INFO - Module loaded.
2024-08-21 10:51:37,575 - elsapy.elsclient - INFO - Module loaded.
2024-08-21 10:51:37,576 - elsapy.elsentity - INFO - Module loaded.
2024-08-21 10:51:37,577 - elsapy.utils - INFO - Module loaded.
2024-08-21 10:51:37,577 - elsapy.elsprofile - INFO - Module loaded.
2024-08-21 10:51:37,578 - elsapy.elsdoc - INFO - Module loaded.
2024-08-21 10:51:37,578 - elsapy.elssearch - INFO - Module loaded.
2024-08-21 10:51:58,281 - elsapy.elsclient - INFO - Module loaded.
2024-08-21 10:51:58,282 - elsapy.elsentity - INFO - Module loaded.
2024-08-21 10:51:58,283 - elsapy.utils - INFO - Module loaded.
2024-08-21 10:51:58,283 - elsapy.elsprofile - INFO - Module loaded.
2024-08-21 10:51:58,284 - elsapy.elsdoc - INFO - Module loaded.
2024-08-21 10:51:58,284 - elsapy.elssearch - INFO - Module loaded.
2024-08-21 10:52:42,611 - elsapy.elsclient - INFO - Module loaded.
2024-08-21 10:52:42,612 - elsapy.elsentity - INFO - Module loaded.
2024-08-21 10:52:42,613 - elsapy.utils - INFO - Module loaded.
2024-08-21 10:52:42,613 - elsapy.elsprofile - INFO - Module loaded.
2024-08-21 10:52:42,614 - elsapy.elsdoc - INFO - Module loaded.
2024-08-21 10:52:42,614 - elsapy.elssearch - INFO - Module loaded.
2024-08-21 10:53:40,711 - elsapy.elsclient - INFO - Module loaded.
2024-08-21 10:53:40,712 - elsapy.elsentity - INFO - Module loaded.
2024-08-21 10:53:40,713 - elsapy.utils - INFO - Module loaded.
2024-08-21 10:53:40,713 - elsapy.elsprofile - INFO - Module loaded.
2024-08-21 10:53:40,714 - elsapy.elsdoc - INFO - Module loaded.
2024-08-21 10:53:40,714 - elsapy.elssearch - INFO - Module loaded.
2024-08-21 10:55:58,018 - elsapy.elsclient - INFO - Module loaded.
2024-08-21 10:55:58,019 - elsapy.elsentity - INFO - Module loaded.
2024-08-21 10:55:58,020 - elsapy.utils - INFO - Module loaded.
2024-08-21 10:55:58,020 - elsapy.elsprofile - INFO - Module loaded.
2024-08-21 10:55:58,021 - elsapy.elsdoc - INFO - Module loaded.
2024-08-21 10:55:58,021 - elsapy.elssearch - INFO - Module loaded.
2024-08-21 10:56:29,207 - elsapy.elsclient - INFO - Module loaded.
2024-08-21 10:56:29,208 - elsapy.elsentity - INFO - Module loaded.
2024-08-21 10:56:29,209 - elsapy.utils - INFO - Module loaded.
2024-08-21 10:56:29,209 - elsapy.elsprofile - INFO - Module loaded.
2024-08-21 10:56:29,210 - elsapy.elsdoc - INFO - Module loaded.
2024-08-21 10:56:29,210 - elsapy.elssearch - INFO - Module loaded.
2024-08-21 10:57:22,608 - elsapy.elsclient - INFO - Module loaded.
2024-08-21 10:57:22,609 - elsapy.elsentity - INFO - Module loaded.
2024-08-21 10:57:22,610 - elsapy.utils - INFO - Module loaded.
2024-08-21 10:57:22,610 - elsapy.elsprofile - INFO - Module loaded.
2024-08-21 10:57:22,611 - elsapy.elsdoc - INFO - Module loaded.
2024-08-21 10:57:22,612 - elsapy.elssearch - INFO - Module loaded.
2024-08-21 10:58:35,721 - elsapy.elsclient - INFO - Module loaded.
2024-08-21 10:58:35,722 - elsapy.elsentity - INFO - Module loaded.
2024-08-21 10:58:35,722 - elsapy.utils - INFO - Module loaded.
2024-08-21 10:58:35,723 - elsapy.elsprofile - INFO - Module loaded.
2024-08-21 10:58:35,724 - elsapy.elsdoc - INFO - Module loaded.
2024-08-21 10:58:35,724 - elsapy.elssearch - INFO - Module loaded.
2024-08-21 11:01:41,910 - elsapy.elsclient - INFO - Module loaded.
2024-08-21 11:01:41,911 - elsapy.elsentity - INFO - Module loaded.
2024-08-21 11:01:41,912 - elsapy.utils - INFO - Module loaded.
2024-08-21 11:01:41,912 - elsapy.elsprofile - INFO - Module loaded.
2024-08-21 11:01:41,913 - elsapy.elsdoc - INFO - Module loaded.
2024-08-21 11:01:41,914 - elsapy.elssearch - INFO - Module loaded.
2024-08-21 11:02:19,070 - elsapy.elsclient - INFO - Module loaded.
2024-08-21 11:02:19,071 - elsapy.elsentity - INFO - Module loaded.
2024-08-21 11:02:19,072 - elsapy.utils - INFO - Module loaded.
2024-08-21 11:02:19,072 - elsapy.elsprofile - INFO - Module loaded.
2024-08-21 11:02:19,073 - elsapy.elsdoc - INFO - Module loaded.
2024-08-21 11:02:19,074 - elsapy.elssearch - INFO - Module loaded.
2024-08-21 11:29:05,288 - elsapy.elsclient - INFO - Module loaded.
2024-08-21 11:29:05,289 - elsapy.elsentity - INFO - Module loaded.
2024-08-21 11:29:05,290 - elsapy.utils - INFO - Module loaded.
2024-08-21 11:29:05,290 - elsapy.elsprofile - INFO - Module loaded.
2024-08-21 11:29:05,291 - elsapy.elsdoc - INFO - Module loaded.
2024-08-21 11:29:05,291 - elsapy.elssearch - INFO - Module loaded.
2024-08-21 11:31:20,547 - elsapy.elsclient - INFO - Module loaded.
2024-08-21 11:31:20,549 - elsapy.elsentity - INFO - Module loaded.
2024-08-21 11:31:20,549 - elsapy.utils - INFO - Module loaded.
2024-08-21 11:31:20,549 - elsapy.elsprofile - INFO - Module loaded.
2024-08-21 11:31:20,550 - elsapy.elsdoc - INFO - Module loaded.
2024-08-21 11:31:20,551 - elsapy.elssearch - INFO - Module loaded.
2024-08-21 11:31:57,618 - elsapy.elsclient - INFO - Module loaded.
2024-08-21 11:31:57,620 - elsapy.elsentity - INFO - Module loaded.
2024-08-21 11:31:57,620 - elsapy.utils - INFO - Module loaded.
2024-08-21 11:31:57,620 - elsapy.elsprofile - INFO - Module loaded.
2024-08-21 11:31:57,621 - elsapy.elsdoc - INFO - Module loaded.
2024-08-21 11:31:57,622 - elsapy.elssearch - INFO - Module loaded.
2024-08-21 11:32:32,959 - elsapy.elsclient - INFO - Module loaded.
2024-08-21 11:32:32,960 - elsapy.elsentity - INFO - Module loaded.
2024-08-21 11:32:32,960 - elsapy.utils - INFO - Module loaded.
2024-08-21 11:32:32,961 - elsapy.elsprofile - INFO - Module loaded.
2024-08-21 11:32:32,961 - elsapy.elsdoc - INFO - Module loaded.
2024-08-21 11:32:32,962 - elsapy.elssearch - INFO - Module loaded.
2024-08-21 11:33:16,213 - elsapy.elsclient - INFO - Module loaded.
2024-08-21 11:33:16,214 - elsapy.elsentity - INFO - Module loaded.
2024-08-21 11:33:16,214 - elsapy.utils - INFO - Module loaded.
2024-08-21 11:33:16,215 - elsapy.elsprofile - INFO - Module loaded.
2024-08-21 11:33:16,215 - elsapy.elsdoc - INFO - Module loaded.
2024-08-21 11:33:16,216 - elsapy.elssearch - INFO - Module loaded.
2024-08-21 11:35:10,344 - elsapy.elsclient - INFO - Module loaded.
2024-08-21 11:35:10,345 - elsapy.elsentity - INFO - Module loaded.
2024-08-21 11:35:10,345 - elsapy.utils - INFO - Module loaded.
2024-08-21 11:35:10,346 - elsapy.elsprofile - INFO - Module loaded.
2024-08-21 11:35:10,346 - elsapy.elsdoc - INFO - Module loaded.
2024-08-21 11:35:10,347 - elsapy.elssearch - INFO - Module loaded.
2024-08-21 11:35:19,305 - elsapy.elsclient - INFO - Module loaded.
2024-08-21 11:35:19,311 - elsapy.elsentity - INFO - Module loaded.
2024-08-21 11:35:19,313 - elsapy.utils - INFO - Module loaded.
2024-08-21 11:35:19,314 - elsapy.elsprofile - INFO - Module loaded.
2024-08-21 11:35:19,315 - elsapy.elsdoc - INFO - Module loaded.
2024-08-21 11:35:19,318 - elsapy.elssearch - INFO - Module loaded.
2024-08-21 11:35:29,804 - elsapy.elsclient - INFO - Module loaded.
2024-08-21 11:35:29,805 - elsapy.elsentity - INFO - Module loaded.
2024-08-21 11:35:29,806 - elsapy.utils - INFO - Module loaded.
2024-08-21 11:35:29,806 - elsapy.elsprofile - INFO - Module loaded.
2024-08-21 11:35:29,807 - elsapy.elsdoc - INFO - Module loaded.
2024-08-21 11:35:29,807 - elsapy.elssearch - INFO - Module loaded.
2024-08-21 11:36:01,932 - elsapy.elsclient - INFO - Module loaded.
2024-08-21 11:36:01,934 - elsapy.elsentity - INFO - Module loaded.
2024-08-21 11:36:01,934 - elsapy.utils - INFO - Module loaded.
2024-08-21 11:36:01,935 - elsapy.elsprofile - INFO - Module loaded.
2024-08-21 11:36:01,935 - elsapy.elsdoc - INFO - Module loaded.
2024-08-21 11:36:01,936 - elsapy.elssearch - INFO - Module loaded.
2024-08-21 11:36:23,887 - elsapy.elsclient - INFO - Module loaded.
2024-08-21 11:36:23,889 - elsapy.elsentity - INFO - Module loaded.
2024-08-21 11:36:23,889 - elsapy.utils - INFO - Module loaded.
2024-08-21 11:36:23,890 - elsapy.elsprofile - INFO - Module loaded.
2024-08-21 11:36:23,890 - elsapy.elsdoc - INFO - Module loaded.
2024-08-21 11:36:23,891 - elsapy.elssearch - INFO - Module loaded.
2024-08-21 11:37:58,423 - elsapy.elsclient - INFO - Module loaded.
2024-08-21 11:37:58,424 - elsapy.elsentity - INFO - Module loaded.
2024-08-21 11:37:58,425 - elsapy.utils - INFO - Module loaded.
2024-08-21 11:37:58,425 - elsapy.elsprofile - INFO - Module loaded.
2024-08-21 11:37:58,426 - elsapy.elsdoc - INFO - Module loaded.
2024-08-21 11:37:58,426 - elsapy.elssearch - INFO - Module loaded.
2024-08-21 11:38:42,241 - elsapy.elsclient - INFO - Module loaded.
2024-08-21 11:38:42,242 - elsapy.elsentity - INFO - Module loaded.
2024-08-21 11:38:42,243 - elsapy.utils - INFO - Module loaded.
2024-08-21 11:38:42,243 - elsapy.elsprofile - INFO - Module loaded.
2024-08-21 11:38:42,244 - elsapy.elsdoc - INFO - Module loaded.
2024-08-21 11:38:42,245 - elsapy.elssearch - INFO - Module loaded.
2024-08-21 11:39:36,501 - elsapy.elsclient - INFO - Module loaded.
2024-08-21 11:39:36,502 - elsapy.elsentity - INFO - Module loaded.
2024-08-21 11:39:36,503 - elsapy.utils - INFO - Module loaded.
2024-08-21 11:39:36,503 - elsapy.elsprofile - INFO - Module loaded.
2024-08-21 11:39:36,504 - elsapy.elsdoc - INFO - Module loaded.
2024-08-21 11:39:36,504 - elsapy.elssearch - INFO - Module loaded.
2024-08-21 11:40:02,500 - elsapy.elsclient - INFO - Module loaded.
2024-08-21 11:40:02,501 - elsapy.elsentity - INFO - Module loaded.
2024-08-21 11:40:02,502 - elsapy.utils - INFO - Module loaded.
2024-08-21 11:40:02,502 - elsapy.elsprofile - INFO - Module loaded.
2024-08-21 11:40:02,503 - elsapy.elsdoc - INFO - Module loaded.
2024-08-21 11:40:02,503 - elsapy.elssearch - INFO - Module loaded.
2024-08-21 11:41:56,584 - elsapy.elsclient - INFO - Module loaded.
2024-08-21 11:41:56,585 - elsapy.elsentity - INFO - Module loaded.
2024-08-21 11:41:56,586 - elsapy.utils - INFO - Module loaded.
2024-08-21 11:41:56,586 - elsapy.elsprofile - INFO - Module loaded.
2024-08-21 11:41:56,587 - elsapy.elsdoc - INFO - Module loaded.
2024-08-21 11:41:56,587 - elsapy.elssearch - INFO - Module loaded.
2024-08-21 11:42:59,741 - elsapy.elsclient - INFO - Module loaded.
2024-08-21 11:42:59,742 - elsapy.elsentity - INFO - Module loaded.
2024-08-21 11:42:59,743 - elsapy.utils - INFO - Module loaded.
2024-08-21 11:42:59,743 - elsapy.elsprofile - INFO - Module loaded.
2024-08-21 11:42:59,744 - elsapy.elsdoc - INFO - Module loaded.
2024-08-21 11:42:59,745 - elsapy.elssearch - INFO - Module loaded.
2024-08-21 11:47:32,736 - elsapy.elsclient - INFO - Module loaded.
2024-08-21 11:47:32,738 - elsapy.elsentity - INFO - Module loaded.
2024-08-21 11:47:32,738 - elsapy.utils - INFO - Module loaded.
2024-08-21 11:47:32,739 - elsapy.elsprofile - INFO - Module loaded.
2024-08-21 11:47:32,739 - elsapy.elsdoc - INFO - Module loaded.
2024-08-21 11:47:32,740 - elsapy.elssearch - INFO - Module loaded.
2024-08-21 11:50:13,642 - elsapy.elsclient - INFO - Module loaded.
2024-08-21 11:50:13,643 - elsapy.elsentity - INFO - Module loaded.
2024-08-21 11:50:13,644 - elsapy.utils - INFO - Module loaded.
2024-08-21 11:50:13,644 - elsapy.elsprofile - INFO - Module loaded.
2024-08-21 11:50:13,645 - elsapy.elsdoc - INFO - Module loaded.
2024-08-21 11:50:13,646 - elsapy.elssearch - INFO - Module loaded.
2024-08-21 11:52:34,390 - elsapy.elsclient - INFO - Module loaded.
2024-08-21 11:52:34,391 - elsapy.elsentity - INFO - Module loaded.
2024-08-21 11:52:34,392 - elsapy.utils - INFO - Module loaded.
2024-08-21 11:52:34,392 - elsapy.elsprofile - INFO - Module loaded.
2024-08-21 11:52:34,392 - elsapy.elsdoc - INFO - Module loaded.
2024-08-21 11:52:34,393 - elsapy.elssearch - INFO - Module loaded.
2024-08-21 11:53:03,838 - elsapy.elsclient - INFO - Module loaded.
2024-08-21 11:53:03,839 - elsapy.elsentity - INFO - Module loaded.
2024-08-21 11:53:03,839 - elsapy.utils - INFO - Module loaded.
2024-08-21 11:53:03,840 - elsapy.elsprofile - INFO - Module loaded.
2024-08-21 11:53:03,840 - elsapy.elsdoc - INFO - Module loaded.
2024-08-21 11:53:03,841 - elsapy.elssearch - INFO - Module loaded.
2024-08-21 11:54:43,557 - elsapy.elsclient - INFO - Module loaded.
2024-08-21 11:54:43,559 - elsapy.elsentity - INFO - Module loaded.
2024-08-21 11:54:43,559 - elsapy.utils - INFO - Module loaded.
2024-08-21 11:54:43,560 - elsapy.elsprofile - INFO - Module loaded.
2024-08-21 11:54:43,560 - elsapy.elsdoc - INFO - Module loaded.
2024-08-21 11:54:43,561 - elsapy.elssearch - INFO - Module loaded.
2024-08-21 11:55:12,528 - elsapy.elsclient - INFO - Module loaded.
2024-08-21 11:55:12,530 - elsapy.elsentity - INFO - Module loaded.
2024-08-21 11:55:12,530 - elsapy.utils - INFO - Module loaded.
2024-08-21 11:55:12,531 - elsapy.elsprofile - INFO - Module loaded.
2024-08-21 11:55:12,531 - elsapy.elsdoc - INFO - Module loaded.
2024-08-21 11:55:12,532 - elsapy.elssearch - INFO - Module loaded.
2024-08-21 12:01:49,079 - elsapy.elsclient - INFO - Module loaded.
2024-08-21 12:01:49,080 - elsapy.elsentity - INFO - Module loaded.
2024-08-21 12:01:49,081 - elsapy.utils - INFO - Module loaded.
2024-08-21 12:01:49,081 - elsapy.elsprofile - INFO - Module loaded.
2024-08-21 12:01:49,082 - elsapy.elsdoc - INFO - Module loaded.
2024-08-21 12:01:49,083 - elsapy.elssearch - INFO - Module loaded.
2024-08-21 12:03:05,904 - elsapy.elsclient - INFO - Module loaded.
2024-08-21 12:03:05,905 - elsapy.elsentity - INFO - Module loaded.
2024-08-21 12:03:05,906 - elsapy.utils - INFO - Module loaded.
2024-08-21 12:03:05,906 - elsapy.elsprofile - INFO - Module loaded.
2024-08-21 12:03:05,907 - elsapy.elsdoc - INFO - Module loaded.
2024-08-21 12:03:05,907 - elsapy.elssearch - INFO - Module loaded.
2024-08-21 12:03:42,706 - elsapy.elsclient - INFO - Module loaded.
2024-08-21 12:03:42,707 - elsapy.elsentity - INFO - Module loaded.
2024-08-21 12:03:42,708 - elsapy.utils - INFO - Module loaded.
2024-08-21 12:03:42,708 - elsapy.elsprofile - INFO - Module loaded.
2024-08-21 12:03:42,709 - elsapy.elsdoc - INFO - Module loaded.
2024-08-21 12:03:42,709 - elsapy.elssearch - INFO - Module loaded.
2024-08-21 12:04:41,072 - elsapy.elsclient - INFO - Module loaded.
2024-08-21 12:04:41,073 - elsapy.elsentity - INFO - Module loaded.
2024-08-21 12:04:41,074 - elsapy.utils - INFO - Module loaded.
2024-08-21 12:04:41,074 - elsapy.elsprofile - INFO - Module loaded.
2024-08-21 12:04:41,075 - elsapy.elsdoc - INFO - Module loaded.
2024-08-21 12:04:41,076 - elsapy.elssearch - INFO - Module loaded.
2024-08-21 12:05:53,236 - elsapy.elsclient - INFO - Module loaded.
2024-08-21 12:05:53,237 - elsapy.elsentity - INFO - Module loaded.
2024-08-21 12:05:53,238 - elsapy.utils - INFO - Module loaded.
2024-08-21 12:05:53,238 - elsapy.elsprofile - INFO - Module loaded.
2024-08-21 12:05:53,239 - elsapy.elsdoc - INFO - Module loaded.
2024-08-21 12:05:53,240 - elsapy.elssearch - INFO - Module loaded.
2024-08-21 12:07:11,880 - elsapy.elsclient - INFO - Module loaded.
2024-08-21 12:07:11,881 - elsapy.elsentity - INFO - Module loaded.
2024-08-21 12:07:11,882 - elsapy.utils - INFO - Module loaded.
2024-08-21 12:07:11,882 - elsapy.elsprofile - INFO - Module loaded.
2024-08-21 12:07:11,883 - elsapy.elsdoc - INFO - Module loaded.
2024-08-21 12:07:11,883 - elsapy.elssearch - INFO - Module loaded.
2024-08-21 12:07:31,164 - elsapy.elsclient - INFO - Module loaded.
2024-08-21 12:07:31,165 - elsapy.elsentity - INFO - Module loaded.
2024-08-21 12:07:31,166 - elsapy.utils - INFO - Module loaded.
2024-08-21 12:07:31,166 - elsapy.elsprofile - INFO - Module loaded.
2024-08-21 12:07:31,167 - elsapy.elsdoc - INFO - Module loaded.
2024-08-21 12:07:31,167 - elsapy.elssearch - INFO - Module loaded.
2024-08-21 12:07:55,551 - elsapy.elsclient - INFO - Module loaded.
2024-08-21 12:07:55,552 - elsapy.elsentity - INFO - Module loaded.
2024-08-21 12:07:55,553 - elsapy.utils - INFO - Module loaded.
2024-08-21 12:07:55,553 - elsapy.elsprofile - INFO - Module loaded.
2024-08-21 12:07:55,554 - elsapy.elsdoc - INFO - Module loaded.
2024-08-21 12:07:55,554 - elsapy.elssearch - INFO - Module loaded.
2024-08-21 12:08:33,575 - elsapy.elsclient - INFO - Module loaded.
2024-08-21 12:08:33,577 - elsapy.elsentity - INFO - Module loaded.
2024-08-21 12:08:33,577 - elsapy.utils - INFO - Module loaded.
2024-08-21 12:08:33,577 - elsapy.elsprofile - INFO - Module loaded.
2024-08-21 12:08:33,578 - elsapy.elsdoc - INFO - Module loaded.
2024-08-21 12:08:33,579 - elsapy.elssearch - INFO - Module loaded.
2024-08-21 12:10:54,140 - elsapy.elsclient - INFO - Module loaded.
2024-08-21 12:10:54,142 - elsapy.elsentity - INFO - Module loaded.
2024-08-21 12:10:54,142 - elsapy.utils - INFO - Module loaded.
2024-08-21 12:10:54,143 - elsapy.elsprofile - INFO - Module loaded.
2024-08-21 12:10:54,143 - elsapy.elsdoc - INFO - Module loaded.
2024-08-21 12:10:54,144 - elsapy.elssearch - INFO - Module loaded.
2024-08-21 12:11:44,707 - elsapy.elsclient - INFO - Module loaded.
2024-08-21 12:11:44,708 - elsapy.elsentity - INFO - Module loaded.
2024-08-21 12:11:44,709 - elsapy.utils - INFO - Module loaded.
2024-08-21 12:11:44,709 - elsapy.elsprofile - INFO - Module loaded.
2024-08-21 12:11:44,710 - elsapy.elsdoc - INFO - Module loaded.
2024-08-21 12:11:44,711 - elsapy.elssearch - INFO - Module loaded.
2024-08-21 12:20:46,888 - elsapy.elsclient - INFO - Module loaded.
2024-08-21 12:20:46,889 - elsapy.elsentity - INFO - Module loaded.
2024-08-21 12:20:46,890 - elsapy.utils - INFO - Module loaded.
2024-08-21 12:20:46,890 - elsapy.elsprofile - INFO - Module loaded.
2024-08-21 12:20:46,891 - elsapy.elsdoc - INFO - Module loaded.
2024-08-21 12:20:46,891 - elsapy.elssearch - INFO - Module loaded.
2024-08-21 12:31:16,930 - elsapy.elsclient - INFO - Module loaded.
2024-08-21 12:31:16,931 - elsapy.elsentity - INFO - Module loaded.
2024-08-21 12:31:16,932 - elsapy.utils - INFO - Module loaded.
2024-08-21 12:31:16,932 - elsapy.elsprofile - INFO - Module loaded.
2024-08-21 12:31:16,933 - elsapy.elsdoc - INFO - Module loaded.
2024-08-21 12:31:16,933 - elsapy.elssearch - INFO - Module loaded.
2024-08-21 12:38:29,209 - elsapy.elsclient - INFO - Module loaded.
2024-08-21 12:38:29,210 - elsapy.elsentity - INFO - Module loaded.
2024-08-21 12:38:29,211 - elsapy.utils - INFO - Module loaded.
2024-08-21 12:38:29,211 - elsapy.elsprofile - INFO - Module loaded.
2024-08-21 12:38:29,212 - elsapy.elsdoc - INFO - Module loaded.
2024-08-21 12:38:29,212 - elsapy.elssearch - INFO - Module loaded.
2024-08-21 12:47:32,076 - elsapy.elsclient - INFO - Module loaded.
2024-08-21 12:47:32,078 - elsapy.elsentity - INFO - Module loaded.
2024-08-21 12:47:32,078 - elsapy.utils - INFO - Module loaded.
2024-08-21 12:47:32,079 - elsapy.elsprofile - INFO - Module loaded.
2024-08-21 12:47:32,079 - elsapy.elsdoc - INFO - Module loaded.
2024-08-21 12:47:32,080 - elsapy.elssearch - INFO - Module loaded.
2024-08-21 13:24:00,765 - elsapy.elsclient - INFO - Module loaded.
2024-08-21 13:24:00,766 - elsapy.elsentity - INFO - Module loaded.
2024-08-21 13:24:00,766 - elsapy.utils - INFO - Module loaded.
2024-08-21 13:24:00,767 - elsapy.elsprofile - INFO - Module loaded.
2024-08-21 13:24:00,767 - elsapy.elsdoc - INFO - Module loaded.
2024-08-21 13:24:00,768 - elsapy.elssearch - INFO - Module loaded.
2024-08-21 13:26:37,857 - elsapy.elsclient - INFO - Module loaded.
2024-08-21 13:26:37,858 - elsapy.elsentity - INFO - Module loaded.
2024-08-21 13:26:37,859 - elsapy.utils - INFO - Module loaded.
2024-08-21 13:26:37,859 - elsapy.elsprofile - INFO - Module loaded.
2024-08-21 13:26:37,860 - elsapy.elsdoc - INFO - Module loaded.
2024-08-21 13:26:37,861 - elsapy.elssearch - INFO - Module loaded.
2024-08-21 13:27:18,131 - elsapy.elsclient - INFO - Module loaded.
2024-08-21 13:27:18,132 - elsapy.elsentity - INFO - Module loaded.
2024-08-21 13:27:18,133 - elsapy.utils - INFO - Module loaded.
2024-08-21 13:27:18,133 - elsapy.elsprofile - INFO - Module loaded.
2024-08-21 13:27:18,134 - elsapy.elsdoc - INFO - Module loaded.
2024-08-21 13:27:18,134 - elsapy.elssearch - INFO - Module loaded.
2024-08-21 13:27:48,771 - elsapy.elsclient - INFO - Module loaded.
2024-08-21 13:27:48,772 - elsapy.elsentity - INFO - Module loaded.
2024-08-21 13:27:48,772 - elsapy.utils - INFO - Module loaded.
2024-08-21 13:27:48,773 - elsapy.elsprofile - INFO - Module loaded.
2024-08-21 13:27:48,773 - elsapy.elsdoc - INFO - Module loaded.
2024-08-21 13:27:48,774 - elsapy.elssearch - INFO - Module loaded.
2024-08-21 13:28:43,579 - elsapy.elsclient - INFO - Module loaded.
2024-08-21 13:28:43,581 - elsapy.elsentity - INFO - Module loaded.
2024-08-21 13:28:43,581 - elsapy.utils - INFO - Module loaded.
2024-08-21 13:28:43,581 - elsapy.elsprofile - INFO - Module loaded.
2024-08-21 13:28:43,582 - elsapy.elsdoc - INFO - Module loaded.
2024-08-21 13:28:43,583 - elsapy.elssearch - INFO - Module loaded.
2024-08-21 13:31:25,802 - elsapy.elsclient - INFO - Module loaded.
2024-08-21 13:31:25,803 - elsapy.elsentity - INFO - Module loaded.
2024-08-21 13:31:25,804 - elsapy.utils - INFO - Module loaded.
2024-08-21 13:31:25,804 - elsapy.elsprofile - INFO - Module loaded.
2024-08-21 13:31:25,805 - elsapy.elsdoc - INFO - Module loaded.
2024-08-21 13:31:25,806 - elsapy.elssearch - INFO - Module loaded.
2024-08-21 13:32:50,474 - elsapy.elsclient - INFO - Module loaded.
2024-08-21 13:32:50,475 - elsapy.elsentity - INFO - Module loaded.
2024-08-21 13:32:50,476 - elsapy.utils - INFO - Module loaded.
2024-08-21 13:32:50,476 - elsapy.elsprofile - INFO - Module loaded.
2024-08-21 13:32:50,477 - elsapy.elsdoc - INFO - Module loaded.
2024-08-21 13:32:50,477 - elsapy.elssearch - INFO - Module loaded.
2024-08-21 13:34:54,555 - elsapy.elsclient - INFO - Module loaded.
2024-08-21 13:34:54,556 - elsapy.elsentity - INFO - Module loaded.
2024-08-21 13:34:54,557 - elsapy.utils - INFO - Module loaded.
2024-08-21 13:34:54,557 - elsapy.elsprofile - INFO - Module loaded.
2024-08-21 13:34:54,558 - elsapy.elsdoc - INFO - Module loaded.
2024-08-21 13:34:54,558 - elsapy.elssearch - INFO - Module loaded.
2024-08-21 13:36:24,115 - elsapy.elsclient - INFO - Module loaded.
2024-08-21 13:36:24,116 - elsapy.elsentity - INFO - Module loaded.
2024-08-21 13:36:24,117 - elsapy.utils - INFO - Module loaded.
2024-08-21 13:36:24,117 - elsapy.elsprofile - INFO - Module loaded.
2024-08-21 13:36:24,118 - elsapy.elsdoc - INFO - Module loaded.
2024-08-21 13:36:24,118 - elsapy.elssearch - INFO - Module loaded.
2024-08-21 13:37:51,767 - elsapy.elsclient - INFO - Module loaded.
2024-08-21 13:37:51,768 - elsapy.elsentity - INFO - Module loaded.
2024-08-21 13:37:51,768 - elsapy.utils - INFO - Module loaded.
2024-08-21 13:37:51,769 - elsapy.elsprofile - INFO - Module loaded.
2024-08-21 13:37:51,769 - elsapy.elsdoc - INFO - Module loaded.
2024-08-21 13:37:51,770 - elsapy.elssearch - INFO - Module loaded.
2024-08-21 13:42:33,002 - elsapy.elsclient - INFO - Module loaded.
2024-08-21 13:42:33,003 - elsapy.elsentity - INFO - Module loaded.
2024-08-21 13:42:33,004 - elsapy.utils - INFO - Module loaded.
2024-08-21 13:42:33,004 - elsapy.elsprofile - INFO - Module loaded.
2024-08-21 13:42:33,005 - elsapy.elsdoc - INFO - Module loaded.
2024-08-21 13:42:33,006 - elsapy.elssearch - INFO - Module loaded.
2024-08-21 13:44:20,574 - elsapy.elsclient - INFO - Module loaded.
2024-08-21 13:44:20,575 - elsapy.elsentity - INFO - Module loaded.
2024-08-21 13:44:20,575 - elsapy.utils - INFO - Module loaded.
2024-08-21 13:44:20,576 - elsapy.elsprofile - INFO - Module loaded.
2024-08-21 13:44:20,576 - elsapy.elsdoc - INFO - Module loaded.
2024-08-21 13:44:20,577 - elsapy.elssearch - INFO - Module loaded.
2024-08-21 13:45:09,521 - elsapy.elsclient - INFO - Module loaded.
2024-08-21 13:45:09,522 - elsapy.elsentity - INFO - Module loaded.
2024-08-21 13:45:09,522 - elsapy.utils - INFO - Module loaded.
2024-08-21 13:45:09,523 - elsapy.elsprofile - INFO - Module loaded.
2024-08-21 13:45:09,523 - elsapy.elsdoc - INFO - Module loaded.
2024-08-21 13:45:09,524 - elsapy.elssearch - INFO - Module loaded.
2024-08-21 13:45:39,579 - elsapy.elsclient - INFO - Module loaded.
2024-08-21 13:45:39,580 - elsapy.elsentity - INFO - Module loaded.
2024-08-21 13:45:39,581 - elsapy.utils - INFO - Module loaded.
2024-08-21 13:45:39,581 - elsapy.elsprofile - INFO - Module loaded.
2024-08-21 13:45:39,582 - elsapy.elsdoc - INFO - Module loaded.
2024-08-21 13:45:39,583 - elsapy.elssearch - INFO - Module loaded.
2024-08-21 13:46:19,231 - elsapy.elsclient - INFO - Module loaded.
2024-08-21 13:46:19,232 - elsapy.elsentity - INFO - Module loaded.
2024-08-21 13:46:19,233 - elsapy.utils - INFO - Module loaded.
2024-08-21 13:46:19,233 - elsapy.elsprofile - INFO - Module loaded.
2024-08-21 13:46:19,234 - elsapy.elsdoc - INFO - Module loaded.
2024-08-21 13:46:19,234 - elsapy.elssearch - INFO - Module loaded.
2024-08-21 13:48:13,942 - elsapy.elsclient - INFO - Module loaded.
2024-08-21 13:48:13,943 - elsapy.elsentity - INFO - Module loaded.
2024-08-21 13:48:13,943 - elsapy.utils - INFO - Module loaded.
2024-08-21 13:48:13,944 - elsapy.elsprofile - INFO - Module loaded.
2024-08-21 13:48:13,944 - elsapy.elsdoc - INFO - Module loaded.
2024-08-21 13:48:13,945 - elsapy.elssearch - INFO - Module loaded.
2024-08-21 13:48:29,842 - elsapy.elsclient - INFO - Module loaded.
2024-08-21 13:48:29,843 - elsapy.elsentity - INFO - Module loaded.
2024-08-21 13:48:29,844 - elsapy.utils - INFO - Module loaded.
2024-08-21 13:48:29,844 - elsapy.elsprofile - INFO - Module loaded.
2024-08-21 13:48:29,845 - elsapy.elsdoc - INFO - Module loaded.
2024-08-21 13:48:29,846 - elsapy.elssearch - INFO - Module loaded.
2024-08-21 13:50:39,128 - elsapy.elsclient - INFO - Module loaded.
2024-08-21 13:50:39,129 - elsapy.elsentity - INFO - Module loaded.
2024-08-21 13:50:39,130 - elsapy.utils - INFO - Module loaded.
2024-08-21 13:50:39,130 - elsapy.elsprofile - INFO - Module loaded.
2024-08-21 13:50:39,131 - elsapy.elsdoc - INFO - Module loaded.
2024-08-21 13:50:39,131 - elsapy.elssearch - INFO - Module loaded.
2024-08-21 13:53:32,577 - elsapy.elsclient - INFO - Module loaded.
2024-08-21 13:53:32,578 - elsapy.elsentity - INFO - Module loaded.
2024-08-21 13:53:32,578 - elsapy.utils - INFO - Module loaded.
2024-08-21 13:53:32,579 - elsapy.elsprofile - INFO - Module loaded.
2024-08-21 13:53:32,579 - elsapy.elsdoc - INFO - Module loaded.
2024-08-21 13:53:32,580 - elsapy.elssearch - INFO - Module loaded.
2024-08-21 13:53:54,831 - elsapy.elsclient - INFO - Module loaded.
2024-08-21 13:53:54,832 - elsapy.elsentity - INFO - Module loaded.
2024-08-21 13:53:54,833 - elsapy.utils - INFO - Module loaded.
2024-08-21 13:53:54,833 - elsapy.elsprofile - INFO - Module loaded.
2024-08-21 13:53:54,834 - elsapy.elsdoc - INFO - Module loaded.
2024-08-21 13:53:54,835 - elsapy.elssearch - INFO - Module loaded.
2024-08-21 13:54:59,601 - elsapy.elsclient - INFO - Module loaded.
2024-08-21 13:54:59,603 - elsapy.elsentity - INFO - Module loaded.
2024-08-21 13:54:59,603 - elsapy.utils - INFO - Module loaded.
2024-08-21 13:54:59,604 - elsapy.elsprofile - INFO - Module loaded.
2024-08-21 13:54:59,604 - elsapy.elsdoc - INFO - Module loaded.
2024-08-21 13:54:59,605 - elsapy.elssearch - INFO - Module loaded.
2024-08-21 13:55:23,367 - elsapy.elsclient - INFO - Module loaded.
2024-08-21 13:55:23,368 - elsapy.elsentity - INFO - Module loaded.
2024-08-21 13:55:23,369 - elsapy.utils - INFO - Module loaded.
2024-08-21 13:55:23,369 - elsapy.elsprofile - INFO - Module loaded.
2024-08-21 13:55:23,370 - elsapy.elsdoc - INFO - Module loaded.
2024-08-21 13:55:23,371 - elsapy.elssearch - INFO - Module loaded.
2024-08-21 14:01:27,450 - elsapy.elsclient - INFO - Module loaded.
2024-08-21 14:01:27,451 - elsapy.elsentity - INFO - Module loaded.
2024-08-21 14:01:27,452 - elsapy.utils - INFO - Module loaded.
2024-08-21 14:01:27,452 - elsapy.elsprofile - INFO - Module loaded.
2024-08-21 14:01:27,453 - elsapy.elsdoc - INFO - Module loaded.
2024-08-21 14:01:27,453 - elsapy.elssearch - INFO - Module loaded.
2024-08-21 14:04:23,204 - elsapy.elsclient - INFO - Module loaded.
2024-08-21 14:04:23,205 - elsapy.elsentity - INFO - Module loaded.
2024-08-21 14:04:23,206 - elsapy.utils - INFO - Module loaded.
2024-08-21 14:04:23,206 - elsapy.elsprofile - INFO - Module loaded.
2024-08-21 14:04:23,207 - elsapy.elsdoc - INFO - Module loaded.
2024-08-21 14:04:23,208 - elsapy.elssearch - INFO - Module loaded.
2024-08-21 14:06:39,511 - elsapy.elsclient - INFO - Module loaded.
2024-08-21 14:06:39,512 - elsapy.elsentity - INFO - Module loaded.
2024-08-21 14:06:39,512 - elsapy.utils - INFO - Module loaded.
2024-08-21 14:06:39,513 - elsapy.elsprofile - INFO - Module loaded.
2024-08-21 14:06:39,513 - elsapy.elsdoc - INFO - Module loaded.
2024-08-21 14:06:39,514 - elsapy.elssearch - INFO - Module loaded.
2024-08-21 14:10:37,697 - elsapy.elsclient - INFO - Module loaded.
2024-08-21 14:10:37,698 - elsapy.elsentity - INFO - Module loaded.
2024-08-21 14:10:37,699 - elsapy.utils - INFO - Module loaded.
2024-08-21 14:10:37,699 - elsapy.elsprofile - INFO - Module loaded.
2024-08-21 14:10:37,700 - elsapy.elsdoc - INFO - Module loaded.
2024-08-21 14:10:37,700 - elsapy.elssearch - INFO - Module loaded.
2024-08-21 14:11:59,516 - elsapy.elsclient - INFO - Module loaded.
2024-08-21 14:11:59,517 - elsapy.elsentity - INFO - Module loaded.
2024-08-21 14:11:59,518 - elsapy.utils - INFO - Module loaded.
2024-08-21 14:11:59,518 - elsapy.elsprofile - INFO - Module loaded.
2024-08-21 14:11:59,519 - elsapy.elsdoc - INFO - Module loaded.
2024-08-21 14:11:59,520 - elsapy.elssearch - INFO - Module loaded.
2024-08-21 14:13:29,347 - elsapy.elsclient - INFO - Module loaded.
2024-08-21 14:13:29,348 - elsapy.elsentity - INFO - Module loaded.
2024-08-21 14:13:29,349 - elsapy.utils - INFO - Module loaded.
2024-08-21 14:13:29,349 - elsapy.elsprofile - INFO - Module loaded.
2024-08-21 14:13:29,350 - elsapy.elsdoc - INFO - Module loaded.
2024-08-21 14:13:29,350 - elsapy.elssearch - INFO - Module loaded.
2024-08-21 14:14:35,203 - elsapy.elsclient - INFO - Module loaded.
2024-08-21 14:14:35,204 - elsapy.elsentity - INFO - Module loaded.
2024-08-21 14:14:35,204 - elsapy.utils - INFO - Module loaded.
2024-08-21 14:14:35,205 - elsapy.elsprofile - INFO - Module loaded.
2024-08-21 14:14:35,205 - elsapy.elsdoc - INFO - Module loaded.
2024-08-21 14:14:35,206 - elsapy.elssearch - INFO - Module loaded.
2024-08-21 14:16:36,311 - elsapy.elsclient - INFO - Module loaded.
2024-08-21 14:16:36,312 - elsapy.elsentity - INFO - Module loaded.
2024-08-21 14:16:36,312 - elsapy.utils - INFO - Module loaded.
2024-08-21 14:16:36,313 - elsapy.elsprofile - INFO - Module loaded.
2024-08-21 14:16:36,313 - elsapy.elsdoc - INFO - Module loaded.
2024-08-21 14:16:36,314 - elsapy.elssearch - INFO - Module loaded.
2024-08-21 14:18:25,077 - elsapy.elsclient - INFO - Module loaded.
2024-08-21 14:18:25,078 - elsapy.elsentity - INFO - Module loaded.
2024-08-21 14:18:25,078 - elsapy.utils - INFO - Module loaded.
2024-08-21 14:18:25,079 - elsapy.elsprofile - INFO - Module loaded.
2024-08-21 14:18:25,079 - elsapy.elsdoc - INFO - Module loaded.
2024-08-21 14:18:25,080 - elsapy.elssearch - INFO - Module loaded.
2024-08-21 14:19:29,892 - elsapy.elsclient - INFO - Module loaded.
2024-08-21 14:19:29,893 - elsapy.elsentity - INFO - Module loaded.
2024-08-21 14:19:29,894 - elsapy.utils - INFO - Module loaded.
2024-08-21 14:19:29,894 - elsapy.elsprofile - INFO - Module loaded.
2024-08-21 14:19:29,895 - elsapy.elsdoc - INFO - Module loaded.
2024-08-21 14:19:29,896 - elsapy.elssearch - INFO - Module loaded.
2024-08-21 14:22:01,920 - elsapy.elsclient - INFO - Module loaded.
2024-08-21 14:22:01,921 - elsapy.elsentity - INFO - Module loaded.
2024-08-21 14:22:01,922 - elsapy.utils - INFO - Module loaded.
2024-08-21 14:22:01,922 - elsapy.elsprofile - INFO - Module loaded.
2024-08-21 14:22:01,923 - elsapy.elsdoc - INFO - Module loaded.
2024-08-21 14:22:01,923 - elsapy.elssearch - INFO - Module loaded.
2024-08-21 14:22:48,873 - elsapy.elsclient - INFO - Module loaded.
2024-08-21 14:22:48,874 - elsapy.elsentity - INFO - Module loaded.
2024-08-21 14:22:48,875 - elsapy.utils - INFO - Module loaded.
2024-08-21 14:22:48,875 - elsapy.elsprofile - INFO - Module loaded.
2024-08-21 14:22:48,876 - elsapy.elsdoc - INFO - Module loaded.
2024-08-21 14:22:48,877 - elsapy.elssearch - INFO - Module loaded.
2024-08-21 14:28:15,613 - elsapy.elsclient - INFO - Module loaded.
2024-08-21 14:28:15,614 - elsapy.elsentity - INFO - Module loaded.
2024-08-21 14:28:15,615 - elsapy.utils - INFO - Module loaded.
2024-08-21 14:28:15,615 - elsapy.elsprofile - INFO - Module loaded.
2024-08-21 14:28:15,616 - elsapy.elsdoc - INFO - Module loaded.
2024-08-21 14:28:15,617 - elsapy.elssearch - INFO - Module loaded.
2024-08-21 14:28:41,470 - elsapy.elsclient - INFO - Module loaded.
2024-08-21 14:28:41,471 - elsapy.elsentity - INFO - Module loaded.
2024-08-21 14:28:41,471 - elsapy.utils - INFO - Module loaded.
2024-08-21 14:28:41,472 - elsapy.elsprofile - INFO - Module loaded.
2024-08-21 14:28:41,472 - elsapy.elsdoc - INFO - Module loaded.
2024-08-21 14:28:41,473 - elsapy.elssearch - INFO - Module loaded.
2024-08-21 14:29:11,341 - elsapy.elsclient - INFO - Module loaded.
2024-08-21 14:29:11,342 - elsapy.elsentity - INFO - Module loaded.
2024-08-21 14:29:11,343 - elsapy.utils - INFO - Module loaded.
2024-08-21 14:29:11,343 - elsapy.elsprofile - INFO - Module loaded.
2024-08-21 14:29:11,344 - elsapy.elsdoc - INFO - Module loaded.
2024-08-21 14:29:11,344 - elsapy.elssearch - INFO - Module loaded.
2024-08-21 14:33:26,507 - elsapy.elsclient - INFO - Module loaded.
2024-08-21 14:33:26,508 - elsapy.elsentity - INFO - Module loaded.
2024-08-21 14:33:26,509 - elsapy.utils - INFO - Module loaded.
2024-08-21 14:33:26,509 - elsapy.elsprofile - INFO - Module loaded.
2024-08-21 14:33:26,510 - elsapy.elsdoc - INFO - Module loaded.
2024-08-21 14:33:26,511 - elsapy.elssearch - INFO - Module loaded.
2024-08-21 14:36:45,272 - elsapy.elsclient - INFO - Module loaded.
2024-08-21 14:36:45,273 - elsapy.elsentity - INFO - Module loaded.
2024-08-21 14:36:45,273 - elsapy.utils - INFO - Module loaded.
2024-08-21 14:36:45,274 - elsapy.elsprofile - INFO - Module loaded.
2024-08-21 14:36:45,274 - elsapy.elsdoc - INFO - Module loaded.
2024-08-21 14:36:45,275 - elsapy.elssearch - INFO - Module loaded.
2024-08-21 14:37:59,833 - elsapy.elsclient - INFO - Module loaded.
2024-08-21 14:37:59,834 - elsapy.elsentity - INFO - Module loaded.
2024-08-21 14:37:59,835 - elsapy.utils - INFO - Module loaded.
2024-08-21 14:37:59,835 - elsapy.elsprofile - INFO - Module loaded.
2024-08-21 14:37:59,836 - elsapy.elsdoc - INFO - Module loaded.
2024-08-21 14:37:59,836 - elsapy.elssearch - INFO - Module loaded.
2024-08-21 14:38:51,459 - elsapy.elsclient - INFO - Module loaded.
2024-08-21 14:38:51,460 - elsapy.elsentity - INFO - Module loaded.
2024-08-21 14:38:51,461 - elsapy.utils - INFO - Module loaded.
2024-08-21 14:38:51,461 - elsapy.elsprofile - INFO - Module loaded.
2024-08-21 14:38:51,462 - elsapy.elsdoc - INFO - Module loaded.
2024-08-21 14:38:51,462 - elsapy.elssearch - INFO - Module loaded.
2024-08-21 14:41:06,249 - elsapy.elsclient - INFO - Module loaded.
2024-08-21 14:41:06,250 - elsapy.elsentity - INFO - Module loaded.
2024-08-21 14:41:06,250 - elsapy.utils - INFO - Module loaded.
2024-08-21 14:41:06,251 - elsapy.elsprofile - INFO - Module loaded.
2024-08-21 14:41:06,251 - elsapy.elsdoc - INFO - Module loaded.
2024-08-21 14:41:06,252 - elsapy.elssearch - INFO - Module loaded.
2024-08-21 14:43:09,745 - elsapy.elsclient - INFO - Module loaded.
2024-08-21 14:43:09,746 - elsapy.elsentity - INFO - Module loaded.
2024-08-21 14:43:09,747 - elsapy.utils - INFO - Module loaded.
2024-08-21 14:43:09,747 - elsapy.elsprofile - INFO - Module loaded.
2024-08-21 14:43:09,748 - elsapy.elsdoc - INFO - Module loaded.
2024-08-21 14:43:09,748 - elsapy.elssearch - INFO - Module loaded.
2024-08-21 14:43:53,930 - elsapy.elsclient - INFO - Module loaded.
2024-08-21 14:43:53,931 - elsapy.elsentity - INFO - Module loaded.
2024-08-21 14:43:53,932 - elsapy.utils - INFO - Module loaded.
2024-08-21 14:43:53,932 - elsapy.elsprofile - INFO - Module loaded.
2024-08-21 14:43:53,933 - elsapy.elsdoc - INFO - Module loaded.
2024-08-21 14:43:53,934 - elsapy.elssearch - INFO - Module loaded.
2024-08-21 14:44:24,645 - elsapy.elsclient - INFO - Module loaded.
2024-08-21 14:44:24,646 - elsapy.elsentity - INFO - Module loaded.
2024-08-21 14:44:24,647 - elsapy.utils - INFO - Module loaded.
2024-08-21 14:44:24,647 - elsapy.elsprofile - INFO - Module loaded.
2024-08-21 14:44:24,648 - elsapy.elsdoc - INFO - Module loaded.
2024-08-21 14:44:24,649 - elsapy.elssearch - INFO - Module loaded.
2024-08-21 14:44:51,846 - elsapy.elsclient - INFO - Module loaded.
2024-08-21 14:44:51,847 - elsapy.elsentity - INFO - Module loaded.
2024-08-21 14:44:51,847 - elsapy.utils - INFO - Module loaded.
2024-08-21 14:44:51,848 - elsapy.elsprofile - INFO - Module loaded.
2024-08-21 14:44:51,848 - elsapy.elsdoc - INFO - Module loaded.
2024-08-21 14:44:51,849 - elsapy.elssearch - INFO - Module loaded.
2024-08-21 14:45:34,533 - elsapy.elsclient - INFO - Module loaded.
2024-08-21 14:45:34,534 - elsapy.elsentity - INFO - Module loaded.
2024-08-21 14:45:34,534 - elsapy.utils - INFO - Module loaded.
2024-08-21 14:45:34,535 - elsapy.elsprofile - INFO - Module loaded.
2024-08-21 14:45:34,535 - elsapy.elsdoc - INFO - Module loaded.
2024-08-21 14:45:34,536 - elsapy.elssearch - INFO - Module loaded.
2024-08-21 14:47:06,795 - elsapy.elsclient - INFO - Module loaded.
2024-08-21 14:47:06,796 - elsapy.elsentity - INFO - Module loaded.
2024-08-21 14:47:06,797 - elsapy.utils - INFO - Module loaded.
2024-08-21 14:47:06,797 - elsapy.elsprofile - INFO - Module loaded.
2024-08-21 14:47:06,798 - elsapy.elsdoc - INFO - Module loaded.
2024-08-21 14:47:06,799 - elsapy.elssearch - INFO - Module loaded.
2024-08-21 14:47:38,545 - elsapy.elsclient - INFO - Module loaded.
2024-08-21 14:47:38,546 - elsapy.elsentity - INFO - Module loaded.
2024-08-21 14:47:38,547 - elsapy.utils - INFO - Module loaded.
2024-08-21 14:47:38,547 - elsapy.elsprofile - INFO - Module loaded.
2024-08-21 14:47:38,547 - elsapy.elsdoc - INFO - Module loaded.
2024-08-21 14:47:38,548 - elsapy.elssearch - INFO - Module loaded.
2024-08-21 14:48:26,114 - elsapy.elsclient - INFO - Module loaded.
2024-08-21 14:48:26,116 - elsapy.elsentity - INFO - Module loaded.
2024-08-21 14:48:26,116 - elsapy.utils - INFO - Module loaded.
2024-08-21 14:48:26,117 - elsapy.elsprofile - INFO - Module loaded.
2024-08-21 14:48:26,117 - elsapy.elsdoc - INFO - Module loaded.
2024-08-21 14:48:26,118 - elsapy.elssearch - INFO - Module loaded.
2024-08-21 14:48:48,249 - elsapy.elsclient - INFO - Module loaded.
2024-08-21 14:48:48,250 - elsapy.elsentity - INFO - Module loaded.
2024-08-21 14:48:48,251 - elsapy.utils - INFO - Module loaded.
2024-08-21 14:48:48,251 - elsapy.elsprofile - INFO - Module loaded.
2024-08-21 14:48:48,252 - elsapy.elsdoc - INFO - Module loaded.
2024-08-21 14:48:48,253 - elsapy.elssearch - INFO - Module loaded.
2024-08-21 14:57:21,854 - elsapy.elsclient - INFO - Module loaded.
2024-08-21 14:57:21,855 - elsapy.elsentity - INFO - Module loaded.
2024-08-21 14:57:21,856 - elsapy.utils - INFO - Module loaded.
2024-08-21 14:57:21,856 - elsapy.elsprofile - INFO - Module loaded.
2024-08-21 14:57:21,857 - elsapy.elsdoc - INFO - Module loaded.
2024-08-21 14:57:21,857 - elsapy.elssearch - INFO - Module loaded.
2024-08-21 14:57:44,691 - elsapy.elsclient - INFO - Module loaded.
2024-08-21 14:57:44,692 - elsapy.elsentity - INFO - Module loaded.
2024-08-21 14:57:44,692 - elsapy.utils - INFO - Module loaded.
2024-08-21 14:57:44,693 - elsapy.elsprofile - INFO - Module loaded.
2024-08-21 14:57:44,693 - elsapy.elsdoc - INFO - Module loaded.
2024-08-21 14:57:44,694 - elsapy.elssearch - INFO - Module loaded.
2024-08-21 15:04:36,339 - elsapy.elsclient - INFO - Module loaded.
2024-08-21 15:04:36,341 - elsapy.elsentity - INFO - Module loaded.
2024-08-21 15:04:36,341 - elsapy.utils - INFO - Module loaded.
2024-08-21 15:04:36,341 - elsapy.elsprofile - INFO - Module loaded.
2024-08-21 15:04:36,342 - elsapy.elsdoc - INFO - Module loaded.
2024-08-21 15:04:36,343 - elsapy.elssearch - INFO - Module loaded.
2024-08-21 15:04:56,471 - elsapy.elsclient - INFO - Module loaded.
2024-08-21 15:04:56,472 - elsapy.elsentity - INFO - Module loaded.
2024-08-21 15:04:56,473 - elsapy.utils - INFO - Module loaded.
2024-08-21 15:04:56,473 - elsapy.elsprofile - INFO - Module loaded.
2024-08-21 15:04:56,474 - elsapy.elsdoc - INFO - Module loaded.
2024-08-21 15:04:56,475 - elsapy.elssearch - INFO - Module loaded.
2024-08-21 15:06:18,270 - elsapy.elsclient - INFO - Module loaded.
2024-08-21 15:06:18,272 - elsapy.elsentity - INFO - Module loaded.
2024-08-21 15:06:18,272 - elsapy.utils - INFO - Module loaded.
2024-08-21 15:06:18,272 - elsapy.elsprofile - INFO - Module loaded.
2024-08-21 15:06:18,273 - elsapy.elsdoc - INFO - Module loaded.
2024-08-21 15:06:18,274 - elsapy.elssearch - INFO - Module loaded.
2024-08-21 15:06:53,328 - elsapy.elsclient - INFO - Module loaded.
2024-08-21 15:06:53,329 - elsapy.elsentity - INFO - Module loaded.
2024-08-21 15:06:53,329 - elsapy.utils - INFO - Module loaded.
2024-08-21 15:06:53,330 - elsapy.elsprofile - INFO - Module loaded.
2024-08-21 15:06:53,330 - elsapy.elsdoc - INFO - Module loaded.
2024-08-21 15:06:53,331 - elsapy.elssearch - INFO - Module loaded.
2024-08-21 15:07:29,135 - elsapy.elsclient - INFO - Module loaded.
2024-08-21 15:07:29,136 - elsapy.elsentity - INFO - Module loaded.
2024-08-21 15:07:29,136 - elsapy.utils - INFO - Module loaded.
2024-08-21 15:07:29,137 - elsapy.elsprofile - INFO - Module loaded.
2024-08-21 15:07:29,137 - elsapy.elsdoc - INFO - Module loaded.
2024-08-21 15:07:29,138 - elsapy.elssearch - INFO - Module loaded.
2024-08-21 15:10:16,907 - elsapy.elsclient - INFO - Module loaded.
2024-08-21 15:10:16,908 - elsapy.elsentity - INFO - Module loaded.
2024-08-21 15:10:16,909 - elsapy.utils - INFO - Module loaded.
2024-08-21 15:10:16,909 - elsapy.elsprofile - INFO - Module loaded.
2024-08-21 15:10:16,910 - elsapy.elsdoc - INFO - Module loaded.
2024-08-21 15:10:16,911 - elsapy.elssearch - INFO - Module loaded.
2024-08-21 15:11:21,012 - elsapy.elsclient - INFO - Module loaded.
2024-08-21 15:11:21,013 - elsapy.elsentity - INFO - Module loaded.
2024-08-21 15:11:21,014 - elsapy.utils - INFO - Module loaded.
2024-08-21 15:11:21,014 - elsapy.elsprofile - INFO - Module loaded.
2024-08-21 15:11:21,015 - elsapy.elsdoc - INFO - Module loaded.
2024-08-21 15:11:21,016 - elsapy.elssearch - INFO - Module loaded.
2024-08-21 15:21:46,512 - elsapy.elsclient - INFO - Module loaded.
2024-08-21 15:21:46,513 - elsapy.elsentity - INFO - Module loaded.
2024-08-21 15:21:46,514 - elsapy.utils - INFO - Module loaded.
2024-08-21 15:21:46,514 - elsapy.elsprofile - INFO - Module loaded.
2024-08-21 15:21:46,515 - elsapy.elsdoc - INFO - Module loaded.
2024-08-21 15:21:46,516 - elsapy.elssearch - INFO - Module loaded.
2024-08-21 15:22:13,377 - elsapy.elsclient - INFO - Module loaded.
2024-08-21 15:22:13,378 - elsapy.elsentity - INFO - Module loaded.
2024-08-21 15:22:13,379 - elsapy.utils - INFO - Module loaded.
2024-08-21 15:22:13,379 - elsapy.elsprofile - INFO - Module loaded.
2024-08-21 15:22:13,380 - elsapy.elsdoc - INFO - Module loaded.
2024-08-21 15:22:13,381 - elsapy.elssearch - INFO - Module loaded.
2024-08-21 15:23:34,930 - elsapy.elsclient - INFO - Module loaded.
2024-08-21 15:23:34,931 - elsapy.elsentity - INFO - Module loaded.
2024-08-21 15:23:34,932 - elsapy.utils - INFO - Module loaded.
2024-08-21 15:23:34,932 - elsapy.elsprofile - INFO - Module loaded.
2024-08-21 15:23:34,933 - elsapy.elsdoc - INFO - Module loaded.
2024-08-21 15:23:34,933 - elsapy.elssearch - INFO - Module loaded.
2024-08-21 15:34:41,556 - elsapy.elsclient - INFO - Module loaded.
2024-08-21 15:34:41,558 - elsapy.elsentity - INFO - Module loaded.
2024-08-21 15:34:41,558 - elsapy.utils - INFO - Module loaded.
2024-08-21 15:34:41,559 - elsapy.elsprofile - INFO - Module loaded.
2024-08-21 15:34:41,559 - elsapy.elsdoc - INFO - Module loaded.
2024-08-21 15:34:41,560 - elsapy.elssearch - INFO - Module loaded.
2024-08-21 15:36:04,631 - elsapy.elsclient - INFO - Module loaded.
2024-08-21 15:36:04,632 - elsapy.elsentity - INFO - Module loaded.
2024-08-21 15:36:04,632 - elsapy.utils - INFO - Module loaded.
2024-08-21 15:36:04,633 - elsapy.elsprofile - INFO - Module loaded.
2024-08-21 15:36:04,633 - elsapy.elsdoc - INFO - Module loaded.
2024-08-21 15:36:04,634 - elsapy.elssearch - INFO - Module loaded.
2024-08-21 15:41:29,127 - elsapy.elsclient - INFO - Module loaded.
2024-08-21 15:41:29,128 - elsapy.elsentity - INFO - Module loaded.
2024-08-21 15:41:29,129 - elsapy.utils - INFO - Module loaded.
2024-08-21 15:41:29,129 - elsapy.elsprofile - INFO - Module loaded.
2024-08-21 15:41:29,130 - elsapy.elsdoc - INFO - Module loaded.
2024-08-21 15:41:29,131 - elsapy.elssearch - INFO - Module loaded.
2024-08-21 15:42:53,438 - elsapy.elsclient - INFO - Module loaded.
2024-08-21 15:42:53,439 - elsapy.elsentity - INFO - Module loaded.
2024-08-21 15:42:53,440 - elsapy.utils - INFO - Module loaded.
2024-08-21 15:42:53,440 - elsapy.elsprofile - INFO - Module loaded.
2024-08-21 15:42:53,441 - elsapy.elsdoc - INFO - Module loaded.
2024-08-21 15:42:53,442 - elsapy.elssearch - INFO - Module loaded.
2024-08-21 15:52:15,512 - elsapy.elsclient - INFO - Module loaded.
2024-08-21 15:52:15,514 - elsapy.elsentity - INFO - Module loaded.
2024-08-21 15:52:15,514 - elsapy.utils - INFO - Module loaded.
2024-08-21 15:52:15,515 - elsapy.elsprofile - INFO - Module loaded.
2024-08-21 15:52:15,515 - elsapy.elsdoc - INFO - Module loaded.
2024-08-21 15:52:15,516 - elsapy.elssearch - INFO - Module loaded.
2024-08-21 15:54:55,109 - elsapy.elsclient - INFO - Module loaded.
2024-08-21 15:54:55,110 - elsapy.elsentity - INFO - Module loaded.
2024-08-21 15:54:55,111 - elsapy.utils - INFO - Module loaded.
2024-08-21 15:54:55,111 - elsapy.elsprofile - INFO - Module loaded.
2024-08-21 15:54:55,112 - elsapy.elsdoc - INFO - Module loaded.
2024-08-21 15:54:55,113 - elsapy.elssearch - INFO - Module loaded.
2024-08-21 16:01:24,217 - elsapy.elsclient - INFO - Module loaded.
2024-08-21 16:01:24,218 - elsapy.elsentity - INFO - Module loaded.
2024-08-21 16:01:24,218 - elsapy.utils - INFO - Module loaded.
2024-08-21 16:01:24,219 - elsapy.elsprofile - INFO - Module loaded.
2024-08-21 16:01:24,219 - elsapy.elsdoc - INFO - Module loaded.
2024-08-21 16:01:24,220 - elsapy.elssearch - INFO - Module loaded.
2024-08-21 16:01:48,893 - elsapy.elsclient - INFO - Module loaded.
2024-08-21 16:01:48,894 - elsapy.elsentity - INFO - Module loaded.
2024-08-21 16:01:48,895 - elsapy.utils - INFO - Module loaded.
2024-08-21 16:01:48,895 - elsapy.elsprofile - INFO - Module loaded.
2024-08-21 16:01:48,896 - elsapy.elsdoc - INFO - Module loaded.
2024-08-21 16:01:48,897 - elsapy.elssearch - INFO - Module loaded.
2024-08-21 16:06:43,764 - elsapy.elsclient - INFO - Module loaded.
2024-08-21 16:06:43,765 - elsapy.elsentity - INFO - Module loaded.
2024-08-21 16:06:43,766 - elsapy.utils - INFO - Module loaded.
2024-08-21 16:06:43,766 - elsapy.elsprofile - INFO - Module loaded.
2024-08-21 16:06:43,767 - elsapy.elsdoc - INFO - Module loaded.
2024-08-21 16:06:43,767 - elsapy.elssearch - INFO - Module loaded.
2024-08-21 16:08:41,591 - elsapy.elsclient - INFO - Module loaded.
2024-08-21 16:08:41,592 - elsapy.elsentity - INFO - Module loaded.
2024-08-21 16:08:41,593 - elsapy.utils - INFO - Module loaded.
2024-08-21 16:08:41,593 - elsapy.elsprofile - INFO - Module loaded.
2024-08-21 16:08:41,594 - elsapy.elsdoc - INFO - Module loaded.
2024-08-21 16:08:41,594 - elsapy.elssearch - INFO - Module loaded.
2024-08-21 16:16:34,783 - elsapy.elsclient - INFO - Module loaded.
2024-08-21 16:16:34,785 - elsapy.elsentity - INFO - Module loaded.
2024-08-21 16:16:34,785 - elsapy.utils - INFO - Module loaded.
2024-08-21 16:16:34,786 - elsapy.elsprofile - INFO - Module loaded.
2024-08-21 16:16:34,786 - elsapy.elsdoc - INFO - Module loaded.
2024-08-21 16:16:34,787 - elsapy.elssearch - INFO - Module loaded.
2024-08-21 16:17:08,720 - elsapy.elsclient - INFO - Module loaded.
2024-08-21 16:17:08,722 - elsapy.elsentity - INFO - Module loaded.
2024-08-21 16:17:08,722 - elsapy.utils - INFO - Module loaded.
2024-08-21 16:17:08,723 - elsapy.elsprofile - INFO - Module loaded.
2024-08-21 16:17:08,723 - elsapy.elsdoc - INFO - Module loaded.
2024-08-21 16:17:08,724 - elsapy.elssearch - INFO - Module loaded.
2024-08-21 16:17:54,820 - elsapy.elsclient - INFO - Module loaded.
2024-08-21 16:17:54,821 - elsapy.elsentity - INFO - Module loaded.
2024-08-21 16:17:54,822 - elsapy.utils - INFO - Module loaded.
2024-08-21 16:17:54,822 - elsapy.elsprofile - INFO - Module loaded.
2024-08-21 16:17:54,823 - elsapy.elsdoc - INFO - Module loaded.
2024-08-21 16:17:54,823 - elsapy.elssearch - INFO - Module loaded.
2024-08-21 16:27:35,629 - elsapy.elsclient - INFO - Module loaded.
2024-08-21 16:27:35,630 - elsapy.elsentity - INFO - Module loaded.
2024-08-21 16:27:35,631 - elsapy.utils - INFO - Module loaded.
2024-08-21 16:27:35,631 - elsapy.elsprofile - INFO - Module loaded.
2024-08-21 16:27:35,631 - elsapy.elsdoc - INFO - Module loaded.
2024-08-21 16:27:35,632 - elsapy.elssearch - INFO - Module loaded.
2024-08-21 16:31:20,107 - elsapy.elsclient - INFO - Module loaded.
2024-08-21 16:31:20,108 - elsapy.elsentity - INFO - Module loaded.
2024-08-21 16:31:20,109 - elsapy.utils - INFO - Module loaded.
2024-08-21 16:31:20,109 - elsapy.elsprofile - INFO - Module loaded.
2024-08-21 16:31:20,110 - elsapy.elsdoc - INFO - Module loaded.
2024-08-21 16:31:20,111 - elsapy.elssearch - INFO - Module loaded.
2024-08-21 16:31:41,127 - elsapy.elsclient - INFO - Module loaded.
2024-08-21 16:31:41,128 - elsapy.elsentity - INFO - Module loaded.
2024-08-21 16:31:41,128 - elsapy.utils - INFO - Module loaded.
2024-08-21 16:31:41,129 - elsapy.elsprofile - INFO - Module loaded.
2024-08-21 16:31:41,129 - elsapy.elsdoc - INFO - Module loaded.
2024-08-21 16:31:41,130 - elsapy.elssearch - INFO - Module loaded.
2024-08-21 16:33:03,557 - elsapy.elsclient - INFO - Module loaded.
2024-08-21 16:33:03,558 - elsapy.elsentity - INFO - Module loaded.
2024-08-21 16:33:03,559 - elsapy.utils - INFO - Module loaded.
2024-08-21 16:33:03,559 - elsapy.elsprofile - INFO - Module loaded.
2024-08-21 16:33:03,560 - elsapy.elsdoc - INFO - Module loaded.
2024-08-21 16:33:03,560 - elsapy.elssearch - INFO - Module loaded.
2024-08-21 16:37:42,199 - elsapy.elsclient - INFO - Module loaded.
2024-08-21 16:37:42,200 - elsapy.elsentity - INFO - Module loaded.
2024-08-21 16:37:42,200 - elsapy.utils - INFO - Module loaded.
2024-08-21 16:37:42,201 - elsapy.elsprofile - INFO - Module loaded.
2024-08-21 16:37:42,201 - elsapy.elsdoc - INFO - Module loaded.
2024-08-21 16:37:42,202 - elsapy.elssearch - INFO - Module loaded.
2024-08-21 16:41:30,708 - elsapy.elsclient - INFO - Module loaded.
2024-08-21 16:41:30,709 - elsapy.elsentity - INFO - Module loaded.
2024-08-21 16:41:30,710 - elsapy.utils - INFO - Module loaded.
2024-08-21 16:41:30,710 - elsapy.elsprofile - INFO - Module loaded.
2024-08-21 16:41:30,711 - elsapy.elsdoc - INFO - Module loaded.
2024-08-21 16:41:30,712 - elsapy.elssearch - INFO - Module loaded.
2024-08-21 16:46:59,051 - elsapy.elsclient - INFO - Module loaded.
2024-08-21 16:46:59,052 - elsapy.elsentity - INFO - Module loaded.
2024-08-21 16:46:59,053 - elsapy.utils - INFO - Module loaded.
2024-08-21 16:46:59,053 - elsapy.elsprofile - INFO - Module loaded.
2024-08-21 16:46:59,054 - elsapy.elsdoc - INFO - Module loaded.
2024-08-21 16:46:59,054 - elsapy.elssearch - INFO - Module loaded.
2024-08-21 16:47:10,760 - elsapy.elsclient - INFO - Module loaded.
2024-08-21 16:47:10,761 - elsapy.elsentity - INFO - Module loaded.
2024-08-21 16:47:10,762 - elsapy.utils - INFO - Module loaded.
2024-08-21 16:47:10,762 - elsapy.elsprofile - INFO - Module loaded.
2024-08-21 16:47:10,763 - elsapy.elsdoc - INFO - Module loaded.
2024-08-21 16:47:10,763 - elsapy.elssearch - INFO - Module loaded.
2024-08-21 16:47:28,546 - elsapy.elsclient - INFO - Module loaded.
2024-08-21 16:47:28,547 - elsapy.elsentity - INFO - Module loaded.
2024-08-21 16:47:28,547 - elsapy.utils - INFO - Module loaded.
2024-08-21 16:47:28,548 - elsapy.elsprofile - INFO - Module loaded.
2024-08-21 16:47:28,548 - elsapy.elsdoc - INFO - Module loaded.
2024-08-21 16:47:28,549 - elsapy.elssearch - INFO - Module loaded.
2024-08-21 16:48:29,636 - elsapy.elsclient - INFO - Module loaded.
2024-08-21 16:48:29,637 - elsapy.elsentity - INFO - Module loaded.
2024-08-21 16:48:29,638 - elsapy.utils - INFO - Module loaded.
2024-08-21 16:48:29,638 - elsapy.elsprofile - INFO - Module loaded.
2024-08-21 16:48:29,639 - elsapy.elsdoc - INFO - Module loaded.
2024-08-21 16:48:29,639 - elsapy.elssearch - INFO - Module loaded.
2024-08-21 16:53:31,749 - elsapy.elsclient - INFO - Module loaded.
2024-08-21 16:53:31,750 - elsapy.elsentity - INFO - Module loaded.
2024-08-21 16:53:31,751 - elsapy.utils - INFO - Module loaded.
2024-08-21 16:53:31,751 - elsapy.elsprofile - INFO - Module loaded.
2024-08-21 16:53:31,752 - elsapy.elsdoc - INFO - Module loaded.
2024-08-21 16:53:31,753 - elsapy.elssearch - INFO - Module loaded.
2024-08-21 16:54:01,161 - elsapy.elsclient - INFO - Module loaded.
2024-08-21 16:54:01,162 - elsapy.elsentity - INFO - Module loaded.
2024-08-21 16:54:01,163 - elsapy.utils - INFO - Module loaded.
2024-08-21 16:54:01,163 - elsapy.elsprofile - INFO - Module loaded.
2024-08-21 16:54:01,164 - elsapy.elsdoc - INFO - Module loaded.
2024-08-21 16:54:01,165 - elsapy.elssearch - INFO - Module loaded.
2024-08-21 17:00:20,984 - elsapy.elsclient - INFO - Module loaded.
2024-08-21 17:00:20,985 - elsapy.elsentity - INFO - Module loaded.
2024-08-21 17:00:20,985 - elsapy.utils - INFO - Module loaded.
2024-08-21 17:00:20,986 - elsapy.elsprofile - INFO - Module loaded.
2024-08-21 17:00:20,986 - elsapy.elsdoc - INFO - Module loaded.
2024-08-21 17:00:20,987 - elsapy.elssearch - INFO - Module loaded.
2024-08-21 17:07:45,516 - elsapy.elsclient - INFO - Module loaded.
2024-08-21 17:07:45,517 - elsapy.elsentity - INFO - Module loaded.
2024-08-21 17:07:45,517 - elsapy.utils - INFO - Module loaded.
2024-08-21 17:07:45,518 - elsapy.elsprofile - INFO - Module loaded.
2024-08-21 17:07:45,518 - elsapy.elsdoc - INFO - Module loaded.
2024-08-21 17:07:45,519 - elsapy.elssearch - INFO - Module loaded.
2024-08-21 17:10:24,734 - elsapy.elsclient - INFO - Module loaded.
2024-08-21 17:10:24,735 - elsapy.elsentity - INFO - Module loaded.
2024-08-21 17:10:24,736 - elsapy.utils - INFO - Module loaded.
2024-08-21 17:10:24,736 - elsapy.elsprofile - INFO - Module loaded.
2024-08-21 17:10:24,737 - elsapy.elsdoc - INFO - Module loaded.
2024-08-21 17:10:24,738 - elsapy.elssearch - INFO - Module loaded.
2024-08-21 17:10:44,778 - elsapy.elsclient - INFO - Module loaded.
2024-08-21 17:10:44,779 - elsapy.elsentity - INFO - Module loaded.
2024-08-21 17:10:44,779 - elsapy.utils - INFO - Module loaded.
2024-08-21 17:10:44,780 - elsapy.elsprofile - INFO - Module loaded.
2024-08-21 17:10:44,780 - elsapy.elsdoc - INFO - Module loaded.
2024-08-21 17:10:44,781 - elsapy.elssearch - INFO - Module loaded.
2024-08-21 17:11:30,732 - elsapy.elsclient - INFO - Module loaded.
2024-08-21 17:11:30,733 - elsapy.elsentity - INFO - Module loaded.
2024-08-21 17:11:30,734 - elsapy.utils - INFO - Module loaded.
2024-08-21 17:11:30,734 - elsapy.elsprofile - INFO - Module loaded.
2024-08-21 17:11:30,735 - elsapy.elsdoc - INFO - Module loaded.
2024-08-21 17:11:30,736 - elsapy.elssearch - INFO - Module loaded.
2024-08-21 17:16:00,993 - elsapy.elsclient - INFO - Module loaded.
2024-08-21 17:16:00,994 - elsapy.elsentity - INFO - Module loaded.
2024-08-21 17:16:00,994 - elsapy.utils - INFO - Module loaded.
2024-08-21 17:16:00,995 - elsapy.elsprofile - INFO - Module loaded.
2024-08-21 17:16:00,995 - elsapy.elsdoc - INFO - Module loaded.
2024-08-21 17:16:00,996 - elsapy.elssearch - INFO - Module loaded.
2024-08-21 17:23:23,295 - elsapy.elsclient - INFO - Module loaded.
2024-08-21 17:23:23,296 - elsapy.elsentity - INFO - Module loaded.
2024-08-21 17:23:23,297 - elsapy.utils - INFO - Module loaded.
2024-08-21 17:23:23,297 - elsapy.elsprofile - INFO - Module loaded.
2024-08-21 17:23:23,298 - elsapy.elsdoc - INFO - Module loaded.
2024-08-21 17:23:23,299 - elsapy.elssearch - INFO - Module loaded.
2024-08-21 18:17:42,184 - elsapy.elsclient - INFO - Module loaded.
2024-08-21 18:17:42,185 - elsapy.elsentity - INFO - Module loaded.
2024-08-21 18:17:42,186 - elsapy.utils - INFO - Module loaded.
2024-08-21 18:17:42,186 - elsapy.elsprofile - INFO - Module loaded.
2024-08-21 18:17:42,187 - elsapy.elsdoc - INFO - Module loaded.
2024-08-21 18:17:42,188 - elsapy.elssearch - INFO - Module loaded.
2024-08-21 18:18:07,307 - elsapy.elsclient - INFO - Module loaded.
2024-08-21 18:18:07,308 - elsapy.elsentity - INFO - Module loaded.
2024-08-21 18:18:07,308 - elsapy.utils - INFO - Module loaded.
2024-08-21 18:18:07,309 - elsapy.elsprofile - INFO - Module loaded.
2024-08-21 18:18:07,309 - elsapy.elsdoc - INFO - Module loaded.
2024-08-21 18:18:07,310 - elsapy.elssearch - INFO - Module loaded.
2024-08-21 18:20:16,563 - elsapy.elsclient - INFO - Module loaded.
2024-08-21 18:20:16,564 - elsapy.elsentity - INFO - Module loaded.
2024-08-21 18:20:16,564 - elsapy.utils - INFO - Module loaded.
2024-08-21 18:20:16,565 - elsapy.elsprofile - INFO - Module loaded.
2024-08-21 18:20:16,565 - elsapy.elsdoc - INFO - Module loaded.
2024-08-21 18:20:16,566 - elsapy.elssearch - INFO - Module loaded.
2024-08-21 18:21:33,297 - elsapy.elsclient - INFO - Module loaded.
2024-08-21 18:21:33,298 - elsapy.elsentity - INFO - Module loaded.
2024-08-21 18:21:33,299 - elsapy.utils - INFO - Module loaded.
2024-08-21 18:21:33,299 - elsapy.elsprofile - INFO - Module loaded.
2024-08-21 18:21:33,300 - elsapy.elsdoc - INFO - Module loaded.
2024-08-21 18:21:33,301 - elsapy.elssearch - INFO - Module loaded.
2024-08-21 20:03:43,438 - elsapy.elsclient - INFO - Module loaded.
2024-08-21 20:03:43,439 - elsapy.elsentity - INFO - Module loaded.
2024-08-21 20:03:43,440 - elsapy.utils - INFO - Module loaded.
2024-08-21 20:03:43,440 - elsapy.elsprofile - INFO - Module loaded.
2024-08-21 20:03:43,441 - elsapy.elsdoc - INFO - Module loaded.
2024-08-21 20:03:43,441 - elsapy.elssearch - INFO - Module loaded.
2024-08-21 20:05:25,003 - elsapy.elsclient - INFO - Module loaded.
2024-08-21 20:05:25,005 - elsapy.elsentity - INFO - Module loaded.
2024-08-21 20:05:25,005 - elsapy.utils - INFO - Module loaded.
2024-08-21 20:05:25,006 - elsapy.elsprofile - INFO - Module loaded.
2024-08-21 20:05:25,006 - elsapy.elsdoc - INFO - Module loaded.
2024-08-21 20:05:25,007 - elsapy.elssearch - INFO - Module loaded.
2024-08-21 20:06:16,129 - elsapy.elsclient - INFO - Module loaded.
2024-08-21 20:06:16,130 - elsapy.elsentity - INFO - Module loaded.
2024-08-21 20:06:16,131 - elsapy.utils - INFO - Module loaded.
2024-08-21 20:06:16,131 - elsapy.elsprofile - INFO - Module loaded.
2024-08-21 20:06:16,132 - elsapy.elsdoc - INFO - Module loaded.
2024-08-21 20:06:16,132 - elsapy.elssearch - INFO - Module loaded.
2024-08-21 20:06:55,782 - elsapy.elsclient - INFO - Module loaded.
2024-08-21 20:06:55,783 - elsapy.elsentity - INFO - Module loaded.
2024-08-21 20:06:55,784 - elsapy.utils - INFO - Module loaded.
2024-08-21 20:06:55,784 - elsapy.elsprofile - INFO - Module loaded.
2024-08-21 20:06:55,785 - elsapy.elsdoc - INFO - Module loaded.
2024-08-21 20:06:55,786 - elsapy.elssearch - INFO - Module loaded.
2024-08-21 20:13:26,331 - elsapy.elsclient - INFO - Module loaded.
2024-08-21 20:13:26,332 - elsapy.elsentity - INFO - Module loaded.
2024-08-21 20:13:26,333 - elsapy.utils - INFO - Module loaded.
2024-08-21 20:13:26,333 - elsapy.elsprofile - INFO - Module loaded.
2024-08-21 20:13:26,334 - elsapy.elsdoc - INFO - Module loaded.
2024-08-21 20:13:26,335 - elsapy.elssearch - INFO - Module loaded.
2024-08-21 20:15:17,689 - elsapy.elsclient - INFO - Module loaded.
2024-08-21 20:15:17,690 - elsapy.elsentity - INFO - Module loaded.
2024-08-21 20:15:17,691 - elsapy.utils - INFO - Module loaded.
2024-08-21 20:15:17,691 - elsapy.elsprofile - INFO - Module loaded.
2024-08-21 20:15:17,692 - elsapy.elsdoc - INFO - Module loaded.
2024-08-21 20:15:17,693 - elsapy.elssearch - INFO - Module loaded.
2024-08-21 20:15:40,277 - elsapy.elsclient - INFO - Module loaded.
2024-08-21 20:15:40,278 - elsapy.elsentity - INFO - Module loaded.
2024-08-21 20:15:40,279 - elsapy.utils - INFO - Module loaded.
2024-08-21 20:15:40,279 - elsapy.elsprofile - INFO - Module loaded.
2024-08-21 20:15:40,280 - elsapy.elsdoc - INFO - Module loaded.
2024-08-21 20:15:40,280 - elsapy.elssearch - INFO - Module loaded.
2024-08-21 20:16:06,147 - elsapy.elsclient - INFO - Module loaded.
2024-08-21 20:16:06,148 - elsapy.elsentity - INFO - Module loaded.
2024-08-21 20:16:06,148 - elsapy.utils - INFO - Module loaded.
2024-08-21 20:16:06,149 - elsapy.elsprofile - INFO - Module loaded.
2024-08-21 20:16:06,149 - elsapy.elsdoc - INFO - Module loaded.
2024-08-21 20:16:06,150 - elsapy.elssearch - INFO - Module loaded.
2024-08-21 20:36:14,544 - elsapy.elsclient - INFO - Module loaded.
2024-08-21 20:36:14,546 - elsapy.elsentity - INFO - Module loaded.
2024-08-21 20:36:14,546 - elsapy.utils - INFO - Module loaded.
2024-08-21 20:36:14,547 - elsapy.elsprofile - INFO - Module loaded.
2024-08-21 20:36:14,547 - elsapy.elsdoc - INFO - Module loaded.
2024-08-21 20:36:14,548 - elsapy.elssearch - INFO - Module loaded.
2024-08-21 20:36:46,945 - elsapy.elsclient - INFO - Module loaded.
2024-08-21 20:36:46,946 - elsapy.elsentity - INFO - Module loaded.
2024-08-21 20:36:46,947 - elsapy.utils - INFO - Module loaded.
2024-08-21 20:36:46,947 - elsapy.elsprofile - INFO - Module loaded.
2024-08-21 20:36:46,948 - elsapy.elsdoc - INFO - Module loaded.
2024-08-21 20:36:46,948 - elsapy.elssearch - INFO - Module loaded.
2024-08-21 20:38:32,607 - elsapy.elsclient - INFO - Module loaded.
2024-08-21 20:38:32,608 - elsapy.elsentity - INFO - Module loaded.
2024-08-21 20:38:32,609 - elsapy.utils - INFO - Module loaded.
2024-08-21 20:38:32,609 - elsapy.elsprofile - INFO - Module loaded.
2024-08-21 20:38:32,610 - elsapy.elsdoc - INFO - Module loaded.
2024-08-21 20:38:32,610 - elsapy.elssearch - INFO - Module loaded.
2024-08-21 20:44:11,084 - elsapy.elsclient - INFO - Module loaded.
2024-08-21 20:44:11,085 - elsapy.elsentity - INFO - Module loaded.
2024-08-21 20:44:11,086 - elsapy.utils - INFO - Module loaded.
2024-08-21 20:44:11,086 - elsapy.elsprofile - INFO - Module loaded.
2024-08-21 20:44:11,087 - elsapy.elsdoc - INFO - Module loaded.
2024-08-21 20:44:11,087 - elsapy.elssearch - INFO - Module loaded.
2024-08-21 20:44:53,389 - elsapy.elsclient - INFO - Module loaded.
2024-08-21 20:44:53,390 - elsapy.elsentity - INFO - Module loaded.
2024-08-21 20:44:53,390 - elsapy.utils - INFO - Module loaded.
2024-08-21 20:44:53,391 - elsapy.elsprofile - INFO - Module loaded.
2024-08-21 20:44:53,391 - elsapy.elsdoc - INFO - Module loaded.
2024-08-21 20:44:53,392 - elsapy.elssearch - INFO - Module loaded.
2024-08-21 20:45:45,348 - elsapy.elsclient - INFO - Module loaded.
2024-08-21 20:45:45,349 - elsapy.elsentity - INFO - Module loaded.
2024-08-21 20:45:45,349 - elsapy.utils - INFO - Module loaded.
2024-08-21 20:45:45,350 - elsapy.elsprofile - INFO - Module loaded.
2024-08-21 20:45:45,350 - elsapy.elsdoc - INFO - Module loaded.
2024-08-21 20:45:45,351 - elsapy.elssearch - INFO - Module loaded.
2024-08-21 20:53:22,130 - elsapy.elsclient - INFO - Module loaded.
2024-08-21 20:53:22,131 - elsapy.elsentity - INFO - Module loaded.
2024-08-21 20:53:22,132 - elsapy.utils - INFO - Module loaded.
2024-08-21 20:53:22,132 - elsapy.elsprofile - INFO - Module loaded.
2024-08-21 20:53:22,133 - elsapy.elsdoc - INFO - Module loaded.
2024-08-21 20:53:22,133 - elsapy.elssearch - INFO - Module loaded.
2024-08-21 20:54:00,746 - elsapy.elsclient - INFO - Module loaded.
2024-08-21 20:54:00,747 - elsapy.elsentity - INFO - Module loaded.
2024-08-21 20:54:00,748 - elsapy.utils - INFO - Module loaded.
2024-08-21 20:54:00,748 - elsapy.elsprofile - INFO - Module loaded.
2024-08-21 20:54:00,749 - elsapy.elsdoc - INFO - Module loaded.
2024-08-21 20:54:00,750 - elsapy.elssearch - INFO - Module loaded.
2024-08-21 20:55:33,402 - elsapy.elsclient - INFO - Module loaded.
2024-08-21 20:55:33,403 - elsapy.elsentity - INFO - Module loaded.
2024-08-21 20:55:33,403 - elsapy.utils - INFO - Module loaded.
2024-08-21 20:55:33,404 - elsapy.elsprofile - INFO - Module loaded.
2024-08-21 20:55:33,404 - elsapy.elsdoc - INFO - Module loaded.
2024-08-21 20:55:33,405 - elsapy.elssearch - INFO - Module loaded.
2024-08-21 20:56:36,520 - elsapy.elsclient - INFO - Module loaded.
2024-08-21 20:56:36,521 - elsapy.elsentity - INFO - Module loaded.
2024-08-21 20:56:36,522 - elsapy.utils - INFO - Module loaded.
2024-08-21 20:56:36,522 - elsapy.elsprofile - INFO - Module loaded.
2024-08-21 20:56:36,523 - elsapy.elsdoc - INFO - Module loaded.
2024-08-21 20:56:36,523 - elsapy.elssearch - INFO - Module loaded.
2024-08-21 20:59:53,873 - elsapy.elsclient - INFO - Module loaded.
2024-08-21 20:59:53,874 - elsapy.elsentity - INFO - Module loaded.
2024-08-21 20:59:53,875 - elsapy.utils - INFO - Module loaded.
2024-08-21 20:59:53,875 - elsapy.elsprofile - INFO - Module loaded.
2024-08-21 20:59:53,876 - elsapy.elsdoc - INFO - Module loaded.
2024-08-21 20:59:53,877 - elsapy.elssearch - INFO - Module loaded.
2024-08-21 21:02:45,898 - elsapy.elsclient - INFO - Module loaded.
2024-08-21 21:02:45,899 - elsapy.elsentity - INFO - Module loaded.
2024-08-21 21:02:45,900 - elsapy.utils - INFO - Module loaded.
2024-08-21 21:02:45,900 - elsapy.elsprofile - INFO - Module loaded.
2024-08-21 21:02:45,901 - elsapy.elsdoc - INFO - Module loaded.
2024-08-21 21:02:45,901 - elsapy.elssearch - INFO - Module loaded.
2024-08-21 21:03:18,136 - elsapy.elsclient - INFO - Module loaded.
2024-08-21 21:03:18,137 - elsapy.elsentity - INFO - Module loaded.
2024-08-21 21:03:18,138 - elsapy.utils - INFO - Module loaded.
2024-08-21 21:03:18,138 - elsapy.elsprofile - INFO - Module loaded.
2024-08-21 21:03:18,138 - elsapy.elsdoc - INFO - Module loaded.
2024-08-21 21:03:18,139 - elsapy.elssearch - INFO - Module loaded.
2024-08-21 21:04:14,954 - elsapy.elsclient - INFO - Module loaded.
2024-08-21 21:04:14,955 - elsapy.elsentity - INFO - Module loaded.
2024-08-21 21:04:14,956 - elsapy.utils - INFO - Module loaded.
2024-08-21 21:04:14,956 - elsapy.elsprofile - INFO - Module loaded.
2024-08-21 21:04:14,957 - elsapy.elsdoc - INFO - Module loaded.
2024-08-21 21:04:14,958 - elsapy.elssearch - INFO - Module loaded.
2024-08-21 21:04:40,002 - elsapy.elsclient - INFO - Module loaded.
2024-08-21 21:04:40,003 - elsapy.elsentity - INFO - Module loaded.
2024-08-21 21:04:40,004 - elsapy.utils - INFO - Module loaded.
2024-08-21 21:04:40,004 - elsapy.elsprofile - INFO - Module loaded.
2024-08-21 21:04:40,005 - elsapy.elsdoc - INFO - Module loaded.
2024-08-21 21:04:40,005 - elsapy.elssearch - INFO - Module loaded.
2024-08-21 21:05:13,030 - elsapy.elsclient - INFO - Module loaded.
2024-08-21 21:05:13,031 - elsapy.elsentity - INFO - Module loaded.
2024-08-21 21:05:13,032 - elsapy.utils - INFO - Module loaded.
2024-08-21 21:05:13,032 - elsapy.elsprofile - INFO - Module loaded.
2024-08-21 21:05:13,033 - elsapy.elsdoc - INFO - Module loaded.
2024-08-21 21:05:13,034 - elsapy.elssearch - INFO - Module loaded.
2024-08-21 21:09:55,112 - elsapy.elsclient - INFO - Module loaded.
2024-08-21 21:09:55,114 - elsapy.elsentity - INFO - Module loaded.
2024-08-21 21:09:55,114 - elsapy.utils - INFO - Module loaded.
2024-08-21 21:09:55,114 - elsapy.elsprofile - INFO - Module loaded.
2024-08-21 21:09:55,115 - elsapy.elsdoc - INFO - Module loaded.
2024-08-21 21:09:55,116 - elsapy.elssearch - INFO - Module loaded.
2024-08-21 21:10:30,987 - elsapy.elsclient - INFO - Module loaded.
2024-08-21 21:10:30,988 - elsapy.elsentity - INFO - Module loaded.
2024-08-21 21:10:30,989 - elsapy.utils - INFO - Module loaded.
2024-08-21 21:10:30,989 - elsapy.elsprofile - INFO - Module loaded.
2024-08-21 21:10:30,990 - elsapy.elsdoc - INFO - Module loaded.
2024-08-21 21:10:30,990 - elsapy.elssearch - INFO - Module loaded.
2024-08-21 21:11:12,089 - elsapy.elsclient - INFO - Module loaded.
2024-08-21 21:11:12,090 - elsapy.elsentity - INFO - Module loaded.
2024-08-21 21:11:12,091 - elsapy.utils - INFO - Module loaded.
2024-08-21 21:11:12,091 - elsapy.elsprofile - INFO - Module loaded.
2024-08-21 21:11:12,092 - elsapy.elsdoc - INFO - Module loaded.
2024-08-21 21:11:12,092 - elsapy.elssearch - INFO - Module loaded.
2024-08-21 21:20:10,230 - elsapy.elsclient - INFO - Module loaded.
2024-08-21 21:20:10,231 - elsapy.elsentity - INFO - Module loaded.
2024-08-21 21:20:10,231 - elsapy.utils - INFO - Module loaded.
2024-08-21 21:20:10,232 - elsapy.elsprofile - INFO - Module loaded.
2024-08-21 21:20:10,233 - elsapy.elsdoc - INFO - Module loaded.
2024-08-21 21:20:10,233 - elsapy.elssearch - INFO - Module loaded.
2024-08-21 21:23:26,162 - elsapy.elsclient - INFO - Module loaded.
2024-08-21 21:23:26,163 - elsapy.elsentity - INFO - Module loaded.
2024-08-21 21:23:26,164 - elsapy.utils - INFO - Module loaded.
2024-08-21 21:23:26,164 - elsapy.elsprofile - INFO - Module loaded.
2024-08-21 21:23:26,165 - elsapy.elsdoc - INFO - Module loaded.
2024-08-21 21:23:26,165 - elsapy.elssearch - INFO - Module loaded.
2024-08-21 21:24:04,435 - elsapy.elsclient - INFO - Module loaded.
2024-08-21 21:24:04,436 - elsapy.elsentity - INFO - Module loaded.
2024-08-21 21:24:04,436 - elsapy.utils - INFO - Module loaded.
2024-08-21 21:24:04,437 - elsapy.elsprofile - INFO - Module loaded.
2024-08-21 21:24:04,437 - elsapy.elsdoc - INFO - Module loaded.
2024-08-21 21:24:04,438 - elsapy.elssearch - INFO - Module loaded.
2024-08-21 21:27:13,826 - elsapy.elsclient - INFO - Module loaded.
2024-08-21 21:27:13,827 - elsapy.elsentity - INFO - Module loaded.
2024-08-21 21:27:13,828 - elsapy.utils - INFO - Module loaded.
2024-08-21 21:27:13,828 - elsapy.elsprofile - INFO - Module loaded.
2024-08-21 21:27:13,829 - elsapy.elsdoc - INFO - Module loaded.
2024-08-21 21:27:13,829 - elsapy.elssearch - INFO - Module loaded.
2024-08-21 21:29:13,824 - elsapy.elsclient - INFO - Module loaded.
2024-08-21 21:29:13,826 - elsapy.elsentity - INFO - Module loaded.
2024-08-21 21:29:13,826 - elsapy.utils - INFO - Module loaded.
2024-08-21 21:29:13,826 - elsapy.elsprofile - INFO - Module loaded.
2024-08-21 21:29:13,827 - elsapy.elsdoc - INFO - Module loaded.
2024-08-21 21:29:13,828 - elsapy.elssearch - INFO - Module loaded.
2024-08-21 22:35:26,313 - elsapy.elsclient - INFO - Module loaded.
2024-08-21 22:35:26,315 - elsapy.elsentity - INFO - Module loaded.
2024-08-21 22:35:26,315 - elsapy.utils - INFO - Module loaded.
2024-08-21 22:35:26,316 - elsapy.elsprofile - INFO - Module loaded.
2024-08-21 22:35:26,316 - elsapy.elsdoc - INFO - Module loaded.
2024-08-21 22:35:26,317 - elsapy.elssearch - INFO - Module loaded.
2024-08-21 22:41:47,893 - elsapy.elsclient - INFO - Module loaded.
2024-08-21 22:41:47,895 - elsapy.elsentity - INFO - Module loaded.
2024-08-21 22:41:47,895 - elsapy.utils - INFO - Module loaded.
2024-08-21 22:41:47,895 - elsapy.elsprofile - INFO - Module loaded.
2024-08-21 22:41:47,896 - elsapy.elsdoc - INFO - Module loaded.
2024-08-21 22:41:47,897 - elsapy.elssearch - INFO - Module loaded.
2024-08-21 22:42:56,607 - elsapy.elsclient - INFO - Module loaded.
2024-08-21 22:42:56,608 - elsapy.elsentity - INFO - Module loaded.
2024-08-21 22:42:56,609 - elsapy.utils - INFO - Module loaded.
2024-08-21 22:42:56,609 - elsapy.elsprofile - INFO - Module loaded.
2024-08-21 22:42:56,610 - elsapy.elsdoc - INFO - Module loaded.
2024-08-21 22:42:56,611 - elsapy.elssearch - INFO - Module loaded.
2024-08-21 22:44:44,427 - elsapy.elsclient - INFO - Module loaded.
2024-08-21 22:44:44,428 - elsapy.elsentity - INFO - Module loaded.
2024-08-21 22:44:44,429 - elsapy.utils - INFO - Module loaded.
2024-08-21 22:44:44,429 - elsapy.elsprofile - INFO - Module loaded.
2024-08-21 22:44:44,430 - elsapy.elsdoc - INFO - Module loaded.
2024-08-21 22:44:44,431 - elsapy.elssearch - INFO - Module loaded.
2024-08-21 22:47:47,942 - elsapy.elsclient - INFO - Module loaded.
2024-08-21 22:47:47,943 - elsapy.elsentity - INFO - Module loaded.
2024-08-21 22:47:47,943 - elsapy.utils - INFO - Module loaded.
2024-08-21 22:47:47,944 - elsapy.elsprofile - INFO - Module loaded.
2024-08-21 22:47:47,944 - elsapy.elsdoc - INFO - Module loaded.
2024-08-21 22:47:47,945 - elsapy.elssearch - INFO - Module loaded.
2024-08-21 22:52:20,264 - elsapy.elsclient - INFO - Module loaded.
2024-08-21 22:52:20,265 - elsapy.elsentity - INFO - Module loaded.
2024-08-21 22:52:20,265 - elsapy.utils - INFO - Module loaded.
2024-08-21 22:52:20,266 - elsapy.elsprofile - INFO - Module loaded.
2024-08-21 22:52:20,266 - elsapy.elsdoc - INFO - Module loaded.
2024-08-21 22:52:20,267 - elsapy.elssearch - INFO - Module loaded.
2024-08-21 22:52:37,257 - elsapy.elsclient - INFO - Module loaded.
2024-08-21 22:52:37,258 - elsapy.elsentity - INFO - Module loaded.
2024-08-21 22:52:37,259 - elsapy.utils - INFO - Module loaded.
2024-08-21 22:52:37,259 - elsapy.elsprofile - INFO - Module loaded.
2024-08-21 22:52:37,259 - elsapy.elsdoc - INFO - Module loaded.
2024-08-21 22:52:37,260 - elsapy.elssearch - INFO - Module loaded.
2024-08-21 22:57:02,781 - elsapy.elsclient - INFO - Module loaded.
2024-08-21 22:57:02,782 - elsapy.elsentity - INFO - Module loaded.
2024-08-21 22:57:02,782 - elsapy.utils - INFO - Module loaded.
2024-08-21 22:57:02,783 - elsapy.elsprofile - INFO - Module loaded.
2024-08-21 22:57:02,783 - elsapy.elsdoc - INFO - Module loaded.
2024-08-21 22:57:02,784 - elsapy.elssearch - INFO - Module loaded.
2024-08-21 22:58:24,259 - elsapy.elsclient - INFO - Module loaded.
2024-08-21 22:58:24,260 - elsapy.elsentity - INFO - Module loaded.
2024-08-21 22:58:24,261 - elsapy.utils - INFO - Module loaded.
2024-08-21 22:58:24,261 - elsapy.elsprofile - INFO - Module loaded.
2024-08-21 22:58:24,262 - elsapy.elsdoc - INFO - Module loaded.
2024-08-21 22:58:24,262 - elsapy.elssearch - INFO - Module loaded.
2024-08-21 23:06:47,357 - elsapy.elsclient - INFO - Module loaded.
2024-08-21 23:06:47,358 - elsapy.elsentity - INFO - Module loaded.
2024-08-21 23:06:47,359 - elsapy.utils - INFO - Module loaded.
2024-08-21 23:06:47,359 - elsapy.elsprofile - INFO - Module loaded.
2024-08-21 23:06:47,360 - elsapy.elsdoc - INFO - Module loaded.
2024-08-21 23:06:47,360 - elsapy.elssearch - INFO - Module loaded.
2024-08-21 23:11:51,523 - elsapy.elsclient - INFO - Module loaded.
2024-08-21 23:11:51,525 - elsapy.elsentity - INFO - Module loaded.
2024-08-21 23:11:51,525 - elsapy.utils - INFO - Module loaded.
2024-08-21 23:11:51,526 - elsapy.elsprofile - INFO - Module loaded.
2024-08-21 23:11:51,526 - elsapy.elsdoc - INFO - Module loaded.
2024-08-21 23:11:51,527 - elsapy.elssearch - INFO - Module loaded.
2024-08-21 23:12:51,762 - elsapy.elsclient - INFO - Module loaded.
2024-08-21 23:12:51,763 - elsapy.elsentity - INFO - Module loaded.
2024-08-21 23:12:51,764 - elsapy.utils - INFO - Module loaded.
2024-08-21 23:12:51,764 - elsapy.elsprofile - INFO - Module loaded.
2024-08-21 23:12:51,765 - elsapy.elsdoc - INFO - Module loaded.
2024-08-21 23:12:51,765 - elsapy.elssearch - INFO - Module loaded.
2024-08-21 23:13:11,621 - elsapy.elsclient - INFO - Module loaded.
2024-08-21 23:13:11,622 - elsapy.elsentity - INFO - Module loaded.
2024-08-21 23:13:11,623 - elsapy.utils - INFO - Module loaded.
2024-08-21 23:13:11,623 - elsapy.elsprofile - INFO - Module loaded.
2024-08-21 23:13:11,624 - elsapy.elsdoc - INFO - Module loaded.
2024-08-21 23:13:11,625 - elsapy.elssearch - INFO - Module loaded.
2024-08-21 23:13:43,241 - elsapy.elsclient - INFO - Module loaded.
2024-08-21 23:13:43,242 - elsapy.elsentity - INFO - Module loaded.
2024-08-21 23:13:43,243 - elsapy.utils - INFO - Module loaded.
2024-08-21 23:13:43,243 - elsapy.elsprofile - INFO - Module loaded.
2024-08-21 23:13:43,244 - elsapy.elsdoc - INFO - Module loaded.
2024-08-21 23:13:43,244 - elsapy.elssearch - INFO - Module loaded.
2024-08-21 23:14:08,759 - elsapy.elsclient - INFO - Module loaded.
2024-08-21 23:14:08,760 - elsapy.elsentity - INFO - Module loaded.
2024-08-21 23:14:08,761 - elsapy.utils - INFO - Module loaded.
2024-08-21 23:14:08,761 - elsapy.elsprofile - INFO - Module loaded.
2024-08-21 23:14:08,762 - elsapy.elsdoc - INFO - Module loaded.
2024-08-21 23:14:08,762 - elsapy.elssearch - INFO - Module loaded.
2024-08-21 23:15:17,884 - elsapy.elsclient - INFO - Module loaded.
2024-08-21 23:15:17,885 - elsapy.elsentity - INFO - Module loaded.
2024-08-21 23:15:17,886 - elsapy.utils - INFO - Module loaded.
2024-08-21 23:15:17,886 - elsapy.elsprofile - INFO - Module loaded.
2024-08-21 23:15:17,887 - elsapy.elsdoc - INFO - Module loaded.
2024-08-21 23:15:17,888 - elsapy.elssearch - INFO - Module loaded.
2024-08-21 23:15:40,112 - elsapy.elsclient - INFO - Module loaded.
2024-08-21 23:15:40,113 - elsapy.elsentity - INFO - Module loaded.
2024-08-21 23:15:40,113 - elsapy.utils - INFO - Module loaded.
2024-08-21 23:15:40,114 - elsapy.elsprofile - INFO - Module loaded.
2024-08-21 23:15:40,114 - elsapy.elsdoc - INFO - Module loaded.
2024-08-21 23:15:40,115 - elsapy.elssearch - INFO - Module loaded.
2024-08-21 23:25:30,273 - elsapy.elsclient - INFO - Module loaded.
2024-08-21 23:25:30,274 - elsapy.elsentity - INFO - Module loaded.
2024-08-21 23:25:30,274 - elsapy.utils - INFO - Module loaded.
2024-08-21 23:25:30,275 - elsapy.elsprofile - INFO - Module loaded.
2024-08-21 23:25:30,275 - elsapy.elsdoc - INFO - Module loaded.
2024-08-21 23:25:30,276 - elsapy.elssearch - INFO - Module loaded.
2024-08-21 23:26:22,840 - elsapy.elsclient - INFO - Module loaded.
2024-08-21 23:26:22,841 - elsapy.elsentity - INFO - Module loaded.
2024-08-21 23:26:22,842 - elsapy.utils - INFO - Module loaded.
2024-08-21 23:26:22,842 - elsapy.elsprofile - INFO - Module loaded.
2024-08-21 23:26:22,843 - elsapy.elsdoc - INFO - Module loaded.
2024-08-21 23:26:22,844 - elsapy.elssearch - INFO - Module loaded.
2024-08-21 23:29:26,162 - elsapy.elsclient - INFO - Module loaded.
2024-08-21 23:29:26,163 - elsapy.elsentity - INFO - Module loaded.
2024-08-21 23:29:26,164 - elsapy.utils - INFO - Module loaded.
2024-08-21 23:29:26,164 - elsapy.elsprofile - INFO - Module loaded.
2024-08-21 23:29:26,165 - elsapy.elsdoc - INFO - Module loaded.
2024-08-21 23:29:26,165 - elsapy.elssearch - INFO - Module loaded.
2024-08-21 23:31:48,589 - elsapy.elsclient - INFO - Module loaded.
2024-08-21 23:31:48,590 - elsapy.elsentity - INFO - Module loaded.
2024-08-21 23:31:48,591 - elsapy.utils - INFO - Module loaded.
2024-08-21 23:31:48,591 - elsapy.elsprofile - INFO - Module loaded.
2024-08-21 23:31:48,592 - elsapy.elsdoc - INFO - Module loaded.
2024-08-21 23:31:48,592 - elsapy.elssearch - INFO - Module loaded.
2024-08-21 23:32:25,027 - elsapy.elsclient - INFO - Module loaded.
2024-08-21 23:32:25,028 - elsapy.elsentity - INFO - Module loaded.
2024-08-21 23:32:25,029 - elsapy.utils - INFO - Module loaded.
2024-08-21 23:32:25,029 - elsapy.elsprofile - INFO - Module loaded.
2024-08-21 23:32:25,030 - elsapy.elsdoc - INFO - Module loaded.
2024-08-21 23:32:25,030 - elsapy.elssearch - INFO - Module loaded.
2024-08-21 23:33:35,144 - elsapy.elsclient - INFO - Module loaded.
2024-08-21 23:33:35,145 - elsapy.elsentity - INFO - Module loaded.
2024-08-21 23:33:35,146 - elsapy.utils - INFO - Module loaded.
2024-08-21 23:33:35,146 - elsapy.elsprofile - INFO - Module loaded.
2024-08-21 23:33:35,147 - elsapy.elsdoc - INFO - Module loaded.
2024-08-21 23:33:35,148 - elsapy.elssearch - INFO - Module loaded.
2024-08-21 23:38:53,836 - elsapy.elsclient - INFO - Module loaded.
2024-08-21 23:38:53,837 - elsapy.elsentity - INFO - Module loaded.
2024-08-21 23:38:53,838 - elsapy.utils - INFO - Module loaded.
2024-08-21 23:38:53,838 - elsapy.elsprofile - INFO - Module loaded.
2024-08-21 23:38:53,839 - elsapy.elsdoc - INFO - Module loaded.
2024-08-21 23:38:53,840 - elsapy.elssearch - INFO - Module loaded.
2024-08-21 23:43:22,333 - elsapy.elsclient - INFO - Module loaded.
2024-08-21 23:43:22,334 - elsapy.elsentity - INFO - Module loaded.
2024-08-21 23:43:22,335 - elsapy.utils - INFO - Module loaded.
2024-08-21 23:43:22,335 - elsapy.elsprofile - INFO - Module loaded.
2024-08-21 23:43:22,336 - elsapy.elsdoc - INFO - Module loaded.
2024-08-21 23:43:22,337 - elsapy.elssearch - INFO - Module loaded.
2024-08-21 23:47:01,368 - elsapy.elsclient - INFO - Module loaded.
2024-08-21 23:47:01,369 - elsapy.elsentity - INFO - Module loaded.
2024-08-21 23:47:01,370 - elsapy.utils - INFO - Module loaded.
2024-08-21 23:47:01,370 - elsapy.elsprofile - INFO - Module loaded.
2024-08-21 23:47:01,371 - elsapy.elsdoc - INFO - Module loaded.
2024-08-21 23:47:01,371 - elsapy.elssearch - INFO - Module loaded.
2024-08-21 23:49:14,928 - elsapy.elsclient - INFO - Module loaded.
2024-08-21 23:49:14,929 - elsapy.elsentity - INFO - Module loaded.
2024-08-21 23:49:14,930 - elsapy.utils - INFO - Module loaded.
2024-08-21 23:49:14,930 - elsapy.elsprofile - INFO - Module loaded.
2024-08-21 23:49:14,931 - elsapy.elsdoc - INFO - Module loaded.
2024-08-21 23:49:14,931 - elsapy.elssearch - INFO - Module loaded.
