2024-07-27 07:41:38,096 - elsapy.elsclient - INFO - Module loaded.
2024-07-27 07:41:38,097 - elsapy.elsentity - INFO - Module loaded.
2024-07-27 07:41:38,098 - elsapy.utils - INFO - Module loaded.
2024-07-27 07:41:38,098 - elsapy.elsprofile - INFO - Module loaded.
2024-07-27 07:41:38,099 - elsapy.elsdoc - INFO - Module loaded.
2024-07-27 07:41:38,100 - elsapy.elssearch - INFO - Module loaded.
2024-07-27 07:43:58,155 - elsapy.elsclient - INFO - Module loaded.
2024-07-27 07:43:58,156 - elsapy.elsentity - INFO - Module loaded.
2024-07-27 07:43:58,157 - elsapy.utils - INFO - Module loaded.
2024-07-27 07:43:58,157 - elsapy.elsprofile - INFO - Module loaded.
2024-07-27 07:43:58,158 - elsapy.elsdoc - INFO - Module loaded.
2024-07-27 07:43:58,160 - elsapy.elssearch - INFO - Module loaded.
2024-07-27 07:48:53,573 - elsapy.elsclient - INFO - Module loaded.
2024-07-27 07:48:53,574 - elsapy.elsentity - INFO - Module loaded.
2024-07-27 07:48:53,575 - elsapy.utils - INFO - Module loaded.
2024-07-27 07:48:53,575 - elsapy.elsprofile - INFO - Module loaded.
2024-07-27 07:48:53,576 - elsapy.elsdoc - INFO - Module loaded.
2024-07-27 07:48:53,576 - elsapy.elssearch - INFO - Module loaded.
2024-07-27 08:07:34,502 - elsapy.elsclient - INFO - Module loaded.
2024-07-27 08:07:34,503 - elsapy.elsentity - INFO - Module loaded.
2024-07-27 08:07:34,504 - elsapy.utils - INFO - Module loaded.
2024-07-27 08:07:34,505 - elsapy.elsprofile - INFO - Module loaded.
2024-07-27 08:07:34,505 - elsapy.elsdoc - INFO - Module loaded.
2024-07-27 08:07:34,506 - elsapy.elssearch - INFO - Module loaded.
2024-07-27 08:07:42,045 - elsapy.elsclient - INFO - Module loaded.
2024-07-27 08:07:42,046 - elsapy.elsentity - INFO - Module loaded.
2024-07-27 08:07:42,047 - elsapy.utils - INFO - Module loaded.
2024-07-27 08:07:42,047 - elsapy.elsprofile - INFO - Module loaded.
2024-07-27 08:07:42,048 - elsapy.elsdoc - INFO - Module loaded.
2024-07-27 08:07:42,048 - elsapy.elssearch - INFO - Module loaded.
2024-07-27 08:09:08,285 - elsapy.elsclient - INFO - Module loaded.
2024-07-27 08:09:08,287 - elsapy.elsentity - INFO - Module loaded.
2024-07-27 08:09:08,287 - elsapy.utils - INFO - Module loaded.
2024-07-27 08:09:08,288 - elsapy.elsprofile - INFO - Module loaded.
2024-07-27 08:09:08,288 - elsapy.elsdoc - INFO - Module loaded.
2024-07-27 08:09:08,289 - elsapy.elssearch - INFO - Module loaded.
2024-07-27 08:16:58,679 - elsapy.elsclient - INFO - Module loaded.
2024-07-27 08:16:58,680 - elsapy.elsentity - INFO - Module loaded.
2024-07-27 08:16:58,681 - elsapy.utils - INFO - Module loaded.
2024-07-27 08:16:58,681 - elsapy.elsprofile - INFO - Module loaded.
2024-07-27 08:16:58,682 - elsapy.elsdoc - INFO - Module loaded.
2024-07-27 08:16:58,683 - elsapy.elssearch - INFO - Module loaded.
2024-07-27 08:17:29,571 - elsapy.elsclient - INFO - Module loaded.
2024-07-27 08:17:29,572 - elsapy.elsentity - INFO - Module loaded.
2024-07-27 08:17:29,573 - elsapy.utils - INFO - Module loaded.
2024-07-27 08:17:29,573 - elsapy.elsprofile - INFO - Module loaded.
2024-07-27 08:17:29,574 - elsapy.elsdoc - INFO - Module loaded.
2024-07-27 08:17:29,575 - elsapy.elssearch - INFO - Module loaded.
2024-07-27 08:31:06,533 - elsapy.elsclient - INFO - Module loaded.
2024-07-27 08:31:06,534 - elsapy.elsentity - INFO - Module loaded.
2024-07-27 08:31:06,535 - elsapy.utils - INFO - Module loaded.
2024-07-27 08:31:06,535 - elsapy.elsprofile - INFO - Module loaded.
2024-07-27 08:31:06,536 - elsapy.elsdoc - INFO - Module loaded.
2024-07-27 08:31:06,537 - elsapy.elssearch - INFO - Module loaded.
2024-07-27 08:34:31,197 - elsapy.elsclient - INFO - Module loaded.
2024-07-27 08:34:31,198 - elsapy.elsentity - INFO - Module loaded.
2024-07-27 08:34:31,198 - elsapy.utils - INFO - Module loaded.
2024-07-27 08:34:31,199 - elsapy.elsprofile - INFO - Module loaded.
2024-07-27 08:34:31,199 - elsapy.elsdoc - INFO - Module loaded.
2024-07-27 08:34:31,200 - elsapy.elssearch - INFO - Module loaded.
2024-07-27 08:38:21,290 - elsapy.elsclient - INFO - Module loaded.
2024-07-27 08:38:21,291 - elsapy.elsentity - INFO - Module loaded.
2024-07-27 08:38:21,292 - elsapy.utils - INFO - Module loaded.
2024-07-27 08:38:21,292 - elsapy.elsprofile - INFO - Module loaded.
2024-07-27 08:38:21,293 - elsapy.elsdoc - INFO - Module loaded.
2024-07-27 08:38:21,293 - elsapy.elssearch - INFO - Module loaded.
2024-07-27 10:57:34,008 - elsapy.elsclient - INFO - Module loaded.
2024-07-27 10:57:34,009 - elsapy.elsentity - INFO - Module loaded.
2024-07-27 10:57:34,010 - elsapy.utils - INFO - Module loaded.
2024-07-27 10:57:34,010 - elsapy.elsprofile - INFO - Module loaded.
2024-07-27 10:57:34,011 - elsapy.elsdoc - INFO - Module loaded.
2024-07-27 10:57:34,011 - elsapy.elssearch - INFO - Module loaded.
2024-07-27 11:58:10,978 - elsapy.elsclient - INFO - Module loaded.
2024-07-27 11:58:10,979 - elsapy.elsentity - INFO - Module loaded.
2024-07-27 11:58:10,979 - elsapy.utils - INFO - Module loaded.
2024-07-27 11:58:10,980 - elsapy.elsprofile - INFO - Module loaded.
2024-07-27 11:58:10,980 - elsapy.elsdoc - INFO - Module loaded.
2024-07-27 11:58:10,981 - elsapy.elssearch - INFO - Module loaded.
2024-07-27 12:01:12,958 - elsapy.elsclient - INFO - Module loaded.
2024-07-27 12:01:12,959 - elsapy.elsentity - INFO - Module loaded.
2024-07-27 12:01:12,960 - elsapy.utils - INFO - Module loaded.
2024-07-27 12:01:12,960 - elsapy.elsprofile - INFO - Module loaded.
2024-07-27 12:01:12,961 - elsapy.elsdoc - INFO - Module loaded.
2024-07-27 12:01:12,962 - elsapy.elssearch - INFO - Module loaded.
2024-07-27 12:05:07,342 - elsapy.elsclient - INFO - Module loaded.
2024-07-27 12:05:07,343 - elsapy.elsentity - INFO - Module loaded.
2024-07-27 12:05:07,343 - elsapy.utils - INFO - Module loaded.
2024-07-27 12:05:07,344 - elsapy.elsprofile - INFO - Module loaded.
2024-07-27 12:05:07,344 - elsapy.elsdoc - INFO - Module loaded.
2024-07-27 12:05:07,345 - elsapy.elssearch - INFO - Module loaded.
2024-07-27 13:07:20,952 - elsapy.elsclient - INFO - Module loaded.
2024-07-27 13:07:20,953 - elsapy.elsentity - INFO - Module loaded.
2024-07-27 13:07:20,954 - elsapy.utils - INFO - Module loaded.
2024-07-27 13:07:20,954 - elsapy.elsprofile - INFO - Module loaded.
2024-07-27 13:07:20,955 - elsapy.elsdoc - INFO - Module loaded.
2024-07-27 13:07:20,955 - elsapy.elssearch - INFO - Module loaded.
2024-07-27 13:09:33,043 - elsapy.elsclient - INFO - Module loaded.
2024-07-27 13:09:33,044 - elsapy.elsentity - INFO - Module loaded.
2024-07-27 13:09:33,045 - elsapy.utils - INFO - Module loaded.
2024-07-27 13:09:33,045 - elsapy.elsprofile - INFO - Module loaded.
2024-07-27 13:09:33,046 - elsapy.elsdoc - INFO - Module loaded.
2024-07-27 13:09:33,047 - elsapy.elssearch - INFO - Module loaded.
2024-07-27 13:18:24,386 - elsapy.elsclient - INFO - Module loaded.
2024-07-27 13:18:24,387 - elsapy.elsentity - INFO - Module loaded.
2024-07-27 13:18:24,388 - elsapy.utils - INFO - Module loaded.
2024-07-27 13:18:24,388 - elsapy.elsprofile - INFO - Module loaded.
2024-07-27 13:18:24,389 - elsapy.elsdoc - INFO - Module loaded.
2024-07-27 13:18:24,389 - elsapy.elssearch - INFO - Module loaded.
2024-07-27 13:24:37,061 - elsapy.elsclient - INFO - Module loaded.
2024-07-27 13:24:37,062 - elsapy.elsentity - INFO - Module loaded.
2024-07-27 13:24:37,063 - elsapy.utils - INFO - Module loaded.
2024-07-27 13:24:37,063 - elsapy.elsprofile - INFO - Module loaded.
2024-07-27 13:24:37,064 - elsapy.elsdoc - INFO - Module loaded.
2024-07-27 13:24:37,065 - elsapy.elssearch - INFO - Module loaded.
2024-07-27 13:26:18,748 - elsapy.elsclient - INFO - Module loaded.
2024-07-27 13:26:18,749 - elsapy.elsentity - INFO - Module loaded.
2024-07-27 13:26:18,749 - elsapy.utils - INFO - Module loaded.
2024-07-27 13:26:18,750 - elsapy.elsprofile - INFO - Module loaded.
2024-07-27 13:26:18,750 - elsapy.elsdoc - INFO - Module loaded.
2024-07-27 13:26:18,751 - elsapy.elssearch - INFO - Module loaded.
2024-07-27 13:27:05,617 - elsapy.elsclient - INFO - Module loaded.
2024-07-27 13:27:05,618 - elsapy.elsentity - INFO - Module loaded.
2024-07-27 13:27:05,619 - elsapy.utils - INFO - Module loaded.
2024-07-27 13:27:05,619 - elsapy.elsprofile - INFO - Module loaded.
2024-07-27 13:27:05,620 - elsapy.elsdoc - INFO - Module loaded.
2024-07-27 13:27:05,621 - elsapy.elssearch - INFO - Module loaded.
2024-07-27 13:31:24,611 - elsapy.elsclient - INFO - Module loaded.
2024-07-27 13:31:24,612 - elsapy.elsentity - INFO - Module loaded.
2024-07-27 13:31:24,612 - elsapy.utils - INFO - Module loaded.
2024-07-27 13:31:24,613 - elsapy.elsprofile - INFO - Module loaded.
2024-07-27 13:31:24,613 - elsapy.elsdoc - INFO - Module loaded.
2024-07-27 13:31:24,614 - elsapy.elssearch - INFO - Module loaded.
2024-07-27 13:32:19,234 - elsapy.elsclient - INFO - Module loaded.
2024-07-27 13:32:19,235 - elsapy.elsentity - INFO - Module loaded.
2024-07-27 13:32:19,236 - elsapy.utils - INFO - Module loaded.
2024-07-27 13:32:19,236 - elsapy.elsprofile - INFO - Module loaded.
2024-07-27 13:32:19,237 - elsapy.elsdoc - INFO - Module loaded.
2024-07-27 13:32:19,237 - elsapy.elssearch - INFO - Module loaded.
2024-07-27 13:32:57,717 - elsapy.elsclient - INFO - Module loaded.
2024-07-27 13:32:57,718 - elsapy.elsentity - INFO - Module loaded.
2024-07-27 13:32:57,719 - elsapy.utils - INFO - Module loaded.
2024-07-27 13:32:57,719 - elsapy.elsprofile - INFO - Module loaded.
2024-07-27 13:32:57,720 - elsapy.elsdoc - INFO - Module loaded.
2024-07-27 13:32:57,720 - elsapy.elssearch - INFO - Module loaded.
2024-07-27 13:33:42,810 - elsapy.elsclient - INFO - Module loaded.
2024-07-27 13:33:42,811 - elsapy.elsentity - INFO - Module loaded.
2024-07-27 13:33:42,812 - elsapy.utils - INFO - Module loaded.
2024-07-27 13:33:42,812 - elsapy.elsprofile - INFO - Module loaded.
2024-07-27 13:33:42,813 - elsapy.elsdoc - INFO - Module loaded.
2024-07-27 13:33:42,814 - elsapy.elssearch - INFO - Module loaded.
2024-07-27 13:34:28,022 - elsapy.elsclient - INFO - Module loaded.
2024-07-27 13:34:28,023 - elsapy.elsentity - INFO - Module loaded.
2024-07-27 13:34:28,024 - elsapy.utils - INFO - Module loaded.
2024-07-27 13:34:28,024 - elsapy.elsprofile - INFO - Module loaded.
2024-07-27 13:34:28,025 - elsapy.elsdoc - INFO - Module loaded.
2024-07-27 13:34:28,026 - elsapy.elssearch - INFO - Module loaded.
2024-07-27 13:36:09,497 - elsapy.elsclient - INFO - Module loaded.
2024-07-27 13:36:09,498 - elsapy.elsentity - INFO - Module loaded.
2024-07-27 13:36:09,498 - elsapy.utils - INFO - Module loaded.
2024-07-27 13:36:09,499 - elsapy.elsprofile - INFO - Module loaded.
2024-07-27 13:36:09,499 - elsapy.elsdoc - INFO - Module loaded.
2024-07-27 13:36:09,500 - elsapy.elssearch - INFO - Module loaded.
2024-07-27 13:41:11,202 - elsapy.elsclient - INFO - Module loaded.
2024-07-27 13:41:11,203 - elsapy.elsentity - INFO - Module loaded.
2024-07-27 13:41:11,204 - elsapy.utils - INFO - Module loaded.
2024-07-27 13:41:11,204 - elsapy.elsprofile - INFO - Module loaded.
2024-07-27 13:41:11,205 - elsapy.elsdoc - INFO - Module loaded.
2024-07-27 13:41:11,206 - elsapy.elssearch - INFO - Module loaded.
2024-07-27 13:42:08,950 - elsapy.elsclient - INFO - Module loaded.
2024-07-27 13:42:08,951 - elsapy.elsentity - INFO - Module loaded.
2024-07-27 13:42:08,952 - elsapy.utils - INFO - Module loaded.
2024-07-27 13:42:08,952 - elsapy.elsprofile - INFO - Module loaded.
2024-07-27 13:42:08,953 - elsapy.elsdoc - INFO - Module loaded.
2024-07-27 13:42:08,953 - elsapy.elssearch - INFO - Module loaded.
2024-07-27 13:44:05,541 - elsapy.elsclient - INFO - Module loaded.
2024-07-27 13:44:05,542 - elsapy.elsentity - INFO - Module loaded.
2024-07-27 13:44:05,542 - elsapy.utils - INFO - Module loaded.
2024-07-27 13:44:05,543 - elsapy.elsprofile - INFO - Module loaded.
2024-07-27 13:44:05,543 - elsapy.elsdoc - INFO - Module loaded.
2024-07-27 13:44:05,544 - elsapy.elssearch - INFO - Module loaded.
2024-07-27 13:50:46,466 - elsapy.elsclient - INFO - Module loaded.
2024-07-27 13:50:46,467 - elsapy.elsentity - INFO - Module loaded.
2024-07-27 13:50:46,467 - elsapy.utils - INFO - Module loaded.
2024-07-27 13:50:46,468 - elsapy.elsprofile - INFO - Module loaded.
2024-07-27 13:50:46,468 - elsapy.elsdoc - INFO - Module loaded.
2024-07-27 13:50:46,469 - elsapy.elssearch - INFO - Module loaded.
2024-07-27 13:51:32,914 - elsapy.elsclient - INFO - Module loaded.
2024-07-27 13:51:32,915 - elsapy.elsentity - INFO - Module loaded.
2024-07-27 13:51:32,915 - elsapy.utils - INFO - Module loaded.
2024-07-27 13:51:32,916 - elsapy.elsprofile - INFO - Module loaded.
2024-07-27 13:51:32,916 - elsapy.elsdoc - INFO - Module loaded.
2024-07-27 13:51:32,917 - elsapy.elssearch - INFO - Module loaded.
2024-07-27 13:55:48,527 - elsapy.elsclient - INFO - Module loaded.
2024-07-27 13:55:48,528 - elsapy.elsentity - INFO - Module loaded.
2024-07-27 13:55:48,529 - elsapy.utils - INFO - Module loaded.
2024-07-27 13:55:48,529 - elsapy.elsprofile - INFO - Module loaded.
2024-07-27 13:55:48,530 - elsapy.elsdoc - INFO - Module loaded.
2024-07-27 13:55:48,531 - elsapy.elssearch - INFO - Module loaded.
2024-07-27 13:57:55,321 - elsapy.elsclient - INFO - Module loaded.
2024-07-27 13:57:55,322 - elsapy.elsentity - INFO - Module loaded.
2024-07-27 13:57:55,322 - elsapy.utils - INFO - Module loaded.
2024-07-27 13:57:55,323 - elsapy.elsprofile - INFO - Module loaded.
2024-07-27 13:57:55,323 - elsapy.elsdoc - INFO - Module loaded.
2024-07-27 13:57:55,324 - elsapy.elssearch - INFO - Module loaded.
2024-07-27 13:59:38,460 - elsapy.elsclient - INFO - Module loaded.
2024-07-27 13:59:38,461 - elsapy.elsentity - INFO - Module loaded.
2024-07-27 13:59:38,462 - elsapy.utils - INFO - Module loaded.
2024-07-27 13:59:38,462 - elsapy.elsprofile - INFO - Module loaded.
2024-07-27 13:59:38,463 - elsapy.elsdoc - INFO - Module loaded.
2024-07-27 13:59:38,464 - elsapy.elssearch - INFO - Module loaded.
2024-07-27 14:05:35,857 - elsapy.elsclient - INFO - Module loaded.
2024-07-27 14:05:35,858 - elsapy.elsentity - INFO - Module loaded.
2024-07-27 14:05:35,858 - elsapy.utils - INFO - Module loaded.
2024-07-27 14:05:35,859 - elsapy.elsprofile - INFO - Module loaded.
2024-07-27 14:05:35,859 - elsapy.elsdoc - INFO - Module loaded.
2024-07-27 14:05:35,860 - elsapy.elssearch - INFO - Module loaded.
2024-07-27 14:06:32,136 - elsapy.elsclient - INFO - Module loaded.
2024-07-27 14:06:32,137 - elsapy.elsentity - INFO - Module loaded.
2024-07-27 14:06:32,138 - elsapy.utils - INFO - Module loaded.
2024-07-27 14:06:32,138 - elsapy.elsprofile - INFO - Module loaded.
2024-07-27 14:06:32,139 - elsapy.elsdoc - INFO - Module loaded.
2024-07-27 14:06:32,139 - elsapy.elssearch - INFO - Module loaded.
2024-07-27 14:11:22,959 - elsapy.elsclient - INFO - Module loaded.
2024-07-27 14:11:22,960 - elsapy.elsentity - INFO - Module loaded.
2024-07-27 14:11:22,961 - elsapy.utils - INFO - Module loaded.
2024-07-27 14:11:22,961 - elsapy.elsprofile - INFO - Module loaded.
2024-07-27 14:11:22,962 - elsapy.elsdoc - INFO - Module loaded.
2024-07-27 14:11:22,963 - elsapy.elssearch - INFO - Module loaded.
2024-07-27 14:12:05,040 - elsapy.elsclient - INFO - Module loaded.
2024-07-27 14:12:05,041 - elsapy.elsentity - INFO - Module loaded.
2024-07-27 14:12:05,041 - elsapy.utils - INFO - Module loaded.
2024-07-27 14:12:05,042 - elsapy.elsprofile - INFO - Module loaded.
2024-07-27 14:12:05,042 - elsapy.elsdoc - INFO - Module loaded.
2024-07-27 14:12:05,043 - elsapy.elssearch - INFO - Module loaded.
2024-07-27 14:13:29,059 - elsapy.elsclient - INFO - Module loaded.
2024-07-27 14:13:29,061 - elsapy.elsentity - INFO - Module loaded.
2024-07-27 14:13:29,062 - elsapy.utils - INFO - Module loaded.
2024-07-27 14:13:29,062 - elsapy.elsprofile - INFO - Module loaded.
2024-07-27 14:13:29,063 - elsapy.elsdoc - INFO - Module loaded.
2024-07-27 14:13:29,064 - elsapy.elssearch - INFO - Module loaded.
2024-07-27 14:14:13,593 - elsapy.elsclient - INFO - Module loaded.
2024-07-27 14:14:13,594 - elsapy.elsentity - INFO - Module loaded.
2024-07-27 14:14:13,595 - elsapy.utils - INFO - Module loaded.
2024-07-27 14:14:13,595 - elsapy.elsprofile - INFO - Module loaded.
2024-07-27 14:14:13,596 - elsapy.elsdoc - INFO - Module loaded.
2024-07-27 14:14:13,597 - elsapy.elssearch - INFO - Module loaded.
2024-07-27 14:16:51,146 - elsapy.elsclient - INFO - Module loaded.
2024-07-27 14:16:51,147 - elsapy.elsentity - INFO - Module loaded.
2024-07-27 14:16:51,148 - elsapy.utils - INFO - Module loaded.
2024-07-27 14:16:51,148 - elsapy.elsprofile - INFO - Module loaded.
2024-07-27 14:16:51,149 - elsapy.elsdoc - INFO - Module loaded.
2024-07-27 14:16:51,150 - elsapy.elssearch - INFO - Module loaded.
2024-07-27 14:20:14,491 - elsapy.elsclient - INFO - Module loaded.
2024-07-27 14:20:14,492 - elsapy.elsentity - INFO - Module loaded.
2024-07-27 14:20:14,492 - elsapy.utils - INFO - Module loaded.
2024-07-27 14:20:14,493 - elsapy.elsprofile - INFO - Module loaded.
2024-07-27 14:20:14,493 - elsapy.elsdoc - INFO - Module loaded.
2024-07-27 14:20:14,494 - elsapy.elssearch - INFO - Module loaded.
2024-07-27 19:53:39,799 - elsapy.elsclient - INFO - Module loaded.
2024-07-27 19:53:39,800 - elsapy.elsentity - INFO - Module loaded.
2024-07-27 19:53:39,801 - elsapy.utils - INFO - Module loaded.
2024-07-27 19:53:39,801 - elsapy.elsprofile - INFO - Module loaded.
2024-07-27 19:53:39,802 - elsapy.elsdoc - INFO - Module loaded.
2024-07-27 19:53:39,802 - elsapy.elssearch - INFO - Module loaded.
