2024-05-06 00:19:49,616 - elsapy.elsclient - INFO - Module loaded.
2024-05-06 00:19:49,623 - elsapy.elsentity - INFO - Module loaded.
2024-05-06 00:19:49,625 - elsapy.utils - INFO - Module loaded.
2024-05-06 00:19:49,625 - elsapy.elsprofile - INFO - Module loaded.
2024-05-06 00:19:49,628 - elsapy.elsdoc - INFO - Module loaded.
2024-05-06 00:19:49,630 - elsapy.elssearch - INFO - Module loaded.
2024-05-06 10:10:37,925 - elsapy.elsclient - INFO - Module loaded.
2024-05-06 10:10:37,927 - elsapy.elsentity - INFO - Module loaded.
2024-05-06 10:10:37,928 - elsapy.utils - INFO - Module loaded.
2024-05-06 10:10:37,928 - elsapy.elsprofile - INFO - Module loaded.
2024-05-06 10:10:37,929 - elsapy.elsdoc - INFO - Module loaded.
2024-05-06 10:10:37,931 - elsapy.elssearch - INFO - Module loaded.
2024-05-06 10:13:07,318 - elsapy.elsclient - INFO - Module loaded.
2024-05-06 10:13:07,320 - elsapy.elsentity - INFO - Module loaded.
2024-05-06 10:13:07,320 - elsapy.utils - INFO - Module loaded.
2024-05-06 10:13:07,320 - elsapy.elsprofile - INFO - Module loaded.
2024-05-06 10:13:07,321 - elsapy.elsdoc - INFO - Module loaded.
2024-05-06 10:13:07,322 - elsapy.elssearch - INFO - Module loaded.
2024-05-06 11:18:14,751 - elsapy.elsclient - INFO - Module loaded.
2024-05-06 11:18:14,752 - elsapy.elsentity - INFO - Module loaded.
2024-05-06 11:18:14,752 - elsapy.utils - INFO - Module loaded.
2024-05-06 11:18:14,753 - elsapy.elsprofile - INFO - Module loaded.
2024-05-06 11:18:14,753 - elsapy.elsdoc - INFO - Module loaded.
2024-05-06 11:18:14,754 - elsapy.elssearch - INFO - Module loaded.
2024-05-06 11:23:17,602 - elsapy.elsclient - INFO - Module loaded.
2024-05-06 11:23:17,603 - elsapy.elsentity - INFO - Module loaded.
2024-05-06 11:23:17,604 - elsapy.utils - INFO - Module loaded.
2024-05-06 11:23:17,604 - elsapy.elsprofile - INFO - Module loaded.
2024-05-06 11:23:17,604 - elsapy.elsdoc - INFO - Module loaded.
2024-05-06 11:23:17,606 - elsapy.elssearch - INFO - Module loaded.
2024-05-06 11:24:24,416 - elsapy.elsclient - INFO - Module loaded.
2024-05-06 11:24:24,417 - elsapy.elsentity - INFO - Module loaded.
2024-05-06 11:24:24,418 - elsapy.utils - INFO - Module loaded.
2024-05-06 11:24:24,418 - elsapy.elsprofile - INFO - Module loaded.
2024-05-06 11:24:24,419 - elsapy.elsdoc - INFO - Module loaded.
2024-05-06 11:24:24,419 - elsapy.elssearch - INFO - Module loaded.
2024-05-06 11:26:16,373 - elsapy.elsclient - INFO - Module loaded.
2024-05-06 11:26:16,375 - elsapy.elsentity - INFO - Module loaded.
2024-05-06 11:26:16,376 - elsapy.utils - INFO - Module loaded.
2024-05-06 11:26:16,376 - elsapy.elsprofile - INFO - Module loaded.
2024-05-06 11:26:16,377 - elsapy.elsdoc - INFO - Module loaded.
2024-05-06 11:26:16,378 - elsapy.elssearch - INFO - Module loaded.
2024-05-06 11:29:22,912 - elsapy.elsclient - INFO - Module loaded.
2024-05-06 11:29:22,914 - elsapy.elsentity - INFO - Module loaded.
2024-05-06 11:29:22,914 - elsapy.utils - INFO - Module loaded.
2024-05-06 11:29:22,915 - elsapy.elsprofile - INFO - Module loaded.
2024-05-06 11:29:22,915 - elsapy.elsdoc - INFO - Module loaded.
2024-05-06 11:29:22,916 - elsapy.elssearch - INFO - Module loaded.
2024-05-06 11:29:37,120 - elsapy.elsclient - INFO - Module loaded.
2024-05-06 11:29:37,122 - elsapy.elsentity - INFO - Module loaded.
2024-05-06 11:29:37,122 - elsapy.utils - INFO - Module loaded.
2024-05-06 11:29:37,122 - elsapy.elsprofile - INFO - Module loaded.
2024-05-06 11:29:37,123 - elsapy.elsdoc - INFO - Module loaded.
2024-05-06 11:29:37,124 - elsapy.elssearch - INFO - Module loaded.
2024-05-06 11:31:18,787 - elsapy.elsclient - INFO - Module loaded.
2024-05-06 11:31:18,788 - elsapy.elsentity - INFO - Module loaded.
2024-05-06 11:31:18,789 - elsapy.utils - INFO - Module loaded.
2024-05-06 11:31:18,789 - elsapy.elsprofile - INFO - Module loaded.
2024-05-06 11:31:18,790 - elsapy.elsdoc - INFO - Module loaded.
2024-05-06 11:31:18,791 - elsapy.elssearch - INFO - Module loaded.
2024-05-06 11:35:34,182 - elsapy.elsclient - INFO - Module loaded.
2024-05-06 11:35:34,183 - elsapy.elsentity - INFO - Module loaded.
2024-05-06 11:35:34,184 - elsapy.utils - INFO - Module loaded.
2024-05-06 11:35:34,184 - elsapy.elsprofile - INFO - Module loaded.
2024-05-06 11:35:34,185 - elsapy.elsdoc - INFO - Module loaded.
2024-05-06 11:35:34,186 - elsapy.elssearch - INFO - Module loaded.
2024-05-06 11:37:23,400 - elsapy.elsclient - INFO - Module loaded.
2024-05-06 11:37:23,401 - elsapy.elsentity - INFO - Module loaded.
2024-05-06 11:37:23,401 - elsapy.utils - INFO - Module loaded.
2024-05-06 11:37:23,402 - elsapy.elsprofile - INFO - Module loaded.
2024-05-06 11:37:23,402 - elsapy.elsdoc - INFO - Module loaded.
2024-05-06 11:37:23,403 - elsapy.elssearch - INFO - Module loaded.
2024-05-06 11:51:54,206 - elsapy.elsclient - INFO - Module loaded.
2024-05-06 11:51:54,207 - elsapy.elsentity - INFO - Module loaded.
2024-05-06 11:51:54,208 - elsapy.utils - INFO - Module loaded.
2024-05-06 11:51:54,208 - elsapy.elsprofile - INFO - Module loaded.
2024-05-06 11:51:54,209 - elsapy.elsdoc - INFO - Module loaded.
2024-05-06 11:51:54,209 - elsapy.elssearch - INFO - Module loaded.
2024-05-06 11:52:12,373 - elsapy.elsclient - INFO - Module loaded.
2024-05-06 11:52:12,374 - elsapy.elsentity - INFO - Module loaded.
2024-05-06 11:52:12,375 - elsapy.utils - INFO - Module loaded.
2024-05-06 11:52:12,375 - elsapy.elsprofile - INFO - Module loaded.
2024-05-06 11:52:12,375 - elsapy.elsdoc - INFO - Module loaded.
2024-05-06 11:52:12,376 - elsapy.elssearch - INFO - Module loaded.
2024-05-06 11:53:02,258 - elsapy.elsclient - INFO - Module loaded.
2024-05-06 11:53:02,259 - elsapy.elsentity - INFO - Module loaded.
2024-05-06 11:53:02,260 - elsapy.utils - INFO - Module loaded.
2024-05-06 11:53:02,260 - elsapy.elsprofile - INFO - Module loaded.
2024-05-06 11:53:02,261 - elsapy.elsdoc - INFO - Module loaded.
2024-05-06 11:53:02,262 - elsapy.elssearch - INFO - Module loaded.
2024-05-06 11:53:33,888 - elsapy.elsclient - INFO - Module loaded.
2024-05-06 11:53:33,889 - elsapy.elsentity - INFO - Module loaded.
2024-05-06 11:53:33,889 - elsapy.utils - INFO - Module loaded.
2024-05-06 11:53:33,890 - elsapy.elsprofile - INFO - Module loaded.
2024-05-06 11:53:33,890 - elsapy.elsdoc - INFO - Module loaded.
2024-05-06 11:53:33,891 - elsapy.elssearch - INFO - Module loaded.
2024-05-06 11:56:33,836 - elsapy.elsclient - INFO - Module loaded.
2024-05-06 11:56:33,837 - elsapy.elsentity - INFO - Module loaded.
2024-05-06 11:56:33,838 - elsapy.utils - INFO - Module loaded.
2024-05-06 11:56:33,838 - elsapy.elsprofile - INFO - Module loaded.
2024-05-06 11:56:33,839 - elsapy.elsdoc - INFO - Module loaded.
2024-05-06 11:56:33,839 - elsapy.elssearch - INFO - Module loaded.
2024-05-06 11:56:59,346 - elsapy.elsclient - INFO - Module loaded.
2024-05-06 11:56:59,347 - elsapy.elsentity - INFO - Module loaded.
2024-05-06 11:56:59,347 - elsapy.utils - INFO - Module loaded.
2024-05-06 11:56:59,348 - elsapy.elsprofile - INFO - Module loaded.
2024-05-06 11:56:59,348 - elsapy.elsdoc - INFO - Module loaded.
2024-05-06 11:56:59,349 - elsapy.elssearch - INFO - Module loaded.
2024-05-06 11:59:12,854 - elsapy.elsclient - INFO - Module loaded.
2024-05-06 11:59:12,856 - elsapy.elsentity - INFO - Module loaded.
2024-05-06 11:59:12,856 - elsapy.utils - INFO - Module loaded.
2024-05-06 11:59:12,856 - elsapy.elsprofile - INFO - Module loaded.
2024-05-06 11:59:12,857 - elsapy.elsdoc - INFO - Module loaded.
2024-05-06 11:59:12,858 - elsapy.elssearch - INFO - Module loaded.
2024-05-06 12:00:07,533 - elsapy.elsclient - INFO - Module loaded.
2024-05-06 12:00:07,534 - elsapy.elsentity - INFO - Module loaded.
2024-05-06 12:00:07,535 - elsapy.utils - INFO - Module loaded.
2024-05-06 12:00:07,535 - elsapy.elsprofile - INFO - Module loaded.
2024-05-06 12:00:07,536 - elsapy.elsdoc - INFO - Module loaded.
2024-05-06 12:00:07,536 - elsapy.elssearch - INFO - Module loaded.
2024-05-06 12:01:05,079 - elsapy.elsclient - INFO - Module loaded.
2024-05-06 12:01:05,080 - elsapy.elsentity - INFO - Module loaded.
2024-05-06 12:01:05,080 - elsapy.utils - INFO - Module loaded.
2024-05-06 12:01:05,081 - elsapy.elsprofile - INFO - Module loaded.
2024-05-06 12:01:05,081 - elsapy.elsdoc - INFO - Module loaded.
2024-05-06 12:01:05,082 - elsapy.elssearch - INFO - Module loaded.
2024-05-06 12:01:17,387 - elsapy.elsclient - INFO - Module loaded.
2024-05-06 12:01:17,388 - elsapy.elsentity - INFO - Module loaded.
2024-05-06 12:01:17,389 - elsapy.utils - INFO - Module loaded.
2024-05-06 12:01:17,389 - elsapy.elsprofile - INFO - Module loaded.
2024-05-06 12:01:17,390 - elsapy.elsdoc - INFO - Module loaded.
2024-05-06 12:01:17,391 - elsapy.elssearch - INFO - Module loaded.
2024-05-06 12:01:44,880 - elsapy.elsclient - INFO - Module loaded.
2024-05-06 12:01:44,882 - elsapy.elsentity - INFO - Module loaded.
2024-05-06 12:01:44,882 - elsapy.utils - INFO - Module loaded.
2024-05-06 12:01:44,883 - elsapy.elsprofile - INFO - Module loaded.
2024-05-06 12:01:44,884 - elsapy.elsdoc - INFO - Module loaded.
2024-05-06 12:01:44,885 - elsapy.elssearch - INFO - Module loaded.
2024-05-06 12:16:38,250 - elsapy.elsclient - INFO - Module loaded.
2024-05-06 12:16:38,251 - elsapy.elsentity - INFO - Module loaded.
2024-05-06 12:16:38,252 - elsapy.utils - INFO - Module loaded.
2024-05-06 12:16:38,252 - elsapy.elsprofile - INFO - Module loaded.
2024-05-06 12:16:38,253 - elsapy.elsdoc - INFO - Module loaded.
2024-05-06 12:16:38,254 - elsapy.elssearch - INFO - Module loaded.
2024-05-06 12:17:09,984 - elsapy.elsclient - INFO - Module loaded.
2024-05-06 12:17:09,985 - elsapy.elsentity - INFO - Module loaded.
2024-05-06 12:17:09,986 - elsapy.utils - INFO - Module loaded.
2024-05-06 12:17:09,986 - elsapy.elsprofile - INFO - Module loaded.
2024-05-06 12:17:09,987 - elsapy.elsdoc - INFO - Module loaded.
2024-05-06 12:17:09,987 - elsapy.elssearch - INFO - Module loaded.
2024-05-06 12:20:55,595 - elsapy.elsclient - INFO - Module loaded.
2024-05-06 12:20:55,596 - elsapy.elsentity - INFO - Module loaded.
2024-05-06 12:20:55,597 - elsapy.utils - INFO - Module loaded.
2024-05-06 12:20:55,597 - elsapy.elsprofile - INFO - Module loaded.
2024-05-06 12:20:55,598 - elsapy.elsdoc - INFO - Module loaded.
2024-05-06 12:20:55,599 - elsapy.elssearch - INFO - Module loaded.
2024-05-06 12:35:24,556 - elsapy.elsclient - INFO - Module loaded.
2024-05-06 12:35:24,557 - elsapy.elsentity - INFO - Module loaded.
2024-05-06 12:35:24,558 - elsapy.utils - INFO - Module loaded.
2024-05-06 12:35:24,558 - elsapy.elsprofile - INFO - Module loaded.
2024-05-06 12:35:24,559 - elsapy.elsdoc - INFO - Module loaded.
2024-05-06 12:35:24,560 - elsapy.elssearch - INFO - Module loaded.
2024-05-06 13:35:44,758 - elsapy.elsclient - INFO - Module loaded.
2024-05-06 13:35:44,760 - elsapy.elsentity - INFO - Module loaded.
2024-05-06 13:35:44,760 - elsapy.utils - INFO - Module loaded.
2024-05-06 13:35:44,761 - elsapy.elsprofile - INFO - Module loaded.
2024-05-06 13:35:44,762 - elsapy.elsdoc - INFO - Module loaded.
2024-05-06 13:35:44,763 - elsapy.elssearch - INFO - Module loaded.
2024-05-06 13:44:44,736 - elsapy.elsclient - INFO - Module loaded.
2024-05-06 13:44:44,738 - elsapy.elsentity - INFO - Module loaded.
2024-05-06 13:44:44,739 - elsapy.utils - INFO - Module loaded.
2024-05-06 13:44:44,739 - elsapy.elsprofile - INFO - Module loaded.
2024-05-06 13:44:44,740 - elsapy.elsdoc - INFO - Module loaded.
2024-05-06 13:44:44,740 - elsapy.elssearch - INFO - Module loaded.
2024-05-06 13:46:10,217 - elsapy.elsclient - INFO - Module loaded.
2024-05-06 13:46:10,218 - elsapy.elsentity - INFO - Module loaded.
2024-05-06 13:46:10,218 - elsapy.utils - INFO - Module loaded.
2024-05-06 13:46:10,219 - elsapy.elsprofile - INFO - Module loaded.
2024-05-06 13:46:10,219 - elsapy.elsdoc - INFO - Module loaded.
2024-05-06 13:46:10,220 - elsapy.elssearch - INFO - Module loaded.
2024-05-06 13:46:50,374 - elsapy.elsclient - INFO - Module loaded.
2024-05-06 13:46:50,375 - elsapy.elsentity - INFO - Module loaded.
2024-05-06 13:46:50,376 - elsapy.utils - INFO - Module loaded.
2024-05-06 13:46:50,376 - elsapy.elsprofile - INFO - Module loaded.
2024-05-06 13:46:50,377 - elsapy.elsdoc - INFO - Module loaded.
2024-05-06 13:46:50,377 - elsapy.elssearch - INFO - Module loaded.
2024-05-06 14:22:28,138 - elsapy.elsclient - INFO - Module loaded.
2024-05-06 14:22:28,140 - elsapy.elsentity - INFO - Module loaded.
2024-05-06 14:22:28,140 - elsapy.utils - INFO - Module loaded.
2024-05-06 14:22:28,141 - elsapy.elsprofile - INFO - Module loaded.
2024-05-06 14:22:28,142 - elsapy.elsdoc - INFO - Module loaded.
2024-05-06 14:22:28,143 - elsapy.elssearch - INFO - Module loaded.
2024-05-06 14:25:12,880 - elsapy.elsclient - INFO - Module loaded.
2024-05-06 14:25:12,881 - elsapy.elsentity - INFO - Module loaded.
2024-05-06 14:25:12,881 - elsapy.utils - INFO - Module loaded.
2024-05-06 14:25:12,882 - elsapy.elsprofile - INFO - Module loaded.
2024-05-06 14:25:12,882 - elsapy.elsdoc - INFO - Module loaded.
2024-05-06 14:25:12,883 - elsapy.elssearch - INFO - Module loaded.
2024-05-06 15:04:35,698 - elsapy.elsclient - INFO - Module loaded.
2024-05-06 15:04:35,699 - elsapy.elsentity - INFO - Module loaded.
2024-05-06 15:04:35,700 - elsapy.utils - INFO - Module loaded.
2024-05-06 15:04:35,700 - elsapy.elsprofile - INFO - Module loaded.
2024-05-06 15:04:35,701 - elsapy.elsdoc - INFO - Module loaded.
2024-05-06 15:04:35,702 - elsapy.elssearch - INFO - Module loaded.
2024-05-06 15:42:11,903 - elsapy.elsclient - INFO - Module loaded.
2024-05-06 15:42:11,904 - elsapy.elsentity - INFO - Module loaded.
2024-05-06 15:42:11,905 - elsapy.utils - INFO - Module loaded.
2024-05-06 15:42:11,905 - elsapy.elsprofile - INFO - Module loaded.
2024-05-06 15:42:11,905 - elsapy.elsdoc - INFO - Module loaded.
2024-05-06 15:42:11,906 - elsapy.elssearch - INFO - Module loaded.
2024-05-06 17:05:00,960 - elsapy.elsclient - INFO - Module loaded.
2024-05-06 17:05:00,961 - elsapy.elsentity - INFO - Module loaded.
2024-05-06 17:05:00,962 - elsapy.utils - INFO - Module loaded.
2024-05-06 17:05:00,962 - elsapy.elsprofile - INFO - Module loaded.
2024-05-06 17:05:00,963 - elsapy.elsdoc - INFO - Module loaded.
2024-05-06 17:05:00,964 - elsapy.elssearch - INFO - Module loaded.
2024-05-06 17:05:26,789 - elsapy.elsclient - INFO - Module loaded.
2024-05-06 17:05:26,791 - elsapy.elsentity - INFO - Module loaded.
2024-05-06 17:05:26,791 - elsapy.utils - INFO - Module loaded.
2024-05-06 17:05:26,791 - elsapy.elsprofile - INFO - Module loaded.
2024-05-06 17:05:26,792 - elsapy.elsdoc - INFO - Module loaded.
2024-05-06 17:05:26,793 - elsapy.elssearch - INFO - Module loaded.
2024-05-06 17:06:50,557 - elsapy.elsclient - INFO - Module loaded.
2024-05-06 17:06:50,558 - elsapy.elsentity - INFO - Module loaded.
2024-05-06 17:06:50,559 - elsapy.utils - INFO - Module loaded.
2024-05-06 17:06:50,559 - elsapy.elsprofile - INFO - Module loaded.
2024-05-06 17:06:50,560 - elsapy.elsdoc - INFO - Module loaded.
2024-05-06 17:06:50,561 - elsapy.elssearch - INFO - Module loaded.
2024-05-06 17:07:26,755 - elsapy.elsclient - INFO - Module loaded.
2024-05-06 17:07:26,756 - elsapy.elsentity - INFO - Module loaded.
2024-05-06 17:07:26,756 - elsapy.utils - INFO - Module loaded.
2024-05-06 17:07:26,756 - elsapy.elsprofile - INFO - Module loaded.
2024-05-06 17:07:26,757 - elsapy.elsdoc - INFO - Module loaded.
2024-05-06 17:07:26,758 - elsapy.elssearch - INFO - Module loaded.
2024-05-06 17:08:03,323 - elsapy.elsclient - INFO - Module loaded.
2024-05-06 17:08:03,324 - elsapy.elsentity - INFO - Module loaded.
2024-05-06 17:08:03,324 - elsapy.utils - INFO - Module loaded.
2024-05-06 17:08:03,325 - elsapy.elsprofile - INFO - Module loaded.
2024-05-06 17:08:03,325 - elsapy.elsdoc - INFO - Module loaded.
2024-05-06 17:08:03,326 - elsapy.elssearch - INFO - Module loaded.
2024-05-06 17:08:55,182 - elsapy.elsclient - INFO - Module loaded.
2024-05-06 17:08:55,183 - elsapy.elsentity - INFO - Module loaded.
2024-05-06 17:08:55,184 - elsapy.utils - INFO - Module loaded.
2024-05-06 17:08:55,184 - elsapy.elsprofile - INFO - Module loaded.
2024-05-06 17:08:55,185 - elsapy.elsdoc - INFO - Module loaded.
2024-05-06 17:08:55,185 - elsapy.elssearch - INFO - Module loaded.
2024-05-06 17:10:38,209 - elsapy.elsclient - INFO - Module loaded.
2024-05-06 17:10:38,211 - elsapy.elsentity - INFO - Module loaded.
2024-05-06 17:10:38,212 - elsapy.utils - INFO - Module loaded.
2024-05-06 17:10:38,212 - elsapy.elsprofile - INFO - Module loaded.
2024-05-06 17:10:38,213 - elsapy.elsdoc - INFO - Module loaded.
2024-05-06 17:10:38,213 - elsapy.elssearch - INFO - Module loaded.
2024-05-06 17:12:22,694 - elsapy.elsclient - INFO - Module loaded.
2024-05-06 17:12:22,695 - elsapy.elsentity - INFO - Module loaded.
2024-05-06 17:12:22,695 - elsapy.utils - INFO - Module loaded.
2024-05-06 17:12:22,696 - elsapy.elsprofile - INFO - Module loaded.
2024-05-06 17:12:22,696 - elsapy.elsdoc - INFO - Module loaded.
2024-05-06 17:12:22,697 - elsapy.elssearch - INFO - Module loaded.
2024-05-06 17:15:50,963 - elsapy.elsclient - INFO - Module loaded.
2024-05-06 17:15:50,964 - elsapy.elsentity - INFO - Module loaded.
2024-05-06 17:15:50,964 - elsapy.utils - INFO - Module loaded.
2024-05-06 17:15:50,965 - elsapy.elsprofile - INFO - Module loaded.
2024-05-06 17:15:50,965 - elsapy.elsdoc - INFO - Module loaded.
2024-05-06 17:15:50,966 - elsapy.elssearch - INFO - Module loaded.
2024-05-06 17:17:02,274 - elsapy.elsclient - INFO - Module loaded.
2024-05-06 17:17:02,275 - elsapy.elsentity - INFO - Module loaded.
2024-05-06 17:17:02,276 - elsapy.utils - INFO - Module loaded.
2024-05-06 17:17:02,276 - elsapy.elsprofile - INFO - Module loaded.
2024-05-06 17:17:02,277 - elsapy.elsdoc - INFO - Module loaded.
2024-05-06 17:17:02,277 - elsapy.elssearch - INFO - Module loaded.
2024-05-06 17:18:33,388 - elsapy.elsclient - INFO - Module loaded.
2024-05-06 17:18:33,389 - elsapy.elsentity - INFO - Module loaded.
2024-05-06 17:18:33,390 - elsapy.utils - INFO - Module loaded.
2024-05-06 17:18:33,390 - elsapy.elsprofile - INFO - Module loaded.
2024-05-06 17:18:33,391 - elsapy.elsdoc - INFO - Module loaded.
2024-05-06 17:18:33,391 - elsapy.elssearch - INFO - Module loaded.
2024-05-06 17:18:59,799 - elsapy.elsclient - INFO - Module loaded.
2024-05-06 17:18:59,800 - elsapy.elsentity - INFO - Module loaded.
2024-05-06 17:18:59,800 - elsapy.utils - INFO - Module loaded.
2024-05-06 17:18:59,801 - elsapy.elsprofile - INFO - Module loaded.
2024-05-06 17:18:59,801 - elsapy.elsdoc - INFO - Module loaded.
2024-05-06 17:18:59,802 - elsapy.elssearch - INFO - Module loaded.
2024-05-06 17:19:17,604 - elsapy.elsclient - INFO - Module loaded.
2024-05-06 17:19:17,605 - elsapy.elsentity - INFO - Module loaded.
2024-05-06 17:19:17,606 - elsapy.utils - INFO - Module loaded.
2024-05-06 17:19:17,606 - elsapy.elsprofile - INFO - Module loaded.
2024-05-06 17:19:17,607 - elsapy.elsdoc - INFO - Module loaded.
2024-05-06 17:19:17,608 - elsapy.elssearch - INFO - Module loaded.
2024-05-06 17:22:31,207 - elsapy.elsclient - INFO - Module loaded.
2024-05-06 17:22:31,208 - elsapy.elsentity - INFO - Module loaded.
2024-05-06 17:22:31,208 - elsapy.utils - INFO - Module loaded.
2024-05-06 17:22:31,209 - elsapy.elsprofile - INFO - Module loaded.
2024-05-06 17:22:31,209 - elsapy.elsdoc - INFO - Module loaded.
2024-05-06 17:22:31,210 - elsapy.elssearch - INFO - Module loaded.
2024-05-06 17:42:26,503 - elsapy.elsclient - INFO - Module loaded.
2024-05-06 17:42:26,505 - elsapy.elsentity - INFO - Module loaded.
2024-05-06 17:42:26,505 - elsapy.utils - INFO - Module loaded.
2024-05-06 17:42:26,506 - elsapy.elsprofile - INFO - Module loaded.
2024-05-06 17:42:26,506 - elsapy.elsdoc - INFO - Module loaded.
2024-05-06 17:42:26,507 - elsapy.elssearch - INFO - Module loaded.
2024-05-06 17:42:55,065 - elsapy.elsclient - INFO - Module loaded.
2024-05-06 17:42:55,066 - elsapy.elsentity - INFO - Module loaded.
2024-05-06 17:42:55,066 - elsapy.utils - INFO - Module loaded.
2024-05-06 17:42:55,067 - elsapy.elsprofile - INFO - Module loaded.
2024-05-06 17:42:55,067 - elsapy.elsdoc - INFO - Module loaded.
2024-05-06 17:42:55,068 - elsapy.elssearch - INFO - Module loaded.
2024-05-06 17:50:28,941 - elsapy.elsclient - INFO - Module loaded.
2024-05-06 17:50:28,942 - elsapy.elsentity - INFO - Module loaded.
2024-05-06 17:50:28,943 - elsapy.utils - INFO - Module loaded.
2024-05-06 17:50:28,943 - elsapy.elsprofile - INFO - Module loaded.
2024-05-06 17:50:28,944 - elsapy.elsdoc - INFO - Module loaded.
2024-05-06 17:50:28,944 - elsapy.elssearch - INFO - Module loaded.
2024-05-06 18:06:32,228 - elsapy.elsclient - INFO - Module loaded.
2024-05-06 18:06:32,229 - elsapy.elsentity - INFO - Module loaded.
2024-05-06 18:06:32,230 - elsapy.utils - INFO - Module loaded.
2024-05-06 18:06:32,230 - elsapy.elsprofile - INFO - Module loaded.
2024-05-06 18:06:32,231 - elsapy.elsdoc - INFO - Module loaded.
2024-05-06 18:06:32,231 - elsapy.elssearch - INFO - Module loaded.
2024-05-06 18:07:37,076 - elsapy.elsclient - INFO - Module loaded.
2024-05-06 18:07:37,077 - elsapy.elsentity - INFO - Module loaded.
2024-05-06 18:07:37,078 - elsapy.utils - INFO - Module loaded.
2024-05-06 18:07:37,078 - elsapy.elsprofile - INFO - Module loaded.
2024-05-06 18:07:37,079 - elsapy.elsdoc - INFO - Module loaded.
2024-05-06 18:07:37,080 - elsapy.elssearch - INFO - Module loaded.
2024-05-06 18:15:17,840 - elsapy.elsclient - INFO - Module loaded.
2024-05-06 18:15:17,842 - elsapy.elsentity - INFO - Module loaded.
2024-05-06 18:15:17,843 - elsapy.utils - INFO - Module loaded.
2024-05-06 18:15:17,843 - elsapy.elsprofile - INFO - Module loaded.
2024-05-06 18:15:17,844 - elsapy.elsdoc - INFO - Module loaded.
2024-05-06 18:15:17,845 - elsapy.elssearch - INFO - Module loaded.
2024-05-06 18:32:29,684 - elsapy.elsclient - INFO - Module loaded.
2024-05-06 18:32:29,686 - elsapy.elsentity - INFO - Module loaded.
2024-05-06 18:32:29,687 - elsapy.utils - INFO - Module loaded.
2024-05-06 18:32:29,687 - elsapy.elsprofile - INFO - Module loaded.
2024-05-06 18:32:29,688 - elsapy.elsdoc - INFO - Module loaded.
2024-05-06 18:32:29,689 - elsapy.elssearch - INFO - Module loaded.
2024-05-06 18:37:54,244 - elsapy.elsclient - INFO - Module loaded.
2024-05-06 18:37:54,245 - elsapy.elsentity - INFO - Module loaded.
2024-05-06 18:37:54,246 - elsapy.utils - INFO - Module loaded.
2024-05-06 18:37:54,246 - elsapy.elsprofile - INFO - Module loaded.
2024-05-06 18:37:54,247 - elsapy.elsdoc - INFO - Module loaded.
2024-05-06 18:37:54,248 - elsapy.elssearch - INFO - Module loaded.
2024-05-06 18:43:09,880 - elsapy.elsclient - INFO - Module loaded.
2024-05-06 18:43:09,881 - elsapy.elsentity - INFO - Module loaded.
2024-05-06 18:43:09,882 - elsapy.utils - INFO - Module loaded.
2024-05-06 18:43:09,883 - elsapy.elsprofile - INFO - Module loaded.
2024-05-06 18:43:09,884 - elsapy.elsdoc - INFO - Module loaded.
2024-05-06 18:43:09,885 - elsapy.elssearch - INFO - Module loaded.
2024-05-06 18:44:44,114 - elsapy.elsclient - INFO - Module loaded.
2024-05-06 18:44:44,116 - elsapy.elsentity - INFO - Module loaded.
2024-05-06 18:44:44,116 - elsapy.utils - INFO - Module loaded.
2024-05-06 18:44:44,117 - elsapy.elsprofile - INFO - Module loaded.
2024-05-06 18:44:44,118 - elsapy.elsdoc - INFO - Module loaded.
2024-05-06 18:44:44,119 - elsapy.elssearch - INFO - Module loaded.
2024-05-06 18:57:00,564 - elsapy.elsclient - INFO - Module loaded.
2024-05-06 18:57:00,565 - elsapy.elsentity - INFO - Module loaded.
2024-05-06 18:57:00,566 - elsapy.utils - INFO - Module loaded.
2024-05-06 18:57:00,567 - elsapy.elsprofile - INFO - Module loaded.
2024-05-06 18:57:00,567 - elsapy.elsdoc - INFO - Module loaded.
2024-05-06 18:57:00,569 - elsapy.elssearch - INFO - Module loaded.
2024-05-06 19:01:28,496 - elsapy.elsclient - INFO - Module loaded.
2024-05-06 19:01:28,497 - elsapy.elsentity - INFO - Module loaded.
2024-05-06 19:01:28,498 - elsapy.utils - INFO - Module loaded.
2024-05-06 19:01:28,499 - elsapy.elsprofile - INFO - Module loaded.
2024-05-06 19:01:28,500 - elsapy.elsdoc - INFO - Module loaded.
2024-05-06 19:01:28,500 - elsapy.elssearch - INFO - Module loaded.
2024-05-06 19:19:41,551 - elsapy.elsclient - INFO - Module loaded.
2024-05-06 19:19:41,552 - elsapy.elsentity - INFO - Module loaded.
2024-05-06 19:19:41,553 - elsapy.utils - INFO - Module loaded.
2024-05-06 19:19:41,554 - elsapy.elsprofile - INFO - Module loaded.
2024-05-06 19:19:41,554 - elsapy.elsdoc - INFO - Module loaded.
2024-05-06 19:19:41,556 - elsapy.elssearch - INFO - Module loaded.
2024-05-06 19:31:55,089 - elsapy.elsclient - INFO - Module loaded.
2024-05-06 19:31:55,090 - elsapy.elsentity - INFO - Module loaded.
2024-05-06 19:31:55,091 - elsapy.utils - INFO - Module loaded.
2024-05-06 19:31:55,092 - elsapy.elsprofile - INFO - Module loaded.
2024-05-06 19:31:55,093 - elsapy.elsdoc - INFO - Module loaded.
2024-05-06 19:31:55,094 - elsapy.elssearch - INFO - Module loaded.
2024-05-06 19:33:08,480 - elsapy.elsclient - INFO - Module loaded.
2024-05-06 19:33:08,482 - elsapy.elsentity - INFO - Module loaded.
2024-05-06 19:33:08,483 - elsapy.utils - INFO - Module loaded.
2024-05-06 19:33:08,483 - elsapy.elsprofile - INFO - Module loaded.
2024-05-06 19:33:08,484 - elsapy.elsdoc - INFO - Module loaded.
2024-05-06 19:33:08,485 - elsapy.elssearch - INFO - Module loaded.
2024-05-06 19:36:54,910 - elsapy.elsclient - INFO - Module loaded.
2024-05-06 19:36:54,912 - elsapy.elsentity - INFO - Module loaded.
2024-05-06 19:36:54,913 - elsapy.utils - INFO - Module loaded.
2024-05-06 19:36:54,913 - elsapy.elsprofile - INFO - Module loaded.
2024-05-06 19:36:54,914 - elsapy.elsdoc - INFO - Module loaded.
2024-05-06 19:36:54,915 - elsapy.elssearch - INFO - Module loaded.
