2024-05-20 00:05:48,766 - elsapy.elsclient - INFO - Module loaded.
2024-05-20 00:05:48,768 - elsapy.elsentity - INFO - Module loaded.
2024-05-20 00:05:48,769 - elsapy.utils - INFO - Module loaded.
2024-05-20 00:05:48,769 - elsapy.elsprofile - INFO - Module loaded.
2024-05-20 00:05:48,770 - elsapy.elsdoc - INFO - Module loaded.
2024-05-20 00:05:48,772 - elsapy.elssearch - INFO - Module loaded.
2024-05-20 09:08:11,032 - elsapy.elsclient - INFO - Module loaded.
2024-05-20 09:08:11,038 - elsapy.elsentity - INFO - Module loaded.
2024-05-20 09:08:11,041 - elsapy.utils - INFO - Module loaded.
2024-05-20 09:08:11,042 - elsapy.elsprofile - INFO - Module loaded.
2024-05-20 09:08:11,044 - elsapy.elsdoc - INFO - Module loaded.
2024-05-20 09:08:11,050 - elsapy.elssearch - INFO - Module loaded.
2024-05-20 09:08:20,164 - elsapy.elsclient - INFO - Module loaded.
2024-05-20 09:08:20,165 - elsapy.elsentity - INFO - Module loaded.
2024-05-20 09:08:20,165 - elsapy.utils - INFO - Module loaded.
2024-05-20 09:08:20,165 - elsapy.elsprofile - INFO - Module loaded.
2024-05-20 09:08:20,166 - elsapy.elsdoc - INFO - Module loaded.
2024-05-20 09:08:20,167 - elsapy.elssearch - INFO - Module loaded.
2024-05-20 09:10:22,811 - elsapy.elsclient - INFO - Module loaded.
2024-05-20 09:10:22,812 - elsapy.elsentity - INFO - Module loaded.
2024-05-20 09:10:22,813 - elsapy.utils - INFO - Module loaded.
2024-05-20 09:10:22,813 - elsapy.elsprofile - INFO - Module loaded.
2024-05-20 09:10:22,813 - elsapy.elsdoc - INFO - Module loaded.
2024-05-20 09:10:22,814 - elsapy.elssearch - INFO - Module loaded.
2024-05-20 09:10:29,529 - elsapy.elsclient - INFO - Module loaded.
2024-05-20 09:10:29,530 - elsapy.elsentity - INFO - Module loaded.
2024-05-20 09:10:29,531 - elsapy.utils - INFO - Module loaded.
2024-05-20 09:10:29,531 - elsapy.elsprofile - INFO - Module loaded.
2024-05-20 09:10:29,532 - elsapy.elsdoc - INFO - Module loaded.
2024-05-20 09:10:29,532 - elsapy.elssearch - INFO - Module loaded.
2024-05-20 09:12:43,805 - elsapy.elsclient - INFO - Module loaded.
2024-05-20 09:12:43,806 - elsapy.elsentity - INFO - Module loaded.
2024-05-20 09:12:43,807 - elsapy.utils - INFO - Module loaded.
2024-05-20 09:12:43,807 - elsapy.elsprofile - INFO - Module loaded.
2024-05-20 09:12:43,808 - elsapy.elsdoc - INFO - Module loaded.
2024-05-20 09:12:43,809 - elsapy.elssearch - INFO - Module loaded.
2024-05-20 09:12:50,423 - elsapy.elsclient - INFO - Module loaded.
2024-05-20 09:12:50,424 - elsapy.elsentity - INFO - Module loaded.
2024-05-20 09:12:50,424 - elsapy.utils - INFO - Module loaded.
2024-05-20 09:12:50,425 - elsapy.elsprofile - INFO - Module loaded.
2024-05-20 09:12:50,425 - elsapy.elsdoc - INFO - Module loaded.
2024-05-20 09:12:50,426 - elsapy.elssearch - INFO - Module loaded.
2024-05-20 09:12:54,959 - elsapy.elsclient - INFO - Module loaded.
2024-05-20 09:12:54,960 - elsapy.elsentity - INFO - Module loaded.
2024-05-20 09:12:54,961 - elsapy.utils - INFO - Module loaded.
2024-05-20 09:12:54,961 - elsapy.elsprofile - INFO - Module loaded.
2024-05-20 09:12:54,962 - elsapy.elsdoc - INFO - Module loaded.
2024-05-20 09:12:54,963 - elsapy.elssearch - INFO - Module loaded.
2024-05-20 09:12:59,344 - elsapy.elsclient - INFO - Module loaded.
2024-05-20 09:12:59,345 - elsapy.elsentity - INFO - Module loaded.
2024-05-20 09:12:59,345 - elsapy.utils - INFO - Module loaded.
2024-05-20 09:12:59,346 - elsapy.elsprofile - INFO - Module loaded.
2024-05-20 09:12:59,346 - elsapy.elsdoc - INFO - Module loaded.
2024-05-20 09:12:59,347 - elsapy.elssearch - INFO - Module loaded.
2024-05-20 09:14:17,679 - elsapy.elsclient - INFO - Module loaded.
2024-05-20 09:14:17,680 - elsapy.elsentity - INFO - Module loaded.
2024-05-20 09:14:17,680 - elsapy.utils - INFO - Module loaded.
2024-05-20 09:14:17,681 - elsapy.elsprofile - INFO - Module loaded.
2024-05-20 09:14:17,681 - elsapy.elsdoc - INFO - Module loaded.
2024-05-20 09:14:17,682 - elsapy.elssearch - INFO - Module loaded.
2024-05-20 09:14:27,938 - elsapy.elsclient - INFO - Module loaded.
2024-05-20 09:14:27,939 - elsapy.elsentity - INFO - Module loaded.
2024-05-20 09:14:27,939 - elsapy.utils - INFO - Module loaded.
2024-05-20 09:14:27,940 - elsapy.elsprofile - INFO - Module loaded.
2024-05-20 09:14:27,940 - elsapy.elsdoc - INFO - Module loaded.
2024-05-20 09:14:27,941 - elsapy.elssearch - INFO - Module loaded.
2024-05-20 09:16:33,026 - elsapy.elsclient - INFO - Module loaded.
2024-05-20 09:16:33,027 - elsapy.elsentity - INFO - Module loaded.
2024-05-20 09:16:33,028 - elsapy.utils - INFO - Module loaded.
2024-05-20 09:16:33,028 - elsapy.elsprofile - INFO - Module loaded.
2024-05-20 09:16:33,029 - elsapy.elsdoc - INFO - Module loaded.
2024-05-20 09:16:33,030 - elsapy.elssearch - INFO - Module loaded.
2024-05-20 09:17:03,651 - elsapy.elsclient - INFO - Module loaded.
2024-05-20 09:17:03,652 - elsapy.elsentity - INFO - Module loaded.
2024-05-20 09:17:03,653 - elsapy.utils - INFO - Module loaded.
2024-05-20 09:17:03,653 - elsapy.elsprofile - INFO - Module loaded.
2024-05-20 09:17:03,654 - elsapy.elsdoc - INFO - Module loaded.
2024-05-20 09:17:03,654 - elsapy.elssearch - INFO - Module loaded.
2024-05-20 09:17:46,206 - elsapy.elsclient - INFO - Module loaded.
2024-05-20 09:17:46,207 - elsapy.elsentity - INFO - Module loaded.
2024-05-20 09:17:46,208 - elsapy.utils - INFO - Module loaded.
2024-05-20 09:17:46,208 - elsapy.elsprofile - INFO - Module loaded.
2024-05-20 09:17:46,209 - elsapy.elsdoc - INFO - Module loaded.
2024-05-20 09:17:46,209 - elsapy.elssearch - INFO - Module loaded.
2024-05-20 09:18:26,395 - elsapy.elsclient - INFO - Module loaded.
2024-05-20 09:18:26,396 - elsapy.elsentity - INFO - Module loaded.
2024-05-20 09:18:26,396 - elsapy.utils - INFO - Module loaded.
2024-05-20 09:18:26,397 - elsapy.elsprofile - INFO - Module loaded.
2024-05-20 09:18:26,397 - elsapy.elsdoc - INFO - Module loaded.
2024-05-20 09:18:26,398 - elsapy.elssearch - INFO - Module loaded.
2024-05-20 09:18:32,855 - elsapy.elsclient - INFO - Module loaded.
2024-05-20 09:18:32,856 - elsapy.elsentity - INFO - Module loaded.
2024-05-20 09:18:32,856 - elsapy.utils - INFO - Module loaded.
2024-05-20 09:18:32,857 - elsapy.elsprofile - INFO - Module loaded.
2024-05-20 09:18:32,857 - elsapy.elsdoc - INFO - Module loaded.
2024-05-20 09:18:32,858 - elsapy.elssearch - INFO - Module loaded.
2024-05-20 09:18:54,250 - elsapy.elsclient - INFO - Module loaded.
2024-05-20 09:18:54,252 - elsapy.elsentity - INFO - Module loaded.
2024-05-20 09:18:54,252 - elsapy.utils - INFO - Module loaded.
2024-05-20 09:18:54,252 - elsapy.elsprofile - INFO - Module loaded.
2024-05-20 09:18:54,253 - elsapy.elsdoc - INFO - Module loaded.
2024-05-20 09:18:54,254 - elsapy.elssearch - INFO - Module loaded.
2024-05-20 09:19:19,957 - elsapy.elsclient - INFO - Module loaded.
2024-05-20 09:19:19,958 - elsapy.elsentity - INFO - Module loaded.
2024-05-20 09:19:19,958 - elsapy.utils - INFO - Module loaded.
2024-05-20 09:19:19,958 - elsapy.elsprofile - INFO - Module loaded.
2024-05-20 09:19:19,959 - elsapy.elsdoc - INFO - Module loaded.
2024-05-20 09:19:19,960 - elsapy.elssearch - INFO - Module loaded.
2024-05-20 09:25:41,163 - elsapy.elsclient - INFO - Module loaded.
2024-05-20 09:25:41,165 - elsapy.elsentity - INFO - Module loaded.
2024-05-20 09:25:41,165 - elsapy.utils - INFO - Module loaded.
2024-05-20 09:25:41,165 - elsapy.elsprofile - INFO - Module loaded.
2024-05-20 09:25:41,166 - elsapy.elsdoc - INFO - Module loaded.
2024-05-20 09:25:41,167 - elsapy.elssearch - INFO - Module loaded.
2024-05-20 09:27:27,662 - elsapy.elsclient - INFO - Module loaded.
2024-05-20 09:27:27,663 - elsapy.elsentity - INFO - Module loaded.
2024-05-20 09:27:27,664 - elsapy.utils - INFO - Module loaded.
2024-05-20 09:27:27,664 - elsapy.elsprofile - INFO - Module loaded.
2024-05-20 09:27:27,665 - elsapy.elsdoc - INFO - Module loaded.
2024-05-20 09:27:27,665 - elsapy.elssearch - INFO - Module loaded.
2024-05-20 09:31:26,096 - elsapy.elsclient - INFO - Module loaded.
2024-05-20 09:31:26,097 - elsapy.elsentity - INFO - Module loaded.
2024-05-20 09:31:26,097 - elsapy.utils - INFO - Module loaded.
2024-05-20 09:31:26,098 - elsapy.elsprofile - INFO - Module loaded.
2024-05-20 09:31:26,098 - elsapy.elsdoc - INFO - Module loaded.
2024-05-20 09:31:26,099 - elsapy.elssearch - INFO - Module loaded.
2024-05-20 09:35:24,648 - elsapy.elsclient - INFO - Module loaded.
2024-05-20 09:35:24,649 - elsapy.elsentity - INFO - Module loaded.
2024-05-20 09:35:24,650 - elsapy.utils - INFO - Module loaded.
2024-05-20 09:35:24,650 - elsapy.elsprofile - INFO - Module loaded.
2024-05-20 09:35:24,651 - elsapy.elsdoc - INFO - Module loaded.
2024-05-20 09:35:24,652 - elsapy.elssearch - INFO - Module loaded.
2024-05-20 09:43:40,316 - elsapy.elsclient - INFO - Module loaded.
2024-05-20 09:43:40,317 - elsapy.elsentity - INFO - Module loaded.
2024-05-20 09:43:40,318 - elsapy.utils - INFO - Module loaded.
2024-05-20 09:43:40,318 - elsapy.elsprofile - INFO - Module loaded.
2024-05-20 09:43:40,319 - elsapy.elsdoc - INFO - Module loaded.
2024-05-20 09:43:40,320 - elsapy.elssearch - INFO - Module loaded.
2024-05-20 09:45:07,726 - elsapy.elsclient - INFO - Module loaded.
2024-05-20 09:45:07,727 - elsapy.elsentity - INFO - Module loaded.
2024-05-20 09:45:07,727 - elsapy.utils - INFO - Module loaded.
2024-05-20 09:45:07,728 - elsapy.elsprofile - INFO - Module loaded.
2024-05-20 09:45:07,728 - elsapy.elsdoc - INFO - Module loaded.
2024-05-20 09:45:07,729 - elsapy.elssearch - INFO - Module loaded.
2024-05-20 09:47:50,199 - elsapy.elsclient - INFO - Module loaded.
2024-05-20 09:47:50,201 - elsapy.elsentity - INFO - Module loaded.
2024-05-20 09:47:50,201 - elsapy.utils - INFO - Module loaded.
2024-05-20 09:47:50,201 - elsapy.elsprofile - INFO - Module loaded.
2024-05-20 09:47:50,202 - elsapy.elsdoc - INFO - Module loaded.
2024-05-20 09:47:50,203 - elsapy.elssearch - INFO - Module loaded.
2024-05-20 09:50:58,068 - elsapy.elsclient - INFO - Module loaded.
2024-05-20 09:50:58,069 - elsapy.elsentity - INFO - Module loaded.
2024-05-20 09:50:58,069 - elsapy.utils - INFO - Module loaded.
2024-05-20 09:50:58,070 - elsapy.elsprofile - INFO - Module loaded.
2024-05-20 09:50:58,070 - elsapy.elsdoc - INFO - Module loaded.
2024-05-20 09:50:58,071 - elsapy.elssearch - INFO - Module loaded.
2024-05-20 10:32:53,360 - elsapy.elsclient - INFO - Module loaded.
2024-05-20 10:32:53,361 - elsapy.elsentity - INFO - Module loaded.
2024-05-20 10:32:53,362 - elsapy.utils - INFO - Module loaded.
2024-05-20 10:32:53,362 - elsapy.elsprofile - INFO - Module loaded.
2024-05-20 10:32:53,363 - elsapy.elsdoc - INFO - Module loaded.
2024-05-20 10:32:53,364 - elsapy.elssearch - INFO - Module loaded.
2024-05-20 10:38:23,237 - elsapy.elsclient - INFO - Module loaded.
2024-05-20 10:38:23,238 - elsapy.elsentity - INFO - Module loaded.
2024-05-20 10:38:23,239 - elsapy.utils - INFO - Module loaded.
2024-05-20 10:38:23,239 - elsapy.elsprofile - INFO - Module loaded.
2024-05-20 10:38:23,240 - elsapy.elsdoc - INFO - Module loaded.
2024-05-20 10:38:23,241 - elsapy.elssearch - INFO - Module loaded.
2024-05-20 10:50:10,277 - elsapy.elsclient - INFO - Module loaded.
2024-05-20 10:50:10,278 - elsapy.elsentity - INFO - Module loaded.
2024-05-20 10:50:10,278 - elsapy.utils - INFO - Module loaded.
2024-05-20 10:50:10,279 - elsapy.elsprofile - INFO - Module loaded.
2024-05-20 10:50:10,279 - elsapy.elsdoc - INFO - Module loaded.
2024-05-20 10:50:10,280 - elsapy.elssearch - INFO - Module loaded.
2024-05-20 10:52:27,168 - elsapy.elsclient - INFO - Module loaded.
2024-05-20 10:52:27,169 - elsapy.elsentity - INFO - Module loaded.
2024-05-20 10:52:27,169 - elsapy.utils - INFO - Module loaded.
2024-05-20 10:52:27,170 - elsapy.elsprofile - INFO - Module loaded.
2024-05-20 10:52:27,170 - elsapy.elsdoc - INFO - Module loaded.
2024-05-20 10:52:27,171 - elsapy.elssearch - INFO - Module loaded.
2024-05-20 10:55:25,791 - elsapy.elsclient - INFO - Module loaded.
2024-05-20 10:55:25,792 - elsapy.elsentity - INFO - Module loaded.
2024-05-20 10:55:25,793 - elsapy.utils - INFO - Module loaded.
2024-05-20 10:55:25,793 - elsapy.elsprofile - INFO - Module loaded.
2024-05-20 10:55:25,794 - elsapy.elsdoc - INFO - Module loaded.
2024-05-20 10:55:25,795 - elsapy.elssearch - INFO - Module loaded.
2024-05-20 10:59:27,508 - elsapy.elsclient - INFO - Module loaded.
2024-05-20 10:59:27,509 - elsapy.elsentity - INFO - Module loaded.
2024-05-20 10:59:27,510 - elsapy.utils - INFO - Module loaded.
2024-05-20 10:59:27,510 - elsapy.elsprofile - INFO - Module loaded.
2024-05-20 10:59:27,511 - elsapy.elsdoc - INFO - Module loaded.
2024-05-20 10:59:27,511 - elsapy.elssearch - INFO - Module loaded.
2024-05-20 11:02:39,630 - elsapy.elsclient - INFO - Module loaded.
2024-05-20 11:02:39,631 - elsapy.elsentity - INFO - Module loaded.
2024-05-20 11:02:39,632 - elsapy.utils - INFO - Module loaded.
2024-05-20 11:02:39,632 - elsapy.elsprofile - INFO - Module loaded.
2024-05-20 11:02:39,633 - elsapy.elsdoc - INFO - Module loaded.
2024-05-20 11:02:39,633 - elsapy.elssearch - INFO - Module loaded.
2024-05-20 11:08:40,215 - elsapy.elsclient - INFO - Module loaded.
2024-05-20 11:08:40,216 - elsapy.elsentity - INFO - Module loaded.
2024-05-20 11:08:40,217 - elsapy.utils - INFO - Module loaded.
2024-05-20 11:08:40,217 - elsapy.elsprofile - INFO - Module loaded.
2024-05-20 11:08:40,218 - elsapy.elsdoc - INFO - Module loaded.
2024-05-20 11:08:40,218 - elsapy.elssearch - INFO - Module loaded.
2024-05-20 11:18:13,635 - elsapy.elsclient - INFO - Module loaded.
2024-05-20 11:18:13,636 - elsapy.elsentity - INFO - Module loaded.
2024-05-20 11:18:13,637 - elsapy.utils - INFO - Module loaded.
2024-05-20 11:18:13,637 - elsapy.elsprofile - INFO - Module loaded.
2024-05-20 11:18:13,638 - elsapy.elsdoc - INFO - Module loaded.
2024-05-20 11:18:13,638 - elsapy.elssearch - INFO - Module loaded.
2024-05-20 11:21:25,552 - elsapy.elsclient - INFO - Module loaded.
2024-05-20 11:21:25,553 - elsapy.elsentity - INFO - Module loaded.
2024-05-20 11:21:25,553 - elsapy.utils - INFO - Module loaded.
2024-05-20 11:21:25,554 - elsapy.elsprofile - INFO - Module loaded.
2024-05-20 11:21:25,554 - elsapy.elsdoc - INFO - Module loaded.
2024-05-20 11:21:25,555 - elsapy.elssearch - INFO - Module loaded.
2024-05-20 11:24:20,379 - elsapy.elsclient - INFO - Module loaded.
2024-05-20 11:24:20,380 - elsapy.elsentity - INFO - Module loaded.
2024-05-20 11:24:20,381 - elsapy.utils - INFO - Module loaded.
2024-05-20 11:24:20,381 - elsapy.elsprofile - INFO - Module loaded.
2024-05-20 11:24:20,382 - elsapy.elsdoc - INFO - Module loaded.
2024-05-20 11:24:20,382 - elsapy.elssearch - INFO - Module loaded.
2024-05-20 11:25:57,411 - elsapy.elsclient - INFO - Module loaded.
2024-05-20 11:25:57,412 - elsapy.elsentity - INFO - Module loaded.
2024-05-20 11:25:57,413 - elsapy.utils - INFO - Module loaded.
2024-05-20 11:25:57,413 - elsapy.elsprofile - INFO - Module loaded.
2024-05-20 11:25:57,414 - elsapy.elsdoc - INFO - Module loaded.
2024-05-20 11:25:57,414 - elsapy.elssearch - INFO - Module loaded.
2024-05-20 11:28:29,503 - elsapy.elsclient - INFO - Module loaded.
2024-05-20 11:28:29,504 - elsapy.elsentity - INFO - Module loaded.
2024-05-20 11:28:29,505 - elsapy.utils - INFO - Module loaded.
2024-05-20 11:28:29,505 - elsapy.elsprofile - INFO - Module loaded.
2024-05-20 11:28:29,506 - elsapy.elsdoc - INFO - Module loaded.
2024-05-20 11:28:29,507 - elsapy.elssearch - INFO - Module loaded.
2024-05-20 12:14:45,249 - elsapy.elsclient - INFO - Module loaded.
2024-05-20 12:14:45,251 - elsapy.elsentity - INFO - Module loaded.
2024-05-20 12:14:45,251 - elsapy.utils - INFO - Module loaded.
2024-05-20 12:14:45,252 - elsapy.elsprofile - INFO - Module loaded.
2024-05-20 12:14:45,252 - elsapy.elsdoc - INFO - Module loaded.
2024-05-20 12:14:45,253 - elsapy.elssearch - INFO - Module loaded.
2024-05-20 12:18:33,083 - elsapy.elsclient - INFO - Module loaded.
2024-05-20 12:18:33,084 - elsapy.elsentity - INFO - Module loaded.
2024-05-20 12:18:33,085 - elsapy.utils - INFO - Module loaded.
2024-05-20 12:18:33,085 - elsapy.elsprofile - INFO - Module loaded.
2024-05-20 12:18:33,086 - elsapy.elsdoc - INFO - Module loaded.
2024-05-20 12:18:33,087 - elsapy.elssearch - INFO - Module loaded.
2024-05-20 12:21:08,799 - elsapy.elsclient - INFO - Module loaded.
2024-05-20 12:21:08,800 - elsapy.elsentity - INFO - Module loaded.
2024-05-20 12:21:08,801 - elsapy.utils - INFO - Module loaded.
2024-05-20 12:21:08,801 - elsapy.elsprofile - INFO - Module loaded.
2024-05-20 12:21:08,801 - elsapy.elsdoc - INFO - Module loaded.
2024-05-20 12:21:08,803 - elsapy.elssearch - INFO - Module loaded.
2024-05-20 12:28:59,100 - elsapy.elsclient - INFO - Module loaded.
2024-05-20 12:28:59,109 - elsapy.elsentity - INFO - Module loaded.
2024-05-20 12:28:59,113 - elsapy.utils - INFO - Module loaded.
2024-05-20 12:28:59,113 - elsapy.elsprofile - INFO - Module loaded.
2024-05-20 12:28:59,118 - elsapy.elsdoc - INFO - Module loaded.
2024-05-20 12:28:59,122 - elsapy.elssearch - INFO - Module loaded.
