2024-07-08 14:41:32,145 - elsapy.elsclient - INFO - Module loaded.
2024-07-08 14:41:32,148 - elsapy.elsentity - INFO - Module loaded.
2024-07-08 14:41:32,149 - elsapy.utils - INFO - Module loaded.
2024-07-08 14:41:32,149 - elsapy.elsprofile - INFO - Module loaded.
2024-07-08 14:41:32,150 - elsapy.elsdoc - INFO - Module loaded.
2024-07-08 14:41:32,151 - elsapy.elssearch - INFO - Module loaded.
2024-07-08 14:43:46,635 - elsapy.elsclient - INFO - Module loaded.
2024-07-08 14:43:46,636 - elsapy.elsentity - INFO - Module loaded.
2024-07-08 14:43:46,637 - elsapy.utils - INFO - Module loaded.
2024-07-08 14:43:46,637 - elsapy.elsprofile - INFO - Module loaded.
2024-07-08 14:43:46,638 - elsapy.elsdoc - INFO - Module loaded.
2024-07-08 14:43:46,640 - elsapy.elssearch - INFO - Module loaded.
2024-07-08 14:47:53,943 - elsapy.elsclient - INFO - Module loaded.
2024-07-08 14:47:53,944 - elsapy.elsentity - INFO - Module loaded.
2024-07-08 14:47:53,945 - elsapy.utils - INFO - Module loaded.
2024-07-08 14:47:53,945 - elsapy.elsprofile - INFO - Module loaded.
2024-07-08 14:47:53,946 - elsapy.elsdoc - INFO - Module loaded.
2024-07-08 14:47:53,946 - elsapy.elssearch - INFO - Module loaded.
2024-07-08 14:48:42,704 - elsapy.elsclient - INFO - Module loaded.
2024-07-08 14:48:42,705 - elsapy.elsentity - INFO - Module loaded.
2024-07-08 14:48:42,706 - elsapy.utils - INFO - Module loaded.
2024-07-08 14:48:42,706 - elsapy.elsprofile - INFO - Module loaded.
2024-07-08 14:48:42,707 - elsapy.elsdoc - INFO - Module loaded.
2024-07-08 14:48:42,708 - elsapy.elssearch - INFO - Module loaded.
2024-07-08 14:53:59,287 - elsapy.elsclient - INFO - Module loaded.
2024-07-08 14:53:59,288 - elsapy.elsentity - INFO - Module loaded.
2024-07-08 14:53:59,289 - elsapy.utils - INFO - Module loaded.
2024-07-08 14:53:59,289 - elsapy.elsprofile - INFO - Module loaded.
2024-07-08 14:53:59,290 - elsapy.elsdoc - INFO - Module loaded.
2024-07-08 14:53:59,290 - elsapy.elssearch - INFO - Module loaded.
2024-07-08 14:54:46,800 - elsapy.elsclient - INFO - Module loaded.
2024-07-08 14:54:46,801 - elsapy.elsentity - INFO - Module loaded.
2024-07-08 14:54:46,802 - elsapy.utils - INFO - Module loaded.
2024-07-08 14:54:46,802 - elsapy.elsprofile - INFO - Module loaded.
2024-07-08 14:54:46,803 - elsapy.elsdoc - INFO - Module loaded.
2024-07-08 14:54:46,803 - elsapy.elssearch - INFO - Module loaded.
2024-07-08 14:59:32,531 - elsapy.elsclient - INFO - Module loaded.
2024-07-08 14:59:32,532 - elsapy.elsentity - INFO - Module loaded.
2024-07-08 14:59:32,532 - elsapy.utils - INFO - Module loaded.
2024-07-08 14:59:32,533 - elsapy.elsprofile - INFO - Module loaded.
2024-07-08 14:59:32,533 - elsapy.elsdoc - INFO - Module loaded.
2024-07-08 14:59:32,534 - elsapy.elssearch - INFO - Module loaded.
2024-07-08 15:01:18,362 - elsapy.elsclient - INFO - Module loaded.
2024-07-08 15:01:18,363 - elsapy.elsentity - INFO - Module loaded.
2024-07-08 15:01:18,364 - elsapy.utils - INFO - Module loaded.
2024-07-08 15:01:18,364 - elsapy.elsprofile - INFO - Module loaded.
2024-07-08 15:01:18,365 - elsapy.elsdoc - INFO - Module loaded.
2024-07-08 15:01:18,366 - elsapy.elssearch - INFO - Module loaded.
2024-07-08 15:10:22,656 - elsapy.elsclient - INFO - Module loaded.
2024-07-08 15:10:22,657 - elsapy.elsentity - INFO - Module loaded.
2024-07-08 15:10:22,658 - elsapy.utils - INFO - Module loaded.
2024-07-08 15:10:22,658 - elsapy.elsprofile - INFO - Module loaded.
2024-07-08 15:10:22,659 - elsapy.elsdoc - INFO - Module loaded.
2024-07-08 15:10:22,660 - elsapy.elssearch - INFO - Module loaded.
2024-07-08 15:12:54,004 - elsapy.elsclient - INFO - Module loaded.
2024-07-08 15:12:54,006 - elsapy.elsentity - INFO - Module loaded.
2024-07-08 15:12:54,006 - elsapy.utils - INFO - Module loaded.
2024-07-08 15:12:54,006 - elsapy.elsprofile - INFO - Module loaded.
2024-07-08 15:12:54,007 - elsapy.elsdoc - INFO - Module loaded.
2024-07-08 15:12:54,008 - elsapy.elssearch - INFO - Module loaded.
2024-07-08 15:22:59,567 - elsapy.elsclient - INFO - Module loaded.
2024-07-08 15:22:59,568 - elsapy.elsentity - INFO - Module loaded.
2024-07-08 15:22:59,569 - elsapy.utils - INFO - Module loaded.
2024-07-08 15:22:59,569 - elsapy.elsprofile - INFO - Module loaded.
2024-07-08 15:22:59,570 - elsapy.elsdoc - INFO - Module loaded.
2024-07-08 15:22:59,571 - elsapy.elssearch - INFO - Module loaded.
2024-07-08 15:25:07,364 - elsapy.elsclient - INFO - Module loaded.
2024-07-08 15:25:07,365 - elsapy.elsentity - INFO - Module loaded.
2024-07-08 15:25:07,366 - elsapy.utils - INFO - Module loaded.
2024-07-08 15:25:07,366 - elsapy.elsprofile - INFO - Module loaded.
2024-07-08 15:25:07,367 - elsapy.elsdoc - INFO - Module loaded.
2024-07-08 15:25:07,368 - elsapy.elssearch - INFO - Module loaded.
2024-07-08 15:25:27,993 - elsapy.elsclient - INFO - Module loaded.
2024-07-08 15:25:27,994 - elsapy.elsentity - INFO - Module loaded.
2024-07-08 15:25:27,994 - elsapy.utils - INFO - Module loaded.
2024-07-08 15:25:27,995 - elsapy.elsprofile - INFO - Module loaded.
2024-07-08 15:25:27,995 - elsapy.elsdoc - INFO - Module loaded.
2024-07-08 15:25:27,996 - elsapy.elssearch - INFO - Module loaded.
2024-07-08 15:26:18,117 - elsapy.elsclient - INFO - Module loaded.
2024-07-08 15:26:18,118 - elsapy.elsentity - INFO - Module loaded.
2024-07-08 15:26:18,119 - elsapy.utils - INFO - Module loaded.
2024-07-08 15:26:18,119 - elsapy.elsprofile - INFO - Module loaded.
2024-07-08 15:26:18,119 - elsapy.elsdoc - INFO - Module loaded.
2024-07-08 15:26:18,120 - elsapy.elssearch - INFO - Module loaded.
2024-07-08 15:26:58,083 - elsapy.elsclient - INFO - Module loaded.
2024-07-08 15:26:58,084 - elsapy.elsentity - INFO - Module loaded.
2024-07-08 15:26:58,085 - elsapy.utils - INFO - Module loaded.
2024-07-08 15:26:58,085 - elsapy.elsprofile - INFO - Module loaded.
2024-07-08 15:26:58,086 - elsapy.elsdoc - INFO - Module loaded.
2024-07-08 15:26:58,086 - elsapy.elssearch - INFO - Module loaded.
2024-07-08 15:28:21,538 - elsapy.elsclient - INFO - Module loaded.
2024-07-08 15:28:21,539 - elsapy.elsentity - INFO - Module loaded.
2024-07-08 15:28:21,540 - elsapy.utils - INFO - Module loaded.
2024-07-08 15:28:21,540 - elsapy.elsprofile - INFO - Module loaded.
2024-07-08 15:28:21,541 - elsapy.elsdoc - INFO - Module loaded.
2024-07-08 15:28:21,542 - elsapy.elssearch - INFO - Module loaded.
2024-07-08 15:29:00,335 - elsapy.elsclient - INFO - Module loaded.
2024-07-08 15:29:00,336 - elsapy.elsentity - INFO - Module loaded.
2024-07-08 15:29:00,337 - elsapy.utils - INFO - Module loaded.
2024-07-08 15:29:00,337 - elsapy.elsprofile - INFO - Module loaded.
2024-07-08 15:29:00,338 - elsapy.elsdoc - INFO - Module loaded.
2024-07-08 15:29:00,338 - elsapy.elssearch - INFO - Module loaded.
2024-07-08 15:29:51,728 - elsapy.elsclient - INFO - Module loaded.
2024-07-08 15:29:51,729 - elsapy.elsentity - INFO - Module loaded.
2024-07-08 15:29:51,730 - elsapy.utils - INFO - Module loaded.
2024-07-08 15:29:51,730 - elsapy.elsprofile - INFO - Module loaded.
2024-07-08 15:29:51,731 - elsapy.elsdoc - INFO - Module loaded.
2024-07-08 15:29:51,731 - elsapy.elssearch - INFO - Module loaded.
2024-07-08 15:30:43,237 - elsapy.elsclient - INFO - Module loaded.
2024-07-08 15:30:43,238 - elsapy.elsentity - INFO - Module loaded.
2024-07-08 15:30:43,239 - elsapy.utils - INFO - Module loaded.
2024-07-08 15:30:43,239 - elsapy.elsprofile - INFO - Module loaded.
2024-07-08 15:30:43,240 - elsapy.elsdoc - INFO - Module loaded.
2024-07-08 15:30:43,240 - elsapy.elssearch - INFO - Module loaded.
2024-07-08 15:34:01,630 - elsapy.elsclient - INFO - Module loaded.
2024-07-08 15:34:01,631 - elsapy.elsentity - INFO - Module loaded.
2024-07-08 15:34:01,631 - elsapy.utils - INFO - Module loaded.
2024-07-08 15:34:01,632 - elsapy.elsprofile - INFO - Module loaded.
2024-07-08 15:34:01,632 - elsapy.elsdoc - INFO - Module loaded.
2024-07-08 15:34:01,632 - elsapy.elssearch - INFO - Module loaded.
2024-07-08 15:34:57,120 - elsapy.elsclient - INFO - Module loaded.
2024-07-08 15:34:57,121 - elsapy.elsentity - INFO - Module loaded.
2024-07-08 15:34:57,121 - elsapy.utils - INFO - Module loaded.
2024-07-08 15:34:57,121 - elsapy.elsprofile - INFO - Module loaded.
2024-07-08 15:34:57,123 - elsapy.elsdoc - INFO - Module loaded.
2024-07-08 15:34:57,123 - elsapy.elssearch - INFO - Module loaded.
2024-07-08 15:35:19,272 - elsapy.elsclient - INFO - Module loaded.
2024-07-08 15:35:19,273 - elsapy.elsentity - INFO - Module loaded.
2024-07-08 15:35:19,274 - elsapy.utils - INFO - Module loaded.
2024-07-08 15:35:19,274 - elsapy.elsprofile - INFO - Module loaded.
2024-07-08 15:35:19,275 - elsapy.elsdoc - INFO - Module loaded.
2024-07-08 15:35:19,275 - elsapy.elssearch - INFO - Module loaded.
2024-07-08 15:36:42,491 - elsapy.elsclient - INFO - Module loaded.
2024-07-08 15:36:42,492 - elsapy.elsentity - INFO - Module loaded.
2024-07-08 15:36:42,493 - elsapy.utils - INFO - Module loaded.
2024-07-08 15:36:42,493 - elsapy.elsprofile - INFO - Module loaded.
2024-07-08 15:36:42,494 - elsapy.elsdoc - INFO - Module loaded.
2024-07-08 15:36:42,495 - elsapy.elssearch - INFO - Module loaded.
2024-07-08 15:38:04,434 - elsapy.elsclient - INFO - Module loaded.
2024-07-08 15:38:04,435 - elsapy.elsentity - INFO - Module loaded.
2024-07-08 15:38:04,435 - elsapy.utils - INFO - Module loaded.
2024-07-08 15:38:04,436 - elsapy.elsprofile - INFO - Module loaded.
2024-07-08 15:38:04,436 - elsapy.elsdoc - INFO - Module loaded.
2024-07-08 15:38:04,437 - elsapy.elssearch - INFO - Module loaded.
2024-07-08 15:38:53,282 - elsapy.elsclient - INFO - Module loaded.
2024-07-08 15:38:53,283 - elsapy.elsentity - INFO - Module loaded.
2024-07-08 15:38:53,284 - elsapy.utils - INFO - Module loaded.
2024-07-08 15:38:53,284 - elsapy.elsprofile - INFO - Module loaded.
2024-07-08 15:38:53,285 - elsapy.elsdoc - INFO - Module loaded.
2024-07-08 15:38:53,285 - elsapy.elssearch - INFO - Module loaded.
2024-07-08 15:39:12,019 - elsapy.elsclient - INFO - Module loaded.
2024-07-08 15:39:12,021 - elsapy.elsentity - INFO - Module loaded.
2024-07-08 15:39:12,021 - elsapy.utils - INFO - Module loaded.
2024-07-08 15:39:12,021 - elsapy.elsprofile - INFO - Module loaded.
2024-07-08 15:39:12,022 - elsapy.elsdoc - INFO - Module loaded.
2024-07-08 15:39:12,023 - elsapy.elssearch - INFO - Module loaded.
2024-07-08 15:39:35,239 - elsapy.elsclient - INFO - Module loaded.
2024-07-08 15:39:35,240 - elsapy.elsentity - INFO - Module loaded.
2024-07-08 15:39:35,241 - elsapy.utils - INFO - Module loaded.
2024-07-08 15:39:35,241 - elsapy.elsprofile - INFO - Module loaded.
2024-07-08 15:39:35,242 - elsapy.elsdoc - INFO - Module loaded.
2024-07-08 15:39:35,242 - elsapy.elssearch - INFO - Module loaded.
2024-07-08 15:42:37,940 - elsapy.elsclient - INFO - Module loaded.
2024-07-08 15:42:37,941 - elsapy.elsentity - INFO - Module loaded.
2024-07-08 15:42:37,942 - elsapy.utils - INFO - Module loaded.
2024-07-08 15:42:37,942 - elsapy.elsprofile - INFO - Module loaded.
2024-07-08 15:42:37,943 - elsapy.elsdoc - INFO - Module loaded.
2024-07-08 15:42:37,944 - elsapy.elssearch - INFO - Module loaded.
2024-07-08 15:43:31,508 - elsapy.elsclient - INFO - Module loaded.
2024-07-08 15:43:31,509 - elsapy.elsentity - INFO - Module loaded.
2024-07-08 15:43:31,510 - elsapy.utils - INFO - Module loaded.
2024-07-08 15:43:31,510 - elsapy.elsprofile - INFO - Module loaded.
2024-07-08 15:43:31,511 - elsapy.elsdoc - INFO - Module loaded.
2024-07-08 15:43:31,512 - elsapy.elssearch - INFO - Module loaded.
2024-07-08 15:43:46,598 - elsapy.elsclient - INFO - Module loaded.
2024-07-08 15:43:46,599 - elsapy.elsentity - INFO - Module loaded.
2024-07-08 15:43:46,599 - elsapy.utils - INFO - Module loaded.
2024-07-08 15:43:46,600 - elsapy.elsprofile - INFO - Module loaded.
2024-07-08 15:43:46,600 - elsapy.elsdoc - INFO - Module loaded.
2024-07-08 15:43:46,601 - elsapy.elssearch - INFO - Module loaded.
2024-07-08 15:44:25,291 - elsapy.elsclient - INFO - Module loaded.
2024-07-08 15:44:25,292 - elsapy.elsentity - INFO - Module loaded.
2024-07-08 15:44:25,292 - elsapy.utils - INFO - Module loaded.
2024-07-08 15:44:25,293 - elsapy.elsprofile - INFO - Module loaded.
2024-07-08 15:44:25,293 - elsapy.elsdoc - INFO - Module loaded.
2024-07-08 15:44:25,294 - elsapy.elssearch - INFO - Module loaded.
2024-07-08 15:44:47,852 - elsapy.elsclient - INFO - Module loaded.
2024-07-08 15:44:47,853 - elsapy.elsentity - INFO - Module loaded.
2024-07-08 15:44:47,854 - elsapy.utils - INFO - Module loaded.
2024-07-08 15:44:47,854 - elsapy.elsprofile - INFO - Module loaded.
2024-07-08 15:44:47,855 - elsapy.elsdoc - INFO - Module loaded.
2024-07-08 15:44:47,856 - elsapy.elssearch - INFO - Module loaded.
2024-07-08 15:45:01,097 - elsapy.elsclient - INFO - Module loaded.
2024-07-08 15:45:01,099 - elsapy.elsentity - INFO - Module loaded.
2024-07-08 15:45:01,099 - elsapy.utils - INFO - Module loaded.
2024-07-08 15:45:01,100 - elsapy.elsprofile - INFO - Module loaded.
2024-07-08 15:45:01,100 - elsapy.elsdoc - INFO - Module loaded.
2024-07-08 15:45:01,101 - elsapy.elssearch - INFO - Module loaded.
2024-07-08 15:50:01,845 - elsapy.elsclient - INFO - Module loaded.
2024-07-08 15:50:01,846 - elsapy.elsentity - INFO - Module loaded.
2024-07-08 15:50:01,846 - elsapy.utils - INFO - Module loaded.
2024-07-08 15:50:01,847 - elsapy.elsprofile - INFO - Module loaded.
2024-07-08 15:50:01,847 - elsapy.elsdoc - INFO - Module loaded.
2024-07-08 15:50:01,848 - elsapy.elssearch - INFO - Module loaded.
2024-07-08 15:55:36,989 - elsapy.elsclient - INFO - Module loaded.
2024-07-08 15:55:36,990 - elsapy.elsentity - INFO - Module loaded.
2024-07-08 15:55:36,990 - elsapy.utils - INFO - Module loaded.
2024-07-08 15:55:36,991 - elsapy.elsprofile - INFO - Module loaded.
2024-07-08 15:55:36,991 - elsapy.elsdoc - INFO - Module loaded.
2024-07-08 15:55:36,992 - elsapy.elssearch - INFO - Module loaded.
2024-07-08 16:08:05,344 - elsapy.elsclient - INFO - Module loaded.
2024-07-08 16:08:05,346 - elsapy.elsentity - INFO - Module loaded.
2024-07-08 16:08:05,346 - elsapy.utils - INFO - Module loaded.
2024-07-08 16:08:05,346 - elsapy.elsprofile - INFO - Module loaded.
2024-07-08 16:08:05,347 - elsapy.elsdoc - INFO - Module loaded.
2024-07-08 16:08:05,348 - elsapy.elssearch - INFO - Module loaded.
2024-07-08 16:08:23,841 - elsapy.elsclient - INFO - Module loaded.
2024-07-08 16:08:23,842 - elsapy.elsentity - INFO - Module loaded.
2024-07-08 16:08:23,843 - elsapy.utils - INFO - Module loaded.
2024-07-08 16:08:23,843 - elsapy.elsprofile - INFO - Module loaded.
2024-07-08 16:08:23,844 - elsapy.elsdoc - INFO - Module loaded.
2024-07-08 16:08:23,844 - elsapy.elssearch - INFO - Module loaded.
2024-07-08 16:08:44,295 - elsapy.elsclient - INFO - Module loaded.
2024-07-08 16:08:44,296 - elsapy.elsentity - INFO - Module loaded.
2024-07-08 16:08:44,296 - elsapy.utils - INFO - Module loaded.
2024-07-08 16:08:44,296 - elsapy.elsprofile - INFO - Module loaded.
2024-07-08 16:08:44,297 - elsapy.elsdoc - INFO - Module loaded.
2024-07-08 16:08:44,298 - elsapy.elssearch - INFO - Module loaded.
