2024-08-27 19:11:21,602 - elsapy.elsclient - INFO - Module loaded.
2024-08-27 19:11:21,604 - elsapy.elsentity - INFO - Module loaded.
2024-08-27 19:11:21,605 - elsapy.utils - INFO - Module loaded.
2024-08-27 19:11:21,605 - elsapy.elsprofile - INFO - Module loaded.
2024-08-27 19:11:21,606 - elsapy.elsdoc - INFO - Module loaded.
2024-08-27 19:11:21,608 - elsapy.elssearch - INFO - Module loaded.
2024-08-27 19:14:01,709 - elsapy.elsclient - INFO - Module loaded.
2024-08-27 19:14:01,710 - elsapy.elsentity - INFO - Module loaded.
2024-08-27 19:14:01,711 - elsapy.utils - INFO - Module loaded.
2024-08-27 19:14:01,711 - elsapy.elsprofile - INFO - Module loaded.
2024-08-27 19:14:01,712 - elsapy.elsdoc - INFO - Module loaded.
2024-08-27 19:14:01,714 - elsapy.elssearch - INFO - Module loaded.
2024-08-27 19:14:34,479 - elsapy.elsclient - INFO - Module loaded.
2024-08-27 19:14:34,480 - elsapy.elsentity - INFO - Module loaded.
2024-08-27 19:14:34,480 - elsapy.utils - INFO - Module loaded.
2024-08-27 19:14:34,481 - elsapy.elsprofile - INFO - Module loaded.
2024-08-27 19:14:34,481 - elsapy.elsdoc - INFO - Module loaded.
2024-08-27 19:14:34,482 - elsapy.elssearch - INFO - Module loaded.
2024-08-27 21:01:51,224 - elsapy.elsclient - INFO - Module loaded.
2024-08-27 21:01:51,225 - elsapy.elsentity - INFO - Module loaded.
2024-08-27 21:01:51,226 - elsapy.utils - INFO - Module loaded.
2024-08-27 21:01:51,226 - elsapy.elsprofile - INFO - Module loaded.
2024-08-27 21:01:51,227 - elsapy.elsdoc - INFO - Module loaded.
2024-08-27 21:01:51,228 - elsapy.elssearch - INFO - Module loaded.
2024-08-27 21:02:54,557 - elsapy.elsclient - INFO - Module loaded.
2024-08-27 21:02:54,558 - elsapy.elsentity - INFO - Module loaded.
2024-08-27 21:02:54,559 - elsapy.utils - INFO - Module loaded.
2024-08-27 21:02:54,559 - elsapy.elsprofile - INFO - Module loaded.
2024-08-27 21:02:54,560 - elsapy.elsdoc - INFO - Module loaded.
2024-08-27 21:02:54,560 - elsapy.elssearch - INFO - Module loaded.
2024-08-27 21:03:56,143 - elsapy.elsclient - INFO - Module loaded.
2024-08-27 21:03:56,144 - elsapy.elsentity - INFO - Module loaded.
2024-08-27 21:03:56,145 - elsapy.utils - INFO - Module loaded.
2024-08-27 21:03:56,145 - elsapy.elsprofile - INFO - Module loaded.
2024-08-27 21:03:56,146 - elsapy.elsdoc - INFO - Module loaded.
2024-08-27 21:03:56,147 - elsapy.elssearch - INFO - Module loaded.
2024-08-27 21:06:15,233 - elsapy.elsclient - INFO - Module loaded.
2024-08-27 21:06:15,234 - elsapy.elsentity - INFO - Module loaded.
2024-08-27 21:06:15,235 - elsapy.utils - INFO - Module loaded.
2024-08-27 21:06:15,236 - elsapy.elsprofile - INFO - Module loaded.
2024-08-27 21:06:15,236 - elsapy.elsdoc - INFO - Module loaded.
2024-08-27 21:06:15,237 - elsapy.elssearch - INFO - Module loaded.
2024-08-27 22:12:29,676 - elsapy.elsclient - INFO - Module loaded.
2024-08-27 22:12:29,677 - elsapy.elsentity - INFO - Module loaded.
2024-08-27 22:12:29,678 - elsapy.utils - INFO - Module loaded.
2024-08-27 22:12:29,678 - elsapy.elsprofile - INFO - Module loaded.
2024-08-27 22:12:29,679 - elsapy.elsdoc - INFO - Module loaded.
2024-08-27 22:12:29,679 - elsapy.elssearch - INFO - Module loaded.
2024-08-27 22:13:53,013 - elsapy.elsclient - INFO - Module loaded.
2024-08-27 22:13:53,014 - elsapy.elsentity - INFO - Module loaded.
2024-08-27 22:13:53,014 - elsapy.utils - INFO - Module loaded.
2024-08-27 22:13:53,015 - elsapy.elsprofile - INFO - Module loaded.
2024-08-27 22:13:53,015 - elsapy.elsdoc - INFO - Module loaded.
2024-08-27 22:13:53,016 - elsapy.elssearch - INFO - Module loaded.
2024-08-27 22:16:53,301 - elsapy.elsclient - INFO - Module loaded.
2024-08-27 22:16:53,302 - elsapy.elsentity - INFO - Module loaded.
2024-08-27 22:16:53,302 - elsapy.utils - INFO - Module loaded.
2024-08-27 22:16:53,303 - elsapy.elsprofile - INFO - Module loaded.
2024-08-27 22:16:53,303 - elsapy.elsdoc - INFO - Module loaded.
2024-08-27 22:16:53,304 - elsapy.elssearch - INFO - Module loaded.
2024-08-27 22:17:52,460 - elsapy.elsclient - INFO - Module loaded.
2024-08-27 22:17:52,461 - elsapy.elsentity - INFO - Module loaded.
2024-08-27 22:17:52,461 - elsapy.utils - INFO - Module loaded.
2024-08-27 22:17:52,462 - elsapy.elsprofile - INFO - Module loaded.
2024-08-27 22:17:52,462 - elsapy.elsdoc - INFO - Module loaded.
2024-08-27 22:17:52,463 - elsapy.elssearch - INFO - Module loaded.
2024-08-27 22:21:58,885 - elsapy.elsclient - INFO - Module loaded.
2024-08-27 22:21:58,886 - elsapy.elsentity - INFO - Module loaded.
2024-08-27 22:21:58,887 - elsapy.utils - INFO - Module loaded.
2024-08-27 22:21:58,887 - elsapy.elsprofile - INFO - Module loaded.
2024-08-27 22:21:58,887 - elsapy.elsdoc - INFO - Module loaded.
2024-08-27 22:21:58,888 - elsapy.elssearch - INFO - Module loaded.
2024-08-27 22:22:26,341 - elsapy.elsclient - INFO - Module loaded.
2024-08-27 22:22:26,342 - elsapy.elsentity - INFO - Module loaded.
2024-08-27 22:22:26,343 - elsapy.utils - INFO - Module loaded.
2024-08-27 22:22:26,343 - elsapy.elsprofile - INFO - Module loaded.
2024-08-27 22:22:26,344 - elsapy.elsdoc - INFO - Module loaded.
2024-08-27 22:22:26,345 - elsapy.elssearch - INFO - Module loaded.
2024-08-27 22:28:27,502 - elsapy.elsclient - INFO - Module loaded.
2024-08-27 22:28:27,503 - elsapy.elsentity - INFO - Module loaded.
2024-08-27 22:28:27,503 - elsapy.utils - INFO - Module loaded.
2024-08-27 22:28:27,504 - elsapy.elsprofile - INFO - Module loaded.
2024-08-27 22:28:27,504 - elsapy.elsdoc - INFO - Module loaded.
2024-08-27 22:28:27,505 - elsapy.elssearch - INFO - Module loaded.
2024-08-27 22:31:26,237 - elsapy.elsclient - INFO - Module loaded.
2024-08-27 22:31:26,238 - elsapy.elsentity - INFO - Module loaded.
2024-08-27 22:31:26,239 - elsapy.utils - INFO - Module loaded.
2024-08-27 22:31:26,239 - elsapy.elsprofile - INFO - Module loaded.
2024-08-27 22:31:26,240 - elsapy.elsdoc - INFO - Module loaded.
2024-08-27 22:31:26,240 - elsapy.elssearch - INFO - Module loaded.
2024-08-27 22:33:40,750 - elsapy.elsclient - INFO - Module loaded.
2024-08-27 22:33:40,751 - elsapy.elsentity - INFO - Module loaded.
2024-08-27 22:33:40,751 - elsapy.utils - INFO - Module loaded.
2024-08-27 22:33:40,752 - elsapy.elsprofile - INFO - Module loaded.
2024-08-27 22:33:40,752 - elsapy.elsdoc - INFO - Module loaded.
2024-08-27 22:33:40,753 - elsapy.elssearch - INFO - Module loaded.
2024-08-27 22:34:30,517 - elsapy.elsclient - INFO - Module loaded.
2024-08-27 22:34:30,518 - elsapy.elsentity - INFO - Module loaded.
2024-08-27 22:34:30,519 - elsapy.utils - INFO - Module loaded.
2024-08-27 22:34:30,519 - elsapy.elsprofile - INFO - Module loaded.
2024-08-27 22:34:30,520 - elsapy.elsdoc - INFO - Module loaded.
2024-08-27 22:34:30,520 - elsapy.elssearch - INFO - Module loaded.
2024-08-27 22:36:22,813 - elsapy.elsclient - INFO - Module loaded.
2024-08-27 22:36:22,814 - elsapy.elsentity - INFO - Module loaded.
2024-08-27 22:36:22,814 - elsapy.utils - INFO - Module loaded.
2024-08-27 22:36:22,815 - elsapy.elsprofile - INFO - Module loaded.
2024-08-27 22:36:22,815 - elsapy.elsdoc - INFO - Module loaded.
2024-08-27 22:36:22,816 - elsapy.elssearch - INFO - Module loaded.
2024-08-27 22:38:46,457 - elsapy.elsclient - INFO - Module loaded.
2024-08-27 22:38:46,458 - elsapy.elsentity - INFO - Module loaded.
2024-08-27 22:38:46,458 - elsapy.utils - INFO - Module loaded.
2024-08-27 22:38:46,459 - elsapy.elsprofile - INFO - Module loaded.
2024-08-27 22:38:46,459 - elsapy.elsdoc - INFO - Module loaded.
2024-08-27 22:38:46,460 - elsapy.elssearch - INFO - Module loaded.
2024-08-27 22:39:51,244 - elsapy.elsclient - INFO - Module loaded.
2024-08-27 22:39:51,245 - elsapy.elsentity - INFO - Module loaded.
2024-08-27 22:39:51,246 - elsapy.utils - INFO - Module loaded.
2024-08-27 22:39:51,246 - elsapy.elsprofile - INFO - Module loaded.
2024-08-27 22:39:51,247 - elsapy.elsdoc - INFO - Module loaded.
2024-08-27 22:39:51,247 - elsapy.elssearch - INFO - Module loaded.
2024-08-27 22:42:47,709 - elsapy.elsclient - INFO - Module loaded.
2024-08-27 22:42:47,710 - elsapy.elsentity - INFO - Module loaded.
2024-08-27 22:42:47,711 - elsapy.utils - INFO - Module loaded.
2024-08-27 22:42:47,711 - elsapy.elsprofile - INFO - Module loaded.
2024-08-27 22:42:47,712 - elsapy.elsdoc - INFO - Module loaded.
2024-08-27 22:42:47,712 - elsapy.elssearch - INFO - Module loaded.
2024-08-27 22:44:52,873 - elsapy.elsclient - INFO - Module loaded.
2024-08-27 22:44:52,875 - elsapy.elsentity - INFO - Module loaded.
2024-08-27 22:44:52,875 - elsapy.utils - INFO - Module loaded.
2024-08-27 22:44:52,875 - elsapy.elsprofile - INFO - Module loaded.
2024-08-27 22:44:52,876 - elsapy.elsdoc - INFO - Module loaded.
2024-08-27 22:44:52,877 - elsapy.elssearch - INFO - Module loaded.
2024-08-27 22:46:14,039 - elsapy.elsclient - INFO - Module loaded.
2024-08-27 22:46:14,040 - elsapy.elsentity - INFO - Module loaded.
2024-08-27 22:46:14,041 - elsapy.utils - INFO - Module loaded.
2024-08-27 22:46:14,041 - elsapy.elsprofile - INFO - Module loaded.
2024-08-27 22:46:14,042 - elsapy.elsdoc - INFO - Module loaded.
2024-08-27 22:46:14,043 - elsapy.elssearch - INFO - Module loaded.
2024-08-27 22:46:51,027 - elsapy.elsclient - INFO - Module loaded.
2024-08-27 22:46:51,028 - elsapy.elsentity - INFO - Module loaded.
2024-08-27 22:46:51,029 - elsapy.utils - INFO - Module loaded.
2024-08-27 22:46:51,029 - elsapy.elsprofile - INFO - Module loaded.
2024-08-27 22:46:51,030 - elsapy.elsdoc - INFO - Module loaded.
2024-08-27 22:46:51,030 - elsapy.elssearch - INFO - Module loaded.
2024-08-27 22:49:11,327 - elsapy.elsclient - INFO - Module loaded.
2024-08-27 22:49:11,328 - elsapy.elsentity - INFO - Module loaded.
2024-08-27 22:49:11,329 - elsapy.utils - INFO - Module loaded.
2024-08-27 22:49:11,329 - elsapy.elsprofile - INFO - Module loaded.
2024-08-27 22:49:11,329 - elsapy.elsdoc - INFO - Module loaded.
2024-08-27 22:49:11,330 - elsapy.elssearch - INFO - Module loaded.
2024-08-27 22:55:11,704 - elsapy.elsclient - INFO - Module loaded.
2024-08-27 22:55:11,705 - elsapy.elsentity - INFO - Module loaded.
2024-08-27 22:55:11,706 - elsapy.utils - INFO - Module loaded.
2024-08-27 22:55:11,706 - elsapy.elsprofile - INFO - Module loaded.
2024-08-27 22:55:11,706 - elsapy.elsdoc - INFO - Module loaded.
2024-08-27 22:55:11,707 - elsapy.elssearch - INFO - Module loaded.
2024-08-27 22:55:57,963 - elsapy.elsclient - INFO - Module loaded.
2024-08-27 22:55:57,965 - elsapy.elsentity - INFO - Module loaded.
2024-08-27 22:55:57,965 - elsapy.utils - INFO - Module loaded.
2024-08-27 22:55:57,966 - elsapy.elsprofile - INFO - Module loaded.
2024-08-27 22:55:57,966 - elsapy.elsdoc - INFO - Module loaded.
2024-08-27 22:55:57,967 - elsapy.elssearch - INFO - Module loaded.
2024-08-27 23:21:12,623 - elsapy.elsclient - INFO - Module loaded.
2024-08-27 23:21:12,624 - elsapy.elsentity - INFO - Module loaded.
2024-08-27 23:21:12,625 - elsapy.utils - INFO - Module loaded.
2024-08-27 23:21:12,625 - elsapy.elsprofile - INFO - Module loaded.
2024-08-27 23:21:12,626 - elsapy.elsdoc - INFO - Module loaded.
2024-08-27 23:21:12,626 - elsapy.elssearch - INFO - Module loaded.
2024-08-27 23:22:17,468 - elsapy.elsclient - INFO - Module loaded.
2024-08-27 23:22:17,469 - elsapy.elsentity - INFO - Module loaded.
2024-08-27 23:22:17,470 - elsapy.utils - INFO - Module loaded.
2024-08-27 23:22:17,470 - elsapy.elsprofile - INFO - Module loaded.
2024-08-27 23:22:17,471 - elsapy.elsdoc - INFO - Module loaded.
2024-08-27 23:22:17,471 - elsapy.elssearch - INFO - Module loaded.
2024-08-27 23:23:57,045 - elsapy.elsclient - INFO - Module loaded.
2024-08-27 23:23:57,046 - elsapy.elsentity - INFO - Module loaded.
2024-08-27 23:23:57,047 - elsapy.utils - INFO - Module loaded.
2024-08-27 23:23:57,047 - elsapy.elsprofile - INFO - Module loaded.
2024-08-27 23:23:57,048 - elsapy.elsdoc - INFO - Module loaded.
2024-08-27 23:23:57,048 - elsapy.elssearch - INFO - Module loaded.
