2024-09-01 14:55:57,289 - elsapy.elsclient - INFO - Module loaded.
2024-09-01 14:55:57,290 - elsapy.elsentity - INFO - Module loaded.
2024-09-01 14:55:57,291 - elsapy.utils - INFO - Module loaded.
2024-09-01 14:55:57,291 - elsapy.elsprofile - INFO - Module loaded.
2024-09-01 14:55:57,292 - elsapy.elsdoc - INFO - Module loaded.
2024-09-01 14:55:57,292 - elsapy.elssearch - INFO - Module loaded.
2024-09-01 15:49:13,310 - elsapy.elsclient - INFO - Module loaded.
2024-09-01 15:49:13,311 - elsapy.elsentity - INFO - Module loaded.
2024-09-01 15:49:13,312 - elsapy.utils - INFO - Module loaded.
2024-09-01 15:49:13,312 - elsapy.elsprofile - INFO - Module loaded.
2024-09-01 15:49:13,313 - elsapy.elsdoc - INFO - Module loaded.
2024-09-01 15:49:13,315 - elsapy.elssearch - INFO - Module loaded.
2024-09-01 15:50:31,124 - elsapy.elsclient - INFO - Module loaded.
2024-09-01 15:50:31,125 - elsapy.elsentity - INFO - Module loaded.
2024-09-01 15:50:31,126 - elsapy.utils - INFO - Module loaded.
2024-09-01 15:50:31,126 - elsapy.elsprofile - INFO - Module loaded.
2024-09-01 15:50:31,127 - elsapy.elsdoc - INFO - Module loaded.
2024-09-01 15:50:31,128 - elsapy.elssearch - INFO - Module loaded.
2024-09-01 15:50:59,097 - elsapy.elsclient - INFO - Module loaded.
2024-09-01 15:50:59,098 - elsapy.elsentity - INFO - Module loaded.
2024-09-01 15:50:59,099 - elsapy.utils - INFO - Module loaded.
2024-09-01 15:50:59,099 - elsapy.elsprofile - INFO - Module loaded.
2024-09-01 15:50:59,100 - elsapy.elsdoc - INFO - Module loaded.
2024-09-01 15:50:59,100 - elsapy.elssearch - INFO - Module loaded.
2024-09-01 15:53:21,078 - elsapy.elsclient - INFO - Module loaded.
2024-09-01 15:53:21,080 - elsapy.elsentity - INFO - Module loaded.
2024-09-01 15:53:21,080 - elsapy.utils - INFO - Module loaded.
2024-09-01 15:53:21,080 - elsapy.elsprofile - INFO - Module loaded.
2024-09-01 15:53:21,081 - elsapy.elsdoc - INFO - Module loaded.
2024-09-01 15:53:21,082 - elsapy.elssearch - INFO - Module loaded.
2024-09-01 15:59:16,661 - elsapy.elsclient - INFO - Module loaded.
2024-09-01 15:59:16,662 - elsapy.elsentity - INFO - Module loaded.
2024-09-01 15:59:16,663 - elsapy.utils - INFO - Module loaded.
2024-09-01 15:59:16,663 - elsapy.elsprofile - INFO - Module loaded.
2024-09-01 15:59:16,664 - elsapy.elsdoc - INFO - Module loaded.
2024-09-01 15:59:16,665 - elsapy.elssearch - INFO - Module loaded.
2024-09-01 16:03:10,352 - elsapy.elsclient - INFO - Module loaded.
2024-09-01 16:03:10,353 - elsapy.elsentity - INFO - Module loaded.
2024-09-01 16:03:10,354 - elsapy.utils - INFO - Module loaded.
2024-09-01 16:03:10,354 - elsapy.elsprofile - INFO - Module loaded.
2024-09-01 16:03:10,355 - elsapy.elsdoc - INFO - Module loaded.
2024-09-01 16:03:10,355 - elsapy.elssearch - INFO - Module loaded.
2024-09-01 16:06:02,878 - elsapy.elsclient - INFO - Module loaded.
2024-09-01 16:06:02,879 - elsapy.elsentity - INFO - Module loaded.
2024-09-01 16:06:02,880 - elsapy.utils - INFO - Module loaded.
2024-09-01 16:06:02,880 - elsapy.elsprofile - INFO - Module loaded.
2024-09-01 16:06:02,881 - elsapy.elsdoc - INFO - Module loaded.
2024-09-01 16:06:02,882 - elsapy.elssearch - INFO - Module loaded.
2024-09-01 16:07:01,974 - elsapy.elsclient - INFO - Module loaded.
2024-09-01 16:07:01,975 - elsapy.elsentity - INFO - Module loaded.
2024-09-01 16:07:01,976 - elsapy.utils - INFO - Module loaded.
2024-09-01 16:07:01,976 - elsapy.elsprofile - INFO - Module loaded.
2024-09-01 16:07:01,977 - elsapy.elsdoc - INFO - Module loaded.
2024-09-01 16:07:01,978 - elsapy.elssearch - INFO - Module loaded.
2024-09-01 16:08:34,851 - elsapy.elsclient - INFO - Module loaded.
2024-09-01 16:08:34,853 - elsapy.elsentity - INFO - Module loaded.
2024-09-01 16:08:34,853 - elsapy.utils - INFO - Module loaded.
2024-09-01 16:08:34,854 - elsapy.elsprofile - INFO - Module loaded.
2024-09-01 16:08:34,854 - elsapy.elsdoc - INFO - Module loaded.
2024-09-01 16:08:34,855 - elsapy.elssearch - INFO - Module loaded.
2024-09-01 16:08:57,062 - elsapy.elsclient - INFO - Module loaded.
2024-09-01 16:08:57,063 - elsapy.elsentity - INFO - Module loaded.
2024-09-01 16:08:57,063 - elsapy.utils - INFO - Module loaded.
2024-09-01 16:08:57,064 - elsapy.elsprofile - INFO - Module loaded.
2024-09-01 16:08:57,064 - elsapy.elsdoc - INFO - Module loaded.
2024-09-01 16:08:57,065 - elsapy.elssearch - INFO - Module loaded.
2024-09-01 16:12:37,931 - elsapy.elsclient - INFO - Module loaded.
2024-09-01 16:12:37,932 - elsapy.elsentity - INFO - Module loaded.
2024-09-01 16:12:37,932 - elsapy.utils - INFO - Module loaded.
2024-09-01 16:12:37,933 - elsapy.elsprofile - INFO - Module loaded.
2024-09-01 16:12:37,933 - elsapy.elsdoc - INFO - Module loaded.
2024-09-01 16:12:37,934 - elsapy.elssearch - INFO - Module loaded.
2024-09-01 16:13:22,055 - elsapy.elsclient - INFO - Module loaded.
2024-09-01 16:13:22,056 - elsapy.elsentity - INFO - Module loaded.
2024-09-01 16:13:22,057 - elsapy.utils - INFO - Module loaded.
2024-09-01 16:13:22,057 - elsapy.elsprofile - INFO - Module loaded.
2024-09-01 16:13:22,058 - elsapy.elsdoc - INFO - Module loaded.
2024-09-01 16:13:22,058 - elsapy.elssearch - INFO - Module loaded.
2024-09-01 16:16:04,935 - elsapy.elsclient - INFO - Module loaded.
2024-09-01 16:16:04,936 - elsapy.elsentity - INFO - Module loaded.
2024-09-01 16:16:04,937 - elsapy.utils - INFO - Module loaded.
2024-09-01 16:16:04,937 - elsapy.elsprofile - INFO - Module loaded.
2024-09-01 16:16:04,938 - elsapy.elsdoc - INFO - Module loaded.
2024-09-01 16:16:04,938 - elsapy.elssearch - INFO - Module loaded.
2024-09-01 16:17:09,669 - elsapy.elsclient - INFO - Module loaded.
2024-09-01 16:17:09,670 - elsapy.elsentity - INFO - Module loaded.
2024-09-01 16:17:09,671 - elsapy.utils - INFO - Module loaded.
2024-09-01 16:17:09,671 - elsapy.elsprofile - INFO - Module loaded.
2024-09-01 16:17:09,672 - elsapy.elsdoc - INFO - Module loaded.
2024-09-01 16:17:09,673 - elsapy.elssearch - INFO - Module loaded.
2024-09-01 16:19:06,576 - elsapy.elsclient - INFO - Module loaded.
2024-09-01 16:19:06,578 - elsapy.elsentity - INFO - Module loaded.
2024-09-01 16:19:06,578 - elsapy.utils - INFO - Module loaded.
2024-09-01 16:19:06,579 - elsapy.elsprofile - INFO - Module loaded.
2024-09-01 16:19:06,579 - elsapy.elsdoc - INFO - Module loaded.
2024-09-01 16:19:06,580 - elsapy.elssearch - INFO - Module loaded.
2024-09-01 16:26:39,078 - elsapy.elsclient - INFO - Module loaded.
2024-09-01 16:26:39,080 - elsapy.elsentity - INFO - Module loaded.
2024-09-01 16:26:39,080 - elsapy.utils - INFO - Module loaded.
2024-09-01 16:26:39,081 - elsapy.elsprofile - INFO - Module loaded.
2024-09-01 16:26:39,081 - elsapy.elsdoc - INFO - Module loaded.
2024-09-01 16:26:39,082 - elsapy.elssearch - INFO - Module loaded.
2024-09-01 16:28:37,838 - elsapy.elsclient - INFO - Module loaded.
2024-09-01 16:28:37,839 - elsapy.elsentity - INFO - Module loaded.
2024-09-01 16:28:37,839 - elsapy.utils - INFO - Module loaded.
2024-09-01 16:28:37,840 - elsapy.elsprofile - INFO - Module loaded.
2024-09-01 16:28:37,840 - elsapy.elsdoc - INFO - Module loaded.
2024-09-01 16:28:37,841 - elsapy.elssearch - INFO - Module loaded.
2024-09-01 16:40:05,081 - elsapy.elsclient - INFO - Module loaded.
2024-09-01 16:40:05,082 - elsapy.elsentity - INFO - Module loaded.
2024-09-01 16:40:05,083 - elsapy.utils - INFO - Module loaded.
2024-09-01 16:40:05,083 - elsapy.elsprofile - INFO - Module loaded.
2024-09-01 16:40:05,084 - elsapy.elsdoc - INFO - Module loaded.
2024-09-01 16:40:05,085 - elsapy.elssearch - INFO - Module loaded.
2024-09-01 16:42:36,729 - elsapy.elsclient - INFO - Module loaded.
2024-09-01 16:42:36,730 - elsapy.elsentity - INFO - Module loaded.
2024-09-01 16:42:36,731 - elsapy.utils - INFO - Module loaded.
2024-09-01 16:42:36,731 - elsapy.elsprofile - INFO - Module loaded.
2024-09-01 16:42:36,732 - elsapy.elsdoc - INFO - Module loaded.
2024-09-01 16:42:36,733 - elsapy.elssearch - INFO - Module loaded.
2024-09-01 16:43:12,025 - elsapy.elsclient - INFO - Module loaded.
2024-09-01 16:43:12,026 - elsapy.elsentity - INFO - Module loaded.
2024-09-01 16:43:12,026 - elsapy.utils - INFO - Module loaded.
2024-09-01 16:43:12,027 - elsapy.elsprofile - INFO - Module loaded.
2024-09-01 16:43:12,027 - elsapy.elsdoc - INFO - Module loaded.
2024-09-01 16:43:12,028 - elsapy.elssearch - INFO - Module loaded.
2024-09-01 16:44:03,485 - elsapy.elsclient - INFO - Module loaded.
2024-09-01 16:44:03,486 - elsapy.elsentity - INFO - Module loaded.
2024-09-01 16:44:03,487 - elsapy.utils - INFO - Module loaded.
2024-09-01 16:44:03,487 - elsapy.elsprofile - INFO - Module loaded.
2024-09-01 16:44:03,488 - elsapy.elsdoc - INFO - Module loaded.
2024-09-01 16:44:03,488 - elsapy.elssearch - INFO - Module loaded.
2024-09-01 16:44:17,724 - elsapy.elsclient - INFO - Module loaded.
2024-09-01 16:44:17,725 - elsapy.elsentity - INFO - Module loaded.
2024-09-01 16:44:17,726 - elsapy.utils - INFO - Module loaded.
2024-09-01 16:44:17,726 - elsapy.elsprofile - INFO - Module loaded.
2024-09-01 16:44:17,727 - elsapy.elsdoc - INFO - Module loaded.
2024-09-01 16:44:17,727 - elsapy.elssearch - INFO - Module loaded.
2024-09-01 16:46:11,089 - elsapy.elsclient - INFO - Module loaded.
2024-09-01 16:46:11,090 - elsapy.elsentity - INFO - Module loaded.
2024-09-01 16:46:11,091 - elsapy.utils - INFO - Module loaded.
2024-09-01 16:46:11,091 - elsapy.elsprofile - INFO - Module loaded.
2024-09-01 16:46:11,092 - elsapy.elsdoc - INFO - Module loaded.
2024-09-01 16:46:11,093 - elsapy.elssearch - INFO - Module loaded.
2024-09-01 16:47:00,237 - elsapy.elsclient - INFO - Module loaded.
2024-09-01 16:47:00,238 - elsapy.elsentity - INFO - Module loaded.
2024-09-01 16:47:00,238 - elsapy.utils - INFO - Module loaded.
2024-09-01 16:47:00,239 - elsapy.elsprofile - INFO - Module loaded.
2024-09-01 16:47:00,239 - elsapy.elsdoc - INFO - Module loaded.
2024-09-01 16:47:00,240 - elsapy.elssearch - INFO - Module loaded.
2024-09-01 16:48:30,644 - elsapy.elsclient - INFO - Module loaded.
2024-09-01 16:48:30,645 - elsapy.elsentity - INFO - Module loaded.
2024-09-01 16:48:30,646 - elsapy.utils - INFO - Module loaded.
2024-09-01 16:48:30,646 - elsapy.elsprofile - INFO - Module loaded.
2024-09-01 16:48:30,647 - elsapy.elsdoc - INFO - Module loaded.
2024-09-01 16:48:30,648 - elsapy.elssearch - INFO - Module loaded.
2024-09-01 16:48:44,432 - elsapy.elsclient - INFO - Module loaded.
2024-09-01 16:48:44,433 - elsapy.elsentity - INFO - Module loaded.
2024-09-01 16:48:44,434 - elsapy.utils - INFO - Module loaded.
2024-09-01 16:48:44,434 - elsapy.elsprofile - INFO - Module loaded.
2024-09-01 16:48:44,435 - elsapy.elsdoc - INFO - Module loaded.
2024-09-01 16:48:44,436 - elsapy.elssearch - INFO - Module loaded.
2024-09-01 16:49:57,612 - elsapy.elsclient - INFO - Module loaded.
2024-09-01 16:49:57,613 - elsapy.elsentity - INFO - Module loaded.
2024-09-01 16:49:57,614 - elsapy.utils - INFO - Module loaded.
2024-09-01 16:49:57,614 - elsapy.elsprofile - INFO - Module loaded.
2024-09-01 16:49:57,615 - elsapy.elsdoc - INFO - Module loaded.
2024-09-01 16:49:57,615 - elsapy.elssearch - INFO - Module loaded.
2024-09-01 16:51:02,781 - elsapy.elsclient - INFO - Module loaded.
2024-09-01 16:51:02,782 - elsapy.elsentity - INFO - Module loaded.
2024-09-01 16:51:02,783 - elsapy.utils - INFO - Module loaded.
2024-09-01 16:51:02,783 - elsapy.elsprofile - INFO - Module loaded.
2024-09-01 16:51:02,784 - elsapy.elsdoc - INFO - Module loaded.
2024-09-01 16:51:02,785 - elsapy.elssearch - INFO - Module loaded.
2024-09-01 16:52:16,356 - elsapy.elsclient - INFO - Module loaded.
2024-09-01 16:52:16,357 - elsapy.elsentity - INFO - Module loaded.
2024-09-01 16:52:16,357 - elsapy.utils - INFO - Module loaded.
2024-09-01 16:52:16,358 - elsapy.elsprofile - INFO - Module loaded.
2024-09-01 16:52:16,358 - elsapy.elsdoc - INFO - Module loaded.
2024-09-01 16:52:16,359 - elsapy.elssearch - INFO - Module loaded.
2024-09-01 16:54:31,313 - elsapy.elsclient - INFO - Module loaded.
2024-09-01 16:54:31,314 - elsapy.elsentity - INFO - Module loaded.
2024-09-01 16:54:31,315 - elsapy.utils - INFO - Module loaded.
2024-09-01 16:54:31,315 - elsapy.elsprofile - INFO - Module loaded.
2024-09-01 16:54:31,316 - elsapy.elsdoc - INFO - Module loaded.
2024-09-01 16:54:31,316 - elsapy.elssearch - INFO - Module loaded.
2024-09-01 16:54:49,943 - elsapy.elsclient - INFO - Module loaded.
2024-09-01 16:54:49,944 - elsapy.elsentity - INFO - Module loaded.
2024-09-01 16:54:49,945 - elsapy.utils - INFO - Module loaded.
2024-09-01 16:54:49,945 - elsapy.elsprofile - INFO - Module loaded.
2024-09-01 16:54:49,946 - elsapy.elsdoc - INFO - Module loaded.
2024-09-01 16:54:49,946 - elsapy.elssearch - INFO - Module loaded.
2024-09-01 16:55:29,152 - elsapy.elsclient - INFO - Module loaded.
2024-09-01 16:55:29,154 - elsapy.elsentity - INFO - Module loaded.
2024-09-01 16:55:29,154 - elsapy.utils - INFO - Module loaded.
2024-09-01 16:55:29,154 - elsapy.elsprofile - INFO - Module loaded.
2024-09-01 16:55:29,155 - elsapy.elsdoc - INFO - Module loaded.
2024-09-01 16:55:29,156 - elsapy.elssearch - INFO - Module loaded.
2024-09-01 16:56:28,029 - elsapy.elsclient - INFO - Module loaded.
2024-09-01 16:56:28,030 - elsapy.elsentity - INFO - Module loaded.
2024-09-01 16:56:28,031 - elsapy.utils - INFO - Module loaded.
2024-09-01 16:56:28,031 - elsapy.elsprofile - INFO - Module loaded.
2024-09-01 16:56:28,032 - elsapy.elsdoc - INFO - Module loaded.
2024-09-01 16:56:28,032 - elsapy.elssearch - INFO - Module loaded.
2024-09-01 16:59:34,696 - elsapy.elsclient - INFO - Module loaded.
2024-09-01 16:59:34,697 - elsapy.elsentity - INFO - Module loaded.
2024-09-01 16:59:34,697 - elsapy.utils - INFO - Module loaded.
2024-09-01 16:59:34,698 - elsapy.elsprofile - INFO - Module loaded.
2024-09-01 16:59:34,698 - elsapy.elsdoc - INFO - Module loaded.
2024-09-01 16:59:34,699 - elsapy.elssearch - INFO - Module loaded.
2024-09-01 17:01:42,659 - elsapy.elsclient - INFO - Module loaded.
2024-09-01 17:01:42,660 - elsapy.elsentity - INFO - Module loaded.
2024-09-01 17:01:42,661 - elsapy.utils - INFO - Module loaded.
2024-09-01 17:01:42,661 - elsapy.elsprofile - INFO - Module loaded.
2024-09-01 17:01:42,662 - elsapy.elsdoc - INFO - Module loaded.
2024-09-01 17:01:42,663 - elsapy.elssearch - INFO - Module loaded.
2024-09-01 17:12:18,326 - elsapy.elsclient - INFO - Module loaded.
2024-09-01 17:12:18,327 - elsapy.elsentity - INFO - Module loaded.
2024-09-01 17:12:18,328 - elsapy.utils - INFO - Module loaded.
2024-09-01 17:12:18,328 - elsapy.elsprofile - INFO - Module loaded.
2024-09-01 17:12:18,329 - elsapy.elsdoc - INFO - Module loaded.
2024-09-01 17:12:18,329 - elsapy.elssearch - INFO - Module loaded.
2024-09-01 17:13:14,215 - elsapy.elsclient - INFO - Module loaded.
2024-09-01 17:13:14,216 - elsapy.elsentity - INFO - Module loaded.
2024-09-01 17:13:14,217 - elsapy.utils - INFO - Module loaded.
2024-09-01 17:13:14,217 - elsapy.elsprofile - INFO - Module loaded.
2024-09-01 17:13:14,218 - elsapy.elsdoc - INFO - Module loaded.
2024-09-01 17:13:14,219 - elsapy.elssearch - INFO - Module loaded.
2024-09-01 17:13:58,377 - elsapy.elsclient - INFO - Module loaded.
2024-09-01 17:13:58,379 - elsapy.elsentity - INFO - Module loaded.
2024-09-01 17:13:58,379 - elsapy.utils - INFO - Module loaded.
2024-09-01 17:13:58,379 - elsapy.elsprofile - INFO - Module loaded.
2024-09-01 17:13:58,380 - elsapy.elsdoc - INFO - Module loaded.
2024-09-01 17:13:58,381 - elsapy.elssearch - INFO - Module loaded.
2024-09-01 17:14:51,560 - elsapy.elsclient - INFO - Module loaded.
2024-09-01 17:14:51,561 - elsapy.elsentity - INFO - Module loaded.
2024-09-01 17:14:51,562 - elsapy.utils - INFO - Module loaded.
2024-09-01 17:14:51,562 - elsapy.elsprofile - INFO - Module loaded.
2024-09-01 17:14:51,563 - elsapy.elsdoc - INFO - Module loaded.
2024-09-01 17:14:51,563 - elsapy.elssearch - INFO - Module loaded.
2024-09-01 17:20:07,706 - elsapy.elsclient - INFO - Module loaded.
2024-09-01 17:20:07,707 - elsapy.elsentity - INFO - Module loaded.
2024-09-01 17:20:07,707 - elsapy.utils - INFO - Module loaded.
2024-09-01 17:20:07,708 - elsapy.elsprofile - INFO - Module loaded.
2024-09-01 17:20:07,708 - elsapy.elsdoc - INFO - Module loaded.
2024-09-01 17:20:07,709 - elsapy.elssearch - INFO - Module loaded.
2024-09-01 17:20:25,520 - elsapy.elsclient - INFO - Module loaded.
2024-09-01 17:20:25,521 - elsapy.elsentity - INFO - Module loaded.
2024-09-01 17:20:25,522 - elsapy.utils - INFO - Module loaded.
2024-09-01 17:20:25,522 - elsapy.elsprofile - INFO - Module loaded.
2024-09-01 17:20:25,522 - elsapy.elsdoc - INFO - Module loaded.
2024-09-01 17:20:25,523 - elsapy.elssearch - INFO - Module loaded.
2024-09-01 17:25:13,806 - elsapy.elsclient - INFO - Module loaded.
2024-09-01 17:25:13,807 - elsapy.elsentity - INFO - Module loaded.
2024-09-01 17:25:13,807 - elsapy.utils - INFO - Module loaded.
2024-09-01 17:25:13,808 - elsapy.elsprofile - INFO - Module loaded.
2024-09-01 17:25:13,808 - elsapy.elsdoc - INFO - Module loaded.
2024-09-01 17:25:13,809 - elsapy.elssearch - INFO - Module loaded.
2024-09-01 17:25:59,311 - elsapy.elsclient - INFO - Module loaded.
2024-09-01 17:25:59,312 - elsapy.elsentity - INFO - Module loaded.
2024-09-01 17:25:59,312 - elsapy.utils - INFO - Module loaded.
2024-09-01 17:25:59,313 - elsapy.elsprofile - INFO - Module loaded.
2024-09-01 17:25:59,313 - elsapy.elsdoc - INFO - Module loaded.
2024-09-01 17:25:59,314 - elsapy.elssearch - INFO - Module loaded.
2024-09-01 17:28:59,679 - elsapy.elsclient - INFO - Module loaded.
2024-09-01 17:28:59,680 - elsapy.elsentity - INFO - Module loaded.
2024-09-01 17:28:59,681 - elsapy.utils - INFO - Module loaded.
2024-09-01 17:28:59,681 - elsapy.elsprofile - INFO - Module loaded.
2024-09-01 17:28:59,682 - elsapy.elsdoc - INFO - Module loaded.
2024-09-01 17:28:59,683 - elsapy.elssearch - INFO - Module loaded.
2024-09-01 17:33:51,547 - elsapy.elsclient - INFO - Module loaded.
2024-09-01 17:33:51,548 - elsapy.elsentity - INFO - Module loaded.
2024-09-01 17:33:51,549 - elsapy.utils - INFO - Module loaded.
2024-09-01 17:33:51,549 - elsapy.elsprofile - INFO - Module loaded.
2024-09-01 17:33:51,550 - elsapy.elsdoc - INFO - Module loaded.
2024-09-01 17:33:51,551 - elsapy.elssearch - INFO - Module loaded.
2024-09-01 17:34:50,522 - elsapy.elsclient - INFO - Module loaded.
2024-09-01 17:34:50,523 - elsapy.elsentity - INFO - Module loaded.
2024-09-01 17:34:50,524 - elsapy.utils - INFO - Module loaded.
2024-09-01 17:34:50,524 - elsapy.elsprofile - INFO - Module loaded.
2024-09-01 17:34:50,525 - elsapy.elsdoc - INFO - Module loaded.
2024-09-01 17:34:50,525 - elsapy.elssearch - INFO - Module loaded.
2024-09-01 17:35:21,133 - elsapy.elsclient - INFO - Module loaded.
2024-09-01 17:35:21,134 - elsapy.elsentity - INFO - Module loaded.
2024-09-01 17:35:21,135 - elsapy.utils - INFO - Module loaded.
2024-09-01 17:35:21,135 - elsapy.elsprofile - INFO - Module loaded.
2024-09-01 17:35:21,136 - elsapy.elsdoc - INFO - Module loaded.
2024-09-01 17:35:21,137 - elsapy.elssearch - INFO - Module loaded.
2024-09-01 17:36:46,483 - elsapy.elsclient - INFO - Module loaded.
2024-09-01 17:36:46,484 - elsapy.elsentity - INFO - Module loaded.
2024-09-01 17:36:46,485 - elsapy.utils - INFO - Module loaded.
2024-09-01 17:36:46,485 - elsapy.elsprofile - INFO - Module loaded.
2024-09-01 17:36:46,486 - elsapy.elsdoc - INFO - Module loaded.
2024-09-01 17:36:46,486 - elsapy.elssearch - INFO - Module loaded.
2024-09-01 17:41:56,241 - elsapy.elsclient - INFO - Module loaded.
2024-09-01 17:41:56,243 - elsapy.elsentity - INFO - Module loaded.
2024-09-01 17:41:56,243 - elsapy.utils - INFO - Module loaded.
2024-09-01 17:41:56,243 - elsapy.elsprofile - INFO - Module loaded.
2024-09-01 17:41:56,244 - elsapy.elsdoc - INFO - Module loaded.
2024-09-01 17:41:56,245 - elsapy.elssearch - INFO - Module loaded.
2024-09-01 17:44:12,015 - elsapy.elsclient - INFO - Module loaded.
2024-09-01 17:44:12,016 - elsapy.elsentity - INFO - Module loaded.
2024-09-01 17:44:12,017 - elsapy.utils - INFO - Module loaded.
2024-09-01 17:44:12,017 - elsapy.elsprofile - INFO - Module loaded.
2024-09-01 17:44:12,018 - elsapy.elsdoc - INFO - Module loaded.
2024-09-01 17:44:12,018 - elsapy.elssearch - INFO - Module loaded.
2024-09-01 23:40:19,205 - elsapy.elsclient - INFO - Module loaded.
2024-09-01 23:40:19,207 - elsapy.elsentity - INFO - Module loaded.
2024-09-01 23:40:19,207 - elsapy.utils - INFO - Module loaded.
2024-09-01 23:40:19,208 - elsapy.elsprofile - INFO - Module loaded.
2024-09-01 23:40:19,208 - elsapy.elsdoc - INFO - Module loaded.
2024-09-01 23:40:19,209 - elsapy.elssearch - INFO - Module loaded.
2024-09-01 23:42:51,580 - elsapy.elsclient - INFO - Module loaded.
2024-09-01 23:42:51,581 - elsapy.elsentity - INFO - Module loaded.
2024-09-01 23:42:51,581 - elsapy.utils - INFO - Module loaded.
2024-09-01 23:42:51,582 - elsapy.elsprofile - INFO - Module loaded.
2024-09-01 23:42:51,582 - elsapy.elsdoc - INFO - Module loaded.
2024-09-01 23:42:51,583 - elsapy.elssearch - INFO - Module loaded.
2024-09-01 23:43:31,587 - elsapy.elsclient - INFO - Module loaded.
2024-09-01 23:43:31,588 - elsapy.elsentity - INFO - Module loaded.
2024-09-01 23:43:31,588 - elsapy.utils - INFO - Module loaded.
2024-09-01 23:43:31,589 - elsapy.elsprofile - INFO - Module loaded.
2024-09-01 23:43:31,590 - elsapy.elsdoc - INFO - Module loaded.
2024-09-01 23:43:31,590 - elsapy.elssearch - INFO - Module loaded.
2024-09-01 23:47:46,025 - elsapy.elsclient - INFO - Module loaded.
2024-09-01 23:47:46,026 - elsapy.elsentity - INFO - Module loaded.
2024-09-01 23:47:46,027 - elsapy.utils - INFO - Module loaded.
2024-09-01 23:47:46,027 - elsapy.elsprofile - INFO - Module loaded.
2024-09-01 23:47:46,028 - elsapy.elsdoc - INFO - Module loaded.
2024-09-01 23:47:46,029 - elsapy.elssearch - INFO - Module loaded.
2024-09-01 23:50:59,924 - elsapy.elsclient - INFO - Module loaded.
2024-09-01 23:50:59,926 - elsapy.elsentity - INFO - Module loaded.
2024-09-01 23:50:59,926 - elsapy.utils - INFO - Module loaded.
2024-09-01 23:50:59,927 - elsapy.elsprofile - INFO - Module loaded.
2024-09-01 23:50:59,927 - elsapy.elsdoc - INFO - Module loaded.
2024-09-01 23:50:59,928 - elsapy.elssearch - INFO - Module loaded.
2024-09-01 23:52:26,669 - elsapy.elsclient - INFO - Module loaded.
2024-09-01 23:52:26,670 - elsapy.elsentity - INFO - Module loaded.
2024-09-01 23:52:26,670 - elsapy.utils - INFO - Module loaded.
2024-09-01 23:52:26,671 - elsapy.elsprofile - INFO - Module loaded.
2024-09-01 23:52:26,671 - elsapy.elsdoc - INFO - Module loaded.
2024-09-01 23:52:26,672 - elsapy.elssearch - INFO - Module loaded.
2024-09-01 23:53:34,689 - elsapy.elsclient - INFO - Module loaded.
2024-09-01 23:53:34,690 - elsapy.elsentity - INFO - Module loaded.
2024-09-01 23:53:34,691 - elsapy.utils - INFO - Module loaded.
2024-09-01 23:53:34,691 - elsapy.elsprofile - INFO - Module loaded.
2024-09-01 23:53:34,692 - elsapy.elsdoc - INFO - Module loaded.
2024-09-01 23:53:34,693 - elsapy.elssearch - INFO - Module loaded.
2024-09-01 23:55:07,306 - elsapy.elsclient - INFO - Module loaded.
2024-09-01 23:55:07,307 - elsapy.elsentity - INFO - Module loaded.
2024-09-01 23:55:07,307 - elsapy.utils - INFO - Module loaded.
2024-09-01 23:55:07,308 - elsapy.elsprofile - INFO - Module loaded.
2024-09-01 23:55:07,308 - elsapy.elsdoc - INFO - Module loaded.
2024-09-01 23:55:07,309 - elsapy.elssearch - INFO - Module loaded.
2024-09-01 23:56:24,104 - elsapy.elsclient - INFO - Module loaded.
2024-09-01 23:56:24,105 - elsapy.elsentity - INFO - Module loaded.
2024-09-01 23:56:24,106 - elsapy.utils - INFO - Module loaded.
2024-09-01 23:56:24,106 - elsapy.elsprofile - INFO - Module loaded.
2024-09-01 23:56:24,107 - elsapy.elsdoc - INFO - Module loaded.
2024-09-01 23:56:24,108 - elsapy.elssearch - INFO - Module loaded.
2024-09-01 23:57:14,907 - elsapy.elsclient - INFO - Module loaded.
2024-09-01 23:57:14,908 - elsapy.elsentity - INFO - Module loaded.
2024-09-01 23:57:14,909 - elsapy.utils - INFO - Module loaded.
2024-09-01 23:57:14,910 - elsapy.elsprofile - INFO - Module loaded.
2024-09-01 23:57:14,910 - elsapy.elsdoc - INFO - Module loaded.
2024-09-01 23:57:14,911 - elsapy.elssearch - INFO - Module loaded.
