2024-05-21 13:13:16,097 - elsapy.elsclient - INFO - Module loaded.
2024-05-21 13:13:16,099 - elsapy.elsentity - INFO - Module loaded.
2024-05-21 13:13:16,099 - elsapy.utils - INFO - Module loaded.
2024-05-21 13:13:16,100 - elsapy.elsprofile - INFO - Module loaded.
2024-05-21 13:13:16,100 - elsapy.elsdoc - INFO - Module loaded.
2024-05-21 13:13:16,101 - elsapy.elssearch - INFO - Module loaded.
2024-05-21 13:16:01,143 - elsapy.elsclient - INFO - Module loaded.
2024-05-21 13:16:01,144 - elsapy.elsentity - INFO - Module loaded.
2024-05-21 13:16:01,145 - elsapy.utils - INFO - Module loaded.
2024-05-21 13:16:01,145 - elsapy.elsprofile - INFO - Module loaded.
2024-05-21 13:16:01,146 - elsapy.elsdoc - INFO - Module loaded.
2024-05-21 13:16:01,148 - elsapy.elssearch - INFO - Module loaded.
2024-05-21 13:19:35,799 - elsapy.elsclient - INFO - Module loaded.
2024-05-21 13:19:35,800 - elsapy.elsentity - INFO - Module loaded.
2024-05-21 13:19:35,801 - elsapy.utils - INFO - Module loaded.
2024-05-21 13:19:35,801 - elsapy.elsprofile - INFO - Module loaded.
2024-05-21 13:19:35,802 - elsapy.elsdoc - INFO - Module loaded.
2024-05-21 13:19:35,802 - elsapy.elssearch - INFO - Module loaded.
2024-05-21 13:23:16,440 - elsapy.elsclient - INFO - Module loaded.
2024-05-21 13:23:16,441 - elsapy.elsentity - INFO - Module loaded.
2024-05-21 13:23:16,442 - elsapy.utils - INFO - Module loaded.
2024-05-21 13:23:16,442 - elsapy.elsprofile - INFO - Module loaded.
2024-05-21 13:23:16,443 - elsapy.elsdoc - INFO - Module loaded.
2024-05-21 13:23:16,444 - elsapy.elssearch - INFO - Module loaded.
2024-05-21 13:27:17,274 - elsapy.elsclient - INFO - Module loaded.
2024-05-21 13:27:17,275 - elsapy.elsentity - INFO - Module loaded.
2024-05-21 13:27:17,275 - elsapy.utils - INFO - Module loaded.
2024-05-21 13:27:17,275 - elsapy.elsprofile - INFO - Module loaded.
2024-05-21 13:27:17,276 - elsapy.elsdoc - INFO - Module loaded.
2024-05-21 13:27:17,277 - elsapy.elssearch - INFO - Module loaded.
2024-05-21 13:30:55,182 - elsapy.elsclient - INFO - Module loaded.
2024-05-21 13:30:55,183 - elsapy.elsentity - INFO - Module loaded.
2024-05-21 13:30:55,184 - elsapy.utils - INFO - Module loaded.
2024-05-21 13:30:55,184 - elsapy.elsprofile - INFO - Module loaded.
2024-05-21 13:30:55,185 - elsapy.elsdoc - INFO - Module loaded.
2024-05-21 13:30:55,186 - elsapy.elssearch - INFO - Module loaded.
2024-05-21 13:34:47,011 - elsapy.elsclient - INFO - Module loaded.
2024-05-21 13:34:47,024 - elsapy.elsentity - INFO - Module loaded.
2024-05-21 13:34:47,026 - elsapy.utils - INFO - Module loaded.
2024-05-21 13:34:47,026 - elsapy.elsprofile - INFO - Module loaded.
2024-05-21 13:34:47,027 - elsapy.elsdoc - INFO - Module loaded.
2024-05-21 13:34:47,029 - elsapy.elssearch - INFO - Module loaded.
2024-05-21 13:35:22,589 - elsapy.elsclient - INFO - Module loaded.
2024-05-21 13:35:22,590 - elsapy.elsentity - INFO - Module loaded.
2024-05-21 13:35:22,591 - elsapy.utils - INFO - Module loaded.
2024-05-21 13:35:22,591 - elsapy.elsprofile - INFO - Module loaded.
2024-05-21 13:35:22,592 - elsapy.elsdoc - INFO - Module loaded.
2024-05-21 13:35:22,592 - elsapy.elssearch - INFO - Module loaded.
2024-05-21 13:39:57,086 - elsapy.elsclient - INFO - Module loaded.
2024-05-21 13:39:57,087 - elsapy.elsentity - INFO - Module loaded.
2024-05-21 13:39:57,087 - elsapy.utils - INFO - Module loaded.
2024-05-21 13:39:57,088 - elsapy.elsprofile - INFO - Module loaded.
2024-05-21 13:39:57,088 - elsapy.elsdoc - INFO - Module loaded.
2024-05-21 13:39:57,089 - elsapy.elssearch - INFO - Module loaded.
