2024-10-01 13:25:17,135 - elsapy.elsclient - INFO - Module loaded.
2024-10-01 13:25:17,136 - elsapy.elsentity - INFO - Module loaded.
2024-10-01 13:25:17,137 - elsapy.utils - INFO - Module loaded.
2024-10-01 13:25:17,138 - elsapy.elsprofile - INFO - Module loaded.
2024-10-01 13:25:17,138 - elsapy.elsdoc - INFO - Module loaded.
2024-10-01 13:25:17,139 - elsapy.elssearch - INFO - Module loaded.
2024-10-01 13:29:49,709 - elsapy.elsclient - INFO - Module loaded.
2024-10-01 13:29:49,710 - elsapy.elsentity - INFO - Module loaded.
2024-10-01 13:29:49,711 - elsapy.utils - INFO - Module loaded.
2024-10-01 13:29:49,713 - elsapy.elsprofile - INFO - Module loaded.
2024-10-01 13:29:49,713 - elsapy.elsdoc - INFO - Module loaded.
2024-10-01 13:29:49,713 - elsapy.elssearch - INFO - Module loaded.
2024-10-01 13:37:23,206 - elsapy.elsclient - INFO - Module loaded.
2024-10-01 13:37:23,207 - elsapy.elsentity - INFO - Module loaded.
2024-10-01 13:37:23,208 - elsapy.utils - INFO - Module loaded.
2024-10-01 13:37:23,208 - elsapy.elsprofile - INFO - Module loaded.
2024-10-01 13:37:23,210 - elsapy.elsdoc - INFO - Module loaded.
2024-10-01 13:37:23,210 - elsapy.elssearch - INFO - Module loaded.
2024-10-01 13:39:49,214 - elsapy.elsclient - INFO - Module loaded.
2024-10-01 13:39:49,216 - elsapy.elsentity - INFO - Module loaded.
2024-10-01 13:39:49,217 - elsapy.utils - INFO - Module loaded.
2024-10-01 13:39:49,217 - elsapy.elsprofile - INFO - Module loaded.
2024-10-01 13:39:49,218 - elsapy.elsdoc - INFO - Module loaded.
2024-10-01 13:39:49,219 - elsapy.elssearch - INFO - Module loaded.
2024-10-01 13:45:01,103 - elsapy.elsclient - INFO - Module loaded.
2024-10-01 13:45:01,104 - elsapy.elsentity - INFO - Module loaded.
2024-10-01 13:45:01,104 - elsapy.utils - INFO - Module loaded.
2024-10-01 13:45:01,105 - elsapy.elsprofile - INFO - Module loaded.
2024-10-01 13:45:01,105 - elsapy.elsdoc - INFO - Module loaded.
2024-10-01 13:45:01,106 - elsapy.elssearch - INFO - Module loaded.
2024-10-01 13:45:31,020 - elsapy.elsclient - INFO - Module loaded.
2024-10-01 13:45:31,021 - elsapy.elsentity - INFO - Module loaded.
2024-10-01 13:45:31,021 - elsapy.utils - INFO - Module loaded.
2024-10-01 13:45:31,022 - elsapy.elsprofile - INFO - Module loaded.
2024-10-01 13:45:31,023 - elsapy.elsdoc - INFO - Module loaded.
2024-10-01 13:45:31,023 - elsapy.elssearch - INFO - Module loaded.
2024-10-01 13:46:14,281 - elsapy.elsclient - INFO - Module loaded.
2024-10-01 13:46:14,282 - elsapy.elsentity - INFO - Module loaded.
2024-10-01 13:46:14,283 - elsapy.utils - INFO - Module loaded.
2024-10-01 13:46:14,283 - elsapy.elsprofile - INFO - Module loaded.
2024-10-01 13:46:14,284 - elsapy.elsdoc - INFO - Module loaded.
2024-10-01 13:46:14,285 - elsapy.elssearch - INFO - Module loaded.
2024-10-01 13:47:50,470 - elsapy.elsclient - INFO - Module loaded.
2024-10-01 13:47:50,471 - elsapy.elsentity - INFO - Module loaded.
2024-10-01 13:47:50,472 - elsapy.utils - INFO - Module loaded.
2024-10-01 13:47:50,472 - elsapy.elsprofile - INFO - Module loaded.
2024-10-01 13:47:50,473 - elsapy.elsdoc - INFO - Module loaded.
2024-10-01 13:47:50,474 - elsapy.elssearch - INFO - Module loaded.
2024-10-01 13:53:08,276 - elsapy.elsclient - INFO - Module loaded.
2024-10-01 13:53:08,277 - elsapy.elsentity - INFO - Module loaded.
2024-10-01 13:53:08,278 - elsapy.utils - INFO - Module loaded.
2024-10-01 13:53:08,278 - elsapy.elsprofile - INFO - Module loaded.
2024-10-01 13:53:08,279 - elsapy.elsdoc - INFO - Module loaded.
2024-10-01 13:53:08,279 - elsapy.elssearch - INFO - Module loaded.
2024-10-01 13:54:17,918 - elsapy.elsclient - INFO - Module loaded.
2024-10-01 13:54:17,920 - elsapy.elsentity - INFO - Module loaded.
2024-10-01 13:54:17,920 - elsapy.utils - INFO - Module loaded.
2024-10-01 13:54:17,921 - elsapy.elsprofile - INFO - Module loaded.
2024-10-01 13:54:17,921 - elsapy.elsdoc - INFO - Module loaded.
2024-10-01 13:54:17,922 - elsapy.elssearch - INFO - Module loaded.
2024-10-01 13:58:00,396 - elsapy.elsclient - INFO - Module loaded.
2024-10-01 13:58:00,397 - elsapy.elsentity - INFO - Module loaded.
2024-10-01 13:58:00,398 - elsapy.utils - INFO - Module loaded.
2024-10-01 13:58:00,399 - elsapy.elsprofile - INFO - Module loaded.
2024-10-01 13:58:00,399 - elsapy.elsdoc - INFO - Module loaded.
2024-10-01 13:58:00,400 - elsapy.elssearch - INFO - Module loaded.
2024-10-01 14:07:12,791 - elsapy.elsclient - INFO - Module loaded.
2024-10-01 14:07:12,792 - elsapy.elsentity - INFO - Module loaded.
2024-10-01 14:07:12,793 - elsapy.utils - INFO - Module loaded.
2024-10-01 14:07:12,794 - elsapy.elsprofile - INFO - Module loaded.
2024-10-01 14:07:12,794 - elsapy.elsdoc - INFO - Module loaded.
2024-10-01 14:07:12,795 - elsapy.elssearch - INFO - Module loaded.
2024-10-01 14:10:37,534 - elsapy.elsclient - INFO - Module loaded.
2024-10-01 14:10:37,536 - elsapy.elsentity - INFO - Module loaded.
2024-10-01 14:10:37,537 - elsapy.utils - INFO - Module loaded.
2024-10-01 14:10:37,538 - elsapy.elsprofile - INFO - Module loaded.
2024-10-01 14:10:37,538 - elsapy.elsdoc - INFO - Module loaded.
2024-10-01 14:10:37,539 - elsapy.elssearch - INFO - Module loaded.
2024-10-01 14:12:29,329 - elsapy.elsclient - INFO - Module loaded.
2024-10-01 14:12:29,330 - elsapy.elsentity - INFO - Module loaded.
2024-10-01 14:12:29,331 - elsapy.utils - INFO - Module loaded.
2024-10-01 14:12:29,331 - elsapy.elsprofile - INFO - Module loaded.
2024-10-01 14:12:29,332 - elsapy.elsdoc - INFO - Module loaded.
2024-10-01 14:12:29,333 - elsapy.elssearch - INFO - Module loaded.
2024-10-01 14:16:19,967 - elsapy.elsclient - INFO - Module loaded.
2024-10-01 14:16:19,968 - elsapy.elsentity - INFO - Module loaded.
2024-10-01 14:16:19,969 - elsapy.utils - INFO - Module loaded.
2024-10-01 14:16:19,969 - elsapy.elsprofile - INFO - Module loaded.
2024-10-01 14:16:19,970 - elsapy.elsdoc - INFO - Module loaded.
2024-10-01 14:16:19,971 - elsapy.elssearch - INFO - Module loaded.
2024-10-01 14:17:06,311 - elsapy.elsclient - INFO - Module loaded.
2024-10-01 14:17:06,312 - elsapy.elsentity - INFO - Module loaded.
2024-10-01 14:17:06,313 - elsapy.utils - INFO - Module loaded.
2024-10-01 14:17:06,313 - elsapy.elsprofile - INFO - Module loaded.
2024-10-01 14:17:06,315 - elsapy.elsdoc - INFO - Module loaded.
2024-10-01 14:17:06,316 - elsapy.elssearch - INFO - Module loaded.
2024-10-01 14:18:20,783 - elsapy.elsclient - INFO - Module loaded.
2024-10-01 14:18:20,784 - elsapy.elsentity - INFO - Module loaded.
2024-10-01 14:18:20,785 - elsapy.utils - INFO - Module loaded.
2024-10-01 14:18:20,785 - elsapy.elsprofile - INFO - Module loaded.
2024-10-01 14:18:20,786 - elsapy.elsdoc - INFO - Module loaded.
2024-10-01 14:18:20,787 - elsapy.elssearch - INFO - Module loaded.
2024-10-01 14:33:11,554 - elsapy.elsclient - INFO - Module loaded.
2024-10-01 14:33:11,555 - elsapy.elsentity - INFO - Module loaded.
2024-10-01 14:33:11,556 - elsapy.utils - INFO - Module loaded.
2024-10-01 14:33:11,556 - elsapy.elsprofile - INFO - Module loaded.
2024-10-01 14:33:11,557 - elsapy.elsdoc - INFO - Module loaded.
2024-10-01 14:33:11,558 - elsapy.elssearch - INFO - Module loaded.
2024-10-01 14:33:41,992 - elsapy.elsclient - INFO - Module loaded.
2024-10-01 14:33:41,993 - elsapy.elsentity - INFO - Module loaded.
2024-10-01 14:33:41,993 - elsapy.utils - INFO - Module loaded.
2024-10-01 14:33:41,994 - elsapy.elsprofile - INFO - Module loaded.
2024-10-01 14:33:41,994 - elsapy.elsdoc - INFO - Module loaded.
2024-10-01 14:33:41,996 - elsapy.elssearch - INFO - Module loaded.
2024-10-01 14:34:04,314 - elsapy.elsclient - INFO - Module loaded.
2024-10-01 14:34:04,315 - elsapy.elsentity - INFO - Module loaded.
2024-10-01 14:34:04,317 - elsapy.utils - INFO - Module loaded.
2024-10-01 14:34:04,317 - elsapy.elsprofile - INFO - Module loaded.
2024-10-01 14:34:04,318 - elsapy.elsdoc - INFO - Module loaded.
2024-10-01 14:34:04,319 - elsapy.elssearch - INFO - Module loaded.
2024-10-01 14:34:30,319 - elsapy.elsclient - INFO - Module loaded.
2024-10-01 14:34:30,320 - elsapy.elsentity - INFO - Module loaded.
2024-10-01 14:34:30,321 - elsapy.utils - INFO - Module loaded.
2024-10-01 14:34:30,321 - elsapy.elsprofile - INFO - Module loaded.
2024-10-01 14:34:30,322 - elsapy.elsdoc - INFO - Module loaded.
2024-10-01 14:34:30,323 - elsapy.elssearch - INFO - Module loaded.
2024-10-01 14:35:49,536 - elsapy.elsclient - INFO - Module loaded.
2024-10-01 14:35:49,537 - elsapy.elsentity - INFO - Module loaded.
2024-10-01 14:35:49,538 - elsapy.utils - INFO - Module loaded.
2024-10-01 14:35:49,538 - elsapy.elsprofile - INFO - Module loaded.
2024-10-01 14:35:49,539 - elsapy.elsdoc - INFO - Module loaded.
2024-10-01 14:35:49,540 - elsapy.elssearch - INFO - Module loaded.
2024-10-01 14:36:23,689 - elsapy.elsclient - INFO - Module loaded.
2024-10-01 14:36:23,690 - elsapy.elsentity - INFO - Module loaded.
2024-10-01 14:36:23,691 - elsapy.utils - INFO - Module loaded.
2024-10-01 14:36:23,691 - elsapy.elsprofile - INFO - Module loaded.
2024-10-01 14:36:23,692 - elsapy.elsdoc - INFO - Module loaded.
2024-10-01 14:36:23,692 - elsapy.elssearch - INFO - Module loaded.
2024-10-01 14:40:38,060 - elsapy.elsclient - INFO - Module loaded.
2024-10-01 14:40:38,061 - elsapy.elsentity - INFO - Module loaded.
2024-10-01 14:40:38,062 - elsapy.utils - INFO - Module loaded.
2024-10-01 14:40:38,062 - elsapy.elsprofile - INFO - Module loaded.
2024-10-01 14:40:38,063 - elsapy.elsdoc - INFO - Module loaded.
2024-10-01 14:40:38,064 - elsapy.elssearch - INFO - Module loaded.
2024-10-01 14:51:45,494 - elsapy.elsclient - INFO - Module loaded.
2024-10-01 14:51:45,495 - elsapy.elsentity - INFO - Module loaded.
2024-10-01 14:51:45,497 - elsapy.utils - INFO - Module loaded.
2024-10-01 14:51:45,497 - elsapy.elsprofile - INFO - Module loaded.
2024-10-01 14:51:45,498 - elsapy.elsdoc - INFO - Module loaded.
2024-10-01 14:51:45,498 - elsapy.elssearch - INFO - Module loaded.
2024-10-01 15:04:41,156 - elsapy.elsclient - INFO - Module loaded.
2024-10-01 15:04:41,156 - elsapy.elsentity - INFO - Module loaded.
2024-10-01 15:04:41,157 - elsapy.utils - INFO - Module loaded.
2024-10-01 15:04:41,158 - elsapy.elsprofile - INFO - Module loaded.
2024-10-01 15:04:41,158 - elsapy.elsdoc - INFO - Module loaded.
2024-10-01 15:04:41,159 - elsapy.elssearch - INFO - Module loaded.
2024-10-01 15:10:37,223 - elsapy.elsclient - INFO - Module loaded.
2024-10-01 15:10:37,224 - elsapy.elsentity - INFO - Module loaded.
2024-10-01 15:10:37,225 - elsapy.utils - INFO - Module loaded.
2024-10-01 15:10:37,225 - elsapy.elsprofile - INFO - Module loaded.
2024-10-01 15:10:37,226 - elsapy.elsdoc - INFO - Module loaded.
2024-10-01 15:10:37,227 - elsapy.elssearch - INFO - Module loaded.
2024-10-01 15:12:14,951 - elsapy.elsclient - INFO - Module loaded.
2024-10-01 15:12:14,952 - elsapy.elsentity - INFO - Module loaded.
2024-10-01 15:12:14,953 - elsapy.utils - INFO - Module loaded.
2024-10-01 15:12:14,954 - elsapy.elsprofile - INFO - Module loaded.
2024-10-01 15:12:14,954 - elsapy.elsdoc - INFO - Module loaded.
2024-10-01 15:12:14,955 - elsapy.elssearch - INFO - Module loaded.
2024-10-01 15:21:33,580 - elsapy.elsclient - INFO - Module loaded.
2024-10-01 15:21:33,582 - elsapy.elsentity - INFO - Module loaded.
2024-10-01 15:21:33,582 - elsapy.utils - INFO - Module loaded.
2024-10-01 15:21:33,583 - elsapy.elsprofile - INFO - Module loaded.
2024-10-01 15:21:33,583 - elsapy.elsdoc - INFO - Module loaded.
2024-10-01 15:21:33,584 - elsapy.elssearch - INFO - Module loaded.
2024-10-01 15:27:23,240 - elsapy.elsclient - INFO - Module loaded.
2024-10-01 15:27:23,241 - elsapy.elsentity - INFO - Module loaded.
2024-10-01 15:27:23,242 - elsapy.utils - INFO - Module loaded.
2024-10-01 15:27:23,242 - elsapy.elsprofile - INFO - Module loaded.
2024-10-01 15:27:23,243 - elsapy.elsdoc - INFO - Module loaded.
2024-10-01 15:27:23,243 - elsapy.elssearch - INFO - Module loaded.
2024-10-01 19:25:06,849 - elsapy.elsclient - INFO - Module loaded.
2024-10-01 19:25:06,850 - elsapy.elsentity - INFO - Module loaded.
2024-10-01 19:25:06,851 - elsapy.utils - INFO - Module loaded.
2024-10-01 19:25:06,851 - elsapy.elsprofile - INFO - Module loaded.
2024-10-01 19:25:06,853 - elsapy.elsdoc - INFO - Module loaded.
2024-10-01 19:25:06,853 - elsapy.elssearch - INFO - Module loaded.
2024-10-01 19:25:42,556 - elsapy.elsclient - INFO - Module loaded.
2024-10-01 19:25:42,557 - elsapy.elsentity - INFO - Module loaded.
2024-10-01 19:25:42,558 - elsapy.utils - INFO - Module loaded.
2024-10-01 19:25:42,559 - elsapy.elsprofile - INFO - Module loaded.
2024-10-01 19:25:42,560 - elsapy.elsdoc - INFO - Module loaded.
2024-10-01 19:25:42,561 - elsapy.elssearch - INFO - Module loaded.
2024-10-01 19:28:18,506 - elsapy.elsclient - INFO - Module loaded.
2024-10-01 19:28:18,507 - elsapy.elsentity - INFO - Module loaded.
2024-10-01 19:28:18,508 - elsapy.utils - INFO - Module loaded.
2024-10-01 19:28:18,508 - elsapy.elsprofile - INFO - Module loaded.
2024-10-01 19:28:18,509 - elsapy.elsdoc - INFO - Module loaded.
2024-10-01 19:28:18,510 - elsapy.elssearch - INFO - Module loaded.
2024-10-01 19:30:53,446 - elsapy.elsclient - INFO - Module loaded.
2024-10-01 19:30:53,448 - elsapy.elsentity - INFO - Module loaded.
2024-10-01 19:30:53,448 - elsapy.utils - INFO - Module loaded.
2024-10-01 19:30:53,449 - elsapy.elsprofile - INFO - Module loaded.
2024-10-01 19:30:53,451 - elsapy.elsdoc - INFO - Module loaded.
2024-10-01 19:30:53,451 - elsapy.elssearch - INFO - Module loaded.
2024-10-01 19:34:21,291 - elsapy.elsclient - INFO - Module loaded.
2024-10-01 19:34:21,293 - elsapy.elsentity - INFO - Module loaded.
2024-10-01 19:34:21,293 - elsapy.utils - INFO - Module loaded.
2024-10-01 19:34:21,294 - elsapy.elsprofile - INFO - Module loaded.
2024-10-01 19:34:21,294 - elsapy.elsdoc - INFO - Module loaded.
2024-10-01 19:34:21,295 - elsapy.elssearch - INFO - Module loaded.
2024-10-01 19:38:23,886 - elsapy.elsclient - INFO - Module loaded.
2024-10-01 19:38:23,887 - elsapy.elsentity - INFO - Module loaded.
2024-10-01 19:38:23,888 - elsapy.utils - INFO - Module loaded.
2024-10-01 19:38:23,889 - elsapy.elsprofile - INFO - Module loaded.
2024-10-01 19:38:23,890 - elsapy.elsdoc - INFO - Module loaded.
2024-10-01 19:38:23,890 - elsapy.elssearch - INFO - Module loaded.
2024-10-01 19:39:39,638 - elsapy.elsclient - INFO - Module loaded.
2024-10-01 19:39:39,638 - elsapy.elsentity - INFO - Module loaded.
2024-10-01 19:39:39,640 - elsapy.utils - INFO - Module loaded.
2024-10-01 19:39:39,640 - elsapy.elsprofile - INFO - Module loaded.
2024-10-01 19:39:39,641 - elsapy.elsdoc - INFO - Module loaded.
2024-10-01 19:39:39,642 - elsapy.elssearch - INFO - Module loaded.
2024-10-01 19:40:37,073 - elsapy.elsclient - INFO - Module loaded.
2024-10-01 19:40:37,075 - elsapy.elsentity - INFO - Module loaded.
2024-10-01 19:40:37,075 - elsapy.utils - INFO - Module loaded.
2024-10-01 19:40:37,076 - elsapy.elsprofile - INFO - Module loaded.
2024-10-01 19:40:37,076 - elsapy.elsdoc - INFO - Module loaded.
2024-10-01 19:40:37,077 - elsapy.elssearch - INFO - Module loaded.
2024-10-01 19:42:07,325 - elsapy.elsclient - INFO - Module loaded.
2024-10-01 19:42:07,326 - elsapy.elsentity - INFO - Module loaded.
2024-10-01 19:42:07,327 - elsapy.utils - INFO - Module loaded.
2024-10-01 19:42:07,327 - elsapy.elsprofile - INFO - Module loaded.
2024-10-01 19:42:07,328 - elsapy.elsdoc - INFO - Module loaded.
2024-10-01 19:42:07,329 - elsapy.elssearch - INFO - Module loaded.
2024-10-01 19:44:59,091 - elsapy.elsclient - INFO - Module loaded.
2024-10-01 19:44:59,092 - elsapy.elsentity - INFO - Module loaded.
2024-10-01 19:44:59,093 - elsapy.utils - INFO - Module loaded.
2024-10-01 19:44:59,094 - elsapy.elsprofile - INFO - Module loaded.
2024-10-01 19:44:59,094 - elsapy.elsdoc - INFO - Module loaded.
2024-10-01 19:44:59,095 - elsapy.elssearch - INFO - Module loaded.
2024-10-01 19:45:32,322 - elsapy.elsclient - INFO - Module loaded.
2024-10-01 19:45:32,324 - elsapy.elsentity - INFO - Module loaded.
2024-10-01 19:45:32,324 - elsapy.utils - INFO - Module loaded.
2024-10-01 19:45:32,325 - elsapy.elsprofile - INFO - Module loaded.
2024-10-01 19:45:32,325 - elsapy.elsdoc - INFO - Module loaded.
2024-10-01 19:45:32,326 - elsapy.elssearch - INFO - Module loaded.
2024-10-01 19:46:18,380 - elsapy.elsclient - INFO - Module loaded.
2024-10-01 19:46:18,382 - elsapy.elsentity - INFO - Module loaded.
2024-10-01 19:46:18,382 - elsapy.utils - INFO - Module loaded.
2024-10-01 19:46:18,383 - elsapy.elsprofile - INFO - Module loaded.
2024-10-01 19:46:18,383 - elsapy.elsdoc - INFO - Module loaded.
2024-10-01 19:46:18,384 - elsapy.elssearch - INFO - Module loaded.
2024-10-01 19:54:25,293 - elsapy.elsclient - INFO - Module loaded.
2024-10-01 19:54:25,294 - elsapy.elsentity - INFO - Module loaded.
2024-10-01 19:54:25,295 - elsapy.utils - INFO - Module loaded.
2024-10-01 19:54:25,295 - elsapy.elsprofile - INFO - Module loaded.
2024-10-01 19:54:25,296 - elsapy.elsdoc - INFO - Module loaded.
2024-10-01 19:54:25,297 - elsapy.elssearch - INFO - Module loaded.
2024-10-01 19:58:57,503 - elsapy.elsclient - INFO - Module loaded.
2024-10-01 19:58:57,505 - elsapy.elsentity - INFO - Module loaded.
2024-10-01 19:58:57,506 - elsapy.utils - INFO - Module loaded.
2024-10-01 19:58:57,506 - elsapy.elsprofile - INFO - Module loaded.
2024-10-01 19:58:57,507 - elsapy.elsdoc - INFO - Module loaded.
2024-10-01 19:58:57,508 - elsapy.elssearch - INFO - Module loaded.
2024-10-01 19:59:44,599 - elsapy.elsclient - INFO - Module loaded.
2024-10-01 19:59:44,600 - elsapy.elsentity - INFO - Module loaded.
2024-10-01 19:59:44,601 - elsapy.utils - INFO - Module loaded.
2024-10-01 19:59:44,601 - elsapy.elsprofile - INFO - Module loaded.
2024-10-01 19:59:44,602 - elsapy.elsdoc - INFO - Module loaded.
2024-10-01 19:59:44,603 - elsapy.elssearch - INFO - Module loaded.
2024-10-01 20:04:19,896 - elsapy.elsclient - INFO - Module loaded.
2024-10-01 20:04:19,897 - elsapy.elsentity - INFO - Module loaded.
2024-10-01 20:04:19,898 - elsapy.utils - INFO - Module loaded.
2024-10-01 20:04:19,898 - elsapy.elsprofile - INFO - Module loaded.
2024-10-01 20:04:19,899 - elsapy.elsdoc - INFO - Module loaded.
2024-10-01 20:04:19,900 - elsapy.elssearch - INFO - Module loaded.
2024-10-01 20:10:14,050 - elsapy.elsclient - INFO - Module loaded.
2024-10-01 20:10:14,051 - elsapy.elsentity - INFO - Module loaded.
2024-10-01 20:10:14,052 - elsapy.utils - INFO - Module loaded.
2024-10-01 20:10:14,052 - elsapy.elsprofile - INFO - Module loaded.
2024-10-01 20:10:14,053 - elsapy.elsdoc - INFO - Module loaded.
2024-10-01 20:10:14,054 - elsapy.elssearch - INFO - Module loaded.
2024-10-01 20:10:35,636 - elsapy.elsclient - INFO - Module loaded.
2024-10-01 20:10:35,637 - elsapy.elsentity - INFO - Module loaded.
2024-10-01 20:10:35,638 - elsapy.utils - INFO - Module loaded.
2024-10-01 20:10:35,638 - elsapy.elsprofile - INFO - Module loaded.
2024-10-01 20:10:35,639 - elsapy.elsdoc - INFO - Module loaded.
2024-10-01 20:10:35,640 - elsapy.elssearch - INFO - Module loaded.
2024-10-01 20:12:57,403 - elsapy.elsclient - INFO - Module loaded.
2024-10-01 20:12:57,404 - elsapy.elsentity - INFO - Module loaded.
2024-10-01 20:12:57,405 - elsapy.utils - INFO - Module loaded.
2024-10-01 20:12:57,405 - elsapy.elsprofile - INFO - Module loaded.
2024-10-01 20:12:57,406 - elsapy.elsdoc - INFO - Module loaded.
2024-10-01 20:12:57,407 - elsapy.elssearch - INFO - Module loaded.
2024-10-01 20:14:50,724 - elsapy.elsclient - INFO - Module loaded.
2024-10-01 20:14:50,725 - elsapy.elsentity - INFO - Module loaded.
2024-10-01 20:14:50,725 - elsapy.utils - INFO - Module loaded.
2024-10-01 20:14:50,726 - elsapy.elsprofile - INFO - Module loaded.
2024-10-01 20:14:50,727 - elsapy.elsdoc - INFO - Module loaded.
2024-10-01 20:14:50,727 - elsapy.elssearch - INFO - Module loaded.
2024-10-01 20:17:15,917 - elsapy.elsclient - INFO - Module loaded.
2024-10-01 20:17:15,917 - elsapy.elsentity - INFO - Module loaded.
2024-10-01 20:17:15,919 - elsapy.utils - INFO - Module loaded.
2024-10-01 20:17:15,919 - elsapy.elsprofile - INFO - Module loaded.
2024-10-01 20:17:15,920 - elsapy.elsdoc - INFO - Module loaded.
2024-10-01 20:17:15,920 - elsapy.elssearch - INFO - Module loaded.
2024-10-01 20:18:30,051 - elsapy.elsclient - INFO - Module loaded.
2024-10-01 20:18:30,052 - elsapy.elsentity - INFO - Module loaded.
2024-10-01 20:18:30,053 - elsapy.utils - INFO - Module loaded.
2024-10-01 20:18:30,054 - elsapy.elsprofile - INFO - Module loaded.
2024-10-01 20:18:30,055 - elsapy.elsdoc - INFO - Module loaded.
2024-10-01 20:18:30,056 - elsapy.elssearch - INFO - Module loaded.
2024-10-01 20:19:24,446 - elsapy.elsclient - INFO - Module loaded.
2024-10-01 20:19:24,447 - elsapy.elsentity - INFO - Module loaded.
2024-10-01 20:19:24,448 - elsapy.utils - INFO - Module loaded.
2024-10-01 20:19:24,448 - elsapy.elsprofile - INFO - Module loaded.
2024-10-01 20:19:24,449 - elsapy.elsdoc - INFO - Module loaded.
2024-10-01 20:19:24,450 - elsapy.elssearch - INFO - Module loaded.
2024-10-01 20:24:10,522 - elsapy.elsclient - INFO - Module loaded.
2024-10-01 20:24:10,524 - elsapy.elsentity - INFO - Module loaded.
2024-10-01 20:24:10,524 - elsapy.utils - INFO - Module loaded.
2024-10-01 20:24:10,525 - elsapy.elsprofile - INFO - Module loaded.
2024-10-01 20:24:10,525 - elsapy.elsdoc - INFO - Module loaded.
2024-10-01 20:24:10,526 - elsapy.elssearch - INFO - Module loaded.
2024-10-01 20:25:06,556 - elsapy.elsclient - INFO - Module loaded.
2024-10-01 20:25:06,557 - elsapy.elsentity - INFO - Module loaded.
2024-10-01 20:25:06,558 - elsapy.utils - INFO - Module loaded.
2024-10-01 20:25:06,558 - elsapy.elsprofile - INFO - Module loaded.
2024-10-01 20:25:06,559 - elsapy.elsdoc - INFO - Module loaded.
2024-10-01 20:25:06,560 - elsapy.elssearch - INFO - Module loaded.
2024-10-01 20:29:31,473 - elsapy.elsclient - INFO - Module loaded.
2024-10-01 20:29:31,474 - elsapy.elsentity - INFO - Module loaded.
2024-10-01 20:29:31,475 - elsapy.utils - INFO - Module loaded.
2024-10-01 20:29:31,476 - elsapy.elsprofile - INFO - Module loaded.
2024-10-01 20:29:31,476 - elsapy.elsdoc - INFO - Module loaded.
2024-10-01 20:29:31,477 - elsapy.elssearch - INFO - Module loaded.
2024-10-01 20:30:48,650 - elsapy.elsclient - INFO - Module loaded.
2024-10-01 20:30:48,652 - elsapy.elsentity - INFO - Module loaded.
2024-10-01 20:30:48,653 - elsapy.utils - INFO - Module loaded.
2024-10-01 20:30:48,653 - elsapy.elsprofile - INFO - Module loaded.
2024-10-01 20:30:48,654 - elsapy.elsdoc - INFO - Module loaded.
2024-10-01 20:30:48,655 - elsapy.elssearch - INFO - Module loaded.
2024-10-01 20:31:24,096 - elsapy.elsclient - INFO - Module loaded.
2024-10-01 20:31:24,098 - elsapy.elsentity - INFO - Module loaded.
2024-10-01 20:31:24,098 - elsapy.utils - INFO - Module loaded.
2024-10-01 20:31:24,099 - elsapy.elsprofile - INFO - Module loaded.
2024-10-01 20:31:24,099 - elsapy.elsdoc - INFO - Module loaded.
2024-10-01 20:31:24,100 - elsapy.elssearch - INFO - Module loaded.
2024-10-01 20:32:20,499 - elsapy.elsclient - INFO - Module loaded.
2024-10-01 20:32:20,501 - elsapy.elsentity - INFO - Module loaded.
2024-10-01 20:32:20,501 - elsapy.utils - INFO - Module loaded.
2024-10-01 20:32:20,502 - elsapy.elsprofile - INFO - Module loaded.
2024-10-01 20:32:20,503 - elsapy.elsdoc - INFO - Module loaded.
2024-10-01 20:32:20,504 - elsapy.elssearch - INFO - Module loaded.
2024-10-01 20:32:42,442 - elsapy.elsclient - INFO - Module loaded.
2024-10-01 20:32:42,443 - elsapy.elsentity - INFO - Module loaded.
2024-10-01 20:32:42,444 - elsapy.utils - INFO - Module loaded.
2024-10-01 20:32:42,444 - elsapy.elsprofile - INFO - Module loaded.
2024-10-01 20:32:42,445 - elsapy.elsdoc - INFO - Module loaded.
2024-10-01 20:32:42,445 - elsapy.elssearch - INFO - Module loaded.
2024-10-01 20:33:03,672 - elsapy.elsclient - INFO - Module loaded.
2024-10-01 20:33:03,673 - elsapy.elsentity - INFO - Module loaded.
2024-10-01 20:33:03,674 - elsapy.utils - INFO - Module loaded.
2024-10-01 20:33:03,674 - elsapy.elsprofile - INFO - Module loaded.
2024-10-01 20:33:03,675 - elsapy.elsdoc - INFO - Module loaded.
2024-10-01 20:33:03,675 - elsapy.elssearch - INFO - Module loaded.
2024-10-01 20:33:36,406 - elsapy.elsclient - INFO - Module loaded.
2024-10-01 20:33:36,407 - elsapy.elsentity - INFO - Module loaded.
2024-10-01 20:33:36,408 - elsapy.utils - INFO - Module loaded.
2024-10-01 20:33:36,409 - elsapy.elsprofile - INFO - Module loaded.
2024-10-01 20:33:36,409 - elsapy.elsdoc - INFO - Module loaded.
2024-10-01 20:33:36,410 - elsapy.elssearch - INFO - Module loaded.
2024-10-01 20:34:00,843 - elsapy.elsclient - INFO - Module loaded.
2024-10-01 20:34:00,845 - elsapy.elsentity - INFO - Module loaded.
2024-10-01 20:34:00,845 - elsapy.utils - INFO - Module loaded.
2024-10-01 20:34:00,846 - elsapy.elsprofile - INFO - Module loaded.
2024-10-01 20:34:00,847 - elsapy.elsdoc - INFO - Module loaded.
2024-10-01 20:34:00,847 - elsapy.elssearch - INFO - Module loaded.
2024-10-01 20:34:32,693 - elsapy.elsclient - INFO - Module loaded.
2024-10-01 20:34:32,694 - elsapy.elsentity - INFO - Module loaded.
2024-10-01 20:34:32,695 - elsapy.utils - INFO - Module loaded.
2024-10-01 20:34:32,695 - elsapy.elsprofile - INFO - Module loaded.
2024-10-01 20:34:32,696 - elsapy.elsdoc - INFO - Module loaded.
2024-10-01 20:34:32,696 - elsapy.elssearch - INFO - Module loaded.
2024-10-01 20:35:08,976 - elsapy.elsclient - INFO - Module loaded.
2024-10-01 20:35:08,977 - elsapy.elsentity - INFO - Module loaded.
2024-10-01 20:35:08,978 - elsapy.utils - INFO - Module loaded.
2024-10-01 20:35:08,978 - elsapy.elsprofile - INFO - Module loaded.
2024-10-01 20:35:08,979 - elsapy.elsdoc - INFO - Module loaded.
2024-10-01 20:35:08,980 - elsapy.elssearch - INFO - Module loaded.
2024-10-01 20:40:15,891 - elsapy.elsclient - INFO - Module loaded.
2024-10-01 20:40:15,893 - elsapy.elsentity - INFO - Module loaded.
2024-10-01 20:40:15,893 - elsapy.utils - INFO - Module loaded.
2024-10-01 20:40:15,893 - elsapy.elsprofile - INFO - Module loaded.
2024-10-01 20:40:15,894 - elsapy.elsdoc - INFO - Module loaded.
2024-10-01 20:40:15,894 - elsapy.elssearch - INFO - Module loaded.
2024-10-01 20:42:59,819 - elsapy.elsclient - INFO - Module loaded.
2024-10-01 20:42:59,820 - elsapy.elsentity - INFO - Module loaded.
2024-10-01 20:42:59,821 - elsapy.utils - INFO - Module loaded.
2024-10-01 20:42:59,821 - elsapy.elsprofile - INFO - Module loaded.
2024-10-01 20:42:59,821 - elsapy.elsdoc - INFO - Module loaded.
2024-10-01 20:42:59,822 - elsapy.elssearch - INFO - Module loaded.
2024-10-01 20:48:20,765 - elsapy.elsclient - INFO - Module loaded.
2024-10-01 20:48:20,767 - elsapy.elsentity - INFO - Module loaded.
2024-10-01 20:48:20,768 - elsapy.utils - INFO - Module loaded.
2024-10-01 20:48:20,768 - elsapy.elsprofile - INFO - Module loaded.
2024-10-01 20:48:20,769 - elsapy.elsdoc - INFO - Module loaded.
2024-10-01 20:48:20,770 - elsapy.elssearch - INFO - Module loaded.
2024-10-01 20:50:28,317 - elsapy.elsclient - INFO - Module loaded.
2024-10-01 20:50:28,318 - elsapy.elsentity - INFO - Module loaded.
2024-10-01 20:50:28,319 - elsapy.utils - INFO - Module loaded.
2024-10-01 20:50:28,319 - elsapy.elsprofile - INFO - Module loaded.
2024-10-01 20:50:28,320 - elsapy.elsdoc - INFO - Module loaded.
2024-10-01 20:50:28,320 - elsapy.elssearch - INFO - Module loaded.
2024-10-01 20:52:02,588 - elsapy.elsclient - INFO - Module loaded.
2024-10-01 20:52:02,589 - elsapy.elsentity - INFO - Module loaded.
2024-10-01 20:52:02,590 - elsapy.utils - INFO - Module loaded.
2024-10-01 20:52:02,590 - elsapy.elsprofile - INFO - Module loaded.
2024-10-01 20:52:02,591 - elsapy.elsdoc - INFO - Module loaded.
2024-10-01 20:52:02,592 - elsapy.elssearch - INFO - Module loaded.
2024-10-01 20:52:33,932 - elsapy.elsclient - INFO - Module loaded.
2024-10-01 20:52:33,934 - elsapy.elsentity - INFO - Module loaded.
2024-10-01 20:52:33,934 - elsapy.utils - INFO - Module loaded.
2024-10-01 20:52:33,935 - elsapy.elsprofile - INFO - Module loaded.
2024-10-01 20:52:33,935 - elsapy.elsdoc - INFO - Module loaded.
2024-10-01 20:52:33,936 - elsapy.elssearch - INFO - Module loaded.
2024-10-01 20:53:00,411 - elsapy.elsclient - INFO - Module loaded.
2024-10-01 20:53:00,413 - elsapy.elsentity - INFO - Module loaded.
2024-10-01 20:53:00,413 - elsapy.utils - INFO - Module loaded.
2024-10-01 20:53:00,414 - elsapy.elsprofile - INFO - Module loaded.
2024-10-01 20:53:00,414 - elsapy.elsdoc - INFO - Module loaded.
2024-10-01 20:53:00,415 - elsapy.elssearch - INFO - Module loaded.
2024-10-01 20:53:33,980 - elsapy.elsclient - INFO - Module loaded.
2024-10-01 20:53:33,982 - elsapy.elsentity - INFO - Module loaded.
2024-10-01 20:53:33,982 - elsapy.utils - INFO - Module loaded.
2024-10-01 20:53:33,983 - elsapy.elsprofile - INFO - Module loaded.
2024-10-01 20:53:33,983 - elsapy.elsdoc - INFO - Module loaded.
2024-10-01 20:53:33,984 - elsapy.elssearch - INFO - Module loaded.
2024-10-01 20:54:03,323 - elsapy.elsclient - INFO - Module loaded.
2024-10-01 20:54:03,324 - elsapy.elsentity - INFO - Module loaded.
2024-10-01 20:54:03,325 - elsapy.utils - INFO - Module loaded.
2024-10-01 20:54:03,325 - elsapy.elsprofile - INFO - Module loaded.
2024-10-01 20:54:03,326 - elsapy.elsdoc - INFO - Module loaded.
2024-10-01 20:54:03,327 - elsapy.elssearch - INFO - Module loaded.
2024-10-01 20:54:28,450 - elsapy.elsclient - INFO - Module loaded.
2024-10-01 20:54:28,451 - elsapy.elsentity - INFO - Module loaded.
2024-10-01 20:54:28,452 - elsapy.utils - INFO - Module loaded.
2024-10-01 20:54:28,452 - elsapy.elsprofile - INFO - Module loaded.
2024-10-01 20:54:28,453 - elsapy.elsdoc - INFO - Module loaded.
2024-10-01 20:54:28,453 - elsapy.elssearch - INFO - Module loaded.
2024-10-01 23:04:22,160 - elsapy.elsclient - INFO - Module loaded.
2024-10-01 23:04:22,161 - elsapy.elsentity - INFO - Module loaded.
2024-10-01 23:04:22,162 - elsapy.utils - INFO - Module loaded.
2024-10-01 23:04:22,162 - elsapy.elsprofile - INFO - Module loaded.
2024-10-01 23:04:22,163 - elsapy.elsdoc - INFO - Module loaded.
2024-10-01 23:04:22,163 - elsapy.elssearch - INFO - Module loaded.
2024-10-01 23:05:24,804 - elsapy.elsclient - INFO - Module loaded.
2024-10-01 23:05:24,806 - elsapy.elsentity - INFO - Module loaded.
2024-10-01 23:05:24,807 - elsapy.utils - INFO - Module loaded.
2024-10-01 23:05:24,807 - elsapy.elsprofile - INFO - Module loaded.
2024-10-01 23:05:24,808 - elsapy.elsdoc - INFO - Module loaded.
2024-10-01 23:05:24,809 - elsapy.elssearch - INFO - Module loaded.
2024-10-01 23:05:47,346 - elsapy.elsclient - INFO - Module loaded.
2024-10-01 23:05:47,347 - elsapy.elsentity - INFO - Module loaded.
2024-10-01 23:05:47,348 - elsapy.utils - INFO - Module loaded.
2024-10-01 23:05:47,348 - elsapy.elsprofile - INFO - Module loaded.
2024-10-01 23:05:47,350 - elsapy.elsdoc - INFO - Module loaded.
2024-10-01 23:05:47,351 - elsapy.elssearch - INFO - Module loaded.
2024-10-01 23:06:11,094 - elsapy.elsclient - INFO - Module loaded.
2024-10-01 23:06:11,096 - elsapy.elsentity - INFO - Module loaded.
2024-10-01 23:06:11,096 - elsapy.utils - INFO - Module loaded.
2024-10-01 23:06:11,097 - elsapy.elsprofile - INFO - Module loaded.
2024-10-01 23:06:11,097 - elsapy.elsdoc - INFO - Module loaded.
2024-10-01 23:06:11,098 - elsapy.elssearch - INFO - Module loaded.
2024-10-01 23:10:24,654 - elsapy.elsclient - INFO - Module loaded.
2024-10-01 23:10:24,655 - elsapy.elsentity - INFO - Module loaded.
2024-10-01 23:10:24,656 - elsapy.utils - INFO - Module loaded.
2024-10-01 23:10:24,656 - elsapy.elsprofile - INFO - Module loaded.
2024-10-01 23:10:24,657 - elsapy.elsdoc - INFO - Module loaded.
2024-10-01 23:10:24,659 - elsapy.elssearch - INFO - Module loaded.
2024-10-01 23:10:51,140 - elsapy.elsclient - INFO - Module loaded.
2024-10-01 23:10:51,142 - elsapy.elsentity - INFO - Module loaded.
2024-10-01 23:10:51,142 - elsapy.utils - INFO - Module loaded.
2024-10-01 23:10:51,143 - elsapy.elsprofile - INFO - Module loaded.
2024-10-01 23:10:51,144 - elsapy.elsdoc - INFO - Module loaded.
2024-10-01 23:10:51,144 - elsapy.elssearch - INFO - Module loaded.
2024-10-01 23:11:28,162 - elsapy.elsclient - INFO - Module loaded.
2024-10-01 23:11:28,163 - elsapy.elsentity - INFO - Module loaded.
2024-10-01 23:11:28,164 - elsapy.utils - INFO - Module loaded.
2024-10-01 23:11:28,164 - elsapy.elsprofile - INFO - Module loaded.
2024-10-01 23:11:28,165 - elsapy.elsdoc - INFO - Module loaded.
2024-10-01 23:11:28,166 - elsapy.elssearch - INFO - Module loaded.
2024-10-01 23:12:13,312 - elsapy.elsclient - INFO - Module loaded.
2024-10-01 23:12:13,313 - elsapy.elsentity - INFO - Module loaded.
2024-10-01 23:12:13,314 - elsapy.utils - INFO - Module loaded.
2024-10-01 23:12:13,314 - elsapy.elsprofile - INFO - Module loaded.
2024-10-01 23:12:13,315 - elsapy.elsdoc - INFO - Module loaded.
2024-10-01 23:12:13,316 - elsapy.elssearch - INFO - Module loaded.
2024-10-01 23:26:25,641 - elsapy.elsclient - INFO - Module loaded.
2024-10-01 23:26:25,642 - elsapy.elsentity - INFO - Module loaded.
2024-10-01 23:26:25,643 - elsapy.utils - INFO - Module loaded.
2024-10-01 23:26:25,643 - elsapy.elsprofile - INFO - Module loaded.
2024-10-01 23:26:25,644 - elsapy.elsdoc - INFO - Module loaded.
2024-10-01 23:26:25,645 - elsapy.elssearch - INFO - Module loaded.
