2024-08-05 12:32:46,487 - elsapy.elsclient - INFO - Module loaded.
2024-08-05 12:32:46,488 - elsapy.elsentity - INFO - Module loaded.
2024-08-05 12:32:46,489 - elsapy.utils - INFO - Module loaded.
2024-08-05 12:32:46,489 - elsapy.elsprofile - INFO - Module loaded.
2024-08-05 12:32:46,490 - elsapy.elsdoc - INFO - Module loaded.
2024-08-05 12:32:46,491 - elsapy.elssearch - INFO - Module loaded.
2024-08-05 14:34:59,996 - elsapy.elsclient - INFO - Module loaded.
2024-08-05 14:34:59,997 - elsapy.elsentity - INFO - Module loaded.
2024-08-05 14:34:59,997 - elsapy.utils - INFO - Module loaded.
2024-08-05 14:34:59,998 - elsapy.elsprofile - INFO - Module loaded.
2024-08-05 14:34:59,998 - elsapy.elsdoc - INFO - Module loaded.
2024-08-05 14:34:59,999 - elsapy.elssearch - INFO - Module loaded.
2024-08-05 14:55:00,320 - elsapy.elsclient - INFO - Module loaded.
2024-08-05 14:55:00,321 - elsapy.elsentity - INFO - Module loaded.
2024-08-05 14:55:00,322 - elsapy.utils - INFO - Module loaded.
2024-08-05 14:55:00,322 - elsapy.elsprofile - INFO - Module loaded.
2024-08-05 14:55:00,323 - elsapy.elsdoc - INFO - Module loaded.
2024-08-05 14:55:00,324 - elsapy.elssearch - INFO - Module loaded.
2024-08-05 14:55:27,542 - elsapy.elsclient - INFO - Module loaded.
2024-08-05 14:55:27,543 - elsapy.elsentity - INFO - Module loaded.
2024-08-05 14:55:27,544 - elsapy.utils - INFO - Module loaded.
2024-08-05 14:55:27,544 - elsapy.elsprofile - INFO - Module loaded.
2024-08-05 14:55:27,545 - elsapy.elsdoc - INFO - Module loaded.
2024-08-05 14:55:27,546 - elsapy.elssearch - INFO - Module loaded.
2024-08-05 14:56:04,433 - elsapy.elsclient - INFO - Module loaded.
2024-08-05 14:56:04,434 - elsapy.elsentity - INFO - Module loaded.
2024-08-05 14:56:04,435 - elsapy.utils - INFO - Module loaded.
2024-08-05 14:56:04,435 - elsapy.elsprofile - INFO - Module loaded.
2024-08-05 14:56:04,436 - elsapy.elsdoc - INFO - Module loaded.
2024-08-05 14:56:04,437 - elsapy.elssearch - INFO - Module loaded.
2024-08-05 14:57:30,206 - elsapy.elsclient - INFO - Module loaded.
2024-08-05 14:57:30,207 - elsapy.elsentity - INFO - Module loaded.
2024-08-05 14:57:30,208 - elsapy.utils - INFO - Module loaded.
2024-08-05 14:57:30,208 - elsapy.elsprofile - INFO - Module loaded.
2024-08-05 14:57:30,209 - elsapy.elsdoc - INFO - Module loaded.
2024-08-05 14:57:30,209 - elsapy.elssearch - INFO - Module loaded.
2024-08-05 15:01:46,614 - elsapy.elsclient - INFO - Module loaded.
2024-08-05 15:01:46,615 - elsapy.elsentity - INFO - Module loaded.
2024-08-05 15:01:46,616 - elsapy.utils - INFO - Module loaded.
2024-08-05 15:01:46,616 - elsapy.elsprofile - INFO - Module loaded.
2024-08-05 15:01:46,617 - elsapy.elsdoc - INFO - Module loaded.
2024-08-05 15:01:46,617 - elsapy.elssearch - INFO - Module loaded.
2024-08-05 15:09:13,730 - elsapy.elsclient - INFO - Module loaded.
2024-08-05 15:09:13,731 - elsapy.elsentity - INFO - Module loaded.
2024-08-05 15:09:13,731 - elsapy.utils - INFO - Module loaded.
2024-08-05 15:09:13,732 - elsapy.elsprofile - INFO - Module loaded.
2024-08-05 15:09:13,732 - elsapy.elsdoc - INFO - Module loaded.
2024-08-05 15:09:13,733 - elsapy.elssearch - INFO - Module loaded.
2024-08-05 16:21:47,095 - elsapy.elsclient - INFO - Module loaded.
2024-08-05 16:21:47,096 - elsapy.elsentity - INFO - Module loaded.
2024-08-05 16:21:47,097 - elsapy.utils - INFO - Module loaded.
2024-08-05 16:21:47,097 - elsapy.elsprofile - INFO - Module loaded.
2024-08-05 16:21:47,098 - elsapy.elsdoc - INFO - Module loaded.
2024-08-05 16:21:47,098 - elsapy.elssearch - INFO - Module loaded.
2024-08-05 16:25:50,403 - elsapy.elsclient - INFO - Module loaded.
2024-08-05 16:25:50,404 - elsapy.elsentity - INFO - Module loaded.
2024-08-05 16:25:50,405 - elsapy.utils - INFO - Module loaded.
2024-08-05 16:25:50,405 - elsapy.elsprofile - INFO - Module loaded.
2024-08-05 16:25:50,406 - elsapy.elsdoc - INFO - Module loaded.
2024-08-05 16:25:50,406 - elsapy.elssearch - INFO - Module loaded.
2024-08-05 16:40:07,441 - elsapy.elsclient - INFO - Module loaded.
2024-08-05 16:40:07,442 - elsapy.elsentity - INFO - Module loaded.
2024-08-05 16:40:07,443 - elsapy.utils - INFO - Module loaded.
2024-08-05 16:40:07,443 - elsapy.elsprofile - INFO - Module loaded.
2024-08-05 16:40:07,444 - elsapy.elsdoc - INFO - Module loaded.
2024-08-05 16:40:07,445 - elsapy.elssearch - INFO - Module loaded.
2024-08-05 16:41:00,978 - elsapy.elsclient - INFO - Module loaded.
2024-08-05 16:41:00,979 - elsapy.elsentity - INFO - Module loaded.
2024-08-05 16:41:00,980 - elsapy.utils - INFO - Module loaded.
2024-08-05 16:41:00,980 - elsapy.elsprofile - INFO - Module loaded.
2024-08-05 16:41:00,981 - elsapy.elsdoc - INFO - Module loaded.
2024-08-05 16:41:00,982 - elsapy.elssearch - INFO - Module loaded.
2024-08-05 16:44:12,522 - elsapy.elsclient - INFO - Module loaded.
2024-08-05 16:44:12,524 - elsapy.elsentity - INFO - Module loaded.
2024-08-05 16:44:12,524 - elsapy.utils - INFO - Module loaded.
2024-08-05 16:44:12,524 - elsapy.elsprofile - INFO - Module loaded.
2024-08-05 16:44:12,525 - elsapy.elsdoc - INFO - Module loaded.
2024-08-05 16:44:12,526 - elsapy.elssearch - INFO - Module loaded.
2024-08-05 16:45:00,124 - elsapy.elsclient - INFO - Module loaded.
2024-08-05 16:45:00,125 - elsapy.elsentity - INFO - Module loaded.
2024-08-05 16:45:00,125 - elsapy.utils - INFO - Module loaded.
2024-08-05 16:45:00,126 - elsapy.elsprofile - INFO - Module loaded.
2024-08-05 16:45:00,126 - elsapy.elsdoc - INFO - Module loaded.
2024-08-05 16:45:00,127 - elsapy.elssearch - INFO - Module loaded.
2024-08-05 16:46:51,558 - elsapy.elsclient - INFO - Module loaded.
2024-08-05 16:46:51,559 - elsapy.elsentity - INFO - Module loaded.
2024-08-05 16:46:51,560 - elsapy.utils - INFO - Module loaded.
2024-08-05 16:46:51,560 - elsapy.elsprofile - INFO - Module loaded.
2024-08-05 16:46:51,561 - elsapy.elsdoc - INFO - Module loaded.
2024-08-05 16:46:51,561 - elsapy.elssearch - INFO - Module loaded.
2024-08-05 16:53:44,884 - elsapy.elsclient - INFO - Module loaded.
2024-08-05 16:53:44,885 - elsapy.elsentity - INFO - Module loaded.
2024-08-05 16:53:44,885 - elsapy.utils - INFO - Module loaded.
2024-08-05 16:53:44,886 - elsapy.elsprofile - INFO - Module loaded.
2024-08-05 16:53:44,886 - elsapy.elsdoc - INFO - Module loaded.
2024-08-05 16:53:44,887 - elsapy.elssearch - INFO - Module loaded.
2024-08-05 16:55:35,743 - elsapy.elsclient - INFO - Module loaded.
2024-08-05 16:55:35,744 - elsapy.elsentity - INFO - Module loaded.
2024-08-05 16:55:35,745 - elsapy.utils - INFO - Module loaded.
2024-08-05 16:55:35,745 - elsapy.elsprofile - INFO - Module loaded.
2024-08-05 16:55:35,746 - elsapy.elsdoc - INFO - Module loaded.
2024-08-05 16:55:35,746 - elsapy.elssearch - INFO - Module loaded.
2024-08-05 16:58:39,207 - elsapy.elsclient - INFO - Module loaded.
2024-08-05 16:58:39,208 - elsapy.elsentity - INFO - Module loaded.
2024-08-05 16:58:39,209 - elsapy.utils - INFO - Module loaded.
2024-08-05 16:58:39,209 - elsapy.elsprofile - INFO - Module loaded.
2024-08-05 16:58:39,210 - elsapy.elsdoc - INFO - Module loaded.
2024-08-05 16:58:39,210 - elsapy.elssearch - INFO - Module loaded.
2024-08-05 16:59:29,378 - elsapy.elsclient - INFO - Module loaded.
2024-08-05 16:59:29,379 - elsapy.elsentity - INFO - Module loaded.
2024-08-05 16:59:29,380 - elsapy.utils - INFO - Module loaded.
2024-08-05 16:59:29,380 - elsapy.elsprofile - INFO - Module loaded.
2024-08-05 16:59:29,381 - elsapy.elsdoc - INFO - Module loaded.
2024-08-05 16:59:29,382 - elsapy.elssearch - INFO - Module loaded.
2024-08-05 17:01:46,979 - elsapy.elsclient - INFO - Module loaded.
2024-08-05 17:01:46,980 - elsapy.elsentity - INFO - Module loaded.
2024-08-05 17:01:46,981 - elsapy.utils - INFO - Module loaded.
2024-08-05 17:01:46,981 - elsapy.elsprofile - INFO - Module loaded.
2024-08-05 17:01:46,982 - elsapy.elsdoc - INFO - Module loaded.
2024-08-05 17:01:46,983 - elsapy.elssearch - INFO - Module loaded.
2024-08-05 17:01:59,227 - elsapy.elsclient - INFO - Module loaded.
2024-08-05 17:01:59,228 - elsapy.elsentity - INFO - Module loaded.
2024-08-05 17:01:59,229 - elsapy.utils - INFO - Module loaded.
2024-08-05 17:01:59,229 - elsapy.elsprofile - INFO - Module loaded.
2024-08-05 17:01:59,230 - elsapy.elsdoc - INFO - Module loaded.
2024-08-05 17:01:59,231 - elsapy.elssearch - INFO - Module loaded.
2024-08-05 17:02:36,703 - elsapy.elsclient - INFO - Module loaded.
2024-08-05 17:02:36,704 - elsapy.elsentity - INFO - Module loaded.
2024-08-05 17:02:36,705 - elsapy.utils - INFO - Module loaded.
2024-08-05 17:02:36,705 - elsapy.elsprofile - INFO - Module loaded.
2024-08-05 17:02:36,706 - elsapy.elsdoc - INFO - Module loaded.
2024-08-05 17:02:36,707 - elsapy.elssearch - INFO - Module loaded.
2024-08-05 17:04:31,070 - elsapy.elsclient - INFO - Module loaded.
2024-08-05 17:04:31,071 - elsapy.elsentity - INFO - Module loaded.
2024-08-05 17:04:31,071 - elsapy.utils - INFO - Module loaded.
2024-08-05 17:04:31,072 - elsapy.elsprofile - INFO - Module loaded.
2024-08-05 17:04:31,072 - elsapy.elsdoc - INFO - Module loaded.
2024-08-05 17:04:31,073 - elsapy.elssearch - INFO - Module loaded.
2024-08-05 17:04:59,647 - elsapy.elsclient - INFO - Module loaded.
2024-08-05 17:04:59,648 - elsapy.elsentity - INFO - Module loaded.
2024-08-05 17:04:59,649 - elsapy.utils - INFO - Module loaded.
2024-08-05 17:04:59,649 - elsapy.elsprofile - INFO - Module loaded.
2024-08-05 17:04:59,650 - elsapy.elsdoc - INFO - Module loaded.
2024-08-05 17:04:59,650 - elsapy.elssearch - INFO - Module loaded.
2024-08-05 17:07:29,072 - elsapy.elsclient - INFO - Module loaded.
2024-08-05 17:07:29,074 - elsapy.elsentity - INFO - Module loaded.
2024-08-05 17:07:29,074 - elsapy.utils - INFO - Module loaded.
2024-08-05 17:07:29,074 - elsapy.elsprofile - INFO - Module loaded.
2024-08-05 17:07:29,075 - elsapy.elsdoc - INFO - Module loaded.
2024-08-05 17:07:29,076 - elsapy.elssearch - INFO - Module loaded.
2024-08-05 17:08:54,641 - elsapy.elsclient - INFO - Module loaded.
2024-08-05 17:08:54,642 - elsapy.elsentity - INFO - Module loaded.
2024-08-05 17:08:54,643 - elsapy.utils - INFO - Module loaded.
2024-08-05 17:08:54,643 - elsapy.elsprofile - INFO - Module loaded.
2024-08-05 17:08:54,644 - elsapy.elsdoc - INFO - Module loaded.
2024-08-05 17:08:54,644 - elsapy.elssearch - INFO - Module loaded.
2024-08-05 17:09:44,253 - elsapy.elsclient - INFO - Module loaded.
2024-08-05 17:09:44,254 - elsapy.elsentity - INFO - Module loaded.
2024-08-05 17:09:44,255 - elsapy.utils - INFO - Module loaded.
2024-08-05 17:09:44,255 - elsapy.elsprofile - INFO - Module loaded.
2024-08-05 17:09:44,256 - elsapy.elsdoc - INFO - Module loaded.
2024-08-05 17:09:44,257 - elsapy.elssearch - INFO - Module loaded.
2024-08-05 17:10:09,878 - elsapy.elsclient - INFO - Module loaded.
2024-08-05 17:10:09,879 - elsapy.elsentity - INFO - Module loaded.
2024-08-05 17:10:09,880 - elsapy.utils - INFO - Module loaded.
2024-08-05 17:10:09,880 - elsapy.elsprofile - INFO - Module loaded.
2024-08-05 17:10:09,881 - elsapy.elsdoc - INFO - Module loaded.
2024-08-05 17:10:09,881 - elsapy.elssearch - INFO - Module loaded.
2024-08-05 17:10:23,209 - elsapy.elsclient - INFO - Module loaded.
2024-08-05 17:10:23,210 - elsapy.elsentity - INFO - Module loaded.
2024-08-05 17:10:23,211 - elsapy.utils - INFO - Module loaded.
2024-08-05 17:10:23,211 - elsapy.elsprofile - INFO - Module loaded.
2024-08-05 17:10:23,212 - elsapy.elsdoc - INFO - Module loaded.
2024-08-05 17:10:23,212 - elsapy.elssearch - INFO - Module loaded.
2024-08-05 17:10:32,169 - elsapy.elsclient - INFO - Module loaded.
2024-08-05 17:10:32,170 - elsapy.elsentity - INFO - Module loaded.
2024-08-05 17:10:32,171 - elsapy.utils - INFO - Module loaded.
2024-08-05 17:10:32,171 - elsapy.elsprofile - INFO - Module loaded.
2024-08-05 17:10:32,172 - elsapy.elsdoc - INFO - Module loaded.
2024-08-05 17:10:32,173 - elsapy.elssearch - INFO - Module loaded.
2024-08-05 17:10:50,566 - elsapy.elsclient - INFO - Module loaded.
2024-08-05 17:10:50,567 - elsapy.elsentity - INFO - Module loaded.
2024-08-05 17:10:50,567 - elsapy.utils - INFO - Module loaded.
2024-08-05 17:10:50,568 - elsapy.elsprofile - INFO - Module loaded.
2024-08-05 17:10:50,568 - elsapy.elsdoc - INFO - Module loaded.
2024-08-05 17:10:50,569 - elsapy.elssearch - INFO - Module loaded.
2024-08-05 17:11:12,430 - elsapy.elsclient - INFO - Module loaded.
2024-08-05 17:11:12,431 - elsapy.elsentity - INFO - Module loaded.
2024-08-05 17:11:12,432 - elsapy.utils - INFO - Module loaded.
2024-08-05 17:11:12,432 - elsapy.elsprofile - INFO - Module loaded.
2024-08-05 17:11:12,433 - elsapy.elsdoc - INFO - Module loaded.
2024-08-05 17:11:12,434 - elsapy.elssearch - INFO - Module loaded.
2024-08-05 17:12:16,832 - elsapy.elsclient - INFO - Module loaded.
2024-08-05 17:12:16,833 - elsapy.elsentity - INFO - Module loaded.
2024-08-05 17:12:16,834 - elsapy.utils - INFO - Module loaded.
2024-08-05 17:12:16,834 - elsapy.elsprofile - INFO - Module loaded.
2024-08-05 17:12:16,835 - elsapy.elsdoc - INFO - Module loaded.
2024-08-05 17:12:16,835 - elsapy.elssearch - INFO - Module loaded.
2024-08-05 17:12:28,812 - elsapy.elsclient - INFO - Module loaded.
2024-08-05 17:12:28,813 - elsapy.elsentity - INFO - Module loaded.
2024-08-05 17:12:28,814 - elsapy.utils - INFO - Module loaded.
2024-08-05 17:12:28,814 - elsapy.elsprofile - INFO - Module loaded.
2024-08-05 17:12:28,815 - elsapy.elsdoc - INFO - Module loaded.
2024-08-05 17:12:28,815 - elsapy.elssearch - INFO - Module loaded.
2024-08-05 17:16:18,675 - elsapy.elsclient - INFO - Module loaded.
2024-08-05 17:16:18,676 - elsapy.elsentity - INFO - Module loaded.
2024-08-05 17:16:18,677 - elsapy.utils - INFO - Module loaded.
2024-08-05 17:16:18,677 - elsapy.elsprofile - INFO - Module loaded.
2024-08-05 17:16:18,678 - elsapy.elsdoc - INFO - Module loaded.
2024-08-05 17:16:18,679 - elsapy.elssearch - INFO - Module loaded.
2024-08-05 17:18:46,918 - elsapy.elsclient - INFO - Module loaded.
2024-08-05 17:18:46,919 - elsapy.elsentity - INFO - Module loaded.
2024-08-05 17:18:46,919 - elsapy.utils - INFO - Module loaded.
2024-08-05 17:18:46,920 - elsapy.elsprofile - INFO - Module loaded.
2024-08-05 17:18:46,920 - elsapy.elsdoc - INFO - Module loaded.
2024-08-05 17:18:46,921 - elsapy.elssearch - INFO - Module loaded.
2024-08-05 17:20:07,552 - elsapy.elsclient - INFO - Module loaded.
2024-08-05 17:20:07,553 - elsapy.elsentity - INFO - Module loaded.
2024-08-05 17:20:07,553 - elsapy.utils - INFO - Module loaded.
2024-08-05 17:20:07,554 - elsapy.elsprofile - INFO - Module loaded.
2024-08-05 17:20:07,554 - elsapy.elsdoc - INFO - Module loaded.
2024-08-05 17:20:07,555 - elsapy.elssearch - INFO - Module loaded.
2024-08-05 18:07:11,275 - elsapy.elsclient - INFO - Module loaded.
2024-08-05 18:07:11,276 - elsapy.elsentity - INFO - Module loaded.
2024-08-05 18:07:11,277 - elsapy.utils - INFO - Module loaded.
2024-08-05 18:07:11,277 - elsapy.elsprofile - INFO - Module loaded.
2024-08-05 18:07:11,278 - elsapy.elsdoc - INFO - Module loaded.
2024-08-05 18:07:11,279 - elsapy.elssearch - INFO - Module loaded.
2024-08-05 18:25:47,025 - elsapy.elsclient - INFO - Module loaded.
2024-08-05 18:25:47,026 - elsapy.elsentity - INFO - Module loaded.
2024-08-05 18:25:47,027 - elsapy.utils - INFO - Module loaded.
2024-08-05 18:25:47,027 - elsapy.elsprofile - INFO - Module loaded.
2024-08-05 18:25:47,028 - elsapy.elsdoc - INFO - Module loaded.
2024-08-05 18:25:47,029 - elsapy.elssearch - INFO - Module loaded.
2024-08-05 18:32:04,041 - elsapy.elsclient - INFO - Module loaded.
2024-08-05 18:32:04,042 - elsapy.elsentity - INFO - Module loaded.
2024-08-05 18:32:04,042 - elsapy.utils - INFO - Module loaded.
2024-08-05 18:32:04,043 - elsapy.elsprofile - INFO - Module loaded.
2024-08-05 18:32:04,043 - elsapy.elsdoc - INFO - Module loaded.
2024-08-05 18:32:04,044 - elsapy.elssearch - INFO - Module loaded.
2024-08-05 21:01:22,306 - elsapy.elsclient - INFO - Module loaded.
2024-08-05 21:01:22,307 - elsapy.elsentity - INFO - Module loaded.
2024-08-05 21:01:22,308 - elsapy.utils - INFO - Module loaded.
2024-08-05 21:01:22,308 - elsapy.elsprofile - INFO - Module loaded.
2024-08-05 21:01:22,309 - elsapy.elsdoc - INFO - Module loaded.
2024-08-05 21:01:22,309 - elsapy.elssearch - INFO - Module loaded.
