2024-07-31 09:53:31,885 - elsapy.elsclient - INFO - Module loaded.
2024-07-31 09:53:31,886 - elsapy.elsentity - INFO - Module loaded.
2024-07-31 09:53:31,887 - elsapy.utils - INFO - Module loaded.
2024-07-31 09:53:31,887 - elsapy.elsprofile - INFO - Module loaded.
2024-07-31 09:53:31,888 - elsapy.elsdoc - INFO - Module loaded.
2024-07-31 09:53:31,888 - elsapy.elssearch - INFO - Module loaded.
2024-07-31 13:18:32,165 - elsapy.elsclient - INFO - Module loaded.
2024-07-31 13:18:32,166 - elsapy.elsentity - INFO - Module loaded.
2024-07-31 13:18:32,167 - elsapy.utils - INFO - Module loaded.
2024-07-31 13:18:32,167 - elsapy.elsprofile - INFO - Module loaded.
2024-07-31 13:18:32,168 - elsapy.elsdoc - INFO - Module loaded.
2024-07-31 13:18:32,170 - elsapy.elssearch - INFO - Module loaded.
2024-07-31 14:15:46,705 - elsapy.elsclient - INFO - Module loaded.
2024-07-31 14:15:46,706 - elsapy.elsentity - INFO - Module loaded.
2024-07-31 14:15:46,707 - elsapy.utils - INFO - Module loaded.
2024-07-31 14:15:46,707 - elsapy.elsprofile - INFO - Module loaded.
2024-07-31 14:15:46,708 - elsapy.elsdoc - INFO - Module loaded.
2024-07-31 14:15:46,708 - elsapy.elssearch - INFO - Module loaded.
2024-07-31 15:08:20,893 - elsapy.elsclient - INFO - Module loaded.
2024-07-31 15:08:20,894 - elsapy.elsentity - INFO - Module loaded.
2024-07-31 15:08:20,895 - elsapy.utils - INFO - Module loaded.
2024-07-31 15:08:20,895 - elsapy.elsprofile - INFO - Module loaded.
2024-07-31 15:08:20,896 - elsapy.elsdoc - INFO - Module loaded.
2024-07-31 15:08:20,896 - elsapy.elssearch - INFO - Module loaded.
2024-07-31 15:12:14,109 - elsapy.elsclient - INFO - Module loaded.
2024-07-31 15:12:14,110 - elsapy.elsentity - INFO - Module loaded.
2024-07-31 15:12:14,111 - elsapy.utils - INFO - Module loaded.
2024-07-31 15:12:14,111 - elsapy.elsprofile - INFO - Module loaded.
2024-07-31 15:12:14,112 - elsapy.elsdoc - INFO - Module loaded.
2024-07-31 15:12:14,112 - elsapy.elssearch - INFO - Module loaded.
