2024-07-18 16:19:12,193 - elsapy.elsclient - INFO - Module loaded.
2024-07-18 16:19:12,195 - elsapy.elsentity - INFO - Module loaded.
2024-07-18 16:19:12,196 - elsapy.utils - INFO - Module loaded.
2024-07-18 16:19:12,196 - elsapy.elsprofile - INFO - Module loaded.
2024-07-18 16:19:12,197 - elsapy.elsdoc - INFO - Module loaded.
2024-07-18 16:19:12,198 - elsapy.elssearch - INFO - Module loaded.
2024-07-18 16:31:56,392 - elsapy.elsclient - INFO - Module loaded.
2024-07-18 16:31:56,393 - elsapy.elsentity - INFO - Module loaded.
2024-07-18 16:31:56,394 - elsapy.utils - INFO - Module loaded.
2024-07-18 16:31:56,395 - elsapy.elsprofile - INFO - Module loaded.
2024-07-18 16:31:56,396 - elsapy.elsdoc - INFO - Module loaded.
2024-07-18 16:31:56,398 - elsapy.elssearch - INFO - Module loaded.
2024-07-18 16:46:38,090 - elsapy.elsclient - INFO - Module loaded.
2024-07-18 16:46:38,092 - elsapy.elsentity - INFO - Module loaded.
2024-07-18 16:46:38,093 - elsapy.utils - INFO - Module loaded.
2024-07-18 16:46:38,093 - elsapy.elsprofile - INFO - Module loaded.
2024-07-18 16:46:38,094 - elsapy.elsdoc - INFO - Module loaded.
2024-07-18 16:46:38,095 - elsapy.elssearch - INFO - Module loaded.
2024-07-18 17:03:41,642 - elsapy.elsclient - INFO - Module loaded.
2024-07-18 17:03:41,644 - elsapy.elsentity - INFO - Module loaded.
2024-07-18 17:03:41,645 - elsapy.utils - INFO - Module loaded.
2024-07-18 17:03:41,645 - elsapy.elsprofile - INFO - Module loaded.
2024-07-18 17:03:41,646 - elsapy.elsdoc - INFO - Module loaded.
2024-07-18 17:03:41,647 - elsapy.elssearch - INFO - Module loaded.
2024-07-18 17:16:53,189 - elsapy.elsclient - INFO - Module loaded.
2024-07-18 17:16:53,190 - elsapy.elsentity - INFO - Module loaded.
2024-07-18 17:16:53,191 - elsapy.utils - INFO - Module loaded.
2024-07-18 17:16:53,191 - elsapy.elsprofile - INFO - Module loaded.
2024-07-18 17:16:53,192 - elsapy.elsdoc - INFO - Module loaded.
2024-07-18 17:16:53,193 - elsapy.elssearch - INFO - Module loaded.
2024-07-18 18:01:43,717 - elsapy.elsclient - INFO - Module loaded.
2024-07-18 18:01:43,718 - elsapy.elsentity - INFO - Module loaded.
2024-07-18 18:01:43,718 - elsapy.utils - INFO - Module loaded.
2024-07-18 18:01:43,719 - elsapy.elsprofile - INFO - Module loaded.
2024-07-18 18:01:43,719 - elsapy.elsdoc - INFO - Module loaded.
2024-07-18 18:01:43,720 - elsapy.elssearch - INFO - Module loaded.
2024-07-18 18:30:11,711 - elsapy.elsclient - INFO - Module loaded.
2024-07-18 18:30:11,712 - elsapy.elsentity - INFO - Module loaded.
2024-07-18 18:30:11,713 - elsapy.utils - INFO - Module loaded.
2024-07-18 18:30:11,713 - elsapy.elsprofile - INFO - Module loaded.
2024-07-18 18:30:11,714 - elsapy.elsdoc - INFO - Module loaded.
2024-07-18 18:30:11,715 - elsapy.elssearch - INFO - Module loaded.
2024-07-18 18:39:10,344 - elsapy.elsclient - INFO - Module loaded.
2024-07-18 18:39:10,345 - elsapy.elsentity - INFO - Module loaded.
2024-07-18 18:39:10,345 - elsapy.utils - INFO - Module loaded.
2024-07-18 18:39:10,346 - elsapy.elsprofile - INFO - Module loaded.
2024-07-18 18:39:10,346 - elsapy.elsdoc - INFO - Module loaded.
2024-07-18 18:39:10,347 - elsapy.elssearch - INFO - Module loaded.
2024-07-18 18:46:51,016 - elsapy.elsclient - INFO - Module loaded.
2024-07-18 18:46:51,017 - elsapy.elsentity - INFO - Module loaded.
2024-07-18 18:46:51,017 - elsapy.utils - INFO - Module loaded.
2024-07-18 18:46:51,018 - elsapy.elsprofile - INFO - Module loaded.
2024-07-18 18:46:51,018 - elsapy.elsdoc - INFO - Module loaded.
2024-07-18 18:46:51,019 - elsapy.elssearch - INFO - Module loaded.
2024-07-18 18:56:29,054 - elsapy.elsclient - INFO - Module loaded.
2024-07-18 18:56:29,055 - elsapy.elsentity - INFO - Module loaded.
2024-07-18 18:56:29,056 - elsapy.utils - INFO - Module loaded.
2024-07-18 18:56:29,056 - elsapy.elsprofile - INFO - Module loaded.
2024-07-18 18:56:29,057 - elsapy.elsdoc - INFO - Module loaded.
2024-07-18 18:56:29,057 - elsapy.elssearch - INFO - Module loaded.
2024-07-18 19:14:19,684 - elsapy.elsclient - INFO - Module loaded.
2024-07-18 19:14:19,685 - elsapy.elsentity - INFO - Module loaded.
2024-07-18 19:14:19,686 - elsapy.utils - INFO - Module loaded.
2024-07-18 19:14:19,686 - elsapy.elsprofile - INFO - Module loaded.
2024-07-18 19:14:19,687 - elsapy.elsdoc - INFO - Module loaded.
2024-07-18 19:14:19,688 - elsapy.elssearch - INFO - Module loaded.
2024-07-18 19:54:44,737 - elsapy.elsclient - INFO - Module loaded.
2024-07-18 19:54:44,738 - elsapy.elsentity - INFO - Module loaded.
2024-07-18 19:54:44,739 - elsapy.utils - INFO - Module loaded.
2024-07-18 19:54:44,739 - elsapy.elsprofile - INFO - Module loaded.
2024-07-18 19:54:44,740 - elsapy.elsdoc - INFO - Module loaded.
2024-07-18 19:54:44,740 - elsapy.elssearch - INFO - Module loaded.
2024-07-18 22:29:30,670 - elsapy.elsclient - INFO - Module loaded.
2024-07-18 22:29:30,671 - elsapy.elsentity - INFO - Module loaded.
2024-07-18 22:29:30,672 - elsapy.utils - INFO - Module loaded.
2024-07-18 22:29:30,672 - elsapy.elsprofile - INFO - Module loaded.
2024-07-18 22:29:30,673 - elsapy.elsdoc - INFO - Module loaded.
2024-07-18 22:29:30,674 - elsapy.elssearch - INFO - Module loaded.
