2024-05-09 09:46:16,385 - elsapy.elsclient - INFO - Module loaded.
2024-05-09 09:46:16,387 - elsapy.elsentity - INFO - Module loaded.
2024-05-09 09:46:16,388 - elsapy.utils - INFO - Module loaded.
2024-05-09 09:46:16,388 - elsapy.elsprofile - INFO - Module loaded.
2024-05-09 09:46:16,389 - elsapy.elsdoc - INFO - Module loaded.
2024-05-09 09:46:16,390 - elsapy.elssearch - INFO - Module loaded.
2024-05-09 09:56:04,633 - elsapy.elsclient - INFO - Module loaded.
2024-05-09 09:56:04,635 - elsapy.elsentity - INFO - Module loaded.
2024-05-09 09:56:04,636 - elsapy.utils - INFO - Module loaded.
2024-05-09 09:56:04,636 - elsapy.elsprofile - INFO - Module loaded.
2024-05-09 09:56:04,637 - elsapy.elsdoc - INFO - Module loaded.
2024-05-09 09:56:04,639 - elsapy.elssearch - INFO - Module loaded.
2024-05-09 10:07:46,314 - elsapy.elsclient - INFO - Module loaded.
2024-05-09 10:07:46,316 - elsapy.elsentity - INFO - Module loaded.
2024-05-09 10:07:46,316 - elsapy.utils - INFO - Module loaded.
2024-05-09 10:07:46,317 - elsapy.elsprofile - INFO - Module loaded.
2024-05-09 10:07:46,317 - elsapy.elsdoc - INFO - Module loaded.
2024-05-09 10:07:46,318 - elsapy.elssearch - INFO - Module loaded.
2024-05-09 17:39:58,056 - elsapy.elsclient - INFO - Module loaded.
2024-05-09 17:39:58,057 - elsapy.elsentity - INFO - Module loaded.
2024-05-09 17:39:58,058 - elsapy.utils - INFO - Module loaded.
2024-05-09 17:39:58,058 - elsapy.elsprofile - INFO - Module loaded.
2024-05-09 17:39:58,059 - elsapy.elsdoc - INFO - Module loaded.
2024-05-09 17:39:58,061 - elsapy.elssearch - INFO - Module loaded.
2024-05-09 17:43:27,262 - elsapy.elsclient - INFO - Module loaded.
2024-05-09 17:43:27,264 - elsapy.elsentity - INFO - Module loaded.
2024-05-09 17:43:27,265 - elsapy.utils - INFO - Module loaded.
2024-05-09 17:43:27,265 - elsapy.elsprofile - INFO - Module loaded.
2024-05-09 17:43:27,266 - elsapy.elsdoc - INFO - Module loaded.
2024-05-09 17:43:27,267 - elsapy.elssearch - INFO - Module loaded.
2024-05-09 22:57:29,401 - elsapy.elsclient - INFO - Module loaded.
2024-05-09 22:57:29,403 - elsapy.elsentity - INFO - Module loaded.
2024-05-09 22:57:29,404 - elsapy.utils - INFO - Module loaded.
2024-05-09 22:57:29,404 - elsapy.elsprofile - INFO - Module loaded.
2024-05-09 22:57:29,405 - elsapy.elsdoc - INFO - Module loaded.
2024-05-09 22:57:29,407 - elsapy.elssearch - INFO - Module loaded.
