2024-09-24 00:18:48,400 - elsapy.elsclient - INFO - Module loaded.
2024-09-24 00:18:48,401 - elsapy.elsentity - INFO - Module loaded.
2024-09-24 00:18:48,402 - elsapy.utils - INFO - Module loaded.
2024-09-24 00:18:48,402 - elsapy.elsprofile - INFO - Module loaded.
2024-09-24 00:18:48,403 - elsapy.elsdoc - INFO - Module loaded.
2024-09-24 00:18:48,404 - elsapy.elssearch - INFO - Module loaded.
2024-09-24 00:38:25,929 - elsapy.elsclient - INFO - Module loaded.
2024-09-24 00:38:25,930 - elsapy.elsentity - INFO - Module loaded.
2024-09-24 00:38:25,930 - elsapy.utils - INFO - Module loaded.
2024-09-24 00:38:25,931 - elsapy.elsprofile - INFO - Module loaded.
2024-09-24 00:38:25,932 - elsapy.elsdoc - INFO - Module loaded.
2024-09-24 00:38:25,932 - elsapy.elssearch - INFO - Module loaded.
2024-09-24 10:30:03,900 - elsapy.elsclient - INFO - Module loaded.
2024-09-24 10:30:03,901 - elsapy.elsentity - INFO - Module loaded.
2024-09-24 10:30:03,902 - elsapy.utils - INFO - Module loaded.
2024-09-24 10:30:03,902 - elsapy.elsprofile - INFO - Module loaded.
2024-09-24 10:30:03,903 - elsapy.elsdoc - INFO - Module loaded.
2024-09-24 10:30:03,904 - elsapy.elssearch - INFO - Module loaded.
2024-09-24 10:32:12,138 - elsapy.elsclient - INFO - Module loaded.
2024-09-24 10:32:12,139 - elsapy.elsentity - INFO - Module loaded.
2024-09-24 10:32:12,140 - elsapy.utils - INFO - Module loaded.
2024-09-24 10:32:12,140 - elsapy.elsprofile - INFO - Module loaded.
2024-09-24 10:32:12,141 - elsapy.elsdoc - INFO - Module loaded.
2024-09-24 10:32:12,141 - elsapy.elssearch - INFO - Module loaded.
2024-09-24 10:33:39,713 - elsapy.elsclient - INFO - Module loaded.
2024-09-24 10:33:39,714 - elsapy.elsentity - INFO - Module loaded.
2024-09-24 10:33:39,715 - elsapy.utils - INFO - Module loaded.
2024-09-24 10:33:39,715 - elsapy.elsprofile - INFO - Module loaded.
2024-09-24 10:33:39,716 - elsapy.elsdoc - INFO - Module loaded.
2024-09-24 10:33:39,717 - elsapy.elssearch - INFO - Module loaded.
2024-09-24 10:36:31,788 - elsapy.elsclient - INFO - Module loaded.
2024-09-24 10:36:31,789 - elsapy.elsentity - INFO - Module loaded.
2024-09-24 10:36:31,790 - elsapy.utils - INFO - Module loaded.
2024-09-24 10:36:31,790 - elsapy.elsprofile - INFO - Module loaded.
2024-09-24 10:36:31,791 - elsapy.elsdoc - INFO - Module loaded.
2024-09-24 10:36:31,791 - elsapy.elssearch - INFO - Module loaded.
2024-09-24 10:36:44,663 - elsapy.elsclient - INFO - Module loaded.
2024-09-24 10:36:44,664 - elsapy.elsentity - INFO - Module loaded.
2024-09-24 10:36:44,665 - elsapy.utils - INFO - Module loaded.
2024-09-24 10:36:44,665 - elsapy.elsprofile - INFO - Module loaded.
2024-09-24 10:36:44,666 - elsapy.elsdoc - INFO - Module loaded.
2024-09-24 10:36:44,667 - elsapy.elssearch - INFO - Module loaded.
2024-09-24 10:44:55,997 - elsapy.elsclient - INFO - Module loaded.
2024-09-24 10:44:55,997 - elsapy.elsentity - INFO - Module loaded.
2024-09-24 10:44:55,999 - elsapy.utils - INFO - Module loaded.
2024-09-24 10:44:55,999 - elsapy.elsprofile - INFO - Module loaded.
2024-09-24 10:44:56,000 - elsapy.elsdoc - INFO - Module loaded.
2024-09-24 10:44:56,001 - elsapy.elssearch - INFO - Module loaded.
2024-09-24 10:48:14,190 - elsapy.elsclient - INFO - Module loaded.
2024-09-24 10:48:14,191 - elsapy.elsentity - INFO - Module loaded.
2024-09-24 10:48:14,192 - elsapy.utils - INFO - Module loaded.
2024-09-24 10:48:14,193 - elsapy.elsprofile - INFO - Module loaded.
2024-09-24 10:48:14,193 - elsapy.elsdoc - INFO - Module loaded.
2024-09-24 10:48:14,194 - elsapy.elssearch - INFO - Module loaded.
2024-09-24 11:57:39,268 - elsapy.elsclient - INFO - Module loaded.
2024-09-24 11:57:39,270 - elsapy.elsentity - INFO - Module loaded.
2024-09-24 11:57:39,270 - elsapy.utils - INFO - Module loaded.
2024-09-24 11:57:39,271 - elsapy.elsprofile - INFO - Module loaded.
2024-09-24 11:57:39,271 - elsapy.elsdoc - INFO - Module loaded.
2024-09-24 11:57:39,272 - elsapy.elssearch - INFO - Module loaded.
2024-09-24 18:54:27,372 - elsapy.elsclient - INFO - Module loaded.
2024-09-24 18:54:27,373 - elsapy.elsentity - INFO - Module loaded.
2024-09-24 18:54:27,374 - elsapy.utils - INFO - Module loaded.
2024-09-24 18:54:27,375 - elsapy.elsprofile - INFO - Module loaded.
2024-09-24 18:54:27,375 - elsapy.elsdoc - INFO - Module loaded.
2024-09-24 18:54:27,376 - elsapy.elssearch - INFO - Module loaded.
2024-09-24 18:58:28,594 - elsapy.elsclient - INFO - Module loaded.
2024-09-24 18:58:28,596 - elsapy.elsentity - INFO - Module loaded.
2024-09-24 18:58:28,596 - elsapy.utils - INFO - Module loaded.
2024-09-24 18:58:28,597 - elsapy.elsprofile - INFO - Module loaded.
2024-09-24 18:58:28,597 - elsapy.elsdoc - INFO - Module loaded.
2024-09-24 18:58:28,598 - elsapy.elssearch - INFO - Module loaded.
2024-09-24 18:59:27,222 - elsapy.elsclient - INFO - Module loaded.
2024-09-24 18:59:27,223 - elsapy.elsentity - INFO - Module loaded.
2024-09-24 18:59:27,224 - elsapy.utils - INFO - Module loaded.
2024-09-24 18:59:27,224 - elsapy.elsprofile - INFO - Module loaded.
2024-09-24 18:59:27,225 - elsapy.elsdoc - INFO - Module loaded.
2024-09-24 18:59:27,226 - elsapy.elssearch - INFO - Module loaded.
2024-09-24 19:10:53,339 - elsapy.elsclient - INFO - Module loaded.
2024-09-24 19:10:53,340 - elsapy.elsentity - INFO - Module loaded.
2024-09-24 19:10:53,341 - elsapy.utils - INFO - Module loaded.
2024-09-24 19:10:53,341 - elsapy.elsprofile - INFO - Module loaded.
2024-09-24 19:10:53,342 - elsapy.elsdoc - INFO - Module loaded.
2024-09-24 19:10:53,343 - elsapy.elssearch - INFO - Module loaded.
2024-09-24 19:11:40,228 - elsapy.elsclient - INFO - Module loaded.
2024-09-24 19:11:40,229 - elsapy.elsentity - INFO - Module loaded.
2024-09-24 19:11:40,230 - elsapy.utils - INFO - Module loaded.
2024-09-24 19:11:40,230 - elsapy.elsprofile - INFO - Module loaded.
2024-09-24 19:11:40,231 - elsapy.elsdoc - INFO - Module loaded.
2024-09-24 19:11:40,232 - elsapy.elssearch - INFO - Module loaded.
2024-09-24 19:17:54,129 - elsapy.elsclient - INFO - Module loaded.
2024-09-24 19:17:54,131 - elsapy.elsentity - INFO - Module loaded.
2024-09-24 19:17:54,131 - elsapy.utils - INFO - Module loaded.
2024-09-24 19:17:54,132 - elsapy.elsprofile - INFO - Module loaded.
2024-09-24 19:17:54,132 - elsapy.elsdoc - INFO - Module loaded.
2024-09-24 19:17:54,133 - elsapy.elssearch - INFO - Module loaded.
2024-09-24 19:18:32,225 - elsapy.elsclient - INFO - Module loaded.
2024-09-24 19:18:32,227 - elsapy.elsentity - INFO - Module loaded.
2024-09-24 19:18:32,227 - elsapy.utils - INFO - Module loaded.
2024-09-24 19:18:32,228 - elsapy.elsprofile - INFO - Module loaded.
2024-09-24 19:18:32,228 - elsapy.elsdoc - INFO - Module loaded.
2024-09-24 19:18:32,229 - elsapy.elssearch - INFO - Module loaded.
2024-09-24 19:19:21,314 - elsapy.elsclient - INFO - Module loaded.
2024-09-24 19:19:21,316 - elsapy.elsentity - INFO - Module loaded.
2024-09-24 19:19:21,316 - elsapy.utils - INFO - Module loaded.
2024-09-24 19:19:21,317 - elsapy.elsprofile - INFO - Module loaded.
2024-09-24 19:19:21,317 - elsapy.elsdoc - INFO - Module loaded.
2024-09-24 19:19:21,318 - elsapy.elssearch - INFO - Module loaded.
2024-09-24 19:20:27,538 - elsapy.elsclient - INFO - Module loaded.
2024-09-24 19:20:27,539 - elsapy.elsentity - INFO - Module loaded.
2024-09-24 19:20:27,540 - elsapy.utils - INFO - Module loaded.
2024-09-24 19:20:27,540 - elsapy.elsprofile - INFO - Module loaded.
2024-09-24 19:20:27,541 - elsapy.elsdoc - INFO - Module loaded.
2024-09-24 19:20:27,542 - elsapy.elssearch - INFO - Module loaded.
2024-09-24 19:22:14,938 - elsapy.elsclient - INFO - Module loaded.
2024-09-24 19:22:14,939 - elsapy.elsentity - INFO - Module loaded.
2024-09-24 19:22:14,940 - elsapy.utils - INFO - Module loaded.
2024-09-24 19:22:14,940 - elsapy.elsprofile - INFO - Module loaded.
2024-09-24 19:22:14,941 - elsapy.elsdoc - INFO - Module loaded.
2024-09-24 19:22:14,942 - elsapy.elssearch - INFO - Module loaded.
2024-09-24 19:26:14,415 - elsapy.elsclient - INFO - Module loaded.
2024-09-24 19:26:14,417 - elsapy.elsentity - INFO - Module loaded.
2024-09-24 19:26:14,417 - elsapy.utils - INFO - Module loaded.
2024-09-24 19:26:14,418 - elsapy.elsprofile - INFO - Module loaded.
2024-09-24 19:26:14,418 - elsapy.elsdoc - INFO - Module loaded.
2024-09-24 19:26:14,419 - elsapy.elssearch - INFO - Module loaded.
2024-09-24 19:30:49,940 - elsapy.elsclient - INFO - Module loaded.
2024-09-24 19:30:49,941 - elsapy.elsentity - INFO - Module loaded.
2024-09-24 19:30:49,942 - elsapy.utils - INFO - Module loaded.
2024-09-24 19:30:49,942 - elsapy.elsprofile - INFO - Module loaded.
2024-09-24 19:30:49,943 - elsapy.elsdoc - INFO - Module loaded.
2024-09-24 19:30:49,943 - elsapy.elssearch - INFO - Module loaded.
2024-09-24 19:33:01,972 - elsapy.elsclient - INFO - Module loaded.
2024-09-24 19:33:01,973 - elsapy.elsentity - INFO - Module loaded.
2024-09-24 19:33:01,974 - elsapy.utils - INFO - Module loaded.
2024-09-24 19:33:01,975 - elsapy.elsprofile - INFO - Module loaded.
2024-09-24 19:33:01,975 - elsapy.elsdoc - INFO - Module loaded.
2024-09-24 19:33:01,976 - elsapy.elssearch - INFO - Module loaded.
2024-09-24 19:33:50,281 - elsapy.elsclient - INFO - Module loaded.
2024-09-24 19:33:50,282 - elsapy.elsentity - INFO - Module loaded.
2024-09-24 19:33:50,283 - elsapy.utils - INFO - Module loaded.
2024-09-24 19:33:50,283 - elsapy.elsprofile - INFO - Module loaded.
2024-09-24 19:33:50,284 - elsapy.elsdoc - INFO - Module loaded.
2024-09-24 19:33:50,284 - elsapy.elssearch - INFO - Module loaded.
2024-09-24 19:34:46,264 - elsapy.elsclient - INFO - Module loaded.
2024-09-24 19:34:46,265 - elsapy.elsentity - INFO - Module loaded.
2024-09-24 19:34:46,266 - elsapy.utils - INFO - Module loaded.
2024-09-24 19:34:46,267 - elsapy.elsprofile - INFO - Module loaded.
2024-09-24 19:34:46,267 - elsapy.elsdoc - INFO - Module loaded.
2024-09-24 19:34:46,268 - elsapy.elssearch - INFO - Module loaded.
2024-09-24 19:35:42,108 - elsapy.elsclient - INFO - Module loaded.
2024-09-24 19:35:42,110 - elsapy.elsentity - INFO - Module loaded.
2024-09-24 19:35:42,110 - elsapy.utils - INFO - Module loaded.
2024-09-24 19:35:42,111 - elsapy.elsprofile - INFO - Module loaded.
2024-09-24 19:35:42,112 - elsapy.elsdoc - INFO - Module loaded.
2024-09-24 19:35:42,113 - elsapy.elssearch - INFO - Module loaded.
2024-09-24 23:55:50,122 - elsapy.elsclient - INFO - Module loaded.
2024-09-24 23:55:50,123 - elsapy.elsentity - INFO - Module loaded.
2024-09-24 23:55:50,124 - elsapy.utils - INFO - Module loaded.
2024-09-24 23:55:50,124 - elsapy.elsprofile - INFO - Module loaded.
2024-09-24 23:55:50,125 - elsapy.elsdoc - INFO - Module loaded.
2024-09-24 23:55:50,126 - elsapy.elssearch - INFO - Module loaded.
2024-09-24 23:57:27,022 - elsapy.elsclient - INFO - Module loaded.
2024-09-24 23:57:27,024 - elsapy.elsentity - INFO - Module loaded.
2024-09-24 23:57:27,024 - elsapy.utils - INFO - Module loaded.
2024-09-24 23:57:27,025 - elsapy.elsprofile - INFO - Module loaded.
2024-09-24 23:57:27,025 - elsapy.elsdoc - INFO - Module loaded.
2024-09-24 23:57:27,026 - elsapy.elssearch - INFO - Module loaded.
2024-09-24 23:59:05,571 - elsapy.elsclient - INFO - Module loaded.
2024-09-24 23:59:05,572 - elsapy.elsentity - INFO - Module loaded.
2024-09-24 23:59:05,573 - elsapy.utils - INFO - Module loaded.
2024-09-24 23:59:05,573 - elsapy.elsprofile - INFO - Module loaded.
2024-09-24 23:59:05,574 - elsapy.elsdoc - INFO - Module loaded.
2024-09-24 23:59:05,575 - elsapy.elssearch - INFO - Module loaded.
