2024-09-15 09:56:20,832 - elsapy.elsclient - INFO - Module loaded.
2024-09-15 09:56:20,833 - elsapy.elsentity - INFO - Module loaded.
2024-09-15 09:56:20,834 - elsapy.utils - INFO - Module loaded.
2024-09-15 09:56:20,834 - elsapy.elsprofile - INFO - Module loaded.
2024-09-15 09:56:20,835 - elsapy.elsdoc - INFO - Module loaded.
2024-09-15 09:56:20,836 - elsapy.elssearch - INFO - Module loaded.
2024-09-15 09:58:38,734 - elsapy.elsclient - INFO - Module loaded.
2024-09-15 09:58:38,735 - elsapy.elsentity - INFO - Module loaded.
2024-09-15 09:58:38,735 - elsapy.utils - INFO - Module loaded.
2024-09-15 09:58:38,736 - elsapy.elsprofile - INFO - Module loaded.
2024-09-15 09:58:38,737 - elsapy.elsdoc - INFO - Module loaded.
2024-09-15 09:58:38,738 - elsapy.elssearch - INFO - Module loaded.
2024-09-15 10:05:27,454 - elsapy.elsclient - INFO - Module loaded.
2024-09-15 10:05:27,455 - elsapy.elsentity - INFO - Module loaded.
2024-09-15 10:05:27,455 - elsapy.utils - INFO - Module loaded.
2024-09-15 10:05:27,456 - elsapy.elsprofile - INFO - Module loaded.
2024-09-15 10:05:27,456 - elsapy.elsdoc - INFO - Module loaded.
2024-09-15 10:05:27,457 - elsapy.elssearch - INFO - Module loaded.
2024-09-15 10:07:14,861 - elsapy.elsclient - INFO - Module loaded.
2024-09-15 10:07:14,862 - elsapy.elsentity - INFO - Module loaded.
2024-09-15 10:07:14,863 - elsapy.utils - INFO - Module loaded.
2024-09-15 10:07:14,863 - elsapy.elsprofile - INFO - Module loaded.
2024-09-15 10:07:14,864 - elsapy.elsdoc - INFO - Module loaded.
2024-09-15 10:07:14,864 - elsapy.elssearch - INFO - Module loaded.
2024-09-15 10:12:20,901 - elsapy.elsclient - INFO - Module loaded.
2024-09-15 10:12:20,902 - elsapy.elsentity - INFO - Module loaded.
2024-09-15 10:12:20,903 - elsapy.utils - INFO - Module loaded.
2024-09-15 10:12:20,903 - elsapy.elsprofile - INFO - Module loaded.
2024-09-15 10:12:20,904 - elsapy.elsdoc - INFO - Module loaded.
2024-09-15 10:12:20,904 - elsapy.elssearch - INFO - Module loaded.
2024-09-15 10:14:39,843 - elsapy.elsclient - INFO - Module loaded.
2024-09-15 10:14:39,844 - elsapy.elsentity - INFO - Module loaded.
2024-09-15 10:14:39,845 - elsapy.utils - INFO - Module loaded.
2024-09-15 10:14:39,845 - elsapy.elsprofile - INFO - Module loaded.
2024-09-15 10:14:39,846 - elsapy.elsdoc - INFO - Module loaded.
2024-09-15 10:14:39,847 - elsapy.elssearch - INFO - Module loaded.
2024-09-15 10:22:32,186 - elsapy.elsclient - INFO - Module loaded.
2024-09-15 10:22:32,187 - elsapy.elsentity - INFO - Module loaded.
2024-09-15 10:22:32,188 - elsapy.utils - INFO - Module loaded.
2024-09-15 10:22:32,188 - elsapy.elsprofile - INFO - Module loaded.
2024-09-15 10:22:32,189 - elsapy.elsdoc - INFO - Module loaded.
2024-09-15 10:22:32,189 - elsapy.elssearch - INFO - Module loaded.
2024-09-15 10:29:11,508 - elsapy.elsclient - INFO - Module loaded.
2024-09-15 10:29:11,509 - elsapy.elsentity - INFO - Module loaded.
2024-09-15 10:29:11,510 - elsapy.utils - INFO - Module loaded.
2024-09-15 10:29:11,510 - elsapy.elsprofile - INFO - Module loaded.
2024-09-15 10:29:11,511 - elsapy.elsdoc - INFO - Module loaded.
2024-09-15 10:29:11,512 - elsapy.elssearch - INFO - Module loaded.
2024-09-15 10:29:53,002 - elsapy.elsclient - INFO - Module loaded.
2024-09-15 10:29:53,003 - elsapy.elsentity - INFO - Module loaded.
2024-09-15 10:29:53,004 - elsapy.utils - INFO - Module loaded.
2024-09-15 10:29:53,004 - elsapy.elsprofile - INFO - Module loaded.
2024-09-15 10:29:53,004 - elsapy.elsdoc - INFO - Module loaded.
2024-09-15 10:29:53,005 - elsapy.elssearch - INFO - Module loaded.
2024-09-15 10:46:22,217 - elsapy.elsclient - INFO - Module loaded.
2024-09-15 10:46:22,218 - elsapy.elsentity - INFO - Module loaded.
2024-09-15 10:46:22,218 - elsapy.utils - INFO - Module loaded.
2024-09-15 10:46:22,219 - elsapy.elsprofile - INFO - Module loaded.
2024-09-15 10:46:22,219 - elsapy.elsdoc - INFO - Module loaded.
2024-09-15 10:46:22,220 - elsapy.elssearch - INFO - Module loaded.
2024-09-15 10:51:38,544 - elsapy.elsclient - INFO - Module loaded.
2024-09-15 10:51:38,545 - elsapy.elsentity - INFO - Module loaded.
2024-09-15 10:51:38,545 - elsapy.utils - INFO - Module loaded.
2024-09-15 10:51:38,546 - elsapy.elsprofile - INFO - Module loaded.
2024-09-15 10:51:38,546 - elsapy.elsdoc - INFO - Module loaded.
2024-09-15 10:51:38,547 - elsapy.elssearch - INFO - Module loaded.
2024-09-15 11:01:13,271 - elsapy.elsclient - INFO - Module loaded.
2024-09-15 11:01:13,273 - elsapy.elsentity - INFO - Module loaded.
2024-09-15 11:01:13,273 - elsapy.utils - INFO - Module loaded.
2024-09-15 11:01:13,273 - elsapy.elsprofile - INFO - Module loaded.
2024-09-15 11:01:13,274 - elsapy.elsdoc - INFO - Module loaded.
2024-09-15 11:01:13,275 - elsapy.elssearch - INFO - Module loaded.
2024-09-15 11:07:50,393 - elsapy.elsclient - INFO - Module loaded.
2024-09-15 11:07:50,394 - elsapy.elsentity - INFO - Module loaded.
2024-09-15 11:07:50,394 - elsapy.utils - INFO - Module loaded.
2024-09-15 11:07:50,395 - elsapy.elsprofile - INFO - Module loaded.
2024-09-15 11:07:50,395 - elsapy.elsdoc - INFO - Module loaded.
2024-09-15 11:07:50,396 - elsapy.elssearch - INFO - Module loaded.
2024-09-15 12:06:20,830 - elsapy.elsclient - INFO - Module loaded.
2024-09-15 12:06:20,832 - elsapy.elsentity - INFO - Module loaded.
2024-09-15 12:06:20,833 - elsapy.utils - INFO - Module loaded.
2024-09-15 12:06:20,833 - elsapy.elsprofile - INFO - Module loaded.
2024-09-15 12:06:20,834 - elsapy.elsdoc - INFO - Module loaded.
2024-09-15 12:06:20,835 - elsapy.elssearch - INFO - Module loaded.
2024-09-15 12:06:49,212 - elsapy.elsclient - INFO - Module loaded.
2024-09-15 12:06:49,214 - elsapy.elsentity - INFO - Module loaded.
2024-09-15 12:06:49,214 - elsapy.utils - INFO - Module loaded.
2024-09-15 12:06:49,214 - elsapy.elsprofile - INFO - Module loaded.
2024-09-15 12:06:49,215 - elsapy.elsdoc - INFO - Module loaded.
2024-09-15 12:06:49,216 - elsapy.elssearch - INFO - Module loaded.
2024-09-15 12:07:35,844 - elsapy.elsclient - INFO - Module loaded.
2024-09-15 12:07:35,845 - elsapy.elsentity - INFO - Module loaded.
2024-09-15 12:07:35,846 - elsapy.utils - INFO - Module loaded.
2024-09-15 12:07:35,846 - elsapy.elsprofile - INFO - Module loaded.
2024-09-15 12:07:35,847 - elsapy.elsdoc - INFO - Module loaded.
2024-09-15 12:07:35,847 - elsapy.elssearch - INFO - Module loaded.
2024-09-15 12:08:49,938 - elsapy.elsclient - INFO - Module loaded.
2024-09-15 12:08:49,939 - elsapy.elsentity - INFO - Module loaded.
2024-09-15 12:08:49,939 - elsapy.utils - INFO - Module loaded.
2024-09-15 12:08:49,940 - elsapy.elsprofile - INFO - Module loaded.
2024-09-15 12:08:49,940 - elsapy.elsdoc - INFO - Module loaded.
2024-09-15 12:08:49,941 - elsapy.elssearch - INFO - Module loaded.
2024-09-15 12:20:59,547 - elsapy.elsclient - INFO - Module loaded.
2024-09-15 12:20:59,548 - elsapy.elsentity - INFO - Module loaded.
2024-09-15 12:20:59,548 - elsapy.utils - INFO - Module loaded.
2024-09-15 12:20:59,549 - elsapy.elsprofile - INFO - Module loaded.
2024-09-15 12:20:59,549 - elsapy.elsdoc - INFO - Module loaded.
2024-09-15 12:20:59,550 - elsapy.elssearch - INFO - Module loaded.
2024-09-15 12:21:40,515 - elsapy.elsclient - INFO - Module loaded.
2024-09-15 12:21:40,516 - elsapy.elsentity - INFO - Module loaded.
2024-09-15 12:21:40,516 - elsapy.utils - INFO - Module loaded.
2024-09-15 12:21:40,517 - elsapy.elsprofile - INFO - Module loaded.
2024-09-15 12:21:40,517 - elsapy.elsdoc - INFO - Module loaded.
2024-09-15 12:21:40,518 - elsapy.elssearch - INFO - Module loaded.
2024-09-15 12:25:57,912 - elsapy.elsclient - INFO - Module loaded.
2024-09-15 12:25:57,914 - elsapy.elsentity - INFO - Module loaded.
2024-09-15 12:25:57,914 - elsapy.utils - INFO - Module loaded.
2024-09-15 12:25:57,915 - elsapy.elsprofile - INFO - Module loaded.
2024-09-15 12:25:57,915 - elsapy.elsdoc - INFO - Module loaded.
2024-09-15 12:25:57,916 - elsapy.elssearch - INFO - Module loaded.
2024-09-15 12:26:27,992 - elsapy.elsclient - INFO - Module loaded.
2024-09-15 12:26:27,993 - elsapy.elsentity - INFO - Module loaded.
2024-09-15 12:26:27,993 - elsapy.utils - INFO - Module loaded.
2024-09-15 12:26:27,994 - elsapy.elsprofile - INFO - Module loaded.
2024-09-15 12:26:27,994 - elsapy.elsdoc - INFO - Module loaded.
2024-09-15 12:26:27,995 - elsapy.elssearch - INFO - Module loaded.
2024-09-15 12:26:54,059 - elsapy.elsclient - INFO - Module loaded.
2024-09-15 12:26:54,060 - elsapy.elsentity - INFO - Module loaded.
2024-09-15 12:26:54,061 - elsapy.utils - INFO - Module loaded.
2024-09-15 12:26:54,061 - elsapy.elsprofile - INFO - Module loaded.
2024-09-15 12:26:54,061 - elsapy.elsdoc - INFO - Module loaded.
2024-09-15 12:26:54,062 - elsapy.elssearch - INFO - Module loaded.
2024-09-15 12:28:40,259 - elsapy.elsclient - INFO - Module loaded.
2024-09-15 12:28:40,260 - elsapy.elsentity - INFO - Module loaded.
2024-09-15 12:28:40,260 - elsapy.utils - INFO - Module loaded.
2024-09-15 12:28:40,261 - elsapy.elsprofile - INFO - Module loaded.
2024-09-15 12:28:40,261 - elsapy.elsdoc - INFO - Module loaded.
2024-09-15 12:28:40,262 - elsapy.elssearch - INFO - Module loaded.
2024-09-15 12:40:45,956 - elsapy.elsclient - INFO - Module loaded.
2024-09-15 12:40:45,957 - elsapy.elsentity - INFO - Module loaded.
2024-09-15 12:40:45,958 - elsapy.utils - INFO - Module loaded.
2024-09-15 12:40:45,958 - elsapy.elsprofile - INFO - Module loaded.
2024-09-15 12:40:45,958 - elsapy.elsdoc - INFO - Module loaded.
2024-09-15 12:40:45,959 - elsapy.elssearch - INFO - Module loaded.
2024-09-15 12:42:05,565 - elsapy.elsclient - INFO - Module loaded.
2024-09-15 12:42:05,566 - elsapy.elsentity - INFO - Module loaded.
2024-09-15 12:42:05,566 - elsapy.utils - INFO - Module loaded.
2024-09-15 12:42:05,567 - elsapy.elsprofile - INFO - Module loaded.
2024-09-15 12:42:05,567 - elsapy.elsdoc - INFO - Module loaded.
2024-09-15 12:42:05,568 - elsapy.elssearch - INFO - Module loaded.
2024-09-15 12:48:45,609 - elsapy.elsclient - INFO - Module loaded.
2024-09-15 12:48:45,610 - elsapy.elsentity - INFO - Module loaded.
2024-09-15 12:48:45,611 - elsapy.utils - INFO - Module loaded.
2024-09-15 12:48:45,611 - elsapy.elsprofile - INFO - Module loaded.
2024-09-15 12:48:45,612 - elsapy.elsdoc - INFO - Module loaded.
2024-09-15 12:48:45,613 - elsapy.elssearch - INFO - Module loaded.
2024-09-15 13:04:47,735 - elsapy.elsclient - INFO - Module loaded.
2024-09-15 13:04:47,737 - elsapy.elsentity - INFO - Module loaded.
2024-09-15 13:04:47,737 - elsapy.utils - INFO - Module loaded.
2024-09-15 13:04:47,738 - elsapy.elsprofile - INFO - Module loaded.
2024-09-15 13:04:47,738 - elsapy.elsdoc - INFO - Module loaded.
2024-09-15 13:04:47,739 - elsapy.elssearch - INFO - Module loaded.
2024-09-15 13:06:09,515 - elsapy.elsclient - INFO - Module loaded.
2024-09-15 13:06:09,516 - elsapy.elsentity - INFO - Module loaded.
2024-09-15 13:06:09,517 - elsapy.utils - INFO - Module loaded.
2024-09-15 13:06:09,517 - elsapy.elsprofile - INFO - Module loaded.
2024-09-15 13:06:09,518 - elsapy.elsdoc - INFO - Module loaded.
2024-09-15 13:06:09,518 - elsapy.elssearch - INFO - Module loaded.
2024-09-15 13:08:03,832 - elsapy.elsclient - INFO - Module loaded.
2024-09-15 13:08:03,834 - elsapy.elsentity - INFO - Module loaded.
2024-09-15 13:08:03,834 - elsapy.utils - INFO - Module loaded.
2024-09-15 13:08:03,835 - elsapy.elsprofile - INFO - Module loaded.
2024-09-15 13:08:03,835 - elsapy.elsdoc - INFO - Module loaded.
2024-09-15 13:08:03,836 - elsapy.elssearch - INFO - Module loaded.
2024-09-15 13:16:20,753 - elsapy.elsclient - INFO - Module loaded.
2024-09-15 13:16:20,753 - elsapy.elsentity - INFO - Module loaded.
2024-09-15 13:16:20,753 - elsapy.utils - INFO - Module loaded.
2024-09-15 13:16:20,754 - elsapy.elsprofile - INFO - Module loaded.
2024-09-15 13:16:20,755 - elsapy.elsdoc - INFO - Module loaded.
2024-09-15 13:16:20,756 - elsapy.elssearch - INFO - Module loaded.
2024-09-15 13:20:42,402 - elsapy.elsclient - INFO - Module loaded.
2024-09-15 13:20:42,403 - elsapy.elsentity - INFO - Module loaded.
2024-09-15 13:20:42,403 - elsapy.utils - INFO - Module loaded.
2024-09-15 13:20:42,404 - elsapy.elsprofile - INFO - Module loaded.
2024-09-15 13:20:42,404 - elsapy.elsdoc - INFO - Module loaded.
2024-09-15 13:20:42,405 - elsapy.elssearch - INFO - Module loaded.
2024-09-15 13:22:42,981 - elsapy.elsclient - INFO - Module loaded.
2024-09-15 13:22:42,982 - elsapy.elsentity - INFO - Module loaded.
2024-09-15 13:22:42,983 - elsapy.utils - INFO - Module loaded.
2024-09-15 13:22:42,983 - elsapy.elsprofile - INFO - Module loaded.
2024-09-15 13:22:42,984 - elsapy.elsdoc - INFO - Module loaded.
2024-09-15 13:22:42,985 - elsapy.elssearch - INFO - Module loaded.
2024-09-15 13:27:11,832 - elsapy.elsclient - INFO - Module loaded.
2024-09-15 13:27:11,834 - elsapy.elsentity - INFO - Module loaded.
2024-09-15 13:27:11,834 - elsapy.utils - INFO - Module loaded.
2024-09-15 13:27:11,834 - elsapy.elsprofile - INFO - Module loaded.
2024-09-15 13:27:11,835 - elsapy.elsdoc - INFO - Module loaded.
2024-09-15 13:27:11,836 - elsapy.elssearch - INFO - Module loaded.
2024-09-15 13:28:33,345 - elsapy.elsclient - INFO - Module loaded.
2024-09-15 13:28:33,346 - elsapy.elsentity - INFO - Module loaded.
2024-09-15 13:28:33,347 - elsapy.utils - INFO - Module loaded.
2024-09-15 13:28:33,347 - elsapy.elsprofile - INFO - Module loaded.
2024-09-15 13:28:33,347 - elsapy.elsdoc - INFO - Module loaded.
2024-09-15 13:28:33,348 - elsapy.elssearch - INFO - Module loaded.
2024-09-15 14:38:56,304 - elsapy.elsclient - INFO - Module loaded.
2024-09-15 14:38:56,305 - elsapy.elsentity - INFO - Module loaded.
2024-09-15 14:38:56,306 - elsapy.utils - INFO - Module loaded.
2024-09-15 14:38:56,306 - elsapy.elsprofile - INFO - Module loaded.
2024-09-15 14:38:56,307 - elsapy.elsdoc - INFO - Module loaded.
2024-09-15 14:38:56,308 - elsapy.elssearch - INFO - Module loaded.
2024-09-15 14:40:51,575 - elsapy.elsclient - INFO - Module loaded.
2024-09-15 14:40:51,577 - elsapy.elsentity - INFO - Module loaded.
2024-09-15 14:40:51,577 - elsapy.utils - INFO - Module loaded.
2024-09-15 14:40:51,577 - elsapy.elsprofile - INFO - Module loaded.
2024-09-15 14:40:51,578 - elsapy.elsdoc - INFO - Module loaded.
2024-09-15 14:40:51,579 - elsapy.elssearch - INFO - Module loaded.
2024-09-15 14:42:57,566 - elsapy.elsclient - INFO - Module loaded.
2024-09-15 14:42:57,567 - elsapy.elsentity - INFO - Module loaded.
2024-09-15 14:42:57,568 - elsapy.utils - INFO - Module loaded.
2024-09-15 14:42:57,568 - elsapy.elsprofile - INFO - Module loaded.
2024-09-15 14:42:57,569 - elsapy.elsdoc - INFO - Module loaded.
2024-09-15 14:42:57,570 - elsapy.elssearch - INFO - Module loaded.
2024-09-15 14:47:20,872 - elsapy.elsclient - INFO - Module loaded.
2024-09-15 14:47:20,874 - elsapy.elsentity - INFO - Module loaded.
2024-09-15 14:47:20,874 - elsapy.utils - INFO - Module loaded.
2024-09-15 14:47:20,874 - elsapy.elsprofile - INFO - Module loaded.
2024-09-15 14:47:20,875 - elsapy.elsdoc - INFO - Module loaded.
2024-09-15 14:47:20,876 - elsapy.elssearch - INFO - Module loaded.
2024-09-15 14:47:41,198 - elsapy.elsclient - INFO - Module loaded.
2024-09-15 14:47:41,199 - elsapy.elsentity - INFO - Module loaded.
2024-09-15 14:47:41,199 - elsapy.utils - INFO - Module loaded.
2024-09-15 14:47:41,200 - elsapy.elsprofile - INFO - Module loaded.
2024-09-15 14:47:41,200 - elsapy.elsdoc - INFO - Module loaded.
2024-09-15 14:47:41,201 - elsapy.elssearch - INFO - Module loaded.
2024-09-15 14:49:30,757 - elsapy.elsclient - INFO - Module loaded.
2024-09-15 14:49:30,758 - elsapy.elsentity - INFO - Module loaded.
2024-09-15 14:49:30,759 - elsapy.utils - INFO - Module loaded.
2024-09-15 14:49:30,759 - elsapy.elsprofile - INFO - Module loaded.
2024-09-15 14:49:30,760 - elsapy.elsdoc - INFO - Module loaded.
2024-09-15 14:49:30,760 - elsapy.elssearch - INFO - Module loaded.
2024-09-15 14:51:23,723 - elsapy.elsclient - INFO - Module loaded.
2024-09-15 14:51:23,724 - elsapy.elsentity - INFO - Module loaded.
2024-09-15 14:51:23,725 - elsapy.utils - INFO - Module loaded.
2024-09-15 14:51:23,725 - elsapy.elsprofile - INFO - Module loaded.
2024-09-15 14:51:23,726 - elsapy.elsdoc - INFO - Module loaded.
2024-09-15 14:51:23,726 - elsapy.elssearch - INFO - Module loaded.
2024-09-15 14:53:26,270 - elsapy.elsclient - INFO - Module loaded.
2024-09-15 14:53:26,271 - elsapy.elsentity - INFO - Module loaded.
2024-09-15 14:53:26,272 - elsapy.utils - INFO - Module loaded.
2024-09-15 14:53:26,272 - elsapy.elsprofile - INFO - Module loaded.
2024-09-15 14:53:26,273 - elsapy.elsdoc - INFO - Module loaded.
2024-09-15 14:53:26,273 - elsapy.elssearch - INFO - Module loaded.
2024-09-15 14:58:33,710 - elsapy.elsclient - INFO - Module loaded.
2024-09-15 14:58:33,712 - elsapy.elsentity - INFO - Module loaded.
2024-09-15 14:58:33,712 - elsapy.utils - INFO - Module loaded.
2024-09-15 14:58:33,712 - elsapy.elsprofile - INFO - Module loaded.
2024-09-15 14:58:33,713 - elsapy.elsdoc - INFO - Module loaded.
2024-09-15 14:58:33,714 - elsapy.elssearch - INFO - Module loaded.
2024-09-15 14:59:52,978 - elsapy.elsclient - INFO - Module loaded.
2024-09-15 14:59:52,979 - elsapy.elsentity - INFO - Module loaded.
2024-09-15 14:59:52,979 - elsapy.utils - INFO - Module loaded.
2024-09-15 14:59:52,980 - elsapy.elsprofile - INFO - Module loaded.
2024-09-15 14:59:52,980 - elsapy.elsdoc - INFO - Module loaded.
2024-09-15 14:59:52,981 - elsapy.elssearch - INFO - Module loaded.
2024-09-15 15:01:06,113 - elsapy.elsclient - INFO - Module loaded.
2024-09-15 15:01:06,114 - elsapy.elsentity - INFO - Module loaded.
2024-09-15 15:01:06,114 - elsapy.utils - INFO - Module loaded.
2024-09-15 15:01:06,115 - elsapy.elsprofile - INFO - Module loaded.
2024-09-15 15:01:06,115 - elsapy.elsdoc - INFO - Module loaded.
2024-09-15 15:01:06,116 - elsapy.elssearch - INFO - Module loaded.
2024-09-15 15:02:47,465 - elsapy.elsclient - INFO - Module loaded.
2024-09-15 15:02:47,466 - elsapy.elsentity - INFO - Module loaded.
2024-09-15 15:02:47,466 - elsapy.utils - INFO - Module loaded.
2024-09-15 15:02:47,467 - elsapy.elsprofile - INFO - Module loaded.
2024-09-15 15:02:47,467 - elsapy.elsdoc - INFO - Module loaded.
2024-09-15 15:02:47,468 - elsapy.elssearch - INFO - Module loaded.
2024-09-15 15:03:48,314 - elsapy.elsclient - INFO - Module loaded.
2024-09-15 15:03:48,315 - elsapy.elsentity - INFO - Module loaded.
2024-09-15 15:03:48,315 - elsapy.utils - INFO - Module loaded.
2024-09-15 15:03:48,316 - elsapy.elsprofile - INFO - Module loaded.
2024-09-15 15:03:48,316 - elsapy.elsdoc - INFO - Module loaded.
2024-09-15 15:03:48,317 - elsapy.elssearch - INFO - Module loaded.
2024-09-15 15:04:39,415 - elsapy.elsclient - INFO - Module loaded.
2024-09-15 15:04:39,416 - elsapy.elsentity - INFO - Module loaded.
2024-09-15 15:04:39,417 - elsapy.utils - INFO - Module loaded.
2024-09-15 15:04:39,417 - elsapy.elsprofile - INFO - Module loaded.
2024-09-15 15:04:39,418 - elsapy.elsdoc - INFO - Module loaded.
2024-09-15 15:04:39,418 - elsapy.elssearch - INFO - Module loaded.
2024-09-15 15:06:27,173 - elsapy.elsclient - INFO - Module loaded.
2024-09-15 15:06:27,174 - elsapy.elsentity - INFO - Module loaded.
2024-09-15 15:06:27,175 - elsapy.utils - INFO - Module loaded.
2024-09-15 15:06:27,175 - elsapy.elsprofile - INFO - Module loaded.
2024-09-15 15:06:27,176 - elsapy.elsdoc - INFO - Module loaded.
2024-09-15 15:06:27,177 - elsapy.elssearch - INFO - Module loaded.
2024-09-15 15:09:39,671 - elsapy.elsclient - INFO - Module loaded.
2024-09-15 15:09:39,672 - elsapy.elsentity - INFO - Module loaded.
2024-09-15 15:09:39,672 - elsapy.utils - INFO - Module loaded.
2024-09-15 15:09:39,673 - elsapy.elsprofile - INFO - Module loaded.
2024-09-15 15:09:39,673 - elsapy.elsdoc - INFO - Module loaded.
2024-09-15 15:09:39,674 - elsapy.elssearch - INFO - Module loaded.
2024-09-15 15:12:17,053 - elsapy.elsclient - INFO - Module loaded.
2024-09-15 15:12:17,054 - elsapy.elsentity - INFO - Module loaded.
2024-09-15 15:12:17,055 - elsapy.utils - INFO - Module loaded.
2024-09-15 15:12:17,055 - elsapy.elsprofile - INFO - Module loaded.
2024-09-15 15:12:17,056 - elsapy.elsdoc - INFO - Module loaded.
2024-09-15 15:12:17,056 - elsapy.elssearch - INFO - Module loaded.
2024-09-15 15:12:42,750 - elsapy.elsclient - INFO - Module loaded.
2024-09-15 15:12:42,751 - elsapy.elsentity - INFO - Module loaded.
2024-09-15 15:12:42,752 - elsapy.utils - INFO - Module loaded.
2024-09-15 15:12:42,752 - elsapy.elsprofile - INFO - Module loaded.
2024-09-15 15:12:42,753 - elsapy.elsdoc - INFO - Module loaded.
2024-09-15 15:12:42,753 - elsapy.elssearch - INFO - Module loaded.
2024-09-15 15:16:03,752 - elsapy.elsclient - INFO - Module loaded.
2024-09-15 15:16:03,753 - elsapy.elsentity - INFO - Module loaded.
2024-09-15 15:16:03,754 - elsapy.utils - INFO - Module loaded.
2024-09-15 15:16:03,754 - elsapy.elsprofile - INFO - Module loaded.
2024-09-15 15:16:03,755 - elsapy.elsdoc - INFO - Module loaded.
2024-09-15 15:16:03,755 - elsapy.elssearch - INFO - Module loaded.
2024-09-15 15:17:13,763 - elsapy.elsclient - INFO - Module loaded.
2024-09-15 15:17:13,764 - elsapy.elsentity - INFO - Module loaded.
2024-09-15 15:17:13,764 - elsapy.utils - INFO - Module loaded.
2024-09-15 15:17:13,765 - elsapy.elsprofile - INFO - Module loaded.
2024-09-15 15:17:13,765 - elsapy.elsdoc - INFO - Module loaded.
2024-09-15 15:17:13,766 - elsapy.elssearch - INFO - Module loaded.
2024-09-15 15:19:36,553 - elsapy.elsclient - INFO - Module loaded.
2024-09-15 15:19:36,554 - elsapy.elsentity - INFO - Module loaded.
2024-09-15 15:19:36,555 - elsapy.utils - INFO - Module loaded.
2024-09-15 15:19:36,555 - elsapy.elsprofile - INFO - Module loaded.
2024-09-15 15:19:36,556 - elsapy.elsdoc - INFO - Module loaded.
2024-09-15 15:19:36,557 - elsapy.elssearch - INFO - Module loaded.
2024-09-15 15:21:33,624 - elsapy.elsclient - INFO - Module loaded.
2024-09-15 15:21:33,625 - elsapy.elsentity - INFO - Module loaded.
2024-09-15 15:21:33,625 - elsapy.utils - INFO - Module loaded.
2024-09-15 15:21:33,626 - elsapy.elsprofile - INFO - Module loaded.
2024-09-15 15:21:33,626 - elsapy.elsdoc - INFO - Module loaded.
2024-09-15 15:21:33,627 - elsapy.elssearch - INFO - Module loaded.
2024-09-15 15:24:23,133 - elsapy.elsclient - INFO - Module loaded.
2024-09-15 15:24:23,134 - elsapy.elsentity - INFO - Module loaded.
2024-09-15 15:24:23,135 - elsapy.utils - INFO - Module loaded.
2024-09-15 15:24:23,135 - elsapy.elsprofile - INFO - Module loaded.
2024-09-15 15:24:23,136 - elsapy.elsdoc - INFO - Module loaded.
2024-09-15 15:24:23,137 - elsapy.elssearch - INFO - Module loaded.
2024-09-15 15:26:03,624 - elsapy.elsclient - INFO - Module loaded.
2024-09-15 15:26:03,626 - elsapy.elsentity - INFO - Module loaded.
2024-09-15 15:26:03,626 - elsapy.utils - INFO - Module loaded.
2024-09-15 15:26:03,626 - elsapy.elsprofile - INFO - Module loaded.
2024-09-15 15:26:03,627 - elsapy.elsdoc - INFO - Module loaded.
2024-09-15 15:26:03,628 - elsapy.elssearch - INFO - Module loaded.
2024-09-15 15:27:55,231 - elsapy.elsclient - INFO - Module loaded.
2024-09-15 15:27:55,232 - elsapy.elsentity - INFO - Module loaded.
2024-09-15 15:27:55,233 - elsapy.utils - INFO - Module loaded.
2024-09-15 15:27:55,233 - elsapy.elsprofile - INFO - Module loaded.
2024-09-15 15:27:55,234 - elsapy.elsdoc - INFO - Module loaded.
2024-09-15 15:27:55,235 - elsapy.elssearch - INFO - Module loaded.
2024-09-15 15:33:37,270 - elsapy.elsclient - INFO - Module loaded.
2024-09-15 15:33:37,271 - elsapy.elsentity - INFO - Module loaded.
2024-09-15 15:33:37,272 - elsapy.utils - INFO - Module loaded.
2024-09-15 15:33:37,272 - elsapy.elsprofile - INFO - Module loaded.
2024-09-15 15:33:37,273 - elsapy.elsdoc - INFO - Module loaded.
2024-09-15 15:33:37,273 - elsapy.elssearch - INFO - Module loaded.
2024-09-15 15:36:17,082 - elsapy.elsclient - INFO - Module loaded.
2024-09-15 15:36:17,084 - elsapy.elsentity - INFO - Module loaded.
2024-09-15 15:36:17,084 - elsapy.utils - INFO - Module loaded.
2024-09-15 15:36:17,084 - elsapy.elsprofile - INFO - Module loaded.
2024-09-15 15:36:17,085 - elsapy.elsdoc - INFO - Module loaded.
2024-09-15 15:36:17,086 - elsapy.elssearch - INFO - Module loaded.
2024-09-15 15:36:35,740 - elsapy.elsclient - INFO - Module loaded.
2024-09-15 15:36:35,742 - elsapy.elsentity - INFO - Module loaded.
2024-09-15 15:36:35,742 - elsapy.utils - INFO - Module loaded.
2024-09-15 15:36:35,742 - elsapy.elsprofile - INFO - Module loaded.
2024-09-15 15:36:35,743 - elsapy.elsdoc - INFO - Module loaded.
2024-09-15 15:36:35,744 - elsapy.elssearch - INFO - Module loaded.
2024-09-15 15:37:06,700 - elsapy.elsclient - INFO - Module loaded.
2024-09-15 15:37:06,701 - elsapy.elsentity - INFO - Module loaded.
2024-09-15 15:37:06,702 - elsapy.utils - INFO - Module loaded.
2024-09-15 15:37:06,702 - elsapy.elsprofile - INFO - Module loaded.
2024-09-15 15:37:06,703 - elsapy.elsdoc - INFO - Module loaded.
2024-09-15 15:37:06,703 - elsapy.elssearch - INFO - Module loaded.
2024-09-15 15:38:05,695 - elsapy.elsclient - INFO - Module loaded.
2024-09-15 15:38:05,696 - elsapy.elsentity - INFO - Module loaded.
2024-09-15 15:38:05,697 - elsapy.utils - INFO - Module loaded.
2024-09-15 15:38:05,697 - elsapy.elsprofile - INFO - Module loaded.
2024-09-15 15:38:05,698 - elsapy.elsdoc - INFO - Module loaded.
2024-09-15 15:38:05,699 - elsapy.elssearch - INFO - Module loaded.
2024-09-15 15:39:06,665 - elsapy.elsclient - INFO - Module loaded.
2024-09-15 15:39:06,666 - elsapy.elsentity - INFO - Module loaded.
2024-09-15 15:39:06,666 - elsapy.utils - INFO - Module loaded.
2024-09-15 15:39:06,667 - elsapy.elsprofile - INFO - Module loaded.
2024-09-15 15:39:06,667 - elsapy.elsdoc - INFO - Module loaded.
2024-09-15 15:39:06,668 - elsapy.elssearch - INFO - Module loaded.
2024-09-15 15:39:25,938 - elsapy.elsclient - INFO - Module loaded.
2024-09-15 15:39:25,939 - elsapy.elsentity - INFO - Module loaded.
2024-09-15 15:39:25,940 - elsapy.utils - INFO - Module loaded.
2024-09-15 15:39:25,940 - elsapy.elsprofile - INFO - Module loaded.
2024-09-15 15:39:25,941 - elsapy.elsdoc - INFO - Module loaded.
2024-09-15 15:39:25,941 - elsapy.elssearch - INFO - Module loaded.
2024-09-15 15:41:22,420 - elsapy.elsclient - INFO - Module loaded.
2024-09-15 15:41:22,421 - elsapy.elsentity - INFO - Module loaded.
2024-09-15 15:41:22,422 - elsapy.utils - INFO - Module loaded.
2024-09-15 15:41:22,422 - elsapy.elsprofile - INFO - Module loaded.
2024-09-15 15:41:22,423 - elsapy.elsdoc - INFO - Module loaded.
2024-09-15 15:41:22,424 - elsapy.elssearch - INFO - Module loaded.
2024-09-15 15:42:51,247 - elsapy.elsclient - INFO - Module loaded.
2024-09-15 15:42:51,248 - elsapy.elsentity - INFO - Module loaded.
2024-09-15 15:42:51,248 - elsapy.utils - INFO - Module loaded.
2024-09-15 15:42:51,249 - elsapy.elsprofile - INFO - Module loaded.
2024-09-15 15:42:51,249 - elsapy.elsdoc - INFO - Module loaded.
2024-09-15 15:42:51,250 - elsapy.elssearch - INFO - Module loaded.
2024-09-15 15:44:23,502 - elsapy.elsclient - INFO - Module loaded.
2024-09-15 15:44:23,503 - elsapy.elsentity - INFO - Module loaded.
2024-09-15 15:44:23,504 - elsapy.utils - INFO - Module loaded.
2024-09-15 15:44:23,504 - elsapy.elsprofile - INFO - Module loaded.
2024-09-15 15:44:23,505 - elsapy.elsdoc - INFO - Module loaded.
2024-09-15 15:44:23,505 - elsapy.elssearch - INFO - Module loaded.
2024-09-15 15:46:54,048 - elsapy.elsclient - INFO - Module loaded.
2024-09-15 15:46:54,049 - elsapy.elsentity - INFO - Module loaded.
2024-09-15 15:46:54,050 - elsapy.utils - INFO - Module loaded.
2024-09-15 15:46:54,050 - elsapy.elsprofile - INFO - Module loaded.
2024-09-15 15:46:54,051 - elsapy.elsdoc - INFO - Module loaded.
2024-09-15 15:46:54,051 - elsapy.elssearch - INFO - Module loaded.
2024-09-15 15:49:58,130 - elsapy.elsclient - INFO - Module loaded.
2024-09-15 15:49:58,131 - elsapy.elsentity - INFO - Module loaded.
2024-09-15 15:49:58,131 - elsapy.utils - INFO - Module loaded.
2024-09-15 15:49:58,132 - elsapy.elsprofile - INFO - Module loaded.
2024-09-15 15:49:58,132 - elsapy.elsdoc - INFO - Module loaded.
2024-09-15 15:49:58,133 - elsapy.elssearch - INFO - Module loaded.
2024-09-15 15:51:45,161 - elsapy.elsclient - INFO - Module loaded.
2024-09-15 15:51:45,162 - elsapy.elsentity - INFO - Module loaded.
2024-09-15 15:51:45,162 - elsapy.utils - INFO - Module loaded.
2024-09-15 15:51:45,163 - elsapy.elsprofile - INFO - Module loaded.
2024-09-15 15:51:45,163 - elsapy.elsdoc - INFO - Module loaded.
2024-09-15 15:51:45,164 - elsapy.elssearch - INFO - Module loaded.
2024-09-15 15:58:53,609 - elsapy.elsclient - INFO - Module loaded.
2024-09-15 15:58:53,611 - elsapy.elsentity - INFO - Module loaded.
2024-09-15 15:58:53,611 - elsapy.utils - INFO - Module loaded.
2024-09-15 15:58:53,611 - elsapy.elsprofile - INFO - Module loaded.
2024-09-15 15:58:53,612 - elsapy.elsdoc - INFO - Module loaded.
2024-09-15 15:58:53,613 - elsapy.elssearch - INFO - Module loaded.
2024-09-15 16:00:09,203 - elsapy.elsclient - INFO - Module loaded.
2024-09-15 16:00:09,204 - elsapy.elsentity - INFO - Module loaded.
2024-09-15 16:00:09,204 - elsapy.utils - INFO - Module loaded.
2024-09-15 16:00:09,205 - elsapy.elsprofile - INFO - Module loaded.
2024-09-15 16:00:09,205 - elsapy.elsdoc - INFO - Module loaded.
2024-09-15 16:00:09,206 - elsapy.elssearch - INFO - Module loaded.
2024-09-15 16:18:27,718 - elsapy.elsclient - INFO - Module loaded.
2024-09-15 16:18:27,719 - elsapy.elsentity - INFO - Module loaded.
2024-09-15 16:18:27,720 - elsapy.utils - INFO - Module loaded.
2024-09-15 16:18:27,720 - elsapy.elsprofile - INFO - Module loaded.
2024-09-15 16:18:27,721 - elsapy.elsdoc - INFO - Module loaded.
2024-09-15 16:18:27,721 - elsapy.elssearch - INFO - Module loaded.
2024-09-15 16:23:30,288 - elsapy.elsclient - INFO - Module loaded.
2024-09-15 16:23:30,290 - elsapy.elsentity - INFO - Module loaded.
2024-09-15 16:23:30,290 - elsapy.utils - INFO - Module loaded.
2024-09-15 16:23:30,290 - elsapy.elsprofile - INFO - Module loaded.
2024-09-15 16:23:30,291 - elsapy.elsdoc - INFO - Module loaded.
2024-09-15 16:23:30,292 - elsapy.elssearch - INFO - Module loaded.
2024-09-15 16:24:41,308 - elsapy.elsclient - INFO - Module loaded.
2024-09-15 16:24:41,309 - elsapy.elsentity - INFO - Module loaded.
2024-09-15 16:24:41,309 - elsapy.utils - INFO - Module loaded.
2024-09-15 16:24:41,310 - elsapy.elsprofile - INFO - Module loaded.
2024-09-15 16:24:41,310 - elsapy.elsdoc - INFO - Module loaded.
2024-09-15 16:24:41,311 - elsapy.elssearch - INFO - Module loaded.
2024-09-15 16:26:47,210 - elsapy.elsclient - INFO - Module loaded.
2024-09-15 16:26:47,212 - elsapy.elsentity - INFO - Module loaded.
2024-09-15 16:26:47,212 - elsapy.utils - INFO - Module loaded.
2024-09-15 16:26:47,212 - elsapy.elsprofile - INFO - Module loaded.
2024-09-15 16:26:47,213 - elsapy.elsdoc - INFO - Module loaded.
2024-09-15 16:26:47,214 - elsapy.elssearch - INFO - Module loaded.
2024-09-15 16:28:09,508 - elsapy.elsclient - INFO - Module loaded.
2024-09-15 16:28:09,509 - elsapy.elsentity - INFO - Module loaded.
2024-09-15 16:28:09,509 - elsapy.utils - INFO - Module loaded.
2024-09-15 16:28:09,510 - elsapy.elsprofile - INFO - Module loaded.
2024-09-15 16:28:09,510 - elsapy.elsdoc - INFO - Module loaded.
2024-09-15 16:28:09,511 - elsapy.elssearch - INFO - Module loaded.
2024-09-15 16:28:29,477 - elsapy.elsclient - INFO - Module loaded.
2024-09-15 16:28:29,478 - elsapy.elsentity - INFO - Module loaded.
2024-09-15 16:28:29,479 - elsapy.utils - INFO - Module loaded.
2024-09-15 16:28:29,479 - elsapy.elsprofile - INFO - Module loaded.
2024-09-15 16:28:29,479 - elsapy.elsdoc - INFO - Module loaded.
2024-09-15 16:28:29,480 - elsapy.elssearch - INFO - Module loaded.
2024-09-15 16:30:13,529 - elsapy.elsclient - INFO - Module loaded.
2024-09-15 16:30:13,530 - elsapy.elsentity - INFO - Module loaded.
2024-09-15 16:30:13,530 - elsapy.utils - INFO - Module loaded.
2024-09-15 16:30:13,531 - elsapy.elsprofile - INFO - Module loaded.
2024-09-15 16:30:13,531 - elsapy.elsdoc - INFO - Module loaded.
2024-09-15 16:30:13,532 - elsapy.elssearch - INFO - Module loaded.
2024-09-15 16:32:23,100 - elsapy.elsclient - INFO - Module loaded.
2024-09-15 16:32:23,101 - elsapy.elsentity - INFO - Module loaded.
2024-09-15 16:32:23,101 - elsapy.utils - INFO - Module loaded.
2024-09-15 16:32:23,102 - elsapy.elsprofile - INFO - Module loaded.
2024-09-15 16:32:23,102 - elsapy.elsdoc - INFO - Module loaded.
2024-09-15 16:32:23,103 - elsapy.elssearch - INFO - Module loaded.
2024-09-15 16:32:49,084 - elsapy.elsclient - INFO - Module loaded.
2024-09-15 16:32:49,085 - elsapy.elsentity - INFO - Module loaded.
2024-09-15 16:32:49,085 - elsapy.utils - INFO - Module loaded.
2024-09-15 16:32:49,086 - elsapy.elsprofile - INFO - Module loaded.
2024-09-15 16:32:49,086 - elsapy.elsdoc - INFO - Module loaded.
2024-09-15 16:32:49,087 - elsapy.elssearch - INFO - Module loaded.
2024-09-15 16:34:23,891 - elsapy.elsclient - INFO - Module loaded.
2024-09-15 16:34:23,893 - elsapy.elsentity - INFO - Module loaded.
2024-09-15 16:34:23,893 - elsapy.utils - INFO - Module loaded.
2024-09-15 16:34:23,893 - elsapy.elsprofile - INFO - Module loaded.
2024-09-15 16:34:23,895 - elsapy.elsdoc - INFO - Module loaded.
2024-09-15 16:34:23,895 - elsapy.elssearch - INFO - Module loaded.
2024-09-15 19:55:37,423 - elsapy.elsclient - INFO - Module loaded.
2024-09-15 19:55:37,424 - elsapy.elsentity - INFO - Module loaded.
2024-09-15 19:55:37,424 - elsapy.utils - INFO - Module loaded.
2024-09-15 19:55:37,425 - elsapy.elsprofile - INFO - Module loaded.
2024-09-15 19:55:37,425 - elsapy.elsdoc - INFO - Module loaded.
2024-09-15 19:55:37,426 - elsapy.elssearch - INFO - Module loaded.
2024-09-15 19:56:40,132 - elsapy.elsclient - INFO - Module loaded.
2024-09-15 19:56:40,134 - elsapy.elsentity - INFO - Module loaded.
2024-09-15 19:56:40,134 - elsapy.utils - INFO - Module loaded.
2024-09-15 19:56:40,134 - elsapy.elsprofile - INFO - Module loaded.
2024-09-15 19:56:40,135 - elsapy.elsdoc - INFO - Module loaded.
2024-09-15 19:56:40,136 - elsapy.elssearch - INFO - Module loaded.
2024-09-15 20:02:42,343 - elsapy.elsclient - INFO - Module loaded.
2024-09-15 20:02:42,344 - elsapy.elsentity - INFO - Module loaded.
2024-09-15 20:02:42,345 - elsapy.utils - INFO - Module loaded.
2024-09-15 20:02:42,345 - elsapy.elsprofile - INFO - Module loaded.
2024-09-15 20:02:42,346 - elsapy.elsdoc - INFO - Module loaded.
2024-09-15 20:02:42,346 - elsapy.elssearch - INFO - Module loaded.
2024-09-15 20:04:07,579 - elsapy.elsclient - INFO - Module loaded.
2024-09-15 20:04:07,580 - elsapy.elsentity - INFO - Module loaded.
2024-09-15 20:04:07,581 - elsapy.utils - INFO - Module loaded.
2024-09-15 20:04:07,581 - elsapy.elsprofile - INFO - Module loaded.
2024-09-15 20:04:07,582 - elsapy.elsdoc - INFO - Module loaded.
2024-09-15 20:04:07,582 - elsapy.elssearch - INFO - Module loaded.
2024-09-15 20:05:35,169 - elsapy.elsclient - INFO - Module loaded.
2024-09-15 20:05:35,170 - elsapy.elsentity - INFO - Module loaded.
2024-09-15 20:05:35,170 - elsapy.utils - INFO - Module loaded.
2024-09-15 20:05:35,171 - elsapy.elsprofile - INFO - Module loaded.
2024-09-15 20:05:35,171 - elsapy.elsdoc - INFO - Module loaded.
2024-09-15 20:05:35,172 - elsapy.elssearch - INFO - Module loaded.
2024-09-15 20:07:11,353 - elsapy.elsclient - INFO - Module loaded.
2024-09-15 20:07:11,354 - elsapy.elsentity - INFO - Module loaded.
2024-09-15 20:07:11,355 - elsapy.utils - INFO - Module loaded.
2024-09-15 20:07:11,355 - elsapy.elsprofile - INFO - Module loaded.
2024-09-15 20:07:11,356 - elsapy.elsdoc - INFO - Module loaded.
2024-09-15 20:07:11,356 - elsapy.elssearch - INFO - Module loaded.
2024-09-15 20:10:36,368 - elsapy.elsclient - INFO - Module loaded.
2024-09-15 20:10:36,369 - elsapy.elsentity - INFO - Module loaded.
2024-09-15 20:10:36,370 - elsapy.utils - INFO - Module loaded.
2024-09-15 20:10:36,370 - elsapy.elsprofile - INFO - Module loaded.
2024-09-15 20:10:36,371 - elsapy.elsdoc - INFO - Module loaded.
2024-09-15 20:10:36,372 - elsapy.elssearch - INFO - Module loaded.
2024-09-15 20:16:28,696 - elsapy.elsclient - INFO - Module loaded.
2024-09-15 20:16:28,697 - elsapy.elsentity - INFO - Module loaded.
2024-09-15 20:16:28,698 - elsapy.utils - INFO - Module loaded.
2024-09-15 20:16:28,698 - elsapy.elsprofile - INFO - Module loaded.
2024-09-15 20:16:28,699 - elsapy.elsdoc - INFO - Module loaded.
2024-09-15 20:16:28,699 - elsapy.elssearch - INFO - Module loaded.
2024-09-15 20:54:36,349 - elsapy.elsclient - INFO - Module loaded.
2024-09-15 20:54:36,350 - elsapy.elsentity - INFO - Module loaded.
2024-09-15 20:54:36,351 - elsapy.utils - INFO - Module loaded.
2024-09-15 20:54:36,351 - elsapy.elsprofile - INFO - Module loaded.
2024-09-15 20:54:36,352 - elsapy.elsdoc - INFO - Module loaded.
2024-09-15 20:54:36,352 - elsapy.elssearch - INFO - Module loaded.
2024-09-15 20:59:37,827 - elsapy.elsclient - INFO - Module loaded.
2024-09-15 20:59:37,828 - elsapy.elsentity - INFO - Module loaded.
2024-09-15 20:59:37,828 - elsapy.utils - INFO - Module loaded.
2024-09-15 20:59:37,829 - elsapy.elsprofile - INFO - Module loaded.
2024-09-15 20:59:37,829 - elsapy.elsdoc - INFO - Module loaded.
2024-09-15 20:59:37,830 - elsapy.elssearch - INFO - Module loaded.
2024-09-15 21:00:42,650 - elsapy.elsclient - INFO - Module loaded.
2024-09-15 21:00:42,651 - elsapy.elsentity - INFO - Module loaded.
2024-09-15 21:00:42,652 - elsapy.utils - INFO - Module loaded.
2024-09-15 21:00:42,652 - elsapy.elsprofile - INFO - Module loaded.
2024-09-15 21:00:42,653 - elsapy.elsdoc - INFO - Module loaded.
2024-09-15 21:00:42,654 - elsapy.elssearch - INFO - Module loaded.
2024-09-15 21:26:34,518 - elsapy.elsclient - INFO - Module loaded.
2024-09-15 21:26:34,519 - elsapy.elsentity - INFO - Module loaded.
2024-09-15 21:26:34,520 - elsapy.utils - INFO - Module loaded.
2024-09-15 21:26:34,520 - elsapy.elsprofile - INFO - Module loaded.
2024-09-15 21:26:34,521 - elsapy.elsdoc - INFO - Module loaded.
2024-09-15 21:26:34,522 - elsapy.elssearch - INFO - Module loaded.
2024-09-15 21:31:18,100 - elsapy.elsclient - INFO - Module loaded.
2024-09-15 21:31:18,101 - elsapy.elsentity - INFO - Module loaded.
2024-09-15 21:31:18,101 - elsapy.utils - INFO - Module loaded.
2024-09-15 21:31:18,102 - elsapy.elsprofile - INFO - Module loaded.
2024-09-15 21:31:18,102 - elsapy.elsdoc - INFO - Module loaded.
2024-09-15 21:31:18,103 - elsapy.elssearch - INFO - Module loaded.
2024-09-15 21:31:58,772 - elsapy.elsclient - INFO - Module loaded.
2024-09-15 21:31:58,773 - elsapy.elsentity - INFO - Module loaded.
2024-09-15 21:31:58,774 - elsapy.utils - INFO - Module loaded.
2024-09-15 21:31:58,774 - elsapy.elsprofile - INFO - Module loaded.
2024-09-15 21:31:58,775 - elsapy.elsdoc - INFO - Module loaded.
2024-09-15 21:31:58,776 - elsapy.elssearch - INFO - Module loaded.
2024-09-15 21:35:18,628 - elsapy.elsclient - INFO - Module loaded.
2024-09-15 21:35:18,629 - elsapy.elsentity - INFO - Module loaded.
2024-09-15 21:35:18,630 - elsapy.utils - INFO - Module loaded.
2024-09-15 21:35:18,630 - elsapy.elsprofile - INFO - Module loaded.
2024-09-15 21:35:18,631 - elsapy.elsdoc - INFO - Module loaded.
2024-09-15 21:35:18,631 - elsapy.elssearch - INFO - Module loaded.
2024-09-15 21:35:47,026 - elsapy.elsclient - INFO - Module loaded.
2024-09-15 21:35:47,027 - elsapy.elsentity - INFO - Module loaded.
2024-09-15 21:35:47,028 - elsapy.utils - INFO - Module loaded.
2024-09-15 21:35:47,028 - elsapy.elsprofile - INFO - Module loaded.
2024-09-15 21:35:47,029 - elsapy.elsdoc - INFO - Module loaded.
2024-09-15 21:35:47,030 - elsapy.elssearch - INFO - Module loaded.
2024-09-15 21:48:32,499 - elsapy.elsclient - INFO - Module loaded.
2024-09-15 21:48:32,500 - elsapy.elsentity - INFO - Module loaded.
2024-09-15 21:48:32,501 - elsapy.utils - INFO - Module loaded.
2024-09-15 21:48:32,501 - elsapy.elsprofile - INFO - Module loaded.
2024-09-15 21:48:32,502 - elsapy.elsdoc - INFO - Module loaded.
2024-09-15 21:48:32,503 - elsapy.elssearch - INFO - Module loaded.
2024-09-15 22:07:46,630 - elsapy.elsclient - INFO - Module loaded.
2024-09-15 22:07:46,631 - elsapy.elsentity - INFO - Module loaded.
2024-09-15 22:07:46,632 - elsapy.utils - INFO - Module loaded.
2024-09-15 22:07:46,632 - elsapy.elsprofile - INFO - Module loaded.
2024-09-15 22:07:46,632 - elsapy.elsdoc - INFO - Module loaded.
2024-09-15 22:07:46,633 - elsapy.elssearch - INFO - Module loaded.
2024-09-15 22:33:48,537 - elsapy.elsclient - INFO - Module loaded.
2024-09-15 22:33:48,539 - elsapy.elsentity - INFO - Module loaded.
2024-09-15 22:33:48,540 - elsapy.utils - INFO - Module loaded.
2024-09-15 22:33:48,540 - elsapy.elsprofile - INFO - Module loaded.
2024-09-15 22:33:48,541 - elsapy.elsdoc - INFO - Module loaded.
2024-09-15 22:33:48,542 - elsapy.elssearch - INFO - Module loaded.
2024-09-15 22:45:07,379 - elsapy.elsclient - INFO - Module loaded.
2024-09-15 22:45:07,380 - elsapy.elsentity - INFO - Module loaded.
2024-09-15 22:45:07,381 - elsapy.utils - INFO - Module loaded.
2024-09-15 22:45:07,381 - elsapy.elsprofile - INFO - Module loaded.
2024-09-15 22:45:07,382 - elsapy.elsdoc - INFO - Module loaded.
2024-09-15 22:45:07,383 - elsapy.elssearch - INFO - Module loaded.
2024-09-15 22:45:40,200 - elsapy.elsclient - INFO - Module loaded.
2024-09-15 22:45:40,201 - elsapy.elsentity - INFO - Module loaded.
2024-09-15 22:45:40,203 - elsapy.utils - INFO - Module loaded.
2024-09-15 22:45:40,203 - elsapy.elsprofile - INFO - Module loaded.
2024-09-15 22:45:40,204 - elsapy.elsdoc - INFO - Module loaded.
2024-09-15 22:45:40,204 - elsapy.elssearch - INFO - Module loaded.
2024-09-15 22:48:16,032 - elsapy.elsclient - INFO - Module loaded.
2024-09-15 22:48:16,033 - elsapy.elsentity - INFO - Module loaded.
2024-09-15 22:48:16,033 - elsapy.utils - INFO - Module loaded.
2024-09-15 22:48:16,034 - elsapy.elsprofile - INFO - Module loaded.
2024-09-15 22:48:16,034 - elsapy.elsdoc - INFO - Module loaded.
2024-09-15 22:48:16,035 - elsapy.elssearch - INFO - Module loaded.
2024-09-15 22:51:31,691 - elsapy.elsclient - INFO - Module loaded.
2024-09-15 22:51:31,691 - elsapy.elsentity - INFO - Module loaded.
2024-09-15 22:51:31,692 - elsapy.utils - INFO - Module loaded.
2024-09-15 22:51:31,692 - elsapy.elsprofile - INFO - Module loaded.
2024-09-15 22:51:31,693 - elsapy.elsdoc - INFO - Module loaded.
2024-09-15 22:51:31,694 - elsapy.elssearch - INFO - Module loaded.
2024-09-15 22:52:07,132 - elsapy.elsclient - INFO - Module loaded.
2024-09-15 22:52:07,133 - elsapy.elsentity - INFO - Module loaded.
2024-09-15 22:52:07,134 - elsapy.utils - INFO - Module loaded.
2024-09-15 22:52:07,134 - elsapy.elsprofile - INFO - Module loaded.
2024-09-15 22:52:07,135 - elsapy.elsdoc - INFO - Module loaded.
2024-09-15 22:52:07,136 - elsapy.elssearch - INFO - Module loaded.
2024-09-15 22:52:34,381 - elsapy.elsclient - INFO - Module loaded.
2024-09-15 22:52:34,382 - elsapy.elsentity - INFO - Module loaded.
2024-09-15 22:52:34,383 - elsapy.utils - INFO - Module loaded.
2024-09-15 22:52:34,383 - elsapy.elsprofile - INFO - Module loaded.
2024-09-15 22:52:34,384 - elsapy.elsdoc - INFO - Module loaded.
2024-09-15 22:52:34,384 - elsapy.elssearch - INFO - Module loaded.
2024-09-15 22:58:25,445 - elsapy.elsclient - INFO - Module loaded.
2024-09-15 22:58:25,446 - elsapy.elsentity - INFO - Module loaded.
2024-09-15 22:58:25,446 - elsapy.utils - INFO - Module loaded.
2024-09-15 22:58:25,447 - elsapy.elsprofile - INFO - Module loaded.
2024-09-15 22:58:25,448 - elsapy.elsdoc - INFO - Module loaded.
2024-09-15 22:58:25,448 - elsapy.elssearch - INFO - Module loaded.
2024-09-15 23:02:35,199 - elsapy.elsclient - INFO - Module loaded.
2024-09-15 23:02:35,200 - elsapy.elsentity - INFO - Module loaded.
2024-09-15 23:02:35,201 - elsapy.utils - INFO - Module loaded.
2024-09-15 23:02:35,201 - elsapy.elsprofile - INFO - Module loaded.
2024-09-15 23:02:35,202 - elsapy.elsdoc - INFO - Module loaded.
2024-09-15 23:02:35,202 - elsapy.elssearch - INFO - Module loaded.
2024-09-15 23:30:36,230 - elsapy.elsclient - INFO - Module loaded.
2024-09-15 23:30:36,231 - elsapy.elsentity - INFO - Module loaded.
2024-09-15 23:30:36,231 - elsapy.utils - INFO - Module loaded.
2024-09-15 23:30:36,232 - elsapy.elsprofile - INFO - Module loaded.
2024-09-15 23:30:36,233 - elsapy.elsdoc - INFO - Module loaded.
2024-09-15 23:30:36,233 - elsapy.elssearch - INFO - Module loaded.
2024-09-15 23:58:20,084 - elsapy.elsclient - INFO - Module loaded.
2024-09-15 23:58:20,085 - elsapy.elsentity - INFO - Module loaded.
2024-09-15 23:58:20,086 - elsapy.utils - INFO - Module loaded.
2024-09-15 23:58:20,086 - elsapy.elsprofile - INFO - Module loaded.
2024-09-15 23:58:20,087 - elsapy.elsdoc - INFO - Module loaded.
2024-09-15 23:58:20,088 - elsapy.elssearch - INFO - Module loaded.
