2024-09-14 00:52:36,567 - elsapy.elsclient - INFO - Module loaded.
2024-09-14 00:52:36,568 - elsapy.elsentity - INFO - Module loaded.
2024-09-14 00:52:36,569 - elsapy.utils - INFO - Module loaded.
2024-09-14 00:52:36,569 - elsapy.elsprofile - INFO - Module loaded.
2024-09-14 00:52:36,570 - elsapy.elsdoc - INFO - Module loaded.
2024-09-14 00:52:36,571 - elsapy.elssearch - INFO - Module loaded.
2024-09-14 00:54:51,246 - elsapy.elsclient - INFO - Module loaded.
2024-09-14 00:54:51,248 - elsapy.elsentity - INFO - Module loaded.
2024-09-14 00:54:51,249 - elsapy.utils - INFO - Module loaded.
2024-09-14 00:54:51,250 - elsapy.elsprofile - INFO - Module loaded.
2024-09-14 00:54:51,251 - elsapy.elsdoc - INFO - Module loaded.
2024-09-14 00:54:51,252 - elsapy.elssearch - INFO - Module loaded.
2024-09-14 08:37:32,721 - elsapy.elsclient - INFO - Module loaded.
2024-09-14 08:37:32,723 - elsapy.elsentity - INFO - Module loaded.
2024-09-14 08:37:32,723 - elsapy.utils - INFO - Module loaded.
2024-09-14 08:37:32,724 - elsapy.elsprofile - INFO - Module loaded.
2024-09-14 08:37:32,724 - elsapy.elsdoc - INFO - Module loaded.
2024-09-14 08:37:32,725 - elsapy.elssearch - INFO - Module loaded.
2024-09-14 08:38:45,398 - elsapy.elsclient - INFO - Module loaded.
2024-09-14 08:38:45,399 - elsapy.elsentity - INFO - Module loaded.
2024-09-14 08:38:45,400 - elsapy.utils - INFO - Module loaded.
2024-09-14 08:38:45,400 - elsapy.elsprofile - INFO - Module loaded.
2024-09-14 08:38:45,401 - elsapy.elsdoc - INFO - Module loaded.
2024-09-14 08:38:45,401 - elsapy.elssearch - INFO - Module loaded.
2024-09-14 08:44:16,471 - elsapy.elsclient - INFO - Module loaded.
2024-09-14 08:44:16,472 - elsapy.elsentity - INFO - Module loaded.
2024-09-14 08:44:16,473 - elsapy.utils - INFO - Module loaded.
2024-09-14 08:44:16,473 - elsapy.elsprofile - INFO - Module loaded.
2024-09-14 08:44:16,474 - elsapy.elsdoc - INFO - Module loaded.
2024-09-14 08:44:16,474 - elsapy.elssearch - INFO - Module loaded.
2024-09-14 08:47:58,383 - elsapy.elsclient - INFO - Module loaded.
2024-09-14 08:47:58,384 - elsapy.elsentity - INFO - Module loaded.
2024-09-14 08:47:58,385 - elsapy.utils - INFO - Module loaded.
2024-09-14 08:47:58,385 - elsapy.elsprofile - INFO - Module loaded.
2024-09-14 08:47:58,386 - elsapy.elsdoc - INFO - Module loaded.
2024-09-14 08:47:58,386 - elsapy.elssearch - INFO - Module loaded.
2024-09-14 08:48:21,530 - elsapy.elsclient - INFO - Module loaded.
2024-09-14 08:48:21,531 - elsapy.elsentity - INFO - Module loaded.
2024-09-14 08:48:21,532 - elsapy.utils - INFO - Module loaded.
2024-09-14 08:48:21,532 - elsapy.elsprofile - INFO - Module loaded.
2024-09-14 08:48:21,533 - elsapy.elsdoc - INFO - Module loaded.
2024-09-14 08:48:21,534 - elsapy.elssearch - INFO - Module loaded.
2024-09-14 08:48:40,475 - elsapy.elsclient - INFO - Module loaded.
2024-09-14 08:48:40,477 - elsapy.elsentity - INFO - Module loaded.
2024-09-14 08:48:40,478 - elsapy.utils - INFO - Module loaded.
2024-09-14 08:48:40,478 - elsapy.elsprofile - INFO - Module loaded.
2024-09-14 08:48:40,479 - elsapy.elsdoc - INFO - Module loaded.
2024-09-14 08:48:40,479 - elsapy.elssearch - INFO - Module loaded.
2024-09-14 08:53:13,123 - elsapy.elsclient - INFO - Module loaded.
2024-09-14 08:53:13,125 - elsapy.elsentity - INFO - Module loaded.
2024-09-14 08:53:13,125 - elsapy.utils - INFO - Module loaded.
2024-09-14 08:53:13,126 - elsapy.elsprofile - INFO - Module loaded.
2024-09-14 08:53:13,126 - elsapy.elsdoc - INFO - Module loaded.
2024-09-14 08:53:13,127 - elsapy.elssearch - INFO - Module loaded.
2024-09-14 09:27:59,852 - elsapy.elsclient - INFO - Module loaded.
2024-09-14 09:27:59,853 - elsapy.elsentity - INFO - Module loaded.
2024-09-14 09:27:59,854 - elsapy.utils - INFO - Module loaded.
2024-09-14 09:27:59,855 - elsapy.elsprofile - INFO - Module loaded.
2024-09-14 09:27:59,855 - elsapy.elsdoc - INFO - Module loaded.
2024-09-14 09:27:59,856 - elsapy.elssearch - INFO - Module loaded.
2024-09-14 09:29:30,584 - elsapy.elsclient - INFO - Module loaded.
2024-09-14 09:29:30,585 - elsapy.elsentity - INFO - Module loaded.
2024-09-14 09:29:30,585 - elsapy.utils - INFO - Module loaded.
2024-09-14 09:29:30,586 - elsapy.elsprofile - INFO - Module loaded.
2024-09-14 09:29:30,586 - elsapy.elsdoc - INFO - Module loaded.
2024-09-14 09:29:30,587 - elsapy.elssearch - INFO - Module loaded.
2024-09-14 09:32:11,637 - elsapy.elsclient - INFO - Module loaded.
2024-09-14 09:32:11,638 - elsapy.elsentity - INFO - Module loaded.
2024-09-14 09:32:11,639 - elsapy.utils - INFO - Module loaded.
2024-09-14 09:32:11,639 - elsapy.elsprofile - INFO - Module loaded.
2024-09-14 09:32:11,640 - elsapy.elsdoc - INFO - Module loaded.
2024-09-14 09:32:11,641 - elsapy.elssearch - INFO - Module loaded.
2024-09-14 09:34:46,400 - elsapy.elsclient - INFO - Module loaded.
2024-09-14 09:34:46,401 - elsapy.elsentity - INFO - Module loaded.
2024-09-14 09:34:46,402 - elsapy.utils - INFO - Module loaded.
2024-09-14 09:34:46,402 - elsapy.elsprofile - INFO - Module loaded.
2024-09-14 09:34:46,403 - elsapy.elsdoc - INFO - Module loaded.
2024-09-14 09:34:46,404 - elsapy.elssearch - INFO - Module loaded.
2024-09-14 09:35:22,485 - elsapy.elsclient - INFO - Module loaded.
2024-09-14 09:35:22,486 - elsapy.elsentity - INFO - Module loaded.
2024-09-14 09:35:22,486 - elsapy.utils - INFO - Module loaded.
2024-09-14 09:35:22,487 - elsapy.elsprofile - INFO - Module loaded.
2024-09-14 09:35:22,487 - elsapy.elsdoc - INFO - Module loaded.
2024-09-14 09:35:22,488 - elsapy.elssearch - INFO - Module loaded.
2024-09-14 13:30:25,160 - elsapy.elsclient - INFO - Module loaded.
2024-09-14 13:30:25,162 - elsapy.elsentity - INFO - Module loaded.
2024-09-14 13:30:25,163 - elsapy.utils - INFO - Module loaded.
2024-09-14 13:30:25,163 - elsapy.elsprofile - INFO - Module loaded.
2024-09-14 13:30:25,164 - elsapy.elsdoc - INFO - Module loaded.
2024-09-14 13:30:25,165 - elsapy.elssearch - INFO - Module loaded.
2024-09-14 13:31:39,129 - elsapy.elsclient - INFO - Module loaded.
2024-09-14 13:31:39,130 - elsapy.elsentity - INFO - Module loaded.
2024-09-14 13:31:39,131 - elsapy.utils - INFO - Module loaded.
2024-09-14 13:31:39,131 - elsapy.elsprofile - INFO - Module loaded.
2024-09-14 13:31:39,131 - elsapy.elsdoc - INFO - Module loaded.
2024-09-14 13:31:39,132 - elsapy.elssearch - INFO - Module loaded.
2024-09-14 13:36:24,497 - elsapy.elsclient - INFO - Module loaded.
2024-09-14 13:36:24,498 - elsapy.elsentity - INFO - Module loaded.
2024-09-14 13:36:24,498 - elsapy.utils - INFO - Module loaded.
2024-09-14 13:36:24,499 - elsapy.elsprofile - INFO - Module loaded.
2024-09-14 13:36:24,499 - elsapy.elsdoc - INFO - Module loaded.
2024-09-14 13:36:24,500 - elsapy.elssearch - INFO - Module loaded.
2024-09-14 13:37:55,656 - elsapy.elsclient - INFO - Module loaded.
2024-09-14 13:37:55,657 - elsapy.elsentity - INFO - Module loaded.
2024-09-14 13:37:55,658 - elsapy.utils - INFO - Module loaded.
2024-09-14 13:37:55,658 - elsapy.elsprofile - INFO - Module loaded.
2024-09-14 13:37:55,658 - elsapy.elsdoc - INFO - Module loaded.
2024-09-14 13:37:55,659 - elsapy.elssearch - INFO - Module loaded.
2024-09-14 13:43:15,550 - elsapy.elsclient - INFO - Module loaded.
2024-09-14 13:43:15,551 - elsapy.elsentity - INFO - Module loaded.
2024-09-14 13:43:15,552 - elsapy.utils - INFO - Module loaded.
2024-09-14 13:43:15,552 - elsapy.elsprofile - INFO - Module loaded.
2024-09-14 13:43:15,553 - elsapy.elsdoc - INFO - Module loaded.
2024-09-14 13:43:15,554 - elsapy.elssearch - INFO - Module loaded.
2024-09-14 13:46:42,110 - elsapy.elsclient - INFO - Module loaded.
2024-09-14 13:46:42,111 - elsapy.elsentity - INFO - Module loaded.
2024-09-14 13:46:42,111 - elsapy.utils - INFO - Module loaded.
2024-09-14 13:46:42,112 - elsapy.elsprofile - INFO - Module loaded.
2024-09-14 13:46:42,112 - elsapy.elsdoc - INFO - Module loaded.
2024-09-14 13:46:42,113 - elsapy.elssearch - INFO - Module loaded.
2024-09-14 13:48:36,200 - elsapy.elsclient - INFO - Module loaded.
2024-09-14 13:48:36,201 - elsapy.elsentity - INFO - Module loaded.
2024-09-14 13:48:36,201 - elsapy.utils - INFO - Module loaded.
2024-09-14 13:48:36,202 - elsapy.elsprofile - INFO - Module loaded.
2024-09-14 13:48:36,202 - elsapy.elsdoc - INFO - Module loaded.
2024-09-14 13:48:36,203 - elsapy.elssearch - INFO - Module loaded.
2024-09-14 13:49:23,791 - elsapy.elsclient - INFO - Module loaded.
2024-09-14 13:49:23,793 - elsapy.elsentity - INFO - Module loaded.
2024-09-14 13:49:23,793 - elsapy.utils - INFO - Module loaded.
2024-09-14 13:49:23,793 - elsapy.elsprofile - INFO - Module loaded.
2024-09-14 13:49:23,794 - elsapy.elsdoc - INFO - Module loaded.
2024-09-14 13:49:23,795 - elsapy.elssearch - INFO - Module loaded.
2024-09-14 13:53:07,975 - elsapy.elsclient - INFO - Module loaded.
2024-09-14 13:53:07,976 - elsapy.elsentity - INFO - Module loaded.
2024-09-14 13:53:07,977 - elsapy.utils - INFO - Module loaded.
2024-09-14 13:53:07,977 - elsapy.elsprofile - INFO - Module loaded.
2024-09-14 13:53:07,978 - elsapy.elsdoc - INFO - Module loaded.
2024-09-14 13:53:07,978 - elsapy.elssearch - INFO - Module loaded.
2024-09-14 14:05:34,733 - elsapy.elsclient - INFO - Module loaded.
2024-09-14 14:05:34,734 - elsapy.elsentity - INFO - Module loaded.
2024-09-14 14:05:34,735 - elsapy.utils - INFO - Module loaded.
2024-09-14 14:05:34,735 - elsapy.elsprofile - INFO - Module loaded.
2024-09-14 14:05:34,736 - elsapy.elsdoc - INFO - Module loaded.
2024-09-14 14:05:34,737 - elsapy.elssearch - INFO - Module loaded.
2024-09-14 14:06:02,979 - elsapy.elsclient - INFO - Module loaded.
2024-09-14 14:06:02,981 - elsapy.elsentity - INFO - Module loaded.
2024-09-14 14:06:02,981 - elsapy.utils - INFO - Module loaded.
2024-09-14 14:06:02,981 - elsapy.elsprofile - INFO - Module loaded.
2024-09-14 14:06:02,982 - elsapy.elsdoc - INFO - Module loaded.
2024-09-14 14:06:02,983 - elsapy.elssearch - INFO - Module loaded.
2024-09-14 14:09:58,312 - elsapy.elsclient - INFO - Module loaded.
2024-09-14 14:09:58,313 - elsapy.elsentity - INFO - Module loaded.
2024-09-14 14:09:58,314 - elsapy.utils - INFO - Module loaded.
2024-09-14 14:09:58,314 - elsapy.elsprofile - INFO - Module loaded.
2024-09-14 14:09:58,316 - elsapy.elsdoc - INFO - Module loaded.
2024-09-14 14:09:58,316 - elsapy.elssearch - INFO - Module loaded.
2024-09-14 14:13:49,075 - elsapy.elsclient - INFO - Module loaded.
2024-09-14 14:13:49,076 - elsapy.elsentity - INFO - Module loaded.
2024-09-14 14:13:49,077 - elsapy.utils - INFO - Module loaded.
2024-09-14 14:13:49,077 - elsapy.elsprofile - INFO - Module loaded.
2024-09-14 14:13:49,078 - elsapy.elsdoc - INFO - Module loaded.
2024-09-14 14:13:49,078 - elsapy.elssearch - INFO - Module loaded.
2024-09-14 16:24:19,197 - elsapy.elsclient - INFO - Module loaded.
2024-09-14 16:24:19,198 - elsapy.elsentity - INFO - Module loaded.
2024-09-14 16:24:19,198 - elsapy.utils - INFO - Module loaded.
2024-09-14 16:24:19,199 - elsapy.elsprofile - INFO - Module loaded.
2024-09-14 16:24:19,199 - elsapy.elsdoc - INFO - Module loaded.
2024-09-14 16:24:19,200 - elsapy.elssearch - INFO - Module loaded.
2024-09-14 16:25:16,312 - elsapy.elsclient - INFO - Module loaded.
2024-09-14 16:25:16,313 - elsapy.elsentity - INFO - Module loaded.
2024-09-14 16:25:16,313 - elsapy.utils - INFO - Module loaded.
2024-09-14 16:25:16,314 - elsapy.elsprofile - INFO - Module loaded.
2024-09-14 16:25:16,314 - elsapy.elsdoc - INFO - Module loaded.
2024-09-14 16:25:16,315 - elsapy.elssearch - INFO - Module loaded.
2024-09-14 16:27:36,988 - elsapy.elsclient - INFO - Module loaded.
2024-09-14 16:27:36,989 - elsapy.elsentity - INFO - Module loaded.
2024-09-14 16:27:36,990 - elsapy.utils - INFO - Module loaded.
2024-09-14 16:27:36,990 - elsapy.elsprofile - INFO - Module loaded.
2024-09-14 16:27:36,991 - elsapy.elsdoc - INFO - Module loaded.
2024-09-14 16:27:36,991 - elsapy.elssearch - INFO - Module loaded.
2024-09-14 16:33:31,624 - elsapy.elsclient - INFO - Module loaded.
2024-09-14 16:33:31,626 - elsapy.elsentity - INFO - Module loaded.
2024-09-14 16:33:31,626 - elsapy.utils - INFO - Module loaded.
2024-09-14 16:33:31,627 - elsapy.elsprofile - INFO - Module loaded.
2024-09-14 16:33:31,627 - elsapy.elsdoc - INFO - Module loaded.
2024-09-14 16:33:31,628 - elsapy.elssearch - INFO - Module loaded.
2024-09-14 16:39:04,783 - elsapy.elsclient - INFO - Module loaded.
2024-09-14 16:39:04,784 - elsapy.elsentity - INFO - Module loaded.
2024-09-14 16:39:04,784 - elsapy.utils - INFO - Module loaded.
2024-09-14 16:39:04,785 - elsapy.elsprofile - INFO - Module loaded.
2024-09-14 16:39:04,786 - elsapy.elsdoc - INFO - Module loaded.
2024-09-14 16:39:04,786 - elsapy.elssearch - INFO - Module loaded.
2024-09-14 16:49:31,959 - elsapy.elsclient - INFO - Module loaded.
2024-09-14 16:49:31,960 - elsapy.elsentity - INFO - Module loaded.
2024-09-14 16:49:31,960 - elsapy.utils - INFO - Module loaded.
2024-09-14 16:49:31,961 - elsapy.elsprofile - INFO - Module loaded.
2024-09-14 16:49:31,961 - elsapy.elsdoc - INFO - Module loaded.
2024-09-14 16:49:31,962 - elsapy.elssearch - INFO - Module loaded.
2024-09-14 16:53:22,953 - elsapy.elsclient - INFO - Module loaded.
2024-09-14 16:53:22,954 - elsapy.elsentity - INFO - Module loaded.
2024-09-14 16:53:22,955 - elsapy.utils - INFO - Module loaded.
2024-09-14 16:53:22,955 - elsapy.elsprofile - INFO - Module loaded.
2024-09-14 16:53:22,956 - elsapy.elsdoc - INFO - Module loaded.
2024-09-14 16:53:22,956 - elsapy.elssearch - INFO - Module loaded.
2024-09-14 17:01:14,101 - elsapy.elsclient - INFO - Module loaded.
2024-09-14 17:01:14,102 - elsapy.elsentity - INFO - Module loaded.
2024-09-14 17:01:14,103 - elsapy.utils - INFO - Module loaded.
2024-09-14 17:01:14,103 - elsapy.elsprofile - INFO - Module loaded.
2024-09-14 17:01:14,103 - elsapy.elsdoc - INFO - Module loaded.
2024-09-14 17:01:14,104 - elsapy.elssearch - INFO - Module loaded.
2024-09-14 17:05:17,421 - elsapy.elsclient - INFO - Module loaded.
2024-09-14 17:05:17,422 - elsapy.elsentity - INFO - Module loaded.
2024-09-14 17:05:17,423 - elsapy.utils - INFO - Module loaded.
2024-09-14 17:05:17,423 - elsapy.elsprofile - INFO - Module loaded.
2024-09-14 17:05:17,424 - elsapy.elsdoc - INFO - Module loaded.
2024-09-14 17:05:17,425 - elsapy.elssearch - INFO - Module loaded.
2024-09-14 17:06:46,725 - elsapy.elsclient - INFO - Module loaded.
2024-09-14 17:06:46,726 - elsapy.elsentity - INFO - Module loaded.
2024-09-14 17:06:46,727 - elsapy.utils - INFO - Module loaded.
2024-09-14 17:06:46,727 - elsapy.elsprofile - INFO - Module loaded.
2024-09-14 17:06:46,728 - elsapy.elsdoc - INFO - Module loaded.
2024-09-14 17:06:46,729 - elsapy.elssearch - INFO - Module loaded.
2024-09-14 17:08:21,267 - elsapy.elsclient - INFO - Module loaded.
2024-09-14 17:08:21,268 - elsapy.elsentity - INFO - Module loaded.
2024-09-14 17:08:21,268 - elsapy.utils - INFO - Module loaded.
2024-09-14 17:08:21,269 - elsapy.elsprofile - INFO - Module loaded.
2024-09-14 17:08:21,269 - elsapy.elsdoc - INFO - Module loaded.
2024-09-14 17:08:21,270 - elsapy.elssearch - INFO - Module loaded.
2024-09-14 17:13:20,549 - elsapy.elsclient - INFO - Module loaded.
2024-09-14 17:13:20,550 - elsapy.elsentity - INFO - Module loaded.
2024-09-14 17:13:20,550 - elsapy.utils - INFO - Module loaded.
2024-09-14 17:13:20,551 - elsapy.elsprofile - INFO - Module loaded.
2024-09-14 17:13:20,551 - elsapy.elsdoc - INFO - Module loaded.
2024-09-14 17:13:20,552 - elsapy.elssearch - INFO - Module loaded.
2024-09-14 17:14:22,279 - elsapy.elsclient - INFO - Module loaded.
2024-09-14 17:14:22,280 - elsapy.elsentity - INFO - Module loaded.
2024-09-14 17:14:22,281 - elsapy.utils - INFO - Module loaded.
2024-09-14 17:14:22,281 - elsapy.elsprofile - INFO - Module loaded.
2024-09-14 17:14:22,282 - elsapy.elsdoc - INFO - Module loaded.
2024-09-14 17:14:22,283 - elsapy.elssearch - INFO - Module loaded.
2024-09-14 17:15:21,292 - elsapy.elsclient - INFO - Module loaded.
2024-09-14 17:15:21,293 - elsapy.elsentity - INFO - Module loaded.
2024-09-14 17:15:21,293 - elsapy.utils - INFO - Module loaded.
2024-09-14 17:15:21,294 - elsapy.elsprofile - INFO - Module loaded.
2024-09-14 17:15:21,294 - elsapy.elsdoc - INFO - Module loaded.
2024-09-14 17:15:21,295 - elsapy.elssearch - INFO - Module loaded.
2024-09-14 17:22:48,672 - elsapy.elsclient - INFO - Module loaded.
2024-09-14 17:22:48,673 - elsapy.elsentity - INFO - Module loaded.
2024-09-14 17:22:48,674 - elsapy.utils - INFO - Module loaded.
2024-09-14 17:22:48,674 - elsapy.elsprofile - INFO - Module loaded.
2024-09-14 17:22:48,675 - elsapy.elsdoc - INFO - Module loaded.
2024-09-14 17:22:48,675 - elsapy.elssearch - INFO - Module loaded.
2024-09-14 17:23:32,697 - elsapy.elsclient - INFO - Module loaded.
2024-09-14 17:23:32,698 - elsapy.elsentity - INFO - Module loaded.
2024-09-14 17:23:32,699 - elsapy.utils - INFO - Module loaded.
2024-09-14 17:23:32,699 - elsapy.elsprofile - INFO - Module loaded.
2024-09-14 17:23:32,700 - elsapy.elsdoc - INFO - Module loaded.
2024-09-14 17:23:32,700 - elsapy.elssearch - INFO - Module loaded.
2024-09-14 17:28:26,712 - elsapy.elsclient - INFO - Module loaded.
2024-09-14 17:28:26,713 - elsapy.elsentity - INFO - Module loaded.
2024-09-14 17:28:26,714 - elsapy.utils - INFO - Module loaded.
2024-09-14 17:28:26,714 - elsapy.elsprofile - INFO - Module loaded.
2024-09-14 17:28:26,715 - elsapy.elsdoc - INFO - Module loaded.
2024-09-14 17:28:26,715 - elsapy.elssearch - INFO - Module loaded.
2024-09-14 17:30:01,396 - elsapy.elsclient - INFO - Module loaded.
2024-09-14 17:30:01,397 - elsapy.elsentity - INFO - Module loaded.
2024-09-14 17:30:01,398 - elsapy.utils - INFO - Module loaded.
2024-09-14 17:30:01,398 - elsapy.elsprofile - INFO - Module loaded.
2024-09-14 17:30:01,399 - elsapy.elsdoc - INFO - Module loaded.
2024-09-14 17:30:01,400 - elsapy.elssearch - INFO - Module loaded.
2024-09-14 17:38:20,000 - elsapy.elsclient - INFO - Module loaded.
2024-09-14 17:38:20,001 - elsapy.elsentity - INFO - Module loaded.
2024-09-14 17:38:20,002 - elsapy.utils - INFO - Module loaded.
2024-09-14 17:38:20,002 - elsapy.elsprofile - INFO - Module loaded.
2024-09-14 17:38:20,003 - elsapy.elsdoc - INFO - Module loaded.
2024-09-14 17:38:20,003 - elsapy.elssearch - INFO - Module loaded.
2024-09-14 17:42:18,079 - elsapy.elsclient - INFO - Module loaded.
2024-09-14 17:42:18,081 - elsapy.elsentity - INFO - Module loaded.
2024-09-14 17:42:18,081 - elsapy.utils - INFO - Module loaded.
2024-09-14 17:42:18,081 - elsapy.elsprofile - INFO - Module loaded.
2024-09-14 17:42:18,082 - elsapy.elsdoc - INFO - Module loaded.
2024-09-14 17:42:18,083 - elsapy.elssearch - INFO - Module loaded.
2024-09-14 17:44:53,552 - elsapy.elsclient - INFO - Module loaded.
2024-09-14 17:44:53,553 - elsapy.elsentity - INFO - Module loaded.
2024-09-14 17:44:53,554 - elsapy.utils - INFO - Module loaded.
2024-09-14 17:44:53,554 - elsapy.elsprofile - INFO - Module loaded.
2024-09-14 17:44:53,555 - elsapy.elsdoc - INFO - Module loaded.
2024-09-14 17:44:53,556 - elsapy.elssearch - INFO - Module loaded.
2024-09-14 17:50:13,210 - elsapy.elsclient - INFO - Module loaded.
2024-09-14 17:50:13,211 - elsapy.elsentity - INFO - Module loaded.
2024-09-14 17:50:13,212 - elsapy.utils - INFO - Module loaded.
2024-09-14 17:50:13,212 - elsapy.elsprofile - INFO - Module loaded.
2024-09-14 17:50:13,213 - elsapy.elsdoc - INFO - Module loaded.
2024-09-14 17:50:13,214 - elsapy.elssearch - INFO - Module loaded.
2024-09-14 17:50:41,025 - elsapy.elsclient - INFO - Module loaded.
2024-09-14 17:50:41,026 - elsapy.elsentity - INFO - Module loaded.
2024-09-14 17:50:41,027 - elsapy.utils - INFO - Module loaded.
2024-09-14 17:50:41,027 - elsapy.elsprofile - INFO - Module loaded.
2024-09-14 17:50:41,028 - elsapy.elsdoc - INFO - Module loaded.
2024-09-14 17:50:41,028 - elsapy.elssearch - INFO - Module loaded.
2024-09-14 17:51:55,932 - elsapy.elsclient - INFO - Module loaded.
2024-09-14 17:51:55,933 - elsapy.elsentity - INFO - Module loaded.
2024-09-14 17:51:55,933 - elsapy.utils - INFO - Module loaded.
2024-09-14 17:51:55,934 - elsapy.elsprofile - INFO - Module loaded.
2024-09-14 17:51:55,934 - elsapy.elsdoc - INFO - Module loaded.
2024-09-14 17:51:55,935 - elsapy.elssearch - INFO - Module loaded.
2024-09-14 17:59:01,017 - elsapy.elsclient - INFO - Module loaded.
2024-09-14 17:59:01,018 - elsapy.elsentity - INFO - Module loaded.
2024-09-14 17:59:01,019 - elsapy.utils - INFO - Module loaded.
2024-09-14 17:59:01,019 - elsapy.elsprofile - INFO - Module loaded.
2024-09-14 17:59:01,020 - elsapy.elsdoc - INFO - Module loaded.
2024-09-14 17:59:01,020 - elsapy.elssearch - INFO - Module loaded.
2024-09-14 18:07:57,603 - elsapy.elsclient - INFO - Module loaded.
2024-09-14 18:07:57,604 - elsapy.elsentity - INFO - Module loaded.
2024-09-14 18:07:57,605 - elsapy.utils - INFO - Module loaded.
2024-09-14 18:07:57,605 - elsapy.elsprofile - INFO - Module loaded.
2024-09-14 18:07:57,606 - elsapy.elsdoc - INFO - Module loaded.
2024-09-14 18:07:57,607 - elsapy.elssearch - INFO - Module loaded.
2024-09-14 18:10:33,301 - elsapy.elsclient - INFO - Module loaded.
2024-09-14 18:10:33,302 - elsapy.elsentity - INFO - Module loaded.
2024-09-14 18:10:33,302 - elsapy.utils - INFO - Module loaded.
2024-09-14 18:10:33,303 - elsapy.elsprofile - INFO - Module loaded.
2024-09-14 18:10:33,303 - elsapy.elsdoc - INFO - Module loaded.
2024-09-14 18:10:33,304 - elsapy.elssearch - INFO - Module loaded.
2024-09-14 18:11:39,499 - elsapy.elsclient - INFO - Module loaded.
2024-09-14 18:11:39,500 - elsapy.elsentity - INFO - Module loaded.
2024-09-14 18:11:39,501 - elsapy.utils - INFO - Module loaded.
2024-09-14 18:11:39,501 - elsapy.elsprofile - INFO - Module loaded.
2024-09-14 18:11:39,502 - elsapy.elsdoc - INFO - Module loaded.
2024-09-14 18:11:39,502 - elsapy.elssearch - INFO - Module loaded.
2024-09-14 18:17:35,904 - elsapy.elsclient - INFO - Module loaded.
2024-09-14 18:17:35,905 - elsapy.elsentity - INFO - Module loaded.
2024-09-14 18:17:35,906 - elsapy.utils - INFO - Module loaded.
2024-09-14 18:17:35,906 - elsapy.elsprofile - INFO - Module loaded.
2024-09-14 18:17:35,907 - elsapy.elsdoc - INFO - Module loaded.
2024-09-14 18:17:35,908 - elsapy.elssearch - INFO - Module loaded.
2024-09-14 18:19:09,256 - elsapy.elsclient - INFO - Module loaded.
2024-09-14 18:19:09,257 - elsapy.elsentity - INFO - Module loaded.
2024-09-14 18:19:09,258 - elsapy.utils - INFO - Module loaded.
2024-09-14 18:19:09,258 - elsapy.elsprofile - INFO - Module loaded.
2024-09-14 18:19:09,259 - elsapy.elsdoc - INFO - Module loaded.
2024-09-14 18:19:09,259 - elsapy.elssearch - INFO - Module loaded.
2024-09-14 18:20:29,923 - elsapy.elsclient - INFO - Module loaded.
2024-09-14 18:20:29,924 - elsapy.elsentity - INFO - Module loaded.
2024-09-14 18:20:29,924 - elsapy.utils - INFO - Module loaded.
2024-09-14 18:20:29,925 - elsapy.elsprofile - INFO - Module loaded.
2024-09-14 18:20:29,925 - elsapy.elsdoc - INFO - Module loaded.
2024-09-14 18:20:29,926 - elsapy.elssearch - INFO - Module loaded.
2024-09-14 18:21:18,964 - elsapy.elsclient - INFO - Module loaded.
2024-09-14 18:21:18,965 - elsapy.elsentity - INFO - Module loaded.
2024-09-14 18:21:18,965 - elsapy.utils - INFO - Module loaded.
2024-09-14 18:21:18,966 - elsapy.elsprofile - INFO - Module loaded.
2024-09-14 18:21:18,966 - elsapy.elsdoc - INFO - Module loaded.
2024-09-14 18:21:18,967 - elsapy.elssearch - INFO - Module loaded.
2024-09-14 18:23:36,635 - elsapy.elsclient - INFO - Module loaded.
2024-09-14 18:23:36,636 - elsapy.elsentity - INFO - Module loaded.
2024-09-14 18:23:36,637 - elsapy.utils - INFO - Module loaded.
2024-09-14 18:23:36,637 - elsapy.elsprofile - INFO - Module loaded.
2024-09-14 18:23:36,637 - elsapy.elsdoc - INFO - Module loaded.
2024-09-14 18:23:36,638 - elsapy.elssearch - INFO - Module loaded.
2024-09-14 18:24:20,410 - elsapy.elsclient - INFO - Module loaded.
2024-09-14 18:24:20,411 - elsapy.elsentity - INFO - Module loaded.
2024-09-14 18:24:20,412 - elsapy.utils - INFO - Module loaded.
2024-09-14 18:24:20,412 - elsapy.elsprofile - INFO - Module loaded.
2024-09-14 18:24:20,413 - elsapy.elsdoc - INFO - Module loaded.
2024-09-14 18:24:20,413 - elsapy.elssearch - INFO - Module loaded.
2024-09-14 18:25:33,257 - elsapy.elsclient - INFO - Module loaded.
2024-09-14 18:25:33,258 - elsapy.elsentity - INFO - Module loaded.
2024-09-14 18:25:33,259 - elsapy.utils - INFO - Module loaded.
2024-09-14 18:25:33,259 - elsapy.elsprofile - INFO - Module loaded.
2024-09-14 18:25:33,260 - elsapy.elsdoc - INFO - Module loaded.
2024-09-14 18:25:33,260 - elsapy.elssearch - INFO - Module loaded.
2024-09-14 18:27:32,948 - elsapy.elsclient - INFO - Module loaded.
2024-09-14 18:27:32,949 - elsapy.elsentity - INFO - Module loaded.
2024-09-14 18:27:32,950 - elsapy.utils - INFO - Module loaded.
2024-09-14 18:27:32,950 - elsapy.elsprofile - INFO - Module loaded.
2024-09-14 18:27:32,951 - elsapy.elsdoc - INFO - Module loaded.
2024-09-14 18:27:32,952 - elsapy.elssearch - INFO - Module loaded.
2024-09-14 18:30:51,056 - elsapy.elsclient - INFO - Module loaded.
2024-09-14 18:30:51,057 - elsapy.elsentity - INFO - Module loaded.
2024-09-14 18:30:51,057 - elsapy.utils - INFO - Module loaded.
2024-09-14 18:30:51,058 - elsapy.elsprofile - INFO - Module loaded.
2024-09-14 18:30:51,058 - elsapy.elsdoc - INFO - Module loaded.
2024-09-14 18:30:51,059 - elsapy.elssearch - INFO - Module loaded.
2024-09-14 18:32:34,405 - elsapy.elsclient - INFO - Module loaded.
2024-09-14 18:32:34,406 - elsapy.elsentity - INFO - Module loaded.
2024-09-14 18:32:34,407 - elsapy.utils - INFO - Module loaded.
2024-09-14 18:32:34,407 - elsapy.elsprofile - INFO - Module loaded.
2024-09-14 18:32:34,408 - elsapy.elsdoc - INFO - Module loaded.
2024-09-14 18:32:34,408 - elsapy.elssearch - INFO - Module loaded.
2024-09-14 18:34:33,413 - elsapy.elsclient - INFO - Module loaded.
2024-09-14 18:34:33,413 - elsapy.elsentity - INFO - Module loaded.
2024-09-14 18:34:33,414 - elsapy.utils - INFO - Module loaded.
2024-09-14 18:34:33,414 - elsapy.elsprofile - INFO - Module loaded.
2024-09-14 18:34:33,415 - elsapy.elsdoc - INFO - Module loaded.
2024-09-14 18:34:33,416 - elsapy.elssearch - INFO - Module loaded.
2024-09-14 18:36:11,124 - elsapy.elsclient - INFO - Module loaded.
2024-09-14 18:36:11,125 - elsapy.elsentity - INFO - Module loaded.
2024-09-14 18:36:11,126 - elsapy.utils - INFO - Module loaded.
2024-09-14 18:36:11,126 - elsapy.elsprofile - INFO - Module loaded.
2024-09-14 18:36:11,127 - elsapy.elsdoc - INFO - Module loaded.
2024-09-14 18:36:11,128 - elsapy.elssearch - INFO - Module loaded.
2024-09-14 18:36:48,851 - elsapy.elsclient - INFO - Module loaded.
2024-09-14 18:36:48,852 - elsapy.elsentity - INFO - Module loaded.
2024-09-14 18:36:48,853 - elsapy.utils - INFO - Module loaded.
2024-09-14 18:36:48,853 - elsapy.elsprofile - INFO - Module loaded.
2024-09-14 18:36:48,854 - elsapy.elsdoc - INFO - Module loaded.
2024-09-14 18:36:48,854 - elsapy.elssearch - INFO - Module loaded.
2024-09-14 18:41:06,770 - elsapy.elsclient - INFO - Module loaded.
2024-09-14 18:41:06,771 - elsapy.elsentity - INFO - Module loaded.
2024-09-14 18:41:06,772 - elsapy.utils - INFO - Module loaded.
2024-09-14 18:41:06,772 - elsapy.elsprofile - INFO - Module loaded.
2024-09-14 18:41:06,773 - elsapy.elsdoc - INFO - Module loaded.
2024-09-14 18:41:06,774 - elsapy.elssearch - INFO - Module loaded.
2024-09-14 18:43:12,215 - elsapy.elsclient - INFO - Module loaded.
2024-09-14 18:43:12,216 - elsapy.elsentity - INFO - Module loaded.
2024-09-14 18:43:12,217 - elsapy.utils - INFO - Module loaded.
2024-09-14 18:43:12,217 - elsapy.elsprofile - INFO - Module loaded.
2024-09-14 18:43:12,217 - elsapy.elsdoc - INFO - Module loaded.
2024-09-14 18:43:12,218 - elsapy.elssearch - INFO - Module loaded.
2024-09-14 18:52:10,604 - elsapy.elsclient - INFO - Module loaded.
2024-09-14 18:52:10,605 - elsapy.elsentity - INFO - Module loaded.
2024-09-14 18:52:10,606 - elsapy.utils - INFO - Module loaded.
2024-09-14 18:52:10,606 - elsapy.elsprofile - INFO - Module loaded.
2024-09-14 18:52:10,607 - elsapy.elsdoc - INFO - Module loaded.
2024-09-14 18:52:10,607 - elsapy.elssearch - INFO - Module loaded.
2024-09-14 18:55:20,253 - elsapy.elsclient - INFO - Module loaded.
2024-09-14 18:55:20,254 - elsapy.elsentity - INFO - Module loaded.
2024-09-14 18:55:20,255 - elsapy.utils - INFO - Module loaded.
2024-09-14 18:55:20,255 - elsapy.elsprofile - INFO - Module loaded.
2024-09-14 18:55:20,256 - elsapy.elsdoc - INFO - Module loaded.
2024-09-14 18:55:20,256 - elsapy.elssearch - INFO - Module loaded.
2024-09-14 18:59:59,967 - elsapy.elsclient - INFO - Module loaded.
2024-09-14 18:59:59,968 - elsapy.elsentity - INFO - Module loaded.
2024-09-14 18:59:59,968 - elsapy.utils - INFO - Module loaded.
2024-09-14 18:59:59,969 - elsapy.elsprofile - INFO - Module loaded.
2024-09-14 18:59:59,969 - elsapy.elsdoc - INFO - Module loaded.
2024-09-14 18:59:59,970 - elsapy.elssearch - INFO - Module loaded.
2024-09-14 19:06:02,007 - elsapy.elsclient - INFO - Module loaded.
2024-09-14 19:06:02,008 - elsapy.elsentity - INFO - Module loaded.
2024-09-14 19:06:02,009 - elsapy.utils - INFO - Module loaded.
2024-09-14 19:06:02,009 - elsapy.elsprofile - INFO - Module loaded.
2024-09-14 19:06:02,010 - elsapy.elsdoc - INFO - Module loaded.
2024-09-14 19:06:02,010 - elsapy.elssearch - INFO - Module loaded.
2024-09-14 19:07:36,114 - elsapy.elsclient - INFO - Module loaded.
2024-09-14 19:07:36,114 - elsapy.elsentity - INFO - Module loaded.
2024-09-14 19:07:36,116 - elsapy.utils - INFO - Module loaded.
2024-09-14 19:07:36,116 - elsapy.elsprofile - INFO - Module loaded.
2024-09-14 19:07:36,116 - elsapy.elsdoc - INFO - Module loaded.
2024-09-14 19:07:36,117 - elsapy.elssearch - INFO - Module loaded.
2024-09-14 19:08:43,605 - elsapy.elsclient - INFO - Module loaded.
2024-09-14 19:08:43,606 - elsapy.elsentity - INFO - Module loaded.
2024-09-14 19:08:43,607 - elsapy.utils - INFO - Module loaded.
2024-09-14 19:08:43,607 - elsapy.elsprofile - INFO - Module loaded.
2024-09-14 19:08:43,608 - elsapy.elsdoc - INFO - Module loaded.
2024-09-14 19:08:43,608 - elsapy.elssearch - INFO - Module loaded.
2024-09-14 19:09:39,382 - elsapy.elsclient - INFO - Module loaded.
2024-09-14 19:09:39,383 - elsapy.elsentity - INFO - Module loaded.
2024-09-14 19:09:39,384 - elsapy.utils - INFO - Module loaded.
2024-09-14 19:09:39,384 - elsapy.elsprofile - INFO - Module loaded.
2024-09-14 19:09:39,385 - elsapy.elsdoc - INFO - Module loaded.
2024-09-14 19:09:39,386 - elsapy.elssearch - INFO - Module loaded.
2024-09-14 19:10:50,984 - elsapy.elsclient - INFO - Module loaded.
2024-09-14 19:10:50,985 - elsapy.elsentity - INFO - Module loaded.
2024-09-14 19:10:50,985 - elsapy.utils - INFO - Module loaded.
2024-09-14 19:10:50,986 - elsapy.elsprofile - INFO - Module loaded.
2024-09-14 19:10:50,986 - elsapy.elsdoc - INFO - Module loaded.
2024-09-14 19:10:50,987 - elsapy.elssearch - INFO - Module loaded.
2024-09-14 19:12:01,576 - elsapy.elsclient - INFO - Module loaded.
2024-09-14 19:12:01,577 - elsapy.elsentity - INFO - Module loaded.
2024-09-14 19:12:01,578 - elsapy.utils - INFO - Module loaded.
2024-09-14 19:12:01,578 - elsapy.elsprofile - INFO - Module loaded.
2024-09-14 19:12:01,579 - elsapy.elsdoc - INFO - Module loaded.
2024-09-14 19:12:01,579 - elsapy.elssearch - INFO - Module loaded.
2024-09-14 19:13:35,132 - elsapy.elsclient - INFO - Module loaded.
2024-09-14 19:13:35,134 - elsapy.elsentity - INFO - Module loaded.
2024-09-14 19:13:35,134 - elsapy.utils - INFO - Module loaded.
2024-09-14 19:13:35,134 - elsapy.elsprofile - INFO - Module loaded.
2024-09-14 19:13:35,135 - elsapy.elsdoc - INFO - Module loaded.
2024-09-14 19:13:35,136 - elsapy.elssearch - INFO - Module loaded.
2024-09-14 19:14:35,858 - elsapy.elsclient - INFO - Module loaded.
2024-09-14 19:14:35,859 - elsapy.elsentity - INFO - Module loaded.
2024-09-14 19:14:35,860 - elsapy.utils - INFO - Module loaded.
2024-09-14 19:14:35,860 - elsapy.elsprofile - INFO - Module loaded.
2024-09-14 19:14:35,861 - elsapy.elsdoc - INFO - Module loaded.
2024-09-14 19:14:35,862 - elsapy.elssearch - INFO - Module loaded.
2024-09-14 19:21:00,529 - elsapy.elsclient - INFO - Module loaded.
2024-09-14 19:21:00,530 - elsapy.elsentity - INFO - Module loaded.
2024-09-14 19:21:00,531 - elsapy.utils - INFO - Module loaded.
2024-09-14 19:21:00,531 - elsapy.elsprofile - INFO - Module loaded.
2024-09-14 19:21:00,532 - elsapy.elsdoc - INFO - Module loaded.
2024-09-14 19:21:00,532 - elsapy.elssearch - INFO - Module loaded.
2024-09-14 19:22:25,957 - elsapy.elsclient - INFO - Module loaded.
2024-09-14 19:22:25,958 - elsapy.elsentity - INFO - Module loaded.
2024-09-14 19:22:25,959 - elsapy.utils - INFO - Module loaded.
2024-09-14 19:22:25,959 - elsapy.elsprofile - INFO - Module loaded.
2024-09-14 19:22:25,960 - elsapy.elsdoc - INFO - Module loaded.
2024-09-14 19:22:25,960 - elsapy.elssearch - INFO - Module loaded.
2024-09-14 19:24:14,064 - elsapy.elsclient - INFO - Module loaded.
2024-09-14 19:24:14,065 - elsapy.elsentity - INFO - Module loaded.
2024-09-14 19:24:14,065 - elsapy.utils - INFO - Module loaded.
2024-09-14 19:24:14,066 - elsapy.elsprofile - INFO - Module loaded.
2024-09-14 19:24:14,066 - elsapy.elsdoc - INFO - Module loaded.
2024-09-14 19:24:14,067 - elsapy.elssearch - INFO - Module loaded.
2024-09-14 19:27:38,522 - elsapy.elsclient - INFO - Module loaded.
2024-09-14 19:27:38,523 - elsapy.elsentity - INFO - Module loaded.
2024-09-14 19:27:38,523 - elsapy.utils - INFO - Module loaded.
2024-09-14 19:27:38,524 - elsapy.elsprofile - INFO - Module loaded.
2024-09-14 19:27:38,524 - elsapy.elsdoc - INFO - Module loaded.
2024-09-14 19:27:38,525 - elsapy.elssearch - INFO - Module loaded.
2024-09-14 19:30:15,090 - elsapy.elsclient - INFO - Module loaded.
2024-09-14 19:30:15,091 - elsapy.elsentity - INFO - Module loaded.
2024-09-14 19:30:15,092 - elsapy.utils - INFO - Module loaded.
2024-09-14 19:30:15,092 - elsapy.elsprofile - INFO - Module loaded.
2024-09-14 19:30:15,093 - elsapy.elsdoc - INFO - Module loaded.
2024-09-14 19:30:15,093 - elsapy.elssearch - INFO - Module loaded.
2024-09-14 19:32:35,585 - elsapy.elsclient - INFO - Module loaded.
2024-09-14 19:32:35,586 - elsapy.elsentity - INFO - Module loaded.
2024-09-14 19:32:35,586 - elsapy.utils - INFO - Module loaded.
2024-09-14 19:32:35,587 - elsapy.elsprofile - INFO - Module loaded.
2024-09-14 19:32:35,587 - elsapy.elsdoc - INFO - Module loaded.
2024-09-14 19:32:35,588 - elsapy.elssearch - INFO - Module loaded.
2024-09-14 19:40:46,655 - elsapy.elsclient - INFO - Module loaded.
2024-09-14 19:40:46,656 - elsapy.elsentity - INFO - Module loaded.
2024-09-14 19:40:46,657 - elsapy.utils - INFO - Module loaded.
2024-09-14 19:40:46,657 - elsapy.elsprofile - INFO - Module loaded.
2024-09-14 19:40:46,658 - elsapy.elsdoc - INFO - Module loaded.
2024-09-14 19:40:46,659 - elsapy.elssearch - INFO - Module loaded.
2024-09-14 19:41:07,733 - elsapy.elsclient - INFO - Module loaded.
2024-09-14 19:41:07,734 - elsapy.elsentity - INFO - Module loaded.
2024-09-14 19:41:07,735 - elsapy.utils - INFO - Module loaded.
2024-09-14 19:41:07,735 - elsapy.elsprofile - INFO - Module loaded.
2024-09-14 19:41:07,736 - elsapy.elsdoc - INFO - Module loaded.
2024-09-14 19:41:07,737 - elsapy.elssearch - INFO - Module loaded.
2024-09-14 20:21:40,322 - elsapy.elsclient - INFO - Module loaded.
2024-09-14 20:21:40,323 - elsapy.elsentity - INFO - Module loaded.
2024-09-14 20:21:40,324 - elsapy.utils - INFO - Module loaded.
2024-09-14 20:21:40,324 - elsapy.elsprofile - INFO - Module loaded.
2024-09-14 20:21:40,325 - elsapy.elsdoc - INFO - Module loaded.
2024-09-14 20:21:40,326 - elsapy.elssearch - INFO - Module loaded.
2024-09-14 20:23:37,943 - elsapy.elsclient - INFO - Module loaded.
2024-09-14 20:23:37,945 - elsapy.elsentity - INFO - Module loaded.
2024-09-14 20:23:37,945 - elsapy.utils - INFO - Module loaded.
2024-09-14 20:23:37,945 - elsapy.elsprofile - INFO - Module loaded.
2024-09-14 20:23:37,946 - elsapy.elsdoc - INFO - Module loaded.
2024-09-14 20:23:37,947 - elsapy.elssearch - INFO - Module loaded.
2024-09-14 20:24:08,555 - elsapy.elsclient - INFO - Module loaded.
2024-09-14 20:24:08,557 - elsapy.elsentity - INFO - Module loaded.
2024-09-14 20:24:08,557 - elsapy.utils - INFO - Module loaded.
2024-09-14 20:24:08,557 - elsapy.elsprofile - INFO - Module loaded.
2024-09-14 20:24:08,558 - elsapy.elsdoc - INFO - Module loaded.
2024-09-14 20:24:08,559 - elsapy.elssearch - INFO - Module loaded.
2024-09-14 20:26:46,025 - elsapy.elsclient - INFO - Module loaded.
2024-09-14 20:26:46,026 - elsapy.elsentity - INFO - Module loaded.
2024-09-14 20:26:46,026 - elsapy.utils - INFO - Module loaded.
2024-09-14 20:26:46,027 - elsapy.elsprofile - INFO - Module loaded.
2024-09-14 20:26:46,027 - elsapy.elsdoc - INFO - Module loaded.
2024-09-14 20:26:46,028 - elsapy.elssearch - INFO - Module loaded.
2024-09-14 20:29:59,816 - elsapy.elsclient - INFO - Module loaded.
2024-09-14 20:29:59,817 - elsapy.elsentity - INFO - Module loaded.
2024-09-14 20:29:59,817 - elsapy.utils - INFO - Module loaded.
2024-09-14 20:29:59,818 - elsapy.elsprofile - INFO - Module loaded.
2024-09-14 20:29:59,818 - elsapy.elsdoc - INFO - Module loaded.
2024-09-14 20:29:59,819 - elsapy.elssearch - INFO - Module loaded.
2024-09-14 20:33:16,737 - elsapy.elsclient - INFO - Module loaded.
2024-09-14 20:33:16,738 - elsapy.elsentity - INFO - Module loaded.
2024-09-14 20:33:16,739 - elsapy.utils - INFO - Module loaded.
2024-09-14 20:33:16,739 - elsapy.elsprofile - INFO - Module loaded.
2024-09-14 20:33:16,740 - elsapy.elsdoc - INFO - Module loaded.
2024-09-14 20:33:16,740 - elsapy.elssearch - INFO - Module loaded.
2024-09-14 20:35:35,625 - elsapy.elsclient - INFO - Module loaded.
2024-09-14 20:35:35,626 - elsapy.elsentity - INFO - Module loaded.
2024-09-14 20:35:35,626 - elsapy.utils - INFO - Module loaded.
2024-09-14 20:35:35,627 - elsapy.elsprofile - INFO - Module loaded.
2024-09-14 20:35:35,627 - elsapy.elsdoc - INFO - Module loaded.
2024-09-14 20:35:35,628 - elsapy.elssearch - INFO - Module loaded.
2024-09-14 20:36:58,721 - elsapy.elsclient - INFO - Module loaded.
2024-09-14 20:36:58,722 - elsapy.elsentity - INFO - Module loaded.
2024-09-14 20:36:58,723 - elsapy.utils - INFO - Module loaded.
2024-09-14 20:36:58,723 - elsapy.elsprofile - INFO - Module loaded.
2024-09-14 20:36:58,724 - elsapy.elsdoc - INFO - Module loaded.
2024-09-14 20:36:58,724 - elsapy.elssearch - INFO - Module loaded.
2024-09-14 20:38:03,301 - elsapy.elsclient - INFO - Module loaded.
2024-09-14 20:38:03,302 - elsapy.elsentity - INFO - Module loaded.
2024-09-14 20:38:03,302 - elsapy.utils - INFO - Module loaded.
2024-09-14 20:38:03,303 - elsapy.elsprofile - INFO - Module loaded.
2024-09-14 20:38:03,303 - elsapy.elsdoc - INFO - Module loaded.
2024-09-14 20:38:03,304 - elsapy.elssearch - INFO - Module loaded.
2024-09-14 20:39:16,369 - elsapy.elsclient - INFO - Module loaded.
2024-09-14 20:39:16,370 - elsapy.elsentity - INFO - Module loaded.
2024-09-14 20:39:16,371 - elsapy.utils - INFO - Module loaded.
2024-09-14 20:39:16,371 - elsapy.elsprofile - INFO - Module loaded.
2024-09-14 20:39:16,372 - elsapy.elsdoc - INFO - Module loaded.
2024-09-14 20:39:16,373 - elsapy.elssearch - INFO - Module loaded.
2024-09-14 20:42:55,346 - elsapy.elsclient - INFO - Module loaded.
2024-09-14 20:42:55,347 - elsapy.elsentity - INFO - Module loaded.
2024-09-14 20:42:55,348 - elsapy.utils - INFO - Module loaded.
2024-09-14 20:42:55,348 - elsapy.elsprofile - INFO - Module loaded.
2024-09-14 20:42:55,349 - elsapy.elsdoc - INFO - Module loaded.
2024-09-14 20:42:55,350 - elsapy.elssearch - INFO - Module loaded.
2024-09-14 20:44:09,531 - elsapy.elsclient - INFO - Module loaded.
2024-09-14 20:44:09,533 - elsapy.elsentity - INFO - Module loaded.
2024-09-14 20:44:09,534 - elsapy.utils - INFO - Module loaded.
2024-09-14 20:44:09,534 - elsapy.elsprofile - INFO - Module loaded.
2024-09-14 20:44:09,535 - elsapy.elsdoc - INFO - Module loaded.
2024-09-14 20:44:09,536 - elsapy.elssearch - INFO - Module loaded.
2024-09-14 20:46:42,696 - elsapy.elsclient - INFO - Module loaded.
2024-09-14 20:46:42,697 - elsapy.elsentity - INFO - Module loaded.
2024-09-14 20:46:42,698 - elsapy.utils - INFO - Module loaded.
2024-09-14 20:46:42,698 - elsapy.elsprofile - INFO - Module loaded.
2024-09-14 20:46:42,699 - elsapy.elsdoc - INFO - Module loaded.
2024-09-14 20:46:42,700 - elsapy.elssearch - INFO - Module loaded.
2024-09-14 23:00:48,173 - elsapy.elsclient - INFO - Module loaded.
2024-09-14 23:00:48,174 - elsapy.elsentity - INFO - Module loaded.
2024-09-14 23:00:48,175 - elsapy.utils - INFO - Module loaded.
2024-09-14 23:00:48,175 - elsapy.elsprofile - INFO - Module loaded.
2024-09-14 23:00:48,176 - elsapy.elsdoc - INFO - Module loaded.
2024-09-14 23:00:48,177 - elsapy.elssearch - INFO - Module loaded.
2024-09-14 23:11:36,606 - elsapy.elsclient - INFO - Module loaded.
2024-09-14 23:11:36,607 - elsapy.elsentity - INFO - Module loaded.
2024-09-14 23:11:36,608 - elsapy.utils - INFO - Module loaded.
2024-09-14 23:11:36,608 - elsapy.elsprofile - INFO - Module loaded.
2024-09-14 23:11:36,609 - elsapy.elsdoc - INFO - Module loaded.
2024-09-14 23:11:36,610 - elsapy.elssearch - INFO - Module loaded.
2024-09-14 23:17:14,004 - elsapy.elsclient - INFO - Module loaded.
2024-09-14 23:17:14,005 - elsapy.elsentity - INFO - Module loaded.
2024-09-14 23:17:14,006 - elsapy.utils - INFO - Module loaded.
2024-09-14 23:17:14,006 - elsapy.elsprofile - INFO - Module loaded.
2024-09-14 23:17:14,007 - elsapy.elsdoc - INFO - Module loaded.
2024-09-14 23:17:14,007 - elsapy.elssearch - INFO - Module loaded.
2024-09-14 23:24:31,089 - elsapy.elsclient - INFO - Module loaded.
2024-09-14 23:24:31,090 - elsapy.elsentity - INFO - Module loaded.
2024-09-14 23:24:31,090 - elsapy.utils - INFO - Module loaded.
2024-09-14 23:24:31,091 - elsapy.elsprofile - INFO - Module loaded.
2024-09-14 23:24:31,091 - elsapy.elsdoc - INFO - Module loaded.
2024-09-14 23:24:31,093 - elsapy.elssearch - INFO - Module loaded.
2024-09-14 23:31:10,768 - elsapy.elsclient - INFO - Module loaded.
2024-09-14 23:31:10,769 - elsapy.elsentity - INFO - Module loaded.
2024-09-14 23:31:10,770 - elsapy.utils - INFO - Module loaded.
2024-09-14 23:31:10,770 - elsapy.elsprofile - INFO - Module loaded.
2024-09-14 23:31:10,771 - elsapy.elsdoc - INFO - Module loaded.
2024-09-14 23:31:10,771 - elsapy.elssearch - INFO - Module loaded.
2024-09-14 23:34:31,996 - elsapy.elsclient - INFO - Module loaded.
2024-09-14 23:34:31,997 - elsapy.elsentity - INFO - Module loaded.
2024-09-14 23:34:31,997 - elsapy.utils - INFO - Module loaded.
2024-09-14 23:34:31,997 - elsapy.elsprofile - INFO - Module loaded.
2024-09-14 23:34:31,998 - elsapy.elsdoc - INFO - Module loaded.
2024-09-14 23:34:31,999 - elsapy.elssearch - INFO - Module loaded.
2024-09-14 23:44:21,108 - elsapy.elsclient - INFO - Module loaded.
2024-09-14 23:44:21,109 - elsapy.elsentity - INFO - Module loaded.
2024-09-14 23:44:21,110 - elsapy.utils - INFO - Module loaded.
2024-09-14 23:44:21,110 - elsapy.elsprofile - INFO - Module loaded.
2024-09-14 23:44:21,111 - elsapy.elsdoc - INFO - Module loaded.
2024-09-14 23:44:21,112 - elsapy.elssearch - INFO - Module loaded.
2024-09-14 23:54:34,347 - elsapy.elsclient - INFO - Module loaded.
2024-09-14 23:54:34,348 - elsapy.elsentity - INFO - Module loaded.
2024-09-14 23:54:34,349 - elsapy.utils - INFO - Module loaded.
2024-09-14 23:54:34,349 - elsapy.elsprofile - INFO - Module loaded.
2024-09-14 23:54:34,350 - elsapy.elsdoc - INFO - Module loaded.
2024-09-14 23:54:34,350 - elsapy.elssearch - INFO - Module loaded.
2024-09-14 23:58:46,684 - elsapy.elsclient - INFO - Module loaded.
2024-09-14 23:58:46,685 - elsapy.elsentity - INFO - Module loaded.
2024-09-14 23:58:46,685 - elsapy.utils - INFO - Module loaded.
2024-09-14 23:58:46,686 - elsapy.elsprofile - INFO - Module loaded.
2024-09-14 23:58:46,686 - elsapy.elsdoc - INFO - Module loaded.
2024-09-14 23:58:46,687 - elsapy.elssearch - INFO - Module loaded.
