2024-04-26 17:27:30,210 - elsapy.elsclient - INFO - Module loaded.
2024-04-26 17:27:30,212 - elsapy.elsentity - INFO - Module loaded.
2024-04-26 17:27:30,213 - elsapy.utils - INFO - Module loaded.
2024-04-26 17:27:30,213 - elsapy.elsprofile - INFO - Module loaded.
2024-04-26 17:27:30,214 - elsapy.elsdoc - INFO - Module loaded.
2024-04-26 17:27:30,215 - elsapy.elssearch - INFO - Module loaded.
2024-04-26 17:27:41,770 - elsapy.elsclient - INFO - Module loaded.
2024-04-26 17:27:41,771 - elsapy.elsentity - INFO - Module loaded.
2024-04-26 17:27:41,772 - elsapy.utils - INFO - Module loaded.
2024-04-26 17:27:41,772 - elsapy.elsprofile - INFO - Module loaded.
2024-04-26 17:27:41,773 - elsapy.elsdoc - INFO - Module loaded.
2024-04-26 17:27:41,775 - elsapy.elssearch - INFO - Module loaded.
2024-04-26 17:48:34,971 - elsapy.elsclient - INFO - Module loaded.
2024-04-26 17:48:34,973 - elsapy.elsentity - INFO - Module loaded.
2024-04-26 17:48:34,973 - elsapy.utils - INFO - Module loaded.
2024-04-26 17:48:34,973 - elsapy.elsprofile - INFO - Module loaded.
2024-04-26 17:48:34,974 - elsapy.elsdoc - INFO - Module loaded.
2024-04-26 17:48:34,975 - elsapy.elssearch - INFO - Module loaded.
2024-04-26 17:49:03,237 - elsapy.elsclient - INFO - Module loaded.
2024-04-26 17:49:03,238 - elsapy.elsentity - INFO - Module loaded.
2024-04-26 17:49:03,239 - elsapy.utils - INFO - Module loaded.
2024-04-26 17:49:03,239 - elsapy.elsprofile - INFO - Module loaded.
2024-04-26 17:49:03,240 - elsapy.elsdoc - INFO - Module loaded.
2024-04-26 17:49:03,240 - elsapy.elssearch - INFO - Module loaded.
2024-04-26 18:09:27,868 - elsapy.elsclient - INFO - Module loaded.
2024-04-26 18:09:27,869 - elsapy.elsentity - INFO - Module loaded.
2024-04-26 18:09:27,870 - elsapy.utils - INFO - Module loaded.
2024-04-26 18:09:27,870 - elsapy.elsprofile - INFO - Module loaded.
2024-04-26 18:09:27,871 - elsapy.elsdoc - INFO - Module loaded.
2024-04-26 18:09:27,872 - elsapy.elssearch - INFO - Module loaded.
2024-04-26 22:34:25,129 - elsapy.elsclient - INFO - Module loaded.
2024-04-26 22:34:25,131 - elsapy.elsentity - INFO - Module loaded.
2024-04-26 22:34:25,131 - elsapy.utils - INFO - Module loaded.
2024-04-26 22:34:25,131 - elsapy.elsprofile - INFO - Module loaded.
2024-04-26 22:34:25,132 - elsapy.elsdoc - INFO - Module loaded.
2024-04-26 22:34:25,133 - elsapy.elssearch - INFO - Module loaded.
