2024-04-25 10:46:28,471 - elsapy.elsclient - INFO - Module loaded.
2024-04-25 10:46:28,473 - elsapy.elsentity - INFO - Module loaded.
2024-04-25 10:46:28,474 - elsapy.utils - INFO - Module loaded.
2024-04-25 10:46:28,474 - elsapy.elsprofile - INFO - Module loaded.
2024-04-25 10:46:28,475 - elsapy.elsdoc - INFO - Module loaded.
2024-04-25 10:46:28,476 - elsapy.elssearch - INFO - Module loaded.
2024-04-25 10:53:06,909 - elsapy.elsclient - INFO - Module loaded.
2024-04-25 10:53:06,910 - elsapy.elsentity - INFO - Module loaded.
2024-04-25 10:53:06,911 - elsapy.utils - INFO - Module loaded.
2024-04-25 10:53:06,911 - elsapy.elsprofile - INFO - Module loaded.
2024-04-25 10:53:06,912 - elsapy.elsdoc - INFO - Module loaded.
2024-04-25 10:53:06,913 - elsapy.elssearch - INFO - Module loaded.
2024-04-25 10:53:43,132 - elsapy.elsclient - INFO - Module loaded.
2024-04-25 10:53:43,133 - elsapy.elsentity - INFO - Module loaded.
2024-04-25 10:53:43,133 - elsapy.utils - INFO - Module loaded.
2024-04-25 10:53:43,134 - elsapy.elsprofile - INFO - Module loaded.
2024-04-25 10:53:43,134 - elsapy.elsdoc - INFO - Module loaded.
2024-04-25 10:53:43,135 - elsapy.elssearch - INFO - Module loaded.
2024-04-25 10:56:44,466 - elsapy.elsclient - INFO - Module loaded.
2024-04-25 10:56:44,467 - elsapy.elsentity - INFO - Module loaded.
2024-04-25 10:56:44,467 - elsapy.utils - INFO - Module loaded.
2024-04-25 10:56:44,468 - elsapy.elsprofile - INFO - Module loaded.
2024-04-25 10:56:44,468 - elsapy.elsdoc - INFO - Module loaded.
2024-04-25 10:56:44,469 - elsapy.elssearch - INFO - Module loaded.
2024-04-25 10:58:15,273 - elsapy.elsclient - INFO - Module loaded.
2024-04-25 10:58:15,274 - elsapy.elsentity - INFO - Module loaded.
2024-04-25 10:58:15,274 - elsapy.utils - INFO - Module loaded.
2024-04-25 10:58:15,275 - elsapy.elsprofile - INFO - Module loaded.
2024-04-25 10:58:15,275 - elsapy.elsdoc - INFO - Module loaded.
2024-04-25 10:58:15,276 - elsapy.elssearch - INFO - Module loaded.
2024-04-25 11:00:46,101 - elsapy.elsclient - INFO - Module loaded.
2024-04-25 11:00:46,102 - elsapy.elsentity - INFO - Module loaded.
2024-04-25 11:00:46,103 - elsapy.utils - INFO - Module loaded.
2024-04-25 11:00:46,103 - elsapy.elsprofile - INFO - Module loaded.
2024-04-25 11:00:46,103 - elsapy.elsdoc - INFO - Module loaded.
2024-04-25 11:00:46,104 - elsapy.elssearch - INFO - Module loaded.
2024-04-25 11:03:59,535 - elsapy.elsclient - INFO - Module loaded.
2024-04-25 11:03:59,536 - elsapy.elsentity - INFO - Module loaded.
2024-04-25 11:03:59,537 - elsapy.utils - INFO - Module loaded.
2024-04-25 11:03:59,537 - elsapy.elsprofile - INFO - Module loaded.
2024-04-25 11:03:59,538 - elsapy.elsdoc - INFO - Module loaded.
2024-04-25 11:03:59,539 - elsapy.elssearch - INFO - Module loaded.
2024-04-25 11:20:21,916 - elsapy.elsclient - INFO - Module loaded.
2024-04-25 11:20:21,917 - elsapy.elsentity - INFO - Module loaded.
2024-04-25 11:20:21,918 - elsapy.utils - INFO - Module loaded.
2024-04-25 11:20:21,918 - elsapy.elsprofile - INFO - Module loaded.
2024-04-25 11:20:21,919 - elsapy.elsdoc - INFO - Module loaded.
2024-04-25 11:20:21,920 - elsapy.elssearch - INFO - Module loaded.
2024-04-25 11:21:01,989 - elsapy.elsclient - INFO - Module loaded.
2024-04-25 11:21:01,990 - elsapy.elsentity - INFO - Module loaded.
2024-04-25 11:21:01,990 - elsapy.utils - INFO - Module loaded.
2024-04-25 11:21:01,991 - elsapy.elsprofile - INFO - Module loaded.
2024-04-25 11:21:01,991 - elsapy.elsdoc - INFO - Module loaded.
2024-04-25 11:21:01,992 - elsapy.elssearch - INFO - Module loaded.
2024-04-25 11:21:37,614 - elsapy.elsclient - INFO - Module loaded.
2024-04-25 11:21:37,615 - elsapy.elsentity - INFO - Module loaded.
2024-04-25 11:21:37,616 - elsapy.utils - INFO - Module loaded.
2024-04-25 11:21:37,616 - elsapy.elsprofile - INFO - Module loaded.
2024-04-25 11:21:37,617 - elsapy.elsdoc - INFO - Module loaded.
2024-04-25 11:21:37,617 - elsapy.elssearch - INFO - Module loaded.
2024-04-25 11:25:43,201 - elsapy.elsclient - INFO - Module loaded.
2024-04-25 11:25:43,203 - elsapy.elsentity - INFO - Module loaded.
2024-04-25 11:25:43,203 - elsapy.utils - INFO - Module loaded.
2024-04-25 11:25:43,203 - elsapy.elsprofile - INFO - Module loaded.
2024-04-25 11:25:43,204 - elsapy.elsdoc - INFO - Module loaded.
2024-04-25 11:25:43,205 - elsapy.elssearch - INFO - Module loaded.
2024-04-25 11:26:03,219 - elsapy.elsclient - INFO - Module loaded.
2024-04-25 11:26:03,220 - elsapy.elsentity - INFO - Module loaded.
2024-04-25 11:26:03,220 - elsapy.utils - INFO - Module loaded.
2024-04-25 11:26:03,221 - elsapy.elsprofile - INFO - Module loaded.
2024-04-25 11:26:03,221 - elsapy.elsdoc - INFO - Module loaded.
2024-04-25 11:26:03,222 - elsapy.elssearch - INFO - Module loaded.
2024-04-25 11:30:34,034 - elsapy.elsclient - INFO - Module loaded.
2024-04-25 11:30:34,035 - elsapy.elsentity - INFO - Module loaded.
2024-04-25 11:30:34,036 - elsapy.utils - INFO - Module loaded.
2024-04-25 11:30:34,036 - elsapy.elsprofile - INFO - Module loaded.
2024-04-25 11:30:34,037 - elsapy.elsdoc - INFO - Module loaded.
2024-04-25 11:30:34,037 - elsapy.elssearch - INFO - Module loaded.
2024-04-25 11:34:03,368 - elsapy.elsclient - INFO - Module loaded.
2024-04-25 11:34:03,370 - elsapy.elsentity - INFO - Module loaded.
2024-04-25 11:34:03,371 - elsapy.utils - INFO - Module loaded.
2024-04-25 11:34:03,371 - elsapy.elsprofile - INFO - Module loaded.
2024-04-25 11:34:03,372 - elsapy.elsdoc - INFO - Module loaded.
2024-04-25 11:34:03,373 - elsapy.elssearch - INFO - Module loaded.
2024-04-25 11:34:42,538 - elsapy.elsclient - INFO - Module loaded.
2024-04-25 11:34:42,539 - elsapy.elsentity - INFO - Module loaded.
2024-04-25 11:34:42,540 - elsapy.utils - INFO - Module loaded.
2024-04-25 11:34:42,540 - elsapy.elsprofile - INFO - Module loaded.
2024-04-25 11:34:42,541 - elsapy.elsdoc - INFO - Module loaded.
2024-04-25 11:34:42,541 - elsapy.elssearch - INFO - Module loaded.
2024-04-25 11:43:21,396 - elsapy.elsclient - INFO - Module loaded.
2024-04-25 11:43:21,397 - elsapy.elsentity - INFO - Module loaded.
2024-04-25 11:43:21,398 - elsapy.utils - INFO - Module loaded.
2024-04-25 11:43:21,398 - elsapy.elsprofile - INFO - Module loaded.
2024-04-25 11:43:21,399 - elsapy.elsdoc - INFO - Module loaded.
2024-04-25 11:43:21,399 - elsapy.elssearch - INFO - Module loaded.
2024-04-25 12:34:05,232 - elsapy.elsclient - INFO - Module loaded.
2024-04-25 12:34:05,233 - elsapy.elsentity - INFO - Module loaded.
2024-04-25 12:34:05,234 - elsapy.utils - INFO - Module loaded.
2024-04-25 12:34:05,234 - elsapy.elsprofile - INFO - Module loaded.
2024-04-25 12:34:05,235 - elsapy.elsdoc - INFO - Module loaded.
2024-04-25 12:34:05,235 - elsapy.elssearch - INFO - Module loaded.
2024-04-25 12:56:08,907 - elsapy.elsclient - INFO - Module loaded.
2024-04-25 12:56:08,908 - elsapy.elsentity - INFO - Module loaded.
2024-04-25 12:56:08,909 - elsapy.utils - INFO - Module loaded.
2024-04-25 12:56:08,909 - elsapy.elsprofile - INFO - Module loaded.
2024-04-25 12:56:08,910 - elsapy.elsdoc - INFO - Module loaded.
2024-04-25 12:56:08,910 - elsapy.elssearch - INFO - Module loaded.
2024-04-25 12:57:25,099 - elsapy.elsclient - INFO - Module loaded.
2024-04-25 12:57:25,100 - elsapy.elsentity - INFO - Module loaded.
2024-04-25 12:57:25,101 - elsapy.utils - INFO - Module loaded.
2024-04-25 12:57:25,101 - elsapy.elsprofile - INFO - Module loaded.
2024-04-25 12:57:25,102 - elsapy.elsdoc - INFO - Module loaded.
2024-04-25 12:57:25,102 - elsapy.elssearch - INFO - Module loaded.
2024-04-25 12:57:33,241 - elsapy.elsclient - INFO - Module loaded.
2024-04-25 12:57:33,242 - elsapy.elsentity - INFO - Module loaded.
2024-04-25 12:57:33,243 - elsapy.utils - INFO - Module loaded.
2024-04-25 12:57:33,243 - elsapy.elsprofile - INFO - Module loaded.
2024-04-25 12:57:33,244 - elsapy.elsdoc - INFO - Module loaded.
2024-04-25 12:57:33,245 - elsapy.elssearch - INFO - Module loaded.
2024-04-25 12:57:59,971 - elsapy.elsclient - INFO - Module loaded.
2024-04-25 12:57:59,972 - elsapy.elsentity - INFO - Module loaded.
2024-04-25 12:57:59,972 - elsapy.utils - INFO - Module loaded.
2024-04-25 12:57:59,972 - elsapy.elsprofile - INFO - Module loaded.
2024-04-25 12:57:59,973 - elsapy.elsdoc - INFO - Module loaded.
2024-04-25 12:57:59,974 - elsapy.elssearch - INFO - Module loaded.
2024-04-25 12:58:25,328 - elsapy.elsclient - INFO - Module loaded.
2024-04-25 12:58:25,329 - elsapy.elsentity - INFO - Module loaded.
2024-04-25 12:58:25,330 - elsapy.utils - INFO - Module loaded.
2024-04-25 12:58:25,330 - elsapy.elsprofile - INFO - Module loaded.
2024-04-25 12:58:25,331 - elsapy.elsdoc - INFO - Module loaded.
2024-04-25 12:58:25,332 - elsapy.elssearch - INFO - Module loaded.
2024-04-25 13:01:24,306 - elsapy.elsclient - INFO - Module loaded.
2024-04-25 13:01:24,307 - elsapy.elsentity - INFO - Module loaded.
2024-04-25 13:01:24,307 - elsapy.utils - INFO - Module loaded.
2024-04-25 13:01:24,308 - elsapy.elsprofile - INFO - Module loaded.
2024-04-25 13:01:24,308 - elsapy.elsdoc - INFO - Module loaded.
2024-04-25 13:01:24,309 - elsapy.elssearch - INFO - Module loaded.
2024-04-25 13:02:24,389 - elsapy.elsclient - INFO - Module loaded.
2024-04-25 13:02:24,390 - elsapy.elsentity - INFO - Module loaded.
2024-04-25 13:02:24,391 - elsapy.utils - INFO - Module loaded.
2024-04-25 13:02:24,391 - elsapy.elsprofile - INFO - Module loaded.
2024-04-25 13:02:24,392 - elsapy.elsdoc - INFO - Module loaded.
2024-04-25 13:02:24,392 - elsapy.elssearch - INFO - Module loaded.
2024-04-25 13:02:34,340 - elsapy.elsclient - INFO - Module loaded.
2024-04-25 13:02:34,341 - elsapy.elsentity - INFO - Module loaded.
2024-04-25 13:02:34,342 - elsapy.utils - INFO - Module loaded.
2024-04-25 13:02:34,342 - elsapy.elsprofile - INFO - Module loaded.
2024-04-25 13:02:34,343 - elsapy.elsdoc - INFO - Module loaded.
2024-04-25 13:02:34,344 - elsapy.elssearch - INFO - Module loaded.
2024-04-25 13:04:31,318 - elsapy.elsclient - INFO - Module loaded.
2024-04-25 13:04:31,319 - elsapy.elsentity - INFO - Module loaded.
2024-04-25 13:04:31,320 - elsapy.utils - INFO - Module loaded.
2024-04-25 13:04:31,320 - elsapy.elsprofile - INFO - Module loaded.
2024-04-25 13:04:31,321 - elsapy.elsdoc - INFO - Module loaded.
2024-04-25 13:04:31,321 - elsapy.elssearch - INFO - Module loaded.
2024-04-25 13:04:51,037 - elsapy.elsclient - INFO - Module loaded.
2024-04-25 13:04:51,038 - elsapy.elsentity - INFO - Module loaded.
2024-04-25 13:04:51,039 - elsapy.utils - INFO - Module loaded.
2024-04-25 13:04:51,039 - elsapy.elsprofile - INFO - Module loaded.
2024-04-25 13:04:51,040 - elsapy.elsdoc - INFO - Module loaded.
2024-04-25 13:04:51,041 - elsapy.elssearch - INFO - Module loaded.
2024-04-25 13:08:23,275 - elsapy.elsclient - INFO - Module loaded.
2024-04-25 13:08:23,276 - elsapy.elsentity - INFO - Module loaded.
2024-04-25 13:08:23,277 - elsapy.utils - INFO - Module loaded.
2024-04-25 13:08:23,277 - elsapy.elsprofile - INFO - Module loaded.
2024-04-25 13:08:23,278 - elsapy.elsdoc - INFO - Module loaded.
2024-04-25 13:08:23,278 - elsapy.elssearch - INFO - Module loaded.
2024-04-25 14:10:44,426 - elsapy.elsclient - INFO - Module loaded.
2024-04-25 14:10:44,429 - elsapy.elsentity - INFO - Module loaded.
2024-04-25 14:10:44,430 - elsapy.utils - INFO - Module loaded.
2024-04-25 14:10:44,430 - elsapy.elsprofile - INFO - Module loaded.
2024-04-25 14:10:44,431 - elsapy.elsdoc - INFO - Module loaded.
2024-04-25 14:10:44,433 - elsapy.elssearch - INFO - Module loaded.
2024-04-25 14:14:39,590 - elsapy.elsclient - INFO - Module loaded.
2024-04-25 14:14:39,592 - elsapy.elsentity - INFO - Module loaded.
2024-04-25 14:14:39,593 - elsapy.utils - INFO - Module loaded.
2024-04-25 14:14:39,593 - elsapy.elsprofile - INFO - Module loaded.
2024-04-25 14:14:39,594 - elsapy.elsdoc - INFO - Module loaded.
2024-04-25 14:14:39,595 - elsapy.elssearch - INFO - Module loaded.
2024-04-25 14:17:52,933 - elsapy.elsclient - INFO - Module loaded.
2024-04-25 14:17:52,934 - elsapy.elsentity - INFO - Module loaded.
2024-04-25 14:17:52,934 - elsapy.utils - INFO - Module loaded.
2024-04-25 14:17:52,935 - elsapy.elsprofile - INFO - Module loaded.
2024-04-25 14:17:52,935 - elsapy.elsdoc - INFO - Module loaded.
2024-04-25 14:17:52,936 - elsapy.elssearch - INFO - Module loaded.
2024-04-25 14:24:44,876 - elsapy.elsclient - INFO - Module loaded.
2024-04-25 14:24:44,878 - elsapy.elsentity - INFO - Module loaded.
2024-04-25 14:24:44,879 - elsapy.utils - INFO - Module loaded.
2024-04-25 14:24:44,879 - elsapy.elsprofile - INFO - Module loaded.
2024-04-25 14:24:44,880 - elsapy.elsdoc - INFO - Module loaded.
2024-04-25 14:24:44,881 - elsapy.elssearch - INFO - Module loaded.
2024-04-25 15:14:48,499 - elsapy.elsclient - INFO - Module loaded.
2024-04-25 15:14:48,501 - elsapy.elsentity - INFO - Module loaded.
2024-04-25 15:14:48,502 - elsapy.utils - INFO - Module loaded.
2024-04-25 15:14:48,502 - elsapy.elsprofile - INFO - Module loaded.
2024-04-25 15:14:48,503 - elsapy.elsdoc - INFO - Module loaded.
2024-04-25 15:14:48,504 - elsapy.elssearch - INFO - Module loaded.
2024-04-25 15:17:03,582 - elsapy.elsclient - INFO - Module loaded.
2024-04-25 15:17:03,583 - elsapy.elsentity - INFO - Module loaded.
2024-04-25 15:17:03,583 - elsapy.utils - INFO - Module loaded.
2024-04-25 15:17:03,583 - elsapy.elsprofile - INFO - Module loaded.
2024-04-25 15:17:03,584 - elsapy.elsdoc - INFO - Module loaded.
2024-04-25 15:17:03,585 - elsapy.elssearch - INFO - Module loaded.
2024-04-25 16:33:41,005 - elsapy.elsclient - INFO - Module loaded.
2024-04-25 16:33:41,007 - elsapy.elsentity - INFO - Module loaded.
2024-04-25 16:33:41,008 - elsapy.utils - INFO - Module loaded.
2024-04-25 16:33:41,009 - elsapy.elsprofile - INFO - Module loaded.
2024-04-25 16:33:41,010 - elsapy.elsdoc - INFO - Module loaded.
2024-04-25 16:33:41,011 - elsapy.elssearch - INFO - Module loaded.
2024-04-25 16:39:41,465 - elsapy.elsclient - INFO - Module loaded.
2024-04-25 16:39:41,466 - elsapy.elsentity - INFO - Module loaded.
2024-04-25 16:39:41,467 - elsapy.utils - INFO - Module loaded.
2024-04-25 16:39:41,467 - elsapy.elsprofile - INFO - Module loaded.
2024-04-25 16:39:41,467 - elsapy.elsdoc - INFO - Module loaded.
2024-04-25 16:39:41,468 - elsapy.elssearch - INFO - Module loaded.
