2024-08-01 00:02:35,312 - elsapy.elsclient - INFO - Module loaded.
2024-08-01 00:02:35,313 - elsapy.elsentity - INFO - Module loaded.
2024-08-01 00:02:35,314 - elsapy.utils - INFO - Module loaded.
2024-08-01 00:02:35,314 - elsapy.elsprofile - INFO - Module loaded.
2024-08-01 00:02:35,315 - elsapy.elsdoc - INFO - Module loaded.
2024-08-01 00:02:35,316 - elsapy.elssearch - INFO - Module loaded.
2024-08-01 08:42:13,041 - elsapy.elsclient - INFO - Module loaded.
2024-08-01 08:42:13,042 - elsapy.elsentity - INFO - Module loaded.
2024-08-01 08:42:13,043 - elsapy.utils - INFO - Module loaded.
2024-08-01 08:42:13,043 - elsapy.elsprofile - INFO - Module loaded.
2024-08-01 08:42:13,044 - elsapy.elsdoc - INFO - Module loaded.
2024-08-01 08:42:13,046 - elsapy.elssearch - INFO - Module loaded.
2024-08-01 09:15:05,921 - elsapy.elsclient - INFO - Module loaded.
2024-08-01 09:15:05,922 - elsapy.elsentity - INFO - Module loaded.
2024-08-01 09:15:05,923 - elsapy.utils - INFO - Module loaded.
2024-08-01 09:15:05,923 - elsapy.elsprofile - INFO - Module loaded.
2024-08-01 09:15:05,924 - elsapy.elsdoc - INFO - Module loaded.
2024-08-01 09:15:05,925 - elsapy.elssearch - INFO - Module loaded.
2024-08-01 09:15:32,600 - elsapy.elsclient - INFO - Module loaded.
2024-08-01 09:15:32,601 - elsapy.elsentity - INFO - Module loaded.
2024-08-01 09:15:32,602 - elsapy.utils - INFO - Module loaded.
2024-08-01 09:15:32,602 - elsapy.elsprofile - INFO - Module loaded.
2024-08-01 09:15:32,603 - elsapy.elsdoc - INFO - Module loaded.
2024-08-01 09:15:32,604 - elsapy.elssearch - INFO - Module loaded.
2024-08-01 09:17:15,522 - elsapy.elsclient - INFO - Module loaded.
2024-08-01 09:17:15,524 - elsapy.elsentity - INFO - Module loaded.
2024-08-01 09:17:15,524 - elsapy.utils - INFO - Module loaded.
2024-08-01 09:17:15,525 - elsapy.elsprofile - INFO - Module loaded.
2024-08-01 09:17:15,525 - elsapy.elsdoc - INFO - Module loaded.
2024-08-01 09:17:15,526 - elsapy.elssearch - INFO - Module loaded.
2024-08-01 09:17:55,881 - elsapy.elsclient - INFO - Module loaded.
2024-08-01 09:17:55,882 - elsapy.elsentity - INFO - Module loaded.
2024-08-01 09:17:55,883 - elsapy.utils - INFO - Module loaded.
2024-08-01 09:17:55,883 - elsapy.elsprofile - INFO - Module loaded.
2024-08-01 09:17:55,884 - elsapy.elsdoc - INFO - Module loaded.
2024-08-01 09:17:55,884 - elsapy.elssearch - INFO - Module loaded.
2024-08-01 09:19:16,907 - elsapy.elsclient - INFO - Module loaded.
2024-08-01 09:19:16,908 - elsapy.elsentity - INFO - Module loaded.
2024-08-01 09:19:16,909 - elsapy.utils - INFO - Module loaded.
2024-08-01 09:19:16,909 - elsapy.elsprofile - INFO - Module loaded.
2024-08-01 09:19:16,910 - elsapy.elsdoc - INFO - Module loaded.
2024-08-01 09:19:16,910 - elsapy.elssearch - INFO - Module loaded.
2024-08-01 09:19:50,878 - elsapy.elsclient - INFO - Module loaded.
2024-08-01 09:19:50,880 - elsapy.elsentity - INFO - Module loaded.
2024-08-01 09:19:50,880 - elsapy.utils - INFO - Module loaded.
2024-08-01 09:19:50,881 - elsapy.elsprofile - INFO - Module loaded.
2024-08-01 09:19:50,881 - elsapy.elsdoc - INFO - Module loaded.
2024-08-01 09:19:50,882 - elsapy.elssearch - INFO - Module loaded.
2024-08-01 09:20:13,791 - elsapy.elsclient - INFO - Module loaded.
2024-08-01 09:20:13,792 - elsapy.elsentity - INFO - Module loaded.
2024-08-01 09:20:13,793 - elsapy.utils - INFO - Module loaded.
2024-08-01 09:20:13,793 - elsapy.elsprofile - INFO - Module loaded.
2024-08-01 09:20:13,794 - elsapy.elsdoc - INFO - Module loaded.
2024-08-01 09:20:13,794 - elsapy.elssearch - INFO - Module loaded.
2024-08-01 09:20:31,067 - elsapy.elsclient - INFO - Module loaded.
2024-08-01 09:20:31,068 - elsapy.elsentity - INFO - Module loaded.
2024-08-01 09:20:31,069 - elsapy.utils - INFO - Module loaded.
2024-08-01 09:20:31,069 - elsapy.elsprofile - INFO - Module loaded.
2024-08-01 09:20:31,070 - elsapy.elsdoc - INFO - Module loaded.
2024-08-01 09:20:31,071 - elsapy.elssearch - INFO - Module loaded.
2024-08-01 09:21:02,342 - elsapy.elsclient - INFO - Module loaded.
2024-08-01 09:21:02,343 - elsapy.elsentity - INFO - Module loaded.
2024-08-01 09:21:02,343 - elsapy.utils - INFO - Module loaded.
2024-08-01 09:21:02,344 - elsapy.elsprofile - INFO - Module loaded.
2024-08-01 09:21:02,344 - elsapy.elsdoc - INFO - Module loaded.
2024-08-01 09:21:02,345 - elsapy.elssearch - INFO - Module loaded.
2024-08-01 09:21:16,681 - elsapy.elsclient - INFO - Module loaded.
2024-08-01 09:21:16,682 - elsapy.elsentity - INFO - Module loaded.
2024-08-01 09:21:16,682 - elsapy.utils - INFO - Module loaded.
2024-08-01 09:21:16,683 - elsapy.elsprofile - INFO - Module loaded.
2024-08-01 09:21:16,683 - elsapy.elsdoc - INFO - Module loaded.
2024-08-01 09:21:16,684 - elsapy.elssearch - INFO - Module loaded.
2024-08-01 09:21:43,043 - elsapy.elsclient - INFO - Module loaded.
2024-08-01 09:21:43,044 - elsapy.elsentity - INFO - Module loaded.
2024-08-01 09:21:43,045 - elsapy.utils - INFO - Module loaded.
2024-08-01 09:21:43,045 - elsapy.elsprofile - INFO - Module loaded.
2024-08-01 09:21:43,046 - elsapy.elsdoc - INFO - Module loaded.
2024-08-01 09:21:43,047 - elsapy.elssearch - INFO - Module loaded.
2024-08-01 09:29:35,074 - elsapy.elsclient - INFO - Module loaded.
2024-08-01 09:29:35,075 - elsapy.elsentity - INFO - Module loaded.
2024-08-01 09:29:35,075 - elsapy.utils - INFO - Module loaded.
2024-08-01 09:29:35,076 - elsapy.elsprofile - INFO - Module loaded.
2024-08-01 09:29:35,076 - elsapy.elsdoc - INFO - Module loaded.
2024-08-01 09:29:35,077 - elsapy.elssearch - INFO - Module loaded.
2024-08-01 09:32:20,563 - elsapy.elsclient - INFO - Module loaded.
2024-08-01 09:32:20,564 - elsapy.elsentity - INFO - Module loaded.
2024-08-01 09:32:20,565 - elsapy.utils - INFO - Module loaded.
2024-08-01 09:32:20,565 - elsapy.elsprofile - INFO - Module loaded.
2024-08-01 09:32:20,566 - elsapy.elsdoc - INFO - Module loaded.
2024-08-01 09:32:20,567 - elsapy.elssearch - INFO - Module loaded.
2024-08-01 09:33:43,545 - elsapy.elsclient - INFO - Module loaded.
2024-08-01 09:33:43,547 - elsapy.elsentity - INFO - Module loaded.
2024-08-01 09:33:43,549 - elsapy.utils - INFO - Module loaded.
2024-08-01 09:33:43,550 - elsapy.elsprofile - INFO - Module loaded.
2024-08-01 09:33:43,552 - elsapy.elsdoc - INFO - Module loaded.
2024-08-01 09:33:43,553 - elsapy.elssearch - INFO - Module loaded.
2024-08-01 09:38:44,958 - elsapy.elsclient - INFO - Module loaded.
2024-08-01 09:38:45,014 - elsapy.elsentity - INFO - Module loaded.
2024-08-01 09:38:45,015 - elsapy.utils - INFO - Module loaded.
2024-08-01 09:38:45,015 - elsapy.elsprofile - INFO - Module loaded.
2024-08-01 09:38:45,016 - elsapy.elsdoc - INFO - Module loaded.
2024-08-01 09:38:45,017 - elsapy.elssearch - INFO - Module loaded.
2024-08-01 09:40:31,244 - elsapy.elsclient - INFO - Module loaded.
2024-08-01 09:40:31,246 - elsapy.elsentity - INFO - Module loaded.
2024-08-01 09:40:31,246 - elsapy.utils - INFO - Module loaded.
2024-08-01 09:40:31,247 - elsapy.elsprofile - INFO - Module loaded.
2024-08-01 09:40:31,247 - elsapy.elsdoc - INFO - Module loaded.
2024-08-01 09:40:31,248 - elsapy.elssearch - INFO - Module loaded.
2024-08-01 09:46:33,682 - elsapy.elsclient - INFO - Module loaded.
2024-08-01 09:46:33,684 - elsapy.elsentity - INFO - Module loaded.
2024-08-01 09:46:33,684 - elsapy.utils - INFO - Module loaded.
2024-08-01 09:46:33,685 - elsapy.elsprofile - INFO - Module loaded.
2024-08-01 09:46:33,685 - elsapy.elsdoc - INFO - Module loaded.
2024-08-01 09:46:33,686 - elsapy.elssearch - INFO - Module loaded.
2024-08-01 09:53:22,013 - elsapy.elsclient - INFO - Module loaded.
2024-08-01 09:53:22,014 - elsapy.elsentity - INFO - Module loaded.
2024-08-01 09:53:22,015 - elsapy.utils - INFO - Module loaded.
2024-08-01 09:53:22,015 - elsapy.elsprofile - INFO - Module loaded.
2024-08-01 09:53:22,016 - elsapy.elsdoc - INFO - Module loaded.
2024-08-01 09:53:22,017 - elsapy.elssearch - INFO - Module loaded.
2024-08-01 09:59:10,578 - elsapy.elsclient - INFO - Module loaded.
2024-08-01 09:59:10,579 - elsapy.elsentity - INFO - Module loaded.
2024-08-01 09:59:10,579 - elsapy.utils - INFO - Module loaded.
2024-08-01 09:59:10,580 - elsapy.elsprofile - INFO - Module loaded.
2024-08-01 09:59:10,580 - elsapy.elsdoc - INFO - Module loaded.
2024-08-01 09:59:10,581 - elsapy.elssearch - INFO - Module loaded.
2024-08-01 10:03:40,370 - elsapy.elsclient - INFO - Module loaded.
2024-08-01 10:03:40,372 - elsapy.elsentity - INFO - Module loaded.
2024-08-01 10:03:40,372 - elsapy.utils - INFO - Module loaded.
2024-08-01 10:03:40,373 - elsapy.elsprofile - INFO - Module loaded.
2024-08-01 10:03:40,373 - elsapy.elsdoc - INFO - Module loaded.
2024-08-01 10:03:40,374 - elsapy.elssearch - INFO - Module loaded.
2024-08-01 10:05:48,068 - elsapy.elsclient - INFO - Module loaded.
2024-08-01 10:05:48,069 - elsapy.elsentity - INFO - Module loaded.
2024-08-01 10:05:48,070 - elsapy.utils - INFO - Module loaded.
2024-08-01 10:05:48,070 - elsapy.elsprofile - INFO - Module loaded.
2024-08-01 10:05:48,071 - elsapy.elsdoc - INFO - Module loaded.
2024-08-01 10:05:48,071 - elsapy.elssearch - INFO - Module loaded.
2024-08-01 10:09:01,496 - elsapy.elsclient - INFO - Module loaded.
2024-08-01 10:09:01,498 - elsapy.elsentity - INFO - Module loaded.
2024-08-01 10:09:01,498 - elsapy.utils - INFO - Module loaded.
2024-08-01 10:09:01,499 - elsapy.elsprofile - INFO - Module loaded.
2024-08-01 10:09:01,499 - elsapy.elsdoc - INFO - Module loaded.
2024-08-01 10:09:01,500 - elsapy.elssearch - INFO - Module loaded.
2024-08-01 10:09:24,116 - elsapy.elsclient - INFO - Module loaded.
2024-08-01 10:09:24,117 - elsapy.elsentity - INFO - Module loaded.
2024-08-01 10:09:24,118 - elsapy.utils - INFO - Module loaded.
2024-08-01 10:09:24,118 - elsapy.elsprofile - INFO - Module loaded.
2024-08-01 10:09:24,119 - elsapy.elsdoc - INFO - Module loaded.
2024-08-01 10:09:24,120 - elsapy.elssearch - INFO - Module loaded.
2024-08-01 10:44:53,060 - elsapy.elsclient - INFO - Module loaded.
2024-08-01 10:44:53,061 - elsapy.elsentity - INFO - Module loaded.
2024-08-01 10:44:53,061 - elsapy.utils - INFO - Module loaded.
2024-08-01 10:44:53,062 - elsapy.elsprofile - INFO - Module loaded.
2024-08-01 10:44:53,062 - elsapy.elsdoc - INFO - Module loaded.
2024-08-01 10:44:53,063 - elsapy.elssearch - INFO - Module loaded.
2024-08-01 11:16:30,580 - elsapy.elsclient - INFO - Module loaded.
2024-08-01 11:16:30,581 - elsapy.elsentity - INFO - Module loaded.
2024-08-01 11:16:30,582 - elsapy.utils - INFO - Module loaded.
2024-08-01 11:16:30,582 - elsapy.elsprofile - INFO - Module loaded.
2024-08-01 11:16:30,583 - elsapy.elsdoc - INFO - Module loaded.
2024-08-01 11:16:30,584 - elsapy.elssearch - INFO - Module loaded.
2024-08-01 11:41:50,831 - elsapy.elsclient - INFO - Module loaded.
2024-08-01 11:41:50,833 - elsapy.elsentity - INFO - Module loaded.
2024-08-01 11:41:50,834 - elsapy.utils - INFO - Module loaded.
2024-08-01 11:41:50,834 - elsapy.elsprofile - INFO - Module loaded.
2024-08-01 11:41:50,835 - elsapy.elsdoc - INFO - Module loaded.
2024-08-01 11:41:50,835 - elsapy.elssearch - INFO - Module loaded.
2024-08-01 11:43:09,947 - elsapy.elsclient - INFO - Module loaded.
2024-08-01 11:43:09,948 - elsapy.elsentity - INFO - Module loaded.
2024-08-01 11:43:09,949 - elsapy.utils - INFO - Module loaded.
2024-08-01 11:43:09,949 - elsapy.elsprofile - INFO - Module loaded.
2024-08-01 11:43:09,950 - elsapy.elsdoc - INFO - Module loaded.
2024-08-01 11:43:09,951 - elsapy.elssearch - INFO - Module loaded.
2024-08-01 12:01:50,875 - elsapy.elsclient - INFO - Module loaded.
2024-08-01 12:01:50,877 - elsapy.elsentity - INFO - Module loaded.
2024-08-01 12:01:50,877 - elsapy.utils - INFO - Module loaded.
2024-08-01 12:01:50,878 - elsapy.elsprofile - INFO - Module loaded.
2024-08-01 12:01:50,878 - elsapy.elsdoc - INFO - Module loaded.
2024-08-01 12:01:50,879 - elsapy.elssearch - INFO - Module loaded.
2024-08-01 12:07:04,908 - elsapy.elsclient - INFO - Module loaded.
2024-08-01 12:07:04,910 - elsapy.elsentity - INFO - Module loaded.
2024-08-01 12:07:04,911 - elsapy.utils - INFO - Module loaded.
2024-08-01 12:07:04,911 - elsapy.elsprofile - INFO - Module loaded.
2024-08-01 12:07:04,912 - elsapy.elsdoc - INFO - Module loaded.
2024-08-01 12:07:04,913 - elsapy.elssearch - INFO - Module loaded.
2024-08-01 12:07:32,636 - elsapy.elsclient - INFO - Module loaded.
2024-08-01 12:07:32,637 - elsapy.elsentity - INFO - Module loaded.
2024-08-01 12:07:32,638 - elsapy.utils - INFO - Module loaded.
2024-08-01 12:07:32,639 - elsapy.elsprofile - INFO - Module loaded.
2024-08-01 12:07:32,639 - elsapy.elsdoc - INFO - Module loaded.
2024-08-01 12:07:32,640 - elsapy.elssearch - INFO - Module loaded.
2024-08-01 12:07:59,597 - elsapy.elsclient - INFO - Module loaded.
2024-08-01 12:07:59,598 - elsapy.elsentity - INFO - Module loaded.
2024-08-01 12:07:59,599 - elsapy.utils - INFO - Module loaded.
2024-08-01 12:07:59,599 - elsapy.elsprofile - INFO - Module loaded.
2024-08-01 12:07:59,600 - elsapy.elsdoc - INFO - Module loaded.
2024-08-01 12:07:59,601 - elsapy.elssearch - INFO - Module loaded.
2024-08-01 12:08:33,143 - elsapy.elsclient - INFO - Module loaded.
2024-08-01 12:08:33,144 - elsapy.elsentity - INFO - Module loaded.
2024-08-01 12:08:33,145 - elsapy.utils - INFO - Module loaded.
2024-08-01 12:08:33,145 - elsapy.elsprofile - INFO - Module loaded.
2024-08-01 12:08:33,146 - elsapy.elsdoc - INFO - Module loaded.
2024-08-01 12:08:33,147 - elsapy.elssearch - INFO - Module loaded.
2024-08-01 12:08:55,816 - elsapy.elsclient - INFO - Module loaded.
2024-08-01 12:08:55,817 - elsapy.elsentity - INFO - Module loaded.
2024-08-01 12:08:55,818 - elsapy.utils - INFO - Module loaded.
2024-08-01 12:08:55,818 - elsapy.elsprofile - INFO - Module loaded.
2024-08-01 12:08:55,819 - elsapy.elsdoc - INFO - Module loaded.
2024-08-01 12:08:55,820 - elsapy.elssearch - INFO - Module loaded.
2024-08-01 12:09:07,294 - elsapy.elsclient - INFO - Module loaded.
2024-08-01 12:09:07,295 - elsapy.elsentity - INFO - Module loaded.
2024-08-01 12:09:07,296 - elsapy.utils - INFO - Module loaded.
2024-08-01 12:09:07,296 - elsapy.elsprofile - INFO - Module loaded.
2024-08-01 12:09:07,297 - elsapy.elsdoc - INFO - Module loaded.
2024-08-01 12:09:07,298 - elsapy.elssearch - INFO - Module loaded.
2024-08-01 12:09:29,863 - elsapy.elsclient - INFO - Module loaded.
2024-08-01 12:09:29,864 - elsapy.elsentity - INFO - Module loaded.
2024-08-01 12:09:29,865 - elsapy.utils - INFO - Module loaded.
2024-08-01 12:09:29,865 - elsapy.elsprofile - INFO - Module loaded.
2024-08-01 12:09:29,866 - elsapy.elsdoc - INFO - Module loaded.
2024-08-01 12:09:29,867 - elsapy.elssearch - INFO - Module loaded.
2024-08-01 12:09:53,359 - elsapy.elsclient - INFO - Module loaded.
2024-08-01 12:09:53,360 - elsapy.elsentity - INFO - Module loaded.
2024-08-01 12:09:53,361 - elsapy.utils - INFO - Module loaded.
2024-08-01 12:09:53,361 - elsapy.elsprofile - INFO - Module loaded.
2024-08-01 12:09:53,362 - elsapy.elsdoc - INFO - Module loaded.
2024-08-01 12:09:53,363 - elsapy.elssearch - INFO - Module loaded.
2024-08-01 12:11:23,918 - elsapy.elsclient - INFO - Module loaded.
2024-08-01 12:11:23,919 - elsapy.elsentity - INFO - Module loaded.
2024-08-01 12:11:23,920 - elsapy.utils - INFO - Module loaded.
2024-08-01 12:11:23,920 - elsapy.elsprofile - INFO - Module loaded.
2024-08-01 12:11:23,921 - elsapy.elsdoc - INFO - Module loaded.
2024-08-01 12:11:23,922 - elsapy.elssearch - INFO - Module loaded.
2024-08-01 13:34:46,326 - elsapy.elsclient - INFO - Module loaded.
2024-08-01 13:34:46,327 - elsapy.elsentity - INFO - Module loaded.
2024-08-01 13:34:46,328 - elsapy.utils - INFO - Module loaded.
2024-08-01 13:34:46,329 - elsapy.elsprofile - INFO - Module loaded.
2024-08-01 13:34:46,330 - elsapy.elsdoc - INFO - Module loaded.
2024-08-01 13:34:46,331 - elsapy.elssearch - INFO - Module loaded.
2024-08-01 13:48:30,489 - elsapy.elsclient - INFO - Module loaded.
2024-08-01 13:48:30,490 - elsapy.elsentity - INFO - Module loaded.
2024-08-01 13:48:30,491 - elsapy.utils - INFO - Module loaded.
2024-08-01 13:48:30,491 - elsapy.elsprofile - INFO - Module loaded.
2024-08-01 13:48:30,492 - elsapy.elsdoc - INFO - Module loaded.
2024-08-01 13:48:30,493 - elsapy.elssearch - INFO - Module loaded.
2024-08-01 13:49:16,205 - elsapy.elsclient - INFO - Module loaded.
2024-08-01 13:49:16,206 - elsapy.elsentity - INFO - Module loaded.
2024-08-01 13:49:16,207 - elsapy.utils - INFO - Module loaded.
2024-08-01 13:49:16,207 - elsapy.elsprofile - INFO - Module loaded.
2024-08-01 13:49:16,208 - elsapy.elsdoc - INFO - Module loaded.
2024-08-01 13:49:16,209 - elsapy.elssearch - INFO - Module loaded.
2024-08-01 13:50:00,771 - elsapy.elsclient - INFO - Module loaded.
2024-08-01 13:50:00,772 - elsapy.elsentity - INFO - Module loaded.
2024-08-01 13:50:00,773 - elsapy.utils - INFO - Module loaded.
2024-08-01 13:50:00,773 - elsapy.elsprofile - INFO - Module loaded.
2024-08-01 13:50:00,774 - elsapy.elsdoc - INFO - Module loaded.
2024-08-01 13:50:00,775 - elsapy.elssearch - INFO - Module loaded.
2024-08-01 13:50:31,191 - elsapy.elsclient - INFO - Module loaded.
2024-08-01 13:50:31,192 - elsapy.elsentity - INFO - Module loaded.
2024-08-01 13:50:31,193 - elsapy.utils - INFO - Module loaded.
2024-08-01 13:50:31,193 - elsapy.elsprofile - INFO - Module loaded.
2024-08-01 13:50:31,194 - elsapy.elsdoc - INFO - Module loaded.
2024-08-01 13:50:31,195 - elsapy.elssearch - INFO - Module loaded.
2024-08-01 13:51:20,301 - elsapy.elsclient - INFO - Module loaded.
2024-08-01 13:51:20,302 - elsapy.elsentity - INFO - Module loaded.
2024-08-01 13:51:20,303 - elsapy.utils - INFO - Module loaded.
2024-08-01 13:51:20,304 - elsapy.elsprofile - INFO - Module loaded.
2024-08-01 13:51:20,304 - elsapy.elsdoc - INFO - Module loaded.
2024-08-01 13:51:20,305 - elsapy.elssearch - INFO - Module loaded.
2024-08-01 13:51:31,008 - elsapy.elsclient - INFO - Module loaded.
2024-08-01 13:51:31,009 - elsapy.elsentity - INFO - Module loaded.
2024-08-01 13:51:31,010 - elsapy.utils - INFO - Module loaded.
2024-08-01 13:51:31,010 - elsapy.elsprofile - INFO - Module loaded.
2024-08-01 13:51:31,011 - elsapy.elsdoc - INFO - Module loaded.
2024-08-01 13:51:31,012 - elsapy.elssearch - INFO - Module loaded.
2024-08-01 13:53:08,887 - elsapy.elsclient - INFO - Module loaded.
2024-08-01 13:53:08,888 - elsapy.elsentity - INFO - Module loaded.
2024-08-01 13:53:08,888 - elsapy.utils - INFO - Module loaded.
2024-08-01 13:53:08,889 - elsapy.elsprofile - INFO - Module loaded.
2024-08-01 13:53:08,890 - elsapy.elsdoc - INFO - Module loaded.
2024-08-01 13:53:08,890 - elsapy.elssearch - INFO - Module loaded.
2024-08-01 13:53:25,751 - elsapy.elsclient - INFO - Module loaded.
2024-08-01 13:53:25,752 - elsapy.elsentity - INFO - Module loaded.
2024-08-01 13:53:25,753 - elsapy.utils - INFO - Module loaded.
2024-08-01 13:53:25,753 - elsapy.elsprofile - INFO - Module loaded.
2024-08-01 13:53:25,754 - elsapy.elsdoc - INFO - Module loaded.
2024-08-01 13:53:25,755 - elsapy.elssearch - INFO - Module loaded.
2024-08-01 13:53:44,884 - elsapy.elsclient - INFO - Module loaded.
2024-08-01 13:53:44,886 - elsapy.elsentity - INFO - Module loaded.
2024-08-01 13:53:44,887 - elsapy.utils - INFO - Module loaded.
2024-08-01 13:53:44,888 - elsapy.elsprofile - INFO - Module loaded.
2024-08-01 13:53:44,889 - elsapy.elsdoc - INFO - Module loaded.
2024-08-01 13:53:44,889 - elsapy.elssearch - INFO - Module loaded.
2024-08-01 13:54:04,711 - elsapy.elsclient - INFO - Module loaded.
2024-08-01 13:54:04,712 - elsapy.elsentity - INFO - Module loaded.
2024-08-01 13:54:04,713 - elsapy.utils - INFO - Module loaded.
2024-08-01 13:54:04,713 - elsapy.elsprofile - INFO - Module loaded.
2024-08-01 13:54:04,714 - elsapy.elsdoc - INFO - Module loaded.
2024-08-01 13:54:04,715 - elsapy.elssearch - INFO - Module loaded.
2024-08-01 13:55:26,584 - elsapy.elsclient - INFO - Module loaded.
2024-08-01 13:55:26,585 - elsapy.elsentity - INFO - Module loaded.
2024-08-01 13:55:26,586 - elsapy.utils - INFO - Module loaded.
2024-08-01 13:55:26,586 - elsapy.elsprofile - INFO - Module loaded.
2024-08-01 13:55:26,587 - elsapy.elsdoc - INFO - Module loaded.
2024-08-01 13:55:26,587 - elsapy.elssearch - INFO - Module loaded.
2024-08-01 13:55:59,238 - elsapy.elsclient - INFO - Module loaded.
2024-08-01 13:55:59,239 - elsapy.elsentity - INFO - Module loaded.
2024-08-01 13:55:59,240 - elsapy.utils - INFO - Module loaded.
2024-08-01 13:55:59,240 - elsapy.elsprofile - INFO - Module loaded.
2024-08-01 13:55:59,241 - elsapy.elsdoc - INFO - Module loaded.
2024-08-01 13:55:59,242 - elsapy.elssearch - INFO - Module loaded.
2024-08-01 14:27:18,981 - elsapy.elsclient - INFO - Module loaded.
2024-08-01 14:27:18,982 - elsapy.elsentity - INFO - Module loaded.
2024-08-01 14:27:18,983 - elsapy.utils - INFO - Module loaded.
2024-08-01 14:27:18,983 - elsapy.elsprofile - INFO - Module loaded.
2024-08-01 14:27:18,984 - elsapy.elsdoc - INFO - Module loaded.
2024-08-01 14:27:18,985 - elsapy.elssearch - INFO - Module loaded.
2024-08-01 14:30:42,774 - elsapy.elsclient - INFO - Module loaded.
2024-08-01 14:30:42,775 - elsapy.elsentity - INFO - Module loaded.
2024-08-01 14:30:42,776 - elsapy.utils - INFO - Module loaded.
2024-08-01 14:30:42,776 - elsapy.elsprofile - INFO - Module loaded.
2024-08-01 14:30:42,777 - elsapy.elsdoc - INFO - Module loaded.
2024-08-01 14:30:42,778 - elsapy.elssearch - INFO - Module loaded.
2024-08-01 14:31:29,283 - elsapy.elsclient - INFO - Module loaded.
2024-08-01 14:31:29,284 - elsapy.elsentity - INFO - Module loaded.
2024-08-01 14:31:29,285 - elsapy.utils - INFO - Module loaded.
2024-08-01 14:31:29,285 - elsapy.elsprofile - INFO - Module loaded.
2024-08-01 14:31:29,286 - elsapy.elsdoc - INFO - Module loaded.
2024-08-01 14:31:29,287 - elsapy.elssearch - INFO - Module loaded.
2024-08-01 15:04:23,789 - elsapy.elsclient - INFO - Module loaded.
2024-08-01 15:04:23,791 - elsapy.elsentity - INFO - Module loaded.
2024-08-01 15:04:23,792 - elsapy.utils - INFO - Module loaded.
2024-08-01 15:04:23,792 - elsapy.elsprofile - INFO - Module loaded.
2024-08-01 15:04:23,793 - elsapy.elsdoc - INFO - Module loaded.
2024-08-01 15:04:23,794 - elsapy.elssearch - INFO - Module loaded.
2024-08-01 15:20:08,048 - elsapy.elsclient - INFO - Module loaded.
2024-08-01 15:20:08,049 - elsapy.elsentity - INFO - Module loaded.
2024-08-01 15:20:08,050 - elsapy.utils - INFO - Module loaded.
2024-08-01 15:20:08,050 - elsapy.elsprofile - INFO - Module loaded.
2024-08-01 15:20:08,051 - elsapy.elsdoc - INFO - Module loaded.
2024-08-01 15:20:08,052 - elsapy.elssearch - INFO - Module loaded.
2024-08-01 18:12:33,926 - elsapy.elsclient - INFO - Module loaded.
2024-08-01 18:12:33,928 - elsapy.elsentity - INFO - Module loaded.
2024-08-01 18:12:33,928 - elsapy.utils - INFO - Module loaded.
2024-08-01 18:12:33,929 - elsapy.elsprofile - INFO - Module loaded.
2024-08-01 18:12:33,930 - elsapy.elsdoc - INFO - Module loaded.
2024-08-01 18:12:33,931 - elsapy.elssearch - INFO - Module loaded.
2024-08-01 18:14:50,093 - elsapy.elsclient - INFO - Module loaded.
2024-08-01 18:14:50,094 - elsapy.elsentity - INFO - Module loaded.
2024-08-01 18:14:50,095 - elsapy.utils - INFO - Module loaded.
2024-08-01 18:14:50,095 - elsapy.elsprofile - INFO - Module loaded.
2024-08-01 18:14:50,096 - elsapy.elsdoc - INFO - Module loaded.
2024-08-01 18:14:50,097 - elsapy.elssearch - INFO - Module loaded.
2024-08-01 18:15:47,739 - elsapy.elsclient - INFO - Module loaded.
2024-08-01 18:15:47,740 - elsapy.elsentity - INFO - Module loaded.
2024-08-01 18:15:47,741 - elsapy.utils - INFO - Module loaded.
2024-08-01 18:15:47,741 - elsapy.elsprofile - INFO - Module loaded.
2024-08-01 18:15:47,742 - elsapy.elsdoc - INFO - Module loaded.
2024-08-01 18:15:47,743 - elsapy.elssearch - INFO - Module loaded.
2024-08-01 18:17:01,389 - elsapy.elsclient - INFO - Module loaded.
2024-08-01 18:17:01,390 - elsapy.elsentity - INFO - Module loaded.
2024-08-01 18:17:01,391 - elsapy.utils - INFO - Module loaded.
2024-08-01 18:17:01,391 - elsapy.elsprofile - INFO - Module loaded.
2024-08-01 18:17:01,392 - elsapy.elsdoc - INFO - Module loaded.
2024-08-01 18:17:01,393 - elsapy.elssearch - INFO - Module loaded.
2024-08-01 20:56:05,963 - elsapy.elsclient - INFO - Module loaded.
2024-08-01 20:56:05,965 - elsapy.elsentity - INFO - Module loaded.
2024-08-01 20:56:05,966 - elsapy.utils - INFO - Module loaded.
2024-08-01 20:56:05,966 - elsapy.elsprofile - INFO - Module loaded.
2024-08-01 20:56:05,967 - elsapy.elsdoc - INFO - Module loaded.
2024-08-01 20:56:05,968 - elsapy.elssearch - INFO - Module loaded.
2024-08-01 20:59:30,986 - elsapy.elsclient - INFO - Module loaded.
2024-08-01 20:59:30,987 - elsapy.elsentity - INFO - Module loaded.
2024-08-01 20:59:30,988 - elsapy.utils - INFO - Module loaded.
2024-08-01 20:59:30,989 - elsapy.elsprofile - INFO - Module loaded.
2024-08-01 20:59:30,990 - elsapy.elsdoc - INFO - Module loaded.
2024-08-01 20:59:30,990 - elsapy.elssearch - INFO - Module loaded.
2024-08-01 21:04:50,042 - elsapy.elsclient - INFO - Module loaded.
2024-08-01 21:04:50,044 - elsapy.elsentity - INFO - Module loaded.
2024-08-01 21:04:50,045 - elsapy.utils - INFO - Module loaded.
2024-08-01 21:04:50,045 - elsapy.elsprofile - INFO - Module loaded.
2024-08-01 21:04:50,046 - elsapy.elsdoc - INFO - Module loaded.
2024-08-01 21:04:50,047 - elsapy.elssearch - INFO - Module loaded.
2024-08-01 21:09:49,444 - elsapy.elsclient - INFO - Module loaded.
2024-08-01 21:09:49,445 - elsapy.elsentity - INFO - Module loaded.
2024-08-01 21:09:49,446 - elsapy.utils - INFO - Module loaded.
2024-08-01 21:09:49,446 - elsapy.elsprofile - INFO - Module loaded.
2024-08-01 21:09:49,447 - elsapy.elsdoc - INFO - Module loaded.
2024-08-01 21:09:49,447 - elsapy.elssearch - INFO - Module loaded.
2024-08-01 21:14:56,588 - elsapy.elsclient - INFO - Module loaded.
2024-08-01 21:14:56,589 - elsapy.elsentity - INFO - Module loaded.
2024-08-01 21:14:56,590 - elsapy.utils - INFO - Module loaded.
2024-08-01 21:14:56,590 - elsapy.elsprofile - INFO - Module loaded.
2024-08-01 21:14:56,591 - elsapy.elsdoc - INFO - Module loaded.
2024-08-01 21:14:56,592 - elsapy.elssearch - INFO - Module loaded.
2024-08-01 21:19:57,699 - elsapy.elsclient - INFO - Module loaded.
2024-08-01 21:19:57,700 - elsapy.elsentity - INFO - Module loaded.
2024-08-01 21:19:57,701 - elsapy.utils - INFO - Module loaded.
2024-08-01 21:19:57,701 - elsapy.elsprofile - INFO - Module loaded.
2024-08-01 21:19:57,702 - elsapy.elsdoc - INFO - Module loaded.
2024-08-01 21:19:57,703 - elsapy.elssearch - INFO - Module loaded.
2024-08-01 21:23:55,127 - elsapy.elsclient - INFO - Module loaded.
2024-08-01 21:23:55,128 - elsapy.elsentity - INFO - Module loaded.
2024-08-01 21:23:55,129 - elsapy.utils - INFO - Module loaded.
2024-08-01 21:23:55,129 - elsapy.elsprofile - INFO - Module loaded.
2024-08-01 21:23:55,130 - elsapy.elsdoc - INFO - Module loaded.
2024-08-01 21:23:55,131 - elsapy.elssearch - INFO - Module loaded.
2024-08-01 21:30:10,359 - elsapy.elsclient - INFO - Module loaded.
2024-08-01 21:30:10,360 - elsapy.elsentity - INFO - Module loaded.
2024-08-01 21:30:10,360 - elsapy.utils - INFO - Module loaded.
2024-08-01 21:30:10,361 - elsapy.elsprofile - INFO - Module loaded.
2024-08-01 21:30:10,361 - elsapy.elsdoc - INFO - Module loaded.
2024-08-01 21:30:10,362 - elsapy.elssearch - INFO - Module loaded.
