2024-05-13 20:19:37,562 - elsapy.elsclient - INFO - Module loaded.
2024-05-13 20:19:37,564 - elsapy.elsentity - INFO - Module loaded.
2024-05-13 20:19:37,565 - elsapy.utils - INFO - Module loaded.
2024-05-13 20:19:37,565 - elsapy.elsprofile - INFO - Module loaded.
2024-05-13 20:19:37,567 - elsapy.elsdoc - INFO - Module loaded.
2024-05-13 20:19:37,568 - elsapy.elssearch - INFO - Module loaded.
2024-05-13 20:22:24,337 - elsapy.elsclient - INFO - Module loaded.
2024-05-13 20:22:24,338 - elsapy.elsentity - INFO - Module loaded.
2024-05-13 20:22:24,339 - elsapy.utils - INFO - Module loaded.
2024-05-13 20:22:24,339 - elsapy.elsprofile - INFO - Module loaded.
2024-05-13 20:22:24,340 - elsapy.elsdoc - INFO - Module loaded.
2024-05-13 20:22:24,342 - elsapy.elssearch - INFO - Module loaded.
2024-05-13 20:23:26,716 - elsapy.elsclient - INFO - Module loaded.
2024-05-13 20:23:26,717 - elsapy.elsentity - INFO - Module loaded.
2024-05-13 20:23:26,718 - elsapy.utils - INFO - Module loaded.
2024-05-13 20:23:26,718 - elsapy.elsprofile - INFO - Module loaded.
2024-05-13 20:23:26,719 - elsapy.elsdoc - INFO - Module loaded.
2024-05-13 20:23:26,720 - elsapy.elssearch - INFO - Module loaded.
2024-05-13 20:24:35,082 - elsapy.elsclient - INFO - Module loaded.
2024-05-13 20:24:35,083 - elsapy.elsentity - INFO - Module loaded.
2024-05-13 20:24:35,084 - elsapy.utils - INFO - Module loaded.
2024-05-13 20:24:35,084 - elsapy.elsprofile - INFO - Module loaded.
2024-05-13 20:24:35,085 - elsapy.elsdoc - INFO - Module loaded.
2024-05-13 20:24:35,086 - elsapy.elssearch - INFO - Module loaded.
2024-05-13 20:25:04,846 - elsapy.elsclient - INFO - Module loaded.
2024-05-13 20:25:04,847 - elsapy.elsentity - INFO - Module loaded.
2024-05-13 20:25:04,847 - elsapy.utils - INFO - Module loaded.
2024-05-13 20:25:04,848 - elsapy.elsprofile - INFO - Module loaded.
2024-05-13 20:25:04,849 - elsapy.elsdoc - INFO - Module loaded.
2024-05-13 20:25:04,850 - elsapy.elssearch - INFO - Module loaded.
2024-05-13 20:25:29,986 - elsapy.elsclient - INFO - Module loaded.
2024-05-13 20:25:29,987 - elsapy.elsentity - INFO - Module loaded.
2024-05-13 20:25:29,988 - elsapy.utils - INFO - Module loaded.
2024-05-13 20:25:29,988 - elsapy.elsprofile - INFO - Module loaded.
2024-05-13 20:25:29,989 - elsapy.elsdoc - INFO - Module loaded.
2024-05-13 20:25:29,990 - elsapy.elssearch - INFO - Module loaded.
2024-05-13 20:26:12,197 - elsapy.elsclient - INFO - Module loaded.
2024-05-13 20:26:12,198 - elsapy.elsentity - INFO - Module loaded.
2024-05-13 20:26:12,199 - elsapy.utils - INFO - Module loaded.
2024-05-13 20:26:12,199 - elsapy.elsprofile - INFO - Module loaded.
2024-05-13 20:26:12,200 - elsapy.elsdoc - INFO - Module loaded.
2024-05-13 20:26:12,201 - elsapy.elssearch - INFO - Module loaded.
2024-05-13 20:26:41,173 - elsapy.elsclient - INFO - Module loaded.
2024-05-13 20:26:41,175 - elsapy.elsentity - INFO - Module loaded.
2024-05-13 20:26:41,175 - elsapy.utils - INFO - Module loaded.
2024-05-13 20:26:41,176 - elsapy.elsprofile - INFO - Module loaded.
2024-05-13 20:26:41,176 - elsapy.elsdoc - INFO - Module loaded.
2024-05-13 20:26:41,177 - elsapy.elssearch - INFO - Module loaded.
2024-05-13 20:27:19,873 - elsapy.elsclient - INFO - Module loaded.
2024-05-13 20:27:19,874 - elsapy.elsentity - INFO - Module loaded.
2024-05-13 20:27:19,874 - elsapy.utils - INFO - Module loaded.
2024-05-13 20:27:19,875 - elsapy.elsprofile - INFO - Module loaded.
2024-05-13 20:27:19,875 - elsapy.elsdoc - INFO - Module loaded.
2024-05-13 20:27:19,876 - elsapy.elssearch - INFO - Module loaded.
2024-05-13 20:27:54,534 - elsapy.elsclient - INFO - Module loaded.
2024-05-13 20:27:54,535 - elsapy.elsentity - INFO - Module loaded.
2024-05-13 20:27:54,535 - elsapy.utils - INFO - Module loaded.
2024-05-13 20:27:54,535 - elsapy.elsprofile - INFO - Module loaded.
2024-05-13 20:27:54,536 - elsapy.elsdoc - INFO - Module loaded.
2024-05-13 20:27:54,537 - elsapy.elssearch - INFO - Module loaded.
2024-05-13 20:28:49,356 - elsapy.elsclient - INFO - Module loaded.
2024-05-13 20:28:49,357 - elsapy.elsentity - INFO - Module loaded.
2024-05-13 20:28:49,358 - elsapy.utils - INFO - Module loaded.
2024-05-13 20:28:49,358 - elsapy.elsprofile - INFO - Module loaded.
2024-05-13 20:28:49,359 - elsapy.elsdoc - INFO - Module loaded.
2024-05-13 20:28:49,359 - elsapy.elssearch - INFO - Module loaded.
2024-05-13 20:29:15,646 - elsapy.elsclient - INFO - Module loaded.
2024-05-13 20:29:15,648 - elsapy.elsentity - INFO - Module loaded.
2024-05-13 20:29:15,648 - elsapy.utils - INFO - Module loaded.
2024-05-13 20:29:15,649 - elsapy.elsprofile - INFO - Module loaded.
2024-05-13 20:29:15,649 - elsapy.elsdoc - INFO - Module loaded.
2024-05-13 20:29:15,650 - elsapy.elssearch - INFO - Module loaded.
2024-05-13 20:29:34,506 - elsapy.elsclient - INFO - Module loaded.
2024-05-13 20:29:34,507 - elsapy.elsentity - INFO - Module loaded.
2024-05-13 20:29:34,508 - elsapy.utils - INFO - Module loaded.
2024-05-13 20:29:34,508 - elsapy.elsprofile - INFO - Module loaded.
2024-05-13 20:29:34,509 - elsapy.elsdoc - INFO - Module loaded.
2024-05-13 20:29:34,509 - elsapy.elssearch - INFO - Module loaded.
2024-05-13 20:30:07,181 - elsapy.elsclient - INFO - Module loaded.
2024-05-13 20:30:07,182 - elsapy.elsentity - INFO - Module loaded.
2024-05-13 20:30:07,183 - elsapy.utils - INFO - Module loaded.
2024-05-13 20:30:07,183 - elsapy.elsprofile - INFO - Module loaded.
2024-05-13 20:30:07,184 - elsapy.elsdoc - INFO - Module loaded.
2024-05-13 20:30:07,184 - elsapy.elssearch - INFO - Module loaded.
2024-05-13 20:32:37,075 - elsapy.elsclient - INFO - Module loaded.
2024-05-13 20:32:37,077 - elsapy.elsentity - INFO - Module loaded.
2024-05-13 20:32:37,077 - elsapy.utils - INFO - Module loaded.
2024-05-13 20:32:37,078 - elsapy.elsprofile - INFO - Module loaded.
2024-05-13 20:32:37,078 - elsapy.elsdoc - INFO - Module loaded.
2024-05-13 20:32:37,079 - elsapy.elssearch - INFO - Module loaded.
2024-05-13 20:33:06,673 - elsapy.elsclient - INFO - Module loaded.
2024-05-13 20:33:06,674 - elsapy.elsentity - INFO - Module loaded.
2024-05-13 20:33:06,674 - elsapy.utils - INFO - Module loaded.
2024-05-13 20:33:06,674 - elsapy.elsprofile - INFO - Module loaded.
2024-05-13 20:33:06,676 - elsapy.elsdoc - INFO - Module loaded.
2024-05-13 20:33:06,676 - elsapy.elssearch - INFO - Module loaded.
2024-05-13 20:33:54,729 - elsapy.elsclient - INFO - Module loaded.
2024-05-13 20:33:54,730 - elsapy.elsentity - INFO - Module loaded.
2024-05-13 20:33:54,731 - elsapy.utils - INFO - Module loaded.
2024-05-13 20:33:54,731 - elsapy.elsprofile - INFO - Module loaded.
2024-05-13 20:33:54,732 - elsapy.elsdoc - INFO - Module loaded.
2024-05-13 20:33:54,733 - elsapy.elssearch - INFO - Module loaded.
2024-05-13 20:37:17,330 - elsapy.elsclient - INFO - Module loaded.
2024-05-13 20:37:17,331 - elsapy.elsentity - INFO - Module loaded.
2024-05-13 20:37:17,332 - elsapy.utils - INFO - Module loaded.
2024-05-13 20:37:17,332 - elsapy.elsprofile - INFO - Module loaded.
2024-05-13 20:37:17,333 - elsapy.elsdoc - INFO - Module loaded.
2024-05-13 20:37:17,334 - elsapy.elssearch - INFO - Module loaded.
2024-05-13 20:37:24,989 - elsapy.elsclient - INFO - Module loaded.
2024-05-13 20:37:24,991 - elsapy.elsentity - INFO - Module loaded.
2024-05-13 20:37:24,992 - elsapy.utils - INFO - Module loaded.
2024-05-13 20:37:24,992 - elsapy.elsprofile - INFO - Module loaded.
2024-05-13 20:37:24,993 - elsapy.elsdoc - INFO - Module loaded.
2024-05-13 20:37:24,994 - elsapy.elssearch - INFO - Module loaded.
2024-05-13 20:37:35,437 - elsapy.elsclient - INFO - Module loaded.
2024-05-13 20:37:35,438 - elsapy.elsentity - INFO - Module loaded.
2024-05-13 20:37:35,439 - elsapy.utils - INFO - Module loaded.
2024-05-13 20:37:35,439 - elsapy.elsprofile - INFO - Module loaded.
2024-05-13 20:37:35,440 - elsapy.elsdoc - INFO - Module loaded.
2024-05-13 20:37:35,441 - elsapy.elssearch - INFO - Module loaded.
2024-05-13 20:39:59,885 - elsapy.elsclient - INFO - Module loaded.
2024-05-13 20:39:59,886 - elsapy.elsentity - INFO - Module loaded.
2024-05-13 20:39:59,887 - elsapy.utils - INFO - Module loaded.
2024-05-13 20:39:59,887 - elsapy.elsprofile - INFO - Module loaded.
2024-05-13 20:39:59,888 - elsapy.elsdoc - INFO - Module loaded.
2024-05-13 20:39:59,888 - elsapy.elssearch - INFO - Module loaded.
2024-05-13 20:43:15,390 - elsapy.elsclient - INFO - Module loaded.
2024-05-13 20:43:15,391 - elsapy.elsentity - INFO - Module loaded.
2024-05-13 20:43:15,392 - elsapy.utils - INFO - Module loaded.
2024-05-13 20:43:15,392 - elsapy.elsprofile - INFO - Module loaded.
2024-05-13 20:43:15,393 - elsapy.elsdoc - INFO - Module loaded.
2024-05-13 20:43:15,393 - elsapy.elssearch - INFO - Module loaded.
2024-05-13 22:25:29,069 - elsapy.elsclient - INFO - Module loaded.
2024-05-13 22:25:29,070 - elsapy.elsentity - INFO - Module loaded.
2024-05-13 22:25:29,071 - elsapy.utils - INFO - Module loaded.
2024-05-13 22:25:29,071 - elsapy.elsprofile - INFO - Module loaded.
2024-05-13 22:25:29,072 - elsapy.elsdoc - INFO - Module loaded.
2024-05-13 22:25:29,073 - elsapy.elssearch - INFO - Module loaded.
2024-05-13 22:26:39,128 - elsapy.elsclient - INFO - Module loaded.
2024-05-13 22:26:39,130 - elsapy.elsentity - INFO - Module loaded.
2024-05-13 22:26:39,130 - elsapy.utils - INFO - Module loaded.
2024-05-13 22:26:39,131 - elsapy.elsprofile - INFO - Module loaded.
2024-05-13 22:26:39,131 - elsapy.elsdoc - INFO - Module loaded.
2024-05-13 22:26:39,132 - elsapy.elssearch - INFO - Module loaded.
2024-05-13 22:38:26,341 - elsapy.elsclient - INFO - Module loaded.
2024-05-13 22:38:26,342 - elsapy.elsentity - INFO - Module loaded.
2024-05-13 22:38:26,343 - elsapy.utils - INFO - Module loaded.
2024-05-13 22:38:26,343 - elsapy.elsprofile - INFO - Module loaded.
2024-05-13 22:38:26,344 - elsapy.elsdoc - INFO - Module loaded.
2024-05-13 22:38:26,344 - elsapy.elssearch - INFO - Module loaded.
2024-05-13 22:42:50,601 - elsapy.elsclient - INFO - Module loaded.
2024-05-13 22:42:50,602 - elsapy.elsentity - INFO - Module loaded.
2024-05-13 22:42:50,603 - elsapy.utils - INFO - Module loaded.
2024-05-13 22:42:50,603 - elsapy.elsprofile - INFO - Module loaded.
2024-05-13 22:42:50,604 - elsapy.elsdoc - INFO - Module loaded.
2024-05-13 22:42:50,605 - elsapy.elssearch - INFO - Module loaded.
