2024-05-07 10:52:52,580 - elsapy.elsclient - INFO - Module loaded.
2024-05-07 10:52:52,582 - elsapy.elsentity - INFO - Module loaded.
2024-05-07 10:52:52,583 - elsapy.utils - INFO - Module loaded.
2024-05-07 10:52:52,584 - elsapy.elsprofile - INFO - Module loaded.
2024-05-07 10:52:52,585 - elsapy.elsdoc - INFO - Module loaded.
2024-05-07 10:52:52,586 - elsapy.elssearch - INFO - Module loaded.
2024-05-07 11:14:55,459 - elsapy.elsclient - INFO - Module loaded.
2024-05-07 11:14:55,461 - elsapy.elsentity - INFO - Module loaded.
2024-05-07 11:14:55,462 - elsapy.utils - INFO - Module loaded.
2024-05-07 11:14:55,462 - elsapy.elsprofile - INFO - Module loaded.
2024-05-07 11:14:55,463 - elsapy.elsdoc - INFO - Module loaded.
2024-05-07 11:14:55,494 - elsapy.elssearch - INFO - Module loaded.
2024-05-07 11:15:15,147 - elsapy.elsclient - INFO - Module loaded.
2024-05-07 11:15:15,149 - elsapy.elsentity - INFO - Module loaded.
2024-05-07 11:15:15,155 - elsapy.utils - INFO - Module loaded.
2024-05-07 11:15:15,155 - elsapy.elsprofile - INFO - Module loaded.
2024-05-07 11:15:15,157 - elsapy.elsdoc - INFO - Module loaded.
2024-05-07 11:15:15,158 - elsapy.elssearch - INFO - Module loaded.
2024-05-07 14:50:25,888 - elsapy.elsclient - INFO - Module loaded.
2024-05-07 14:50:25,889 - elsapy.elsentity - INFO - Module loaded.
2024-05-07 14:50:25,891 - elsapy.utils - INFO - Module loaded.
2024-05-07 14:50:25,891 - elsapy.elsprofile - INFO - Module loaded.
2024-05-07 14:50:25,892 - elsapy.elsdoc - INFO - Module loaded.
2024-05-07 14:50:25,893 - elsapy.elssearch - INFO - Module loaded.
2024-05-07 15:11:07,607 - elsapy.elsclient - INFO - Module loaded.
2024-05-07 15:11:07,609 - elsapy.elsentity - INFO - Module loaded.
2024-05-07 15:11:07,610 - elsapy.utils - INFO - Module loaded.
2024-05-07 15:11:07,610 - elsapy.elsprofile - INFO - Module loaded.
2024-05-07 15:11:07,611 - elsapy.elsdoc - INFO - Module loaded.
2024-05-07 15:11:07,613 - elsapy.elssearch - INFO - Module loaded.
2024-05-07 15:18:24,802 - elsapy.elsclient - INFO - Module loaded.
2024-05-07 15:18:24,803 - elsapy.elsentity - INFO - Module loaded.
2024-05-07 15:18:24,804 - elsapy.utils - INFO - Module loaded.
2024-05-07 15:18:24,805 - elsapy.elsprofile - INFO - Module loaded.
2024-05-07 15:18:24,807 - elsapy.elsdoc - INFO - Module loaded.
2024-05-07 15:18:24,808 - elsapy.elssearch - INFO - Module loaded.
2024-05-07 15:18:42,882 - elsapy.elsclient - INFO - Module loaded.
2024-05-07 15:18:42,884 - elsapy.elsentity - INFO - Module loaded.
2024-05-07 15:18:42,884 - elsapy.utils - INFO - Module loaded.
2024-05-07 15:18:42,885 - elsapy.elsprofile - INFO - Module loaded.
2024-05-07 15:18:42,886 - elsapy.elsdoc - INFO - Module loaded.
2024-05-07 15:18:42,887 - elsapy.elssearch - INFO - Module loaded.
2024-05-07 15:20:56,516 - elsapy.elsclient - INFO - Module loaded.
2024-05-07 15:20:56,518 - elsapy.elsentity - INFO - Module loaded.
2024-05-07 15:20:56,519 - elsapy.utils - INFO - Module loaded.
2024-05-07 15:20:56,519 - elsapy.elsprofile - INFO - Module loaded.
2024-05-07 15:20:56,520 - elsapy.elsdoc - INFO - Module loaded.
2024-05-07 15:20:56,521 - elsapy.elssearch - INFO - Module loaded.
2024-05-07 15:23:44,368 - elsapy.elsclient - INFO - Module loaded.
2024-05-07 15:23:44,370 - elsapy.elsentity - INFO - Module loaded.
2024-05-07 15:23:44,372 - elsapy.utils - INFO - Module loaded.
2024-05-07 15:23:44,372 - elsapy.elsprofile - INFO - Module loaded.
2024-05-07 15:23:44,374 - elsapy.elsdoc - INFO - Module loaded.
2024-05-07 15:23:44,375 - elsapy.elssearch - INFO - Module loaded.
2024-05-07 15:33:31,288 - elsapy.elsclient - INFO - Module loaded.
2024-05-07 15:33:31,289 - elsapy.elsentity - INFO - Module loaded.
2024-05-07 15:33:31,290 - elsapy.utils - INFO - Module loaded.
2024-05-07 15:33:31,291 - elsapy.elsprofile - INFO - Module loaded.
2024-05-07 15:33:31,291 - elsapy.elsdoc - INFO - Module loaded.
2024-05-07 15:33:31,295 - elsapy.elssearch - INFO - Module loaded.
2024-05-07 15:38:46,082 - elsapy.elsclient - INFO - Module loaded.
2024-05-07 15:38:46,084 - elsapy.elsentity - INFO - Module loaded.
2024-05-07 15:38:46,084 - elsapy.utils - INFO - Module loaded.
2024-05-07 15:38:46,085 - elsapy.elsprofile - INFO - Module loaded.
2024-05-07 15:38:46,086 - elsapy.elsdoc - INFO - Module loaded.
2024-05-07 15:38:46,087 - elsapy.elssearch - INFO - Module loaded.
2024-05-07 15:40:14,038 - elsapy.elsclient - INFO - Module loaded.
2024-05-07 15:40:14,039 - elsapy.elsentity - INFO - Module loaded.
2024-05-07 15:40:14,040 - elsapy.utils - INFO - Module loaded.
2024-05-07 15:40:14,041 - elsapy.elsprofile - INFO - Module loaded.
2024-05-07 15:40:14,059 - elsapy.elsdoc - INFO - Module loaded.
2024-05-07 15:40:14,060 - elsapy.elssearch - INFO - Module loaded.
2024-05-07 15:42:17,417 - elsapy.elsclient - INFO - Module loaded.
2024-05-07 15:42:17,419 - elsapy.elsentity - INFO - Module loaded.
2024-05-07 15:42:17,420 - elsapy.utils - INFO - Module loaded.
2024-05-07 15:42:17,421 - elsapy.elsprofile - INFO - Module loaded.
2024-05-07 15:42:17,422 - elsapy.elsdoc - INFO - Module loaded.
2024-05-07 15:42:17,423 - elsapy.elssearch - INFO - Module loaded.
2024-05-07 15:44:05,672 - elsapy.elsclient - INFO - Module loaded.
2024-05-07 15:44:05,674 - elsapy.elsentity - INFO - Module loaded.
2024-05-07 15:44:05,674 - elsapy.utils - INFO - Module loaded.
2024-05-07 15:44:05,675 - elsapy.elsprofile - INFO - Module loaded.
2024-05-07 15:44:05,676 - elsapy.elsdoc - INFO - Module loaded.
2024-05-07 15:44:05,677 - elsapy.elssearch - INFO - Module loaded.
2024-05-07 15:45:56,930 - elsapy.elsclient - INFO - Module loaded.
2024-05-07 15:45:56,932 - elsapy.elsentity - INFO - Module loaded.
2024-05-07 15:45:56,933 - elsapy.utils - INFO - Module loaded.
2024-05-07 15:45:56,936 - elsapy.elsprofile - INFO - Module loaded.
2024-05-07 15:45:56,937 - elsapy.elsdoc - INFO - Module loaded.
2024-05-07 15:45:56,946 - elsapy.elssearch - INFO - Module loaded.
2024-05-07 15:50:10,385 - elsapy.elsclient - INFO - Module loaded.
2024-05-07 15:50:10,387 - elsapy.elsentity - INFO - Module loaded.
2024-05-07 15:50:10,388 - elsapy.utils - INFO - Module loaded.
2024-05-07 15:50:10,440 - elsapy.elsprofile - INFO - Module loaded.
2024-05-07 15:50:10,441 - elsapy.elsdoc - INFO - Module loaded.
2024-05-07 15:50:10,442 - elsapy.elssearch - INFO - Module loaded.
2024-05-07 15:57:47,420 - elsapy.elsclient - INFO - Module loaded.
2024-05-07 15:57:47,422 - elsapy.elsentity - INFO - Module loaded.
2024-05-07 15:57:47,423 - elsapy.utils - INFO - Module loaded.
2024-05-07 15:57:47,423 - elsapy.elsprofile - INFO - Module loaded.
2024-05-07 15:57:47,424 - elsapy.elsdoc - INFO - Module loaded.
2024-05-07 15:57:47,425 - elsapy.elssearch - INFO - Module loaded.
2024-05-07 15:59:59,068 - elsapy.elsclient - INFO - Module loaded.
2024-05-07 15:59:59,070 - elsapy.elsentity - INFO - Module loaded.
2024-05-07 15:59:59,071 - elsapy.utils - INFO - Module loaded.
2024-05-07 15:59:59,071 - elsapy.elsprofile - INFO - Module loaded.
2024-05-07 15:59:59,072 - elsapy.elsdoc - INFO - Module loaded.
2024-05-07 15:59:59,074 - elsapy.elssearch - INFO - Module loaded.
2024-05-07 16:01:11,514 - elsapy.elsclient - INFO - Module loaded.
2024-05-07 16:01:11,516 - elsapy.elsentity - INFO - Module loaded.
2024-05-07 16:01:11,517 - elsapy.utils - INFO - Module loaded.
2024-05-07 16:01:11,517 - elsapy.elsprofile - INFO - Module loaded.
2024-05-07 16:01:11,518 - elsapy.elsdoc - INFO - Module loaded.
2024-05-07 16:01:11,519 - elsapy.elssearch - INFO - Module loaded.
2024-05-07 16:05:14,948 - elsapy.elsclient - INFO - Module loaded.
2024-05-07 16:05:14,949 - elsapy.elsentity - INFO - Module loaded.
2024-05-07 16:05:15,303 - elsapy.utils - INFO - Module loaded.
2024-05-07 16:05:15,303 - elsapy.elsprofile - INFO - Module loaded.
2024-05-07 16:05:15,304 - elsapy.elsdoc - INFO - Module loaded.
2024-05-07 16:05:15,305 - elsapy.elssearch - INFO - Module loaded.
2024-05-07 16:09:06,262 - elsapy.elsclient - INFO - Module loaded.
2024-05-07 16:09:06,264 - elsapy.elsentity - INFO - Module loaded.
2024-05-07 16:09:06,265 - elsapy.utils - INFO - Module loaded.
2024-05-07 16:09:06,265 - elsapy.elsprofile - INFO - Module loaded.
2024-05-07 16:09:06,266 - elsapy.elsdoc - INFO - Module loaded.
2024-05-07 16:09:06,267 - elsapy.elssearch - INFO - Module loaded.
2024-05-07 16:11:48,426 - elsapy.elsclient - INFO - Module loaded.
2024-05-07 16:11:48,427 - elsapy.elsentity - INFO - Module loaded.
2024-05-07 16:11:48,428 - elsapy.utils - INFO - Module loaded.
2024-05-07 16:11:48,428 - elsapy.elsprofile - INFO - Module loaded.
2024-05-07 16:11:48,429 - elsapy.elsdoc - INFO - Module loaded.
2024-05-07 16:11:48,430 - elsapy.elssearch - INFO - Module loaded.
2024-05-07 16:14:52,568 - elsapy.elsclient - INFO - Module loaded.
2024-05-07 16:14:52,570 - elsapy.elsentity - INFO - Module loaded.
2024-05-07 16:14:52,571 - elsapy.utils - INFO - Module loaded.
2024-05-07 16:14:52,571 - elsapy.elsprofile - INFO - Module loaded.
2024-05-07 16:14:52,572 - elsapy.elsdoc - INFO - Module loaded.
2024-05-07 16:14:52,573 - elsapy.elssearch - INFO - Module loaded.
2024-05-07 16:16:21,539 - elsapy.elsclient - INFO - Module loaded.
2024-05-07 16:16:21,541 - elsapy.elsentity - INFO - Module loaded.
2024-05-07 16:16:21,541 - elsapy.utils - INFO - Module loaded.
2024-05-07 16:16:21,542 - elsapy.elsprofile - INFO - Module loaded.
2024-05-07 16:16:21,542 - elsapy.elsdoc - INFO - Module loaded.
2024-05-07 16:16:21,543 - elsapy.elssearch - INFO - Module loaded.
2024-05-07 16:24:58,013 - elsapy.elsclient - INFO - Module loaded.
2024-05-07 16:24:58,014 - elsapy.elsentity - INFO - Module loaded.
2024-05-07 16:24:58,015 - elsapy.utils - INFO - Module loaded.
2024-05-07 16:24:58,015 - elsapy.elsprofile - INFO - Module loaded.
2024-05-07 16:24:58,016 - elsapy.elsdoc - INFO - Module loaded.
2024-05-07 16:24:58,017 - elsapy.elssearch - INFO - Module loaded.
2024-05-07 16:27:43,099 - elsapy.elsclient - INFO - Module loaded.
2024-05-07 16:27:43,100 - elsapy.elsentity - INFO - Module loaded.
2024-05-07 16:27:43,101 - elsapy.utils - INFO - Module loaded.
2024-05-07 16:27:43,101 - elsapy.elsprofile - INFO - Module loaded.
2024-05-07 16:27:43,102 - elsapy.elsdoc - INFO - Module loaded.
2024-05-07 16:27:43,102 - elsapy.elssearch - INFO - Module loaded.
2024-05-07 16:36:55,822 - elsapy.elsclient - INFO - Module loaded.
2024-05-07 16:36:55,823 - elsapy.elsentity - INFO - Module loaded.
2024-05-07 16:36:55,824 - elsapy.utils - INFO - Module loaded.
2024-05-07 16:36:55,824 - elsapy.elsprofile - INFO - Module loaded.
2024-05-07 16:36:55,825 - elsapy.elsdoc - INFO - Module loaded.
2024-05-07 16:36:55,825 - elsapy.elssearch - INFO - Module loaded.
