2024-05-23 08:18:29,281 - elsapy.elsclient - INFO - Module loaded.
2024-05-23 08:18:29,284 - elsapy.elsentity - INFO - Module loaded.
2024-05-23 08:18:29,285 - elsapy.utils - INFO - Module loaded.
2024-05-23 08:18:29,286 - elsapy.elsprofile - INFO - Module loaded.
2024-05-23 08:18:29,287 - elsapy.elsdoc - INFO - Module loaded.
2024-05-23 08:18:29,288 - elsapy.elssearch - INFO - Module loaded.
2024-05-23 08:22:53,250 - elsapy.elsclient - INFO - Module loaded.
2024-05-23 08:22:53,251 - elsapy.elsentity - INFO - Module loaded.
2024-05-23 08:22:53,252 - elsapy.utils - INFO - Module loaded.
2024-05-23 08:22:53,252 - elsapy.elsprofile - INFO - Module loaded.
2024-05-23 08:22:53,253 - elsapy.elsdoc - INFO - Module loaded.
2024-05-23 08:22:53,255 - elsapy.elssearch - INFO - Module loaded.
2024-05-23 08:25:11,050 - elsapy.elsclient - INFO - Module loaded.
2024-05-23 08:25:11,051 - elsapy.elsentity - INFO - Module loaded.
2024-05-23 08:25:11,052 - elsapy.utils - INFO - Module loaded.
2024-05-23 08:25:11,052 - elsapy.elsprofile - INFO - Module loaded.
2024-05-23 08:25:11,053 - elsapy.elsdoc - INFO - Module loaded.
2024-05-23 08:25:11,054 - elsapy.elssearch - INFO - Module loaded.
2024-05-23 08:28:25,972 - elsapy.elsclient - INFO - Module loaded.
2024-05-23 08:28:25,974 - elsapy.elsentity - INFO - Module loaded.
2024-05-23 08:28:25,974 - elsapy.utils - INFO - Module loaded.
2024-05-23 08:28:25,975 - elsapy.elsprofile - INFO - Module loaded.
2024-05-23 08:28:25,975 - elsapy.elsdoc - INFO - Module loaded.
2024-05-23 08:28:25,976 - elsapy.elssearch - INFO - Module loaded.
2024-05-23 08:30:08,685 - elsapy.elsclient - INFO - Module loaded.
2024-05-23 08:30:08,687 - elsapy.elsentity - INFO - Module loaded.
2024-05-23 08:30:08,687 - elsapy.utils - INFO - Module loaded.
2024-05-23 08:30:08,688 - elsapy.elsprofile - INFO - Module loaded.
2024-05-23 08:30:08,688 - elsapy.elsdoc - INFO - Module loaded.
2024-05-23 08:30:08,689 - elsapy.elssearch - INFO - Module loaded.
2024-05-23 10:43:28,175 - elsapy.elsclient - INFO - Module loaded.
2024-05-23 10:43:28,177 - elsapy.elsentity - INFO - Module loaded.
2024-05-23 10:43:28,178 - elsapy.utils - INFO - Module loaded.
2024-05-23 10:43:28,178 - elsapy.elsprofile - INFO - Module loaded.
2024-05-23 10:43:28,179 - elsapy.elsdoc - INFO - Module loaded.
2024-05-23 10:43:28,180 - elsapy.elssearch - INFO - Module loaded.
2024-05-23 10:46:47,651 - elsapy.elsclient - INFO - Module loaded.
2024-05-23 10:46:47,652 - elsapy.elsentity - INFO - Module loaded.
2024-05-23 10:46:47,653 - elsapy.utils - INFO - Module loaded.
2024-05-23 10:46:47,653 - elsapy.elsprofile - INFO - Module loaded.
2024-05-23 10:46:47,654 - elsapy.elsdoc - INFO - Module loaded.
2024-05-23 10:46:47,654 - elsapy.elssearch - INFO - Module loaded.
2024-05-23 10:47:19,212 - elsapy.elsclient - INFO - Module loaded.
2024-05-23 10:47:19,213 - elsapy.elsentity - INFO - Module loaded.
2024-05-23 10:47:19,214 - elsapy.utils - INFO - Module loaded.
2024-05-23 10:47:19,214 - elsapy.elsprofile - INFO - Module loaded.
2024-05-23 10:47:19,215 - elsapy.elsdoc - INFO - Module loaded.
2024-05-23 10:47:19,215 - elsapy.elssearch - INFO - Module loaded.
2024-05-23 10:51:01,293 - elsapy.elsclient - INFO - Module loaded.
2024-05-23 10:51:01,294 - elsapy.elsentity - INFO - Module loaded.
2024-05-23 10:51:01,295 - elsapy.utils - INFO - Module loaded.
2024-05-23 10:51:01,295 - elsapy.elsprofile - INFO - Module loaded.
2024-05-23 10:51:01,296 - elsapy.elsdoc - INFO - Module loaded.
2024-05-23 10:51:01,297 - elsapy.elssearch - INFO - Module loaded.
2024-05-23 10:58:57,791 - elsapy.elsclient - INFO - Module loaded.
2024-05-23 10:58:57,792 - elsapy.elsentity - INFO - Module loaded.
2024-05-23 10:58:57,793 - elsapy.utils - INFO - Module loaded.
2024-05-23 10:58:57,793 - elsapy.elsprofile - INFO - Module loaded.
2024-05-23 10:58:57,794 - elsapy.elsdoc - INFO - Module loaded.
2024-05-23 10:58:57,795 - elsapy.elssearch - INFO - Module loaded.
2024-05-23 10:59:44,733 - elsapy.elsclient - INFO - Module loaded.
2024-05-23 10:59:44,734 - elsapy.elsentity - INFO - Module loaded.
2024-05-23 10:59:44,734 - elsapy.utils - INFO - Module loaded.
2024-05-23 10:59:44,735 - elsapy.elsprofile - INFO - Module loaded.
2024-05-23 10:59:44,735 - elsapy.elsdoc - INFO - Module loaded.
2024-05-23 10:59:44,736 - elsapy.elssearch - INFO - Module loaded.
2024-05-23 11:05:51,010 - elsapy.elsclient - INFO - Module loaded.
2024-05-23 11:05:51,011 - elsapy.elsentity - INFO - Module loaded.
2024-05-23 11:05:51,012 - elsapy.utils - INFO - Module loaded.
2024-05-23 11:05:51,012 - elsapy.elsprofile - INFO - Module loaded.
2024-05-23 11:05:51,013 - elsapy.elsdoc - INFO - Module loaded.
2024-05-23 11:05:51,013 - elsapy.elssearch - INFO - Module loaded.
2024-05-23 11:07:48,843 - elsapy.elsclient - INFO - Module loaded.
2024-05-23 11:07:48,844 - elsapy.elsentity - INFO - Module loaded.
2024-05-23 11:07:48,845 - elsapy.utils - INFO - Module loaded.
2024-05-23 11:07:48,845 - elsapy.elsprofile - INFO - Module loaded.
2024-05-23 11:07:48,846 - elsapy.elsdoc - INFO - Module loaded.
2024-05-23 11:07:48,846 - elsapy.elssearch - INFO - Module loaded.
2024-05-23 11:12:37,156 - elsapy.elsclient - INFO - Module loaded.
2024-05-23 11:12:37,158 - elsapy.elsentity - INFO - Module loaded.
2024-05-23 11:12:37,158 - elsapy.utils - INFO - Module loaded.
2024-05-23 11:12:37,159 - elsapy.elsprofile - INFO - Module loaded.
2024-05-23 11:12:37,159 - elsapy.elsdoc - INFO - Module loaded.
2024-05-23 11:12:37,160 - elsapy.elssearch - INFO - Module loaded.
2024-05-23 11:56:34,029 - elsapy.elsclient - INFO - Module loaded.
2024-05-23 11:56:34,031 - elsapy.elsentity - INFO - Module loaded.
2024-05-23 11:56:34,031 - elsapy.utils - INFO - Module loaded.
2024-05-23 11:56:34,031 - elsapy.elsprofile - INFO - Module loaded.
2024-05-23 11:56:34,032 - elsapy.elsdoc - INFO - Module loaded.
2024-05-23 11:56:34,033 - elsapy.elssearch - INFO - Module loaded.
2024-05-23 11:57:58,328 - elsapy.elsclient - INFO - Module loaded.
2024-05-23 11:57:58,329 - elsapy.elsentity - INFO - Module loaded.
2024-05-23 11:57:58,330 - elsapy.utils - INFO - Module loaded.
2024-05-23 11:57:58,330 - elsapy.elsprofile - INFO - Module loaded.
2024-05-23 11:57:58,331 - elsapy.elsdoc - INFO - Module loaded.
2024-05-23 11:57:58,332 - elsapy.elssearch - INFO - Module loaded.
2024-05-23 11:58:35,331 - elsapy.elsclient - INFO - Module loaded.
2024-05-23 11:58:35,332 - elsapy.elsentity - INFO - Module loaded.
2024-05-23 11:58:35,333 - elsapy.utils - INFO - Module loaded.
2024-05-23 11:58:35,333 - elsapy.elsprofile - INFO - Module loaded.
2024-05-23 11:58:35,334 - elsapy.elsdoc - INFO - Module loaded.
2024-05-23 11:58:35,335 - elsapy.elssearch - INFO - Module loaded.
2024-05-23 12:02:18,210 - elsapy.elsclient - INFO - Module loaded.
2024-05-23 12:02:18,211 - elsapy.elsentity - INFO - Module loaded.
2024-05-23 12:02:18,212 - elsapy.utils - INFO - Module loaded.
2024-05-23 12:02:18,212 - elsapy.elsprofile - INFO - Module loaded.
2024-05-23 12:02:18,213 - elsapy.elsdoc - INFO - Module loaded.
2024-05-23 12:02:18,214 - elsapy.elssearch - INFO - Module loaded.
2024-05-23 12:07:45,440 - elsapy.elsclient - INFO - Module loaded.
2024-05-23 12:07:45,441 - elsapy.elsentity - INFO - Module loaded.
2024-05-23 12:07:45,441 - elsapy.utils - INFO - Module loaded.
2024-05-23 12:07:45,442 - elsapy.elsprofile - INFO - Module loaded.
2024-05-23 12:07:45,442 - elsapy.elsdoc - INFO - Module loaded.
2024-05-23 12:07:45,443 - elsapy.elssearch - INFO - Module loaded.
2024-05-23 12:11:38,999 - elsapy.elsclient - INFO - Module loaded.
2024-05-23 12:11:39,000 - elsapy.elsentity - INFO - Module loaded.
2024-05-23 12:11:39,001 - elsapy.utils - INFO - Module loaded.
2024-05-23 12:11:39,001 - elsapy.elsprofile - INFO - Module loaded.
2024-05-23 12:11:39,002 - elsapy.elsdoc - INFO - Module loaded.
2024-05-23 12:11:39,003 - elsapy.elssearch - INFO - Module loaded.
2024-05-23 12:15:03,750 - elsapy.elsclient - INFO - Module loaded.
2024-05-23 12:15:03,751 - elsapy.elsentity - INFO - Module loaded.
2024-05-23 12:15:03,751 - elsapy.utils - INFO - Module loaded.
2024-05-23 12:15:03,752 - elsapy.elsprofile - INFO - Module loaded.
2024-05-23 12:15:03,752 - elsapy.elsdoc - INFO - Module loaded.
2024-05-23 12:15:03,753 - elsapy.elssearch - INFO - Module loaded.
2024-05-23 12:21:27,544 - elsapy.elsclient - INFO - Module loaded.
2024-05-23 12:21:27,545 - elsapy.elsentity - INFO - Module loaded.
2024-05-23 12:21:27,546 - elsapy.utils - INFO - Module loaded.
2024-05-23 12:21:27,546 - elsapy.elsprofile - INFO - Module loaded.
2024-05-23 12:21:27,547 - elsapy.elsdoc - INFO - Module loaded.
2024-05-23 12:21:27,547 - elsapy.elssearch - INFO - Module loaded.
2024-05-23 12:23:18,985 - elsapy.elsclient - INFO - Module loaded.
2024-05-23 12:23:18,986 - elsapy.elsentity - INFO - Module loaded.
2024-05-23 12:23:18,987 - elsapy.utils - INFO - Module loaded.
2024-05-23 12:23:18,987 - elsapy.elsprofile - INFO - Module loaded.
2024-05-23 12:23:18,988 - elsapy.elsdoc - INFO - Module loaded.
2024-05-23 12:23:18,989 - elsapy.elssearch - INFO - Module loaded.
2024-05-23 12:28:51,548 - elsapy.elsclient - INFO - Module loaded.
2024-05-23 12:28:51,549 - elsapy.elsentity - INFO - Module loaded.
2024-05-23 12:28:51,550 - elsapy.utils - INFO - Module loaded.
2024-05-23 12:28:51,550 - elsapy.elsprofile - INFO - Module loaded.
2024-05-23 12:28:51,551 - elsapy.elsdoc - INFO - Module loaded.
2024-05-23 12:28:51,551 - elsapy.elssearch - INFO - Module loaded.
2024-05-23 12:34:09,147 - elsapy.elsclient - INFO - Module loaded.
2024-05-23 12:34:09,148 - elsapy.elsentity - INFO - Module loaded.
2024-05-23 12:34:09,149 - elsapy.utils - INFO - Module loaded.
2024-05-23 12:34:09,149 - elsapy.elsprofile - INFO - Module loaded.
2024-05-23 12:34:09,150 - elsapy.elsdoc - INFO - Module loaded.
2024-05-23 12:34:09,150 - elsapy.elssearch - INFO - Module loaded.
2024-05-23 12:36:31,421 - elsapy.elsclient - INFO - Module loaded.
2024-05-23 12:36:31,422 - elsapy.elsentity - INFO - Module loaded.
2024-05-23 12:36:31,422 - elsapy.utils - INFO - Module loaded.
2024-05-23 12:36:31,423 - elsapy.elsprofile - INFO - Module loaded.
2024-05-23 12:36:31,423 - elsapy.elsdoc - INFO - Module loaded.
2024-05-23 12:36:31,425 - elsapy.elssearch - INFO - Module loaded.
2024-05-23 12:37:04,202 - elsapy.elsclient - INFO - Module loaded.
2024-05-23 12:37:04,202 - elsapy.elsentity - INFO - Module loaded.
2024-05-23 12:37:04,204 - elsapy.utils - INFO - Module loaded.
2024-05-23 12:37:04,204 - elsapy.elsprofile - INFO - Module loaded.
2024-05-23 12:37:04,205 - elsapy.elsdoc - INFO - Module loaded.
2024-05-23 12:37:04,205 - elsapy.elssearch - INFO - Module loaded.
2024-05-23 12:38:46,867 - elsapy.elsclient - INFO - Module loaded.
2024-05-23 12:38:46,868 - elsapy.elsentity - INFO - Module loaded.
2024-05-23 12:38:46,869 - elsapy.utils - INFO - Module loaded.
2024-05-23 12:38:46,869 - elsapy.elsprofile - INFO - Module loaded.
2024-05-23 12:38:46,870 - elsapy.elsdoc - INFO - Module loaded.
2024-05-23 12:38:46,871 - elsapy.elssearch - INFO - Module loaded.
2024-05-23 12:42:38,975 - elsapy.elsclient - INFO - Module loaded.
2024-05-23 12:42:38,976 - elsapy.elsentity - INFO - Module loaded.
2024-05-23 12:42:38,977 - elsapy.utils - INFO - Module loaded.
2024-05-23 12:42:38,977 - elsapy.elsprofile - INFO - Module loaded.
2024-05-23 12:42:38,978 - elsapy.elsdoc - INFO - Module loaded.
2024-05-23 12:42:38,979 - elsapy.elssearch - INFO - Module loaded.
2024-05-23 12:55:52,348 - elsapy.elsclient - INFO - Module loaded.
2024-05-23 12:55:52,349 - elsapy.elsentity - INFO - Module loaded.
2024-05-23 12:55:52,350 - elsapy.utils - INFO - Module loaded.
2024-05-23 12:55:52,350 - elsapy.elsprofile - INFO - Module loaded.
2024-05-23 12:55:52,351 - elsapy.elsdoc - INFO - Module loaded.
2024-05-23 12:55:52,351 - elsapy.elssearch - INFO - Module loaded.
2024-05-23 12:56:10,061 - elsapy.elsclient - INFO - Module loaded.
2024-05-23 12:56:10,062 - elsapy.elsentity - INFO - Module loaded.
2024-05-23 12:56:10,062 - elsapy.utils - INFO - Module loaded.
2024-05-23 12:56:10,063 - elsapy.elsprofile - INFO - Module loaded.
2024-05-23 12:56:10,063 - elsapy.elsdoc - INFO - Module loaded.
2024-05-23 12:56:10,064 - elsapy.elssearch - INFO - Module loaded.
2024-05-23 12:59:36,988 - elsapy.elsclient - INFO - Module loaded.
2024-05-23 12:59:36,989 - elsapy.elsentity - INFO - Module loaded.
2024-05-23 12:59:36,989 - elsapy.utils - INFO - Module loaded.
2024-05-23 12:59:36,989 - elsapy.elsprofile - INFO - Module loaded.
2024-05-23 12:59:36,991 - elsapy.elsdoc - INFO - Module loaded.
2024-05-23 12:59:36,991 - elsapy.elssearch - INFO - Module loaded.
2024-05-23 13:04:58,521 - elsapy.elsclient - INFO - Module loaded.
2024-05-23 13:04:58,522 - elsapy.elsentity - INFO - Module loaded.
2024-05-23 13:04:58,523 - elsapy.utils - INFO - Module loaded.
2024-05-23 13:04:58,523 - elsapy.elsprofile - INFO - Module loaded.
2024-05-23 13:04:58,524 - elsapy.elsdoc - INFO - Module loaded.
2024-05-23 13:04:58,524 - elsapy.elssearch - INFO - Module loaded.
2024-05-23 13:07:55,971 - elsapy.elsclient - INFO - Module loaded.
2024-05-23 13:07:55,973 - elsapy.elsentity - INFO - Module loaded.
2024-05-23 13:07:55,973 - elsapy.utils - INFO - Module loaded.
2024-05-23 13:07:55,974 - elsapy.elsprofile - INFO - Module loaded.
2024-05-23 13:07:55,974 - elsapy.elsdoc - INFO - Module loaded.
2024-05-23 13:07:55,975 - elsapy.elssearch - INFO - Module loaded.
2024-05-23 13:13:34,761 - elsapy.elsclient - INFO - Module loaded.
2024-05-23 13:13:34,762 - elsapy.elsentity - INFO - Module loaded.
2024-05-23 13:13:34,763 - elsapy.utils - INFO - Module loaded.
2024-05-23 13:13:34,763 - elsapy.elsprofile - INFO - Module loaded.
2024-05-23 13:13:34,764 - elsapy.elsdoc - INFO - Module loaded.
2024-05-23 13:13:34,764 - elsapy.elssearch - INFO - Module loaded.
2024-05-23 13:14:24,001 - elsapy.elsclient - INFO - Module loaded.
2024-05-23 13:14:24,002 - elsapy.elsentity - INFO - Module loaded.
2024-05-23 13:14:24,002 - elsapy.utils - INFO - Module loaded.
2024-05-23 13:14:24,003 - elsapy.elsprofile - INFO - Module loaded.
2024-05-23 13:14:24,003 - elsapy.elsdoc - INFO - Module loaded.
2024-05-23 13:14:24,004 - elsapy.elssearch - INFO - Module loaded.
2024-05-23 13:17:08,830 - elsapy.elsclient - INFO - Module loaded.
2024-05-23 13:17:08,830 - elsapy.elsentity - INFO - Module loaded.
2024-05-23 13:17:08,832 - elsapy.utils - INFO - Module loaded.
2024-05-23 13:17:08,832 - elsapy.elsprofile - INFO - Module loaded.
2024-05-23 13:17:08,833 - elsapy.elsdoc - INFO - Module loaded.
2024-05-23 13:17:08,833 - elsapy.elssearch - INFO - Module loaded.
