2024-04-24 12:29:54,153 - elsapy.elsclient - INFO - Module loaded.
2024-04-24 12:29:54,156 - elsapy.elsentity - INFO - Module loaded.
2024-04-24 12:29:54,157 - elsapy.utils - INFO - Module loaded.
2024-04-24 12:29:54,157 - elsapy.elsprofile - INFO - Module loaded.
2024-04-24 12:29:54,158 - elsapy.elsdoc - INFO - Module loaded.
2024-04-24 12:29:54,160 - elsapy.elssearch - INFO - Module loaded.
2024-04-24 12:33:19,796 - elsapy.elsclient - INFO - Module loaded.
2024-04-24 12:33:19,797 - elsapy.elsentity - INFO - Module loaded.
2024-04-24 12:33:19,798 - elsapy.utils - INFO - Module loaded.
2024-04-24 12:33:19,799 - elsapy.elsprofile - INFO - Module loaded.
2024-04-24 12:33:19,799 - elsapy.elsdoc - INFO - Module loaded.
2024-04-24 12:33:19,800 - elsapy.elssearch - INFO - Module loaded.
2024-04-24 12:56:12,133 - elsapy.elsclient - INFO - Module loaded.
2024-04-24 12:56:12,134 - elsapy.elsentity - INFO - Module loaded.
2024-04-24 12:56:12,135 - elsapy.utils - INFO - Module loaded.
2024-04-24 12:56:12,135 - elsapy.elsprofile - INFO - Module loaded.
2024-04-24 12:56:12,136 - elsapy.elsdoc - INFO - Module loaded.
2024-04-24 12:56:12,137 - elsapy.elssearch - INFO - Module loaded.
2024-04-24 12:58:00,067 - elsapy.elsclient - INFO - Module loaded.
2024-04-24 12:58:00,068 - elsapy.elsentity - INFO - Module loaded.
2024-04-24 12:58:00,069 - elsapy.utils - INFO - Module loaded.
2024-04-24 12:58:00,069 - elsapy.elsprofile - INFO - Module loaded.
2024-04-24 12:58:00,069 - elsapy.elsdoc - INFO - Module loaded.
2024-04-24 12:58:00,070 - elsapy.elssearch - INFO - Module loaded.
2024-04-24 13:00:32,969 - elsapy.elsclient - INFO - Module loaded.
2024-04-24 13:00:32,970 - elsapy.elsentity - INFO - Module loaded.
2024-04-24 13:00:32,970 - elsapy.utils - INFO - Module loaded.
2024-04-24 13:00:32,971 - elsapy.elsprofile - INFO - Module loaded.
2024-04-24 13:00:32,971 - elsapy.elsdoc - INFO - Module loaded.
2024-04-24 13:00:32,972 - elsapy.elssearch - INFO - Module loaded.
2024-04-24 13:02:17,728 - elsapy.elsclient - INFO - Module loaded.
2024-04-24 13:02:17,729 - elsapy.elsentity - INFO - Module loaded.
2024-04-24 13:02:17,730 - elsapy.utils - INFO - Module loaded.
2024-04-24 13:02:17,730 - elsapy.elsprofile - INFO - Module loaded.
2024-04-24 13:02:17,731 - elsapy.elsdoc - INFO - Module loaded.
2024-04-24 13:02:17,731 - elsapy.elssearch - INFO - Module loaded.
2024-04-24 13:03:32,875 - elsapy.elsclient - INFO - Module loaded.
2024-04-24 13:03:32,876 - elsapy.elsentity - INFO - Module loaded.
2024-04-24 13:03:32,876 - elsapy.utils - INFO - Module loaded.
2024-04-24 13:03:32,877 - elsapy.elsprofile - INFO - Module loaded.
2024-04-24 13:03:32,877 - elsapy.elsdoc - INFO - Module loaded.
2024-04-24 13:03:32,878 - elsapy.elssearch - INFO - Module loaded.
2024-04-24 13:11:12,163 - elsapy.elsclient - INFO - Module loaded.
2024-04-24 13:11:12,165 - elsapy.elsentity - INFO - Module loaded.
2024-04-24 13:11:12,165 - elsapy.utils - INFO - Module loaded.
2024-04-24 13:11:12,166 - elsapy.elsprofile - INFO - Module loaded.
2024-04-24 13:11:12,166 - elsapy.elsdoc - INFO - Module loaded.
2024-04-24 13:11:12,167 - elsapy.elssearch - INFO - Module loaded.
2024-04-24 13:13:51,955 - elsapy.elsclient - INFO - Module loaded.
2024-04-24 13:13:51,957 - elsapy.elsentity - INFO - Module loaded.
2024-04-24 13:13:51,958 - elsapy.utils - INFO - Module loaded.
2024-04-24 13:13:51,958 - elsapy.elsprofile - INFO - Module loaded.
2024-04-24 13:13:51,959 - elsapy.elsdoc - INFO - Module loaded.
2024-04-24 13:13:51,961 - elsapy.elssearch - INFO - Module loaded.
2024-04-24 13:40:53,058 - elsapy.elsclient - INFO - Module loaded.
2024-04-24 13:40:53,059 - elsapy.elsentity - INFO - Module loaded.
2024-04-24 13:40:53,060 - elsapy.utils - INFO - Module loaded.
2024-04-24 13:40:53,061 - elsapy.elsprofile - INFO - Module loaded.
2024-04-24 13:40:53,061 - elsapy.elsdoc - INFO - Module loaded.
2024-04-24 13:40:53,062 - elsapy.elssearch - INFO - Module loaded.
2024-04-24 14:03:19,263 - elsapy.elsclient - INFO - Module loaded.
2024-04-24 14:03:19,264 - elsapy.elsentity - INFO - Module loaded.
2024-04-24 14:03:19,265 - elsapy.utils - INFO - Module loaded.
2024-04-24 14:03:19,266 - elsapy.elsprofile - INFO - Module loaded.
2024-04-24 14:03:19,266 - elsapy.elsdoc - INFO - Module loaded.
2024-04-24 14:03:19,267 - elsapy.elssearch - INFO - Module loaded.
2024-04-24 14:03:48,793 - elsapy.elsclient - INFO - Module loaded.
2024-04-24 14:03:48,795 - elsapy.elsentity - INFO - Module loaded.
2024-04-24 14:03:48,795 - elsapy.utils - INFO - Module loaded.
2024-04-24 14:03:48,796 - elsapy.elsprofile - INFO - Module loaded.
2024-04-24 14:03:48,796 - elsapy.elsdoc - INFO - Module loaded.
2024-04-24 14:03:48,797 - elsapy.elssearch - INFO - Module loaded.
2024-04-24 14:10:48,447 - elsapy.elsclient - INFO - Module loaded.
2024-04-24 14:10:48,449 - elsapy.elsentity - INFO - Module loaded.
2024-04-24 14:10:48,450 - elsapy.utils - INFO - Module loaded.
2024-04-24 14:10:48,450 - elsapy.elsprofile - INFO - Module loaded.
2024-04-24 14:10:48,451 - elsapy.elsdoc - INFO - Module loaded.
2024-04-24 14:10:48,452 - elsapy.elssearch - INFO - Module loaded.
2024-04-24 14:17:44,700 - elsapy.elsclient - INFO - Module loaded.
2024-04-24 14:17:44,701 - elsapy.elsentity - INFO - Module loaded.
2024-04-24 14:17:44,702 - elsapy.utils - INFO - Module loaded.
2024-04-24 14:17:44,702 - elsapy.elsprofile - INFO - Module loaded.
2024-04-24 14:17:44,703 - elsapy.elsdoc - INFO - Module loaded.
2024-04-24 14:17:44,704 - elsapy.elssearch - INFO - Module loaded.
2024-04-24 14:19:28,261 - elsapy.elsclient - INFO - Module loaded.
2024-04-24 14:19:28,262 - elsapy.elsentity - INFO - Module loaded.
2024-04-24 14:19:28,263 - elsapy.utils - INFO - Module loaded.
2024-04-24 14:19:28,263 - elsapy.elsprofile - INFO - Module loaded.
2024-04-24 14:19:28,264 - elsapy.elsdoc - INFO - Module loaded.
2024-04-24 14:19:28,264 - elsapy.elssearch - INFO - Module loaded.
2024-04-24 14:20:43,340 - elsapy.elsclient - INFO - Module loaded.
2024-04-24 14:20:43,341 - elsapy.elsentity - INFO - Module loaded.
2024-04-24 14:20:43,342 - elsapy.utils - INFO - Module loaded.
2024-04-24 14:20:43,342 - elsapy.elsprofile - INFO - Module loaded.
2024-04-24 14:20:43,344 - elsapy.elsdoc - INFO - Module loaded.
2024-04-24 14:20:43,344 - elsapy.elssearch - INFO - Module loaded.
2024-04-24 14:22:02,206 - elsapy.elsclient - INFO - Module loaded.
2024-04-24 14:22:02,207 - elsapy.elsentity - INFO - Module loaded.
2024-04-24 14:22:02,207 - elsapy.utils - INFO - Module loaded.
2024-04-24 14:22:02,208 - elsapy.elsprofile - INFO - Module loaded.
2024-04-24 14:22:02,208 - elsapy.elsdoc - INFO - Module loaded.
2024-04-24 14:22:02,209 - elsapy.elssearch - INFO - Module loaded.
2024-04-24 14:30:12,745 - elsapy.elsclient - INFO - Module loaded.
2024-04-24 14:30:12,746 - elsapy.elsentity - INFO - Module loaded.
2024-04-24 14:30:12,747 - elsapy.utils - INFO - Module loaded.
2024-04-24 14:30:12,747 - elsapy.elsprofile - INFO - Module loaded.
2024-04-24 14:30:12,748 - elsapy.elsdoc - INFO - Module loaded.
2024-04-24 14:30:12,749 - elsapy.elssearch - INFO - Module loaded.
2024-04-24 14:31:29,028 - elsapy.elsclient - INFO - Module loaded.
2024-04-24 14:31:29,029 - elsapy.elsentity - INFO - Module loaded.
2024-04-24 14:31:29,030 - elsapy.utils - INFO - Module loaded.
2024-04-24 14:31:29,030 - elsapy.elsprofile - INFO - Module loaded.
2024-04-24 14:31:29,031 - elsapy.elsdoc - INFO - Module loaded.
2024-04-24 14:31:29,031 - elsapy.elssearch - INFO - Module loaded.
2024-04-24 16:53:51,790 - elsapy.elsclient - INFO - Module loaded.
2024-04-24 16:53:51,793 - elsapy.elsentity - INFO - Module loaded.
2024-04-24 16:53:51,794 - elsapy.utils - INFO - Module loaded.
2024-04-24 16:53:51,794 - elsapy.elsprofile - INFO - Module loaded.
2024-04-24 16:53:51,795 - elsapy.elsdoc - INFO - Module loaded.
2024-04-24 16:53:51,796 - elsapy.elssearch - INFO - Module loaded.
2024-04-24 16:57:06,169 - elsapy.elsclient - INFO - Module loaded.
2024-04-24 16:57:06,170 - elsapy.elsentity - INFO - Module loaded.
2024-04-24 16:57:06,171 - elsapy.utils - INFO - Module loaded.
2024-04-24 16:57:06,172 - elsapy.elsprofile - INFO - Module loaded.
2024-04-24 16:57:06,172 - elsapy.elsdoc - INFO - Module loaded.
2024-04-24 16:57:06,173 - elsapy.elssearch - INFO - Module loaded.
2024-04-24 16:58:14,099 - elsapy.elsclient - INFO - Module loaded.
2024-04-24 16:58:14,101 - elsapy.elsentity - INFO - Module loaded.
2024-04-24 16:58:14,101 - elsapy.utils - INFO - Module loaded.
2024-04-24 16:58:14,102 - elsapy.elsprofile - INFO - Module loaded.
2024-04-24 16:58:14,102 - elsapy.elsdoc - INFO - Module loaded.
2024-04-24 16:58:14,103 - elsapy.elssearch - INFO - Module loaded.
2024-04-24 17:03:59,672 - elsapy.elsclient - INFO - Module loaded.
2024-04-24 17:03:59,674 - elsapy.elsentity - INFO - Module loaded.
2024-04-24 17:03:59,675 - elsapy.utils - INFO - Module loaded.
2024-04-24 17:03:59,675 - elsapy.elsprofile - INFO - Module loaded.
2024-04-24 17:03:59,676 - elsapy.elsdoc - INFO - Module loaded.
2024-04-24 17:03:59,677 - elsapy.elssearch - INFO - Module loaded.
2024-04-24 17:15:18,887 - elsapy.elsclient - INFO - Module loaded.
2024-04-24 17:15:18,888 - elsapy.elsentity - INFO - Module loaded.
2024-04-24 17:15:18,889 - elsapy.utils - INFO - Module loaded.
2024-04-24 17:15:18,889 - elsapy.elsprofile - INFO - Module loaded.
2024-04-24 17:15:18,890 - elsapy.elsdoc - INFO - Module loaded.
2024-04-24 17:15:18,890 - elsapy.elssearch - INFO - Module loaded.
2024-04-24 17:20:50,738 - elsapy.elsclient - INFO - Module loaded.
2024-04-24 17:20:50,739 - elsapy.elsentity - INFO - Module loaded.
2024-04-24 17:20:50,740 - elsapy.utils - INFO - Module loaded.
2024-04-24 17:20:50,740 - elsapy.elsprofile - INFO - Module loaded.
2024-04-24 17:20:50,741 - elsapy.elsdoc - INFO - Module loaded.
2024-04-24 17:20:50,742 - elsapy.elssearch - INFO - Module loaded.
2024-04-24 17:22:00,351 - elsapy.elsclient - INFO - Module loaded.
2024-04-24 17:22:00,352 - elsapy.elsentity - INFO - Module loaded.
2024-04-24 17:22:00,353 - elsapy.utils - INFO - Module loaded.
2024-04-24 17:22:00,353 - elsapy.elsprofile - INFO - Module loaded.
2024-04-24 17:22:00,354 - elsapy.elsdoc - INFO - Module loaded.
2024-04-24 17:22:00,355 - elsapy.elssearch - INFO - Module loaded.
2024-04-24 17:22:49,636 - elsapy.elsclient - INFO - Module loaded.
2024-04-24 17:22:49,637 - elsapy.elsentity - INFO - Module loaded.
2024-04-24 17:22:49,638 - elsapy.utils - INFO - Module loaded.
2024-04-24 17:22:49,638 - elsapy.elsprofile - INFO - Module loaded.
2024-04-24 17:22:49,639 - elsapy.elsdoc - INFO - Module loaded.
2024-04-24 17:22:49,640 - elsapy.elssearch - INFO - Module loaded.
2024-04-24 17:31:06,754 - elsapy.elsclient - INFO - Module loaded.
2024-04-24 17:31:06,755 - elsapy.elsentity - INFO - Module loaded.
2024-04-24 17:31:06,756 - elsapy.utils - INFO - Module loaded.
2024-04-24 17:31:06,756 - elsapy.elsprofile - INFO - Module loaded.
2024-04-24 17:31:06,757 - elsapy.elsdoc - INFO - Module loaded.
2024-04-24 17:31:06,758 - elsapy.elssearch - INFO - Module loaded.
2024-04-24 17:34:59,270 - elsapy.elsclient - INFO - Module loaded.
2024-04-24 17:34:59,271 - elsapy.elsentity - INFO - Module loaded.
2024-04-24 17:34:59,272 - elsapy.utils - INFO - Module loaded.
2024-04-24 17:34:59,272 - elsapy.elsprofile - INFO - Module loaded.
2024-04-24 17:34:59,273 - elsapy.elsdoc - INFO - Module loaded.
2024-04-24 17:34:59,273 - elsapy.elssearch - INFO - Module loaded.
2024-04-24 18:00:43,583 - elsapy.elsclient - INFO - Module loaded.
2024-04-24 18:00:43,586 - elsapy.elsentity - INFO - Module loaded.
2024-04-24 18:00:43,587 - elsapy.utils - INFO - Module loaded.
2024-04-24 18:00:43,587 - elsapy.elsprofile - INFO - Module loaded.
2024-04-24 18:00:43,588 - elsapy.elsdoc - INFO - Module loaded.
2024-04-24 18:00:43,589 - elsapy.elssearch - INFO - Module loaded.
2024-04-24 18:07:03,149 - elsapy.elsclient - INFO - Module loaded.
2024-04-24 18:07:03,151 - elsapy.elsentity - INFO - Module loaded.
2024-04-24 18:07:03,151 - elsapy.utils - INFO - Module loaded.
2024-04-24 18:07:03,152 - elsapy.elsprofile - INFO - Module loaded.
2024-04-24 18:07:03,153 - elsapy.elsdoc - INFO - Module loaded.
2024-04-24 18:07:03,153 - elsapy.elssearch - INFO - Module loaded.
2024-04-24 18:54:06,759 - elsapy.elsclient - INFO - Module loaded.
2024-04-24 18:54:06,761 - elsapy.elsentity - INFO - Module loaded.
2024-04-24 18:54:06,762 - elsapy.utils - INFO - Module loaded.
2024-04-24 18:54:06,762 - elsapy.elsprofile - INFO - Module loaded.
2024-04-24 18:54:06,763 - elsapy.elsdoc - INFO - Module loaded.
2024-04-24 18:54:06,764 - elsapy.elssearch - INFO - Module loaded.
2024-04-24 18:54:59,943 - elsapy.elsclient - INFO - Module loaded.
2024-04-24 18:54:59,944 - elsapy.elsentity - INFO - Module loaded.
2024-04-24 18:54:59,945 - elsapy.utils - INFO - Module loaded.
2024-04-24 18:54:59,945 - elsapy.elsprofile - INFO - Module loaded.
2024-04-24 18:54:59,946 - elsapy.elsdoc - INFO - Module loaded.
2024-04-24 18:54:59,946 - elsapy.elssearch - INFO - Module loaded.
2024-04-24 19:01:59,829 - elsapy.elsclient - INFO - Module loaded.
2024-04-24 19:01:59,830 - elsapy.elsentity - INFO - Module loaded.
2024-04-24 19:01:59,831 - elsapy.utils - INFO - Module loaded.
2024-04-24 19:01:59,831 - elsapy.elsprofile - INFO - Module loaded.
2024-04-24 19:01:59,831 - elsapy.elsdoc - INFO - Module loaded.
2024-04-24 19:01:59,832 - elsapy.elssearch - INFO - Module loaded.
2024-04-24 19:03:54,637 - elsapy.elsclient - INFO - Module loaded.
2024-04-24 19:03:54,638 - elsapy.elsentity - INFO - Module loaded.
2024-04-24 19:03:54,639 - elsapy.utils - INFO - Module loaded.
2024-04-24 19:03:54,639 - elsapy.elsprofile - INFO - Module loaded.
2024-04-24 19:03:54,640 - elsapy.elsdoc - INFO - Module loaded.
2024-04-24 19:03:54,640 - elsapy.elssearch - INFO - Module loaded.
2024-04-24 19:04:07,495 - elsapy.elsclient - INFO - Module loaded.
2024-04-24 19:04:07,497 - elsapy.elsentity - INFO - Module loaded.
2024-04-24 19:04:07,497 - elsapy.utils - INFO - Module loaded.
2024-04-24 19:04:07,497 - elsapy.elsprofile - INFO - Module loaded.
2024-04-24 19:04:07,498 - elsapy.elsdoc - INFO - Module loaded.
2024-04-24 19:04:07,499 - elsapy.elssearch - INFO - Module loaded.
2024-04-24 19:12:07,629 - elsapy.elsclient - INFO - Module loaded.
2024-04-24 19:12:07,630 - elsapy.elsentity - INFO - Module loaded.
2024-04-24 19:12:07,631 - elsapy.utils - INFO - Module loaded.
2024-04-24 19:12:07,631 - elsapy.elsprofile - INFO - Module loaded.
2024-04-24 19:12:07,632 - elsapy.elsdoc - INFO - Module loaded.
2024-04-24 19:12:07,633 - elsapy.elssearch - INFO - Module loaded.
2024-04-24 19:15:39,216 - elsapy.elsclient - INFO - Module loaded.
2024-04-24 19:15:39,217 - elsapy.elsentity - INFO - Module loaded.
2024-04-24 19:15:39,218 - elsapy.utils - INFO - Module loaded.
2024-04-24 19:15:39,218 - elsapy.elsprofile - INFO - Module loaded.
2024-04-24 19:15:39,219 - elsapy.elsdoc - INFO - Module loaded.
2024-04-24 19:15:39,220 - elsapy.elssearch - INFO - Module loaded.
2024-04-24 19:21:06,842 - elsapy.elsclient - INFO - Module loaded.
2024-04-24 19:21:06,843 - elsapy.elsentity - INFO - Module loaded.
2024-04-24 19:21:06,843 - elsapy.utils - INFO - Module loaded.
2024-04-24 19:21:06,844 - elsapy.elsprofile - INFO - Module loaded.
2024-04-24 19:21:06,844 - elsapy.elsdoc - INFO - Module loaded.
2024-04-24 19:21:06,845 - elsapy.elssearch - INFO - Module loaded.
2024-04-24 19:27:09,537 - elsapy.elsclient - INFO - Module loaded.
2024-04-24 19:27:09,539 - elsapy.elsentity - INFO - Module loaded.
2024-04-24 19:27:09,540 - elsapy.utils - INFO - Module loaded.
2024-04-24 19:27:09,540 - elsapy.elsprofile - INFO - Module loaded.
2024-04-24 19:27:09,541 - elsapy.elsdoc - INFO - Module loaded.
2024-04-24 19:27:09,542 - elsapy.elssearch - INFO - Module loaded.
2024-04-24 19:46:01,085 - elsapy.elsclient - INFO - Module loaded.
2024-04-24 19:46:01,087 - elsapy.elsentity - INFO - Module loaded.
2024-04-24 19:46:01,088 - elsapy.utils - INFO - Module loaded.
2024-04-24 19:46:01,088 - elsapy.elsprofile - INFO - Module loaded.
2024-04-24 19:46:01,089 - elsapy.elsdoc - INFO - Module loaded.
2024-04-24 19:46:01,091 - elsapy.elssearch - INFO - Module loaded.
2024-04-24 20:36:37,179 - elsapy.elsclient - INFO - Module loaded.
2024-04-24 20:36:37,182 - elsapy.elsentity - INFO - Module loaded.
2024-04-24 20:36:37,183 - elsapy.utils - INFO - Module loaded.
2024-04-24 20:36:37,183 - elsapy.elsprofile - INFO - Module loaded.
2024-04-24 20:36:37,184 - elsapy.elsdoc - INFO - Module loaded.
2024-04-24 20:36:37,185 - elsapy.elssearch - INFO - Module loaded.
2024-04-24 20:58:37,432 - elsapy.elsclient - INFO - Module loaded.
2024-04-24 20:58:37,434 - elsapy.elsentity - INFO - Module loaded.
2024-04-24 20:58:37,435 - elsapy.utils - INFO - Module loaded.
2024-04-24 20:58:37,435 - elsapy.elsprofile - INFO - Module loaded.
2024-04-24 20:58:37,436 - elsapy.elsdoc - INFO - Module loaded.
2024-04-24 20:58:37,437 - elsapy.elssearch - INFO - Module loaded.
2024-04-24 21:00:15,030 - elsapy.elsclient - INFO - Module loaded.
2024-04-24 21:00:15,032 - elsapy.elsentity - INFO - Module loaded.
2024-04-24 21:00:15,032 - elsapy.utils - INFO - Module loaded.
2024-04-24 21:00:15,033 - elsapy.elsprofile - INFO - Module loaded.
2024-04-24 21:00:15,033 - elsapy.elsdoc - INFO - Module loaded.
2024-04-24 21:00:15,034 - elsapy.elssearch - INFO - Module loaded.
2024-04-24 21:03:03,144 - elsapy.elsclient - INFO - Module loaded.
2024-04-24 21:03:03,147 - elsapy.elsentity - INFO - Module loaded.
2024-04-24 21:03:03,147 - elsapy.utils - INFO - Module loaded.
2024-04-24 21:03:03,148 - elsapy.elsprofile - INFO - Module loaded.
2024-04-24 21:03:03,149 - elsapy.elsdoc - INFO - Module loaded.
2024-04-24 21:03:03,150 - elsapy.elssearch - INFO - Module loaded.
2024-04-24 21:07:09,301 - elsapy.elsclient - INFO - Module loaded.
2024-04-24 21:07:09,302 - elsapy.elsentity - INFO - Module loaded.
2024-04-24 21:07:09,302 - elsapy.utils - INFO - Module loaded.
2024-04-24 21:07:09,303 - elsapy.elsprofile - INFO - Module loaded.
2024-04-24 21:07:09,303 - elsapy.elsdoc - INFO - Module loaded.
2024-04-24 21:07:09,304 - elsapy.elssearch - INFO - Module loaded.
2024-04-24 21:08:00,705 - elsapy.elsclient - INFO - Module loaded.
2024-04-24 21:08:00,706 - elsapy.elsentity - INFO - Module loaded.
2024-04-24 21:08:00,706 - elsapy.utils - INFO - Module loaded.
2024-04-24 21:08:00,707 - elsapy.elsprofile - INFO - Module loaded.
2024-04-24 21:08:00,707 - elsapy.elsdoc - INFO - Module loaded.
2024-04-24 21:08:00,708 - elsapy.elssearch - INFO - Module loaded.
2024-04-24 21:12:49,783 - elsapy.elsclient - INFO - Module loaded.
2024-04-24 21:12:49,785 - elsapy.elsentity - INFO - Module loaded.
2024-04-24 21:12:49,786 - elsapy.utils - INFO - Module loaded.
2024-04-24 21:12:49,786 - elsapy.elsprofile - INFO - Module loaded.
2024-04-24 21:12:49,787 - elsapy.elsdoc - INFO - Module loaded.
2024-04-24 21:12:49,787 - elsapy.elssearch - INFO - Module loaded.
2024-04-24 21:15:00,741 - elsapy.elsclient - INFO - Module loaded.
2024-04-24 21:15:00,742 - elsapy.elsentity - INFO - Module loaded.
2024-04-24 21:15:00,743 - elsapy.utils - INFO - Module loaded.
2024-04-24 21:15:00,743 - elsapy.elsprofile - INFO - Module loaded.
2024-04-24 21:15:00,744 - elsapy.elsdoc - INFO - Module loaded.
2024-04-24 21:15:00,744 - elsapy.elssearch - INFO - Module loaded.
2024-04-24 21:15:54,548 - elsapy.elsclient - INFO - Module loaded.
2024-04-24 21:15:54,549 - elsapy.elsentity - INFO - Module loaded.
2024-04-24 21:15:54,550 - elsapy.utils - INFO - Module loaded.
2024-04-24 21:15:54,550 - elsapy.elsprofile - INFO - Module loaded.
2024-04-24 21:15:54,551 - elsapy.elsdoc - INFO - Module loaded.
2024-04-24 21:15:54,552 - elsapy.elssearch - INFO - Module loaded.
2024-04-24 21:16:44,609 - elsapy.elsclient - INFO - Module loaded.
2024-04-24 21:16:44,610 - elsapy.elsentity - INFO - Module loaded.
2024-04-24 21:16:44,611 - elsapy.utils - INFO - Module loaded.
2024-04-24 21:16:44,611 - elsapy.elsprofile - INFO - Module loaded.
2024-04-24 21:16:44,612 - elsapy.elsdoc - INFO - Module loaded.
2024-04-24 21:16:44,613 - elsapy.elssearch - INFO - Module loaded.
2024-04-24 21:18:02,426 - elsapy.elsclient - INFO - Module loaded.
2024-04-24 21:18:02,428 - elsapy.elsentity - INFO - Module loaded.
2024-04-24 21:18:02,428 - elsapy.utils - INFO - Module loaded.
2024-04-24 21:18:02,428 - elsapy.elsprofile - INFO - Module loaded.
2024-04-24 21:18:02,429 - elsapy.elsdoc - INFO - Module loaded.
2024-04-24 21:18:02,430 - elsapy.elssearch - INFO - Module loaded.
2024-04-24 21:19:54,804 - elsapy.elsclient - INFO - Module loaded.
2024-04-24 21:19:54,805 - elsapy.elsentity - INFO - Module loaded.
2024-04-24 21:19:54,806 - elsapy.utils - INFO - Module loaded.
2024-04-24 21:19:54,806 - elsapy.elsprofile - INFO - Module loaded.
2024-04-24 21:19:54,807 - elsapy.elsdoc - INFO - Module loaded.
2024-04-24 21:19:54,807 - elsapy.elssearch - INFO - Module loaded.
