2024-05-01 09:46:41,158 - elsapy.elsclient - INFO - Module loaded.
2024-05-01 09:46:41,160 - elsapy.elsentity - INFO - Module loaded.
2024-05-01 09:46:41,161 - elsapy.utils - INFO - Module loaded.
2024-05-01 09:46:41,161 - elsapy.elsprofile - INFO - Module loaded.
2024-05-01 09:46:41,162 - elsapy.elsdoc - INFO - Module loaded.
2024-05-01 09:46:41,163 - elsapy.elssearch - INFO - Module loaded.
2024-05-01 09:47:02,819 - elsapy.elsclient - INFO - Module loaded.
2024-05-01 09:47:02,821 - elsapy.elsentity - INFO - Module loaded.
2024-05-01 09:47:02,821 - elsapy.utils - INFO - Module loaded.
2024-05-01 09:47:02,822 - elsapy.elsprofile - INFO - Module loaded.
2024-05-01 09:47:02,822 - elsapy.elsdoc - INFO - Module loaded.
2024-05-01 09:47:02,825 - elsapy.elssearch - INFO - Module loaded.
2024-05-01 09:49:44,550 - elsapy.elsclient - INFO - Module loaded.
2024-05-01 09:49:44,551 - elsapy.elsentity - INFO - Module loaded.
2024-05-01 09:49:44,552 - elsapy.utils - INFO - Module loaded.
2024-05-01 09:49:44,552 - elsapy.elsprofile - INFO - Module loaded.
2024-05-01 09:49:44,552 - elsapy.elsdoc - INFO - Module loaded.
2024-05-01 09:49:44,553 - elsapy.elssearch - INFO - Module loaded.
2024-05-01 12:14:31,726 - elsapy.elsclient - INFO - Module loaded.
2024-05-01 12:14:31,727 - elsapy.elsentity - INFO - Module loaded.
2024-05-01 12:14:31,728 - elsapy.utils - INFO - Module loaded.
2024-05-01 12:14:31,728 - elsapy.elsprofile - INFO - Module loaded.
2024-05-01 12:14:31,729 - elsapy.elsdoc - INFO - Module loaded.
2024-05-01 12:14:31,729 - elsapy.elssearch - INFO - Module loaded.
2024-05-01 12:16:34,845 - elsapy.elsclient - INFO - Module loaded.
2024-05-01 12:16:34,847 - elsapy.elsentity - INFO - Module loaded.
2024-05-01 12:16:34,847 - elsapy.utils - INFO - Module loaded.
2024-05-01 12:16:34,847 - elsapy.elsprofile - INFO - Module loaded.
2024-05-01 12:16:34,848 - elsapy.elsdoc - INFO - Module loaded.
2024-05-01 12:16:34,849 - elsapy.elssearch - INFO - Module loaded.
2024-05-01 12:20:07,485 - elsapy.elsclient - INFO - Module loaded.
2024-05-01 12:20:07,486 - elsapy.elsentity - INFO - Module loaded.
2024-05-01 12:20:07,487 - elsapy.utils - INFO - Module loaded.
2024-05-01 12:20:07,487 - elsapy.elsprofile - INFO - Module loaded.
2024-05-01 12:20:07,487 - elsapy.elsdoc - INFO - Module loaded.
2024-05-01 12:20:07,488 - elsapy.elssearch - INFO - Module loaded.
2024-05-01 12:21:07,514 - elsapy.elsclient - INFO - Module loaded.
2024-05-01 12:21:07,515 - elsapy.elsentity - INFO - Module loaded.
2024-05-01 12:21:07,516 - elsapy.utils - INFO - Module loaded.
2024-05-01 12:21:07,516 - elsapy.elsprofile - INFO - Module loaded.
2024-05-01 12:21:07,517 - elsapy.elsdoc - INFO - Module loaded.
2024-05-01 12:21:07,518 - elsapy.elssearch - INFO - Module loaded.
2024-05-01 15:25:55,569 - elsapy.elsclient - INFO - Module loaded.
2024-05-01 15:25:55,571 - elsapy.elsentity - INFO - Module loaded.
2024-05-01 15:25:55,571 - elsapy.utils - INFO - Module loaded.
2024-05-01 15:25:55,572 - elsapy.elsprofile - INFO - Module loaded.
2024-05-01 15:25:55,572 - elsapy.elsdoc - INFO - Module loaded.
2024-05-01 15:25:55,573 - elsapy.elssearch - INFO - Module loaded.
2024-05-01 15:29:12,189 - elsapy.elsclient - INFO - Module loaded.
2024-05-01 15:29:12,190 - elsapy.elsentity - INFO - Module loaded.
2024-05-01 15:29:12,191 - elsapy.utils - INFO - Module loaded.
2024-05-01 15:29:12,191 - elsapy.elsprofile - INFO - Module loaded.
2024-05-01 15:29:12,192 - elsapy.elsdoc - INFO - Module loaded.
2024-05-01 15:29:12,193 - elsapy.elssearch - INFO - Module loaded.
2024-05-01 15:32:00,192 - elsapy.elsclient - INFO - Module loaded.
2024-05-01 15:32:00,193 - elsapy.elsentity - INFO - Module loaded.
2024-05-01 15:32:00,194 - elsapy.utils - INFO - Module loaded.
2024-05-01 15:32:00,194 - elsapy.elsprofile - INFO - Module loaded.
2024-05-01 15:32:00,195 - elsapy.elsdoc - INFO - Module loaded.
2024-05-01 15:32:00,195 - elsapy.elssearch - INFO - Module loaded.
2024-05-01 15:37:08,131 - elsapy.elsclient - INFO - Module loaded.
2024-05-01 15:37:08,133 - elsapy.elsentity - INFO - Module loaded.
2024-05-01 15:37:08,133 - elsapy.utils - INFO - Module loaded.
2024-05-01 15:37:08,133 - elsapy.elsprofile - INFO - Module loaded.
2024-05-01 15:37:08,134 - elsapy.elsdoc - INFO - Module loaded.
2024-05-01 15:37:08,135 - elsapy.elssearch - INFO - Module loaded.
2024-05-01 15:48:05,267 - elsapy.elsclient - INFO - Module loaded.
2024-05-01 15:48:05,269 - elsapy.elsentity - INFO - Module loaded.
2024-05-01 15:48:05,269 - elsapy.utils - INFO - Module loaded.
2024-05-01 15:48:05,270 - elsapy.elsprofile - INFO - Module loaded.
2024-05-01 15:48:05,270 - elsapy.elsdoc - INFO - Module loaded.
2024-05-01 15:48:05,271 - elsapy.elssearch - INFO - Module loaded.
2024-05-01 15:52:56,735 - elsapy.elsclient - INFO - Module loaded.
2024-05-01 15:52:56,736 - elsapy.elsentity - INFO - Module loaded.
2024-05-01 15:52:56,737 - elsapy.utils - INFO - Module loaded.
2024-05-01 15:52:56,737 - elsapy.elsprofile - INFO - Module loaded.
2024-05-01 15:52:56,738 - elsapy.elsdoc - INFO - Module loaded.
2024-05-01 15:52:56,738 - elsapy.elssearch - INFO - Module loaded.
2024-05-01 16:19:47,660 - elsapy.elsclient - INFO - Module loaded.
2024-05-01 16:19:47,661 - elsapy.elsentity - INFO - Module loaded.
2024-05-01 16:19:47,662 - elsapy.utils - INFO - Module loaded.
2024-05-01 16:19:47,662 - elsapy.elsprofile - INFO - Module loaded.
2024-05-01 16:19:47,663 - elsapy.elsdoc - INFO - Module loaded.
2024-05-01 16:19:47,664 - elsapy.elssearch - INFO - Module loaded.
2024-05-01 18:45:02,931 - elsapy.elsclient - INFO - Module loaded.
2024-05-01 18:45:02,932 - elsapy.elsentity - INFO - Module loaded.
2024-05-01 18:45:02,933 - elsapy.utils - INFO - Module loaded.
2024-05-01 18:45:02,933 - elsapy.elsprofile - INFO - Module loaded.
2024-05-01 18:45:02,934 - elsapy.elsdoc - INFO - Module loaded.
2024-05-01 18:45:02,934 - elsapy.elssearch - INFO - Module loaded.
2024-05-01 22:17:53,478 - elsapy.elsclient - INFO - Module loaded.
2024-05-01 22:17:53,479 - elsapy.elsentity - INFO - Module loaded.
2024-05-01 22:17:53,480 - elsapy.utils - INFO - Module loaded.
2024-05-01 22:17:53,480 - elsapy.elsprofile - INFO - Module loaded.
2024-05-01 22:17:53,481 - elsapy.elsdoc - INFO - Module loaded.
2024-05-01 22:17:53,482 - elsapy.elssearch - INFO - Module loaded.
2024-05-01 22:18:29,376 - elsapy.elsclient - INFO - Module loaded.
2024-05-01 22:18:29,378 - elsapy.elsentity - INFO - Module loaded.
2024-05-01 22:18:29,378 - elsapy.utils - INFO - Module loaded.
2024-05-01 22:18:29,378 - elsapy.elsprofile - INFO - Module loaded.
2024-05-01 22:18:29,379 - elsapy.elsdoc - INFO - Module loaded.
2024-05-01 22:18:29,380 - elsapy.elssearch - INFO - Module loaded.
