2024-07-25 00:31:58,088 - elsapy.elsclient - INFO - Module loaded.
2024-07-25 00:31:58,089 - elsapy.elsentity - INFO - Module loaded.
2024-07-25 00:31:58,089 - elsapy.utils - INFO - Module loaded.
2024-07-25 00:31:58,090 - elsapy.elsprofile - INFO - Module loaded.
2024-07-25 00:31:58,090 - elsapy.elsdoc - INFO - Module loaded.
2024-07-25 00:31:58,091 - elsapy.elssearch - INFO - Module loaded.
2024-07-25 14:57:39,072 - elsapy.elsclient - INFO - Module loaded.
2024-07-25 14:57:39,073 - elsapy.elsentity - INFO - Module loaded.
2024-07-25 14:57:39,074 - elsapy.utils - INFO - Module loaded.
2024-07-25 14:57:39,074 - elsapy.elsprofile - INFO - Module loaded.
2024-07-25 14:57:39,075 - elsapy.elsdoc - INFO - Module loaded.
2024-07-25 14:57:39,077 - elsapy.elssearch - INFO - Module loaded.
2024-07-25 15:38:26,832 - elsapy.elsclient - INFO - Module loaded.
2024-07-25 15:38:26,833 - elsapy.elsentity - INFO - Module loaded.
2024-07-25 15:38:26,833 - elsapy.utils - INFO - Module loaded.
2024-07-25 15:38:26,834 - elsapy.elsprofile - INFO - Module loaded.
2024-07-25 15:38:26,834 - elsapy.elsdoc - INFO - Module loaded.
2024-07-25 15:38:26,835 - elsapy.elssearch - INFO - Module loaded.
2024-07-25 15:41:49,275 - elsapy.elsclient - INFO - Module loaded.
2024-07-25 15:41:49,276 - elsapy.elsentity - INFO - Module loaded.
2024-07-25 15:41:49,277 - elsapy.utils - INFO - Module loaded.
2024-07-25 15:41:49,277 - elsapy.elsprofile - INFO - Module loaded.
2024-07-25 15:41:49,278 - elsapy.elsdoc - INFO - Module loaded.
2024-07-25 15:41:49,278 - elsapy.elssearch - INFO - Module loaded.
2024-07-25 15:43:21,439 - elsapy.elsclient - INFO - Module loaded.
2024-07-25 15:43:21,440 - elsapy.elsentity - INFO - Module loaded.
2024-07-25 15:43:21,441 - elsapy.utils - INFO - Module loaded.
2024-07-25 15:43:21,441 - elsapy.elsprofile - INFO - Module loaded.
2024-07-25 15:43:21,442 - elsapy.elsdoc - INFO - Module loaded.
2024-07-25 15:43:21,443 - elsapy.elssearch - INFO - Module loaded.
2024-07-25 15:57:53,586 - elsapy.elsclient - INFO - Module loaded.
2024-07-25 15:57:53,588 - elsapy.elsentity - INFO - Module loaded.
2024-07-25 15:57:53,588 - elsapy.utils - INFO - Module loaded.
2024-07-25 15:57:53,588 - elsapy.elsprofile - INFO - Module loaded.
2024-07-25 15:57:53,589 - elsapy.elsdoc - INFO - Module loaded.
2024-07-25 15:57:53,590 - elsapy.elssearch - INFO - Module loaded.
2024-07-25 16:02:29,286 - elsapy.elsclient - INFO - Module loaded.
2024-07-25 16:02:29,288 - elsapy.elsentity - INFO - Module loaded.
2024-07-25 16:02:29,288 - elsapy.utils - INFO - Module loaded.
2024-07-25 16:02:29,288 - elsapy.elsprofile - INFO - Module loaded.
2024-07-25 16:02:29,289 - elsapy.elsdoc - INFO - Module loaded.
2024-07-25 16:02:29,290 - elsapy.elssearch - INFO - Module loaded.
2024-07-25 16:11:48,229 - elsapy.elsclient - INFO - Module loaded.
2024-07-25 16:11:48,230 - elsapy.elsentity - INFO - Module loaded.
2024-07-25 16:11:48,231 - elsapy.utils - INFO - Module loaded.
2024-07-25 16:11:48,231 - elsapy.elsprofile - INFO - Module loaded.
2024-07-25 16:11:48,232 - elsapy.elsdoc - INFO - Module loaded.
2024-07-25 16:11:48,233 - elsapy.elssearch - INFO - Module loaded.
2024-07-25 16:23:20,750 - elsapy.elsclient - INFO - Module loaded.
2024-07-25 16:23:20,751 - elsapy.elsentity - INFO - Module loaded.
2024-07-25 16:23:20,751 - elsapy.utils - INFO - Module loaded.
2024-07-25 16:23:20,752 - elsapy.elsprofile - INFO - Module loaded.
2024-07-25 16:23:20,752 - elsapy.elsdoc - INFO - Module loaded.
2024-07-25 16:23:20,753 - elsapy.elssearch - INFO - Module loaded.
2024-07-25 16:23:35,831 - elsapy.elsclient - INFO - Module loaded.
2024-07-25 16:23:35,832 - elsapy.elsentity - INFO - Module loaded.
2024-07-25 16:23:35,833 - elsapy.utils - INFO - Module loaded.
2024-07-25 16:23:35,833 - elsapy.elsprofile - INFO - Module loaded.
2024-07-25 16:23:35,834 - elsapy.elsdoc - INFO - Module loaded.
2024-07-25 16:23:35,835 - elsapy.elssearch - INFO - Module loaded.
2024-07-25 16:40:13,746 - elsapy.elsclient - INFO - Module loaded.
2024-07-25 16:40:13,747 - elsapy.elsentity - INFO - Module loaded.
2024-07-25 16:40:13,748 - elsapy.utils - INFO - Module loaded.
2024-07-25 16:40:13,748 - elsapy.elsprofile - INFO - Module loaded.
2024-07-25 16:40:13,749 - elsapy.elsdoc - INFO - Module loaded.
2024-07-25 16:40:13,750 - elsapy.elssearch - INFO - Module loaded.
2024-07-25 16:44:18,804 - elsapy.elsclient - INFO - Module loaded.
2024-07-25 16:44:18,805 - elsapy.elsentity - INFO - Module loaded.
2024-07-25 16:44:18,806 - elsapy.utils - INFO - Module loaded.
2024-07-25 16:44:18,806 - elsapy.elsprofile - INFO - Module loaded.
2024-07-25 16:44:18,806 - elsapy.elsdoc - INFO - Module loaded.
2024-07-25 16:44:18,807 - elsapy.elssearch - INFO - Module loaded.
2024-07-25 16:45:31,237 - elsapy.elsclient - INFO - Module loaded.
2024-07-25 16:45:31,238 - elsapy.elsentity - INFO - Module loaded.
2024-07-25 16:45:31,239 - elsapy.utils - INFO - Module loaded.
2024-07-25 16:45:31,239 - elsapy.elsprofile - INFO - Module loaded.
2024-07-25 16:45:31,240 - elsapy.elsdoc - INFO - Module loaded.
2024-07-25 16:45:31,240 - elsapy.elssearch - INFO - Module loaded.
2024-07-25 16:46:54,169 - elsapy.elsclient - INFO - Module loaded.
2024-07-25 16:46:54,170 - elsapy.elsentity - INFO - Module loaded.
2024-07-25 16:46:54,170 - elsapy.utils - INFO - Module loaded.
2024-07-25 16:46:54,171 - elsapy.elsprofile - INFO - Module loaded.
2024-07-25 16:46:54,171 - elsapy.elsdoc - INFO - Module loaded.
2024-07-25 16:46:54,172 - elsapy.elssearch - INFO - Module loaded.
2024-07-25 16:54:35,958 - elsapy.elsclient - INFO - Module loaded.
2024-07-25 16:54:35,959 - elsapy.elsentity - INFO - Module loaded.
2024-07-25 16:54:35,959 - elsapy.utils - INFO - Module loaded.
2024-07-25 16:54:35,959 - elsapy.elsprofile - INFO - Module loaded.
2024-07-25 16:54:35,960 - elsapy.elsdoc - INFO - Module loaded.
2024-07-25 16:54:35,961 - elsapy.elssearch - INFO - Module loaded.
2024-07-25 18:19:22,021 - elsapy.elsclient - INFO - Module loaded.
2024-07-25 18:19:22,022 - elsapy.elsentity - INFO - Module loaded.
2024-07-25 18:19:22,023 - elsapy.utils - INFO - Module loaded.
2024-07-25 18:19:22,023 - elsapy.elsprofile - INFO - Module loaded.
2024-07-25 18:19:22,024 - elsapy.elsdoc - INFO - Module loaded.
2024-07-25 18:19:22,025 - elsapy.elssearch - INFO - Module loaded.
2024-07-25 18:22:28,489 - elsapy.elsclient - INFO - Module loaded.
2024-07-25 18:22:28,490 - elsapy.elsentity - INFO - Module loaded.
2024-07-25 18:22:28,491 - elsapy.utils - INFO - Module loaded.
2024-07-25 18:22:28,491 - elsapy.elsprofile - INFO - Module loaded.
2024-07-25 18:22:28,492 - elsapy.elsdoc - INFO - Module loaded.
2024-07-25 18:22:28,493 - elsapy.elssearch - INFO - Module loaded.
2024-07-25 18:26:32,213 - elsapy.elsclient - INFO - Module loaded.
2024-07-25 18:26:32,214 - elsapy.elsentity - INFO - Module loaded.
2024-07-25 18:26:32,215 - elsapy.utils - INFO - Module loaded.
2024-07-25 18:26:32,215 - elsapy.elsprofile - INFO - Module loaded.
2024-07-25 18:26:32,216 - elsapy.elsdoc - INFO - Module loaded.
2024-07-25 18:26:32,217 - elsapy.elssearch - INFO - Module loaded.
2024-07-25 18:29:06,341 - elsapy.elsclient - INFO - Module loaded.
2024-07-25 18:29:06,342 - elsapy.elsentity - INFO - Module loaded.
2024-07-25 18:29:06,343 - elsapy.utils - INFO - Module loaded.
2024-07-25 18:29:06,343 - elsapy.elsprofile - INFO - Module loaded.
2024-07-25 18:29:06,344 - elsapy.elsdoc - INFO - Module loaded.
2024-07-25 18:29:06,344 - elsapy.elssearch - INFO - Module loaded.
2024-07-25 18:35:10,000 - elsapy.elsclient - INFO - Module loaded.
2024-07-25 18:35:10,001 - elsapy.elsentity - INFO - Module loaded.
2024-07-25 18:35:10,002 - elsapy.utils - INFO - Module loaded.
2024-07-25 18:35:10,002 - elsapy.elsprofile - INFO - Module loaded.
2024-07-25 18:35:10,003 - elsapy.elsdoc - INFO - Module loaded.
2024-07-25 18:35:10,004 - elsapy.elssearch - INFO - Module loaded.
2024-07-25 18:41:08,750 - elsapy.elsclient - INFO - Module loaded.
2024-07-25 18:41:08,751 - elsapy.elsentity - INFO - Module loaded.
2024-07-25 18:41:08,752 - elsapy.utils - INFO - Module loaded.
2024-07-25 18:41:08,752 - elsapy.elsprofile - INFO - Module loaded.
2024-07-25 18:41:08,753 - elsapy.elsdoc - INFO - Module loaded.
2024-07-25 18:41:08,753 - elsapy.elssearch - INFO - Module loaded.
2024-07-25 18:42:19,948 - elsapy.elsclient - INFO - Module loaded.
2024-07-25 18:42:19,949 - elsapy.elsentity - INFO - Module loaded.
2024-07-25 18:42:19,949 - elsapy.utils - INFO - Module loaded.
2024-07-25 18:42:19,950 - elsapy.elsprofile - INFO - Module loaded.
2024-07-25 18:42:19,950 - elsapy.elsdoc - INFO - Module loaded.
2024-07-25 18:42:19,951 - elsapy.elssearch - INFO - Module loaded.
2024-07-25 18:43:54,934 - elsapy.elsclient - INFO - Module loaded.
2024-07-25 18:43:54,935 - elsapy.elsentity - INFO - Module loaded.
2024-07-25 18:43:54,936 - elsapy.utils - INFO - Module loaded.
2024-07-25 18:43:54,936 - elsapy.elsprofile - INFO - Module loaded.
2024-07-25 18:43:54,937 - elsapy.elsdoc - INFO - Module loaded.
2024-07-25 18:43:54,937 - elsapy.elssearch - INFO - Module loaded.
2024-07-25 18:46:06,294 - elsapy.elsclient - INFO - Module loaded.
2024-07-25 18:46:06,295 - elsapy.elsentity - INFO - Module loaded.
2024-07-25 18:46:06,296 - elsapy.utils - INFO - Module loaded.
2024-07-25 18:46:06,296 - elsapy.elsprofile - INFO - Module loaded.
2024-07-25 18:46:06,297 - elsapy.elsdoc - INFO - Module loaded.
2024-07-25 18:46:06,297 - elsapy.elssearch - INFO - Module loaded.
2024-07-25 18:48:14,285 - elsapy.elsclient - INFO - Module loaded.
2024-07-25 18:48:14,286 - elsapy.elsentity - INFO - Module loaded.
2024-07-25 18:48:14,287 - elsapy.utils - INFO - Module loaded.
2024-07-25 18:48:14,287 - elsapy.elsprofile - INFO - Module loaded.
2024-07-25 18:48:14,288 - elsapy.elsdoc - INFO - Module loaded.
2024-07-25 18:48:14,288 - elsapy.elssearch - INFO - Module loaded.
2024-07-25 18:55:13,084 - elsapy.elsclient - INFO - Module loaded.
2024-07-25 18:55:13,085 - elsapy.elsentity - INFO - Module loaded.
2024-07-25 18:55:13,086 - elsapy.utils - INFO - Module loaded.
2024-07-25 18:55:13,086 - elsapy.elsprofile - INFO - Module loaded.
2024-07-25 18:55:13,087 - elsapy.elsdoc - INFO - Module loaded.
2024-07-25 18:55:13,087 - elsapy.elssearch - INFO - Module loaded.
2024-07-25 18:58:45,422 - elsapy.elsclient - INFO - Module loaded.
2024-07-25 18:58:45,423 - elsapy.elsentity - INFO - Module loaded.
2024-07-25 18:58:45,423 - elsapy.utils - INFO - Module loaded.
2024-07-25 18:58:45,424 - elsapy.elsprofile - INFO - Module loaded.
2024-07-25 18:58:45,424 - elsapy.elsdoc - INFO - Module loaded.
2024-07-25 18:58:45,425 - elsapy.elssearch - INFO - Module loaded.
2024-07-25 19:00:22,805 - elsapy.elsclient - INFO - Module loaded.
2024-07-25 19:00:22,806 - elsapy.elsentity - INFO - Module loaded.
2024-07-25 19:00:22,807 - elsapy.utils - INFO - Module loaded.
2024-07-25 19:00:22,807 - elsapy.elsprofile - INFO - Module loaded.
2024-07-25 19:00:22,808 - elsapy.elsdoc - INFO - Module loaded.
2024-07-25 19:00:22,809 - elsapy.elssearch - INFO - Module loaded.
2024-07-25 19:03:02,654 - elsapy.elsclient - INFO - Module loaded.
2024-07-25 19:03:02,655 - elsapy.elsentity - INFO - Module loaded.
2024-07-25 19:03:02,655 - elsapy.utils - INFO - Module loaded.
2024-07-25 19:03:02,656 - elsapy.elsprofile - INFO - Module loaded.
2024-07-25 19:03:02,656 - elsapy.elsdoc - INFO - Module loaded.
2024-07-25 19:03:02,657 - elsapy.elssearch - INFO - Module loaded.
2024-07-25 19:05:47,585 - elsapy.elsclient - INFO - Module loaded.
2024-07-25 19:05:47,586 - elsapy.elsentity - INFO - Module loaded.
2024-07-25 19:05:47,587 - elsapy.utils - INFO - Module loaded.
2024-07-25 19:05:47,587 - elsapy.elsprofile - INFO - Module loaded.
2024-07-25 19:05:47,588 - elsapy.elsdoc - INFO - Module loaded.
2024-07-25 19:05:47,589 - elsapy.elssearch - INFO - Module loaded.
2024-07-25 19:12:31,013 - elsapy.elsclient - INFO - Module loaded.
2024-07-25 19:12:31,014 - elsapy.elsentity - INFO - Module loaded.
2024-07-25 19:12:31,014 - elsapy.utils - INFO - Module loaded.
2024-07-25 19:12:31,015 - elsapy.elsprofile - INFO - Module loaded.
2024-07-25 19:12:31,015 - elsapy.elsdoc - INFO - Module loaded.
2024-07-25 19:12:31,016 - elsapy.elssearch - INFO - Module loaded.
2024-07-25 19:17:33,509 - elsapy.elsclient - INFO - Module loaded.
2024-07-25 19:17:33,510 - elsapy.elsentity - INFO - Module loaded.
2024-07-25 19:17:33,511 - elsapy.utils - INFO - Module loaded.
2024-07-25 19:17:33,511 - elsapy.elsprofile - INFO - Module loaded.
2024-07-25 19:17:33,512 - elsapy.elsdoc - INFO - Module loaded.
2024-07-25 19:17:33,513 - elsapy.elssearch - INFO - Module loaded.
2024-07-25 19:26:12,231 - elsapy.elsclient - INFO - Module loaded.
2024-07-25 19:26:12,232 - elsapy.elsentity - INFO - Module loaded.
2024-07-25 19:26:12,232 - elsapy.utils - INFO - Module loaded.
2024-07-25 19:26:12,233 - elsapy.elsprofile - INFO - Module loaded.
2024-07-25 19:26:12,233 - elsapy.elsdoc - INFO - Module loaded.
2024-07-25 19:26:12,234 - elsapy.elssearch - INFO - Module loaded.
2024-07-25 19:34:31,145 - elsapy.elsclient - INFO - Module loaded.
2024-07-25 19:34:31,146 - elsapy.elsentity - INFO - Module loaded.
2024-07-25 19:34:31,146 - elsapy.utils - INFO - Module loaded.
2024-07-25 19:34:31,147 - elsapy.elsprofile - INFO - Module loaded.
2024-07-25 19:34:31,147 - elsapy.elsdoc - INFO - Module loaded.
2024-07-25 19:34:31,148 - elsapy.elssearch - INFO - Module loaded.
2024-07-25 21:45:44,420 - elsapy.elsclient - INFO - Module loaded.
2024-07-25 21:45:44,421 - elsapy.elsentity - INFO - Module loaded.
2024-07-25 21:45:44,421 - elsapy.utils - INFO - Module loaded.
2024-07-25 21:45:44,422 - elsapy.elsprofile - INFO - Module loaded.
2024-07-25 21:45:44,422 - elsapy.elsdoc - INFO - Module loaded.
2024-07-25 21:45:44,423 - elsapy.elssearch - INFO - Module loaded.
2024-07-25 21:47:20,429 - elsapy.elsclient - INFO - Module loaded.
2024-07-25 21:47:20,430 - elsapy.elsentity - INFO - Module loaded.
2024-07-25 21:47:20,430 - elsapy.utils - INFO - Module loaded.
2024-07-25 21:47:20,431 - elsapy.elsprofile - INFO - Module loaded.
2024-07-25 21:47:20,431 - elsapy.elsdoc - INFO - Module loaded.
2024-07-25 21:47:20,432 - elsapy.elssearch - INFO - Module loaded.
2024-07-25 21:56:11,281 - elsapy.elsclient - INFO - Module loaded.
2024-07-25 21:56:11,282 - elsapy.elsentity - INFO - Module loaded.
2024-07-25 21:56:11,282 - elsapy.utils - INFO - Module loaded.
2024-07-25 21:56:11,283 - elsapy.elsprofile - INFO - Module loaded.
2024-07-25 21:56:11,283 - elsapy.elsdoc - INFO - Module loaded.
2024-07-25 21:56:11,284 - elsapy.elssearch - INFO - Module loaded.
2024-07-25 22:05:03,539 - elsapy.elsclient - INFO - Module loaded.
2024-07-25 22:05:03,540 - elsapy.elsentity - INFO - Module loaded.
2024-07-25 22:05:03,541 - elsapy.utils - INFO - Module loaded.
2024-07-25 22:05:03,541 - elsapy.elsprofile - INFO - Module loaded.
2024-07-25 22:05:03,542 - elsapy.elsdoc - INFO - Module loaded.
2024-07-25 22:05:03,543 - elsapy.elssearch - INFO - Module loaded.
2024-07-25 22:07:12,470 - elsapy.elsclient - INFO - Module loaded.
2024-07-25 22:07:12,471 - elsapy.elsentity - INFO - Module loaded.
2024-07-25 22:07:12,472 - elsapy.utils - INFO - Module loaded.
2024-07-25 22:07:12,472 - elsapy.elsprofile - INFO - Module loaded.
2024-07-25 22:07:12,472 - elsapy.elsdoc - INFO - Module loaded.
2024-07-25 22:07:12,473 - elsapy.elssearch - INFO - Module loaded.
2024-07-25 22:11:05,921 - elsapy.elsclient - INFO - Module loaded.
2024-07-25 22:11:05,922 - elsapy.elsentity - INFO - Module loaded.
2024-07-25 22:11:05,923 - elsapy.utils - INFO - Module loaded.
2024-07-25 22:11:05,923 - elsapy.elsprofile - INFO - Module loaded.
2024-07-25 22:11:05,924 - elsapy.elsdoc - INFO - Module loaded.
2024-07-25 22:11:05,924 - elsapy.elssearch - INFO - Module loaded.
2024-07-25 22:47:17,032 - elsapy.elsclient - INFO - Module loaded.
2024-07-25 22:47:17,033 - elsapy.elsentity - INFO - Module loaded.
2024-07-25 22:47:17,033 - elsapy.utils - INFO - Module loaded.
2024-07-25 22:47:17,034 - elsapy.elsprofile - INFO - Module loaded.
2024-07-25 22:47:17,034 - elsapy.elsdoc - INFO - Module loaded.
2024-07-25 22:47:17,035 - elsapy.elssearch - INFO - Module loaded.
2024-07-25 22:47:32,645 - elsapy.elsclient - INFO - Module loaded.
2024-07-25 22:47:32,646 - elsapy.elsentity - INFO - Module loaded.
2024-07-25 22:47:32,647 - elsapy.utils - INFO - Module loaded.
2024-07-25 22:47:32,647 - elsapy.elsprofile - INFO - Module loaded.
2024-07-25 22:47:32,648 - elsapy.elsdoc - INFO - Module loaded.
2024-07-25 22:47:32,648 - elsapy.elssearch - INFO - Module loaded.
2024-07-25 22:48:43,937 - elsapy.elsclient - INFO - Module loaded.
2024-07-25 22:48:43,938 - elsapy.elsentity - INFO - Module loaded.
2024-07-25 22:48:43,939 - elsapy.utils - INFO - Module loaded.
2024-07-25 22:48:43,939 - elsapy.elsprofile - INFO - Module loaded.
2024-07-25 22:48:43,940 - elsapy.elsdoc - INFO - Module loaded.
2024-07-25 22:48:43,940 - elsapy.elssearch - INFO - Module loaded.
2024-07-25 22:50:10,453 - elsapy.elsclient - INFO - Module loaded.
2024-07-25 22:50:10,454 - elsapy.elsentity - INFO - Module loaded.
2024-07-25 22:50:10,455 - elsapy.utils - INFO - Module loaded.
2024-07-25 22:50:10,455 - elsapy.elsprofile - INFO - Module loaded.
2024-07-25 22:50:10,456 - elsapy.elsdoc - INFO - Module loaded.
2024-07-25 22:50:10,457 - elsapy.elssearch - INFO - Module loaded.
2024-07-25 22:50:48,680 - elsapy.elsclient - INFO - Module loaded.
2024-07-25 22:50:48,681 - elsapy.elsentity - INFO - Module loaded.
2024-07-25 22:50:48,682 - elsapy.utils - INFO - Module loaded.
2024-07-25 22:50:48,682 - elsapy.elsprofile - INFO - Module loaded.
2024-07-25 22:50:48,683 - elsapy.elsdoc - INFO - Module loaded.
2024-07-25 22:50:48,684 - elsapy.elssearch - INFO - Module loaded.
2024-07-25 22:52:31,538 - elsapy.elsclient - INFO - Module loaded.
2024-07-25 22:52:31,539 - elsapy.elsentity - INFO - Module loaded.
2024-07-25 22:52:31,539 - elsapy.utils - INFO - Module loaded.
2024-07-25 22:52:31,540 - elsapy.elsprofile - INFO - Module loaded.
2024-07-25 22:52:31,540 - elsapy.elsdoc - INFO - Module loaded.
2024-07-25 22:52:31,541 - elsapy.elssearch - INFO - Module loaded.
2024-07-25 23:05:42,087 - elsapy.elsclient - INFO - Module loaded.
2024-07-25 23:05:42,088 - elsapy.elsentity - INFO - Module loaded.
2024-07-25 23:05:42,089 - elsapy.utils - INFO - Module loaded.
2024-07-25 23:05:42,089 - elsapy.elsprofile - INFO - Module loaded.
2024-07-25 23:05:42,090 - elsapy.elsdoc - INFO - Module loaded.
2024-07-25 23:05:42,090 - elsapy.elssearch - INFO - Module loaded.
