2024-06-08 12:11:16,984 - elsapy.elsclient - INFO - Module loaded.
2024-06-08 12:11:16,985 - elsapy.elsentity - INFO - Module loaded.
2024-06-08 12:11:16,986 - elsapy.utils - INFO - Module loaded.
2024-06-08 12:11:16,986 - elsapy.elsprofile - INFO - Module loaded.
2024-06-08 12:11:16,987 - elsapy.elsdoc - INFO - Module loaded.
2024-06-08 12:11:16,988 - elsapy.elssearch - INFO - Module loaded.
2024-06-08 12:11:31,257 - elsapy.elsclient - INFO - Module loaded.
2024-06-08 12:11:31,258 - elsapy.elsentity - INFO - Module loaded.
2024-06-08 12:11:31,259 - elsapy.utils - INFO - Module loaded.
2024-06-08 12:11:31,259 - elsapy.elsprofile - INFO - Module loaded.
2024-06-08 12:11:31,260 - elsapy.elsdoc - INFO - Module loaded.
2024-06-08 12:11:31,262 - elsapy.elssearch - INFO - Module loaded.
2024-06-08 12:12:10,513 - elsapy.elsclient - INFO - Module loaded.
2024-06-08 12:12:10,514 - elsapy.elsentity - INFO - Module loaded.
2024-06-08 12:12:10,515 - elsapy.utils - INFO - Module loaded.
2024-06-08 12:12:10,515 - elsapy.elsprofile - INFO - Module loaded.
2024-06-08 12:12:10,516 - elsapy.elsdoc - INFO - Module loaded.
2024-06-08 12:12:10,517 - elsapy.elssearch - INFO - Module loaded.
2024-06-08 12:16:05,637 - elsapy.elsclient - INFO - Module loaded.
2024-06-08 12:16:05,638 - elsapy.elsentity - INFO - Module loaded.
2024-06-08 12:16:05,638 - elsapy.utils - INFO - Module loaded.
2024-06-08 12:16:05,639 - elsapy.elsprofile - INFO - Module loaded.
2024-06-08 12:16:05,639 - elsapy.elsdoc - INFO - Module loaded.
2024-06-08 12:16:05,640 - elsapy.elssearch - INFO - Module loaded.
