2024-10-02 09:47:00,801 - elsapy.elsclient - INFO - Module loaded.
2024-10-02 09:47:00,803 - elsapy.elsentity - INFO - Module loaded.
2024-10-02 09:47:00,803 - elsapy.utils - INFO - Module loaded.
2024-10-02 09:47:00,804 - elsapy.elsprofile - INFO - Module loaded.
2024-10-02 09:47:00,804 - elsapy.elsdoc - INFO - Module loaded.
2024-10-02 09:47:00,805 - elsapy.elssearch - INFO - Module loaded.
2024-10-02 09:55:36,438 - elsapy.elsclient - INFO - Module loaded.
2024-10-02 09:55:36,439 - elsapy.elsentity - INFO - Module loaded.
2024-10-02 09:55:36,440 - elsapy.utils - INFO - Module loaded.
2024-10-02 09:55:36,442 - elsapy.elsprofile - INFO - Module loaded.
2024-10-02 09:55:36,443 - elsapy.elsdoc - INFO - Module loaded.
2024-10-02 09:55:36,444 - elsapy.elssearch - INFO - Module loaded.
2024-10-02 09:57:53,818 - elsapy.elsclient - INFO - Module loaded.
2024-10-02 09:57:53,819 - elsapy.elsentity - INFO - Module loaded.
2024-10-02 09:57:53,820 - elsapy.utils - INFO - Module loaded.
2024-10-02 09:57:53,820 - elsapy.elsprofile - INFO - Module loaded.
2024-10-02 09:57:53,821 - elsapy.elsdoc - INFO - Module loaded.
2024-10-02 09:57:53,822 - elsapy.elssearch - INFO - Module loaded.
2024-10-02 10:01:10,629 - elsapy.elsclient - INFO - Module loaded.
2024-10-02 10:01:10,631 - elsapy.elsentity - INFO - Module loaded.
2024-10-02 10:01:10,631 - elsapy.utils - INFO - Module loaded.
2024-10-02 10:01:10,631 - elsapy.elsprofile - INFO - Module loaded.
2024-10-02 10:01:10,632 - elsapy.elsdoc - INFO - Module loaded.
2024-10-02 10:01:10,633 - elsapy.elssearch - INFO - Module loaded.
2024-10-02 10:03:07,420 - elsapy.elsclient - INFO - Module loaded.
2024-10-02 10:03:07,422 - elsapy.elsentity - INFO - Module loaded.
2024-10-02 10:03:07,422 - elsapy.utils - INFO - Module loaded.
2024-10-02 10:03:07,423 - elsapy.elsprofile - INFO - Module loaded.
2024-10-02 10:03:07,423 - elsapy.elsdoc - INFO - Module loaded.
2024-10-02 10:03:07,424 - elsapy.elssearch - INFO - Module loaded.
2024-10-02 10:16:11,464 - elsapy.elsclient - INFO - Module loaded.
2024-10-02 10:16:11,465 - elsapy.elsentity - INFO - Module loaded.
2024-10-02 10:16:11,466 - elsapy.utils - INFO - Module loaded.
2024-10-02 10:16:11,466 - elsapy.elsprofile - INFO - Module loaded.
2024-10-02 10:16:11,467 - elsapy.elsdoc - INFO - Module loaded.
2024-10-02 10:16:11,468 - elsapy.elssearch - INFO - Module loaded.
2024-10-02 10:17:23,138 - elsapy.elsclient - INFO - Module loaded.
2024-10-02 10:17:23,140 - elsapy.elsentity - INFO - Module loaded.
2024-10-02 10:17:23,140 - elsapy.utils - INFO - Module loaded.
2024-10-02 10:17:23,141 - elsapy.elsprofile - INFO - Module loaded.
2024-10-02 10:17:23,141 - elsapy.elsdoc - INFO - Module loaded.
2024-10-02 10:17:23,143 - elsapy.elssearch - INFO - Module loaded.
2024-10-02 10:17:50,335 - elsapy.elsclient - INFO - Module loaded.
2024-10-02 10:17:50,337 - elsapy.elsentity - INFO - Module loaded.
2024-10-02 10:17:50,337 - elsapy.utils - INFO - Module loaded.
2024-10-02 10:17:50,338 - elsapy.elsprofile - INFO - Module loaded.
2024-10-02 10:17:50,338 - elsapy.elsdoc - INFO - Module loaded.
2024-10-02 10:17:50,339 - elsapy.elssearch - INFO - Module loaded.
2024-10-02 10:20:45,455 - elsapy.elsclient - INFO - Module loaded.
2024-10-02 10:20:45,456 - elsapy.elsentity - INFO - Module loaded.
2024-10-02 10:20:45,457 - elsapy.utils - INFO - Module loaded.
2024-10-02 10:20:45,458 - elsapy.elsprofile - INFO - Module loaded.
2024-10-02 10:20:45,458 - elsapy.elsdoc - INFO - Module loaded.
2024-10-02 10:20:45,459 - elsapy.elssearch - INFO - Module loaded.
2024-10-02 10:21:49,319 - elsapy.elsclient - INFO - Module loaded.
2024-10-02 10:21:49,320 - elsapy.elsentity - INFO - Module loaded.
2024-10-02 10:21:49,321 - elsapy.utils - INFO - Module loaded.
2024-10-02 10:21:49,321 - elsapy.elsprofile - INFO - Module loaded.
2024-10-02 10:21:49,322 - elsapy.elsdoc - INFO - Module loaded.
2024-10-02 10:21:49,323 - elsapy.elssearch - INFO - Module loaded.
2024-10-02 10:32:21,774 - elsapy.elsclient - INFO - Module loaded.
2024-10-02 10:32:21,775 - elsapy.elsentity - INFO - Module loaded.
2024-10-02 10:32:21,776 - elsapy.utils - INFO - Module loaded.
2024-10-02 10:32:21,776 - elsapy.elsprofile - INFO - Module loaded.
2024-10-02 10:32:21,777 - elsapy.elsdoc - INFO - Module loaded.
2024-10-02 10:32:21,778 - elsapy.elssearch - INFO - Module loaded.
2024-10-02 10:34:00,981 - elsapy.elsclient - INFO - Module loaded.
2024-10-02 10:34:00,982 - elsapy.elsentity - INFO - Module loaded.
2024-10-02 10:34:00,983 - elsapy.utils - INFO - Module loaded.
2024-10-02 10:34:00,983 - elsapy.elsprofile - INFO - Module loaded.
2024-10-02 10:34:00,984 - elsapy.elsdoc - INFO - Module loaded.
2024-10-02 10:34:00,985 - elsapy.elssearch - INFO - Module loaded.
2024-10-02 10:39:29,637 - elsapy.elsclient - INFO - Module loaded.
2024-10-02 10:39:29,638 - elsapy.elsentity - INFO - Module loaded.
2024-10-02 10:39:29,639 - elsapy.utils - INFO - Module loaded.
2024-10-02 10:39:29,639 - elsapy.elsprofile - INFO - Module loaded.
2024-10-02 10:39:29,640 - elsapy.elsdoc - INFO - Module loaded.
2024-10-02 10:39:29,641 - elsapy.elssearch - INFO - Module loaded.
2024-10-02 10:40:09,716 - elsapy.elsclient - INFO - Module loaded.
2024-10-02 10:40:09,717 - elsapy.elsentity - INFO - Module loaded.
2024-10-02 10:40:09,718 - elsapy.utils - INFO - Module loaded.
2024-10-02 10:40:09,718 - elsapy.elsprofile - INFO - Module loaded.
2024-10-02 10:40:09,719 - elsapy.elsdoc - INFO - Module loaded.
2024-10-02 10:40:09,720 - elsapy.elssearch - INFO - Module loaded.
2024-10-02 10:40:43,422 - elsapy.elsclient - INFO - Module loaded.
2024-10-02 10:40:43,423 - elsapy.elsentity - INFO - Module loaded.
2024-10-02 10:40:43,424 - elsapy.utils - INFO - Module loaded.
2024-10-02 10:40:43,424 - elsapy.elsprofile - INFO - Module loaded.
2024-10-02 10:40:43,425 - elsapy.elsdoc - INFO - Module loaded.
2024-10-02 10:40:43,426 - elsapy.elssearch - INFO - Module loaded.
2024-10-02 10:46:43,214 - elsapy.elsclient - INFO - Module loaded.
2024-10-02 10:46:43,215 - elsapy.elsentity - INFO - Module loaded.
2024-10-02 10:46:43,216 - elsapy.utils - INFO - Module loaded.
2024-10-02 10:46:43,216 - elsapy.elsprofile - INFO - Module loaded.
2024-10-02 10:46:43,217 - elsapy.elsdoc - INFO - Module loaded.
2024-10-02 10:46:43,218 - elsapy.elssearch - INFO - Module loaded.
2024-10-02 10:48:59,200 - elsapy.elsclient - INFO - Module loaded.
2024-10-02 10:48:59,201 - elsapy.elsentity - INFO - Module loaded.
2024-10-02 10:48:59,202 - elsapy.utils - INFO - Module loaded.
2024-10-02 10:48:59,202 - elsapy.elsprofile - INFO - Module loaded.
2024-10-02 10:48:59,203 - elsapy.elsdoc - INFO - Module loaded.
2024-10-02 10:48:59,203 - elsapy.elssearch - INFO - Module loaded.
2024-10-02 10:50:16,720 - elsapy.elsclient - INFO - Module loaded.
2024-10-02 10:50:16,721 - elsapy.elsentity - INFO - Module loaded.
2024-10-02 10:50:16,722 - elsapy.utils - INFO - Module loaded.
2024-10-02 10:50:16,722 - elsapy.elsprofile - INFO - Module loaded.
2024-10-02 10:50:16,724 - elsapy.elsdoc - INFO - Module loaded.
2024-10-02 10:50:16,724 - elsapy.elssearch - INFO - Module loaded.
2024-10-02 10:53:13,412 - elsapy.elsclient - INFO - Module loaded.
2024-10-02 10:53:13,413 - elsapy.elsentity - INFO - Module loaded.
2024-10-02 10:53:13,413 - elsapy.utils - INFO - Module loaded.
2024-10-02 10:53:13,414 - elsapy.elsprofile - INFO - Module loaded.
2024-10-02 10:53:13,415 - elsapy.elsdoc - INFO - Module loaded.
2024-10-02 10:53:13,415 - elsapy.elssearch - INFO - Module loaded.
2024-10-02 10:59:00,953 - elsapy.elsclient - INFO - Module loaded.
2024-10-02 10:59:00,955 - elsapy.elsentity - INFO - Module loaded.
2024-10-02 10:59:00,955 - elsapy.utils - INFO - Module loaded.
2024-10-02 10:59:00,956 - elsapy.elsprofile - INFO - Module loaded.
2024-10-02 10:59:00,957 - elsapy.elsdoc - INFO - Module loaded.
2024-10-02 10:59:00,957 - elsapy.elssearch - INFO - Module loaded.
2024-10-02 11:02:24,261 - elsapy.elsclient - INFO - Module loaded.
2024-10-02 11:02:24,262 - elsapy.elsentity - INFO - Module loaded.
2024-10-02 11:02:24,263 - elsapy.utils - INFO - Module loaded.
2024-10-02 11:02:24,263 - elsapy.elsprofile - INFO - Module loaded.
2024-10-02 11:02:24,264 - elsapy.elsdoc - INFO - Module loaded.
2024-10-02 11:02:24,264 - elsapy.elssearch - INFO - Module loaded.
2024-10-02 11:03:00,167 - elsapy.elsclient - INFO - Module loaded.
2024-10-02 11:03:00,168 - elsapy.elsentity - INFO - Module loaded.
2024-10-02 11:03:00,169 - elsapy.utils - INFO - Module loaded.
2024-10-02 11:03:00,169 - elsapy.elsprofile - INFO - Module loaded.
2024-10-02 11:03:00,170 - elsapy.elsdoc - INFO - Module loaded.
2024-10-02 11:03:00,171 - elsapy.elssearch - INFO - Module loaded.
2024-10-02 11:04:27,755 - elsapy.elsclient - INFO - Module loaded.
2024-10-02 11:04:27,755 - elsapy.elsentity - INFO - Module loaded.
2024-10-02 11:04:27,756 - elsapy.utils - INFO - Module loaded.
2024-10-02 11:04:27,756 - elsapy.elsprofile - INFO - Module loaded.
2024-10-02 11:04:27,757 - elsapy.elsdoc - INFO - Module loaded.
2024-10-02 11:04:27,758 - elsapy.elssearch - INFO - Module loaded.
2024-10-02 11:04:56,690 - elsapy.elsclient - INFO - Module loaded.
2024-10-02 11:04:56,692 - elsapy.elsentity - INFO - Module loaded.
2024-10-02 11:04:56,692 - elsapy.utils - INFO - Module loaded.
2024-10-02 11:04:56,693 - elsapy.elsprofile - INFO - Module loaded.
2024-10-02 11:04:56,693 - elsapy.elsdoc - INFO - Module loaded.
2024-10-02 11:04:56,695 - elsapy.elssearch - INFO - Module loaded.
2024-10-02 11:24:00,437 - elsapy.elsclient - INFO - Module loaded.
2024-10-02 11:24:00,439 - elsapy.elsentity - INFO - Module loaded.
2024-10-02 11:24:00,439 - elsapy.utils - INFO - Module loaded.
2024-10-02 11:24:00,440 - elsapy.elsprofile - INFO - Module loaded.
2024-10-02 11:24:00,441 - elsapy.elsdoc - INFO - Module loaded.
2024-10-02 11:24:00,441 - elsapy.elssearch - INFO - Module loaded.
2024-10-02 11:25:15,914 - elsapy.elsclient - INFO - Module loaded.
2024-10-02 11:25:15,915 - elsapy.elsentity - INFO - Module loaded.
2024-10-02 11:25:15,916 - elsapy.utils - INFO - Module loaded.
2024-10-02 11:25:15,916 - elsapy.elsprofile - INFO - Module loaded.
2024-10-02 11:25:15,917 - elsapy.elsdoc - INFO - Module loaded.
2024-10-02 11:25:15,918 - elsapy.elssearch - INFO - Module loaded.
2024-10-02 11:27:48,873 - elsapy.elsclient - INFO - Module loaded.
2024-10-02 11:27:48,874 - elsapy.elsentity - INFO - Module loaded.
2024-10-02 11:27:48,874 - elsapy.utils - INFO - Module loaded.
2024-10-02 11:27:48,876 - elsapy.elsprofile - INFO - Module loaded.
2024-10-02 11:27:48,876 - elsapy.elsdoc - INFO - Module loaded.
2024-10-02 11:27:48,877 - elsapy.elssearch - INFO - Module loaded.
2024-10-02 11:28:07,815 - elsapy.elsclient - INFO - Module loaded.
2024-10-02 11:28:07,816 - elsapy.elsentity - INFO - Module loaded.
2024-10-02 11:28:07,816 - elsapy.utils - INFO - Module loaded.
2024-10-02 11:28:07,817 - elsapy.elsprofile - INFO - Module loaded.
2024-10-02 11:28:07,818 - elsapy.elsdoc - INFO - Module loaded.
2024-10-02 11:28:07,818 - elsapy.elssearch - INFO - Module loaded.
2024-10-02 11:28:38,803 - elsapy.elsclient - INFO - Module loaded.
2024-10-02 11:28:38,804 - elsapy.elsentity - INFO - Module loaded.
2024-10-02 11:28:38,806 - elsapy.utils - INFO - Module loaded.
2024-10-02 11:28:38,806 - elsapy.elsprofile - INFO - Module loaded.
2024-10-02 11:28:38,807 - elsapy.elsdoc - INFO - Module loaded.
2024-10-02 11:28:38,807 - elsapy.elssearch - INFO - Module loaded.
2024-10-02 11:29:01,028 - elsapy.elsclient - INFO - Module loaded.
2024-10-02 11:29:01,029 - elsapy.elsentity - INFO - Module loaded.
2024-10-02 11:29:01,030 - elsapy.utils - INFO - Module loaded.
2024-10-02 11:29:01,030 - elsapy.elsprofile - INFO - Module loaded.
2024-10-02 11:29:01,031 - elsapy.elsdoc - INFO - Module loaded.
2024-10-02 11:29:01,032 - elsapy.elssearch - INFO - Module loaded.
2024-10-02 11:30:37,317 - elsapy.elsclient - INFO - Module loaded.
2024-10-02 11:30:37,318 - elsapy.elsentity - INFO - Module loaded.
2024-10-02 11:30:37,319 - elsapy.utils - INFO - Module loaded.
2024-10-02 11:30:37,319 - elsapy.elsprofile - INFO - Module loaded.
2024-10-02 11:30:37,320 - elsapy.elsdoc - INFO - Module loaded.
2024-10-02 11:30:37,321 - elsapy.elssearch - INFO - Module loaded.
2024-10-02 11:32:38,794 - elsapy.elsclient - INFO - Module loaded.
2024-10-02 11:32:38,795 - elsapy.elsentity - INFO - Module loaded.
2024-10-02 11:32:38,796 - elsapy.utils - INFO - Module loaded.
2024-10-02 11:32:38,796 - elsapy.elsprofile - INFO - Module loaded.
2024-10-02 11:32:38,797 - elsapy.elsdoc - INFO - Module loaded.
2024-10-02 11:32:38,798 - elsapy.elssearch - INFO - Module loaded.
2024-10-02 11:35:00,916 - elsapy.elsclient - INFO - Module loaded.
2024-10-02 11:35:00,918 - elsapy.elsentity - INFO - Module loaded.
2024-10-02 11:35:00,918 - elsapy.utils - INFO - Module loaded.
2024-10-02 11:35:00,919 - elsapy.elsprofile - INFO - Module loaded.
2024-10-02 11:35:00,920 - elsapy.elsdoc - INFO - Module loaded.
2024-10-02 11:35:00,920 - elsapy.elssearch - INFO - Module loaded.
2024-10-02 11:37:29,640 - elsapy.elsclient - INFO - Module loaded.
2024-10-02 11:37:29,641 - elsapy.elsentity - INFO - Module loaded.
2024-10-02 11:37:29,642 - elsapy.utils - INFO - Module loaded.
2024-10-02 11:37:29,642 - elsapy.elsprofile - INFO - Module loaded.
2024-10-02 11:37:29,643 - elsapy.elsdoc - INFO - Module loaded.
2024-10-02 11:37:29,644 - elsapy.elssearch - INFO - Module loaded.
2024-10-02 11:38:35,429 - elsapy.elsclient - INFO - Module loaded.
2024-10-02 11:38:35,430 - elsapy.elsentity - INFO - Module loaded.
2024-10-02 11:38:35,431 - elsapy.utils - INFO - Module loaded.
2024-10-02 11:38:35,431 - elsapy.elsprofile - INFO - Module loaded.
2024-10-02 11:38:35,432 - elsapy.elsdoc - INFO - Module loaded.
2024-10-02 11:38:35,433 - elsapy.elssearch - INFO - Module loaded.
2024-10-02 11:39:18,186 - elsapy.elsclient - INFO - Module loaded.
2024-10-02 11:39:18,188 - elsapy.elsentity - INFO - Module loaded.
2024-10-02 11:39:18,188 - elsapy.utils - INFO - Module loaded.
2024-10-02 11:39:18,189 - elsapy.elsprofile - INFO - Module loaded.
2024-10-02 11:39:18,189 - elsapy.elsdoc - INFO - Module loaded.
2024-10-02 11:39:18,190 - elsapy.elssearch - INFO - Module loaded.
2024-10-02 11:40:43,308 - elsapy.elsclient - INFO - Module loaded.
2024-10-02 11:40:43,310 - elsapy.elsentity - INFO - Module loaded.
2024-10-02 11:40:43,310 - elsapy.utils - INFO - Module loaded.
2024-10-02 11:40:43,311 - elsapy.elsprofile - INFO - Module loaded.
2024-10-02 11:40:43,311 - elsapy.elsdoc - INFO - Module loaded.
2024-10-02 11:40:43,312 - elsapy.elssearch - INFO - Module loaded.
2024-10-02 11:41:07,385 - elsapy.elsclient - INFO - Module loaded.
2024-10-02 11:41:07,386 - elsapy.elsentity - INFO - Module loaded.
2024-10-02 11:41:07,387 - elsapy.utils - INFO - Module loaded.
2024-10-02 11:41:07,387 - elsapy.elsprofile - INFO - Module loaded.
2024-10-02 11:41:07,389 - elsapy.elsdoc - INFO - Module loaded.
2024-10-02 11:41:07,389 - elsapy.elssearch - INFO - Module loaded.
2024-10-02 11:46:24,392 - elsapy.elsclient - INFO - Module loaded.
2024-10-02 11:46:24,393 - elsapy.elsentity - INFO - Module loaded.
2024-10-02 11:46:24,394 - elsapy.utils - INFO - Module loaded.
2024-10-02 11:46:24,395 - elsapy.elsprofile - INFO - Module loaded.
2024-10-02 11:46:24,395 - elsapy.elsdoc - INFO - Module loaded.
2024-10-02 11:46:24,397 - elsapy.elssearch - INFO - Module loaded.
2024-10-02 11:47:21,232 - elsapy.elsclient - INFO - Module loaded.
2024-10-02 11:47:21,233 - elsapy.elsentity - INFO - Module loaded.
2024-10-02 11:47:21,235 - elsapy.utils - INFO - Module loaded.
2024-10-02 11:47:21,235 - elsapy.elsprofile - INFO - Module loaded.
2024-10-02 11:47:21,236 - elsapy.elsdoc - INFO - Module loaded.
2024-10-02 11:47:21,236 - elsapy.elssearch - INFO - Module loaded.
2024-10-02 11:48:43,781 - elsapy.elsclient - INFO - Module loaded.
2024-10-02 11:48:43,782 - elsapy.elsentity - INFO - Module loaded.
2024-10-02 11:48:43,783 - elsapy.utils - INFO - Module loaded.
2024-10-02 11:48:43,783 - elsapy.elsprofile - INFO - Module loaded.
2024-10-02 11:48:43,784 - elsapy.elsdoc - INFO - Module loaded.
2024-10-02 11:48:43,785 - elsapy.elssearch - INFO - Module loaded.
2024-10-02 11:49:29,185 - elsapy.elsclient - INFO - Module loaded.
2024-10-02 11:49:29,185 - elsapy.elsentity - INFO - Module loaded.
2024-10-02 11:49:29,187 - elsapy.utils - INFO - Module loaded.
2024-10-02 11:49:29,187 - elsapy.elsprofile - INFO - Module loaded.
2024-10-02 11:49:29,188 - elsapy.elsdoc - INFO - Module loaded.
2024-10-02 11:49:29,189 - elsapy.elssearch - INFO - Module loaded.
2024-10-02 11:50:11,305 - elsapy.elsclient - INFO - Module loaded.
2024-10-02 11:50:11,307 - elsapy.elsentity - INFO - Module loaded.
2024-10-02 11:50:11,307 - elsapy.utils - INFO - Module loaded.
2024-10-02 11:50:11,308 - elsapy.elsprofile - INFO - Module loaded.
2024-10-02 11:50:11,308 - elsapy.elsdoc - INFO - Module loaded.
2024-10-02 11:50:11,309 - elsapy.elssearch - INFO - Module loaded.
2024-10-02 11:52:28,361 - elsapy.elsclient - INFO - Module loaded.
2024-10-02 11:52:28,362 - elsapy.elsentity - INFO - Module loaded.
2024-10-02 11:52:28,363 - elsapy.utils - INFO - Module loaded.
2024-10-02 11:52:28,363 - elsapy.elsprofile - INFO - Module loaded.
2024-10-02 11:52:28,364 - elsapy.elsdoc - INFO - Module loaded.
2024-10-02 11:52:28,365 - elsapy.elssearch - INFO - Module loaded.
2024-10-02 11:56:41,639 - elsapy.elsclient - INFO - Module loaded.
2024-10-02 11:56:41,640 - elsapy.elsentity - INFO - Module loaded.
2024-10-02 11:56:41,641 - elsapy.utils - INFO - Module loaded.
2024-10-02 11:56:41,641 - elsapy.elsprofile - INFO - Module loaded.
2024-10-02 11:56:41,642 - elsapy.elsdoc - INFO - Module loaded.
2024-10-02 11:56:41,643 - elsapy.elssearch - INFO - Module loaded.
2024-10-02 11:57:49,068 - elsapy.elsclient - INFO - Module loaded.
2024-10-02 11:57:49,069 - elsapy.elsentity - INFO - Module loaded.
2024-10-02 11:57:49,070 - elsapy.utils - INFO - Module loaded.
2024-10-02 11:57:49,070 - elsapy.elsprofile - INFO - Module loaded.
2024-10-02 11:57:49,071 - elsapy.elsdoc - INFO - Module loaded.
2024-10-02 11:57:49,072 - elsapy.elssearch - INFO - Module loaded.
2024-10-02 12:01:13,801 - elsapy.elsclient - INFO - Module loaded.
2024-10-02 12:01:13,803 - elsapy.elsentity - INFO - Module loaded.
2024-10-02 12:01:13,803 - elsapy.utils - INFO - Module loaded.
2024-10-02 12:01:13,804 - elsapy.elsprofile - INFO - Module loaded.
2024-10-02 12:01:13,804 - elsapy.elsdoc - INFO - Module loaded.
2024-10-02 12:01:13,805 - elsapy.elssearch - INFO - Module loaded.
2024-10-02 12:01:52,348 - elsapy.elsclient - INFO - Module loaded.
2024-10-02 12:01:52,350 - elsapy.elsentity - INFO - Module loaded.
2024-10-02 12:01:52,350 - elsapy.utils - INFO - Module loaded.
2024-10-02 12:01:52,351 - elsapy.elsprofile - INFO - Module loaded.
2024-10-02 12:01:52,351 - elsapy.elsdoc - INFO - Module loaded.
2024-10-02 12:01:52,352 - elsapy.elssearch - INFO - Module loaded.
2024-10-02 12:14:55,122 - elsapy.elsclient - INFO - Module loaded.
2024-10-02 12:14:55,123 - elsapy.elsentity - INFO - Module loaded.
2024-10-02 12:14:55,124 - elsapy.utils - INFO - Module loaded.
2024-10-02 12:14:55,124 - elsapy.elsprofile - INFO - Module loaded.
2024-10-02 12:14:55,125 - elsapy.elsdoc - INFO - Module loaded.
2024-10-02 12:14:55,126 - elsapy.elssearch - INFO - Module loaded.
2024-10-02 12:16:30,900 - elsapy.elsclient - INFO - Module loaded.
2024-10-02 12:16:30,901 - elsapy.elsentity - INFO - Module loaded.
2024-10-02 12:16:30,902 - elsapy.utils - INFO - Module loaded.
2024-10-02 12:16:30,902 - elsapy.elsprofile - INFO - Module loaded.
2024-10-02 12:16:30,903 - elsapy.elsdoc - INFO - Module loaded.
2024-10-02 12:16:30,903 - elsapy.elssearch - INFO - Module loaded.
2024-10-02 12:17:31,252 - elsapy.elsclient - INFO - Module loaded.
2024-10-02 12:17:31,253 - elsapy.elsentity - INFO - Module loaded.
2024-10-02 12:17:31,254 - elsapy.utils - INFO - Module loaded.
2024-10-02 12:17:31,254 - elsapy.elsprofile - INFO - Module loaded.
2024-10-02 12:17:31,255 - elsapy.elsdoc - INFO - Module loaded.
2024-10-02 12:17:31,255 - elsapy.elssearch - INFO - Module loaded.
2024-10-02 12:18:22,912 - elsapy.elsclient - INFO - Module loaded.
2024-10-02 12:18:22,914 - elsapy.elsentity - INFO - Module loaded.
2024-10-02 12:18:22,914 - elsapy.utils - INFO - Module loaded.
2024-10-02 12:18:22,915 - elsapy.elsprofile - INFO - Module loaded.
2024-10-02 12:18:22,915 - elsapy.elsdoc - INFO - Module loaded.
2024-10-02 12:18:22,917 - elsapy.elssearch - INFO - Module loaded.
2024-10-02 12:20:01,085 - elsapy.elsclient - INFO - Module loaded.
2024-10-02 12:20:01,086 - elsapy.elsentity - INFO - Module loaded.
2024-10-02 12:20:01,086 - elsapy.utils - INFO - Module loaded.
2024-10-02 12:20:01,086 - elsapy.elsprofile - INFO - Module loaded.
2024-10-02 12:20:01,088 - elsapy.elsdoc - INFO - Module loaded.
2024-10-02 12:20:01,089 - elsapy.elssearch - INFO - Module loaded.
2024-10-02 12:20:58,463 - elsapy.elsclient - INFO - Module loaded.
2024-10-02 12:20:58,465 - elsapy.elsentity - INFO - Module loaded.
2024-10-02 12:20:58,465 - elsapy.utils - INFO - Module loaded.
2024-10-02 12:20:58,466 - elsapy.elsprofile - INFO - Module loaded.
2024-10-02 12:20:58,467 - elsapy.elsdoc - INFO - Module loaded.
2024-10-02 12:20:58,467 - elsapy.elssearch - INFO - Module loaded.
2024-10-02 12:21:44,374 - elsapy.elsclient - INFO - Module loaded.
2024-10-02 12:21:44,375 - elsapy.elsentity - INFO - Module loaded.
2024-10-02 12:21:44,376 - elsapy.utils - INFO - Module loaded.
2024-10-02 12:21:44,376 - elsapy.elsprofile - INFO - Module loaded.
2024-10-02 12:21:44,377 - elsapy.elsdoc - INFO - Module loaded.
2024-10-02 12:21:44,378 - elsapy.elssearch - INFO - Module loaded.
2024-10-02 12:34:10,897 - elsapy.elsclient - INFO - Module loaded.
2024-10-02 12:34:10,898 - elsapy.elsentity - INFO - Module loaded.
2024-10-02 12:34:10,899 - elsapy.utils - INFO - Module loaded.
2024-10-02 12:34:10,899 - elsapy.elsprofile - INFO - Module loaded.
2024-10-02 12:34:10,899 - elsapy.elsdoc - INFO - Module loaded.
2024-10-02 12:34:10,900 - elsapy.elssearch - INFO - Module loaded.
2024-10-02 12:40:36,431 - elsapy.elsclient - INFO - Module loaded.
2024-10-02 12:40:36,432 - elsapy.elsentity - INFO - Module loaded.
2024-10-02 12:40:36,433 - elsapy.utils - INFO - Module loaded.
2024-10-02 12:40:36,433 - elsapy.elsprofile - INFO - Module loaded.
2024-10-02 12:40:36,434 - elsapy.elsdoc - INFO - Module loaded.
2024-10-02 12:40:36,435 - elsapy.elssearch - INFO - Module loaded.
2024-10-02 12:44:26,766 - elsapy.elsclient - INFO - Module loaded.
2024-10-02 12:44:26,768 - elsapy.elsentity - INFO - Module loaded.
2024-10-02 12:44:26,768 - elsapy.utils - INFO - Module loaded.
2024-10-02 12:44:26,769 - elsapy.elsprofile - INFO - Module loaded.
2024-10-02 12:44:26,769 - elsapy.elsdoc - INFO - Module loaded.
2024-10-02 12:44:26,771 - elsapy.elssearch - INFO - Module loaded.
2024-10-02 12:46:34,057 - elsapy.elsclient - INFO - Module loaded.
2024-10-02 12:46:34,058 - elsapy.elsentity - INFO - Module loaded.
2024-10-02 12:46:34,059 - elsapy.utils - INFO - Module loaded.
2024-10-02 12:46:34,059 - elsapy.elsprofile - INFO - Module loaded.
2024-10-02 12:46:34,060 - elsapy.elsdoc - INFO - Module loaded.
2024-10-02 12:46:34,060 - elsapy.elssearch - INFO - Module loaded.
2024-10-02 12:47:28,278 - elsapy.elsclient - INFO - Module loaded.
2024-10-02 12:47:28,279 - elsapy.elsentity - INFO - Module loaded.
2024-10-02 12:47:28,280 - elsapy.utils - INFO - Module loaded.
2024-10-02 12:47:28,280 - elsapy.elsprofile - INFO - Module loaded.
2024-10-02 12:47:28,281 - elsapy.elsdoc - INFO - Module loaded.
2024-10-02 12:47:28,282 - elsapy.elssearch - INFO - Module loaded.
2024-10-02 13:03:05,570 - elsapy.elsclient - INFO - Module loaded.
2024-10-02 13:03:05,572 - elsapy.elsentity - INFO - Module loaded.
2024-10-02 13:03:05,573 - elsapy.utils - INFO - Module loaded.
2024-10-02 13:03:05,573 - elsapy.elsprofile - INFO - Module loaded.
2024-10-02 13:03:05,574 - elsapy.elsdoc - INFO - Module loaded.
2024-10-02 13:03:05,575 - elsapy.elssearch - INFO - Module loaded.
2024-10-02 13:11:23,686 - elsapy.elsclient - INFO - Module loaded.
2024-10-02 13:11:23,687 - elsapy.elsentity - INFO - Module loaded.
2024-10-02 13:11:23,688 - elsapy.utils - INFO - Module loaded.
2024-10-02 13:11:23,688 - elsapy.elsprofile - INFO - Module loaded.
2024-10-02 13:11:23,689 - elsapy.elsdoc - INFO - Module loaded.
2024-10-02 13:11:23,689 - elsapy.elssearch - INFO - Module loaded.
2024-10-02 13:12:21,686 - elsapy.elsclient - INFO - Module loaded.
2024-10-02 13:12:21,687 - elsapy.elsentity - INFO - Module loaded.
2024-10-02 13:12:21,688 - elsapy.utils - INFO - Module loaded.
2024-10-02 13:12:21,688 - elsapy.elsprofile - INFO - Module loaded.
2024-10-02 13:12:21,689 - elsapy.elsdoc - INFO - Module loaded.
2024-10-02 13:12:21,690 - elsapy.elssearch - INFO - Module loaded.
2024-10-02 13:13:42,429 - elsapy.elsclient - INFO - Module loaded.
2024-10-02 13:13:42,431 - elsapy.elsentity - INFO - Module loaded.
2024-10-02 13:13:42,431 - elsapy.utils - INFO - Module loaded.
2024-10-02 13:13:42,432 - elsapy.elsprofile - INFO - Module loaded.
2024-10-02 13:13:42,432 - elsapy.elsdoc - INFO - Module loaded.
2024-10-02 13:13:42,433 - elsapy.elssearch - INFO - Module loaded.
2024-10-02 13:17:42,961 - elsapy.elsclient - INFO - Module loaded.
2024-10-02 13:17:42,962 - elsapy.elsentity - INFO - Module loaded.
2024-10-02 13:17:42,963 - elsapy.utils - INFO - Module loaded.
2024-10-02 13:17:42,963 - elsapy.elsprofile - INFO - Module loaded.
2024-10-02 13:17:42,964 - elsapy.elsdoc - INFO - Module loaded.
2024-10-02 13:17:42,964 - elsapy.elssearch - INFO - Module loaded.
2024-10-02 13:20:01,080 - elsapy.elsclient - INFO - Module loaded.
2024-10-02 13:20:01,082 - elsapy.elsentity - INFO - Module loaded.
2024-10-02 13:20:01,083 - elsapy.utils - INFO - Module loaded.
2024-10-02 13:20:01,083 - elsapy.elsprofile - INFO - Module loaded.
2024-10-02 13:20:01,084 - elsapy.elsdoc - INFO - Module loaded.
2024-10-02 13:20:01,085 - elsapy.elssearch - INFO - Module loaded.
2024-10-02 13:33:18,010 - elsapy.elsclient - INFO - Module loaded.
2024-10-02 13:33:18,012 - elsapy.elsentity - INFO - Module loaded.
2024-10-02 13:33:18,013 - elsapy.utils - INFO - Module loaded.
2024-10-02 13:33:18,013 - elsapy.elsprofile - INFO - Module loaded.
2024-10-02 13:33:18,014 - elsapy.elsdoc - INFO - Module loaded.
2024-10-02 13:33:18,015 - elsapy.elssearch - INFO - Module loaded.
2024-10-02 13:44:03,449 - elsapy.elsclient - INFO - Module loaded.
2024-10-02 13:44:03,450 - elsapy.elsentity - INFO - Module loaded.
2024-10-02 13:44:03,450 - elsapy.utils - INFO - Module loaded.
2024-10-02 13:44:03,450 - elsapy.elsprofile - INFO - Module loaded.
2024-10-02 13:44:03,452 - elsapy.elsdoc - INFO - Module loaded.
2024-10-02 13:44:03,453 - elsapy.elssearch - INFO - Module loaded.
2024-10-02 13:46:02,674 - elsapy.elsclient - INFO - Module loaded.
2024-10-02 13:46:02,675 - elsapy.elsentity - INFO - Module loaded.
2024-10-02 13:46:02,676 - elsapy.utils - INFO - Module loaded.
2024-10-02 13:46:02,676 - elsapy.elsprofile - INFO - Module loaded.
2024-10-02 13:46:02,677 - elsapy.elsdoc - INFO - Module loaded.
2024-10-02 13:46:02,678 - elsapy.elssearch - INFO - Module loaded.
2024-10-02 13:50:25,398 - elsapy.elsclient - INFO - Module loaded.
2024-10-02 13:50:25,399 - elsapy.elsentity - INFO - Module loaded.
2024-10-02 13:50:25,400 - elsapy.utils - INFO - Module loaded.
2024-10-02 13:50:25,400 - elsapy.elsprofile - INFO - Module loaded.
2024-10-02 13:50:25,401 - elsapy.elsdoc - INFO - Module loaded.
2024-10-02 13:50:25,402 - elsapy.elssearch - INFO - Module loaded.
2024-10-02 13:53:48,752 - elsapy.elsclient - INFO - Module loaded.
2024-10-02 13:53:48,753 - elsapy.elsentity - INFO - Module loaded.
2024-10-02 13:53:48,754 - elsapy.utils - INFO - Module loaded.
2024-10-02 13:53:48,754 - elsapy.elsprofile - INFO - Module loaded.
2024-10-02 13:53:48,755 - elsapy.elsdoc - INFO - Module loaded.
2024-10-02 13:53:48,756 - elsapy.elssearch - INFO - Module loaded.
2024-10-02 13:55:41,242 - elsapy.elsclient - INFO - Module loaded.
2024-10-02 13:55:41,242 - elsapy.elsentity - INFO - Module loaded.
2024-10-02 13:55:41,244 - elsapy.utils - INFO - Module loaded.
2024-10-02 13:55:41,245 - elsapy.elsprofile - INFO - Module loaded.
2024-10-02 13:55:41,246 - elsapy.elsdoc - INFO - Module loaded.
2024-10-02 13:55:41,246 - elsapy.elssearch - INFO - Module loaded.
2024-10-02 13:56:36,940 - elsapy.elsclient - INFO - Module loaded.
2024-10-02 13:56:36,942 - elsapy.elsentity - INFO - Module loaded.
2024-10-02 13:56:36,943 - elsapy.utils - INFO - Module loaded.
2024-10-02 13:56:36,943 - elsapy.elsprofile - INFO - Module loaded.
2024-10-02 13:56:36,944 - elsapy.elsdoc - INFO - Module loaded.
2024-10-02 13:56:36,944 - elsapy.elssearch - INFO - Module loaded.
2024-10-02 13:58:34,598 - elsapy.elsclient - INFO - Module loaded.
2024-10-02 13:58:34,599 - elsapy.elsentity - INFO - Module loaded.
2024-10-02 13:58:34,600 - elsapy.utils - INFO - Module loaded.
2024-10-02 13:58:34,600 - elsapy.elsprofile - INFO - Module loaded.
2024-10-02 13:58:34,601 - elsapy.elsdoc - INFO - Module loaded.
2024-10-02 13:58:34,601 - elsapy.elssearch - INFO - Module loaded.
2024-10-02 14:26:20,254 - elsapy.elsclient - INFO - Module loaded.
2024-10-02 14:26:20,256 - elsapy.elsentity - INFO - Module loaded.
2024-10-02 14:26:20,256 - elsapy.utils - INFO - Module loaded.
2024-10-02 14:26:20,257 - elsapy.elsprofile - INFO - Module loaded.
2024-10-02 14:26:20,257 - elsapy.elsdoc - INFO - Module loaded.
2024-10-02 14:26:20,258 - elsapy.elssearch - INFO - Module loaded.
2024-10-02 15:03:26,391 - elsapy.elsclient - INFO - Module loaded.
2024-10-02 15:03:26,392 - elsapy.elsentity - INFO - Module loaded.
2024-10-02 15:03:26,393 - elsapy.utils - INFO - Module loaded.
2024-10-02 15:03:26,393 - elsapy.elsprofile - INFO - Module loaded.
2024-10-02 15:03:26,394 - elsapy.elsdoc - INFO - Module loaded.
2024-10-02 15:03:26,395 - elsapy.elssearch - INFO - Module loaded.
2024-10-02 15:06:12,890 - elsapy.elsclient - INFO - Module loaded.
2024-10-02 15:06:12,892 - elsapy.elsentity - INFO - Module loaded.
2024-10-02 15:06:12,893 - elsapy.utils - INFO - Module loaded.
2024-10-02 15:06:12,893 - elsapy.elsprofile - INFO - Module loaded.
2024-10-02 15:06:12,894 - elsapy.elsdoc - INFO - Module loaded.
2024-10-02 15:06:12,895 - elsapy.elssearch - INFO - Module loaded.
2024-10-02 15:07:19,465 - elsapy.elsclient - INFO - Module loaded.
2024-10-02 15:07:19,466 - elsapy.elsentity - INFO - Module loaded.
2024-10-02 15:07:19,467 - elsapy.utils - INFO - Module loaded.
2024-10-02 15:07:19,467 - elsapy.elsprofile - INFO - Module loaded.
2024-10-02 15:07:19,468 - elsapy.elsdoc - INFO - Module loaded.
2024-10-02 15:07:19,469 - elsapy.elssearch - INFO - Module loaded.
2024-10-02 15:09:17,842 - elsapy.elsclient - INFO - Module loaded.
2024-10-02 15:09:17,843 - elsapy.elsentity - INFO - Module loaded.
2024-10-02 15:09:17,844 - elsapy.utils - INFO - Module loaded.
2024-10-02 15:09:17,845 - elsapy.elsprofile - INFO - Module loaded.
2024-10-02 15:09:17,845 - elsapy.elsdoc - INFO - Module loaded.
2024-10-02 15:09:17,846 - elsapy.elssearch - INFO - Module loaded.
2024-10-02 15:10:37,272 - elsapy.elsclient - INFO - Module loaded.
2024-10-02 15:10:37,273 - elsapy.elsentity - INFO - Module loaded.
2024-10-02 15:10:37,274 - elsapy.utils - INFO - Module loaded.
2024-10-02 15:10:37,274 - elsapy.elsprofile - INFO - Module loaded.
2024-10-02 15:10:37,275 - elsapy.elsdoc - INFO - Module loaded.
2024-10-02 15:10:37,276 - elsapy.elssearch - INFO - Module loaded.
2024-10-02 15:13:03,852 - elsapy.elsclient - INFO - Module loaded.
2024-10-02 15:13:03,854 - elsapy.elsentity - INFO - Module loaded.
2024-10-02 15:13:03,855 - elsapy.utils - INFO - Module loaded.
2024-10-02 15:13:03,855 - elsapy.elsprofile - INFO - Module loaded.
2024-10-02 15:13:03,856 - elsapy.elsdoc - INFO - Module loaded.
2024-10-02 15:13:03,857 - elsapy.elssearch - INFO - Module loaded.
2024-10-02 15:16:58,801 - elsapy.elsclient - INFO - Module loaded.
2024-10-02 15:16:58,803 - elsapy.elsentity - INFO - Module loaded.
2024-10-02 15:16:58,804 - elsapy.utils - INFO - Module loaded.
2024-10-02 15:16:58,804 - elsapy.elsprofile - INFO - Module loaded.
2024-10-02 15:16:58,805 - elsapy.elsdoc - INFO - Module loaded.
2024-10-02 15:16:58,806 - elsapy.elssearch - INFO - Module loaded.
2024-10-02 15:18:55,506 - elsapy.elsclient - INFO - Module loaded.
2024-10-02 15:18:55,507 - elsapy.elsentity - INFO - Module loaded.
2024-10-02 15:18:55,507 - elsapy.utils - INFO - Module loaded.
2024-10-02 15:18:55,508 - elsapy.elsprofile - INFO - Module loaded.
2024-10-02 15:18:55,509 - elsapy.elsdoc - INFO - Module loaded.
2024-10-02 15:18:55,509 - elsapy.elssearch - INFO - Module loaded.
2024-10-02 15:26:32,123 - elsapy.elsclient - INFO - Module loaded.
2024-10-02 15:26:32,123 - elsapy.elsentity - INFO - Module loaded.
2024-10-02 15:26:32,124 - elsapy.utils - INFO - Module loaded.
2024-10-02 15:26:32,124 - elsapy.elsprofile - INFO - Module loaded.
2024-10-02 15:26:32,125 - elsapy.elsdoc - INFO - Module loaded.
2024-10-02 15:26:32,126 - elsapy.elssearch - INFO - Module loaded.
2024-10-02 15:29:20,969 - elsapy.elsclient - INFO - Module loaded.
2024-10-02 15:29:20,970 - elsapy.elsentity - INFO - Module loaded.
2024-10-02 15:29:20,971 - elsapy.utils - INFO - Module loaded.
2024-10-02 15:29:20,971 - elsapy.elsprofile - INFO - Module loaded.
2024-10-02 15:29:20,972 - elsapy.elsdoc - INFO - Module loaded.
2024-10-02 15:29:20,973 - elsapy.elssearch - INFO - Module loaded.
2024-10-02 15:33:58,540 - elsapy.elsclient - INFO - Module loaded.
2024-10-02 15:33:58,541 - elsapy.elsentity - INFO - Module loaded.
2024-10-02 15:33:58,542 - elsapy.utils - INFO - Module loaded.
2024-10-02 15:33:58,543 - elsapy.elsprofile - INFO - Module loaded.
2024-10-02 15:33:58,543 - elsapy.elsdoc - INFO - Module loaded.
2024-10-02 15:33:58,544 - elsapy.elssearch - INFO - Module loaded.
2024-10-02 15:36:21,981 - elsapy.elsclient - INFO - Module loaded.
2024-10-02 15:36:21,982 - elsapy.elsentity - INFO - Module loaded.
2024-10-02 15:36:21,983 - elsapy.utils - INFO - Module loaded.
2024-10-02 15:36:21,983 - elsapy.elsprofile - INFO - Module loaded.
2024-10-02 15:36:21,984 - elsapy.elsdoc - INFO - Module loaded.
2024-10-02 15:36:21,984 - elsapy.elssearch - INFO - Module loaded.
2024-10-02 15:53:11,230 - elsapy.elsclient - INFO - Module loaded.
2024-10-02 15:53:11,232 - elsapy.elsentity - INFO - Module loaded.
2024-10-02 15:53:11,232 - elsapy.utils - INFO - Module loaded.
2024-10-02 15:53:11,233 - elsapy.elsprofile - INFO - Module loaded.
2024-10-02 15:53:11,233 - elsapy.elsdoc - INFO - Module loaded.
2024-10-02 15:53:11,235 - elsapy.elssearch - INFO - Module loaded.
2024-10-02 15:57:42,453 - elsapy.elsclient - INFO - Module loaded.
2024-10-02 15:57:42,454 - elsapy.elsentity - INFO - Module loaded.
2024-10-02 15:57:42,455 - elsapy.utils - INFO - Module loaded.
2024-10-02 15:57:42,455 - elsapy.elsprofile - INFO - Module loaded.
2024-10-02 15:57:42,456 - elsapy.elsdoc - INFO - Module loaded.
2024-10-02 15:57:42,457 - elsapy.elssearch - INFO - Module loaded.
2024-10-02 16:00:48,433 - elsapy.elsclient - INFO - Module loaded.
2024-10-02 16:00:48,434 - elsapy.elsentity - INFO - Module loaded.
2024-10-02 16:00:48,435 - elsapy.utils - INFO - Module loaded.
2024-10-02 16:00:48,435 - elsapy.elsprofile - INFO - Module loaded.
2024-10-02 16:00:48,436 - elsapy.elsdoc - INFO - Module loaded.
2024-10-02 16:00:48,437 - elsapy.elssearch - INFO - Module loaded.
2024-10-02 16:02:06,768 - elsapy.elsclient - INFO - Module loaded.
2024-10-02 16:02:06,769 - elsapy.elsentity - INFO - Module loaded.
2024-10-02 16:02:06,770 - elsapy.utils - INFO - Module loaded.
2024-10-02 16:02:06,770 - elsapy.elsprofile - INFO - Module loaded.
2024-10-02 16:02:06,771 - elsapy.elsdoc - INFO - Module loaded.
2024-10-02 16:02:06,772 - elsapy.elssearch - INFO - Module loaded.
2024-10-02 16:23:24,501 - elsapy.elsclient - INFO - Module loaded.
2024-10-02 16:23:24,502 - elsapy.elsentity - INFO - Module loaded.
2024-10-02 16:23:24,503 - elsapy.utils - INFO - Module loaded.
2024-10-02 16:23:24,503 - elsapy.elsprofile - INFO - Module loaded.
2024-10-02 16:23:24,504 - elsapy.elsdoc - INFO - Module loaded.
2024-10-02 16:23:24,505 - elsapy.elssearch - INFO - Module loaded.
2024-10-02 16:41:58,700 - elsapy.elsclient - INFO - Module loaded.
2024-10-02 16:41:58,701 - elsapy.elsentity - INFO - Module loaded.
2024-10-02 16:41:58,702 - elsapy.utils - INFO - Module loaded.
2024-10-02 16:41:58,702 - elsapy.elsprofile - INFO - Module loaded.
2024-10-02 16:41:58,703 - elsapy.elsdoc - INFO - Module loaded.
2024-10-02 16:41:58,704 - elsapy.elssearch - INFO - Module loaded.
2024-10-02 16:46:46,103 - elsapy.elsclient - INFO - Module loaded.
2024-10-02 16:46:46,104 - elsapy.elsentity - INFO - Module loaded.
2024-10-02 16:46:46,105 - elsapy.utils - INFO - Module loaded.
2024-10-02 16:46:46,105 - elsapy.elsprofile - INFO - Module loaded.
2024-10-02 16:46:46,106 - elsapy.elsdoc - INFO - Module loaded.
2024-10-02 16:46:46,107 - elsapy.elssearch - INFO - Module loaded.
2024-10-02 16:48:00,988 - elsapy.elsclient - INFO - Module loaded.
2024-10-02 16:48:00,990 - elsapy.elsentity - INFO - Module loaded.
2024-10-02 16:48:00,990 - elsapy.utils - INFO - Module loaded.
2024-10-02 16:48:00,991 - elsapy.elsprofile - INFO - Module loaded.
2024-10-02 16:48:00,991 - elsapy.elsdoc - INFO - Module loaded.
2024-10-02 16:48:00,992 - elsapy.elssearch - INFO - Module loaded.
2024-10-02 16:49:00,600 - elsapy.elsclient - INFO - Module loaded.
2024-10-02 16:49:00,601 - elsapy.elsentity - INFO - Module loaded.
2024-10-02 16:49:00,602 - elsapy.utils - INFO - Module loaded.
2024-10-02 16:49:00,602 - elsapy.elsprofile - INFO - Module loaded.
2024-10-02 16:49:00,603 - elsapy.elsdoc - INFO - Module loaded.
2024-10-02 16:49:00,604 - elsapy.elssearch - INFO - Module loaded.
2024-10-02 16:49:37,994 - elsapy.elsclient - INFO - Module loaded.
2024-10-02 16:49:37,995 - elsapy.elsentity - INFO - Module loaded.
2024-10-02 16:49:37,996 - elsapy.utils - INFO - Module loaded.
2024-10-02 16:49:37,996 - elsapy.elsprofile - INFO - Module loaded.
2024-10-02 16:49:37,997 - elsapy.elsdoc - INFO - Module loaded.
2024-10-02 16:49:37,997 - elsapy.elssearch - INFO - Module loaded.
2024-10-02 16:50:37,645 - elsapy.elsclient - INFO - Module loaded.
2024-10-02 16:50:37,647 - elsapy.elsentity - INFO - Module loaded.
2024-10-02 16:50:37,647 - elsapy.utils - INFO - Module loaded.
2024-10-02 16:50:37,648 - elsapy.elsprofile - INFO - Module loaded.
2024-10-02 16:50:37,648 - elsapy.elsdoc - INFO - Module loaded.
2024-10-02 16:50:37,650 - elsapy.elssearch - INFO - Module loaded.
2024-10-02 16:51:52,441 - elsapy.elsclient - INFO - Module loaded.
2024-10-02 16:51:52,442 - elsapy.elsentity - INFO - Module loaded.
2024-10-02 16:51:52,443 - elsapy.utils - INFO - Module loaded.
2024-10-02 16:51:52,443 - elsapy.elsprofile - INFO - Module loaded.
2024-10-02 16:51:52,444 - elsapy.elsdoc - INFO - Module loaded.
2024-10-02 16:51:52,445 - elsapy.elssearch - INFO - Module loaded.
2024-10-02 16:52:34,366 - elsapy.elsclient - INFO - Module loaded.
2024-10-02 16:52:34,367 - elsapy.elsentity - INFO - Module loaded.
2024-10-02 16:52:34,368 - elsapy.utils - INFO - Module loaded.
2024-10-02 16:52:34,368 - elsapy.elsprofile - INFO - Module loaded.
2024-10-02 16:52:34,369 - elsapy.elsdoc - INFO - Module loaded.
2024-10-02 16:52:34,370 - elsapy.elssearch - INFO - Module loaded.
2024-10-02 16:54:43,669 - elsapy.elsclient - INFO - Module loaded.
2024-10-02 16:54:43,670 - elsapy.elsentity - INFO - Module loaded.
2024-10-02 16:54:43,671 - elsapy.utils - INFO - Module loaded.
2024-10-02 16:54:43,671 - elsapy.elsprofile - INFO - Module loaded.
2024-10-02 16:54:43,672 - elsapy.elsdoc - INFO - Module loaded.
2024-10-02 16:54:43,673 - elsapy.elssearch - INFO - Module loaded.
2024-10-02 16:55:59,287 - elsapy.elsclient - INFO - Module loaded.
2024-10-02 16:55:59,288 - elsapy.elsentity - INFO - Module loaded.
2024-10-02 16:55:59,289 - elsapy.utils - INFO - Module loaded.
2024-10-02 16:55:59,289 - elsapy.elsprofile - INFO - Module loaded.
2024-10-02 16:55:59,290 - elsapy.elsdoc - INFO - Module loaded.
2024-10-02 16:55:59,290 - elsapy.elssearch - INFO - Module loaded.
2024-10-02 16:56:39,419 - elsapy.elsclient - INFO - Module loaded.
2024-10-02 16:56:39,421 - elsapy.elsentity - INFO - Module loaded.
2024-10-02 16:56:39,421 - elsapy.utils - INFO - Module loaded.
2024-10-02 16:56:39,422 - elsapy.elsprofile - INFO - Module loaded.
2024-10-02 16:56:39,423 - elsapy.elsdoc - INFO - Module loaded.
2024-10-02 16:56:39,423 - elsapy.elssearch - INFO - Module loaded.
2024-10-02 16:58:46,957 - elsapy.elsclient - INFO - Module loaded.
2024-10-02 16:58:46,958 - elsapy.elsentity - INFO - Module loaded.
2024-10-02 16:58:46,959 - elsapy.utils - INFO - Module loaded.
2024-10-02 16:58:46,959 - elsapy.elsprofile - INFO - Module loaded.
2024-10-02 16:58:46,960 - elsapy.elsdoc - INFO - Module loaded.
2024-10-02 16:58:46,961 - elsapy.elssearch - INFO - Module loaded.
2024-10-02 16:59:09,694 - elsapy.elsclient - INFO - Module loaded.
2024-10-02 16:59:09,695 - elsapy.elsentity - INFO - Module loaded.
2024-10-02 16:59:09,696 - elsapy.utils - INFO - Module loaded.
2024-10-02 16:59:09,696 - elsapy.elsprofile - INFO - Module loaded.
2024-10-02 16:59:09,697 - elsapy.elsdoc - INFO - Module loaded.
2024-10-02 16:59:09,697 - elsapy.elssearch - INFO - Module loaded.
2024-10-02 17:07:03,286 - elsapy.elsclient - INFO - Module loaded.
2024-10-02 17:07:03,288 - elsapy.elsentity - INFO - Module loaded.
2024-10-02 17:07:03,288 - elsapy.utils - INFO - Module loaded.
2024-10-02 17:07:03,289 - elsapy.elsprofile - INFO - Module loaded.
2024-10-02 17:07:03,289 - elsapy.elsdoc - INFO - Module loaded.
2024-10-02 17:07:03,290 - elsapy.elssearch - INFO - Module loaded.
2024-10-02 17:12:52,707 - elsapy.elsclient - INFO - Module loaded.
2024-10-02 17:12:52,708 - elsapy.elsentity - INFO - Module loaded.
2024-10-02 17:12:52,709 - elsapy.utils - INFO - Module loaded.
2024-10-02 17:12:52,710 - elsapy.elsprofile - INFO - Module loaded.
2024-10-02 17:12:52,710 - elsapy.elsdoc - INFO - Module loaded.
2024-10-02 17:12:52,711 - elsapy.elssearch - INFO - Module loaded.
2024-10-02 17:13:15,352 - elsapy.elsclient - INFO - Module loaded.
2024-10-02 17:13:15,353 - elsapy.elsentity - INFO - Module loaded.
2024-10-02 17:13:15,353 - elsapy.utils - INFO - Module loaded.
2024-10-02 17:13:15,354 - elsapy.elsprofile - INFO - Module loaded.
2024-10-02 17:13:15,355 - elsapy.elsdoc - INFO - Module loaded.
2024-10-02 17:13:15,355 - elsapy.elssearch - INFO - Module loaded.
2024-10-02 17:14:05,174 - elsapy.elsclient - INFO - Module loaded.
2024-10-02 17:14:05,176 - elsapy.elsentity - INFO - Module loaded.
2024-10-02 17:14:05,176 - elsapy.utils - INFO - Module loaded.
2024-10-02 17:14:05,177 - elsapy.elsprofile - INFO - Module loaded.
2024-10-02 17:14:05,178 - elsapy.elsdoc - INFO - Module loaded.
2024-10-02 17:14:05,179 - elsapy.elssearch - INFO - Module loaded.
2024-10-02 17:16:50,789 - elsapy.elsclient - INFO - Module loaded.
2024-10-02 17:16:50,790 - elsapy.elsentity - INFO - Module loaded.
2024-10-02 17:16:50,791 - elsapy.utils - INFO - Module loaded.
2024-10-02 17:16:50,792 - elsapy.elsprofile - INFO - Module loaded.
2024-10-02 17:16:50,792 - elsapy.elsdoc - INFO - Module loaded.
2024-10-02 17:16:50,793 - elsapy.elssearch - INFO - Module loaded.
2024-10-02 17:21:12,388 - elsapy.elsclient - INFO - Module loaded.
2024-10-02 17:21:12,390 - elsapy.elsentity - INFO - Module loaded.
2024-10-02 17:21:12,390 - elsapy.utils - INFO - Module loaded.
2024-10-02 17:21:12,391 - elsapy.elsprofile - INFO - Module loaded.
2024-10-02 17:21:12,391 - elsapy.elsdoc - INFO - Module loaded.
2024-10-02 17:21:12,392 - elsapy.elssearch - INFO - Module loaded.
2024-10-02 17:21:48,563 - elsapy.elsclient - INFO - Module loaded.
2024-10-02 17:21:48,564 - elsapy.elsentity - INFO - Module loaded.
2024-10-02 17:21:48,565 - elsapy.utils - INFO - Module loaded.
2024-10-02 17:21:48,566 - elsapy.elsprofile - INFO - Module loaded.
2024-10-02 17:21:48,566 - elsapy.elsdoc - INFO - Module loaded.
2024-10-02 17:21:48,567 - elsapy.elssearch - INFO - Module loaded.
2024-10-02 17:23:24,681 - elsapy.elsclient - INFO - Module loaded.
2024-10-02 17:23:24,682 - elsapy.elsentity - INFO - Module loaded.
2024-10-02 17:23:24,683 - elsapy.utils - INFO - Module loaded.
2024-10-02 17:23:24,683 - elsapy.elsprofile - INFO - Module loaded.
2024-10-02 17:23:24,684 - elsapy.elsdoc - INFO - Module loaded.
2024-10-02 17:23:24,685 - elsapy.elssearch - INFO - Module loaded.
2024-10-02 17:24:25,714 - elsapy.elsclient - INFO - Module loaded.
2024-10-02 17:24:25,715 - elsapy.elsentity - INFO - Module loaded.
2024-10-02 17:24:25,715 - elsapy.utils - INFO - Module loaded.
2024-10-02 17:24:25,717 - elsapy.elsprofile - INFO - Module loaded.
2024-10-02 17:24:25,717 - elsapy.elsdoc - INFO - Module loaded.
2024-10-02 17:24:25,718 - elsapy.elssearch - INFO - Module loaded.
2024-10-02 17:25:32,787 - elsapy.elsclient - INFO - Module loaded.
2024-10-02 17:25:32,789 - elsapy.elsentity - INFO - Module loaded.
2024-10-02 17:25:32,789 - elsapy.utils - INFO - Module loaded.
2024-10-02 17:25:32,790 - elsapy.elsprofile - INFO - Module loaded.
2024-10-02 17:25:32,791 - elsapy.elsdoc - INFO - Module loaded.
2024-10-02 17:25:32,791 - elsapy.elssearch - INFO - Module loaded.
2024-10-02 17:25:54,491 - elsapy.elsclient - INFO - Module loaded.
2024-10-02 17:25:54,492 - elsapy.elsentity - INFO - Module loaded.
2024-10-02 17:25:54,492 - elsapy.utils - INFO - Module loaded.
2024-10-02 17:25:54,492 - elsapy.elsprofile - INFO - Module loaded.
2024-10-02 17:25:54,493 - elsapy.elsdoc - INFO - Module loaded.
2024-10-02 17:25:54,494 - elsapy.elssearch - INFO - Module loaded.
2024-10-02 17:26:18,575 - elsapy.elsclient - INFO - Module loaded.
2024-10-02 17:26:18,577 - elsapy.elsentity - INFO - Module loaded.
2024-10-02 17:26:18,577 - elsapy.utils - INFO - Module loaded.
2024-10-02 17:26:18,578 - elsapy.elsprofile - INFO - Module loaded.
2024-10-02 17:26:18,578 - elsapy.elsdoc - INFO - Module loaded.
2024-10-02 17:26:18,579 - elsapy.elssearch - INFO - Module loaded.
2024-10-02 17:26:54,801 - elsapy.elsclient - INFO - Module loaded.
2024-10-02 17:26:54,802 - elsapy.elsentity - INFO - Module loaded.
2024-10-02 17:26:54,803 - elsapy.utils - INFO - Module loaded.
2024-10-02 17:26:54,803 - elsapy.elsprofile - INFO - Module loaded.
2024-10-02 17:26:54,804 - elsapy.elsdoc - INFO - Module loaded.
2024-10-02 17:26:54,805 - elsapy.elssearch - INFO - Module loaded.
2024-10-02 17:27:48,587 - elsapy.elsclient - INFO - Module loaded.
2024-10-02 17:27:48,589 - elsapy.elsentity - INFO - Module loaded.
2024-10-02 17:27:48,589 - elsapy.utils - INFO - Module loaded.
2024-10-02 17:27:48,590 - elsapy.elsprofile - INFO - Module loaded.
2024-10-02 17:27:48,590 - elsapy.elsdoc - INFO - Module loaded.
2024-10-02 17:27:48,591 - elsapy.elssearch - INFO - Module loaded.
2024-10-02 17:28:42,827 - elsapy.elsclient - INFO - Module loaded.
2024-10-02 17:28:42,829 - elsapy.elsentity - INFO - Module loaded.
2024-10-02 17:28:42,829 - elsapy.utils - INFO - Module loaded.
2024-10-02 17:28:42,830 - elsapy.elsprofile - INFO - Module loaded.
2024-10-02 17:28:42,830 - elsapy.elsdoc - INFO - Module loaded.
2024-10-02 17:28:42,831 - elsapy.elssearch - INFO - Module loaded.
2024-10-02 17:43:46,467 - elsapy.elsclient - INFO - Module loaded.
2024-10-02 17:43:46,469 - elsapy.elsentity - INFO - Module loaded.
2024-10-02 17:43:46,469 - elsapy.utils - INFO - Module loaded.
2024-10-02 17:43:46,470 - elsapy.elsprofile - INFO - Module loaded.
2024-10-02 17:43:46,471 - elsapy.elsdoc - INFO - Module loaded.
2024-10-02 17:43:46,471 - elsapy.elssearch - INFO - Module loaded.
2024-10-02 17:47:20,571 - elsapy.elsclient - INFO - Module loaded.
2024-10-02 17:47:20,572 - elsapy.elsentity - INFO - Module loaded.
2024-10-02 17:47:20,573 - elsapy.utils - INFO - Module loaded.
2024-10-02 17:47:20,573 - elsapy.elsprofile - INFO - Module loaded.
2024-10-02 17:47:20,574 - elsapy.elsdoc - INFO - Module loaded.
2024-10-02 17:47:20,575 - elsapy.elssearch - INFO - Module loaded.
2024-10-02 17:53:56,597 - elsapy.elsclient - INFO - Module loaded.
2024-10-02 17:53:56,598 - elsapy.elsentity - INFO - Module loaded.
2024-10-02 17:53:56,599 - elsapy.utils - INFO - Module loaded.
2024-10-02 17:53:56,599 - elsapy.elsprofile - INFO - Module loaded.
2024-10-02 17:53:56,600 - elsapy.elsdoc - INFO - Module loaded.
2024-10-02 17:53:56,601 - elsapy.elssearch - INFO - Module loaded.
2024-10-02 17:59:13,744 - elsapy.elsclient - INFO - Module loaded.
2024-10-02 17:59:13,746 - elsapy.elsentity - INFO - Module loaded.
2024-10-02 17:59:13,746 - elsapy.utils - INFO - Module loaded.
2024-10-02 17:59:13,746 - elsapy.elsprofile - INFO - Module loaded.
2024-10-02 17:59:13,748 - elsapy.elsdoc - INFO - Module loaded.
2024-10-02 17:59:13,749 - elsapy.elssearch - INFO - Module loaded.
2024-10-02 18:04:18,477 - elsapy.elsclient - INFO - Module loaded.
2024-10-02 18:04:18,478 - elsapy.elsentity - INFO - Module loaded.
2024-10-02 18:04:18,479 - elsapy.utils - INFO - Module loaded.
2024-10-02 18:04:18,479 - elsapy.elsprofile - INFO - Module loaded.
2024-10-02 18:04:18,480 - elsapy.elsdoc - INFO - Module loaded.
2024-10-02 18:04:18,481 - elsapy.elssearch - INFO - Module loaded.
2024-10-02 18:16:27,582 - elsapy.elsclient - INFO - Module loaded.
2024-10-02 18:16:27,583 - elsapy.elsentity - INFO - Module loaded.
2024-10-02 18:16:27,584 - elsapy.utils - INFO - Module loaded.
2024-10-02 18:16:27,584 - elsapy.elsprofile - INFO - Module loaded.
2024-10-02 18:16:27,585 - elsapy.elsdoc - INFO - Module loaded.
2024-10-02 18:16:27,586 - elsapy.elssearch - INFO - Module loaded.
2024-10-02 18:22:17,870 - elsapy.elsclient - INFO - Module loaded.
2024-10-02 18:22:17,871 - elsapy.elsentity - INFO - Module loaded.
2024-10-02 18:22:17,872 - elsapy.utils - INFO - Module loaded.
2024-10-02 18:22:17,872 - elsapy.elsprofile - INFO - Module loaded.
2024-10-02 18:22:17,873 - elsapy.elsdoc - INFO - Module loaded.
2024-10-02 18:22:17,874 - elsapy.elssearch - INFO - Module loaded.
2024-10-02 18:24:54,970 - elsapy.elsclient - INFO - Module loaded.
2024-10-02 18:24:54,971 - elsapy.elsentity - INFO - Module loaded.
2024-10-02 18:24:54,972 - elsapy.utils - INFO - Module loaded.
2024-10-02 18:24:54,973 - elsapy.elsprofile - INFO - Module loaded.
2024-10-02 18:24:54,973 - elsapy.elsdoc - INFO - Module loaded.
2024-10-02 18:24:54,974 - elsapy.elssearch - INFO - Module loaded.
2024-10-02 18:25:21,970 - elsapy.elsclient - INFO - Module loaded.
2024-10-02 18:25:21,972 - elsapy.elsentity - INFO - Module loaded.
2024-10-02 18:25:21,972 - elsapy.utils - INFO - Module loaded.
2024-10-02 18:25:21,973 - elsapy.elsprofile - INFO - Module loaded.
2024-10-02 18:25:21,974 - elsapy.elsdoc - INFO - Module loaded.
2024-10-02 18:25:21,974 - elsapy.elssearch - INFO - Module loaded.
2024-10-02 18:29:07,400 - elsapy.elsclient - INFO - Module loaded.
2024-10-02 18:29:07,401 - elsapy.elsentity - INFO - Module loaded.
2024-10-02 18:29:07,402 - elsapy.utils - INFO - Module loaded.
2024-10-02 18:29:07,402 - elsapy.elsprofile - INFO - Module loaded.
2024-10-02 18:29:07,403 - elsapy.elsdoc - INFO - Module loaded.
2024-10-02 18:29:07,404 - elsapy.elssearch - INFO - Module loaded.
2024-10-02 18:34:04,230 - elsapy.elsclient - INFO - Module loaded.
2024-10-02 18:34:04,232 - elsapy.elsentity - INFO - Module loaded.
2024-10-02 18:34:04,232 - elsapy.utils - INFO - Module loaded.
2024-10-02 18:34:04,233 - elsapy.elsprofile - INFO - Module loaded.
2024-10-02 18:34:04,234 - elsapy.elsdoc - INFO - Module loaded.
2024-10-02 18:34:04,234 - elsapy.elssearch - INFO - Module loaded.
2024-10-02 18:40:30,063 - elsapy.elsclient - INFO - Module loaded.
2024-10-02 18:40:30,064 - elsapy.elsentity - INFO - Module loaded.
2024-10-02 18:40:30,065 - elsapy.utils - INFO - Module loaded.
2024-10-02 18:40:30,065 - elsapy.elsprofile - INFO - Module loaded.
2024-10-02 18:40:30,066 - elsapy.elsdoc - INFO - Module loaded.
2024-10-02 18:40:30,067 - elsapy.elssearch - INFO - Module loaded.
2024-10-02 18:42:39,480 - elsapy.elsclient - INFO - Module loaded.
2024-10-02 18:42:39,481 - elsapy.elsentity - INFO - Module loaded.
2024-10-02 18:42:39,482 - elsapy.utils - INFO - Module loaded.
2024-10-02 18:42:39,482 - elsapy.elsprofile - INFO - Module loaded.
2024-10-02 18:42:39,483 - elsapy.elsdoc - INFO - Module loaded.
2024-10-02 18:42:39,484 - elsapy.elssearch - INFO - Module loaded.
2024-10-02 18:45:42,326 - elsapy.elsclient - INFO - Module loaded.
2024-10-02 18:45:42,328 - elsapy.elsentity - INFO - Module loaded.
2024-10-02 18:45:42,328 - elsapy.utils - INFO - Module loaded.
2024-10-02 18:45:42,329 - elsapy.elsprofile - INFO - Module loaded.
2024-10-02 18:45:42,329 - elsapy.elsdoc - INFO - Module loaded.
2024-10-02 18:45:42,330 - elsapy.elssearch - INFO - Module loaded.
2024-10-02 18:47:25,133 - elsapy.elsclient - INFO - Module loaded.
2024-10-02 18:47:25,134 - elsapy.elsentity - INFO - Module loaded.
2024-10-02 18:47:25,135 - elsapy.utils - INFO - Module loaded.
2024-10-02 18:47:25,135 - elsapy.elsprofile - INFO - Module loaded.
2024-10-02 18:47:25,136 - elsapy.elsdoc - INFO - Module loaded.
2024-10-02 18:47:25,137 - elsapy.elssearch - INFO - Module loaded.
2024-10-02 18:48:47,297 - elsapy.elsclient - INFO - Module loaded.
2024-10-02 18:48:47,299 - elsapy.elsentity - INFO - Module loaded.
2024-10-02 18:48:47,299 - elsapy.utils - INFO - Module loaded.
2024-10-02 18:48:47,300 - elsapy.elsprofile - INFO - Module loaded.
2024-10-02 18:48:47,301 - elsapy.elsdoc - INFO - Module loaded.
2024-10-02 18:48:47,301 - elsapy.elssearch - INFO - Module loaded.
2024-10-02 18:51:05,739 - elsapy.elsclient - INFO - Module loaded.
2024-10-02 18:51:05,740 - elsapy.elsentity - INFO - Module loaded.
2024-10-02 18:51:05,741 - elsapy.utils - INFO - Module loaded.
2024-10-02 18:51:05,741 - elsapy.elsprofile - INFO - Module loaded.
2024-10-02 18:51:05,742 - elsapy.elsdoc - INFO - Module loaded.
2024-10-02 18:51:05,743 - elsapy.elssearch - INFO - Module loaded.
2024-10-02 18:53:33,746 - elsapy.elsclient - INFO - Module loaded.
2024-10-02 18:53:33,748 - elsapy.elsentity - INFO - Module loaded.
2024-10-02 18:53:33,748 - elsapy.utils - INFO - Module loaded.
2024-10-02 18:53:33,749 - elsapy.elsprofile - INFO - Module loaded.
2024-10-02 18:53:33,749 - elsapy.elsdoc - INFO - Module loaded.
2024-10-02 18:53:33,750 - elsapy.elssearch - INFO - Module loaded.
2024-10-02 18:55:17,247 - elsapy.elsclient - INFO - Module loaded.
2024-10-02 18:55:17,248 - elsapy.elsentity - INFO - Module loaded.
2024-10-02 18:55:17,249 - elsapy.utils - INFO - Module loaded.
2024-10-02 18:55:17,249 - elsapy.elsprofile - INFO - Module loaded.
2024-10-02 18:55:17,250 - elsapy.elsdoc - INFO - Module loaded.
2024-10-02 18:55:17,250 - elsapy.elssearch - INFO - Module loaded.
2024-10-02 18:58:02,549 - elsapy.elsclient - INFO - Module loaded.
2024-10-02 18:58:02,551 - elsapy.elsentity - INFO - Module loaded.
2024-10-02 18:58:02,551 - elsapy.utils - INFO - Module loaded.
2024-10-02 18:58:02,552 - elsapy.elsprofile - INFO - Module loaded.
2024-10-02 18:58:02,552 - elsapy.elsdoc - INFO - Module loaded.
2024-10-02 18:58:02,553 - elsapy.elssearch - INFO - Module loaded.
2024-10-02 19:02:56,825 - elsapy.elsclient - INFO - Module loaded.
2024-10-02 19:02:56,826 - elsapy.elsentity - INFO - Module loaded.
2024-10-02 19:02:56,827 - elsapy.utils - INFO - Module loaded.
2024-10-02 19:02:56,828 - elsapy.elsprofile - INFO - Module loaded.
2024-10-02 19:02:56,828 - elsapy.elsdoc - INFO - Module loaded.
2024-10-02 19:02:56,829 - elsapy.elssearch - INFO - Module loaded.
2024-10-02 19:03:55,954 - elsapy.elsclient - INFO - Module loaded.
2024-10-02 19:03:55,955 - elsapy.elsentity - INFO - Module loaded.
2024-10-02 19:03:55,956 - elsapy.utils - INFO - Module loaded.
2024-10-02 19:03:55,956 - elsapy.elsprofile - INFO - Module loaded.
2024-10-02 19:03:55,957 - elsapy.elsdoc - INFO - Module loaded.
2024-10-02 19:03:55,958 - elsapy.elssearch - INFO - Module loaded.
2024-10-02 19:04:50,999 - elsapy.elsclient - INFO - Module loaded.
2024-10-02 19:04:51,001 - elsapy.elsentity - INFO - Module loaded.
2024-10-02 19:04:51,001 - elsapy.utils - INFO - Module loaded.
2024-10-02 19:04:51,002 - elsapy.elsprofile - INFO - Module loaded.
2024-10-02 19:04:51,002 - elsapy.elsdoc - INFO - Module loaded.
2024-10-02 19:04:51,003 - elsapy.elssearch - INFO - Module loaded.
2024-10-02 19:07:29,469 - elsapy.elsclient - INFO - Module loaded.
2024-10-02 19:07:29,471 - elsapy.elsentity - INFO - Module loaded.
2024-10-02 19:07:29,471 - elsapy.utils - INFO - Module loaded.
2024-10-02 19:07:29,472 - elsapy.elsprofile - INFO - Module loaded.
2024-10-02 19:07:29,472 - elsapy.elsdoc - INFO - Module loaded.
2024-10-02 19:07:29,473 - elsapy.elssearch - INFO - Module loaded.
2024-10-02 19:09:25,323 - elsapy.elsclient - INFO - Module loaded.
2024-10-02 19:09:25,324 - elsapy.elsentity - INFO - Module loaded.
2024-10-02 19:09:25,325 - elsapy.utils - INFO - Module loaded.
2024-10-02 19:09:25,325 - elsapy.elsprofile - INFO - Module loaded.
2024-10-02 19:09:25,326 - elsapy.elsdoc - INFO - Module loaded.
2024-10-02 19:09:25,327 - elsapy.elssearch - INFO - Module loaded.
2024-10-02 19:11:46,853 - elsapy.elsclient - INFO - Module loaded.
2024-10-02 19:11:46,855 - elsapy.elsentity - INFO - Module loaded.
2024-10-02 19:11:46,855 - elsapy.utils - INFO - Module loaded.
2024-10-02 19:11:46,856 - elsapy.elsprofile - INFO - Module loaded.
2024-10-02 19:11:46,856 - elsapy.elsdoc - INFO - Module loaded.
2024-10-02 19:11:46,857 - elsapy.elssearch - INFO - Module loaded.
2024-10-02 19:16:28,676 - elsapy.elsclient - INFO - Module loaded.
2024-10-02 19:16:28,677 - elsapy.elsentity - INFO - Module loaded.
2024-10-02 19:16:28,677 - elsapy.utils - INFO - Module loaded.
2024-10-02 19:16:28,678 - elsapy.elsprofile - INFO - Module loaded.
2024-10-02 19:16:28,678 - elsapy.elsdoc - INFO - Module loaded.
2024-10-02 19:16:28,679 - elsapy.elssearch - INFO - Module loaded.
2024-10-02 19:20:20,506 - elsapy.elsclient - INFO - Module loaded.
2024-10-02 19:20:20,507 - elsapy.elsentity - INFO - Module loaded.
2024-10-02 19:20:20,508 - elsapy.utils - INFO - Module loaded.
2024-10-02 19:20:20,508 - elsapy.elsprofile - INFO - Module loaded.
2024-10-02 19:20:20,509 - elsapy.elsdoc - INFO - Module loaded.
2024-10-02 19:20:20,509 - elsapy.elssearch - INFO - Module loaded.
2024-10-02 19:20:47,856 - elsapy.elsclient - INFO - Module loaded.
2024-10-02 19:20:47,857 - elsapy.elsentity - INFO - Module loaded.
2024-10-02 19:20:47,858 - elsapy.utils - INFO - Module loaded.
2024-10-02 19:20:47,858 - elsapy.elsprofile - INFO - Module loaded.
2024-10-02 19:20:47,859 - elsapy.elsdoc - INFO - Module loaded.
2024-10-02 19:20:47,860 - elsapy.elssearch - INFO - Module loaded.
2024-10-02 19:23:46,995 - elsapy.elsclient - INFO - Module loaded.
2024-10-02 19:23:46,996 - elsapy.elsentity - INFO - Module loaded.
2024-10-02 19:23:46,997 - elsapy.utils - INFO - Module loaded.
2024-10-02 19:23:46,997 - elsapy.elsprofile - INFO - Module loaded.
2024-10-02 19:23:46,998 - elsapy.elsdoc - INFO - Module loaded.
2024-10-02 19:23:46,998 - elsapy.elssearch - INFO - Module loaded.
2024-10-02 19:25:42,193 - elsapy.elsclient - INFO - Module loaded.
2024-10-02 19:25:42,194 - elsapy.elsentity - INFO - Module loaded.
2024-10-02 19:25:42,195 - elsapy.utils - INFO - Module loaded.
2024-10-02 19:25:42,195 - elsapy.elsprofile - INFO - Module loaded.
2024-10-02 19:25:42,196 - elsapy.elsdoc - INFO - Module loaded.
2024-10-02 19:25:42,197 - elsapy.elssearch - INFO - Module loaded.
2024-10-02 19:33:56,951 - elsapy.elsclient - INFO - Module loaded.
2024-10-02 19:33:56,953 - elsapy.elsentity - INFO - Module loaded.
2024-10-02 19:33:56,953 - elsapy.utils - INFO - Module loaded.
2024-10-02 19:33:56,954 - elsapy.elsprofile - INFO - Module loaded.
2024-10-02 19:33:56,954 - elsapy.elsdoc - INFO - Module loaded.
2024-10-02 19:33:56,955 - elsapy.elssearch - INFO - Module loaded.
2024-10-02 21:41:03,665 - elsapy.elsclient - INFO - Module loaded.
2024-10-02 21:41:03,667 - elsapy.elsentity - INFO - Module loaded.
2024-10-02 21:41:03,667 - elsapy.utils - INFO - Module loaded.
2024-10-02 21:41:03,668 - elsapy.elsprofile - INFO - Module loaded.
2024-10-02 21:41:03,669 - elsapy.elsdoc - INFO - Module loaded.
2024-10-02 21:41:03,670 - elsapy.elssearch - INFO - Module loaded.
2024-10-02 21:41:55,774 - elsapy.elsclient - INFO - Module loaded.
2024-10-02 21:41:55,775 - elsapy.elsentity - INFO - Module loaded.
2024-10-02 21:41:55,776 - elsapy.utils - INFO - Module loaded.
2024-10-02 21:41:55,776 - elsapy.elsprofile - INFO - Module loaded.
2024-10-02 21:41:55,777 - elsapy.elsdoc - INFO - Module loaded.
2024-10-02 21:41:55,778 - elsapy.elssearch - INFO - Module loaded.
2024-10-02 21:43:43,871 - elsapy.elsclient - INFO - Module loaded.
2024-10-02 21:43:43,872 - elsapy.elsentity - INFO - Module loaded.
2024-10-02 21:43:43,873 - elsapy.utils - INFO - Module loaded.
2024-10-02 21:43:43,873 - elsapy.elsprofile - INFO - Module loaded.
2024-10-02 21:43:43,874 - elsapy.elsdoc - INFO - Module loaded.
2024-10-02 21:43:43,874 - elsapy.elssearch - INFO - Module loaded.
2024-10-02 21:44:18,516 - elsapy.elsclient - INFO - Module loaded.
2024-10-02 21:44:18,517 - elsapy.elsentity - INFO - Module loaded.
2024-10-02 21:44:18,518 - elsapy.utils - INFO - Module loaded.
2024-10-02 21:44:18,518 - elsapy.elsprofile - INFO - Module loaded.
2024-10-02 21:44:18,519 - elsapy.elsdoc - INFO - Module loaded.
2024-10-02 21:44:18,520 - elsapy.elssearch - INFO - Module loaded.
2024-10-02 21:47:40,973 - elsapy.elsclient - INFO - Module loaded.
2024-10-02 21:47:40,975 - elsapy.elsentity - INFO - Module loaded.
2024-10-02 21:47:40,975 - elsapy.utils - INFO - Module loaded.
2024-10-02 21:47:40,976 - elsapy.elsprofile - INFO - Module loaded.
2024-10-02 21:47:40,976 - elsapy.elsdoc - INFO - Module loaded.
2024-10-02 21:47:40,977 - elsapy.elssearch - INFO - Module loaded.
2024-10-02 21:48:18,150 - elsapy.elsclient - INFO - Module loaded.
2024-10-02 21:48:18,152 - elsapy.elsentity - INFO - Module loaded.
2024-10-02 21:48:18,152 - elsapy.utils - INFO - Module loaded.
2024-10-02 21:48:18,153 - elsapy.elsprofile - INFO - Module loaded.
2024-10-02 21:48:18,154 - elsapy.elsdoc - INFO - Module loaded.
2024-10-02 21:48:18,154 - elsapy.elssearch - INFO - Module loaded.
2024-10-02 21:48:58,178 - elsapy.elsclient - INFO - Module loaded.
2024-10-02 21:48:58,180 - elsapy.elsentity - INFO - Module loaded.
2024-10-02 21:48:58,180 - elsapy.utils - INFO - Module loaded.
2024-10-02 21:48:58,181 - elsapy.elsprofile - INFO - Module loaded.
2024-10-02 21:48:58,181 - elsapy.elsdoc - INFO - Module loaded.
2024-10-02 21:48:58,182 - elsapy.elssearch - INFO - Module loaded.
2024-10-02 22:01:29,794 - elsapy.elsclient - INFO - Module loaded.
2024-10-02 22:01:29,795 - elsapy.elsentity - INFO - Module loaded.
2024-10-02 22:01:29,796 - elsapy.utils - INFO - Module loaded.
2024-10-02 22:01:29,796 - elsapy.elsprofile - INFO - Module loaded.
2024-10-02 22:01:29,797 - elsapy.elsdoc - INFO - Module loaded.
2024-10-02 22:01:29,798 - elsapy.elssearch - INFO - Module loaded.
2024-10-02 22:02:06,762 - elsapy.elsclient - INFO - Module loaded.
2024-10-02 22:02:06,763 - elsapy.elsentity - INFO - Module loaded.
2024-10-02 22:02:06,764 - elsapy.utils - INFO - Module loaded.
2024-10-02 22:02:06,764 - elsapy.elsprofile - INFO - Module loaded.
2024-10-02 22:02:06,765 - elsapy.elsdoc - INFO - Module loaded.
2024-10-02 22:02:06,766 - elsapy.elssearch - INFO - Module loaded.
2024-10-02 22:03:59,885 - elsapy.elsclient - INFO - Module loaded.
2024-10-02 22:03:59,887 - elsapy.elsentity - INFO - Module loaded.
2024-10-02 22:03:59,887 - elsapy.utils - INFO - Module loaded.
2024-10-02 22:03:59,888 - elsapy.elsprofile - INFO - Module loaded.
2024-10-02 22:03:59,888 - elsapy.elsdoc - INFO - Module loaded.
2024-10-02 22:03:59,889 - elsapy.elssearch - INFO - Module loaded.
2024-10-02 22:18:33,559 - elsapy.elsclient - INFO - Module loaded.
2024-10-02 22:18:33,560 - elsapy.elsentity - INFO - Module loaded.
2024-10-02 22:18:33,560 - elsapy.utils - INFO - Module loaded.
2024-10-02 22:18:33,561 - elsapy.elsprofile - INFO - Module loaded.
2024-10-02 22:18:33,561 - elsapy.elsdoc - INFO - Module loaded.
2024-10-02 22:18:33,562 - elsapy.elssearch - INFO - Module loaded.
2024-10-02 22:19:00,484 - elsapy.elsclient - INFO - Module loaded.
2024-10-02 22:19:00,485 - elsapy.elsentity - INFO - Module loaded.
2024-10-02 22:19:00,486 - elsapy.utils - INFO - Module loaded.
2024-10-02 22:19:00,486 - elsapy.elsprofile - INFO - Module loaded.
2024-10-02 22:19:00,487 - elsapy.elsdoc - INFO - Module loaded.
2024-10-02 22:19:00,488 - elsapy.elssearch - INFO - Module loaded.
