2024-06-04 08:24:28,840 - elsapy.elsclient - INFO - Module loaded.
2024-06-04 08:24:28,842 - elsapy.elsentity - INFO - Module loaded.
2024-06-04 08:24:28,842 - elsapy.utils - INFO - Module loaded.
2024-06-04 08:24:28,843 - elsapy.elsprofile - INFO - Module loaded.
2024-06-04 08:24:28,843 - elsapy.elsdoc - INFO - Module loaded.
2024-06-04 08:24:28,844 - elsapy.elssearch - INFO - Module loaded.
2024-06-04 08:24:46,981 - elsapy.elsclient - INFO - Module loaded.
2024-06-04 08:24:46,982 - elsapy.elsentity - INFO - Module loaded.
2024-06-04 08:24:46,983 - elsapy.utils - INFO - Module loaded.
2024-06-04 08:24:46,983 - elsapy.elsprofile - INFO - Module loaded.
2024-06-04 08:24:46,984 - elsapy.elsdoc - INFO - Module loaded.
2024-06-04 08:24:46,986 - elsapy.elssearch - INFO - Module loaded.
2024-06-04 08:47:20,802 - elsapy.elsclient - INFO - Module loaded.
2024-06-04 08:47:20,804 - elsapy.elsentity - INFO - Module loaded.
2024-06-04 08:47:20,804 - elsapy.utils - INFO - Module loaded.
2024-06-04 08:47:20,805 - elsapy.elsprofile - INFO - Module loaded.
2024-06-04 08:47:20,805 - elsapy.elsdoc - INFO - Module loaded.
2024-06-04 08:47:20,806 - elsapy.elssearch - INFO - Module loaded.
2024-06-04 08:48:48,706 - elsapy.elsclient - INFO - Module loaded.
2024-06-04 08:48:48,707 - elsapy.elsentity - INFO - Module loaded.
2024-06-04 08:48:48,708 - elsapy.utils - INFO - Module loaded.
2024-06-04 08:48:48,708 - elsapy.elsprofile - INFO - Module loaded.
2024-06-04 08:48:48,709 - elsapy.elsdoc - INFO - Module loaded.
2024-06-04 08:48:48,709 - elsapy.elssearch - INFO - Module loaded.
2024-06-04 08:53:32,547 - elsapy.elsclient - INFO - Module loaded.
2024-06-04 08:53:32,548 - elsapy.elsentity - INFO - Module loaded.
2024-06-04 08:53:32,549 - elsapy.utils - INFO - Module loaded.
2024-06-04 08:53:32,549 - elsapy.elsprofile - INFO - Module loaded.
2024-06-04 08:53:32,550 - elsapy.elsdoc - INFO - Module loaded.
2024-06-04 08:53:32,550 - elsapy.elssearch - INFO - Module loaded.
2024-06-04 13:23:50,458 - elsapy.elsclient - INFO - Module loaded.
2024-06-04 13:23:50,459 - elsapy.elsentity - INFO - Module loaded.
2024-06-04 13:23:50,460 - elsapy.utils - INFO - Module loaded.
2024-06-04 13:23:50,461 - elsapy.elsprofile - INFO - Module loaded.
2024-06-04 13:23:50,462 - elsapy.elsdoc - INFO - Module loaded.
2024-06-04 13:23:50,463 - elsapy.elssearch - INFO - Module loaded.
2024-06-04 13:29:16,157 - elsapy.elsclient - INFO - Module loaded.
2024-06-04 13:29:16,158 - elsapy.elsentity - INFO - Module loaded.
2024-06-04 13:29:16,159 - elsapy.utils - INFO - Module loaded.
2024-06-04 13:29:16,159 - elsapy.elsprofile - INFO - Module loaded.
2024-06-04 13:29:16,160 - elsapy.elsdoc - INFO - Module loaded.
2024-06-04 13:29:16,160 - elsapy.elssearch - INFO - Module loaded.
2024-06-04 14:06:03,003 - elsapy.elsclient - INFO - Module loaded.
2024-06-04 14:06:03,004 - elsapy.elsentity - INFO - Module loaded.
2024-06-04 14:06:03,005 - elsapy.utils - INFO - Module loaded.
2024-06-04 14:06:03,005 - elsapy.elsprofile - INFO - Module loaded.
2024-06-04 14:06:03,005 - elsapy.elsdoc - INFO - Module loaded.
2024-06-04 14:06:03,006 - elsapy.elssearch - INFO - Module loaded.
2024-06-04 14:10:11,077 - elsapy.elsclient - INFO - Module loaded.
2024-06-04 14:10:11,078 - elsapy.elsentity - INFO - Module loaded.
2024-06-04 14:10:11,079 - elsapy.utils - INFO - Module loaded.
2024-06-04 14:10:11,079 - elsapy.elsprofile - INFO - Module loaded.
2024-06-04 14:10:11,080 - elsapy.elsdoc - INFO - Module loaded.
2024-06-04 14:10:11,081 - elsapy.elssearch - INFO - Module loaded.
2024-06-04 14:12:55,117 - elsapy.elsclient - INFO - Module loaded.
2024-06-04 14:12:55,118 - elsapy.elsentity - INFO - Module loaded.
2024-06-04 14:12:55,119 - elsapy.utils - INFO - Module loaded.
2024-06-04 14:12:55,119 - elsapy.elsprofile - INFO - Module loaded.
2024-06-04 14:12:55,120 - elsapy.elsdoc - INFO - Module loaded.
2024-06-04 14:12:55,121 - elsapy.elssearch - INFO - Module loaded.
2024-06-04 14:32:15,082 - elsapy.elsclient - INFO - Module loaded.
2024-06-04 14:32:15,083 - elsapy.elsentity - INFO - Module loaded.
2024-06-04 14:32:15,084 - elsapy.utils - INFO - Module loaded.
2024-06-04 14:32:15,084 - elsapy.elsprofile - INFO - Module loaded.
2024-06-04 14:32:15,085 - elsapy.elsdoc - INFO - Module loaded.
2024-06-04 14:32:15,085 - elsapy.elssearch - INFO - Module loaded.
2024-06-04 14:43:34,247 - elsapy.elsclient - INFO - Module loaded.
2024-06-04 14:43:34,248 - elsapy.elsentity - INFO - Module loaded.
2024-06-04 14:43:34,248 - elsapy.utils - INFO - Module loaded.
2024-06-04 14:43:34,249 - elsapy.elsprofile - INFO - Module loaded.
2024-06-04 14:43:34,249 - elsapy.elsdoc - INFO - Module loaded.
2024-06-04 14:43:34,250 - elsapy.elssearch - INFO - Module loaded.
2024-06-04 14:54:20,283 - elsapy.elsclient - INFO - Module loaded.
2024-06-04 14:54:20,284 - elsapy.elsentity - INFO - Module loaded.
2024-06-04 14:54:20,285 - elsapy.utils - INFO - Module loaded.
2024-06-04 14:54:20,285 - elsapy.elsprofile - INFO - Module loaded.
2024-06-04 14:54:20,285 - elsapy.elsdoc - INFO - Module loaded.
2024-06-04 14:54:20,286 - elsapy.elssearch - INFO - Module loaded.
2024-06-04 15:03:19,146 - elsapy.elsclient - INFO - Module loaded.
2024-06-04 15:03:19,147 - elsapy.elsentity - INFO - Module loaded.
2024-06-04 15:03:19,148 - elsapy.utils - INFO - Module loaded.
2024-06-04 15:03:19,148 - elsapy.elsprofile - INFO - Module loaded.
2024-06-04 15:03:19,149 - elsapy.elsdoc - INFO - Module loaded.
2024-06-04 15:03:19,150 - elsapy.elssearch - INFO - Module loaded.
2024-06-04 15:20:26,015 - elsapy.elsclient - INFO - Module loaded.
2024-06-04 15:20:26,016 - elsapy.elsentity - INFO - Module loaded.
2024-06-04 15:20:26,017 - elsapy.utils - INFO - Module loaded.
2024-06-04 15:20:26,017 - elsapy.elsprofile - INFO - Module loaded.
2024-06-04 15:20:26,018 - elsapy.elsdoc - INFO - Module loaded.
2024-06-04 15:20:26,019 - elsapy.elssearch - INFO - Module loaded.
2024-06-04 15:21:27,744 - elsapy.elsclient - INFO - Module loaded.
2024-06-04 15:21:27,745 - elsapy.elsentity - INFO - Module loaded.
2024-06-04 15:21:27,746 - elsapy.utils - INFO - Module loaded.
2024-06-04 15:21:27,746 - elsapy.elsprofile - INFO - Module loaded.
2024-06-04 15:21:27,747 - elsapy.elsdoc - INFO - Module loaded.
2024-06-04 15:21:27,748 - elsapy.elssearch - INFO - Module loaded.
2024-06-04 17:43:39,152 - elsapy.elsclient - INFO - Module loaded.
2024-06-04 17:43:39,153 - elsapy.elsentity - INFO - Module loaded.
2024-06-04 17:43:39,154 - elsapy.utils - INFO - Module loaded.
2024-06-04 17:43:39,154 - elsapy.elsprofile - INFO - Module loaded.
2024-06-04 17:43:39,155 - elsapy.elsdoc - INFO - Module loaded.
2024-06-04 17:43:39,156 - elsapy.elssearch - INFO - Module loaded.
2024-06-04 18:40:54,969 - elsapy.elsclient - INFO - Module loaded.
2024-06-04 18:40:54,970 - elsapy.elsentity - INFO - Module loaded.
2024-06-04 18:40:54,971 - elsapy.utils - INFO - Module loaded.
2024-06-04 18:40:54,971 - elsapy.elsprofile - INFO - Module loaded.
2024-06-04 18:40:54,972 - elsapy.elsdoc - INFO - Module loaded.
2024-06-04 18:40:54,972 - elsapy.elssearch - INFO - Module loaded.
2024-06-04 18:52:06,800 - elsapy.elsclient - INFO - Module loaded.
2024-06-04 18:52:06,801 - elsapy.elsentity - INFO - Module loaded.
2024-06-04 18:52:06,802 - elsapy.utils - INFO - Module loaded.
2024-06-04 18:52:06,802 - elsapy.elsprofile - INFO - Module loaded.
2024-06-04 18:52:06,803 - elsapy.elsdoc - INFO - Module loaded.
2024-06-04 18:52:06,804 - elsapy.elssearch - INFO - Module loaded.
2024-06-04 19:08:05,537 - elsapy.elsclient - INFO - Module loaded.
2024-06-04 19:08:05,538 - elsapy.elsentity - INFO - Module loaded.
2024-06-04 19:08:05,538 - elsapy.utils - INFO - Module loaded.
2024-06-04 19:08:05,539 - elsapy.elsprofile - INFO - Module loaded.
2024-06-04 19:08:05,539 - elsapy.elsdoc - INFO - Module loaded.
2024-06-04 19:08:05,540 - elsapy.elssearch - INFO - Module loaded.
2024-06-04 19:08:46,148 - elsapy.elsclient - INFO - Module loaded.
2024-06-04 19:08:46,149 - elsapy.elsentity - INFO - Module loaded.
2024-06-04 19:08:46,150 - elsapy.utils - INFO - Module loaded.
2024-06-04 19:08:46,150 - elsapy.elsprofile - INFO - Module loaded.
2024-06-04 19:08:46,151 - elsapy.elsdoc - INFO - Module loaded.
2024-06-04 19:08:46,152 - elsapy.elssearch - INFO - Module loaded.
2024-06-04 19:17:03,925 - elsapy.elsclient - INFO - Module loaded.
2024-06-04 19:17:03,926 - elsapy.elsentity - INFO - Module loaded.
2024-06-04 19:17:03,927 - elsapy.utils - INFO - Module loaded.
2024-06-04 19:17:03,927 - elsapy.elsprofile - INFO - Module loaded.
2024-06-04 19:17:03,928 - elsapy.elsdoc - INFO - Module loaded.
2024-06-04 19:17:03,929 - elsapy.elssearch - INFO - Module loaded.
2024-06-04 19:26:41,180 - elsapy.elsclient - INFO - Module loaded.
2024-06-04 19:26:41,181 - elsapy.elsentity - INFO - Module loaded.
2024-06-04 19:26:41,182 - elsapy.utils - INFO - Module loaded.
2024-06-04 19:26:41,182 - elsapy.elsprofile - INFO - Module loaded.
2024-06-04 19:26:41,183 - elsapy.elsdoc - INFO - Module loaded.
2024-06-04 19:26:41,184 - elsapy.elssearch - INFO - Module loaded.
2024-06-04 19:32:41,429 - elsapy.elsclient - INFO - Module loaded.
2024-06-04 19:32:41,430 - elsapy.elsentity - INFO - Module loaded.
2024-06-04 19:32:41,431 - elsapy.utils - INFO - Module loaded.
2024-06-04 19:32:41,431 - elsapy.elsprofile - INFO - Module loaded.
2024-06-04 19:32:41,431 - elsapy.elsdoc - INFO - Module loaded.
2024-06-04 19:32:41,432 - elsapy.elssearch - INFO - Module loaded.
2024-06-04 20:03:53,313 - elsapy.elsclient - INFO - Module loaded.
2024-06-04 20:03:53,314 - elsapy.elsentity - INFO - Module loaded.
2024-06-04 20:03:53,314 - elsapy.utils - INFO - Module loaded.
2024-06-04 20:03:53,315 - elsapy.elsprofile - INFO - Module loaded.
2024-06-04 20:03:53,315 - elsapy.elsdoc - INFO - Module loaded.
2024-06-04 20:03:53,316 - elsapy.elssearch - INFO - Module loaded.
2024-06-04 22:16:08,154 - elsapy.elsclient - INFO - Module loaded.
2024-06-04 22:16:08,155 - elsapy.elsentity - INFO - Module loaded.
2024-06-04 22:16:08,156 - elsapy.utils - INFO - Module loaded.
2024-06-04 22:16:08,156 - elsapy.elsprofile - INFO - Module loaded.
2024-06-04 22:16:08,157 - elsapy.elsdoc - INFO - Module loaded.
2024-06-04 22:16:08,158 - elsapy.elssearch - INFO - Module loaded.
