2024-08-19 08:30:16,630 - elsapy.elsclient - INFO - Module loaded.
2024-08-19 08:30:16,632 - elsapy.elsentity - INFO - Module loaded.
2024-08-19 08:30:16,633 - elsapy.utils - INFO - Module loaded.
2024-08-19 08:30:16,634 - elsapy.elsprofile - INFO - Module loaded.
2024-08-19 08:30:16,635 - elsapy.elsdoc - INFO - Module loaded.
2024-08-19 08:30:16,636 - elsapy.elssearch - INFO - Module loaded.
2024-08-19 08:31:59,349 - elsapy.elsclient - INFO - Module loaded.
2024-08-19 08:31:59,350 - elsapy.elsentity - INFO - Module loaded.
2024-08-19 08:31:59,351 - elsapy.utils - INFO - Module loaded.
2024-08-19 08:31:59,351 - elsapy.elsprofile - INFO - Module loaded.
2024-08-19 08:31:59,352 - elsapy.elsdoc - INFO - Module loaded.
2024-08-19 08:31:59,354 - elsapy.elssearch - INFO - Module loaded.
2024-08-19 08:34:54,927 - elsapy.elsclient - INFO - Module loaded.
2024-08-19 08:34:54,928 - elsapy.elsentity - INFO - Module loaded.
2024-08-19 08:34:54,929 - elsapy.utils - INFO - Module loaded.
2024-08-19 08:34:54,929 - elsapy.elsprofile - INFO - Module loaded.
2024-08-19 08:34:54,930 - elsapy.elsdoc - INFO - Module loaded.
2024-08-19 08:34:54,931 - elsapy.elssearch - INFO - Module loaded.
2024-08-19 08:37:32,959 - elsapy.elsclient - INFO - Module loaded.
2024-08-19 08:37:32,960 - elsapy.elsentity - INFO - Module loaded.
2024-08-19 08:37:32,961 - elsapy.utils - INFO - Module loaded.
2024-08-19 08:37:32,961 - elsapy.elsprofile - INFO - Module loaded.
2024-08-19 08:37:32,962 - elsapy.elsdoc - INFO - Module loaded.
2024-08-19 08:37:32,962 - elsapy.elssearch - INFO - Module loaded.
2024-08-19 08:39:54,752 - elsapy.elsclient - INFO - Module loaded.
2024-08-19 08:39:54,754 - elsapy.elsentity - INFO - Module loaded.
2024-08-19 08:39:54,754 - elsapy.utils - INFO - Module loaded.
2024-08-19 08:39:54,755 - elsapy.elsprofile - INFO - Module loaded.
2024-08-19 08:39:54,755 - elsapy.elsdoc - INFO - Module loaded.
2024-08-19 08:39:54,756 - elsapy.elssearch - INFO - Module loaded.
2024-08-19 08:43:49,998 - elsapy.elsclient - INFO - Module loaded.
2024-08-19 08:43:50,000 - elsapy.elsentity - INFO - Module loaded.
2024-08-19 08:43:50,001 - elsapy.utils - INFO - Module loaded.
2024-08-19 08:43:50,001 - elsapy.elsprofile - INFO - Module loaded.
2024-08-19 08:43:50,002 - elsapy.elsdoc - INFO - Module loaded.
2024-08-19 08:43:50,003 - elsapy.elssearch - INFO - Module loaded.
2024-08-19 08:54:46,512 - elsapy.elsclient - INFO - Module loaded.
2024-08-19 08:54:46,513 - elsapy.elsentity - INFO - Module loaded.
2024-08-19 08:54:46,513 - elsapy.utils - INFO - Module loaded.
2024-08-19 08:54:46,514 - elsapy.elsprofile - INFO - Module loaded.
2024-08-19 08:54:46,514 - elsapy.elsdoc - INFO - Module loaded.
2024-08-19 08:54:46,515 - elsapy.elssearch - INFO - Module loaded.
2024-08-19 08:55:33,494 - elsapy.elsclient - INFO - Module loaded.
2024-08-19 08:55:33,495 - elsapy.elsentity - INFO - Module loaded.
2024-08-19 08:55:33,496 - elsapy.utils - INFO - Module loaded.
2024-08-19 08:55:33,496 - elsapy.elsprofile - INFO - Module loaded.
2024-08-19 08:55:33,497 - elsapy.elsdoc - INFO - Module loaded.
2024-08-19 08:55:33,497 - elsapy.elssearch - INFO - Module loaded.
2024-08-19 08:58:29,035 - elsapy.elsclient - INFO - Module loaded.
2024-08-19 08:58:29,037 - elsapy.elsentity - INFO - Module loaded.
2024-08-19 08:58:29,037 - elsapy.utils - INFO - Module loaded.
2024-08-19 08:58:29,037 - elsapy.elsprofile - INFO - Module loaded.
2024-08-19 08:58:29,038 - elsapy.elsdoc - INFO - Module loaded.
2024-08-19 08:58:29,039 - elsapy.elssearch - INFO - Module loaded.
2024-08-19 09:00:46,481 - elsapy.elsclient - INFO - Module loaded.
2024-08-19 09:00:46,483 - elsapy.elsentity - INFO - Module loaded.
2024-08-19 09:00:46,483 - elsapy.utils - INFO - Module loaded.
2024-08-19 09:00:46,483 - elsapy.elsprofile - INFO - Module loaded.
2024-08-19 09:00:46,484 - elsapy.elsdoc - INFO - Module loaded.
2024-08-19 09:00:46,485 - elsapy.elssearch - INFO - Module loaded.
2024-08-19 09:04:25,585 - elsapy.elsclient - INFO - Module loaded.
2024-08-19 09:04:25,586 - elsapy.elsentity - INFO - Module loaded.
2024-08-19 09:04:25,587 - elsapy.utils - INFO - Module loaded.
2024-08-19 09:04:25,587 - elsapy.elsprofile - INFO - Module loaded.
2024-08-19 09:04:25,588 - elsapy.elsdoc - INFO - Module loaded.
2024-08-19 09:04:25,588 - elsapy.elssearch - INFO - Module loaded.
2024-08-19 09:06:32,152 - elsapy.elsclient - INFO - Module loaded.
2024-08-19 09:06:32,153 - elsapy.elsentity - INFO - Module loaded.
2024-08-19 09:06:32,154 - elsapy.utils - INFO - Module loaded.
2024-08-19 09:06:32,154 - elsapy.elsprofile - INFO - Module loaded.
2024-08-19 09:06:32,155 - elsapy.elsdoc - INFO - Module loaded.
2024-08-19 09:06:32,156 - elsapy.elssearch - INFO - Module loaded.
2024-08-19 09:11:37,029 - elsapy.elsclient - INFO - Module loaded.
2024-08-19 09:11:37,031 - elsapy.elsentity - INFO - Module loaded.
2024-08-19 09:11:37,031 - elsapy.utils - INFO - Module loaded.
2024-08-19 09:11:37,031 - elsapy.elsprofile - INFO - Module loaded.
2024-08-19 09:11:37,032 - elsapy.elsdoc - INFO - Module loaded.
2024-08-19 09:11:37,033 - elsapy.elssearch - INFO - Module loaded.
2024-08-19 09:13:52,215 - elsapy.elsclient - INFO - Module loaded.
2024-08-19 09:13:52,216 - elsapy.elsentity - INFO - Module loaded.
2024-08-19 09:13:52,217 - elsapy.utils - INFO - Module loaded.
2024-08-19 09:13:52,217 - elsapy.elsprofile - INFO - Module loaded.
2024-08-19 09:13:52,218 - elsapy.elsdoc - INFO - Module loaded.
2024-08-19 09:13:52,219 - elsapy.elssearch - INFO - Module loaded.
2024-08-19 09:15:41,483 - elsapy.elsclient - INFO - Module loaded.
2024-08-19 09:15:41,484 - elsapy.elsentity - INFO - Module loaded.
2024-08-19 09:15:41,485 - elsapy.utils - INFO - Module loaded.
2024-08-19 09:15:41,485 - elsapy.elsprofile - INFO - Module loaded.
2024-08-19 09:15:41,486 - elsapy.elsdoc - INFO - Module loaded.
2024-08-19 09:15:41,487 - elsapy.elssearch - INFO - Module loaded.
2024-08-19 09:16:05,516 - elsapy.elsclient - INFO - Module loaded.
2024-08-19 09:16:05,517 - elsapy.elsentity - INFO - Module loaded.
2024-08-19 09:16:05,517 - elsapy.utils - INFO - Module loaded.
2024-08-19 09:16:05,518 - elsapy.elsprofile - INFO - Module loaded.
2024-08-19 09:16:05,518 - elsapy.elsdoc - INFO - Module loaded.
2024-08-19 09:16:05,519 - elsapy.elssearch - INFO - Module loaded.
2024-08-19 09:16:37,006 - elsapy.elsclient - INFO - Module loaded.
2024-08-19 09:16:37,007 - elsapy.elsentity - INFO - Module loaded.
2024-08-19 09:16:37,008 - elsapy.utils - INFO - Module loaded.
2024-08-19 09:16:37,008 - elsapy.elsprofile - INFO - Module loaded.
2024-08-19 09:16:37,009 - elsapy.elsdoc - INFO - Module loaded.
2024-08-19 09:16:37,010 - elsapy.elssearch - INFO - Module loaded.
2024-08-19 09:32:05,452 - elsapy.elsclient - INFO - Module loaded.
2024-08-19 09:32:05,453 - elsapy.elsentity - INFO - Module loaded.
2024-08-19 09:32:05,454 - elsapy.utils - INFO - Module loaded.
2024-08-19 09:32:05,454 - elsapy.elsprofile - INFO - Module loaded.
2024-08-19 09:32:05,455 - elsapy.elsdoc - INFO - Module loaded.
2024-08-19 09:32:05,455 - elsapy.elssearch - INFO - Module loaded.
2024-08-19 09:49:29,053 - elsapy.elsclient - INFO - Module loaded.
2024-08-19 09:49:29,054 - elsapy.elsentity - INFO - Module loaded.
2024-08-19 09:49:29,054 - elsapy.utils - INFO - Module loaded.
2024-08-19 09:49:29,055 - elsapy.elsprofile - INFO - Module loaded.
2024-08-19 09:49:29,055 - elsapy.elsdoc - INFO - Module loaded.
2024-08-19 09:49:29,056 - elsapy.elssearch - INFO - Module loaded.
2024-08-19 09:51:13,029 - elsapy.elsclient - INFO - Module loaded.
2024-08-19 09:51:13,030 - elsapy.elsentity - INFO - Module loaded.
2024-08-19 09:51:13,030 - elsapy.utils - INFO - Module loaded.
2024-08-19 09:51:13,031 - elsapy.elsprofile - INFO - Module loaded.
2024-08-19 09:51:13,031 - elsapy.elsdoc - INFO - Module loaded.
2024-08-19 09:51:13,032 - elsapy.elssearch - INFO - Module loaded.
2024-08-19 10:22:10,604 - elsapy.elsclient - INFO - Module loaded.
2024-08-19 10:22:10,605 - elsapy.elsentity - INFO - Module loaded.
2024-08-19 10:22:10,606 - elsapy.utils - INFO - Module loaded.
2024-08-19 10:22:10,606 - elsapy.elsprofile - INFO - Module loaded.
2024-08-19 10:22:10,607 - elsapy.elsdoc - INFO - Module loaded.
2024-08-19 10:22:10,608 - elsapy.elssearch - INFO - Module loaded.
2024-08-19 10:42:25,956 - elsapy.elsclient - INFO - Module loaded.
2024-08-19 10:42:25,957 - elsapy.elsentity - INFO - Module loaded.
2024-08-19 10:42:25,957 - elsapy.utils - INFO - Module loaded.
2024-08-19 10:42:25,958 - elsapy.elsprofile - INFO - Module loaded.
2024-08-19 10:42:25,958 - elsapy.elsdoc - INFO - Module loaded.
2024-08-19 10:42:25,959 - elsapy.elssearch - INFO - Module loaded.
2024-08-19 10:42:40,211 - elsapy.elsclient - INFO - Module loaded.
2024-08-19 10:42:40,212 - elsapy.elsentity - INFO - Module loaded.
2024-08-19 10:42:40,213 - elsapy.utils - INFO - Module loaded.
2024-08-19 10:42:40,213 - elsapy.elsprofile - INFO - Module loaded.
2024-08-19 10:42:40,214 - elsapy.elsdoc - INFO - Module loaded.
2024-08-19 10:42:40,214 - elsapy.elssearch - INFO - Module loaded.
2024-08-19 11:17:20,145 - elsapy.elsclient - INFO - Module loaded.
2024-08-19 11:17:20,146 - elsapy.elsentity - INFO - Module loaded.
2024-08-19 11:17:20,147 - elsapy.utils - INFO - Module loaded.
2024-08-19 11:17:20,147 - elsapy.elsprofile - INFO - Module loaded.
2024-08-19 11:17:20,148 - elsapy.elsdoc - INFO - Module loaded.
2024-08-19 11:17:20,149 - elsapy.elssearch - INFO - Module loaded.
2024-08-19 11:21:15,719 - elsapy.elsclient - INFO - Module loaded.
2024-08-19 11:21:15,720 - elsapy.elsentity - INFO - Module loaded.
2024-08-19 11:21:15,721 - elsapy.utils - INFO - Module loaded.
2024-08-19 11:21:15,721 - elsapy.elsprofile - INFO - Module loaded.
2024-08-19 11:21:15,722 - elsapy.elsdoc - INFO - Module loaded.
2024-08-19 11:21:15,722 - elsapy.elssearch - INFO - Module loaded.
2024-08-19 11:38:27,178 - elsapy.elsclient - INFO - Module loaded.
2024-08-19 11:38:27,179 - elsapy.elsentity - INFO - Module loaded.
2024-08-19 11:38:27,180 - elsapy.utils - INFO - Module loaded.
2024-08-19 11:38:27,180 - elsapy.elsprofile - INFO - Module loaded.
2024-08-19 11:38:27,181 - elsapy.elsdoc - INFO - Module loaded.
2024-08-19 11:38:27,182 - elsapy.elssearch - INFO - Module loaded.
2024-08-19 11:40:21,786 - elsapy.elsclient - INFO - Module loaded.
2024-08-19 11:40:21,787 - elsapy.elsentity - INFO - Module loaded.
2024-08-19 11:40:21,788 - elsapy.utils - INFO - Module loaded.
2024-08-19 11:40:21,788 - elsapy.elsprofile - INFO - Module loaded.
2024-08-19 11:40:21,789 - elsapy.elsdoc - INFO - Module loaded.
2024-08-19 11:40:21,790 - elsapy.elssearch - INFO - Module loaded.
2024-08-19 11:41:01,354 - elsapy.elsclient - INFO - Module loaded.
2024-08-19 11:41:01,356 - elsapy.elsentity - INFO - Module loaded.
2024-08-19 11:41:01,356 - elsapy.utils - INFO - Module loaded.
2024-08-19 11:41:01,357 - elsapy.elsprofile - INFO - Module loaded.
2024-08-19 11:41:01,357 - elsapy.elsdoc - INFO - Module loaded.
2024-08-19 11:41:01,358 - elsapy.elssearch - INFO - Module loaded.
2024-08-19 11:41:33,618 - elsapy.elsclient - INFO - Module loaded.
2024-08-19 11:41:33,619 - elsapy.elsentity - INFO - Module loaded.
2024-08-19 11:41:33,620 - elsapy.utils - INFO - Module loaded.
2024-08-19 11:41:33,620 - elsapy.elsprofile - INFO - Module loaded.
2024-08-19 11:41:33,621 - elsapy.elsdoc - INFO - Module loaded.
2024-08-19 11:41:33,621 - elsapy.elssearch - INFO - Module loaded.
2024-08-19 11:50:23,581 - elsapy.elsclient - INFO - Module loaded.
2024-08-19 11:50:23,582 - elsapy.elsentity - INFO - Module loaded.
2024-08-19 11:50:23,583 - elsapy.utils - INFO - Module loaded.
2024-08-19 11:50:23,583 - elsapy.elsprofile - INFO - Module loaded.
2024-08-19 11:50:23,584 - elsapy.elsdoc - INFO - Module loaded.
2024-08-19 11:50:23,584 - elsapy.elssearch - INFO - Module loaded.
2024-08-19 11:50:45,102 - elsapy.elsclient - INFO - Module loaded.
2024-08-19 11:50:45,104 - elsapy.elsentity - INFO - Module loaded.
2024-08-19 11:50:45,104 - elsapy.utils - INFO - Module loaded.
2024-08-19 11:50:45,105 - elsapy.elsprofile - INFO - Module loaded.
2024-08-19 11:50:45,105 - elsapy.elsdoc - INFO - Module loaded.
2024-08-19 11:50:45,106 - elsapy.elssearch - INFO - Module loaded.
2024-08-19 11:51:14,184 - elsapy.elsclient - INFO - Module loaded.
2024-08-19 11:51:14,185 - elsapy.elsentity - INFO - Module loaded.
2024-08-19 11:51:14,186 - elsapy.utils - INFO - Module loaded.
2024-08-19 11:51:14,186 - elsapy.elsprofile - INFO - Module loaded.
2024-08-19 11:51:14,187 - elsapy.elsdoc - INFO - Module loaded.
2024-08-19 11:51:14,188 - elsapy.elssearch - INFO - Module loaded.
2024-08-19 11:55:51,807 - elsapy.elsclient - INFO - Module loaded.
2024-08-19 11:55:51,808 - elsapy.elsentity - INFO - Module loaded.
2024-08-19 11:55:51,809 - elsapy.utils - INFO - Module loaded.
2024-08-19 11:55:51,809 - elsapy.elsprofile - INFO - Module loaded.
2024-08-19 11:55:51,810 - elsapy.elsdoc - INFO - Module loaded.
2024-08-19 11:55:51,811 - elsapy.elssearch - INFO - Module loaded.
2024-08-19 14:23:33,343 - elsapy.elsclient - INFO - Module loaded.
2024-08-19 14:23:33,344 - elsapy.elsentity - INFO - Module loaded.
2024-08-19 14:23:33,345 - elsapy.utils - INFO - Module loaded.
2024-08-19 14:23:33,346 - elsapy.elsprofile - INFO - Module loaded.
2024-08-19 14:23:33,347 - elsapy.elsdoc - INFO - Module loaded.
2024-08-19 14:23:33,348 - elsapy.elssearch - INFO - Module loaded.
2024-08-19 14:24:46,326 - elsapy.elsclient - INFO - Module loaded.
2024-08-19 14:24:46,327 - elsapy.elsentity - INFO - Module loaded.
2024-08-19 14:24:46,328 - elsapy.utils - INFO - Module loaded.
2024-08-19 14:24:46,328 - elsapy.elsprofile - INFO - Module loaded.
2024-08-19 14:24:46,329 - elsapy.elsdoc - INFO - Module loaded.
2024-08-19 14:24:46,329 - elsapy.elssearch - INFO - Module loaded.
2024-08-19 14:28:38,689 - elsapy.elsclient - INFO - Module loaded.
2024-08-19 14:28:38,690 - elsapy.elsentity - INFO - Module loaded.
2024-08-19 14:28:38,691 - elsapy.utils - INFO - Module loaded.
2024-08-19 14:28:38,691 - elsapy.elsprofile - INFO - Module loaded.
2024-08-19 14:28:38,691 - elsapy.elsdoc - INFO - Module loaded.
2024-08-19 14:28:38,692 - elsapy.elssearch - INFO - Module loaded.
2024-08-19 14:31:06,985 - elsapy.elsclient - INFO - Module loaded.
2024-08-19 14:31:06,986 - elsapy.elsentity - INFO - Module loaded.
2024-08-19 14:31:06,986 - elsapy.utils - INFO - Module loaded.
2024-08-19 14:31:06,987 - elsapy.elsprofile - INFO - Module loaded.
2024-08-19 14:31:06,987 - elsapy.elsdoc - INFO - Module loaded.
2024-08-19 14:31:06,988 - elsapy.elssearch - INFO - Module loaded.
2024-08-19 14:32:21,090 - elsapy.elsclient - INFO - Module loaded.
2024-08-19 14:32:21,091 - elsapy.elsentity - INFO - Module loaded.
2024-08-19 14:32:21,092 - elsapy.utils - INFO - Module loaded.
2024-08-19 14:32:21,092 - elsapy.elsprofile - INFO - Module loaded.
2024-08-19 14:32:21,093 - elsapy.elsdoc - INFO - Module loaded.
2024-08-19 14:32:21,093 - elsapy.elssearch - INFO - Module loaded.
2024-08-19 14:32:39,314 - elsapy.elsclient - INFO - Module loaded.
2024-08-19 14:32:39,315 - elsapy.elsentity - INFO - Module loaded.
2024-08-19 14:32:39,316 - elsapy.utils - INFO - Module loaded.
2024-08-19 14:32:39,316 - elsapy.elsprofile - INFO - Module loaded.
2024-08-19 14:32:39,317 - elsapy.elsdoc - INFO - Module loaded.
2024-08-19 14:32:39,317 - elsapy.elssearch - INFO - Module loaded.
2024-08-19 14:36:55,957 - elsapy.elsclient - INFO - Module loaded.
2024-08-19 14:36:55,958 - elsapy.elsentity - INFO - Module loaded.
2024-08-19 14:36:55,958 - elsapy.utils - INFO - Module loaded.
2024-08-19 14:36:55,959 - elsapy.elsprofile - INFO - Module loaded.
2024-08-19 14:36:55,959 - elsapy.elsdoc - INFO - Module loaded.
2024-08-19 14:36:55,960 - elsapy.elssearch - INFO - Module loaded.
2024-08-19 14:38:06,231 - elsapy.elsclient - INFO - Module loaded.
2024-08-19 14:38:06,232 - elsapy.elsentity - INFO - Module loaded.
2024-08-19 14:38:06,233 - elsapy.utils - INFO - Module loaded.
2024-08-19 14:38:06,233 - elsapy.elsprofile - INFO - Module loaded.
2024-08-19 14:38:06,234 - elsapy.elsdoc - INFO - Module loaded.
2024-08-19 14:38:06,234 - elsapy.elssearch - INFO - Module loaded.
2024-08-19 14:39:06,753 - elsapy.elsclient - INFO - Module loaded.
2024-08-19 14:39:06,755 - elsapy.elsentity - INFO - Module loaded.
2024-08-19 14:39:06,755 - elsapy.utils - INFO - Module loaded.
2024-08-19 14:39:06,755 - elsapy.elsprofile - INFO - Module loaded.
2024-08-19 14:39:06,756 - elsapy.elsdoc - INFO - Module loaded.
2024-08-19 14:39:06,757 - elsapy.elssearch - INFO - Module loaded.
2024-08-19 14:40:16,026 - elsapy.elsclient - INFO - Module loaded.
2024-08-19 14:40:16,027 - elsapy.elsentity - INFO - Module loaded.
2024-08-19 14:40:16,028 - elsapy.utils - INFO - Module loaded.
2024-08-19 14:40:16,028 - elsapy.elsprofile - INFO - Module loaded.
2024-08-19 14:40:16,028 - elsapy.elsdoc - INFO - Module loaded.
2024-08-19 14:40:16,029 - elsapy.elssearch - INFO - Module loaded.
2024-08-19 14:40:51,331 - elsapy.elsclient - INFO - Module loaded.
2024-08-19 14:40:51,332 - elsapy.elsentity - INFO - Module loaded.
2024-08-19 14:40:51,333 - elsapy.utils - INFO - Module loaded.
2024-08-19 14:40:51,333 - elsapy.elsprofile - INFO - Module loaded.
2024-08-19 14:40:51,334 - elsapy.elsdoc - INFO - Module loaded.
2024-08-19 14:40:51,335 - elsapy.elssearch - INFO - Module loaded.
2024-08-19 14:46:22,425 - elsapy.elsclient - INFO - Module loaded.
2024-08-19 14:46:22,427 - elsapy.elsentity - INFO - Module loaded.
2024-08-19 14:46:22,427 - elsapy.utils - INFO - Module loaded.
2024-08-19 14:46:22,427 - elsapy.elsprofile - INFO - Module loaded.
2024-08-19 14:46:22,428 - elsapy.elsdoc - INFO - Module loaded.
2024-08-19 14:46:22,429 - elsapy.elssearch - INFO - Module loaded.
2024-08-19 14:47:54,287 - elsapy.elsclient - INFO - Module loaded.
2024-08-19 14:47:54,288 - elsapy.elsentity - INFO - Module loaded.
2024-08-19 14:47:54,288 - elsapy.utils - INFO - Module loaded.
2024-08-19 14:47:54,289 - elsapy.elsprofile - INFO - Module loaded.
2024-08-19 14:47:54,289 - elsapy.elsdoc - INFO - Module loaded.
2024-08-19 14:47:54,290 - elsapy.elssearch - INFO - Module loaded.
2024-08-19 14:49:10,645 - elsapy.elsclient - INFO - Module loaded.
2024-08-19 14:49:10,646 - elsapy.elsentity - INFO - Module loaded.
2024-08-19 14:49:10,647 - elsapy.utils - INFO - Module loaded.
2024-08-19 14:49:10,647 - elsapy.elsprofile - INFO - Module loaded.
2024-08-19 14:49:10,648 - elsapy.elsdoc - INFO - Module loaded.
2024-08-19 14:49:10,649 - elsapy.elssearch - INFO - Module loaded.
2024-08-19 14:52:29,456 - elsapy.elsclient - INFO - Module loaded.
2024-08-19 14:52:29,457 - elsapy.elsentity - INFO - Module loaded.
2024-08-19 14:52:29,458 - elsapy.utils - INFO - Module loaded.
2024-08-19 14:52:29,458 - elsapy.elsprofile - INFO - Module loaded.
2024-08-19 14:52:29,459 - elsapy.elsdoc - INFO - Module loaded.
2024-08-19 14:52:29,460 - elsapy.elssearch - INFO - Module loaded.
2024-08-19 14:54:09,958 - elsapy.elsclient - INFO - Module loaded.
2024-08-19 14:54:09,959 - elsapy.elsentity - INFO - Module loaded.
2024-08-19 14:54:09,960 - elsapy.utils - INFO - Module loaded.
2024-08-19 14:54:09,960 - elsapy.elsprofile - INFO - Module loaded.
2024-08-19 14:54:09,961 - elsapy.elsdoc - INFO - Module loaded.
2024-08-19 14:54:09,962 - elsapy.elssearch - INFO - Module loaded.
2024-08-19 14:54:40,507 - elsapy.elsclient - INFO - Module loaded.
2024-08-19 14:54:40,508 - elsapy.elsentity - INFO - Module loaded.
2024-08-19 14:54:40,509 - elsapy.utils - INFO - Module loaded.
2024-08-19 14:54:40,509 - elsapy.elsprofile - INFO - Module loaded.
2024-08-19 14:54:40,510 - elsapy.elsdoc - INFO - Module loaded.
2024-08-19 14:54:40,510 - elsapy.elssearch - INFO - Module loaded.
2024-08-19 14:55:57,394 - elsapy.elsclient - INFO - Module loaded.
2024-08-19 14:55:57,395 - elsapy.elsentity - INFO - Module loaded.
2024-08-19 14:55:57,396 - elsapy.utils - INFO - Module loaded.
2024-08-19 14:55:57,396 - elsapy.elsprofile - INFO - Module loaded.
2024-08-19 14:55:57,397 - elsapy.elsdoc - INFO - Module loaded.
2024-08-19 14:55:57,398 - elsapy.elssearch - INFO - Module loaded.
2024-08-19 15:05:08,059 - elsapy.elsclient - INFO - Module loaded.
2024-08-19 15:05:08,060 - elsapy.elsentity - INFO - Module loaded.
2024-08-19 15:05:08,061 - elsapy.utils - INFO - Module loaded.
2024-08-19 15:05:08,061 - elsapy.elsprofile - INFO - Module loaded.
2024-08-19 15:05:08,062 - elsapy.elsdoc - INFO - Module loaded.
2024-08-19 15:05:08,062 - elsapy.elssearch - INFO - Module loaded.
2024-08-19 15:07:12,926 - elsapy.elsclient - INFO - Module loaded.
2024-08-19 15:07:12,927 - elsapy.elsentity - INFO - Module loaded.
2024-08-19 15:07:12,927 - elsapy.utils - INFO - Module loaded.
2024-08-19 15:07:12,928 - elsapy.elsprofile - INFO - Module loaded.
2024-08-19 15:07:12,928 - elsapy.elsdoc - INFO - Module loaded.
2024-08-19 15:07:12,929 - elsapy.elssearch - INFO - Module loaded.
2024-08-19 15:12:01,484 - elsapy.elsclient - INFO - Module loaded.
2024-08-19 15:12:01,485 - elsapy.elsentity - INFO - Module loaded.
2024-08-19 15:12:01,486 - elsapy.utils - INFO - Module loaded.
2024-08-19 15:12:01,486 - elsapy.elsprofile - INFO - Module loaded.
2024-08-19 15:12:01,486 - elsapy.elsdoc - INFO - Module loaded.
2024-08-19 15:12:01,487 - elsapy.elssearch - INFO - Module loaded.
2024-08-19 15:13:25,374 - elsapy.elsclient - INFO - Module loaded.
2024-08-19 15:13:25,375 - elsapy.elsentity - INFO - Module loaded.
2024-08-19 15:13:25,376 - elsapy.utils - INFO - Module loaded.
2024-08-19 15:13:25,376 - elsapy.elsprofile - INFO - Module loaded.
2024-08-19 15:13:25,377 - elsapy.elsdoc - INFO - Module loaded.
2024-08-19 15:13:25,377 - elsapy.elssearch - INFO - Module loaded.
2024-08-19 15:21:21,291 - elsapy.elsclient - INFO - Module loaded.
2024-08-19 15:21:21,292 - elsapy.elsentity - INFO - Module loaded.
2024-08-19 15:21:21,293 - elsapy.utils - INFO - Module loaded.
2024-08-19 15:21:21,293 - elsapy.elsprofile - INFO - Module loaded.
2024-08-19 15:21:21,294 - elsapy.elsdoc - INFO - Module loaded.
2024-08-19 15:21:21,294 - elsapy.elssearch - INFO - Module loaded.
2024-08-19 15:28:50,007 - elsapy.elsclient - INFO - Module loaded.
2024-08-19 15:28:50,008 - elsapy.elsentity - INFO - Module loaded.
2024-08-19 15:28:50,008 - elsapy.utils - INFO - Module loaded.
2024-08-19 15:28:50,009 - elsapy.elsprofile - INFO - Module loaded.
2024-08-19 15:28:50,009 - elsapy.elsdoc - INFO - Module loaded.
2024-08-19 15:28:50,010 - elsapy.elssearch - INFO - Module loaded.
2024-08-19 15:30:43,062 - elsapy.elsclient - INFO - Module loaded.
2024-08-19 15:30:43,063 - elsapy.elsentity - INFO - Module loaded.
2024-08-19 15:30:43,063 - elsapy.utils - INFO - Module loaded.
2024-08-19 15:30:43,063 - elsapy.elsprofile - INFO - Module loaded.
2024-08-19 15:30:43,064 - elsapy.elsdoc - INFO - Module loaded.
2024-08-19 15:30:43,065 - elsapy.elssearch - INFO - Module loaded.
2024-08-19 15:32:36,320 - elsapy.elsclient - INFO - Module loaded.
2024-08-19 15:32:36,322 - elsapy.elsentity - INFO - Module loaded.
2024-08-19 15:32:36,322 - elsapy.utils - INFO - Module loaded.
2024-08-19 15:32:36,322 - elsapy.elsprofile - INFO - Module loaded.
2024-08-19 15:32:36,323 - elsapy.elsdoc - INFO - Module loaded.
2024-08-19 15:32:36,324 - elsapy.elssearch - INFO - Module loaded.
2024-08-19 15:34:06,990 - elsapy.elsclient - INFO - Module loaded.
2024-08-19 15:34:06,991 - elsapy.elsentity - INFO - Module loaded.
2024-08-19 15:34:06,992 - elsapy.utils - INFO - Module loaded.
2024-08-19 15:34:06,992 - elsapy.elsprofile - INFO - Module loaded.
2024-08-19 15:34:06,993 - elsapy.elsdoc - INFO - Module loaded.
2024-08-19 15:34:06,994 - elsapy.elssearch - INFO - Module loaded.
2024-08-19 15:36:30,165 - elsapy.elsclient - INFO - Module loaded.
2024-08-19 15:36:30,166 - elsapy.elsentity - INFO - Module loaded.
2024-08-19 15:36:30,167 - elsapy.utils - INFO - Module loaded.
2024-08-19 15:36:30,167 - elsapy.elsprofile - INFO - Module loaded.
2024-08-19 15:36:30,167 - elsapy.elsdoc - INFO - Module loaded.
2024-08-19 15:36:30,168 - elsapy.elssearch - INFO - Module loaded.
2024-08-19 15:36:35,799 - elsapy.elsclient - INFO - Module loaded.
2024-08-19 15:36:35,800 - elsapy.elsentity - INFO - Module loaded.
2024-08-19 15:36:35,800 - elsapy.utils - INFO - Module loaded.
2024-08-19 15:36:35,801 - elsapy.elsprofile - INFO - Module loaded.
2024-08-19 15:36:35,801 - elsapy.elsdoc - INFO - Module loaded.
2024-08-19 15:36:35,802 - elsapy.elssearch - INFO - Module loaded.
2024-08-19 15:37:08,231 - elsapy.elsclient - INFO - Module loaded.
2024-08-19 15:37:08,232 - elsapy.elsentity - INFO - Module loaded.
2024-08-19 15:37:08,233 - elsapy.utils - INFO - Module loaded.
2024-08-19 15:37:08,233 - elsapy.elsprofile - INFO - Module loaded.
2024-08-19 15:37:08,234 - elsapy.elsdoc - INFO - Module loaded.
2024-08-19 15:37:08,235 - elsapy.elssearch - INFO - Module loaded.
2024-08-19 15:37:43,123 - elsapy.elsclient - INFO - Module loaded.
2024-08-19 15:37:43,124 - elsapy.elsentity - INFO - Module loaded.
2024-08-19 15:37:43,124 - elsapy.utils - INFO - Module loaded.
2024-08-19 15:37:43,125 - elsapy.elsprofile - INFO - Module loaded.
2024-08-19 15:37:43,125 - elsapy.elsdoc - INFO - Module loaded.
2024-08-19 15:37:43,126 - elsapy.elssearch - INFO - Module loaded.
2024-08-19 15:46:58,459 - elsapy.elsclient - INFO - Module loaded.
2024-08-19 15:46:58,460 - elsapy.elsentity - INFO - Module loaded.
2024-08-19 15:46:58,461 - elsapy.utils - INFO - Module loaded.
2024-08-19 15:46:58,461 - elsapy.elsprofile - INFO - Module loaded.
2024-08-19 15:46:58,462 - elsapy.elsdoc - INFO - Module loaded.
2024-08-19 15:46:58,463 - elsapy.elssearch - INFO - Module loaded.
2024-08-19 15:57:58,509 - elsapy.elsclient - INFO - Module loaded.
2024-08-19 15:57:58,510 - elsapy.elsentity - INFO - Module loaded.
2024-08-19 15:57:58,510 - elsapy.utils - INFO - Module loaded.
2024-08-19 15:57:58,511 - elsapy.elsprofile - INFO - Module loaded.
2024-08-19 15:57:58,511 - elsapy.elsdoc - INFO - Module loaded.
2024-08-19 15:57:58,512 - elsapy.elssearch - INFO - Module loaded.
2024-08-19 16:07:12,872 - elsapy.elsclient - INFO - Module loaded.
2024-08-19 16:07:12,873 - elsapy.elsentity - INFO - Module loaded.
2024-08-19 16:07:12,874 - elsapy.utils - INFO - Module loaded.
2024-08-19 16:07:12,874 - elsapy.elsprofile - INFO - Module loaded.
2024-08-19 16:07:12,875 - elsapy.elsdoc - INFO - Module loaded.
2024-08-19 16:07:12,876 - elsapy.elssearch - INFO - Module loaded.
2024-08-19 16:10:11,022 - elsapy.elsclient - INFO - Module loaded.
2024-08-19 16:10:11,023 - elsapy.elsentity - INFO - Module loaded.
2024-08-19 16:10:11,023 - elsapy.utils - INFO - Module loaded.
2024-08-19 16:10:11,024 - elsapy.elsprofile - INFO - Module loaded.
2024-08-19 16:10:11,024 - elsapy.elsdoc - INFO - Module loaded.
2024-08-19 16:10:11,025 - elsapy.elssearch - INFO - Module loaded.
2024-08-19 16:18:13,117 - elsapy.elsclient - INFO - Module loaded.
2024-08-19 16:18:13,118 - elsapy.elsentity - INFO - Module loaded.
2024-08-19 16:18:13,119 - elsapy.utils - INFO - Module loaded.
2024-08-19 16:18:13,119 - elsapy.elsprofile - INFO - Module loaded.
2024-08-19 16:18:13,120 - elsapy.elsdoc - INFO - Module loaded.
2024-08-19 16:18:13,120 - elsapy.elssearch - INFO - Module loaded.
2024-08-19 16:21:41,321 - elsapy.elsclient - INFO - Module loaded.
2024-08-19 16:21:41,322 - elsapy.elsentity - INFO - Module loaded.
2024-08-19 16:21:41,322 - elsapy.utils - INFO - Module loaded.
2024-08-19 16:21:41,322 - elsapy.elsprofile - INFO - Module loaded.
2024-08-19 16:21:41,323 - elsapy.elsdoc - INFO - Module loaded.
2024-08-19 16:21:41,324 - elsapy.elssearch - INFO - Module loaded.
2024-08-19 16:24:36,781 - elsapy.elsclient - INFO - Module loaded.
2024-08-19 16:24:36,782 - elsapy.elsentity - INFO - Module loaded.
2024-08-19 16:24:36,782 - elsapy.utils - INFO - Module loaded.
2024-08-19 16:24:36,783 - elsapy.elsprofile - INFO - Module loaded.
2024-08-19 16:24:36,783 - elsapy.elsdoc - INFO - Module loaded.
2024-08-19 16:24:36,784 - elsapy.elssearch - INFO - Module loaded.
2024-08-19 16:32:47,402 - elsapy.elsclient - INFO - Module loaded.
2024-08-19 16:32:47,403 - elsapy.elsentity - INFO - Module loaded.
2024-08-19 16:32:47,403 - elsapy.utils - INFO - Module loaded.
2024-08-19 16:32:47,404 - elsapy.elsprofile - INFO - Module loaded.
2024-08-19 16:32:47,404 - elsapy.elsdoc - INFO - Module loaded.
2024-08-19 16:32:47,405 - elsapy.elssearch - INFO - Module loaded.
2024-08-19 17:20:14,746 - elsapy.elsclient - INFO - Module loaded.
2024-08-19 17:20:14,747 - elsapy.elsentity - INFO - Module loaded.
2024-08-19 17:20:14,747 - elsapy.utils - INFO - Module loaded.
2024-08-19 17:20:14,748 - elsapy.elsprofile - INFO - Module loaded.
2024-08-19 17:20:14,748 - elsapy.elsdoc - INFO - Module loaded.
2024-08-19 17:20:14,749 - elsapy.elssearch - INFO - Module loaded.
2024-08-19 17:25:19,093 - elsapy.elsclient - INFO - Module loaded.
2024-08-19 17:25:19,094 - elsapy.elsentity - INFO - Module loaded.
2024-08-19 17:25:19,095 - elsapy.utils - INFO - Module loaded.
2024-08-19 17:25:19,095 - elsapy.elsprofile - INFO - Module loaded.
2024-08-19 17:25:19,096 - elsapy.elsdoc - INFO - Module loaded.
2024-08-19 17:25:19,096 - elsapy.elssearch - INFO - Module loaded.
2024-08-19 17:26:20,585 - elsapy.elsclient - INFO - Module loaded.
2024-08-19 17:26:20,586 - elsapy.elsentity - INFO - Module loaded.
2024-08-19 17:26:20,587 - elsapy.utils - INFO - Module loaded.
2024-08-19 17:26:20,587 - elsapy.elsprofile - INFO - Module loaded.
2024-08-19 17:26:20,588 - elsapy.elsdoc - INFO - Module loaded.
2024-08-19 17:26:20,589 - elsapy.elssearch - INFO - Module loaded.
2024-08-19 17:37:31,775 - elsapy.elsclient - INFO - Module loaded.
2024-08-19 17:37:31,776 - elsapy.elsentity - INFO - Module loaded.
2024-08-19 17:37:31,776 - elsapy.utils - INFO - Module loaded.
2024-08-19 17:37:31,777 - elsapy.elsprofile - INFO - Module loaded.
2024-08-19 17:37:31,777 - elsapy.elsdoc - INFO - Module loaded.
2024-08-19 17:37:31,778 - elsapy.elssearch - INFO - Module loaded.
2024-08-19 17:41:24,032 - elsapy.elsclient - INFO - Module loaded.
2024-08-19 17:41:24,033 - elsapy.elsentity - INFO - Module loaded.
2024-08-19 17:41:24,034 - elsapy.utils - INFO - Module loaded.
2024-08-19 17:41:24,034 - elsapy.elsprofile - INFO - Module loaded.
2024-08-19 17:41:24,035 - elsapy.elsdoc - INFO - Module loaded.
2024-08-19 17:41:24,035 - elsapy.elssearch - INFO - Module loaded.
2024-08-19 17:45:05,211 - elsapy.elsclient - INFO - Module loaded.
2024-08-19 17:45:05,212 - elsapy.elsentity - INFO - Module loaded.
2024-08-19 17:45:05,213 - elsapy.utils - INFO - Module loaded.
2024-08-19 17:45:05,213 - elsapy.elsprofile - INFO - Module loaded.
2024-08-19 17:45:05,214 - elsapy.elsdoc - INFO - Module loaded.
2024-08-19 17:45:05,215 - elsapy.elssearch - INFO - Module loaded.
2024-08-19 18:05:02,146 - elsapy.elsclient - INFO - Module loaded.
2024-08-19 18:05:02,147 - elsapy.elsentity - INFO - Module loaded.
2024-08-19 18:05:02,148 - elsapy.utils - INFO - Module loaded.
2024-08-19 18:05:02,148 - elsapy.elsprofile - INFO - Module loaded.
2024-08-19 18:05:02,149 - elsapy.elsdoc - INFO - Module loaded.
2024-08-19 18:05:02,150 - elsapy.elssearch - INFO - Module loaded.
2024-08-19 18:05:49,304 - elsapy.elsclient - INFO - Module loaded.
2024-08-19 18:05:49,305 - elsapy.elsentity - INFO - Module loaded.
2024-08-19 18:05:49,306 - elsapy.utils - INFO - Module loaded.
2024-08-19 18:05:49,306 - elsapy.elsprofile - INFO - Module loaded.
2024-08-19 18:05:49,306 - elsapy.elsdoc - INFO - Module loaded.
2024-08-19 18:05:49,307 - elsapy.elssearch - INFO - Module loaded.
2024-08-19 18:08:59,768 - elsapy.elsclient - INFO - Module loaded.
2024-08-19 18:08:59,769 - elsapy.elsentity - INFO - Module loaded.
2024-08-19 18:08:59,770 - elsapy.utils - INFO - Module loaded.
2024-08-19 18:08:59,770 - elsapy.elsprofile - INFO - Module loaded.
2024-08-19 18:08:59,771 - elsapy.elsdoc - INFO - Module loaded.
2024-08-19 18:08:59,771 - elsapy.elssearch - INFO - Module loaded.
2024-08-19 18:11:02,631 - elsapy.elsclient - INFO - Module loaded.
2024-08-19 18:11:02,632 - elsapy.elsentity - INFO - Module loaded.
2024-08-19 18:11:02,632 - elsapy.utils - INFO - Module loaded.
2024-08-19 18:11:02,633 - elsapy.elsprofile - INFO - Module loaded.
2024-08-19 18:11:02,633 - elsapy.elsdoc - INFO - Module loaded.
2024-08-19 18:11:02,634 - elsapy.elssearch - INFO - Module loaded.
2024-08-19 18:11:27,294 - elsapy.elsclient - INFO - Module loaded.
2024-08-19 18:11:27,295 - elsapy.elsentity - INFO - Module loaded.
2024-08-19 18:11:27,296 - elsapy.utils - INFO - Module loaded.
2024-08-19 18:11:27,296 - elsapy.elsprofile - INFO - Module loaded.
2024-08-19 18:11:27,297 - elsapy.elsdoc - INFO - Module loaded.
2024-08-19 18:11:27,298 - elsapy.elssearch - INFO - Module loaded.
2024-08-19 18:11:49,129 - elsapy.elsclient - INFO - Module loaded.
2024-08-19 18:11:49,130 - elsapy.elsentity - INFO - Module loaded.
2024-08-19 18:11:49,131 - elsapy.utils - INFO - Module loaded.
2024-08-19 18:11:49,131 - elsapy.elsprofile - INFO - Module loaded.
2024-08-19 18:11:49,132 - elsapy.elsdoc - INFO - Module loaded.
2024-08-19 18:11:49,133 - elsapy.elssearch - INFO - Module loaded.
2024-08-19 18:12:01,852 - elsapy.elsclient - INFO - Module loaded.
2024-08-19 18:12:01,854 - elsapy.elsentity - INFO - Module loaded.
2024-08-19 18:12:01,854 - elsapy.utils - INFO - Module loaded.
2024-08-19 18:12:01,855 - elsapy.elsprofile - INFO - Module loaded.
2024-08-19 18:12:01,855 - elsapy.elsdoc - INFO - Module loaded.
2024-08-19 18:12:01,856 - elsapy.elssearch - INFO - Module loaded.
2024-08-19 18:12:25,978 - elsapy.elsclient - INFO - Module loaded.
2024-08-19 18:12:25,979 - elsapy.elsentity - INFO - Module loaded.
2024-08-19 18:12:25,980 - elsapy.utils - INFO - Module loaded.
2024-08-19 18:12:25,980 - elsapy.elsprofile - INFO - Module loaded.
2024-08-19 18:12:25,980 - elsapy.elsdoc - INFO - Module loaded.
2024-08-19 18:12:25,981 - elsapy.elssearch - INFO - Module loaded.
2024-08-19 18:13:01,016 - elsapy.elsclient - INFO - Module loaded.
2024-08-19 18:13:01,017 - elsapy.elsentity - INFO - Module loaded.
2024-08-19 18:13:01,018 - elsapy.utils - INFO - Module loaded.
2024-08-19 18:13:01,018 - elsapy.elsprofile - INFO - Module loaded.
2024-08-19 18:13:01,019 - elsapy.elsdoc - INFO - Module loaded.
2024-08-19 18:13:01,020 - elsapy.elssearch - INFO - Module loaded.
2024-08-19 18:17:03,659 - elsapy.elsclient - INFO - Module loaded.
2024-08-19 18:17:03,660 - elsapy.elsentity - INFO - Module loaded.
2024-08-19 18:17:03,661 - elsapy.utils - INFO - Module loaded.
2024-08-19 18:17:03,661 - elsapy.elsprofile - INFO - Module loaded.
2024-08-19 18:17:03,662 - elsapy.elsdoc - INFO - Module loaded.
2024-08-19 18:17:03,663 - elsapy.elssearch - INFO - Module loaded.
2024-08-19 18:17:25,810 - elsapy.elsclient - INFO - Module loaded.
2024-08-19 18:17:25,811 - elsapy.elsentity - INFO - Module loaded.
2024-08-19 18:17:25,812 - elsapy.utils - INFO - Module loaded.
2024-08-19 18:17:25,812 - elsapy.elsprofile - INFO - Module loaded.
2024-08-19 18:17:25,813 - elsapy.elsdoc - INFO - Module loaded.
2024-08-19 18:17:25,813 - elsapy.elssearch - INFO - Module loaded.
2024-08-19 18:18:02,300 - elsapy.elsclient - INFO - Module loaded.
2024-08-19 18:18:02,302 - elsapy.elsentity - INFO - Module loaded.
2024-08-19 18:18:02,302 - elsapy.utils - INFO - Module loaded.
2024-08-19 18:18:02,303 - elsapy.elsprofile - INFO - Module loaded.
2024-08-19 18:18:02,303 - elsapy.elsdoc - INFO - Module loaded.
2024-08-19 18:18:02,304 - elsapy.elssearch - INFO - Module loaded.
2024-08-19 18:19:40,495 - elsapy.elsclient - INFO - Module loaded.
2024-08-19 18:19:40,496 - elsapy.elsentity - INFO - Module loaded.
2024-08-19 18:19:40,497 - elsapy.utils - INFO - Module loaded.
2024-08-19 18:19:40,497 - elsapy.elsprofile - INFO - Module loaded.
2024-08-19 18:19:40,498 - elsapy.elsdoc - INFO - Module loaded.
2024-08-19 18:19:40,498 - elsapy.elssearch - INFO - Module loaded.
2024-08-19 18:20:29,625 - elsapy.elsclient - INFO - Module loaded.
2024-08-19 18:20:29,627 - elsapy.elsentity - INFO - Module loaded.
2024-08-19 18:20:29,627 - elsapy.utils - INFO - Module loaded.
2024-08-19 18:20:29,628 - elsapy.elsprofile - INFO - Module loaded.
2024-08-19 18:20:29,628 - elsapy.elsdoc - INFO - Module loaded.
2024-08-19 18:20:29,629 - elsapy.elssearch - INFO - Module loaded.
2024-08-19 18:21:02,756 - elsapy.elsclient - INFO - Module loaded.
2024-08-19 18:21:02,757 - elsapy.elsentity - INFO - Module loaded.
2024-08-19 18:21:02,758 - elsapy.utils - INFO - Module loaded.
2024-08-19 18:21:02,758 - elsapy.elsprofile - INFO - Module loaded.
2024-08-19 18:21:02,759 - elsapy.elsdoc - INFO - Module loaded.
2024-08-19 18:21:02,759 - elsapy.elssearch - INFO - Module loaded.
2024-08-19 18:23:43,476 - elsapy.elsclient - INFO - Module loaded.
2024-08-19 18:23:43,477 - elsapy.elsentity - INFO - Module loaded.
2024-08-19 18:23:43,477 - elsapy.utils - INFO - Module loaded.
2024-08-19 18:23:43,478 - elsapy.elsprofile - INFO - Module loaded.
2024-08-19 18:23:43,478 - elsapy.elsdoc - INFO - Module loaded.
2024-08-19 18:23:43,479 - elsapy.elssearch - INFO - Module loaded.
2024-08-19 18:24:44,602 - elsapy.elsclient - INFO - Module loaded.
2024-08-19 18:24:44,603 - elsapy.elsentity - INFO - Module loaded.
2024-08-19 18:24:44,603 - elsapy.utils - INFO - Module loaded.
2024-08-19 18:24:44,604 - elsapy.elsprofile - INFO - Module loaded.
2024-08-19 18:24:44,604 - elsapy.elsdoc - INFO - Module loaded.
2024-08-19 18:24:44,605 - elsapy.elssearch - INFO - Module loaded.
2024-08-19 18:25:59,400 - elsapy.elsclient - INFO - Module loaded.
2024-08-19 18:25:59,401 - elsapy.elsentity - INFO - Module loaded.
2024-08-19 18:25:59,402 - elsapy.utils - INFO - Module loaded.
2024-08-19 18:25:59,402 - elsapy.elsprofile - INFO - Module loaded.
2024-08-19 18:25:59,403 - elsapy.elsdoc - INFO - Module loaded.
2024-08-19 18:25:59,404 - elsapy.elssearch - INFO - Module loaded.
2024-08-19 18:32:53,839 - elsapy.elsclient - INFO - Module loaded.
2024-08-19 18:32:53,840 - elsapy.elsentity - INFO - Module loaded.
2024-08-19 18:32:53,841 - elsapy.utils - INFO - Module loaded.
2024-08-19 18:32:53,841 - elsapy.elsprofile - INFO - Module loaded.
2024-08-19 18:32:53,842 - elsapy.elsdoc - INFO - Module loaded.
2024-08-19 18:32:53,843 - elsapy.elssearch - INFO - Module loaded.
2024-08-19 18:34:23,735 - elsapy.elsclient - INFO - Module loaded.
2024-08-19 18:34:23,736 - elsapy.elsentity - INFO - Module loaded.
2024-08-19 18:34:23,737 - elsapy.utils - INFO - Module loaded.
2024-08-19 18:34:23,737 - elsapy.elsprofile - INFO - Module loaded.
2024-08-19 18:34:23,738 - elsapy.elsdoc - INFO - Module loaded.
2024-08-19 18:34:23,738 - elsapy.elssearch - INFO - Module loaded.
2024-08-19 18:36:00,088 - elsapy.elsclient - INFO - Module loaded.
2024-08-19 18:36:00,089 - elsapy.elsentity - INFO - Module loaded.
2024-08-19 18:36:00,090 - elsapy.utils - INFO - Module loaded.
2024-08-19 18:36:00,090 - elsapy.elsprofile - INFO - Module loaded.
2024-08-19 18:36:00,091 - elsapy.elsdoc - INFO - Module loaded.
2024-08-19 18:36:00,092 - elsapy.elssearch - INFO - Module loaded.
2024-08-19 18:37:22,124 - elsapy.elsclient - INFO - Module loaded.
2024-08-19 18:37:22,125 - elsapy.elsentity - INFO - Module loaded.
2024-08-19 18:37:22,125 - elsapy.utils - INFO - Module loaded.
2024-08-19 18:37:22,126 - elsapy.elsprofile - INFO - Module loaded.
2024-08-19 18:37:22,126 - elsapy.elsdoc - INFO - Module loaded.
2024-08-19 18:37:22,127 - elsapy.elssearch - INFO - Module loaded.
2024-08-19 18:41:07,614 - elsapy.elsclient - INFO - Module loaded.
2024-08-19 18:41:07,616 - elsapy.elsentity - INFO - Module loaded.
2024-08-19 18:41:07,616 - elsapy.utils - INFO - Module loaded.
2024-08-19 18:41:07,616 - elsapy.elsprofile - INFO - Module loaded.
2024-08-19 18:41:07,617 - elsapy.elsdoc - INFO - Module loaded.
2024-08-19 18:41:07,618 - elsapy.elssearch - INFO - Module loaded.
2024-08-19 18:44:43,426 - elsapy.elsclient - INFO - Module loaded.
2024-08-19 18:44:43,427 - elsapy.elsentity - INFO - Module loaded.
2024-08-19 18:44:43,428 - elsapy.utils - INFO - Module loaded.
2024-08-19 18:44:43,428 - elsapy.elsprofile - INFO - Module loaded.
2024-08-19 18:44:43,429 - elsapy.elsdoc - INFO - Module loaded.
2024-08-19 18:44:43,429 - elsapy.elssearch - INFO - Module loaded.
2024-08-19 19:16:10,524 - elsapy.elsclient - INFO - Module loaded.
2024-08-19 19:16:10,525 - elsapy.elsentity - INFO - Module loaded.
2024-08-19 19:16:10,526 - elsapy.utils - INFO - Module loaded.
2024-08-19 19:16:10,526 - elsapy.elsprofile - INFO - Module loaded.
2024-08-19 19:16:10,527 - elsapy.elsdoc - INFO - Module loaded.
2024-08-19 19:16:10,527 - elsapy.elssearch - INFO - Module loaded.
2024-08-19 19:17:43,113 - elsapy.elsclient - INFO - Module loaded.
2024-08-19 19:17:43,114 - elsapy.elsentity - INFO - Module loaded.
2024-08-19 19:17:43,114 - elsapy.utils - INFO - Module loaded.
2024-08-19 19:17:43,115 - elsapy.elsprofile - INFO - Module loaded.
2024-08-19 19:17:43,115 - elsapy.elsdoc - INFO - Module loaded.
2024-08-19 19:17:43,116 - elsapy.elssearch - INFO - Module loaded.
2024-08-19 19:17:57,628 - elsapy.elsclient - INFO - Module loaded.
2024-08-19 19:17:57,629 - elsapy.elsentity - INFO - Module loaded.
2024-08-19 19:17:57,630 - elsapy.utils - INFO - Module loaded.
2024-08-19 19:17:57,630 - elsapy.elsprofile - INFO - Module loaded.
2024-08-19 19:17:57,631 - elsapy.elsdoc - INFO - Module loaded.
2024-08-19 19:17:57,631 - elsapy.elssearch - INFO - Module loaded.
2024-08-19 19:19:01,431 - elsapy.elsclient - INFO - Module loaded.
2024-08-19 19:19:01,432 - elsapy.elsentity - INFO - Module loaded.
2024-08-19 19:19:01,433 - elsapy.utils - INFO - Module loaded.
2024-08-19 19:19:01,433 - elsapy.elsprofile - INFO - Module loaded.
2024-08-19 19:19:01,434 - elsapy.elsdoc - INFO - Module loaded.
2024-08-19 19:19:01,435 - elsapy.elssearch - INFO - Module loaded.
2024-08-19 19:20:21,081 - elsapy.elsclient - INFO - Module loaded.
2024-08-19 19:20:21,082 - elsapy.elsentity - INFO - Module loaded.
2024-08-19 19:20:21,083 - elsapy.utils - INFO - Module loaded.
2024-08-19 19:20:21,083 - elsapy.elsprofile - INFO - Module loaded.
2024-08-19 19:20:21,084 - elsapy.elsdoc - INFO - Module loaded.
2024-08-19 19:20:21,085 - elsapy.elssearch - INFO - Module loaded.
2024-08-19 19:22:14,120 - elsapy.elsclient - INFO - Module loaded.
2024-08-19 19:22:14,121 - elsapy.elsentity - INFO - Module loaded.
2024-08-19 19:22:14,122 - elsapy.utils - INFO - Module loaded.
2024-08-19 19:22:14,122 - elsapy.elsprofile - INFO - Module loaded.
2024-08-19 19:22:14,123 - elsapy.elsdoc - INFO - Module loaded.
2024-08-19 19:22:14,124 - elsapy.elssearch - INFO - Module loaded.
2024-08-19 19:23:29,532 - elsapy.elsclient - INFO - Module loaded.
2024-08-19 19:23:29,533 - elsapy.elsentity - INFO - Module loaded.
2024-08-19 19:23:29,533 - elsapy.utils - INFO - Module loaded.
2024-08-19 19:23:29,534 - elsapy.elsprofile - INFO - Module loaded.
2024-08-19 19:23:29,534 - elsapy.elsdoc - INFO - Module loaded.
2024-08-19 19:23:29,535 - elsapy.elssearch - INFO - Module loaded.
2024-08-19 19:25:27,895 - elsapy.elsclient - INFO - Module loaded.
2024-08-19 19:25:27,896 - elsapy.elsentity - INFO - Module loaded.
2024-08-19 19:25:27,897 - elsapy.utils - INFO - Module loaded.
2024-08-19 19:25:27,897 - elsapy.elsprofile - INFO - Module loaded.
2024-08-19 19:25:27,898 - elsapy.elsdoc - INFO - Module loaded.
2024-08-19 19:25:27,899 - elsapy.elssearch - INFO - Module loaded.
2024-08-19 19:41:27,680 - elsapy.elsclient - INFO - Module loaded.
2024-08-19 19:41:27,682 - elsapy.elsentity - INFO - Module loaded.
2024-08-19 19:41:27,682 - elsapy.utils - INFO - Module loaded.
2024-08-19 19:41:27,682 - elsapy.elsprofile - INFO - Module loaded.
2024-08-19 19:41:27,683 - elsapy.elsdoc - INFO - Module loaded.
2024-08-19 19:41:27,684 - elsapy.elssearch - INFO - Module loaded.
2024-08-19 19:43:15,684 - elsapy.elsclient - INFO - Module loaded.
2024-08-19 19:43:15,685 - elsapy.elsentity - INFO - Module loaded.
2024-08-19 19:43:15,686 - elsapy.utils - INFO - Module loaded.
2024-08-19 19:43:15,686 - elsapy.elsprofile - INFO - Module loaded.
2024-08-19 19:43:15,687 - elsapy.elsdoc - INFO - Module loaded.
2024-08-19 19:43:15,687 - elsapy.elssearch - INFO - Module loaded.
2024-08-19 19:45:03,870 - elsapy.elsclient - INFO - Module loaded.
2024-08-19 19:45:03,871 - elsapy.elsentity - INFO - Module loaded.
2024-08-19 19:45:03,871 - elsapy.utils - INFO - Module loaded.
2024-08-19 19:45:03,872 - elsapy.elsprofile - INFO - Module loaded.
2024-08-19 19:45:03,872 - elsapy.elsdoc - INFO - Module loaded.
2024-08-19 19:45:03,873 - elsapy.elssearch - INFO - Module loaded.
2024-08-19 19:45:26,313 - elsapy.elsclient - INFO - Module loaded.
2024-08-19 19:45:26,314 - elsapy.elsentity - INFO - Module loaded.
2024-08-19 19:45:26,315 - elsapy.utils - INFO - Module loaded.
2024-08-19 19:45:26,315 - elsapy.elsprofile - INFO - Module loaded.
2024-08-19 19:45:26,316 - elsapy.elsdoc - INFO - Module loaded.
2024-08-19 19:45:26,317 - elsapy.elssearch - INFO - Module loaded.
2024-08-19 19:45:49,258 - elsapy.elsclient - INFO - Module loaded.
2024-08-19 19:45:49,259 - elsapy.elsentity - INFO - Module loaded.
2024-08-19 19:45:49,260 - elsapy.utils - INFO - Module loaded.
2024-08-19 19:45:49,260 - elsapy.elsprofile - INFO - Module loaded.
2024-08-19 19:45:49,261 - elsapy.elsdoc - INFO - Module loaded.
2024-08-19 19:45:49,262 - elsapy.elssearch - INFO - Module loaded.
2024-08-19 19:46:09,921 - elsapy.elsclient - INFO - Module loaded.
2024-08-19 19:46:09,922 - elsapy.elsentity - INFO - Module loaded.
2024-08-19 19:46:09,923 - elsapy.utils - INFO - Module loaded.
2024-08-19 19:46:09,923 - elsapy.elsprofile - INFO - Module loaded.
2024-08-19 19:46:09,924 - elsapy.elsdoc - INFO - Module loaded.
2024-08-19 19:46:09,924 - elsapy.elssearch - INFO - Module loaded.
2024-08-19 19:46:24,124 - elsapy.elsclient - INFO - Module loaded.
2024-08-19 19:46:24,125 - elsapy.elsentity - INFO - Module loaded.
2024-08-19 19:46:24,126 - elsapy.utils - INFO - Module loaded.
2024-08-19 19:46:24,126 - elsapy.elsprofile - INFO - Module loaded.
2024-08-19 19:46:24,127 - elsapy.elsdoc - INFO - Module loaded.
2024-08-19 19:46:24,127 - elsapy.elssearch - INFO - Module loaded.
2024-08-19 19:46:44,106 - elsapy.elsclient - INFO - Module loaded.
2024-08-19 19:46:44,107 - elsapy.elsentity - INFO - Module loaded.
2024-08-19 19:46:44,107 - elsapy.utils - INFO - Module loaded.
2024-08-19 19:46:44,108 - elsapy.elsprofile - INFO - Module loaded.
2024-08-19 19:46:44,108 - elsapy.elsdoc - INFO - Module loaded.
2024-08-19 19:46:44,109 - elsapy.elssearch - INFO - Module loaded.
2024-08-19 19:49:36,570 - elsapy.elsclient - INFO - Module loaded.
2024-08-19 19:49:36,571 - elsapy.elsentity - INFO - Module loaded.
2024-08-19 19:49:36,572 - elsapy.utils - INFO - Module loaded.
2024-08-19 19:49:36,572 - elsapy.elsprofile - INFO - Module loaded.
2024-08-19 19:49:36,573 - elsapy.elsdoc - INFO - Module loaded.
2024-08-19 19:49:36,573 - elsapy.elssearch - INFO - Module loaded.
2024-08-19 19:50:54,923 - elsapy.elsclient - INFO - Module loaded.
2024-08-19 19:50:54,924 - elsapy.elsentity - INFO - Module loaded.
2024-08-19 19:50:54,925 - elsapy.utils - INFO - Module loaded.
2024-08-19 19:50:54,925 - elsapy.elsprofile - INFO - Module loaded.
2024-08-19 19:50:54,926 - elsapy.elsdoc - INFO - Module loaded.
2024-08-19 19:50:54,926 - elsapy.elssearch - INFO - Module loaded.
2024-08-19 19:53:19,004 - elsapy.elsclient - INFO - Module loaded.
2024-08-19 19:53:19,005 - elsapy.elsentity - INFO - Module loaded.
2024-08-19 19:53:19,006 - elsapy.utils - INFO - Module loaded.
2024-08-19 19:53:19,006 - elsapy.elsprofile - INFO - Module loaded.
2024-08-19 19:53:19,006 - elsapy.elsdoc - INFO - Module loaded.
2024-08-19 19:53:19,007 - elsapy.elssearch - INFO - Module loaded.
2024-08-19 20:18:33,345 - elsapy.elsclient - INFO - Module loaded.
2024-08-19 20:18:33,346 - elsapy.elsentity - INFO - Module loaded.
2024-08-19 20:18:33,347 - elsapy.utils - INFO - Module loaded.
2024-08-19 20:18:33,347 - elsapy.elsprofile - INFO - Module loaded.
2024-08-19 20:18:33,348 - elsapy.elsdoc - INFO - Module loaded.
2024-08-19 20:18:33,348 - elsapy.elssearch - INFO - Module loaded.
2024-08-19 20:22:55,198 - elsapy.elsclient - INFO - Module loaded.
2024-08-19 20:22:55,199 - elsapy.elsentity - INFO - Module loaded.
2024-08-19 20:22:55,200 - elsapy.utils - INFO - Module loaded.
2024-08-19 20:22:55,200 - elsapy.elsprofile - INFO - Module loaded.
2024-08-19 20:22:55,201 - elsapy.elsdoc - INFO - Module loaded.
2024-08-19 20:22:55,202 - elsapy.elssearch - INFO - Module loaded.
2024-08-19 20:24:48,031 - elsapy.elsclient - INFO - Module loaded.
2024-08-19 20:24:48,032 - elsapy.elsentity - INFO - Module loaded.
2024-08-19 20:24:48,033 - elsapy.utils - INFO - Module loaded.
2024-08-19 20:24:48,033 - elsapy.elsprofile - INFO - Module loaded.
2024-08-19 20:24:48,034 - elsapy.elsdoc - INFO - Module loaded.
2024-08-19 20:24:48,035 - elsapy.elssearch - INFO - Module loaded.
2024-08-19 20:27:07,569 - elsapy.elsclient - INFO - Module loaded.
2024-08-19 20:27:07,570 - elsapy.elsentity - INFO - Module loaded.
2024-08-19 20:27:07,571 - elsapy.utils - INFO - Module loaded.
2024-08-19 20:27:07,571 - elsapy.elsprofile - INFO - Module loaded.
2024-08-19 20:27:07,572 - elsapy.elsdoc - INFO - Module loaded.
2024-08-19 20:27:07,573 - elsapy.elssearch - INFO - Module loaded.
2024-08-19 20:30:35,838 - elsapy.elsclient - INFO - Module loaded.
2024-08-19 20:30:35,840 - elsapy.elsentity - INFO - Module loaded.
2024-08-19 20:30:35,840 - elsapy.utils - INFO - Module loaded.
2024-08-19 20:30:35,841 - elsapy.elsprofile - INFO - Module loaded.
2024-08-19 20:30:35,841 - elsapy.elsdoc - INFO - Module loaded.
2024-08-19 20:30:35,842 - elsapy.elssearch - INFO - Module loaded.
2024-08-19 20:33:58,546 - elsapy.elsclient - INFO - Module loaded.
2024-08-19 20:33:58,547 - elsapy.elsentity - INFO - Module loaded.
2024-08-19 20:33:58,547 - elsapy.utils - INFO - Module loaded.
2024-08-19 20:33:58,548 - elsapy.elsprofile - INFO - Module loaded.
2024-08-19 20:33:58,548 - elsapy.elsdoc - INFO - Module loaded.
2024-08-19 20:33:58,549 - elsapy.elssearch - INFO - Module loaded.
2024-08-19 20:36:29,412 - elsapy.elsclient - INFO - Module loaded.
2024-08-19 20:36:29,413 - elsapy.elsentity - INFO - Module loaded.
2024-08-19 20:36:29,414 - elsapy.utils - INFO - Module loaded.
2024-08-19 20:36:29,414 - elsapy.elsprofile - INFO - Module loaded.
2024-08-19 20:36:29,415 - elsapy.elsdoc - INFO - Module loaded.
2024-08-19 20:36:29,416 - elsapy.elssearch - INFO - Module loaded.
2024-08-19 20:36:50,909 - elsapy.elsclient - INFO - Module loaded.
2024-08-19 20:36:50,910 - elsapy.elsentity - INFO - Module loaded.
2024-08-19 20:36:50,911 - elsapy.utils - INFO - Module loaded.
2024-08-19 20:36:50,911 - elsapy.elsprofile - INFO - Module loaded.
2024-08-19 20:36:50,912 - elsapy.elsdoc - INFO - Module loaded.
2024-08-19 20:36:50,913 - elsapy.elssearch - INFO - Module loaded.
2024-08-19 20:37:07,872 - elsapy.elsclient - INFO - Module loaded.
2024-08-19 20:37:07,873 - elsapy.elsentity - INFO - Module loaded.
2024-08-19 20:37:07,873 - elsapy.utils - INFO - Module loaded.
2024-08-19 20:37:07,874 - elsapy.elsprofile - INFO - Module loaded.
2024-08-19 20:37:07,874 - elsapy.elsdoc - INFO - Module loaded.
2024-08-19 20:37:07,875 - elsapy.elssearch - INFO - Module loaded.
2024-08-19 20:37:18,911 - elsapy.elsclient - INFO - Module loaded.
2024-08-19 20:37:18,912 - elsapy.elsentity - INFO - Module loaded.
2024-08-19 20:37:18,913 - elsapy.utils - INFO - Module loaded.
2024-08-19 20:37:18,913 - elsapy.elsprofile - INFO - Module loaded.
2024-08-19 20:37:18,914 - elsapy.elsdoc - INFO - Module loaded.
2024-08-19 20:37:18,915 - elsapy.elssearch - INFO - Module loaded.
2024-08-19 20:44:32,514 - elsapy.elsclient - INFO - Module loaded.
2024-08-19 20:44:32,515 - elsapy.elsentity - INFO - Module loaded.
2024-08-19 20:44:32,516 - elsapy.utils - INFO - Module loaded.
2024-08-19 20:44:32,516 - elsapy.elsprofile - INFO - Module loaded.
2024-08-19 20:44:32,517 - elsapy.elsdoc - INFO - Module loaded.
2024-08-19 20:44:32,517 - elsapy.elssearch - INFO - Module loaded.
2024-08-19 20:45:25,585 - elsapy.elsclient - INFO - Module loaded.
2024-08-19 20:45:25,587 - elsapy.elsentity - INFO - Module loaded.
2024-08-19 20:45:25,587 - elsapy.utils - INFO - Module loaded.
2024-08-19 20:45:25,587 - elsapy.elsprofile - INFO - Module loaded.
2024-08-19 20:45:25,588 - elsapy.elsdoc - INFO - Module loaded.
2024-08-19 20:45:25,589 - elsapy.elssearch - INFO - Module loaded.
2024-08-19 20:45:53,545 - elsapy.elsclient - INFO - Module loaded.
2024-08-19 20:45:53,546 - elsapy.elsentity - INFO - Module loaded.
2024-08-19 20:45:53,547 - elsapy.utils - INFO - Module loaded.
2024-08-19 20:45:53,547 - elsapy.elsprofile - INFO - Module loaded.
2024-08-19 20:45:53,548 - elsapy.elsdoc - INFO - Module loaded.
2024-08-19 20:45:53,549 - elsapy.elssearch - INFO - Module loaded.
2024-08-19 20:46:05,259 - elsapy.elsclient - INFO - Module loaded.
2024-08-19 20:46:05,260 - elsapy.elsentity - INFO - Module loaded.
2024-08-19 20:46:05,261 - elsapy.utils - INFO - Module loaded.
2024-08-19 20:46:05,261 - elsapy.elsprofile - INFO - Module loaded.
2024-08-19 20:46:05,262 - elsapy.elsdoc - INFO - Module loaded.
2024-08-19 20:46:05,262 - elsapy.elssearch - INFO - Module loaded.
2024-08-19 21:34:03,849 - elsapy.elsclient - INFO - Module loaded.
2024-08-19 21:34:03,850 - elsapy.elsentity - INFO - Module loaded.
2024-08-19 21:34:03,851 - elsapy.utils - INFO - Module loaded.
2024-08-19 21:34:03,851 - elsapy.elsprofile - INFO - Module loaded.
2024-08-19 21:34:03,852 - elsapy.elsdoc - INFO - Module loaded.
2024-08-19 21:34:03,853 - elsapy.elssearch - INFO - Module loaded.
2024-08-19 21:34:27,766 - elsapy.elsclient - INFO - Module loaded.
2024-08-19 21:34:27,767 - elsapy.elsentity - INFO - Module loaded.
2024-08-19 21:34:27,768 - elsapy.utils - INFO - Module loaded.
2024-08-19 21:34:27,768 - elsapy.elsprofile - INFO - Module loaded.
2024-08-19 21:34:27,769 - elsapy.elsdoc - INFO - Module loaded.
2024-08-19 21:34:27,770 - elsapy.elssearch - INFO - Module loaded.
2024-08-19 21:34:38,426 - elsapy.elsclient - INFO - Module loaded.
2024-08-19 21:34:38,427 - elsapy.elsentity - INFO - Module loaded.
2024-08-19 21:34:38,428 - elsapy.utils - INFO - Module loaded.
2024-08-19 21:34:38,428 - elsapy.elsprofile - INFO - Module loaded.
2024-08-19 21:34:38,429 - elsapy.elsdoc - INFO - Module loaded.
2024-08-19 21:34:38,430 - elsapy.elssearch - INFO - Module loaded.
2024-08-19 21:36:45,374 - elsapy.elsclient - INFO - Module loaded.
2024-08-19 21:36:45,375 - elsapy.elsentity - INFO - Module loaded.
2024-08-19 21:36:45,376 - elsapy.utils - INFO - Module loaded.
2024-08-19 21:36:45,376 - elsapy.elsprofile - INFO - Module loaded.
2024-08-19 21:36:45,377 - elsapy.elsdoc - INFO - Module loaded.
2024-08-19 21:36:45,377 - elsapy.elssearch - INFO - Module loaded.
2024-08-19 21:37:42,132 - elsapy.elsclient - INFO - Module loaded.
2024-08-19 21:37:42,133 - elsapy.elsentity - INFO - Module loaded.
2024-08-19 21:37:42,134 - elsapy.utils - INFO - Module loaded.
2024-08-19 21:37:42,134 - elsapy.elsprofile - INFO - Module loaded.
2024-08-19 21:37:42,135 - elsapy.elsdoc - INFO - Module loaded.
2024-08-19 21:37:42,135 - elsapy.elssearch - INFO - Module loaded.
2024-08-19 21:38:40,724 - elsapy.elsclient - INFO - Module loaded.
2024-08-19 21:38:40,725 - elsapy.elsentity - INFO - Module loaded.
2024-08-19 21:38:40,726 - elsapy.utils - INFO - Module loaded.
2024-08-19 21:38:40,726 - elsapy.elsprofile - INFO - Module loaded.
2024-08-19 21:38:40,727 - elsapy.elsdoc - INFO - Module loaded.
2024-08-19 21:38:40,727 - elsapy.elssearch - INFO - Module loaded.
2024-08-19 21:39:54,069 - elsapy.elsclient - INFO - Module loaded.
2024-08-19 21:39:54,070 - elsapy.elsentity - INFO - Module loaded.
2024-08-19 21:39:54,071 - elsapy.utils - INFO - Module loaded.
2024-08-19 21:39:54,071 - elsapy.elsprofile - INFO - Module loaded.
2024-08-19 21:39:54,072 - elsapy.elsdoc - INFO - Module loaded.
2024-08-19 21:39:54,073 - elsapy.elssearch - INFO - Module loaded.
2024-08-19 21:41:13,590 - elsapy.elsclient - INFO - Module loaded.
2024-08-19 21:41:13,591 - elsapy.elsentity - INFO - Module loaded.
2024-08-19 21:41:13,592 - elsapy.utils - INFO - Module loaded.
2024-08-19 21:41:13,592 - elsapy.elsprofile - INFO - Module loaded.
2024-08-19 21:41:13,593 - elsapy.elsdoc - INFO - Module loaded.
2024-08-19 21:41:13,594 - elsapy.elssearch - INFO - Module loaded.
2024-08-19 21:41:51,802 - elsapy.elsclient - INFO - Module loaded.
2024-08-19 21:41:51,803 - elsapy.elsentity - INFO - Module loaded.
2024-08-19 21:41:51,804 - elsapy.utils - INFO - Module loaded.
2024-08-19 21:41:51,804 - elsapy.elsprofile - INFO - Module loaded.
2024-08-19 21:41:51,805 - elsapy.elsdoc - INFO - Module loaded.
2024-08-19 21:41:51,806 - elsapy.elssearch - INFO - Module loaded.
2024-08-19 21:42:47,387 - elsapy.elsclient - INFO - Module loaded.
2024-08-19 21:42:47,388 - elsapy.elsentity - INFO - Module loaded.
2024-08-19 21:42:47,389 - elsapy.utils - INFO - Module loaded.
2024-08-19 21:42:47,389 - elsapy.elsprofile - INFO - Module loaded.
2024-08-19 21:42:47,390 - elsapy.elsdoc - INFO - Module loaded.
2024-08-19 21:42:47,390 - elsapy.elssearch - INFO - Module loaded.
2024-08-19 21:43:17,960 - elsapy.elsclient - INFO - Module loaded.
2024-08-19 21:43:17,961 - elsapy.elsentity - INFO - Module loaded.
2024-08-19 21:43:17,961 - elsapy.utils - INFO - Module loaded.
2024-08-19 21:43:17,962 - elsapy.elsprofile - INFO - Module loaded.
2024-08-19 21:43:17,962 - elsapy.elsdoc - INFO - Module loaded.
2024-08-19 21:43:17,963 - elsapy.elssearch - INFO - Module loaded.
2024-08-19 21:43:26,151 - elsapy.elsclient - INFO - Module loaded.
2024-08-19 21:43:26,153 - elsapy.elsentity - INFO - Module loaded.
2024-08-19 21:43:26,153 - elsapy.utils - INFO - Module loaded.
2024-08-19 21:43:26,153 - elsapy.elsprofile - INFO - Module loaded.
2024-08-19 21:43:26,154 - elsapy.elsdoc - INFO - Module loaded.
2024-08-19 21:43:26,155 - elsapy.elssearch - INFO - Module loaded.
2024-08-19 21:48:32,548 - elsapy.elsclient - INFO - Module loaded.
2024-08-19 21:48:32,549 - elsapy.elsentity - INFO - Module loaded.
2024-08-19 21:48:32,549 - elsapy.utils - INFO - Module loaded.
2024-08-19 21:48:32,550 - elsapy.elsprofile - INFO - Module loaded.
2024-08-19 21:48:32,550 - elsapy.elsdoc - INFO - Module loaded.
2024-08-19 21:48:32,551 - elsapy.elssearch - INFO - Module loaded.
2024-08-19 21:49:09,283 - elsapy.elsclient - INFO - Module loaded.
2024-08-19 21:49:09,285 - elsapy.elsentity - INFO - Module loaded.
2024-08-19 21:49:09,285 - elsapy.utils - INFO - Module loaded.
2024-08-19 21:49:09,285 - elsapy.elsprofile - INFO - Module loaded.
2024-08-19 21:49:09,286 - elsapy.elsdoc - INFO - Module loaded.
2024-08-19 21:49:09,287 - elsapy.elssearch - INFO - Module loaded.
2024-08-19 21:49:39,133 - elsapy.elsclient - INFO - Module loaded.
2024-08-19 21:49:39,134 - elsapy.elsentity - INFO - Module loaded.
2024-08-19 21:49:39,134 - elsapy.utils - INFO - Module loaded.
2024-08-19 21:49:39,135 - elsapy.elsprofile - INFO - Module loaded.
2024-08-19 21:49:39,135 - elsapy.elsdoc - INFO - Module loaded.
2024-08-19 21:49:39,136 - elsapy.elssearch - INFO - Module loaded.
2024-08-19 21:50:18,371 - elsapy.elsclient - INFO - Module loaded.
2024-08-19 21:50:18,372 - elsapy.elsentity - INFO - Module loaded.
2024-08-19 21:50:18,372 - elsapy.utils - INFO - Module loaded.
2024-08-19 21:50:18,373 - elsapy.elsprofile - INFO - Module loaded.
2024-08-19 21:50:18,373 - elsapy.elsdoc - INFO - Module loaded.
2024-08-19 21:50:18,374 - elsapy.elssearch - INFO - Module loaded.
2024-08-19 21:51:26,900 - elsapy.elsclient - INFO - Module loaded.
2024-08-19 21:51:26,901 - elsapy.elsentity - INFO - Module loaded.
2024-08-19 21:51:26,902 - elsapy.utils - INFO - Module loaded.
2024-08-19 21:51:26,902 - elsapy.elsprofile - INFO - Module loaded.
2024-08-19 21:51:26,902 - elsapy.elsdoc - INFO - Module loaded.
2024-08-19 21:51:26,903 - elsapy.elssearch - INFO - Module loaded.
2024-08-19 21:51:52,490 - elsapy.elsclient - INFO - Module loaded.
2024-08-19 21:51:52,491 - elsapy.elsentity - INFO - Module loaded.
2024-08-19 21:51:52,491 - elsapy.utils - INFO - Module loaded.
2024-08-19 21:51:52,492 - elsapy.elsprofile - INFO - Module loaded.
2024-08-19 21:51:52,492 - elsapy.elsdoc - INFO - Module loaded.
2024-08-19 21:51:52,493 - elsapy.elssearch - INFO - Module loaded.
2024-08-19 21:55:24,905 - elsapy.elsclient - INFO - Module loaded.
2024-08-19 21:55:24,906 - elsapy.elsentity - INFO - Module loaded.
2024-08-19 21:55:24,907 - elsapy.utils - INFO - Module loaded.
2024-08-19 21:55:24,907 - elsapy.elsprofile - INFO - Module loaded.
2024-08-19 21:55:24,908 - elsapy.elsdoc - INFO - Module loaded.
2024-08-19 21:55:24,908 - elsapy.elssearch - INFO - Module loaded.
2024-08-19 21:56:17,528 - elsapy.elsclient - INFO - Module loaded.
2024-08-19 21:56:17,529 - elsapy.elsentity - INFO - Module loaded.
2024-08-19 21:56:17,529 - elsapy.utils - INFO - Module loaded.
2024-08-19 21:56:17,530 - elsapy.elsprofile - INFO - Module loaded.
2024-08-19 21:56:17,530 - elsapy.elsdoc - INFO - Module loaded.
2024-08-19 21:56:17,531 - elsapy.elssearch - INFO - Module loaded.
2024-08-19 21:56:52,043 - elsapy.elsclient - INFO - Module loaded.
2024-08-19 21:56:52,044 - elsapy.elsentity - INFO - Module loaded.
2024-08-19 21:56:52,045 - elsapy.utils - INFO - Module loaded.
2024-08-19 21:56:52,045 - elsapy.elsprofile - INFO - Module loaded.
2024-08-19 21:56:52,046 - elsapy.elsdoc - INFO - Module loaded.
2024-08-19 21:56:52,046 - elsapy.elssearch - INFO - Module loaded.
2024-08-19 21:57:14,032 - elsapy.elsclient - INFO - Module loaded.
2024-08-19 21:57:14,033 - elsapy.elsentity - INFO - Module loaded.
2024-08-19 21:57:14,034 - elsapy.utils - INFO - Module loaded.
2024-08-19 21:57:14,034 - elsapy.elsprofile - INFO - Module loaded.
2024-08-19 21:57:14,035 - elsapy.elsdoc - INFO - Module loaded.
2024-08-19 21:57:14,035 - elsapy.elssearch - INFO - Module loaded.
2024-08-19 21:57:49,976 - elsapy.elsclient - INFO - Module loaded.
2024-08-19 21:57:49,977 - elsapy.elsentity - INFO - Module loaded.
2024-08-19 21:57:49,978 - elsapy.utils - INFO - Module loaded.
2024-08-19 21:57:49,978 - elsapy.elsprofile - INFO - Module loaded.
2024-08-19 21:57:49,979 - elsapy.elsdoc - INFO - Module loaded.
2024-08-19 21:57:49,979 - elsapy.elssearch - INFO - Module loaded.
2024-08-19 21:58:11,399 - elsapy.elsclient - INFO - Module loaded.
2024-08-19 21:58:11,400 - elsapy.elsentity - INFO - Module loaded.
2024-08-19 21:58:11,401 - elsapy.utils - INFO - Module loaded.
2024-08-19 21:58:11,401 - elsapy.elsprofile - INFO - Module loaded.
2024-08-19 21:58:11,402 - elsapy.elsdoc - INFO - Module loaded.
2024-08-19 21:58:11,402 - elsapy.elssearch - INFO - Module loaded.
2024-08-19 21:58:46,234 - elsapy.elsclient - INFO - Module loaded.
2024-08-19 21:58:46,236 - elsapy.elsentity - INFO - Module loaded.
2024-08-19 21:58:46,236 - elsapy.utils - INFO - Module loaded.
2024-08-19 21:58:46,236 - elsapy.elsprofile - INFO - Module loaded.
2024-08-19 21:58:46,237 - elsapy.elsdoc - INFO - Module loaded.
2024-08-19 21:58:46,238 - elsapy.elssearch - INFO - Module loaded.
2024-08-19 22:01:52,537 - elsapy.elsclient - INFO - Module loaded.
2024-08-19 22:01:52,538 - elsapy.elsentity - INFO - Module loaded.
2024-08-19 22:01:52,539 - elsapy.utils - INFO - Module loaded.
2024-08-19 22:01:52,539 - elsapy.elsprofile - INFO - Module loaded.
2024-08-19 22:01:52,540 - elsapy.elsdoc - INFO - Module loaded.
2024-08-19 22:01:52,540 - elsapy.elssearch - INFO - Module loaded.
2024-08-19 22:04:21,237 - elsapy.elsclient - INFO - Module loaded.
2024-08-19 22:04:21,238 - elsapy.elsentity - INFO - Module loaded.
2024-08-19 22:04:21,239 - elsapy.utils - INFO - Module loaded.
2024-08-19 22:04:21,239 - elsapy.elsprofile - INFO - Module loaded.
2024-08-19 22:04:21,240 - elsapy.elsdoc - INFO - Module loaded.
2024-08-19 22:04:21,240 - elsapy.elssearch - INFO - Module loaded.
2024-08-19 22:11:07,343 - elsapy.elsclient - INFO - Module loaded.
2024-08-19 22:11:07,344 - elsapy.elsentity - INFO - Module loaded.
2024-08-19 22:11:07,344 - elsapy.utils - INFO - Module loaded.
2024-08-19 22:11:07,345 - elsapy.elsprofile - INFO - Module loaded.
2024-08-19 22:11:07,345 - elsapy.elsdoc - INFO - Module loaded.
2024-08-19 22:11:07,346 - elsapy.elssearch - INFO - Module loaded.
2024-08-19 22:13:05,042 - elsapy.elsclient - INFO - Module loaded.
2024-08-19 22:13:05,043 - elsapy.elsentity - INFO - Module loaded.
2024-08-19 22:13:05,044 - elsapy.utils - INFO - Module loaded.
2024-08-19 22:13:05,044 - elsapy.elsprofile - INFO - Module loaded.
2024-08-19 22:13:05,044 - elsapy.elsdoc - INFO - Module loaded.
2024-08-19 22:13:05,045 - elsapy.elssearch - INFO - Module loaded.
2024-08-19 22:15:41,751 - elsapy.elsclient - INFO - Module loaded.
2024-08-19 22:15:41,752 - elsapy.elsentity - INFO - Module loaded.
2024-08-19 22:15:41,753 - elsapy.utils - INFO - Module loaded.
2024-08-19 22:15:41,753 - elsapy.elsprofile - INFO - Module loaded.
2024-08-19 22:15:41,754 - elsapy.elsdoc - INFO - Module loaded.
2024-08-19 22:15:41,754 - elsapy.elssearch - INFO - Module loaded.
2024-08-19 22:35:14,691 - elsapy.elsclient - INFO - Module loaded.
2024-08-19 22:35:14,692 - elsapy.elsentity - INFO - Module loaded.
2024-08-19 22:35:14,693 - elsapy.utils - INFO - Module loaded.
2024-08-19 22:35:14,693 - elsapy.elsprofile - INFO - Module loaded.
2024-08-19 22:35:14,694 - elsapy.elsdoc - INFO - Module loaded.
2024-08-19 22:35:14,695 - elsapy.elssearch - INFO - Module loaded.
2024-08-19 22:36:52,915 - elsapy.elsclient - INFO - Module loaded.
2024-08-19 22:36:52,916 - elsapy.elsentity - INFO - Module loaded.
2024-08-19 22:36:52,917 - elsapy.utils - INFO - Module loaded.
2024-08-19 22:36:52,917 - elsapy.elsprofile - INFO - Module loaded.
2024-08-19 22:36:52,918 - elsapy.elsdoc - INFO - Module loaded.
2024-08-19 22:36:52,918 - elsapy.elssearch - INFO - Module loaded.
2024-08-19 22:38:47,731 - elsapy.elsclient - INFO - Module loaded.
2024-08-19 22:38:47,732 - elsapy.elsentity - INFO - Module loaded.
2024-08-19 22:38:47,732 - elsapy.utils - INFO - Module loaded.
2024-08-19 22:38:47,733 - elsapy.elsprofile - INFO - Module loaded.
2024-08-19 22:38:47,733 - elsapy.elsdoc - INFO - Module loaded.
2024-08-19 22:38:47,734 - elsapy.elssearch - INFO - Module loaded.
2024-08-19 22:42:01,405 - elsapy.elsclient - INFO - Module loaded.
2024-08-19 22:42:01,413 - elsapy.elsentity - INFO - Module loaded.
2024-08-19 22:42:01,415 - elsapy.utils - INFO - Module loaded.
2024-08-19 22:42:01,416 - elsapy.elsprofile - INFO - Module loaded.
2024-08-19 22:42:01,417 - elsapy.elsdoc - INFO - Module loaded.
2024-08-19 22:42:01,419 - elsapy.elssearch - INFO - Module loaded.
