2024-05-10 09:46:05,651 - elsapy.elsclient - INFO - Module loaded.
2024-05-10 09:46:05,653 - elsapy.elsentity - INFO - Module loaded.
2024-05-10 09:46:05,654 - elsapy.utils - INFO - Module loaded.
2024-05-10 09:46:05,654 - elsapy.elsprofile - INFO - Module loaded.
2024-05-10 09:46:05,655 - elsapy.elsdoc - INFO - Module loaded.
2024-05-10 09:46:05,657 - elsapy.elssearch - INFO - Module loaded.
2024-05-10 09:53:52,217 - elsapy.elsclient - INFO - Module loaded.
2024-05-10 09:53:52,218 - elsapy.elsentity - INFO - Module loaded.
2024-05-10 09:53:52,219 - elsapy.utils - INFO - Module loaded.
2024-05-10 09:53:52,220 - elsapy.elsprofile - INFO - Module loaded.
2024-05-10 09:53:52,221 - elsapy.elsdoc - INFO - Module loaded.
2024-05-10 09:53:52,221 - elsapy.elssearch - INFO - Module loaded.
2024-05-10 10:01:09,423 - elsapy.elsclient - INFO - Module loaded.
2024-05-10 10:01:09,425 - elsapy.elsentity - INFO - Module loaded.
2024-05-10 10:01:09,425 - elsapy.utils - INFO - Module loaded.
2024-05-10 10:01:09,426 - elsapy.elsprofile - INFO - Module loaded.
2024-05-10 10:01:09,427 - elsapy.elsdoc - INFO - Module loaded.
2024-05-10 10:01:09,428 - elsapy.elssearch - INFO - Module loaded.
2024-05-10 10:05:28,203 - elsapy.elsclient - INFO - Module loaded.
2024-05-10 10:05:28,204 - elsapy.elsentity - INFO - Module loaded.
2024-05-10 10:05:28,205 - elsapy.utils - INFO - Module loaded.
2024-05-10 10:05:28,206 - elsapy.elsprofile - INFO - Module loaded.
2024-05-10 10:05:28,207 - elsapy.elsdoc - INFO - Module loaded.
2024-05-10 10:05:28,208 - elsapy.elssearch - INFO - Module loaded.
2024-05-10 10:06:18,966 - elsapy.elsclient - INFO - Module loaded.
2024-05-10 10:06:18,967 - elsapy.elsentity - INFO - Module loaded.
2024-05-10 10:06:18,968 - elsapy.utils - INFO - Module loaded.
2024-05-10 10:06:18,968 - elsapy.elsprofile - INFO - Module loaded.
2024-05-10 10:06:18,969 - elsapy.elsdoc - INFO - Module loaded.
2024-05-10 10:06:18,970 - elsapy.elssearch - INFO - Module loaded.
2024-05-10 10:39:54,664 - elsapy.elsclient - INFO - Module loaded.
2024-05-10 10:39:54,666 - elsapy.elsentity - INFO - Module loaded.
2024-05-10 10:39:54,667 - elsapy.utils - INFO - Module loaded.
2024-05-10 10:39:54,667 - elsapy.elsprofile - INFO - Module loaded.
2024-05-10 10:39:54,668 - elsapy.elsdoc - INFO - Module loaded.
2024-05-10 10:39:54,670 - elsapy.elssearch - INFO - Module loaded.
