2024-07-11 00:09:50,696 - elsapy.elsclient - INFO - Module loaded.
2024-07-11 00:09:50,697 - elsapy.elsentity - INFO - Module loaded.
2024-07-11 00:09:50,698 - elsapy.utils - INFO - Module loaded.
2024-07-11 00:09:50,698 - elsapy.elsprofile - INFO - Module loaded.
2024-07-11 00:09:50,699 - elsapy.elsdoc - INFO - Module loaded.
2024-07-11 00:09:50,700 - elsapy.elssearch - INFO - Module loaded.
2024-07-11 10:26:26,493 - elsapy.elsclient - INFO - Module loaded.
2024-07-11 10:26:26,494 - elsapy.elsentity - INFO - Module loaded.
2024-07-11 10:26:26,495 - elsapy.utils - INFO - Module loaded.
2024-07-11 10:26:26,495 - elsapy.elsprofile - INFO - Module loaded.
2024-07-11 10:26:26,496 - elsapy.elsdoc - INFO - Module loaded.
2024-07-11 10:26:26,498 - elsapy.elssearch - INFO - Module loaded.
2024-07-11 10:26:46,460 - elsapy.elsclient - INFO - Module loaded.
2024-07-11 10:26:46,461 - elsapy.elsentity - INFO - Module loaded.
2024-07-11 10:26:46,462 - elsapy.utils - INFO - Module loaded.
2024-07-11 10:26:46,462 - elsapy.elsprofile - INFO - Module loaded.
2024-07-11 10:26:46,463 - elsapy.elsdoc - INFO - Module loaded.
2024-07-11 10:26:46,463 - elsapy.elssearch - INFO - Module loaded.
2024-07-11 10:38:30,634 - elsapy.elsclient - INFO - Module loaded.
2024-07-11 10:38:30,635 - elsapy.elsentity - INFO - Module loaded.
2024-07-11 10:38:30,636 - elsapy.utils - INFO - Module loaded.
2024-07-11 10:38:30,636 - elsapy.elsprofile - INFO - Module loaded.
2024-07-11 10:38:30,637 - elsapy.elsdoc - INFO - Module loaded.
2024-07-11 10:38:30,637 - elsapy.elssearch - INFO - Module loaded.
2024-07-11 10:48:03,135 - elsapy.elsclient - INFO - Module loaded.
2024-07-11 10:48:03,136 - elsapy.elsentity - INFO - Module loaded.
2024-07-11 10:48:03,136 - elsapy.utils - INFO - Module loaded.
2024-07-11 10:48:03,137 - elsapy.elsprofile - INFO - Module loaded.
2024-07-11 10:48:03,137 - elsapy.elsdoc - INFO - Module loaded.
2024-07-11 10:48:03,138 - elsapy.elssearch - INFO - Module loaded.
2024-07-11 10:48:50,984 - elsapy.elsclient - INFO - Module loaded.
2024-07-11 10:48:50,985 - elsapy.elsentity - INFO - Module loaded.
2024-07-11 10:48:50,985 - elsapy.utils - INFO - Module loaded.
2024-07-11 10:48:50,986 - elsapy.elsprofile - INFO - Module loaded.
2024-07-11 10:48:50,986 - elsapy.elsdoc - INFO - Module loaded.
2024-07-11 10:48:50,987 - elsapy.elssearch - INFO - Module loaded.
2024-07-11 10:53:14,758 - elsapy.elsclient - INFO - Module loaded.
2024-07-11 10:53:14,759 - elsapy.elsentity - INFO - Module loaded.
2024-07-11 10:53:14,760 - elsapy.utils - INFO - Module loaded.
2024-07-11 10:53:14,760 - elsapy.elsprofile - INFO - Module loaded.
2024-07-11 10:53:14,761 - elsapy.elsdoc - INFO - Module loaded.
2024-07-11 10:53:14,761 - elsapy.elssearch - INFO - Module loaded.
2024-07-11 10:56:50,816 - elsapy.elsclient - INFO - Module loaded.
2024-07-11 10:56:50,817 - elsapy.elsentity - INFO - Module loaded.
2024-07-11 10:56:50,818 - elsapy.utils - INFO - Module loaded.
2024-07-11 10:56:50,818 - elsapy.elsprofile - INFO - Module loaded.
2024-07-11 10:56:50,819 - elsapy.elsdoc - INFO - Module loaded.
2024-07-11 10:56:50,819 - elsapy.elssearch - INFO - Module loaded.
2024-07-11 11:02:29,453 - elsapy.elsclient - INFO - Module loaded.
2024-07-11 11:02:29,455 - elsapy.elsentity - INFO - Module loaded.
2024-07-11 11:02:29,455 - elsapy.utils - INFO - Module loaded.
2024-07-11 11:02:29,455 - elsapy.elsprofile - INFO - Module loaded.
2024-07-11 11:02:29,456 - elsapy.elsdoc - INFO - Module loaded.
2024-07-11 11:02:29,457 - elsapy.elssearch - INFO - Module loaded.
2024-07-11 11:03:57,425 - elsapy.elsclient - INFO - Module loaded.
2024-07-11 11:03:57,426 - elsapy.elsentity - INFO - Module loaded.
2024-07-11 11:03:57,427 - elsapy.utils - INFO - Module loaded.
2024-07-11 11:03:57,427 - elsapy.elsprofile - INFO - Module loaded.
2024-07-11 11:03:57,428 - elsapy.elsdoc - INFO - Module loaded.
2024-07-11 11:03:57,428 - elsapy.elssearch - INFO - Module loaded.
